===file:sqls_mixed/syntax/identifiers.sql, id:4, sql:[unlock tables]===
dble:[[]]
===file:sqls_mixed/syntax/identifiers.sql, id:6, sql:[create table `select`(id int(20))]===
dble:[[]]
===file:sqls_mixed/syntax/identifiers.sql, id:7, sql:[insert into `select` values(1)]===
dble:[[]]
===file:sqls_mixed/syntax/identifiers.sql, id:8, sql:[select id from `select` where `select`.id = 1]===
dble:[[(1L,)]]
===file:sqls_mixed/syntax/identifiers.sql, id:9, sql:[drop table `select`]===
dble:[[]]
===file:sqls_mixed/syntax/identifiers.sql, id:11, sql:[set sql_mode='ANSI_QUOTES']===
dble:[[]]
===file:sqls_mixed/syntax/identifiers.sql, id:12, sql:[select 'hello dble']===
dble:[[('hello dble',)]]
===file:sqls_mixed/syntax/identifiers.sql, id:13, sql:[select 1 AS `one`, 2 AS 'two', 3 as "three"]===
dble:[[(1L, 2L, 3L)]]
===file:sqls_mixed/syntax/identifiers.sql, id:14, sql:[create table `tb1` (col INT)]===
dble:[[]]
===file:sqls_mixed/syntax/identifiers.sql, id:16, sql:[drop table if exists `tb1`]===
dble:[[]]
===file:sqls_mixed/syntax/identifiers.sql, id:17, sql:[drop table if exists "tb2"]===
dble:[[]]
===file:sqls_mixed/syntax/identifiers.sql, id:19, sql:[create table schema1.abcdefghijklmnopqrstuvwxyzabcdefghijklmnopqrstuvwxyzabcdefghijkl(id int)]===
dble:[[]]
===file:sqls_mixed/syntax/identifiers.sql, id:20, sql:[drop table if exists schema1.abcdefghijklmnopqrstuvwxyzabcdefghijklmnopqrstuvwxyzabcdefghijkl]===
dble:[[]]
===file:sqls_mixed/syntax/identifiers.sql, id:21, sql:[drop table if exists sharding_4_t1]===
dble:[[]]
===file:sqls_mixed/syntax/identifiers.sql, id:22, sql:[create table sharding_4_t1(id int(8))]===
dble:[[]]
===file:sqls_mixed/syntax/identifiers.sql, id:23, sql:[alter table sharding_4_t1 add abcdefghijklmnopqrstuvwxyzabcdefghijklmnopqrstuvwxyzabcdefghijkl varchar(10)]===
dble:[[]]
===file:sqls_mixed/syntax/identifiers.sql, id:24, sql:[create index abcdefghijklmnopqrstuvwxyzabcdefghijklmnopqrstuvwxyzabcdefghijkl on sharding_4_t1(id)]===
dble:[[]]
===file:sqls_mixed/syntax/identifiers.sql, id:25, sql:[drop index abcdefghijklmnopqrstuvwxyzabcdefghijklmnopqrstuvwxyzabcdefghijkl on sharding_4_t1]===
dble:[[]]
===file:sqls_mixed/syntax/identifiers.sql, id:26, sql:[drop table if exists parent]===
dble:[[]]
===file:sqls_mixed/syntax/identifiers.sql, id:27, sql:[drop table if exists child]===
dble:[[]]
===file:sqls_mixed/syntax/identifiers.sql, id:28, sql:[CREATE TABLE parent (id INT NOT NULL,PRIMARY KEY (id)) ENGINE=INNODB]===
dble:[[]]
===file:sqls_mixed/syntax/identifiers.sql, id:29, sql:[CREATE TABLE child (id INT, parent_id INT,INDEX par_ind (parent_id)) ENGINE=INNODB]===
dble:[[]]
===file:sqls_mixed/syntax/identifiers.sql, id:30, sql:[create view abcdefghijklmnopqrstuvwxyzabcdefghijklmnopqrstuvwxyzabcdefghijkl as select * from sharding_4_t1]===
dble:[[]]
===file:sqls_mixed/syntax/identifiers.sql, id:31, sql:[drop view abcdefghijklmnopqrstuvwxyzabcdefghijklmnopqrstuvwxyzabcdefghijkl]===
dble:[[]]
===file:sqls_mixed/syntax/identifiers.sql, id:34, sql:[select 1 as abcdefghijklmnopqrstuvwxyzabcdefghijklmnopqrstuvwxyzabcdefghijklabcdefghijklmnopqrstuvwxyzabcdefghijklmnopqrstuvwxyzabcdefghijklabcdefghijklmnopqrstuvwxyzabcdefghijklmnopqrstuvwxyzabcdefghijklabcdefghijklmnopqrstuvwxyzabcdefghijklmnopqrstuvwxyzabcdefghijkl]===
dble:[[(1L,)]]
===file:sqls_mixed/syntax/identifiers.sql, id:35, sql:[select 2 as abcdefghijklmnopqrstuvwxyzabcdefghijklmnopqrstuvwxyzabcdefghijklabcdefghijklmnopqrstuvwxyzabcdefghijklmnopqrstuvwxyzabcdefghijklabcdefghijklmnopqrstuvwxyzabcdefghijklmnopqrstuvwxyzabcdefghijklabcdefghijklmnopqrstuvwxyzabcdefghijklmnopqrstuvwxyzabcdefghijklm]===
dble:[[(2L,)]]
===file:sqls_mixed/syntax/identifiers.sql, id:36, sql:[set @abcdefghijklmnopqrstuvwxyzabcdefghijklmnopqrstuvwxyzabcdefghijkl='schema1']===
dble:[[]]
===file:sqls_mixed/syntax/identifiers.sql, id:39, sql:[select id from sharding_4_t1]===
dble:[[]]
===file:sqls_mixed/syntax/identifiers.sql, id:40, sql:[select sharding_4_t1.id from sharding_4_t1]===
dble:[[]]
===file:sqls_mixed/syntax/identifiers.sql, id:41, sql:[select `sharding_4_t1`.`id` from sharding_4_t1]===
dble:[[]]
===file:sqls_mixed/syntax/identifiers.sql, id:42, sql:[select sharding_4_t1.`id` from sharding_4_t1]===
dble:[[]]
===file:sqls_mixed/syntax/identifiers.sql, id:43, sql:[select schema1.sharding_4_t1.id from sharding_4_t1]===
dble:[[]]
===file:sqls_mixed/syntax/identifiers.sql, id:44, sql:[select `schema1`.`sharding_4_t1`.`id` from sharding_4_t1]===
dble:[[]]
===file:sqls_mixed/syntax/identifiers.sql, id:46, sql:[drop table sharding_4_t1]===
dble:[[]]
===file:sqls_mixed/syntax/identifiers.sql, id:48, sql:[drop table if EXISTS ADDDATE]===
dble:[[]]
===file:sqls_mixed/syntax/identifiers.sql, id:49, sql:[create table ADDDATE (i int)]===
dble:[[]]
===file:sqls_mixed/syntax/identifiers.sql, id:50, sql:[drop table if EXISTS BIT_AND]===
dble:[[]]
===file:sqls_mixed/syntax/identifiers.sql, id:52, sql:[drop table if EXISTS BIT_OR]===
dble:[[]]
===file:sqls_mixed/syntax/identifiers.sql, id:54, sql:[drop table if EXISTS BIT_XOR]===
dble:[[]]
===file:sqls_mixed/syntax/identifiers.sql, id:58, sql:[drop table if EXISTS CURDATE]===
dble:[[]]
===file:sqls_mixed/syntax/identifiers.sql, id:60, sql:[drop table if EXISTS CURTIME]===
dble:[[]]
===file:sqls_mixed/syntax/identifiers.sql, id:62, sql:[drop table if EXISTS DATE_ADD]===
dble:[[]]
===file:sqls_mixed/syntax/identifiers.sql, id:64, sql:[drop table if EXISTS DATE_SUB]===
dble:[[]]
===file:sqls_mixed/syntax/identifiers.sql, id:66, sql:[drop table if EXISTS EXTRACT]===
dble:[[]]
===file:sqls_mixed/syntax/identifiers.sql, id:68, sql:[drop table if EXISTS GROUP_CONCAT]===
dble:[[]]
===file:sqls_mixed/syntax/identifiers.sql, id:70, sql:[drop table if EXISTS MAX]===
dble:[[]]
===file:sqls_mixed/syntax/identifiers.sql, id:72, sql:[drop table if EXISTS MID]===
dble:[[]]
===file:sqls_mixed/syntax/identifiers.sql, id:74, sql:[drop table if EXISTS MIN]===
dble:[[]]
===file:sqls_mixed/syntax/identifiers.sql, id:76, sql:[drop table if EXISTS NOW]===
dble:[[]]
===file:sqls_mixed/syntax/identifiers.sql, id:78, sql:[drop table if EXISTS POSITION]===
dble:[[]]
===file:sqls_mixed/syntax/identifiers.sql, id:80, sql:[drop table if EXISTS SESSION_USER]===
dble:[[]]
===file:sqls_mixed/syntax/identifiers.sql, id:81, sql:[create table SESSION_USER (i int)]===
dble:[[]]
===file:sqls_mixed/syntax/identifiers.sql, id:82, sql:[drop table if EXISTS STD]===
dble:[[]]
===file:sqls_mixed/syntax/identifiers.sql, id:84, sql:[drop table if EXISTS STDDEV]===
dble:[[]]
===file:sqls_mixed/syntax/identifiers.sql, id:86, sql:[drop table if EXISTS STDDEV_POP]===
dble:[[]]
===file:sqls_mixed/syntax/identifiers.sql, id:88, sql:[drop table if EXISTS STDDEV_SAMP]===
dble:[[]]
===file:sqls_mixed/syntax/identifiers.sql, id:90, sql:[drop table if EXISTS SUBDATE]===
dble:[[]]
===file:sqls_mixed/syntax/identifiers.sql, id:91, sql:[create table SUBDATE (i int)]===
dble:[[]]
===file:sqls_mixed/syntax/identifiers.sql, id:92, sql:[drop table if EXISTS SUBSTR]===
dble:[[]]
===file:sqls_mixed/syntax/identifiers.sql, id:94, sql:[drop table if EXISTS SUBSTRING]===
dble:[[]]
===file:sqls_mixed/syntax/identifiers.sql, id:96, sql:[drop table if EXISTS SUM]===
dble:[[]]
===file:sqls_mixed/syntax/identifiers.sql, id:98, sql:[drop table if EXISTS SYSDATE]===
dble:[[]]
===file:sqls_mixed/syntax/identifiers.sql, id:100, sql:[drop table if EXISTS SYSTEM_USER]===
dble:[[]]
===file:sqls_mixed/syntax/identifiers.sql, id:101, sql:[create table SYSTEM_USER (i int)]===
dble:[[]]
===file:sqls_mixed/syntax/identifiers.sql, id:102, sql:[drop table if EXISTS TRIM]===
dble:[[]]
===file:sqls_mixed/syntax/identifiers.sql, id:104, sql:[drop table if EXISTS VARIANCE]===
dble:[[]]
===file:sqls_mixed/syntax/identifiers.sql, id:106, sql:[drop table if EXISTS VAR_POP]===
dble:[[]]
===file:sqls_mixed/syntax/identifiers.sql, id:108, sql:[drop table if EXISTS VAR_SAMP]===
dble:[[]]
===file:sqls_mixed/syntax/identifiers.sql, id:110, sql:[drop table if EXISTS ADDDATE]===
dble:[[]]
===file:sqls_mixed/syntax/identifiers.sql, id:111, sql:[create table ADDDATE(i int)]===
dble:[[]]
===file:sqls_mixed/syntax/identifiers.sql, id:112, sql:[drop table if EXISTS count]===
dble:[[]]
===file:sqls_mixed/syntax/identifiers.sql, id:113, sql:[create table `count`(id int)]===
dble:[[]]
===file:sqls_mixed/syntax/identifiers.sql, id:114, sql:[SELECT COUNT(*) FROM count]===
dble:[[(0L,)]]
===file:sqls_mixed/syntax/identifiers.sql, id:115, sql:[drop table if EXISTS ascii]===
dble:[[]]
===file:sqls_mixed/syntax/identifiers.sql, id:116, sql:[create table ascii(i INT)]===
dble:[[]]
===file:sqls_mixed/syntax/identifiers.sql, id:117, sql:[drop table ascii]===
dble:[[]]
===file:sqls_mixed/syntax/identifiers.sql, id:118, sql:[create table ascii (i INT)]===
dble:[[]]
===file:sqls_mixed/syntax/identifiers.sql, id:119, sql:[drop table ascii]===
dble:[[]]
===file:sqls_mixed/syntax/identifiers.sql, id:121, sql:[SET sql_mode = 'IGNORE_SPACE']===
dble:[[]]
===file:sqls_mixed/syntax/identifiers.sql, id:122, sql:[drop table if exists count]===
dble:[[]]
===file:sqls_mixed/syntax/identifiers.sql, id:123, sql:[create table `count`(id int)]===
dble:[[]]
===file:sqls_mixed/syntax/identifiers.sql, id:124, sql:[drop table if exists count]===
dble:[[]]
===file:sqls_mixed/syntax/identifiers.sql, id:126, sql:[drop table if exists `interval`]===
dble:[[]]
===file:sqls_mixed/syntax/identifiers.sql, id:131, sql:[drop table if exists t]===
dble:[[]]
===file:sqls_mixed/syntax/identifiers.sql, id:132, sql:[create table t(c1 int)]===
dble:[[]]
===file:sqls_mixed/syntax/identifiers.sql, id:133, sql:[insert into t values(1),(2),(3)]===
dble:[[]]
===file:sqls_mixed/syntax/identifiers.sql, id:134, sql:[SET @c = "c1"]===
dble:[[]]
===file:sqls_mixed/syntax/identifiers.sql, id:135, sql:[SET @s = CONCAT("SELECT ", @c, " FROM t")]===
dble:[[]]
===file:sqls_mixed/syntax/identifiers.sql, id:136, sql:[PREPARE stmt FROM @s]===
dble:[[]]
===file:sqls_mixed/syntax/identifiers.sql, id:138, sql:[DEALLOCATE PREPARE stmt]===
dble:[[]]
===file:sqls_mixed/syntax/identifiers.sql, id:140, sql:[set sql_mode=PIPES_AS_CONCAT]===
dble:[[]]
===file:sqls_mixed/syntax/identifiers.sql, id:141, sql:[select 'a'||'b']===
dble:[[('ab',)]]
===file:sqls_mixed/syntax/identifiers.sql, id:142, sql:[select not ! 1]===
dble:[[(1L,)]]
===file:sqls_mixed/syntax/identifiers.sql, id:144, sql:[set sql_mode=HIGH_NOT_PRECEDENCE]===
dble:[[]]
===file:sqls_mixed/syntax/identifiers.sql, id:145, sql:[select ! not 1]===
dble:[[(1L,)]]
===file:sqls_mixed/syntax/identifiers.sql, id:146, sql:[select not ! 1]===
dble:[[(1L,)]]
===file:sqls_mixed/syntax/identifiers.sql, id:149, sql:[drop table if exists `drop`]===
dble:[[]]
