===file:syntax/loaddata.sql, id:2, sql:[drop table if exists aly_test]===
dble:[[]]
===file:syntax/loaddata.sql, id:3, sql:[create table aly_test(id int, c1 char(30), c2 bool, c3 binary, c4 float,c5 datetime)ENGINE=InnoDB DEFAULT CHARSET=utf8]===
dble:[[]]
===file:syntax/loaddata.sql, id:5, sql:[load data local infile "./test1.txt" into table aly_test fields terminated by ',' lines terminated by '\n']===
dble:[[]]
===file:syntax/loaddata.sql, id:6, sql:[select * from aly_test order by id]===
dble:[()]
===file:syntax/loaddata.sql, id:7, sql:[truncate table aly_test]===
dble:[[]]
===file:syntax/loaddata.sql, id:8, sql:[load data infile "./test1.txt" into table aly_test fields terminated by ',' lines terminated by '\n']===
dble:[[]]
===file:syntax/loaddata.sql, id:9, sql:[select * from aly_test order by id]===
dble:[()]
===file:syntax/loaddata.sql, id:10, sql:[truncate table aly_test]===
dble:[[]]
===file:syntax/loaddata.sql, id:12, sql:[load data local infile "./test2.txt" into table aly_test fields terminated by ',' lines terminated by '\n']===
dble:[[]]
===file:syntax/loaddata.sql, id:13, sql:[select * from aly_test order by id]===
dble:[()]
===file:syntax/loaddata.sql, id:14, sql:[truncate table aly_test]===
dble:[[]]
===file:syntax/loaddata.sql, id:15, sql:[load data infile "./test2.txt" into table aly_test fields terminated by ',' lines terminated by '\n']===
dble:[[]]
===file:syntax/loaddata.sql, id:16, sql:[select * from aly_test order by id]===
dble:[()]
===file:syntax/loaddata.sql, id:17, sql:[truncate table aly_test]===
dble:[[]]
===file:syntax/loaddata.sql, id:19, sql:[load data local infile "./test3.txt" into table aly_test character set 'utf8' fields terminated by ',' lines terminated by '\n']===
dble:[[]]
===file:syntax/loaddata.sql, id:21, sql:[truncate table aly_test]===
dble:[[]]
===file:syntax/loaddata.sql, id:22, sql:[load data infile "./test3.txt" into table aly_test character set 'utf8' fields terminated by ',' lines terminated by '\n']===
dble:[[]]
===file:syntax/loaddata.sql, id:25, sql:[drop table if exists aly_test]===
dble:[[]]
===file:syntax/loaddata.sql, id:26, sql:[create table aly_test(id int, c1 char(5), c2 char(5), c3 char(5));]===
dble:[[]]
===file:syntax/loaddata.sql, id:27, sql:[load data infile "./test4.txt" replace into table aly_test fields terminated by ',' lines terminated by '\n' (id,c1) set c2='c2', c3='c3';]===
dble:[[]]
