===file:sqls_util/transaction/trx_syntax.sql, id:104, sql:[begin work]===
dble:[None]
mysql:[()]
[03:20:53.867337]dble err :(1064, "syntax error, error in :'egin work', expect IDENTIFIER, actual IDENTIFIER pos 10, line 1, column 11, token IDENTIFIER work")
===file:sqls_util/transaction/trx_syntax.sql, id:116, sql:[begin work]===
dble:[None]
mysql:[()]
[03:20:54.811366]dble err :(1064, "syntax error, error in :'egin work', expect IDENTIFIER, actual IDENTIFIER pos 10, line 1, column 11, token IDENTIFIER work")
===file:sqls_util/transaction/trx_syntax.sql, id:121, sql:[select * from test1 order by id]===
dble:[((1L, 1L, '1', 1L),)]
mysql:[()]
===file:sqls_util/transaction/trx_syntax.sql, id:124, sql:[select * from test1 order by id]===
dble:[((1L, 1L, '1', 10L),)]
mysql:[()]
===file:sqls_util/transaction/trx_syntax.sql, id:128, sql:[begin work]===
dble:[None]
mysql:[()]
[03:20:55.631434]dble err :(1064, "syntax error, error in :'egin work', expect IDENTIFIER, actual IDENTIFIER pos 10, line 1, column 11, token IDENTIFIER work")
===file:sqls_util/transaction/trx_syntax.sql, id:140, sql:[begin work]===
dble:[None]
mysql:[()]
[03:20:56.274860]dble err :(1064, "syntax error, error in :'egin work', expect IDENTIFIER, actual IDENTIFIER pos 10, line 1, column 11, token IDENTIFIER work")
===file:sqls_util/transaction/trx_syntax.sql, id:145, sql:[select * from test1 order by id]===
dble:[((1L, 1L, '1', 1L), (2L, 2L, '2', 2L))]
mysql:[()]
===file:sqls_util/transaction/trx_syntax.sql, id:148, sql:[select * from test1 order by id]===
dble:[((1L, 1L, '1', 10L), (2L, 2L, '2', 10L))]
mysql:[()]
===file:sqls_util/transaction/trx_syntax.sql, id:152, sql:[begin work]===
dble:[None]
mysql:[()]
[03:20:56.983588]dble err :(1064, "syntax error, error in :'egin work', expect IDENTIFIER, actual IDENTIFIER pos 10, line 1, column 11, token IDENTIFIER work")
===file:sqls_util/transaction/trx_syntax.sql, id:164, sql:[begin work]===
dble:[None]
mysql:[()]
[03:20:57.675871]dble err :(1064, "syntax error, error in :'egin work', expect IDENTIFIER, actual IDENTIFIER pos 10, line 1, column 11, token IDENTIFIER work")
===file:sqls_util/transaction/trx_syntax.sql, id:169, sql:[select * from test1 order by id]===
dble:[((1L, 1L, '1', 1L), (2L, 2L, '2', 2L), (3L, 3L, '3', 3L))]
mysql:[()]
===file:sqls_util/transaction/trx_syntax.sql, id:172, sql:[select * from test1 order by id]===
dble:[((1L, 1L, '1', 10L), (2L, 2L, '2', 10L), (3L, 3L, '3', 10L))]
mysql:[()]
===file:sqls_util/transaction/trx_syntax.sql, id:176, sql:[begin work]===
dble:[None]
mysql:[()]
[03:20:58.328283]dble err :(1064, "syntax error, error in :'egin work', expect IDENTIFIER, actual IDENTIFIER pos 10, line 1, column 11, token IDENTIFIER work")
===file:sqls_util/transaction/trx_syntax.sql, id:188, sql:[begin work]===
dble:[None]
mysql:[()]
[03:20:58.948007]dble err :(1064, "syntax error, error in :'egin work', expect IDENTIFIER, actual IDENTIFIER pos 10, line 1, column 11, token IDENTIFIER work")
===file:sqls_util/transaction/trx_syntax.sql, id:193, sql:[select * from test1 order by id]===
dble:[((1L, 1L, '1', 1L), (2L, 2L, '2', 2L), (3L, 3L, '3', 3L), (4L, 4L, '4', 4L))]
mysql:[()]
===file:sqls_util/transaction/trx_syntax.sql, id:196, sql:[select * from test1 order by id]===
dble:[((1L, 1L, '1', 10L), (2L, 2L, '2', 10L), (3L, 3L, '3', 10L), (4L, 4L, '4', 10L))]
mysql:[()]
===file:sqls_util/transaction/trx_syntax.sql, id:504, sql:[start transaction read write]===
dble:[None]
mysql:[()]
[03:21:19.062521]dble err :(1003, 'Unsupported statement')
===file:sqls_util/transaction/trx_syntax.sql, id:509, sql:[start transaction read write]===
dble:[None]
mysql:[()]
[03:21:19.366764]dble err :(1003, 'Unsupported statement')
===file:sqls_util/transaction/trx_syntax.sql, id:510, sql:[select * from test1 order by id]===
dble:[((1L, 1L, '1', 1L),)]
mysql:[()]
===file:sqls_util/transaction/trx_syntax.sql, id:515, sql:[select * from test1 order by id]===
dble:[((1L, 1L, '1', 10L), (5L, 5L, '5', 5L))]
mysql:[((5L, 5L, '5', 5L),)]
===file:sqls_util/transaction/trx_syntax.sql, id:518, sql:[select * from test1 order by id]===
dble:[((1L, 1L, '1', 10L), (5L, 5L, '5', 5L))]
mysql:[((5L, 5L, '5', 5L),)]
===file:sqls_util/transaction/trx_syntax.sql, id:522, sql:[start transaction read write]===
dble:[None]
mysql:[()]
[03:21:19.939772]dble err :(1003, 'Unsupported statement')
===file:sqls_util/transaction/trx_syntax.sql, id:526, sql:[start transaction read write]===
dble:[None]
mysql:[()]
[03:21:20.158591]dble err :(1003, 'Unsupported statement')
===file:sqls_util/transaction/trx_syntax.sql, id:527, sql:[select * from test1 order by id]===
dble:[((1L, 1L, '1', 1L),)]
mysql:[()]
===file:sqls_util/transaction/trx_syntax.sql, id:531, sql:[insert into test1 values(1,1,1,1)]===
dble:[None]
mysql:[()]
[03:21:20.437357]dble err :(1062, "Duplicate entry '1' for key 'PRIMARY'")
===file:sqls_util/transaction/trx_syntax.sql, id:539, sql:[start transaction read write]===
dble:[None]
mysql:[()]
[03:21:20.765526]dble err :(1003, 'Unsupported statement')
===file:sqls_util/transaction/trx_syntax.sql, id:543, sql:[start transaction read write]===
dble:[None]
mysql:[()]
[03:21:20.986181]dble err :(1003, 'Unsupported statement')
===file:sqls_util/transaction/trx_syntax.sql, id:544, sql:[select * from test1 order by id]===
dble:[((1L, 1L, '1', 1L), (2L, 2L, '2', 2L))]
mysql:[()]
===file:sqls_util/transaction/trx_syntax.sql, id:549, sql:[select * from test1 order by id]===
dble:[((1L, 1L, '1', 10L), (2L, 2L, '2', 2L), (5L, 5L, '5', 5L), (6L, 6L, '6', 6L))]
mysql:[((5L, 5L, '5', 5L), (6L, 6L, '6', 6L))]
===file:sqls_util/transaction/trx_syntax.sql, id:552, sql:[select * from test1 order by id]===
dble:[((1L, 1L, '1', 10L), (2L, 2L, '2', 2L), (5L, 5L, '5', 5L), (6L, 6L, '6', 6L))]
mysql:[((5L, 5L, '5', 5L), (6L, 6L, '6', 6L))]
===file:sqls_util/transaction/trx_syntax.sql, id:556, sql:[start transaction read write]===
dble:[None]
mysql:[()]
[03:21:21.598019]dble err :(1003, 'Unsupported statement')
===file:sqls_util/transaction/trx_syntax.sql, id:560, sql:[start transaction read write]===
dble:[None]
mysql:[()]
[03:21:21.818799]dble err :(1003, 'Unsupported statement')
===file:sqls_util/transaction/trx_syntax.sql, id:561, sql:[select * from test1 order by id]===
dble:[((1L, 1L, '1', 1L), (2L, 2L, '2', 2L))]
mysql:[()]
===file:sqls_util/transaction/trx_syntax.sql, id:565, sql:[insert into test1 values(1,1,1,1)]===
dble:[None]
mysql:[()]
[03:21:22.099376]dble err :(1062, "Duplicate entry '1' for key 'PRIMARY'")
===file:sqls_util/transaction/trx_syntax.sql, id:566, sql:[select * from test1 order by id]===
dble:[((1L, 1L, '1', 1L), (2L, 2L, '2', 2L), (5L, 5L, '5', 5L), (6L, 6L, '6', 6L))]
mysql:[((1L, 1L, '1', 1L), (5L, 5L, '5', 5L), (6L, 6L, '6', 6L))]
===file:sqls_util/transaction/trx_syntax.sql, id:569, sql:[select * from test1 order by id]===
dble:[((1L, 1L, '1', 1L), (2L, 2L, '2', 2L), (5L, 5L, '5', 5L), (6L, 6L, '6', 6L))]
mysql:[((1L, 1L, '1', 1L), (5L, 5L, '5', 5L), (6L, 6L, '6', 6L))]
===file:sqls_util/transaction/trx_syntax.sql, id:573, sql:[start transaction read write]===
dble:[None]
mysql:[()]
[03:21:22.429023]dble err :(1003, 'Unsupported statement')
===file:sqls_util/transaction/trx_syntax.sql, id:577, sql:[start transaction read write]===
dble:[None]
mysql:[()]
[03:21:22.623015]dble err :(1003, 'Unsupported statement')
===file:sqls_util/transaction/trx_syntax.sql, id:578, sql:[select * from test1 order by id]===
dble:[((1L, 1L, '1', 1L), (2L, 2L, '2', 2L), (3L, 3L, '3', 3L))]
mysql:[()]
===file:sqls_util/transaction/trx_syntax.sql, id:583, sql:[select * from test1 order by id]===
dble:[((1L, 1L, '1', 10L), (2L, 2L, '2', 2L), (3L, 3L, '3', 3L), (5L, 5L, '5', 5L), (6L, 6L, '6', 6L), (7L, 7L, '7', 7L))]
mysql:[((5L, 5L, '5', 5L), (6L, 6L, '6', 6L), (7L, 7L, '7', 7L))]
===file:sqls_util/transaction/trx_syntax.sql, id:586, sql:[select * from test1 order by id]===
dble:[((1L, 1L, '1', 10L), (2L, 2L, '2', 2L), (3L, 3L, '3', 3L), (5L, 5L, '5', 5L), (6L, 6L, '6', 6L), (7L, 7L, '7', 7L))]
mysql:[((5L, 5L, '5', 5L), (6L, 6L, '6', 6L), (7L, 7L, '7', 7L))]
===file:sqls_util/transaction/trx_syntax.sql, id:590, sql:[start transaction read write]===
dble:[None]
mysql:[()]
[03:21:23.239689]dble err :(1003, 'Unsupported statement')
===file:sqls_util/transaction/trx_syntax.sql, id:594, sql:[start transaction read write]===
dble:[None]
mysql:[()]
[03:21:23.462852]dble err :(1003, 'Unsupported statement')
===file:sqls_util/transaction/trx_syntax.sql, id:595, sql:[select * from test1 order by id]===
dble:[((1L, 1L, '1', 1L), (2L, 2L, '2', 2L), (3L, 3L, '3', 3L))]
mysql:[()]
===file:sqls_util/transaction/trx_syntax.sql, id:599, sql:[insert into test1 values(1,1,1,1)]===
dble:[None]
mysql:[()]
[03:21:23.740121]dble err :(1062, "Duplicate entry '1' for key 'PRIMARY'")
===file:sqls_util/transaction/trx_syntax.sql, id:600, sql:[select * from test1 order by id]===
dble:[((1L, 1L, '1', 1L), (2L, 2L, '2', 2L), (3L, 3L, '3', 3L), (5L, 5L, '5', 5L), (6L, 6L, '6', 6L), (7L, 7L, '7', 7L))]
mysql:[((1L, 1L, '1', 1L), (5L, 5L, '5', 5L), (6L, 6L, '6', 6L), (7L, 7L, '7', 7L))]
===file:sqls_util/transaction/trx_syntax.sql, id:603, sql:[select * from test1 order by id]===
dble:[((1L, 1L, '1', 1L), (2L, 2L, '2', 2L), (3L, 3L, '3', 3L), (5L, 5L, '5', 5L), (6L, 6L, '6', 6L), (7L, 7L, '7', 7L))]
mysql:[((1L, 1L, '1', 1L), (5L, 5L, '5', 5L), (6L, 6L, '6', 6L), (7L, 7L, '7', 7L))]
===file:sqls_util/transaction/trx_syntax.sql, id:607, sql:[start transaction read write]===
dble:[None]
mysql:[()]
[03:21:24.068585]dble err :(1003, 'Unsupported statement')
===file:sqls_util/transaction/trx_syntax.sql, id:611, sql:[start transaction read write]===
dble:[None]
mysql:[()]
[03:21:24.291706]dble err :(1003, 'Unsupported statement')
===file:sqls_util/transaction/trx_syntax.sql, id:612, sql:[select * from test1 order by id]===
dble:[((1L, 1L, '1', 1L), (2L, 2L, '2', 2L), (3L, 3L, '3', 3L), (4L, 4L, '4', 4L))]
mysql:[()]
===file:sqls_util/transaction/trx_syntax.sql, id:617, sql:[select * from test1 order by id]===
dble:[((1L, 1L, '1', 10L), (2L, 2L, '2', 2L), (3L, 3L, '3', 3L), (4L, 4L, '4', 4L), (5L, 5L, '5', 5L), (6L, 6L, '6', 6L), (7L, 7L, '7', 7L), (8L, 8L, '8', 8L))]
mysql:[((5L, 5L, '5', 5L), (6L, 6L, '6', 6L), (7L, 7L, '7', 7L), (8L, 8L, '8', 8L))]
===file:sqls_util/transaction/trx_syntax.sql, id:620, sql:[select * from test1 order by id]===
dble:[((1L, 1L, '1', 10L), (2L, 2L, '2', 2L), (3L, 3L, '3', 3L), (4L, 4L, '4', 4L), (5L, 5L, '5', 5L), (6L, 6L, '6', 6L), (7L, 7L, '7', 7L), (8L, 8L, '8', 8L))]
mysql:[((5L, 5L, '5', 5L), (6L, 6L, '6', 6L), (7L, 7L, '7', 7L), (8L, 8L, '8', 8L))]
===file:sqls_util/transaction/trx_syntax.sql, id:624, sql:[start transaction read write]===
dble:[None]
mysql:[()]
[03:21:24.902020]dble err :(1003, 'Unsupported statement')
===file:sqls_util/transaction/trx_syntax.sql, id:628, sql:[start transaction read write]===
dble:[None]
mysql:[()]
[03:21:25.124256]dble err :(1003, 'Unsupported statement')
===file:sqls_util/transaction/trx_syntax.sql, id:629, sql:[select * from test1 order by id]===
dble:[((1L, 1L, '1', 1L), (2L, 2L, '2', 2L), (3L, 3L, '3', 3L), (4L, 4L, '4', 4L))]
mysql:[()]
===file:sqls_util/transaction/trx_syntax.sql, id:633, sql:[insert into test1 values(1,1,1,1)]===
dble:[None]
mysql:[()]
[03:21:25.405990]dble err :(1062, "Duplicate entry '1' for key 'PRIMARY'")
===file:sqls_util/transaction/trx_syntax.sql, id:634, sql:[select * from test1 order by id]===
dble:[((1L, 1L, '1', 1L), (2L, 2L, '2', 2L), (3L, 3L, '3', 3L), (4L, 4L, '4', 4L), (5L, 5L, '5', 5L), (6L, 6L, '6', 6L), (7L, 7L, '7', 7L), (8L, 8L, '8', 8L))]
mysql:[((1L, 1L, '1', 1L), (5L, 5L, '5', 5L), (6L, 6L, '6', 6L), (7L, 7L, '7', 7L), (8L, 8L, '8', 8L))]
===file:sqls_util/transaction/trx_syntax.sql, id:637, sql:[select * from test1 order by id]===
dble:[((1L, 1L, '1', 1L), (2L, 2L, '2', 2L), (3L, 3L, '3', 3L), (4L, 4L, '4', 4L), (5L, 5L, '5', 5L), (6L, 6L, '6', 6L), (7L, 7L, '7', 7L), (8L, 8L, '8', 8L))]
mysql:[((1L, 1L, '1', 1L), (5L, 5L, '5', 5L), (6L, 6L, '6', 6L), (7L, 7L, '7', 7L), (8L, 8L, '8', 8L))]
