===id:1, sql:[drop table if exists aly_test]===
0
===id:2, sql:[create table aly_test(id int, data char(10))]===
0
===id:3, sql:[show create table aly_test]===
aly_testCREATE TABLE `aly_test` (
  `id` int(11) DEFAULT NULL,
  `data` char(10) DEFAULT NULL
) ENGINE=InnoDB DEFAULT CHARSET=utf8
===id:4, sql:[desc aly_test]===
idint(11)YESnulldatachar(10)YESnull
===id:5, sql:[insert into aly_test values (1,'a'),(2,'b'),(3,'c')]===
3
===id:6, sql:[select * from aly_test]===
1a2b3c
===id:7, sql:[alter table aly_test add COLUMN data1 varchar(10)]===
0
===id:8, sql:[insert into aly_test values (4,'aaa','bbbb')]===
1
===id:9, sql:[select * from aly_test]===
1anull2bnull3cnull4aaabbbb
===id:10, sql:[delete from aly_test]===
4
===id:11, sql:[select * from aly_test]===

===id:12, sql:[drop table aly_test]===
0
