===file:special_global/select/join.sql, id:13, sql:[select test1.id,test1.t_id,test1.name,test1.pad,schema2.test2.id,schema2.test2.o_id,schema2.test2.name,schema2.test2.pad from test1,schema2.test2 where test1.pad=schema2.test2.pad]===
dble:[None]
mysql:[((1L, 1L, 'test\xe4\xb8\xadid\xe4\xb8\xba1', 1L, 1L, 1L, 'order\xe4\xb8\xadid\xe4\xb8\xba1', 1L), (1L, 1L, 'test\xe4\xb8\xadid\xe4\xb8\xba1', 1L, 5L, 5L, 'order...5', 1L), (2L, 2L, 'test_2', 2L, 2L, 2L, 'test_2', 2L), (3L, 3L, 'test\xe4\xb8\xadid\xe4\xb8\xba3', 4L, 4L, 4L, '$order$4', 4L), (4L, 4L, '$test$4', 3L, 3L, 3L, 'order\xe4\xb8\xadid\xe4\xb8\xba3', 3L), (5L, 5L, 'test...5', 1L, 1L, 1L, 'order\xe4\xb8\xadid\xe4\xb8\xba1', 1L), (5L, 5L, 'test...5', 1L, 5L, 5L, 'order...5', 1L))]
[07:03:11.993263]dble err :(1003, "Unknown column 'schema2.test2.pad' in 'where clause'")
===file:special_global/select/join.sql, id:17, sql:[select a.id,b.id,b.pad,a.t_id from (select test1.id,test1.pad,test1.t_id from test1 join schema2.test2 where test1.pad=schema2.test2.pad ) a,(select schema3.test3.id,schema3.test3.pad from test1 join schema3.test3 where test1.pad=schema3.test3.pad) b where a.pad=b.pad]===
dble:[None]
mysql:[((1L, 1L, 1L, 1L), (1L, 1L, 1L, 1L), (5L, 1L, 1L, 5L), (5L, 1L, 1L, 5L), (2L, 2L, 2L, 2L), (3L, 4L, 4L, 3L), (4L, 3L, 3L, 4L), (1L, 1L, 1L, 1L), (1L, 1L, 1L, 1L), (5L, 1L, 1L, 5L), (5L, 1L, 1L, 5L))]
[07:03:12.169069]dble err :(1003, "Unknown column 'schema2.test2.pad' in 'where clause'")
===file:special_global/select/join.sql, id:38, sql:[select test1.id,test1.t_id,test1.name,test1.pad,schema2.test2.id,schema2.test2.o_id,schema2.test2.name,schema2.test2.pad from test1 left join schema2.test2 on test1.pad=schema2.test2.pad order by test1.id,schema2.test2.id]===
dble:[None]
mysql:[((1L, 1L, 'test\xe4\xb8\xadid\xe4\xb8\xba1', 1L, 1L, 1L, 'order\xe4\xb8\xadid\xe4\xb8\xba1', 1L), (1L, 1L, 'test\xe4\xb8\xadid\xe4\xb8\xba1', 1L, 5L, 5L, 'order...5', 1L), (2L, 2L, 'test_2', 2L, 2L, 2L, 'test_2', 2L), (3L, 3L, 'test\xe4\xb8\xadid\xe4\xb8\xba3', 4L, 4L, 4L, '$order$4', 4L), (4L, 4L, '$test$4', 3L, 3L, 3L, 'order\xe4\xb8\xadid\xe4\xb8\xba3', 3L), (5L, 5L, 'test...5', 1L, 1L, 1L, 'order\xe4\xb8\xadid\xe4\xb8\xba1', 1L), (5L, 5L, 'test...5', 1L, 5L, 5L, 'order...5', 1L), (6L, 6L, 'test6', 6L, None, None, None, None))]
[07:03:13.459238]dble err :(1003, "Unknown column 'schema2.test2.pad' in 'on clause'")
===file:special_global/select/join.sql, id:39, sql:[select test1.id,test1.t_id,test1.name,test1.pad,schema2.test2.id,schema2.test2.o_id,schema2.test2.name,schema2.test2.pad from test1 right join schema2.test2 on test1.pad=schema2.test2.pad order by test1.id,schema2.test2.id]===
dble:[None]
mysql:[((1L, 1L, 'test\xe4\xb8\xadid\xe4\xb8\xba1', 1L, 1L, 1L, 'order\xe4\xb8\xadid\xe4\xb8\xba1', 1L), (1L, 1L, 'test\xe4\xb8\xadid\xe4\xb8\xba1', 1L, 5L, 5L, 'order...5', 1L), (2L, 2L, 'test_2', 2L, 2L, 2L, 'test_2', 2L), (3L, 3L, 'test\xe4\xb8\xadid\xe4\xb8\xba3', 4L, 4L, 4L, '$order$4', 4L), (4L, 4L, '$test$4', 3L, 3L, 3L, 'order\xe4\xb8\xadid\xe4\xb8\xba3', 3L), (5L, 5L, 'test...5', 1L, 1L, 1L, 'order\xe4\xb8\xadid\xe4\xb8\xba1', 1L), (5L, 5L, 'test...5', 1L, 5L, 5L, 'order...5', 1L))]
[07:03:13.508339]dble err :(1003, "Unknown column 'schema2.test2.pad' in 'on clause'")
===file:special_global/select/join.sql, id:40, sql:[select test1.id,test1.t_id,test1.name,test1.pad,schema2.test2.id,schema2.test2.o_id,schema2.test2.name,schema2.test2.pad from test1 left outer join schema2.test2 on test1.pad=schema2.test2.pad order by test1.id,schema2.test2.id]===
dble:[None]
mysql:[((1L, 1L, 'test\xe4\xb8\xadid\xe4\xb8\xba1', 1L, 1L, 1L, 'order\xe4\xb8\xadid\xe4\xb8\xba1', 1L), (1L, 1L, 'test\xe4\xb8\xadid\xe4\xb8\xba1', 1L, 5L, 5L, 'order...5', 1L), (2L, 2L, 'test_2', 2L, 2L, 2L, 'test_2', 2L), (3L, 3L, 'test\xe4\xb8\xadid\xe4\xb8\xba3', 4L, 4L, 4L, '$order$4', 4L), (4L, 4L, '$test$4', 3L, 3L, 3L, 'order\xe4\xb8\xadid\xe4\xb8\xba3', 3L), (5L, 5L, 'test...5', 1L, 1L, 1L, 'order\xe4\xb8\xadid\xe4\xb8\xba1', 1L), (5L, 5L, 'test...5', 1L, 5L, 5L, 'order...5', 1L), (6L, 6L, 'test6', 6L, None, None, None, None))]
[07:03:13.590279]dble err :(1003, "Unknown column 'schema2.test2.pad' in 'on clause'")
===file:special_global/select/join.sql, id:41, sql:[select test1.id,test1.t_id,test1.name,test1.pad,schema2.test2.id,schema2.test2.o_id,schema2.test2.name,schema2.test2.pad from test1 right outer join schema2.test2 on test1.pad=schema2.test2.pad order by test1.id,schema2.test2.id]===
dble:[None]
mysql:[((1L, 1L, 'test\xe4\xb8\xadid\xe4\xb8\xba1', 1L, 1L, 1L, 'order\xe4\xb8\xadid\xe4\xb8\xba1', 1L), (1L, 1L, 'test\xe4\xb8\xadid\xe4\xb8\xba1', 1L, 5L, 5L, 'order...5', 1L), (2L, 2L, 'test_2', 2L, 2L, 2L, 'test_2', 2L), (3L, 3L, 'test\xe4\xb8\xadid\xe4\xb8\xba3', 4L, 4L, 4L, '$order$4', 4L), (4L, 4L, '$test$4', 3L, 3L, 3L, 'order\xe4\xb8\xadid\xe4\xb8\xba3', 3L), (5L, 5L, 'test...5', 1L, 1L, 1L, 'order\xe4\xb8\xadid\xe4\xb8\xba1', 1L), (5L, 5L, 'test...5', 1L, 5L, 5L, 'order...5', 1L))]
[07:03:13.670360]dble err :(1003, "Unknown column 'schema2.test2.pad' in 'on clause'")
===file:special_global/select/join.sql, id:58, sql:[select test1.id,test1.t_id,test1.name,test1.pad,schema2.test2.id,schema2.test2.o_id,schema2.test2.name,schema2.test2.pad from test1 natural left join schema2.test2]===
dble:[[(1L, 1L, 'test\xe4\xb8\xadid\xe4\xb8\xba1', 1L, None, None, None, None), (2L, 2L, 'test_2', 2L, None, None, None, None), (3L, 3L, 'test\xe4\xb8\xadid\xe4\xb8\xba3', 4L, None, None, None, None), (4L, 4L, '$test$4', 3L, None, None, None, None), (5L, 5L, 'test...5', 1L, None, None, None, None), (6L, 6L, 'test6', 6L, None, None, None, None)]]
mysql:[[(1L, 1L, 'test\xe4\xb8\xadid\xe4\xb8\xba1', 1L, None, None, None, None), (2L, 2L, 'test_2', 2L, 2L, 2L, 'test_2', 2L), (3L, 3L, 'test\xe4\xb8\xadid\xe4\xb8\xba3', 4L, None, None, None, None), (4L, 4L, '$test$4', 3L, None, None, None, None), (5L, 5L, 'test...5', 1L, None, None, None, None), (6L, 6L, 'test6', 6L, None, None, None, None)]]
===file:special_global/select/join.sql, id:59, sql:[select test1.id,test1.t_id,test1.name,test1.pad,schema2.test2.id,schema2.test2.o_id,schema2.test2.name,schema2.test2.pad from test1 natural right join schema2.test2]===
dble:[[(None, None, None, None, 1L, 1L, 'order\xe4\xb8\xadid\xe4\xb8\xba1', 1L), (None, None, None, None, 2L, 2L, 'test_2', 2L), (None, None, None, None, 3L, 3L, 'order\xe4\xb8\xadid\xe4\xb8\xba3', 3L), (None, None, None, None, 4L, 4L, '$order$4', 4L), (None, None, None, None, 5L, 5L, 'order...5', 1L)]]
mysql:[[(None, None, None, None, 1L, 1L, 'order\xe4\xb8\xadid\xe4\xb8\xba1', 1L), (None, None, None, None, 3L, 3L, 'order\xe4\xb8\xadid\xe4\xb8\xba3', 3L), (None, None, None, None, 4L, 4L, '$order$4', 4L), (None, None, None, None, 5L, 5L, 'order...5', 1L), (2L, 2L, 'test_2', 2L, 2L, 2L, 'test_2', 2L)]]
===file:special_global/select/join.sql, id:60, sql:[select test1.id,test1.t_id,test1.name,test1.pad,schema2.test2.id,schema2.test2.o_id,schema2.test2.name,schema2.test2.pad from test1 natural left outer join schema2.test2]===
dble:[[(1L, 1L, 'test\xe4\xb8\xadid\xe4\xb8\xba1', 1L, None, None, None, None), (2L, 2L, 'test_2', 2L, None, None, None, None), (3L, 3L, 'test\xe4\xb8\xadid\xe4\xb8\xba3', 4L, None, None, None, None), (4L, 4L, '$test$4', 3L, None, None, None, None), (5L, 5L, 'test...5', 1L, None, None, None, None), (6L, 6L, 'test6', 6L, None, None, None, None)]]
mysql:[[(1L, 1L, 'test\xe4\xb8\xadid\xe4\xb8\xba1', 1L, None, None, None, None), (2L, 2L, 'test_2', 2L, 2L, 2L, 'test_2', 2L), (3L, 3L, 'test\xe4\xb8\xadid\xe4\xb8\xba3', 4L, None, None, None, None), (4L, 4L, '$test$4', 3L, None, None, None, None), (5L, 5L, 'test...5', 1L, None, None, None, None), (6L, 6L, 'test6', 6L, None, None, None, None)]]
===file:special_global/select/join.sql, id:61, sql:[select test1.id,test1.t_id,test1.name,test1.pad,schema2.test2.id,schema2.test2.o_id,schema2.test2.name,schema2.test2.pad from test1 natural right outer join schema2.test2]===
dble:[[(None, None, None, None, 1L, 1L, 'order\xe4\xb8\xadid\xe4\xb8\xba1', 1L), (None, None, None, None, 2L, 2L, 'test_2', 2L), (None, None, None, None, 3L, 3L, 'order\xe4\xb8\xadid\xe4\xb8\xba3', 3L), (None, None, None, None, 4L, 4L, '$order$4', 4L), (None, None, None, None, 5L, 5L, 'order...5', 1L)]]
mysql:[[(None, None, None, None, 1L, 1L, 'order\xe4\xb8\xadid\xe4\xb8\xba1', 1L), (None, None, None, None, 3L, 3L, 'order\xe4\xb8\xadid\xe4\xb8\xba3', 3L), (None, None, None, None, 4L, 4L, '$order$4', 4L), (None, None, None, None, 5L, 5L, 'order...5', 1L), (2L, 2L, 'test_2', 2L, 2L, 2L, 'test_2', 2L)]]
===file:special_global/select/join.sql, id:62, sql:[select a.id,a.t_id,a.name,a.pad,b.id,b.o_id,b.name,b.pad from test1 a natural left join schema2.test2 b order by a.id]===
dble:[((1L, 1L, 'test\xe4\xb8\xadid\xe4\xb8\xba1', 1L, None, None, None, None), (2L, 2L, 'test_2', 2L, None, None, None, None), (3L, 3L, 'test\xe4\xb8\xadid\xe4\xb8\xba3', 4L, None, None, None, None), (4L, 4L, '$test$4', 3L, None, None, None, None), (5L, 5L, 'test...5', 1L, None, None, None, None), (6L, 6L, 'test6', 6L, None, None, None, None))]
mysql:[((1L, 1L, 'test\xe4\xb8\xadid\xe4\xb8\xba1', 1L, None, None, None, None), (2L, 2L, 'test_2', 2L, 2L, 2L, 'test_2', 2L), (3L, 3L, 'test\xe4\xb8\xadid\xe4\xb8\xba3', 4L, None, None, None, None), (4L, 4L, '$test$4', 3L, None, None, None, None), (5L, 5L, 'test...5', 1L, None, None, None, None), (6L, 6L, 'test6', 6L, None, None, None, None))]
===file:special_global/select/join.sql, id:63, sql:[select a.id,a.t_id,a.name,a.pad,b.id,b.o_id,b.name,b.pad from test1 a natural right join schema2.test2 b order by b.id]===
dble:[((None, None, None, None, 1L, 1L, 'order\xe4\xb8\xadid\xe4\xb8\xba1', 1L), (None, None, None, None, 2L, 2L, 'test_2', 2L), (None, None, None, None, 3L, 3L, 'order\xe4\xb8\xadid\xe4\xb8\xba3', 3L), (None, None, None, None, 4L, 4L, '$order$4', 4L), (None, None, None, None, 5L, 5L, 'order...5', 1L))]
mysql:[((None, None, None, None, 1L, 1L, 'order\xe4\xb8\xadid\xe4\xb8\xba1', 1L), (2L, 2L, 'test_2', 2L, 2L, 2L, 'test_2', 2L), (None, None, None, None, 3L, 3L, 'order\xe4\xb8\xadid\xe4\xb8\xba3', 3L), (None, None, None, None, 4L, 4L, '$order$4', 4L), (None, None, None, None, 5L, 5L, 'order...5', 1L))]
===file:special_global/select/join.sql, id:64, sql:[select a.id,a.t_id,a.name,a.pad,b.id,b.o_id,b.name,b.pad from test1 a natural left outer join schema2.test2 b order by a.id]===
dble:[((1L, 1L, 'test\xe4\xb8\xadid\xe4\xb8\xba1', 1L, None, None, None, None), (2L, 2L, 'test_2', 2L, None, None, None, None), (3L, 3L, 'test\xe4\xb8\xadid\xe4\xb8\xba3', 4L, None, None, None, None), (4L, 4L, '$test$4', 3L, None, None, None, None), (5L, 5L, 'test...5', 1L, None, None, None, None), (6L, 6L, 'test6', 6L, None, None, None, None))]
mysql:[((1L, 1L, 'test\xe4\xb8\xadid\xe4\xb8\xba1', 1L, None, None, None, None), (2L, 2L, 'test_2', 2L, 2L, 2L, 'test_2', 2L), (3L, 3L, 'test\xe4\xb8\xadid\xe4\xb8\xba3', 4L, None, None, None, None), (4L, 4L, '$test$4', 3L, None, None, None, None), (5L, 5L, 'test...5', 1L, None, None, None, None), (6L, 6L, 'test6', 6L, None, None, None, None))]
===file:special_global/select/join.sql, id:65, sql:[select a.id,a.t_id,a.name,a.pad,b.id,b.o_id,b.name,b.pad from test1 a natural right outer join schema2.test2 b order by b.id]===
dble:[((None, None, None, None, 1L, 1L, 'order\xe4\xb8\xadid\xe4\xb8\xba1', 1L), (None, None, None, None, 2L, 2L, 'test_2', 2L), (None, None, None, None, 3L, 3L, 'order\xe4\xb8\xadid\xe4\xb8\xba3', 3L), (None, None, None, None, 4L, 4L, '$order$4', 4L), (None, None, None, None, 5L, 5L, 'order...5', 1L))]
mysql:[((None, None, None, None, 1L, 1L, 'order\xe4\xb8\xadid\xe4\xb8\xba1', 1L), (2L, 2L, 'test_2', 2L, 2L, 2L, 'test_2', 2L), (None, None, None, None, 3L, 3L, 'order\xe4\xb8\xadid\xe4\xb8\xba3', 3L), (None, None, None, None, 4L, 4L, '$order$4', 4L), (None, None, None, None, 5L, 5L, 'order...5', 1L))]
===file:special_global/select/join.sql, id:74, sql:[select test1.id,test1.t_id,test1.name,test1.pad,schema2.test2.id,schema2.test2.o_id,schema2.test2.name,schema2.test2.pad from test1 left join schema2.test2 on test1.pad=schema2.test2.pad and test1.id>3 order by test1.id,schema2.test2.id]===
dble:[None]
mysql:[((1L, 1L, 'test\xe4\xb8\xadid\xe4\xb8\xba1', 1L, None, None, None, None), (2L, 2L, 'test_2', 2L, None, None, None, None), (3L, 3L, 'test\xe4\xb8\xadid\xe4\xb8\xba3', 4L, None, None, None, None), (4L, 4L, '$test$4', 3L, 3L, 3L, 'order\xe4\xb8\xadid\xe4\xb8\xba3', 3L), (5L, 5L, 'test...5', 1L, 1L, 1L, 'order\xe4\xb8\xadid\xe4\xb8\xba1', 1L), (5L, 5L, 'test...5', 1L, 5L, 5L, 'order...5', 1L), (6L, 6L, 'test6', 6L, None, None, None, None))]
[07:03:16.152905]dble err :(1003, "Unknown column 'schema2.test2.pad' in 'on clause'")
