===file:special_global/select/reference_global.sql, id:4, sql:[drop table if exists test1]===
dble:[[]]
===file:special_global/select/reference_global.sql, id:5, sql:[drop table if exists schema2.test2]===
dble:[[]]
===file:special_global/select/reference_global.sql, id:6, sql:[drop table if exists schema3.test3]===
dble:[[]]
===file:special_global/select/reference_global.sql, id:7, sql:[CREATE TABLE test1(`id` int(10) unsigned NOT NULL,`t_id` int(10) unsigned NOT NULL DEFAULT '0',`name` char(120) NOT NULL DEFAULT '',`pad` int(11) NOT NULL,PRIMARY KEY (`id`),KEY `k_1` (`t_id`))DEFAULT CHARSET=UTF8]===
dble:[[]]
===file:special_global/select/reference_global.sql, id:8, sql:[CREATE TABLE schema2.test2(`id` int(10) unsigned NOT NULL,`o_id` int(10) unsigned NOT NULL DEFAULT '0',`name` char(120) NOT NULL DEFAULT '',`pad` int(11) NOT NULL,PRIMARY KEY (`id`),KEY `k_1` (`o_id`))DEFAULT CHARSET=UTF8]===
dble:[[]]
===file:special_global/select/reference_global.sql, id:9, sql:[CREATE TABLE schema3.test3(`id` int(10) unsigned NOT NULL,`m_id` int(10) unsigned NOT NULL DEFAULT '0',`name` char(120) NOT NULL DEFAULT '',`pad` int(11) NOT NULL,PRIMARY KEY (`id`),KEY `k_1` (`m_id`))DEFAULT CHARSET=UTF8]===
dble:[[]]
===file:special_global/select/reference_global.sql, id:10, sql:[insert into test1 values(1,1,'test中id为1',1),(2,2,'test_2',2),(3,3,'test中id为3',4),(4,4,'$test$4',3),(5,5,'test...5',1),(6,6,'test6',6)]===
dble:[[]]
===file:special_global/select/reference_global.sql, id:11, sql:[insert into schema2.test2 values(1,1,'order中id为1',1),(2,2,'test_2',2),(3,3,'order中id为3',3),(4,4,'$order$4',4),(5,5,'order...5',1)]===
dble:[[]]
===file:special_global/select/reference_global.sql, id:12, sql:[insert into schema3.test3 values(1,1,'manager中id为1',1),(2,2,'test_2',2),(3,3,'manager中id为3',3),(4,4,'$manager$4',4),(5,5,'manager...5',6)]===
dble:[[]]
===file:special_global/select/reference_global.sql, id:14, sql:[select a.id,a.t_id,b.o_id,b.name from (select * from test1 where id<3) a,(select * from schema2.test2 where id>3) b]===
dble:[[(1L, 1L, 4L, '$order$4'), (1L, 1L, 5L, 'order...5'), (2L, 2L, 4L, '$order$4'), (2L, 2L, 5L, 'order...5')]]
===file:special_global/select/reference_global.sql, id:15, sql:[select a.id,b.id,b.pad,a.t_id from test1 a,(select schema3.test3.id,schema3.test3.pad from test1 join schema3.test3 where test1.pad=schema3.test3.pad) b,(select * from schema2.test2 where id>3) c where a.pad=b.pad and c.pad=b.pad]===
dble:[[(1L, 1L, 1L, 1L), (1L, 1L, 1L, 1L), (3L, 4L, 4L, 3L), (5L, 1L, 1L, 5L), (5L, 1L, 1L, 5L)]]
===file:special_global/select/reference_global.sql, id:19, sql:[select a.id,a.t_id,a.name,a.pad,b.id,b.o_id,b.name,b.pad from test1 a join schema2.test2 as b order by a.id,b.id]===
dble:[((1L, 1L, 'test\xe4\xb8\xadid\xe4\xb8\xba1', 1L, 1L, 1L, 'order\xe4\xb8\xadid\xe4\xb8\xba1', 1L), (1L, 1L, 'test\xe4\xb8\xadid\xe4\xb8\xba1', 1L, 2L, 2L, 'test_2', 2L), (1L, 1L, 'test\xe4\xb8\xadid\xe4\xb8\xba1', 1L, 3L, 3L, 'order\xe4\xb8\xadid\xe4\xb8\xba3', 3L), (1L, 1L, 'test\xe4\xb8\xadid\xe4\xb8\xba1', 1L, 4L, 4L, '$order$4', 4L), (1L, 1L, 'test\xe4\xb8\xadid\xe4\xb8\xba1', 1L, 5L, 5L, 'order...5', 1L), (2L, 2L, 'test_2', 2L, 1L, 1L, 'order\xe4\xb8\xadid\xe4\xb8\xba1', 1L), (2L, 2L, 'test_2', 2L, 2L, 2L, 'test_2', 2L), (2L, 2L, 'test_2', 2L, 3L, 3L, 'order\xe4\xb8\xadid\xe4\xb8\xba3', 3L), (2L, 2L, 'test_2', 2L, 4L, 4L, '$order$4', 4L), (2L, 2L, 'test_2', 2L, 5L, 5L, 'order...5', 1L), (3L, 3L, 'test\xe4\xb8\xadid\xe4\xb8\xba3', 4L, 1L, 1L, 'order\xe4\xb8\xadid\xe4\xb8\xba1', 1L), (3L, 3L, 'test\xe4\xb8\xadid\xe4\xb8\xba3', 4L, 2L, 2L, 'test_2', 2L), (3L, 3L, 'test\xe4\xb8\xadid\xe4\xb8\xba3', 4L, 3L, 3L, 'order\xe4\xb8\xadid\xe4\xb8\xba3', 3L), (3L, 3L, 'test\xe4\xb8\xadid\xe4\xb8\xba3', 4L, 4L, 4L, '$order$4', 4L), (3L, 3L, 'test\xe4\xb8\xadid\xe4\xb8\xba3', 4L, 5L, 5L, 'order...5', 1L), (4L, 4L, '$test$4', 3L, 1L, 1L, 'order\xe4\xb8\xadid\xe4\xb8\xba1', 1L), (4L, 4L, '$test$4', 3L, 2L, 2L, 'test_2', 2L), (4L, 4L, '$test$4', 3L, 3L, 3L, 'order\xe4\xb8\xadid\xe4\xb8\xba3', 3L), (4L, 4L, '$test$4', 3L, 4L, 4L, '$order$4', 4L), (4L, 4L, '$test$4', 3L, 5L, 5L, 'order...5', 1L), (5L, 5L, 'test...5', 1L, 1L, 1L, 'order\xe4\xb8\xadid\xe4\xb8\xba1', 1L), (5L, 5L, 'test...5', 1L, 2L, 2L, 'test_2', 2L), (5L, 5L, 'test...5', 1L, 3L, 3L, 'order\xe4\xb8\xadid\xe4\xb8\xba3', 3L), (5L, 5L, 'test...5', 1L, 4L, 4L, '$order$4', 4L), (5L, 5L, 'test...5', 1L, 5L, 5L, 'order...5', 1L), (6L, 6L, 'test6', 6L, 1L, 1L, 'order\xe4\xb8\xadid\xe4\xb8\xba1', 1L), (6L, 6L, 'test6', 6L, 2L, 2L, 'test_2', 2L), (6L, 6L, 'test6', 6L, 3L, 3L, 'order\xe4\xb8\xadid\xe4\xb8\xba3', 3L), (6L, 6L, 'test6', 6L, 4L, 4L, '$order$4', 4L), (6L, 6L, 'test6', 6L, 5L, 5L, 'order...5', 1L))]
===file:special_global/select/reference_global.sql, id:20, sql:[select a.id,a.t_id,a.name,a.pad,b.id,b.o_id,b.name,b.pad from test1 a inner join schema2.test2 b order by a.id,b.id]===
dble:[((1L, 1L, 'test\xe4\xb8\xadid\xe4\xb8\xba1', 1L, 1L, 1L, 'order\xe4\xb8\xadid\xe4\xb8\xba1', 1L), (1L, 1L, 'test\xe4\xb8\xadid\xe4\xb8\xba1', 1L, 2L, 2L, 'test_2', 2L), (1L, 1L, 'test\xe4\xb8\xadid\xe4\xb8\xba1', 1L, 3L, 3L, 'order\xe4\xb8\xadid\xe4\xb8\xba3', 3L), (1L, 1L, 'test\xe4\xb8\xadid\xe4\xb8\xba1', 1L, 4L, 4L, '$order$4', 4L), (1L, 1L, 'test\xe4\xb8\xadid\xe4\xb8\xba1', 1L, 5L, 5L, 'order...5', 1L), (2L, 2L, 'test_2', 2L, 1L, 1L, 'order\xe4\xb8\xadid\xe4\xb8\xba1', 1L), (2L, 2L, 'test_2', 2L, 2L, 2L, 'test_2', 2L), (2L, 2L, 'test_2', 2L, 3L, 3L, 'order\xe4\xb8\xadid\xe4\xb8\xba3', 3L), (2L, 2L, 'test_2', 2L, 4L, 4L, '$order$4', 4L), (2L, 2L, 'test_2', 2L, 5L, 5L, 'order...5', 1L), (3L, 3L, 'test\xe4\xb8\xadid\xe4\xb8\xba3', 4L, 1L, 1L, 'order\xe4\xb8\xadid\xe4\xb8\xba1', 1L), (3L, 3L, 'test\xe4\xb8\xadid\xe4\xb8\xba3', 4L, 2L, 2L, 'test_2', 2L), (3L, 3L, 'test\xe4\xb8\xadid\xe4\xb8\xba3', 4L, 3L, 3L, 'order\xe4\xb8\xadid\xe4\xb8\xba3', 3L), (3L, 3L, 'test\xe4\xb8\xadid\xe4\xb8\xba3', 4L, 4L, 4L, '$order$4', 4L), (3L, 3L, 'test\xe4\xb8\xadid\xe4\xb8\xba3', 4L, 5L, 5L, 'order...5', 1L), (4L, 4L, '$test$4', 3L, 1L, 1L, 'order\xe4\xb8\xadid\xe4\xb8\xba1', 1L), (4L, 4L, '$test$4', 3L, 2L, 2L, 'test_2', 2L), (4L, 4L, '$test$4', 3L, 3L, 3L, 'order\xe4\xb8\xadid\xe4\xb8\xba3', 3L), (4L, 4L, '$test$4', 3L, 4L, 4L, '$order$4', 4L), (4L, 4L, '$test$4', 3L, 5L, 5L, 'order...5', 1L), (5L, 5L, 'test...5', 1L, 1L, 1L, 'order\xe4\xb8\xadid\xe4\xb8\xba1', 1L), (5L, 5L, 'test...5', 1L, 2L, 2L, 'test_2', 2L), (5L, 5L, 'test...5', 1L, 3L, 3L, 'order\xe4\xb8\xadid\xe4\xb8\xba3', 3L), (5L, 5L, 'test...5', 1L, 4L, 4L, '$order$4', 4L), (5L, 5L, 'test...5', 1L, 5L, 5L, 'order...5', 1L), (6L, 6L, 'test6', 6L, 1L, 1L, 'order\xe4\xb8\xadid\xe4\xb8\xba1', 1L), (6L, 6L, 'test6', 6L, 2L, 2L, 'test_2', 2L), (6L, 6L, 'test6', 6L, 3L, 3L, 'order\xe4\xb8\xadid\xe4\xb8\xba3', 3L), (6L, 6L, 'test6', 6L, 4L, 4L, '$order$4', 4L), (6L, 6L, 'test6', 6L, 5L, 5L, 'order...5', 1L))]
===file:special_global/select/reference_global.sql, id:21, sql:[select a.id,a.t_id,a.name,a.pad,b.id,b.o_id,b.name,b.pad from test1 a cross join schema2.test2 b order by a.id,b.id]===
dble:[((1L, 1L, 'test\xe4\xb8\xadid\xe4\xb8\xba1', 1L, 1L, 1L, 'order\xe4\xb8\xadid\xe4\xb8\xba1', 1L), (1L, 1L, 'test\xe4\xb8\xadid\xe4\xb8\xba1', 1L, 2L, 2L, 'test_2', 2L), (1L, 1L, 'test\xe4\xb8\xadid\xe4\xb8\xba1', 1L, 3L, 3L, 'order\xe4\xb8\xadid\xe4\xb8\xba3', 3L), (1L, 1L, 'test\xe4\xb8\xadid\xe4\xb8\xba1', 1L, 4L, 4L, '$order$4', 4L), (1L, 1L, 'test\xe4\xb8\xadid\xe4\xb8\xba1', 1L, 5L, 5L, 'order...5', 1L), (2L, 2L, 'test_2', 2L, 1L, 1L, 'order\xe4\xb8\xadid\xe4\xb8\xba1', 1L), (2L, 2L, 'test_2', 2L, 2L, 2L, 'test_2', 2L), (2L, 2L, 'test_2', 2L, 3L, 3L, 'order\xe4\xb8\xadid\xe4\xb8\xba3', 3L), (2L, 2L, 'test_2', 2L, 4L, 4L, '$order$4', 4L), (2L, 2L, 'test_2', 2L, 5L, 5L, 'order...5', 1L), (3L, 3L, 'test\xe4\xb8\xadid\xe4\xb8\xba3', 4L, 1L, 1L, 'order\xe4\xb8\xadid\xe4\xb8\xba1', 1L), (3L, 3L, 'test\xe4\xb8\xadid\xe4\xb8\xba3', 4L, 2L, 2L, 'test_2', 2L), (3L, 3L, 'test\xe4\xb8\xadid\xe4\xb8\xba3', 4L, 3L, 3L, 'order\xe4\xb8\xadid\xe4\xb8\xba3', 3L), (3L, 3L, 'test\xe4\xb8\xadid\xe4\xb8\xba3', 4L, 4L, 4L, '$order$4', 4L), (3L, 3L, 'test\xe4\xb8\xadid\xe4\xb8\xba3', 4L, 5L, 5L, 'order...5', 1L), (4L, 4L, '$test$4', 3L, 1L, 1L, 'order\xe4\xb8\xadid\xe4\xb8\xba1', 1L), (4L, 4L, '$test$4', 3L, 2L, 2L, 'test_2', 2L), (4L, 4L, '$test$4', 3L, 3L, 3L, 'order\xe4\xb8\xadid\xe4\xb8\xba3', 3L), (4L, 4L, '$test$4', 3L, 4L, 4L, '$order$4', 4L), (4L, 4L, '$test$4', 3L, 5L, 5L, 'order...5', 1L), (5L, 5L, 'test...5', 1L, 1L, 1L, 'order\xe4\xb8\xadid\xe4\xb8\xba1', 1L), (5L, 5L, 'test...5', 1L, 2L, 2L, 'test_2', 2L), (5L, 5L, 'test...5', 1L, 3L, 3L, 'order\xe4\xb8\xadid\xe4\xb8\xba3', 3L), (5L, 5L, 'test...5', 1L, 4L, 4L, '$order$4', 4L), (5L, 5L, 'test...5', 1L, 5L, 5L, 'order...5', 1L), (6L, 6L, 'test6', 6L, 1L, 1L, 'order\xe4\xb8\xadid\xe4\xb8\xba1', 1L), (6L, 6L, 'test6', 6L, 2L, 2L, 'test_2', 2L), (6L, 6L, 'test6', 6L, 3L, 3L, 'order\xe4\xb8\xadid\xe4\xb8\xba3', 3L), (6L, 6L, 'test6', 6L, 4L, 4L, '$order$4', 4L), (6L, 6L, 'test6', 6L, 5L, 5L, 'order...5', 1L))]
===file:special_global/select/reference_global.sql, id:22, sql:[select a.id,a.name,a.pad,b.name from test1 a straight_join schema2.test2 b on a.pad=b.pad]===
dble:[[(1L, 'test\xe4\xb8\xadid\xe4\xb8\xba1', 1L, 'order...5'), (1L, 'test\xe4\xb8\xadid\xe4\xb8\xba1', 1L, 'order\xe4\xb8\xadid\xe4\xb8\xba1'), (2L, 'test_2', 2L, 'test_2'), (3L, 'test\xe4\xb8\xadid\xe4\xb8\xba3', 4L, '$order$4'), (4L, '$test$4', 3L, 'order\xe4\xb8\xadid\xe4\xb8\xba3'), (5L, 'test...5', 1L, 'order...5'), (5L, 'test...5', 1L, 'order\xe4\xb8\xadid\xe4\xb8\xba1')]]
===file:special_global/select/reference_global.sql, id:26, sql:[select a.id,a.t_id,a.name,a.pad from test1 a union all select b.id,b.m_id,b.name,b.pad from schema3.test3 b union all select c.id,c.o_id,c.name,c.pad from schema2.test2 c]===
dble:[[(1L, 1L, 'manager\xe4\xb8\xadid\xe4\xb8\xba1', 1L), (1L, 1L, 'order\xe4\xb8\xadid\xe4\xb8\xba1', 1L), (1L, 1L, 'test\xe4\xb8\xadid\xe4\xb8\xba1', 1L), (2L, 2L, 'test_2', 2L), (2L, 2L, 'test_2', 2L), (2L, 2L, 'test_2', 2L), (3L, 3L, 'manager\xe4\xb8\xadid\xe4\xb8\xba3', 3L), (3L, 3L, 'order\xe4\xb8\xadid\xe4\xb8\xba3', 3L), (3L, 3L, 'test\xe4\xb8\xadid\xe4\xb8\xba3', 4L), (4L, 4L, '$manager$4', 4L), (4L, 4L, '$order$4', 4L), (4L, 4L, '$test$4', 3L), (5L, 5L, 'manager...5', 6L), (5L, 5L, 'order...5', 1L), (5L, 5L, 'test...5', 1L), (6L, 6L, 'test6', 6L)]]
===file:special_global/select/reference_global.sql, id:27, sql:[select a.id,a.t_id,a.name,a.pad from test1 a union distinct select b.id,b.m_id,b.name,b.pad from schema3.test3 b union distinct select c.id,c.o_id,c.name,c.pad from schema2.test2 c]===
dble:[[(1L, 1L, 'manager\xe4\xb8\xadid\xe4\xb8\xba1', 1L), (1L, 1L, 'order\xe4\xb8\xadid\xe4\xb8\xba1', 1L), (1L, 1L, 'test\xe4\xb8\xadid\xe4\xb8\xba1', 1L), (2L, 2L, 'test_2', 2L), (3L, 3L, 'manager\xe4\xb8\xadid\xe4\xb8\xba3', 3L), (3L, 3L, 'order\xe4\xb8\xadid\xe4\xb8\xba3', 3L), (3L, 3L, 'test\xe4\xb8\xadid\xe4\xb8\xba3', 4L), (4L, 4L, '$manager$4', 4L), (4L, 4L, '$order$4', 4L), (4L, 4L, '$test$4', 3L), (5L, 5L, 'manager...5', 6L), (5L, 5L, 'order...5', 1L), (5L, 5L, 'test...5', 1L), (6L, 6L, 'test6', 6L)]]
===file:special_global/select/reference_global.sql, id:28, sql:[(select name from test1 where pad=1 order by id limit 10) union all (select name from schema2.test2 where pad=1 order by id limit 10)/*allow_diff_sequence*/]===
dble:[[('order...5',), ('order\xe4\xb8\xadid\xe4\xb8\xba1',), ('test...5',), ('test\xe4\xb8\xadid\xe4\xb8\xba1',)]]
===file:special_global/select/reference_global.sql, id:29, sql:[(select name from test1 where pad=1 order by id limit 10) union distinct (select name from schema2.test2 where pad=1 order by id limit 10)/*allow_diff_sequence*/]===
dble:[[('order...5',), ('order\xe4\xb8\xadid\xe4\xb8\xba1',), ('test...5',), ('test\xe4\xb8\xadid\xe4\xb8\xba1',)]]
===file:special_global/select/reference_global.sql, id:30, sql:[(select a.id,a.t_id,a.name,a.pad from test1 a where a.pad=1) union (select c.id,c.o_id,c.name,c.pad from schema2.test2 c where c.pad=1) order by id limit 10/*allow_diff_sequence*/]===
dble:[[(1L, 1L, 'order\xe4\xb8\xadid\xe4\xb8\xba1', 1L), (1L, 1L, 'test\xe4\xb8\xadid\xe4\xb8\xba1', 1L), (5L, 5L, 'order...5', 1L), (5L, 5L, 'test...5', 1L)]]
===file:special_global/select/reference_global.sql, id:31, sql:[(select name as sort_a from test1 where pad=1) union (select name from schema2.test2 where pad=1) order by sort_a limit 10/*allow_diff_sequence*/]===
dble:[[('order...5',), ('order\xe4\xb8\xadid\xe4\xb8\xba1',), ('test...5',), ('test\xe4\xb8\xadid\xe4\xb8\xba1',)]]
===file:special_global/select/reference_global.sql, id:32, sql:[(select name as sort_a,pad from test1 where pad=1) union (select name,pad from schema2.test2 where pad=1) order by sort_a,pad limit 10/*allow_diff_sequence*/]===
dble:[[('order...5', 1L), ('order\xe4\xb8\xadid\xe4\xb8\xba1', 1L), ('test...5', 1L), ('test\xe4\xb8\xadid\xe4\xb8\xba1', 1L)]]
===file:special_global/select/reference_global.sql, id:36, sql:[drop table if exists test1]===
dble:[[]]
===file:special_global/select/reference_global.sql, id:37, sql:[drop table if exists schema2.test2]===
dble:[[]]
===file:special_global/select/reference_global.sql, id:38, sql:[drop table if exists schema3.test3]===
dble:[[]]
