===file:special_global/select/select_global_old.sql, id:210, sql:[select sum(O_TOTALPRICE) as sums,O_CUSTKEY,count(O_ORDERKEY) counts from test1 where O_CUSTKEY between 'CUSTKEY_003' and 'CUSTKEY_500' group by 2 asc having sums>400 order by (select C_ORDERKEY from schema2.test2 where c_custkey=o_custkey) asc]===
dble:[None]
mysql:[((Decimal('300000'), 'CUSTKEY_003', 2), (Decimal('500'), 'CUSTKEY_111', 1), (Decimal('88888888'), 'CUSTKEY_333', 1), (Decimal('323456'), 'CUSTKEY_012', 1))]
dble err:(4004, 'column o_custkey not found')
===file:special_global/select/select_global_old.sql, id:211, sql:[select ALL HIGH_PRIORITY STRAIGHT_JOIN SQL_SMALL_RESULT SQL_BIG_RESULT SQL_BUFFER_RESULT SQL_CACHE SQL_CALC_FOUND_ROWS sum(O_TOTALPRICE) as sums,O_CUSTKEY,count(O_ORDERKEY) counts from test1 where O_CUSTKEY between 'CUSTKEY_003' and 'CUSTKEY_500' group by 2 asc having sums>400 order by (select C_ORDERKEY from schema2.test2 where c_custkey=o_custkey) asc]===
dble:[None]
mysql:[((Decimal('300000'), 'CUSTKEY_003', 2), (Decimal('500'), 'CUSTKEY_111', 1), (Decimal('88888888'), 'CUSTKEY_333', 1), (Decimal('323456'), 'CUSTKEY_012', 1))]
dble err:(4004, 'column o_custkey not found')
===file:special_global/select/select_global_old.sql, id:220, sql:[select sum(O_TOTALPRICE) as sums,O_CUSTKEY,count(O_ORDERKEY) counts from test1 where O_CUSTKEY between 'CUSTKEY_002' and 'CUSTKEY_050' group by 2 asc having O_CUSTKEY<(select max(c_custkey) from schema2.test2) order by (select C_ORDERKEY from schema2.test2 where c_custkey=o_custkey) asc]===
dble:[None]
mysql:[((Decimal('300000'), 'CUSTKEY_003', 2), (Decimal('323456'), 'CUSTKEY_012', 1))]
dble err:(4004, 'column o_custkey not found')
===file:special_global/select/select_global_old.sql, id:221, sql:[select ALL HIGH_PRIORITY STRAIGHT_JOIN SQL_SMALL_RESULT SQL_BIG_RESULT SQL_BUFFER_RESULT SQL_CACHE SQL_CALC_FOUND_ROWS sum(O_TOTALPRICE) as sums,O_CUSTKEY,count(O_ORDERKEY) counts from test1 where O_CUSTKEY between 'CUSTKEY_002' and 'CUSTKEY_050' group by 2 asc having O_CUSTKEY<(select max(c_custkey) from schema2.test2) order by (select C_ORDERKEY from schema2.test2 where c_custkey=o_custkey) asc]===
dble:[None]
mysql:[((Decimal('300000'), 'CUSTKEY_003', 2), (Decimal('323456'), 'CUSTKEY_012', 1))]
dble err:(4004, 'column o_custkey not found')
===file:special_global/select/select_global_old.sql, id:250, sql:[select count(*) from schema2.test2 as a where a.c_CUSTKEY=(select max(C_CUSTKEY) from test1 where C_CUSTKEY=a.C_CUSTKEY)]===
dble:[None]
mysql:[((1,),)]
dble err:(1105, 'Correlated Sub Queries is not supported ')
===file:special_global/select/select_global_old.sql, id:251, sql:[select C_CUSTKEY  from schema2.test2 as a where (select count(*) from test1 where O_CUSTKEY=a.C_CUSTKEY)=2]===
dble:[None]
mysql:[(('CUSTKEY_003',),)]
dble err:(1105, 'Correlated Sub Queries is not supported ')
===file:special_global/select/select_global_old.sql, id:254, sql:[select count(*) from schema2.test2 as a where 2>all(select count(*) from test1 where O_CUSTKEY=C_CUSTKEY)]===
dble:[None]
mysql:[((6,),)]
dble err:(1105, 'Correlated Sub Queries is not supported ')
===file:special_global/select/select_global_old.sql, id:255, sql:[select id,O_CUSTKEY,O_ORDERKEY,O_TOTALPRICE from test1 a where (a.O_ORDERKEY,O_CUSTKEY)=(select c_ORDERKEY,c_CUSTKEY from schema2.test2 where c_name='yanglu')]===
dble:[None]
mysql:[((6, 'CUSTKEY_420', 'ORDERKEY_006', 231),)]
dble err:(1064, 'Row Subqueries is not supported')
===file:special_global/select/select_global_old.sql, id:256, sql:[select id,O_CUSTKEY,O_ORDERKEY,O_TOTALPRICE from test1 a where (a.O_ORDERKEY,a.O_CUSTKEY) in (select c_ORDERKEY,c_CUSTKEY from schema2.test2) order by id,O_ORDERKEY,O_CUSTKEY,O_TOTALPRICE,MYDATE]===
dble:[None]
mysql:[((1, 'CUSTKEY_003', 'ORDERKEY_001', 200000), (4, 'CUSTKEY_111', 'ORDERKEY_004', 500), (5, 'CUSTKEY_132', 'ORDERKEY_005', 100), (6, 'CUSTKEY_420', 'ORDERKEY_006', 231), (7, 'CUSTKEY_980', 'ORDERKEY_007', 12000), (10, 'CUSTKEY_333', 'ORDERKEY_010', 88888888), (11, 'CUSTKEY_012', 'ORDERKEY_011', 323456))]
dble err:(1064, 'Row Subqueries is not supported')
===file:special_global/select/select_global_old.sql, id:257, sql:[select id,O_CUSTKEY,O_ORDERKEY,O_TOTALPRICE from test1 a where exists(select * from schema2.test2 where a.O_CUSTKEY=schema2.test2.C_CUSTKEY)]===
dble:[None]
mysql:[((1, 'CUSTKEY_003', 'ORDERKEY_001', 200000), (2, 'CUSTKEY_003', 'ORDERKEY_002', 100000), (4, 'CUSTKEY_111', 'ORDERKEY_004', 500), (5, 'CUSTKEY_132', 'ORDERKEY_005', 100), (6, 'CUSTKEY_420', 'ORDERKEY_006', 231), (7, 'CUSTKEY_980', 'ORDERKEY_007', 12000), (10, 'CUSTKEY_333', 'ORDERKEY_010', 88888888), (11, 'CUSTKEY_012', 'ORDERKEY_011', 323456))]
dble err:(1105, 'Correlated Sub Queries is not supported ')
===file:special_global/select/select_global_old.sql, id:258, sql:[select distinct O_ORDERKEY,O_CUSTKEY from test1 a where exists(select * from schema2.test2 where a.O_CUSTKEY=schema2.test2.C_CUSTKEY)]===
dble:[None]
mysql:[(('ORDERKEY_001', 'CUSTKEY_003'), ('ORDERKEY_002', 'CUSTKEY_003'), ('ORDERKEY_011', 'CUSTKEY_012'), ('ORDERKEY_004', 'CUSTKEY_111'), ('ORDERKEY_005', 'CUSTKEY_132'), ('ORDERKEY_010', 'CUSTKEY_333'), ('ORDERKEY_006', 'CUSTKEY_420'), ('ORDERKEY_007', 'CUSTKEY_980'))]
dble err:(1105, 'Correlated Sub Queries is not supported ')
===file:special_global/select/select_global_old.sql, id:259, sql:[select count(*) from test1 a where not exists(select * from schema2.test2 where a.O_CUSTKEY=schema2.test2.C_CUSTKEY)]===
dble:[None]
mysql:[((0,),)]
dble err:(1105, 'Correlated Sub Queries is not supported ')