===file:special_global/select/subquery_global.sql, id:63, sql:[select id,t_id,name,pad from test1 where (id,pad)=(select id,pad from schema3.test3 limit 1)]===
dble:[None]
mysql:[((1, 1, 'test中id为1', 1),)]
dble err:(1064, 'Row Subqueries is not supported')
===file:special_global/select/subquery_global.sql, id:64, sql:[select id,t_id,name,pad from test1 where row(id,pad)=(select id,pad from schema3.test3 limit 1)]===
dble:[None]
mysql:[((1, 1, 'test中id为1', 1),)]
dble err:(1241, 'Operand should contain 1 column(s)')
===file:special_global/select/subquery_global.sql, id:65, sql:[select id,name,pad from test1 where (id,pad)in(select id,pad from schema3.test3)]===
dble:[None]
mysql:[((1, 'test中id为1', 1), (2, 'test_2', 2), (5, 'test...5', 1))]
dble err:(1064, 'Row Subqueries is not supported')
===file:special_global/select/subquery_global.sql, id:66, sql:[select id,name,pad from test1 where (1,1)in(select id,pad from schema3.test3)]===
dble:[None]
mysql:[((1, 'test中id为1', 1), (2, 'test_2', 2), (3, 'test中id为3', 4), (4, '$test$4', 3), (5, 'test...5', 1), (6, 'test6', 6))]
dble err:(1064, 'Row Subqueries is not supported')
===file:special_global/select/subquery_global.sql, id:67, sql:[SELECT pad FROM test1 AS x WHERE x.id = (SELECT pad FROM schema3.test3 AS y WHERE x.id = (SELECT pad FROM schema2.test2 WHERE y.id = schema2.test2.id))]===
dble:[None]
mysql:[((1,), (2,), (4,), (3,))]
dble err:(1105, 'Correlated Sub Queries is not supported ')