===file:sqls_util/syntax/data_types_1.sql, id:3, sql:[DROP TABLE IF EXISTS  test1]===
dble:[[]]
===file:sqls_util/syntax/data_types_1.sql, id:4, sql:[CREATE TABLE  test1( id int,data bit)]===
dble:[[]]
===file:sqls_util/syntax/data_types_1.sql, id:5, sql:[INSERT INTO test1 VALUES (1,0)]===
dble:[[]]
===file:sqls_util/syntax/data_types_1.sql, id:7, sql:[INSERT INTO test1 VALUES (3,b'1')]===
dble:[[]]
===file:sqls_util/syntax/data_types_1.sql, id:8, sql:[SELECT id, data FROM test1]===
dble:[[(1L, '\x00'), (3L, '\x01')]]
===file:sqls_util/syntax/data_types_1.sql, id:9, sql:[DROP TABLE IF EXISTS  test1]===
dble:[[]]
===file:sqls_util/syntax/data_types_1.sql, id:10, sql:[CREATE TABLE  test1( id int,data bit(8) )]===
dble:[[]]
===file:sqls_util/syntax/data_types_1.sql, id:12, sql:[INSERT INTO test1 VALUES (2,2)]===
dble:[[]]
===file:sqls_util/syntax/data_types_1.sql, id:13, sql:[INSERT INTO test1 VALUES (3,b'11111')]===
dble:[[]]
===file:sqls_util/syntax/data_types_1.sql, id:14, sql:[SELECT id,data FROM test1]===
dble:[[(2L, '\x02'), (3L, '\x1f')]]
===file:sqls_util/syntax/data_types_1.sql, id:15, sql:[drop table if exists test1]===
dble:[[]]
===file:sqls_util/syntax/data_types_1.sql, id:16, sql:[create table test1(id BIT(8))]===
dble:[[]]
===file:sqls_util/syntax/data_types_1.sql, id:17, sql:[INSERT INTO test1 SET id = b'11111111']===
dble:[[]]
===file:sqls_util/syntax/data_types_1.sql, id:18, sql:[INSERT INTO test1 SET id = b'00000000']===
dble:[[]]
===file:sqls_util/syntax/data_types_1.sql, id:19, sql:[INSERT INTO test1 SET id = b'1010']===
dble:[[]]
===file:sqls_util/syntax/data_types_1.sql, id:20, sql:[INSERT INTO test1 SET id = b'0101']===
dble:[[]]
===file:sqls_util/syntax/data_types_1.sql, id:21, sql:[INSERT INTO test1 SET id = b'01010']===
dble:[[]]
===file:sqls_util/syntax/data_types_1.sql, id:22, sql:[INSERT INTO test1 SET id = 0b11111111]===
dble:[[]]
===file:sqls_util/syntax/data_types_1.sql, id:23, sql:[INSERT INTO test1 SET id = 0b00000000]===
dble:[[]]
===file:sqls_util/syntax/data_types_1.sql, id:24, sql:[INSERT INTO test1 SET id = 0b1010]===
dble:[[]]
===file:sqls_util/syntax/data_types_1.sql, id:25, sql:[INSERT INTO test1 SET id = 0b0101]===
dble:[[]]
===file:sqls_util/syntax/data_types_1.sql, id:26, sql:[INSERT INTO test1 SET id = 0b01010]===
dble:[[]]
===file:sqls_util/syntax/data_types_1.sql, id:27, sql:[SELECT id, id+0, BIN(id+0), OCT(id+0), HEX(id+0) FROM test1]===
dble:[[('\x00', 0L, '0', '0', '0'), ('\x00', 0L, '0', '0', '0'), ('\x05', 5L, '101', '5', '5'), ('\x05', 5L, '101', '5', '5'), ('\n', 10L, '1010', '12', 'A'), ('\n', 10L, '1010', '12', 'A'), ('\n', 10L, '1010', '12', 'A'), ('\n', 10L, '1010', '12', 'A'), ('\xff', 255L, '11111111', '377', 'FF'), ('\xff', 255L, '11111111', '377', 'FF')]]
===file:sqls_util/syntax/data_types_1.sql, id:30, sql:[DROP TABLE IF EXISTS  test1]===
dble:[[]]
===file:sqls_util/syntax/data_types_1.sql, id:31, sql:[CREATE TABLE  test1( id int,data tinyint)]===
dble:[[]]
===file:sqls_util/syntax/data_types_1.sql, id:35, sql:[INSERT INTO test1 ( id,data) VALUES (1111,-128),(1112,0),(1113,127)]===
dble:[[]]
===file:sqls_util/syntax/data_types_1.sql, id:36, sql:[SELECT id, data FROM test1]===
dble:[[(1111L, -128), (1112L, 0), (1113L, 127)]]
===file:sqls_util/syntax/data_types_1.sql, id:37, sql:[DROP TABLE IF EXISTS  test1]===
dble:[[]]
===file:sqls_util/syntax/data_types_1.sql, id:38, sql:[CREATE TABLE  test1( id int,data tinyint(2))]===
dble:[[]]
===file:sqls_util/syntax/data_types_1.sql, id:39, sql:[INSERT INTO test1 ( id,data) VALUES (1111,-128),(1112,0),(1113,127)]===
dble:[[]]
===file:sqls_util/syntax/data_types_1.sql, id:40, sql:[SELECT id, data FROM test1]===
dble:[[(1111L, -128), (1112L, 0), (1113L, 127)]]
===file:sqls_util/syntax/data_types_1.sql, id:41, sql:[DROP TABLE IF EXISTS  test1]===
dble:[[]]
===file:sqls_util/syntax/data_types_1.sql, id:42, sql:[CREATE TABLE  test1( id int,data tinyint UNSIGNED)]===
dble:[[]]
===file:sqls_util/syntax/data_types_1.sql, id:46, sql:[INSERT INTO test1 ( id,data) VALUES (1111,0),(1112,255)]===
dble:[[]]
===file:sqls_util/syntax/data_types_1.sql, id:47, sql:[SELECT id, data FROM test1]===
dble:[[(1111L, 0), (1112L, 255)]]
===file:sqls_util/syntax/data_types_1.sql, id:48, sql:[DROP TABLE IF EXISTS  test1]===
dble:[[]]
===file:sqls_util/syntax/data_types_1.sql, id:49, sql:[CREATE TABLE  test1( id int,data tinyint(2) UNSIGNED)]===
dble:[[]]
===file:sqls_util/syntax/data_types_1.sql, id:50, sql:[INSERT INTO test1 ( id,data) VALUES (1111,0),(1112,255)]===
dble:[[]]
===file:sqls_util/syntax/data_types_1.sql, id:51, sql:[SELECT id,data FROM test1]===
dble:[[(1111L, 0), (1112L, 255)]]
===file:sqls_util/syntax/data_types_1.sql, id:52, sql:[DROP TABLE IF EXISTS  test1]===
dble:[[]]
===file:sqls_util/syntax/data_types_1.sql, id:53, sql:[CREATE TABLE  test1( id int,data tinyint(3) ZEROFILL)]===
dble:[[]]
===file:sqls_util/syntax/data_types_1.sql, id:56, sql:[INSERT INTO test1 ( id,data) VALUES (1111,0),(1112,255)]===
dble:[[]]
===file:sqls_util/syntax/data_types_1.sql, id:57, sql:[SELECT id,data FROM test1]===
dble:[[(1111L, 0), (1112L, 255)]]
===file:sqls_util/syntax/data_types_1.sql, id:58, sql:[DROP TABLE IF EXISTS  test1]===
dble:[[]]
===file:sqls_util/syntax/data_types_1.sql, id:59, sql:[CREATE TABLE  test1( id int,data tinyint ZEROFILL)]===
dble:[[]]
===file:sqls_util/syntax/data_types_1.sql, id:60, sql:[INSERT INTO test1 ( id,data) VALUES (1111,0),(1112,255)]===
dble:[[]]
===file:sqls_util/syntax/data_types_1.sql, id:61, sql:[SELECT id,data FROM test1]===
dble:[[(1111L, 0), (1112L, 255)]]
===file:sqls_util/syntax/data_types_1.sql, id:62, sql:[DROP TABLE IF EXISTS  test1]===
dble:[[]]
===file:sqls_util/syntax/data_types_1.sql, id:63, sql:[CREATE TABLE  test1( id int,data tinyint(3) UNSIGNED ZEROFILL)]===
dble:[[]]
===file:sqls_util/syntax/data_types_1.sql, id:66, sql:[INSERT INTO test1 ( id,data) VALUES (1111,0),(1112,255)]===
dble:[[]]
===file:sqls_util/syntax/data_types_1.sql, id:67, sql:[SELECT id,data FROM test1]===
dble:[[(1111L, 0), (1112L, 255)]]
===file:sqls_util/syntax/data_types_1.sql, id:68, sql:[DROP TABLE IF EXISTS  test1]===
dble:[[]]
===file:sqls_util/syntax/data_types_1.sql, id:69, sql:[CREATE TABLE  test1( id int,data tinyint UNSIGNED ZEROFILL)]===
dble:[[]]
===file:sqls_util/syntax/data_types_1.sql, id:70, sql:[INSERT INTO test1 ( id,data) VALUES (1111,0),(1112,255)]===
dble:[[]]
===file:sqls_util/syntax/data_types_1.sql, id:71, sql:[SELECT id,data FROM test1]===
dble:[[(1111L, 0), (1112L, 255)]]
===file:sqls_util/syntax/data_types_1.sql, id:74, sql:[DROP TABLE IF EXISTS  test1]===
dble:[[]]
===file:sqls_util/syntax/data_types_1.sql, id:75, sql:[CREATE TABLE  test1( id int,data smallint)]===
dble:[[]]
===file:sqls_util/syntax/data_types_1.sql, id:79, sql:[INSERT INTO test1 ( id,data) VALUES (1111,-32768),(1112,0),(1113,32767)]===
dble:[[]]
===file:sqls_util/syntax/data_types_1.sql, id:80, sql:[SELECT id, data FROM test1]===
dble:[[(1111L, -32768), (1112L, 0), (1113L, 32767)]]
===file:sqls_util/syntax/data_types_1.sql, id:81, sql:[DROP TABLE IF EXISTS  test1]===
dble:[[]]
===file:sqls_util/syntax/data_types_1.sql, id:82, sql:[CREATE TABLE  test1( id int,data smallint(3))]===
dble:[[]]
===file:sqls_util/syntax/data_types_1.sql, id:83, sql:[INSERT INTO test1 ( id,data) VALUES (1111,-32768),(1112,0),(1113,32767)]===
dble:[[]]
===file:sqls_util/syntax/data_types_1.sql, id:84, sql:[SELECT id, data FROM test1]===
dble:[[(1111L, -32768), (1112L, 0), (1113L, 32767)]]
===file:sqls_util/syntax/data_types_1.sql, id:85, sql:[DROP TABLE IF EXISTS  test1]===
dble:[[]]
===file:sqls_util/syntax/data_types_1.sql, id:86, sql:[CREATE TABLE  test1( id int,data smallint UNSIGNED)]===
dble:[[]]
===file:sqls_util/syntax/data_types_1.sql, id:90, sql:[INSERT INTO test1 ( id,data) VALUES (1111,0),(1112,65535)]===
dble:[[]]
===file:sqls_util/syntax/data_types_1.sql, id:91, sql:[SELECT id, data FROM test1]===
dble:[[(1111L, 0), (1112L, 65535)]]
===file:sqls_util/syntax/data_types_1.sql, id:92, sql:[DROP TABLE IF EXISTS  test1]===
dble:[[]]
===file:sqls_util/syntax/data_types_1.sql, id:93, sql:[CREATE TABLE  test1( id int,data smallint(3) UNSIGNED)]===
dble:[[]]
===file:sqls_util/syntax/data_types_1.sql, id:94, sql:[INSERT INTO test1 ( id,data) VALUES (1111,0),(1112,65535)]===
dble:[[]]
===file:sqls_util/syntax/data_types_1.sql, id:95, sql:[SELECT id, data FROM test1]===
dble:[[(1111L, 0), (1112L, 65535)]]
===file:sqls_util/syntax/data_types_1.sql, id:96, sql:[DROP TABLE IF EXISTS  test1]===
dble:[[]]
===file:sqls_util/syntax/data_types_1.sql, id:97, sql:[CREATE TABLE  test1( id int,data smallint(6) ZEROFILL)]===
dble:[[]]
===file:sqls_util/syntax/data_types_1.sql, id:100, sql:[INSERT INTO test1 ( id,data) VALUES (1111,0),(1112,65535)]===
dble:[[]]
===file:sqls_util/syntax/data_types_1.sql, id:101, sql:[SELECT id, data FROM test1]===
dble:[[(1111L, 0), (1112L, 65535)]]
===file:sqls_util/syntax/data_types_1.sql, id:102, sql:[DROP TABLE IF EXISTS  test1]===
dble:[[]]
===file:sqls_util/syntax/data_types_1.sql, id:103, sql:[CREATE TABLE  test1( id int,data smallint ZEROFILL)]===
dble:[[]]
===file:sqls_util/syntax/data_types_1.sql, id:104, sql:[INSERT INTO test1 ( id,data) VALUES (1111,0),(1112,65535)]===
dble:[[]]
===file:sqls_util/syntax/data_types_1.sql, id:105, sql:[SELECT id, data FROM test1]===
dble:[[(1111L, 0), (1112L, 65535)]]
===file:sqls_util/syntax/data_types_1.sql, id:106, sql:[DROP TABLE IF EXISTS  test1]===
dble:[[]]
===file:sqls_util/syntax/data_types_1.sql, id:107, sql:[CREATE TABLE  test1( id int,data smallint(6) UNSIGNED ZEROFILL)]===
dble:[[]]
===file:sqls_util/syntax/data_types_1.sql, id:110, sql:[INSERT INTO test1 ( id,data) VALUES (1111,0),(1112,65535)]===
dble:[[]]
===file:sqls_util/syntax/data_types_1.sql, id:111, sql:[SELECT id, data FROM test1]===
dble:[[(1111L, 0), (1112L, 65535)]]
===file:sqls_util/syntax/data_types_1.sql, id:112, sql:[DROP TABLE IF EXISTS  test1]===
dble:[[]]
===file:sqls_util/syntax/data_types_1.sql, id:113, sql:[CREATE TABLE  test1( id int,data smallint UNSIGNED ZEROFILL)]===
dble:[[]]
===file:sqls_util/syntax/data_types_1.sql, id:114, sql:[INSERT INTO test1 ( id,data) VALUES (1111,0),(1112,65535)]===
dble:[[]]
===file:sqls_util/syntax/data_types_1.sql, id:115, sql:[SELECT id, data FROM test1]===
dble:[[(1111L, 0), (1112L, 65535)]]
===file:sqls_util/syntax/data_types_1.sql, id:118, sql:[DROP TABLE IF EXISTS  test1]===
dble:[[]]
===file:sqls_util/syntax/data_types_1.sql, id:119, sql:[CREATE TABLE  test1( id int,data mediumint)]===
dble:[[]]
===file:sqls_util/syntax/data_types_1.sql, id:121, sql:[INSERT INTO test1 ( id,data) VALUES (2,8388607)]===
dble:[[]]
===file:sqls_util/syntax/data_types_1.sql, id:123, sql:[INSERT INTO test1 ( id,data) VALUES (1111,-8388608),(1112,0),(1113,8388607)]===
dble:[[]]
===file:sqls_util/syntax/data_types_1.sql, id:124, sql:[SELECT id, data FROM test1]===
dble:[[(2L, 8388607), (1111L, -8388608), (1112L, 0), (1113L, 8388607)]]
===file:sqls_util/syntax/data_types_1.sql, id:125, sql:[DROP TABLE IF EXISTS  test1]===
dble:[[]]
===file:sqls_util/syntax/data_types_1.sql, id:126, sql:[CREATE TABLE  test1( id int,data mediumint(5))]===
dble:[[]]
===file:sqls_util/syntax/data_types_1.sql, id:127, sql:[INSERT INTO test1 ( id,data) VALUES (1111,-8388608),(1112,0),(1113,8388607)]===
dble:[[]]
===file:sqls_util/syntax/data_types_1.sql, id:128, sql:[SELECT id, data FROM test1]===
dble:[[(1111L, -8388608), (1112L, 0), (1113L, 8388607)]]
===file:sqls_util/syntax/data_types_1.sql, id:129, sql:[DROP TABLE IF EXISTS  test1]===
dble:[[]]
===file:sqls_util/syntax/data_types_1.sql, id:130, sql:[CREATE TABLE  test1( id int,data mediumint UNSIGNED)]===
dble:[[]]
===file:sqls_util/syntax/data_types_1.sql, id:134, sql:[INSERT INTO test1 ( id,data) VALUES (1111,0),(1112,16777215)]===
dble:[[]]
===file:sqls_util/syntax/data_types_1.sql, id:135, sql:[SELECT id, data FROM test1]===
dble:[[(1111L, 0), (1112L, 16777215)]]
===file:sqls_util/syntax/data_types_1.sql, id:136, sql:[DROP TABLE IF EXISTS  test1]===
dble:[[]]
===file:sqls_util/syntax/data_types_1.sql, id:137, sql:[CREATE TABLE  test1( id int,data mediumint(5) UNSIGNED)]===
dble:[[]]
===file:sqls_util/syntax/data_types_1.sql, id:138, sql:[INSERT INTO test1 ( id,data) VALUES (1111,0),(1112,16777215)]===
dble:[[]]
===file:sqls_util/syntax/data_types_1.sql, id:139, sql:[SELECT id, data FROM test1]===
dble:[[(1111L, 0), (1112L, 16777215)]]
===file:sqls_util/syntax/data_types_1.sql, id:140, sql:[DROP TABLE IF EXISTS  test1]===
dble:[[]]
===file:sqls_util/syntax/data_types_1.sql, id:141, sql:[CREATE TABLE  test1( id int,data mediumint(6) ZEROFILL)]===
dble:[[]]
===file:sqls_util/syntax/data_types_1.sql, id:144, sql:[INSERT INTO test1 ( id,data) VALUES (1111,0),(1112,16777215)]===
dble:[[]]
===file:sqls_util/syntax/data_types_1.sql, id:145, sql:[SELECT id, data FROM test1]===
dble:[[(1111L, 0), (1112L, 16777215)]]
===file:sqls_util/syntax/data_types_1.sql, id:146, sql:[DROP TABLE IF EXISTS  test1]===
dble:[[]]
===file:sqls_util/syntax/data_types_1.sql, id:147, sql:[CREATE TABLE  test1( id int,data mediumint ZEROFILL)]===
dble:[[]]
===file:sqls_util/syntax/data_types_1.sql, id:148, sql:[INSERT INTO test1 ( id,data) VALUES (1111,0),(1112,16777215)]===
dble:[[]]
===file:sqls_util/syntax/data_types_1.sql, id:149, sql:[SELECT id, data FROM test1]===
dble:[[(1111L, 0), (1112L, 16777215)]]
===file:sqls_util/syntax/data_types_1.sql, id:150, sql:[DROP TABLE IF EXISTS  test1]===
dble:[[]]
===file:sqls_util/syntax/data_types_1.sql, id:151, sql:[CREATE TABLE  test1( id int,data mediumint(6) UNSIGNED ZEROFILL)]===
dble:[[]]
===file:sqls_util/syntax/data_types_1.sql, id:154, sql:[INSERT INTO test1 ( id,data) VALUES (1111,0),(1112,16777215)]===
dble:[[]]
===file:sqls_util/syntax/data_types_1.sql, id:155, sql:[SELECT id, data FROM test1]===
dble:[[(1111L, 0), (1112L, 16777215)]]
===file:sqls_util/syntax/data_types_1.sql, id:156, sql:[DROP TABLE IF EXISTS  test1]===
dble:[[]]
===file:sqls_util/syntax/data_types_1.sql, id:157, sql:[CREATE TABLE  test1( id int,data mediumint UNSIGNED ZEROFILL)]===
dble:[[]]
===file:sqls_util/syntax/data_types_1.sql, id:158, sql:[INSERT INTO test1 ( id,data) VALUES (1111,0),(1112,16777215)]===
dble:[[]]
===file:sqls_util/syntax/data_types_1.sql, id:159, sql:[SELECT id, data FROM test1]===
dble:[[(1111L, 0), (1112L, 16777215)]]
===file:sqls_util/syntax/data_types_1.sql, id:162, sql:[DROP TABLE IF EXISTS  test1]===
dble:[[]]
===file:sqls_util/syntax/data_types_1.sql, id:163, sql:[CREATE TABLE  test1( id int,data int)]===
dble:[[]]
===file:sqls_util/syntax/data_types_1.sql, id:167, sql:[INSERT INTO test1 ( id,data) VALUES (1111,-2147483648),(1112,0),(1113,2147483647)]===
dble:[[]]
===file:sqls_util/syntax/data_types_1.sql, id:168, sql:[SELECT id, data FROM test1]===
dble:[[(1111L, -2147483648L), (1112L, 0L), (1113L, 2147483647L)]]
===file:sqls_util/syntax/data_types_1.sql, id:169, sql:[DROP TABLE IF EXISTS  test1]===
dble:[[]]
===file:sqls_util/syntax/data_types_1.sql, id:170, sql:[CREATE TABLE  test1( id int,data int(5))]===
dble:[[]]
===file:sqls_util/syntax/data_types_1.sql, id:171, sql:[INSERT INTO test1 ( id,data) VALUES (1111,-2147483648),(1112,0),(1113,2147483647)]===
dble:[[]]
===file:sqls_util/syntax/data_types_1.sql, id:172, sql:[SELECT id, data FROM test1]===
dble:[[(1111L, -2147483648L), (1112L, 0L), (1113L, 2147483647L)]]
===file:sqls_util/syntax/data_types_1.sql, id:173, sql:[DROP TABLE IF EXISTS  test1]===
dble:[[]]
===file:sqls_util/syntax/data_types_1.sql, id:174, sql:[CREATE TABLE  test1( id int,data int UNSIGNED)]===
dble:[[]]
===file:sqls_util/syntax/data_types_1.sql, id:178, sql:[INSERT INTO test1 ( id,data) VALUES (1111,4294967295),(1112,0)]===
dble:[[]]
===file:sqls_util/syntax/data_types_1.sql, id:179, sql:[SELECT id, data FROM test1]===
dble:[[(1111L, 4294967295L), (1112L, 0L)]]
===file:sqls_util/syntax/data_types_1.sql, id:180, sql:[DROP TABLE IF EXISTS  test1]===
dble:[[]]
===file:sqls_util/syntax/data_types_1.sql, id:181, sql:[CREATE TABLE  test1( id int,data int(11) UNSIGNED)]===
dble:[[]]
===file:sqls_util/syntax/data_types_1.sql, id:182, sql:[INSERT INTO test1 ( id,data) VALUES (1111,4294967295),(1112,0)]===
dble:[[]]
===file:sqls_util/syntax/data_types_1.sql, id:183, sql:[SELECT id, data FROM test1]===
dble:[[(1111L, 4294967295L), (1112L, 0L)]]
===file:sqls_util/syntax/data_types_1.sql, id:184, sql:[DROP TABLE IF EXISTS  test1]===
dble:[[]]
===file:sqls_util/syntax/data_types_1.sql, id:185, sql:[CREATE TABLE  test1( id int,data int(5) ZEROFILL)]===
dble:[[]]
===file:sqls_util/syntax/data_types_1.sql, id:188, sql:[INSERT INTO test1 ( id,data) VALUES (1111,0),(1112,1),(1113,10000),(1114,100000)]===
dble:[[]]
===file:sqls_util/syntax/data_types_1.sql, id:189, sql:[SELECT id, data FROM test1]===
dble:[[(1111L, 0L), (1112L, 1L), (1113L, 10000L), (1114L, 100000L)]]
===file:sqls_util/syntax/data_types_1.sql, id:190, sql:[DROP TABLE IF EXISTS  test1]===
dble:[[]]
===file:sqls_util/syntax/data_types_1.sql, id:191, sql:[CREATE TABLE  test1( id int,data int ZEROFILL)]===
dble:[[]]
===file:sqls_util/syntax/data_types_1.sql, id:192, sql:[INSERT INTO test1 ( id,data) VALUES (1111,0),(1112,1),(1113,10000),(1114,100000)]===
dble:[[]]
===file:sqls_util/syntax/data_types_1.sql, id:193, sql:[SELECT id, data FROM test1]===
dble:[[(1111L, 0L), (1112L, 1L), (1113L, 10000L), (1114L, 100000L)]]
===file:sqls_util/syntax/data_types_1.sql, id:194, sql:[DROP TABLE IF EXISTS  test1]===
dble:[[]]
===file:sqls_util/syntax/data_types_1.sql, id:195, sql:[CREATE TABLE  test1( id int,data int(5) UNSIGNED ZEROFILL)]===
dble:[[]]
===file:sqls_util/syntax/data_types_1.sql, id:200, sql:[SELECT id, data FROM test1]===
dble:[[]]
===file:sqls_util/syntax/data_types_1.sql, id:201, sql:[DROP TABLE IF EXISTS  test1]===
dble:[[]]
===file:sqls_util/syntax/data_types_1.sql, id:202, sql:[CREATE TABLE  test1( id int,data int UNSIGNED ZEROFILL)]===
dble:[[]]
===file:sqls_util/syntax/data_types_1.sql, id:204, sql:[SELECT id, data FROM test1]===
dble:[[]]
===file:sqls_util/syntax/data_types_1.sql, id:207, sql:[DROP TABLE IF EXISTS  test1]===
dble:[[]]
===file:sqls_util/syntax/data_types_1.sql, id:208, sql:[CREATE TABLE  test1( id int,data INTEGER)]===
dble:[[]]
===file:sqls_util/syntax/data_types_1.sql, id:212, sql:[INSERT INTO test1 ( id,data) VALUES (1111,-2147483648),(1112,0),(1113,2147483647)]===
dble:[[]]
===file:sqls_util/syntax/data_types_1.sql, id:213, sql:[SELECT id, data FROM test1]===
dble:[[(1111L, -2147483648L), (1112L, 0L), (1113L, 2147483647L)]]
===file:sqls_util/syntax/data_types_1.sql, id:214, sql:[DROP TABLE IF EXISTS  test1]===
dble:[[]]
===file:sqls_util/syntax/data_types_1.sql, id:215, sql:[CREATE TABLE  test1( id int,data INTEGER(5))]===
dble:[[]]
===file:sqls_util/syntax/data_types_1.sql, id:216, sql:[INSERT INTO test1 ( id,data) VALUES (1111,-2147483648),(1112,0),(1113,2147483647)]===
dble:[[]]
===file:sqls_util/syntax/data_types_1.sql, id:217, sql:[SELECT id, data FROM test1]===
dble:[[(1111L, -2147483648L), (1112L, 0L), (1113L, 2147483647L)]]
===file:sqls_util/syntax/data_types_1.sql, id:218, sql:[DROP TABLE IF EXISTS  test1]===
dble:[[]]
===file:sqls_util/syntax/data_types_1.sql, id:219, sql:[CREATE TABLE  test1( id int,data INTEGER UNSIGNED)]===
dble:[[]]
===file:sqls_util/syntax/data_types_1.sql, id:223, sql:[INSERT INTO test1 ( id,data) VALUES (1111,4294967295),(1112,0)]===
dble:[[]]
===file:sqls_util/syntax/data_types_1.sql, id:224, sql:[SELECT id, data FROM test1]===
dble:[[(1111L, 4294967295L), (1112L, 0L)]]
===file:sqls_util/syntax/data_types_1.sql, id:225, sql:[DROP TABLE IF EXISTS  test1]===
dble:[[]]
===file:sqls_util/syntax/data_types_1.sql, id:226, sql:[CREATE TABLE  test1( id int,data INTEGER(5) UNSIGNED)]===
dble:[[]]
===file:sqls_util/syntax/data_types_1.sql, id:227, sql:[INSERT INTO test1 ( id,data) VALUES (1111,4294967295),(1112,0)]===
dble:[[]]
===file:sqls_util/syntax/data_types_1.sql, id:228, sql:[SELECT id, data FROM test1]===
dble:[[(1111L, 4294967295L), (1112L, 0L)]]
===file:sqls_util/syntax/data_types_1.sql, id:229, sql:[DROP TABLE IF EXISTS  test1]===
dble:[[]]
===file:sqls_util/syntax/data_types_1.sql, id:230, sql:[CREATE TABLE  test1( id int,data INTEGER(5) ZEROFILL)]===
dble:[[]]
===file:sqls_util/syntax/data_types_1.sql, id:233, sql:[INSERT INTO test1 ( id,data) VALUES (1111,0),(1112,1),(1113,10000),(1114,100000)]===
dble:[[]]
===file:sqls_util/syntax/data_types_1.sql, id:234, sql:[SELECT id, data FROM test1]===
dble:[[(1111L, 0L), (1112L, 1L), (1113L, 10000L), (1114L, 100000L)]]
===file:sqls_util/syntax/data_types_1.sql, id:235, sql:[DROP TABLE IF EXISTS  test1]===
dble:[[]]
===file:sqls_util/syntax/data_types_1.sql, id:236, sql:[CREATE TABLE  test1( id int,data INTEGER ZEROFILL)]===
dble:[[]]
===file:sqls_util/syntax/data_types_1.sql, id:237, sql:[INSERT INTO test1 ( id,data) VALUES (1111,0),(1112,1),(1113,10000),(1114,100000)]===
dble:[[]]
===file:sqls_util/syntax/data_types_1.sql, id:238, sql:[SELECT id, data FROM test1]===
dble:[[(1111L, 0L), (1112L, 1L), (1113L, 10000L), (1114L, 100000L)]]
===file:sqls_util/syntax/data_types_1.sql, id:239, sql:[DROP TABLE IF EXISTS  test1]===
dble:[[]]
===file:sqls_util/syntax/data_types_1.sql, id:240, sql:[CREATE TABLE  test1( id int,data INTEGER(5) UNSIGNED ZEROFILL)]===
dble:[[]]
===file:sqls_util/syntax/data_types_1.sql, id:244, sql:[INSERT INTO test1 ( id,data) VALUES (1111,0),(1112,1),(1113,10000),(1114,100000)]===
dble:[[]]
===file:sqls_util/syntax/data_types_1.sql, id:245, sql:[SELECT id, data FROM test1]===
dble:[[(1111L, 0L), (1112L, 1L), (1113L, 10000L), (1114L, 100000L)]]
===file:sqls_util/syntax/data_types_1.sql, id:246, sql:[DROP TABLE IF EXISTS  test1]===
dble:[[]]
===file:sqls_util/syntax/data_types_1.sql, id:247, sql:[CREATE TABLE  test1( id int,data INTEGER UNSIGNED ZEROFILL)]===
dble:[[]]
===file:sqls_util/syntax/data_types_1.sql, id:248, sql:[INSERT INTO test1 ( id,data) VALUES (1111,0),(1112,1),(1113,10000),(1114,100000)]===
dble:[[]]
===file:sqls_util/syntax/data_types_1.sql, id:249, sql:[SELECT id, data FROM test1]===
dble:[[(1111L, 0L), (1112L, 1L), (1113L, 10000L), (1114L, 100000L)]]
===file:sqls_util/syntax/data_types_1.sql, id:252, sql:[DROP TABLE IF EXISTS  test1]===
dble:[[]]
===file:sqls_util/syntax/data_types_1.sql, id:253, sql:[CREATE TABLE  test1( id int,data bigint)]===
dble:[[]]
===file:sqls_util/syntax/data_types_1.sql, id:257, sql:[INSERT INTO test1 ( id,data) VALUES (1111,-9223372036854775808),(1112,0),(1113,9223372036854775807)]===
dble:[[]]
===file:sqls_util/syntax/data_types_1.sql, id:258, sql:[SELECT id, data FROM test1]===
dble:[[(1111L, -9223372036854775808L), (1112L, 0L), (1113L, 9223372036854775807L)]]
===file:sqls_util/syntax/data_types_1.sql, id:259, sql:[DROP TABLE IF EXISTS  test1]===
dble:[[]]
===file:sqls_util/syntax/data_types_1.sql, id:260, sql:[CREATE TABLE  test1( id int,data bigint(3))]===
dble:[[]]
===file:sqls_util/syntax/data_types_1.sql, id:261, sql:[INSERT INTO test1 ( id,data) VALUES (1111,-9223372036854775808),(1112,0),(1113,9223372036854775807)]===
dble:[[]]
===file:sqls_util/syntax/data_types_1.sql, id:262, sql:[SELECT id, data FROM test1]===
dble:[[(1111L, -9223372036854775808L), (1112L, 0L), (1113L, 9223372036854775807L)]]
===file:sqls_util/syntax/data_types_1.sql, id:263, sql:[DROP TABLE IF EXISTS  test1]===
dble:[[]]
===file:sqls_util/syntax/data_types_1.sql, id:264, sql:[CREATE TABLE  test1( id int,data bigint UNSIGNED)]===
dble:[[]]
===file:sqls_util/syntax/data_types_1.sql, id:268, sql:[INSERT INTO test1 ( id,data) VALUES (1111,0),(1112,18446744073709551615)]===
dble:[[]]
===file:sqls_util/syntax/data_types_1.sql, id:269, sql:[SELECT id, data FROM test1]===
dble:[[(1111L, 0L), (1112L, 18446744073709551615L)]]
===file:sqls_util/syntax/data_types_1.sql, id:270, sql:[DROP TABLE IF EXISTS  test1]===
dble:[[]]
===file:sqls_util/syntax/data_types_1.sql, id:271, sql:[CREATE TABLE  test1( id int,data bigint(3) UNSIGNED)]===
dble:[[]]
===file:sqls_util/syntax/data_types_1.sql, id:272, sql:[INSERT INTO test1 ( id,data) VALUES (1111,0),(1112,18446744073709551615)]===
dble:[[]]
===file:sqls_util/syntax/data_types_1.sql, id:273, sql:[SELECT id, data FROM test1]===
dble:[[(1111L, 0L), (1112L, 18446744073709551615L)]]
===file:sqls_util/syntax/data_types_1.sql, id:274, sql:[DROP TABLE IF EXISTS  test1]===
dble:[[]]
===file:sqls_util/syntax/data_types_1.sql, id:275, sql:[CREATE TABLE  test1( id int,data bigint(6) ZEROFILL)]===
dble:[[]]
===file:sqls_util/syntax/data_types_1.sql, id:278, sql:[INSERT INTO test1 ( id,data) VALUES (1111,0),(1112,18446744073709551615)]===
dble:[[]]
===file:sqls_util/syntax/data_types_1.sql, id:279, sql:[SELECT id, data FROM test1]===
dble:[[(1111L, 0L), (1112L, 18446744073709551615L)]]
===file:sqls_util/syntax/data_types_1.sql, id:280, sql:[DROP TABLE IF EXISTS  test1]===
dble:[[]]
===file:sqls_util/syntax/data_types_1.sql, id:281, sql:[CREATE TABLE  test1( id int,data bigint ZEROFILL)]===
dble:[[]]
===file:sqls_util/syntax/data_types_1.sql, id:282, sql:[INSERT INTO test1 ( id,data) VALUES (1111,0),(1112,18446744073709551615)]===
dble:[[]]
===file:sqls_util/syntax/data_types_1.sql, id:283, sql:[SELECT id, data FROM test1]===
dble:[[(1111L, 0L), (1112L, 18446744073709551615L)]]
===file:sqls_util/syntax/data_types_1.sql, id:284, sql:[DROP TABLE IF EXISTS  test1]===
dble:[[]]
===file:sqls_util/syntax/data_types_1.sql, id:285, sql:[CREATE TABLE  test1( id int,data bigint(6) UNSIGNED ZEROFILL)]===
dble:[[]]
===file:sqls_util/syntax/data_types_1.sql, id:288, sql:[INSERT INTO test1 ( id,data) VALUES (1111,0),(1112,18446744073709551615)]===
dble:[[]]
===file:sqls_util/syntax/data_types_1.sql, id:289, sql:[SELECT id, data FROM test1]===
dble:[[(1111L, 0L), (1112L, 18446744073709551615L)]]
===file:sqls_util/syntax/data_types_1.sql, id:290, sql:[DROP TABLE IF EXISTS  test1]===
dble:[[]]
===file:sqls_util/syntax/data_types_1.sql, id:291, sql:[CREATE TABLE  test1( id int,data bigint UNSIGNED ZEROFILL)]===
dble:[[]]
===file:sqls_util/syntax/data_types_1.sql, id:292, sql:[INSERT INTO test1 ( id,data) VALUES (1111,0),(1112,18446744073709551615)]===
dble:[[]]
===file:sqls_util/syntax/data_types_1.sql, id:293, sql:[SELECT id, data FROM test1]===
dble:[[(1111L, 0L), (1112L, 18446744073709551615L)]]
===file:sqls_util/syntax/data_types_1.sql, id:296, sql:[DROP TABLE IF EXISTS  test1]===
dble:[[]]
===file:sqls_util/syntax/data_types_1.sql, id:297, sql:[CREATE TABLE  test1( id int,data float)]===
dble:[[]]
===file:sqls_util/syntax/data_types_1.sql, id:298, sql:[INSERT INTO test1 ( id,data) VALUES (1,-123456789012345678901234567890123456789.01234567890)]===
dble:[[]]
===file:sqls_util/syntax/data_types_1.sql, id:301, sql:[INSERT INTO test1 ( id,data) VALUES (1111,-12345678901234567890123.4567890),(1112,0),(1113,12345678901234567890123.4567890)]===
dble:[[]]
===file:sqls_util/syntax/data_types_1.sql, id:302, sql:[SELECT id, data FROM test1]===
dble:[[(1L, -1.23457e+38), (1111L, -1.23457e+22), (1112L, 0.0), (1113L, 1.23457e+22)]]
===file:sqls_util/syntax/data_types_1.sql, id:303, sql:[DROP TABLE IF EXISTS  test1]===
dble:[[]]
===file:sqls_util/syntax/data_types_1.sql, id:304, sql:[CREATE TABLE  test1( id int,data float(7,3))]===
dble:[[]]
===file:sqls_util/syntax/data_types_1.sql, id:306, sql:[INSERT INTO test1 ( id,data) VALUES (1111,0.7777),(1112,7777.777),(1114,0),(1116,7777)]===
dble:[[]]
===file:sqls_util/syntax/data_types_1.sql, id:307, sql:[SELECT id, data FROM test1]===
dble:[[(1111L, 0.778), (1112L, 7777.777), (1114L, 0.0), (1116L, 7777.0)]]
===file:sqls_util/syntax/data_types_1.sql, id:308, sql:[DROP TABLE IF EXISTS  test1]===
dble:[[]]
===file:sqls_util/syntax/data_types_1.sql, id:309, sql:[CREATE TABLE  test1( id int,data float UNSIGNED)]===
dble:[[]]
===file:sqls_util/syntax/data_types_1.sql, id:311, sql:[INSERT INTO test1 ( id,data) VALUES (2,18446744073709551616),(3,0)]===
dble:[[]]
===file:sqls_util/syntax/data_types_1.sql, id:312, sql:[SELECT id, data FROM test1]===
dble:[[(2L, 1.84467e+19), (3L, 0.0)]]
===file:sqls_util/syntax/data_types_1.sql, id:313, sql:[DROP TABLE IF EXISTS  test1]===
dble:[[]]
===file:sqls_util/syntax/data_types_1.sql, id:314, sql:[CREATE TABLE  test1( id int,data float(5,3) UNSIGNED)]===
dble:[[]]
===file:sqls_util/syntax/data_types_1.sql, id:316, sql:[INSERT INTO test1 ( id,data) VALUES (3,0)]===
dble:[[]]
===file:sqls_util/syntax/data_types_1.sql, id:317, sql:[SELECT id, data FROM test1]===
dble:[[(3L, 0.0)]]
===file:sqls_util/syntax/data_types_1.sql, id:318, sql:[DROP TABLE IF EXISTS  test1]===
dble:[[]]
===file:sqls_util/syntax/data_types_1.sql, id:319, sql:[CREATE TABLE  test1( id int,data float(6,1) ZEROFILL)]===
dble:[[]]
===file:sqls_util/syntax/data_types_1.sql, id:321, sql:[INSERT INTO test1 ( id,data) VALUES (111,0),(112,1)]===
dble:[[]]
===file:sqls_util/syntax/data_types_1.sql, id:322, sql:[SELECT id, data FROM test1]===
dble:[[(111L, 0.0), (112L, 1.0)]]
===file:sqls_util/syntax/data_types_1.sql, id:323, sql:[DROP TABLE IF EXISTS  test1]===
dble:[[]]
===file:sqls_util/syntax/data_types_1.sql, id:324, sql:[CREATE TABLE  test1( id int,data float ZEROFILL)]===
dble:[[]]
===file:sqls_util/syntax/data_types_1.sql, id:326, sql:[INSERT INTO test1 ( id,data) VALUES (111,0),(112,1)]===
dble:[[]]
===file:sqls_util/syntax/data_types_1.sql, id:327, sql:[SELECT id, data FROM test1]===
dble:[[(111L, 0.0), (112L, 1.0)]]
===file:sqls_util/syntax/data_types_1.sql, id:328, sql:[DROP TABLE IF EXISTS  test1]===
dble:[[]]
===file:sqls_util/syntax/data_types_1.sql, id:329, sql:[CREATE TABLE  test1( id int,data float(6,1) UNSIGNED ZEROFILL)]===
dble:[[]]
===file:sqls_util/syntax/data_types_1.sql, id:331, sql:[INSERT INTO test1 ( id,data) VALUES (111,0),(112,1)]===
dble:[[]]
===file:sqls_util/syntax/data_types_1.sql, id:332, sql:[SELECT id, data FROM test1]===
dble:[[(111L, 0.0), (112L, 1.0)]]
===file:sqls_util/syntax/data_types_1.sql, id:333, sql:[DROP TABLE IF EXISTS  test1]===
dble:[[]]
===file:sqls_util/syntax/data_types_1.sql, id:334, sql:[CREATE TABLE  test1( id int,data float UNSIGNED ZEROFILL)]===
dble:[[]]
===file:sqls_util/syntax/data_types_1.sql, id:336, sql:[INSERT INTO test1 ( id,data) VALUES (111,0),(112,1)]===
dble:[[]]
===file:sqls_util/syntax/data_types_1.sql, id:337, sql:[SELECT id, data FROM test1]===
dble:[[(111L, 0.0), (112L, 1.0)]]
===file:sqls_util/syntax/data_types_1.sql, id:340, sql:[DROP TABLE IF EXISTS  test1]===
dble:[[]]
===file:sqls_util/syntax/data_types_1.sql, id:341, sql:[CREATE TABLE  test1( id int,data double)]===
dble:[[]]
===file:sqls_util/syntax/data_types_1.sql, id:343, sql:[INSERT INTO test1 ( id,data) VALUES (1111,-1234567890123456789012345678901234567890.1234567890123),(1112,0),(1113,1234567890123456789012345678901234567890.1234567890123)]===
dble:[[]]
===file:sqls_util/syntax/data_types_1.sql, id:344, sql:[SELECT id, data FROM test1]===
dble:[[(1111L, -1.2345678901234568e+39), (1112L, 0.0), (1113L, 1.2345678901234568e+39)]]
===file:sqls_util/syntax/data_types_1.sql, id:345, sql:[DROP TABLE IF EXISTS  test1]===
dble:[[]]
===file:sqls_util/syntax/data_types_1.sql, id:346, sql:[CREATE TABLE  test1( id int,data double(7,3))]===
dble:[[]]
===file:sqls_util/syntax/data_types_1.sql, id:349, sql:[INSERT INTO test1 ( id,data) VALUES (1111,0.7777),(1112,7777.777),(1114,0),(1116,7777)]===
dble:[[]]
===file:sqls_util/syntax/data_types_1.sql, id:350, sql:[SELECT id, data FROM test1]===
dble:[[(1111L, 0.778), (1112L, 7777.777), (1114L, 0.0), (1116L, 7777.0)]]
===file:sqls_util/syntax/data_types_1.sql, id:351, sql:[DROP TABLE IF EXISTS  test1]===
dble:[[]]
===file:sqls_util/syntax/data_types_1.sql, id:352, sql:[CREATE TABLE  test1( id int,data double UNSIGNED)]===
dble:[[]]
===file:sqls_util/syntax/data_types_1.sql, id:355, sql:[INSERT INTO test1 ( id,data) VALUES (2,18446744073709551616),(3,0)]===
dble:[[]]
===file:sqls_util/syntax/data_types_1.sql, id:356, sql:[SELECT id, data FROM test1]===
dble:[[(2L, 1.8446744073709552e+19), (3L, 0.0)]]
===file:sqls_util/syntax/data_types_1.sql, id:357, sql:[DROP TABLE IF EXISTS  test1]===
dble:[[]]
===file:sqls_util/syntax/data_types_1.sql, id:358, sql:[CREATE TABLE  test1( id int,data double(5,3) UNSIGNED)]===
dble:[[]]
===file:sqls_util/syntax/data_types_1.sql, id:360, sql:[INSERT INTO test1 ( id,data) VALUES (3,0)]===
dble:[[]]
===file:sqls_util/syntax/data_types_1.sql, id:361, sql:[SELECT id, data FROM test1]===
dble:[[(3L, 0.0)]]
===file:sqls_util/syntax/data_types_1.sql, id:362, sql:[DROP TABLE IF EXISTS  test1]===
dble:[[]]
===file:sqls_util/syntax/data_types_1.sql, id:363, sql:[CREATE TABLE  test1( id int,data double(6,1) ZEROFILL)]===
dble:[[]]
===file:sqls_util/syntax/data_types_1.sql, id:366, sql:[INSERT INTO test1 ( id,data) VALUES (111,0),(112,1)]===
dble:[[]]
===file:sqls_util/syntax/data_types_1.sql, id:367, sql:[SELECT id, data FROM test1]===
dble:[[(111L, 0.0), (112L, 1.0)]]
===file:sqls_util/syntax/data_types_1.sql, id:368, sql:[DROP TABLE IF EXISTS  test1]===
dble:[[]]
===file:sqls_util/syntax/data_types_1.sql, id:369, sql:[CREATE TABLE  test1( id int,data double ZEROFILL)]===
dble:[[]]
===file:sqls_util/syntax/data_types_1.sql, id:372, sql:[INSERT INTO test1 ( id,data) VALUES (111,0),(112,1)]===
dble:[[]]
===file:sqls_util/syntax/data_types_1.sql, id:373, sql:[SELECT id, data FROM test1]===
dble:[[(111L, 0.0), (112L, 1.0)]]
===file:sqls_util/syntax/data_types_1.sql, id:374, sql:[DROP TABLE IF EXISTS  test1]===
dble:[[]]
===file:sqls_util/syntax/data_types_1.sql, id:375, sql:[CREATE TABLE  test1( id int,data double(6,1) UNSIGNED ZEROFILL)]===
dble:[[]]
===file:sqls_util/syntax/data_types_1.sql, id:378, sql:[INSERT INTO test1 ( id,data) VALUES (111,0),(112,1)]===
dble:[[]]
===file:sqls_util/syntax/data_types_1.sql, id:379, sql:[SELECT id, data FROM test1]===
dble:[[(111L, 0.0), (112L, 1.0)]]
===file:sqls_util/syntax/data_types_1.sql, id:380, sql:[DROP TABLE IF EXISTS  test1]===
dble:[[]]
===file:sqls_util/syntax/data_types_1.sql, id:381, sql:[CREATE TABLE  test1( id int,data double UNSIGNED ZEROFILL)]===
dble:[[]]
===file:sqls_util/syntax/data_types_1.sql, id:384, sql:[INSERT INTO test1 ( id,data) VALUES (111,0),(112,1)]===
dble:[[]]
===file:sqls_util/syntax/data_types_1.sql, id:385, sql:[SELECT id, data FROM test1]===
dble:[[(111L, 0.0), (112L, 1.0)]]
===file:sqls_util/syntax/data_types_1.sql, id:388, sql:[DROP TABLE IF EXISTS  test1]===
dble:[[]]
===file:sqls_util/syntax/data_types_1.sql, id:389, sql:[CREATE TABLE  test1( id int,data decimal)]===
dble:[[]]
===file:sqls_util/syntax/data_types_1.sql, id:392, sql:[SELECT id, data FROM test1]===
dble:[[]]
===file:sqls_util/syntax/data_types_1.sql, id:393, sql:[DROP TABLE IF EXISTS  test1]===
dble:[[]]
===file:sqls_util/syntax/data_types_1.sql, id:394, sql:[CREATE TABLE  test1( id int,data decimal(7,3))]===
dble:[[]]
===file:sqls_util/syntax/data_types_1.sql, id:397, sql:[INSERT INTO test1 ( id,data) VALUES (1111,0.7777),(1112,7777.777),(1114,0),(1116,7777)]===
dble:[[]]
===file:sqls_util/syntax/data_types_1.sql, id:398, sql:[SELECT id, data FROM test1]===
dble:[[(1111L, Decimal('0.778')), (1112L, Decimal('7777.777')), (1114L, Decimal('0.000')), (1116L, Decimal('7777.000'))]]
===file:sqls_util/syntax/data_types_1.sql, id:399, sql:[DROP TABLE IF EXISTS  test1]===
dble:[[]]
===file:sqls_util/syntax/data_types_1.sql, id:400, sql:[CREATE TABLE  test1( id int,data decimal UNSIGNED)]===
dble:[[]]
===file:sqls_util/syntax/data_types_1.sql, id:404, sql:[SELECT id, data FROM test1]===
dble:[[]]
===file:sqls_util/syntax/data_types_1.sql, id:405, sql:[DROP TABLE IF EXISTS  test1]===
dble:[[]]
===file:sqls_util/syntax/data_types_1.sql, id:406, sql:[CREATE TABLE  test1( id int,data decimal(5,3) UNSIGNED)]===
dble:[[]]
===file:sqls_util/syntax/data_types_1.sql, id:408, sql:[INSERT INTO test1 ( id,data) VALUES (3,0)]===
dble:[[]]
===file:sqls_util/syntax/data_types_1.sql, id:409, sql:[SELECT id, data FROM test1]===
dble:[[(3L, Decimal('0.000'))]]
===file:sqls_util/syntax/data_types_1.sql, id:410, sql:[DROP TABLE IF EXISTS  test1]===
dble:[[]]
===file:sqls_util/syntax/data_types_1.sql, id:411, sql:[CREATE TABLE  test1( id int,data decimal(6,1) ZEROFILL)]===
dble:[[]]
===file:sqls_util/syntax/data_types_1.sql, id:414, sql:[INSERT INTO test1 ( id,data) VALUES (111,0),(112,1)]===
dble:[[]]
===file:sqls_util/syntax/data_types_1.sql, id:415, sql:[SELECT id, data FROM test1]===
dble:[[(111L, Decimal('0.0')), (112L, Decimal('1.0'))]]
===file:sqls_util/syntax/data_types_1.sql, id:416, sql:[DROP TABLE IF EXISTS  test1]===
dble:[[]]
===file:sqls_util/syntax/data_types_1.sql, id:417, sql:[CREATE TABLE  test1( id int,data decimal ZEROFILL)]===
dble:[[]]
===file:sqls_util/syntax/data_types_1.sql, id:420, sql:[INSERT INTO test1 ( id,data) VALUES (111,0),(112,1)]===
dble:[[]]
===file:sqls_util/syntax/data_types_1.sql, id:421, sql:[SELECT id, data FROM test1]===
dble:[[(111L, Decimal('0')), (112L, Decimal('1'))]]
===file:sqls_util/syntax/data_types_1.sql, id:422, sql:[DROP TABLE IF EXISTS  test1]===
dble:[[]]
===file:sqls_util/syntax/data_types_1.sql, id:423, sql:[CREATE TABLE  test1( id int,data decimal(6,1) UNSIGNED ZEROFILL)]===
dble:[[]]
===file:sqls_util/syntax/data_types_1.sql, id:426, sql:[INSERT INTO test1 ( id,data) VALUES (111,0),(112,1)]===
dble:[[]]
===file:sqls_util/syntax/data_types_1.sql, id:427, sql:[SELECT id, data FROM test1]===
dble:[[(111L, Decimal('0.0')), (112L, Decimal('1.0'))]]
===file:sqls_util/syntax/data_types_1.sql, id:428, sql:[DROP TABLE IF EXISTS  test1]===
dble:[[]]
===file:sqls_util/syntax/data_types_1.sql, id:429, sql:[CREATE TABLE  test1( id int,data decimal UNSIGNED ZEROFILL)]===
dble:[[]]
===file:sqls_util/syntax/data_types_1.sql, id:432, sql:[INSERT INTO test1 ( id,data) VALUES (111,0),(112,1)]===
dble:[[]]
===file:sqls_util/syntax/data_types_1.sql, id:433, sql:[SELECT id, data FROM test1]===
dble:[[(111L, Decimal('0')), (112L, Decimal('1'))]]
===file:sqls_util/syntax/data_types_1.sql, id:436, sql:[DROP TABLE IF EXISTS  test1]===
dble:[[]]
===file:sqls_util/syntax/data_types_1.sql, id:437, sql:[CREATE TABLE  test1( id int,data numeric)]===
dble:[[]]
===file:sqls_util/syntax/data_types_1.sql, id:441, sql:[INSERT INTO test1 ( id,data) VALUES (2,0.012345678901234567890123456789)]===
dble:[[]]
===file:sqls_util/syntax/data_types_1.sql, id:444, sql:[SELECT id, data FROM test1]===
dble:[[(2L, Decimal('0'))]]
===file:sqls_util/syntax/data_types_1.sql, id:445, sql:[DROP TABLE IF EXISTS  test1]===
dble:[[]]
===file:sqls_util/syntax/data_types_1.sql, id:446, sql:[CREATE TABLE  test1( id int,data numeric(7,3))]===
dble:[[]]
===file:sqls_util/syntax/data_types_1.sql, id:449, sql:[INSERT INTO test1 ( id,data) VALUES (1111,0.7777),(1112,7777.777),(1114,0),(1116,7777)]===
dble:[[]]
===file:sqls_util/syntax/data_types_1.sql, id:450, sql:[SELECT id, data FROM test1]===
dble:[[(1111L, Decimal('0.778')), (1112L, Decimal('7777.777')), (1114L, Decimal('0.000')), (1116L, Decimal('7777.000'))]]
===file:sqls_util/syntax/data_types_1.sql, id:451, sql:[DROP TABLE IF EXISTS  test1]===
dble:[[]]
===file:sqls_util/syntax/data_types_1.sql, id:452, sql:[CREATE TABLE  test1( id int,data numeric UNSIGNED)]===
dble:[[]]
===file:sqls_util/syntax/data_types_1.sql, id:456, sql:[SELECT id, data FROM test1]===
dble:[[]]
===file:sqls_util/syntax/data_types_1.sql, id:457, sql:[DROP TABLE IF EXISTS  test1]===
dble:[[]]
===file:sqls_util/syntax/data_types_1.sql, id:458, sql:[CREATE TABLE  test1( id int,data numeric(5,3) UNSIGNED)]===
dble:[[]]
===file:sqls_util/syntax/data_types_1.sql, id:461, sql:[INSERT INTO test1 ( id,data) VALUES (3,0)]===
dble:[[]]
===file:sqls_util/syntax/data_types_1.sql, id:462, sql:[SELECT id, data FROM test1]===
dble:[[(3L, Decimal('0.000'))]]
===file:sqls_util/syntax/data_types_1.sql, id:463, sql:[DROP TABLE IF EXISTS  test1]===
dble:[[]]
===file:sqls_util/syntax/data_types_1.sql, id:464, sql:[CREATE TABLE  test1( id int,data numeric(6,1) ZEROFILL)]===
dble:[[]]
===file:sqls_util/syntax/data_types_1.sql, id:467, sql:[INSERT INTO test1 ( id,data) VALUES (111,0),(112,1)]===
dble:[[]]
===file:sqls_util/syntax/data_types_1.sql, id:468, sql:[SELECT id, data FROM test1]===
dble:[[(111L, Decimal('0.0')), (112L, Decimal('1.0'))]]
===file:sqls_util/syntax/data_types_1.sql, id:469, sql:[DROP TABLE IF EXISTS  test1]===
dble:[[]]
===file:sqls_util/syntax/data_types_1.sql, id:470, sql:[CREATE TABLE  test1( id int,data numeric ZEROFILL)]===
dble:[[]]
===file:sqls_util/syntax/data_types_1.sql, id:473, sql:[INSERT INTO test1 ( id,data) VALUES (111,0),(112,1)]===
dble:[[]]
===file:sqls_util/syntax/data_types_1.sql, id:474, sql:[SELECT id, data FROM test1]===
dble:[[(111L, Decimal('0')), (112L, Decimal('1'))]]
===file:sqls_util/syntax/data_types_1.sql, id:475, sql:[DROP TABLE IF EXISTS  test1]===
dble:[[]]
===file:sqls_util/syntax/data_types_1.sql, id:476, sql:[CREATE TABLE  test1( id int,data numeric(6,1) UNSIGNED ZEROFILL)]===
dble:[[]]
===file:sqls_util/syntax/data_types_1.sql, id:479, sql:[INSERT INTO test1 ( id,data) VALUES (111,0),(112,1)]===
dble:[[]]
===file:sqls_util/syntax/data_types_1.sql, id:480, sql:[SELECT id, data FROM test1]===
dble:[[(111L, Decimal('0.0')), (112L, Decimal('1.0'))]]
===file:sqls_util/syntax/data_types_1.sql, id:481, sql:[DROP TABLE IF EXISTS  test1]===
dble:[[]]
===file:sqls_util/syntax/data_types_1.sql, id:482, sql:[CREATE TABLE  test1( id int,data numeric UNSIGNED ZEROFILL)]===
dble:[[]]
===file:sqls_util/syntax/data_types_1.sql, id:485, sql:[INSERT INTO test1 ( id,data) VALUES (111,0),(112,1)]===
dble:[[]]
===file:sqls_util/syntax/data_types_1.sql, id:486, sql:[SELECT id, data FROM test1]===
dble:[[(111L, Decimal('0')), (112L, Decimal('1'))]]
===file:sqls_util/syntax/data_types_1.sql, id:489, sql:[DROP TABLE IF EXISTS  test1]===
dble:[[]]
===file:sqls_util/syntax/data_types_1.sql, id:490, sql:[CREATE TABLE  test1( id int,data real)]===
dble:[[]]
===file:sqls_util/syntax/data_types_1.sql, id:493, sql:[INSERT INTO test1 ( id,data) VALUES (2,1234567890123456789012345678901234567890123456789012345678901234567)]===
dble:[[]]
===file:sqls_util/syntax/data_types_1.sql, id:494, sql:[INSERT INTO test1 ( id,data) VALUES (2,0.012345678901234567890123456789)]===
dble:[[]]
===file:sqls_util/syntax/data_types_1.sql, id:495, sql:[INSERT INTO test1 ( id,data) VALUES (222,-1234567890123456789012345678901234567890.12345678901234),(222,-1234567890123456789012345678901234567890.1234567890123),(222,0),(222,1234567890123456789012345678901234567890.12345678901234),(222,-1234567890123456789012345678901234567890.12345678901234)]===
dble:[[]]
===file:sqls_util/syntax/data_types_1.sql, id:496, sql:[INSERT INTO test1 ( id,data) VALUES (1111,-12345678901234567890123.4567890),(1112,0),(1113,12345678901234567890123.4567890)]===
dble:[[]]
===file:sqls_util/syntax/data_types_1.sql, id:497, sql:[SELECT id, data FROM test1]===
dble:[[(2L, 0.012345678901234568), (2L, 1.2345678901234567e+66), (222L, -1.2345678901234568e+39), (222L, -1.2345678901234568e+39), (222L, -1.2345678901234568e+39), (222L, 0.0), (222L, 1.2345678901234568e+39), (1111L, -1.2345678901234568e+22), (1112L, 0.0), (1113L, 1.2345678901234568e+22)]]
===file:sqls_util/syntax/data_types_1.sql, id:498, sql:[DROP TABLE IF EXISTS  test1]===
dble:[[]]
===file:sqls_util/syntax/data_types_1.sql, id:499, sql:[CREATE TABLE  test1( id int,data real(7,3))]===
dble:[[]]
===file:sqls_util/syntax/data_types_1.sql, id:502, sql:[INSERT INTO test1 ( id,data) VALUES (1111,0.7777),(1112,7777.777),(1114,0),(1116,7777)]===
dble:[[]]
===file:sqls_util/syntax/data_types_1.sql, id:503, sql:[SELECT id, data FROM test1]===
dble:[[(1111L, 0.778), (1112L, 7777.777), (1114L, 0.0), (1116L, 7777.0)]]
===file:sqls_util/syntax/data_types_1.sql, id:504, sql:[DROP TABLE IF EXISTS  test1]===
dble:[[]]
===file:sqls_util/syntax/data_types_1.sql, id:505, sql:[CREATE TABLE  test1( id int,data real UNSIGNED)]===
dble:[[]]
===file:sqls_util/syntax/data_types_1.sql, id:508, sql:[INSERT INTO test1 ( id,data) VALUES (2,18446744073709551616),(3,0)]===
dble:[[]]
===file:sqls_util/syntax/data_types_1.sql, id:509, sql:[SELECT id, data FROM test1]===
dble:[[(2L, 1.8446744073709552e+19), (3L, 0.0)]]
===file:sqls_util/syntax/data_types_1.sql, id:510, sql:[DROP TABLE IF EXISTS  test1]===
dble:[[]]
===file:sqls_util/syntax/data_types_1.sql, id:511, sql:[CREATE TABLE  test1( id int,data real(5,3) UNSIGNED)]===
dble:[[]]
===file:sqls_util/syntax/data_types_1.sql, id:514, sql:[INSERT INTO test1 ( id,data) VALUES (3,0)]===
dble:[[]]
===file:sqls_util/syntax/data_types_1.sql, id:515, sql:[SELECT id, data FROM test1]===
dble:[[(3L, 0.0)]]
===file:sqls_util/syntax/data_types_1.sql, id:516, sql:[DROP TABLE IF EXISTS  test1]===
dble:[[]]
===file:sqls_util/syntax/data_types_1.sql, id:517, sql:[CREATE TABLE  test1( id int,data real(6,1) ZEROFILL)]===
dble:[[]]
===file:sqls_util/syntax/data_types_1.sql, id:520, sql:[INSERT INTO test1 ( id,data) VALUES (111,0),(112,1)]===
dble:[[]]
===file:sqls_util/syntax/data_types_1.sql, id:521, sql:[SELECT id, data FROM test1]===
dble:[[(111L, 0.0), (112L, 1.0)]]
===file:sqls_util/syntax/data_types_1.sql, id:522, sql:[DROP TABLE IF EXISTS  test1]===
dble:[[]]
===file:sqls_util/syntax/data_types_1.sql, id:523, sql:[CREATE TABLE  test1( id int,data real ZEROFILL)]===
dble:[[]]
===file:sqls_util/syntax/data_types_1.sql, id:526, sql:[INSERT INTO test1 ( id,data) VALUES (111,0),(112,1)]===
dble:[[]]
===file:sqls_util/syntax/data_types_1.sql, id:527, sql:[SELECT id, data FROM test1]===
dble:[[(111L, 0.0), (112L, 1.0)]]
===file:sqls_util/syntax/data_types_1.sql, id:528, sql:[DROP TABLE IF EXISTS  test1]===
dble:[[]]
===file:sqls_util/syntax/data_types_1.sql, id:529, sql:[CREATE TABLE  test1( id int,data real(6,1) UNSIGNED ZEROFILL)]===
dble:[[]]
===file:sqls_util/syntax/data_types_1.sql, id:532, sql:[INSERT INTO test1 ( id,data) VALUES (111,0),(112,1)]===
dble:[[]]
===file:sqls_util/syntax/data_types_1.sql, id:533, sql:[SELECT id, data FROM test1]===
dble:[[(111L, 0.0), (112L, 1.0)]]
===file:sqls_util/syntax/data_types_1.sql, id:534, sql:[DROP TABLE IF EXISTS  test1]===
dble:[[]]
===file:sqls_util/syntax/data_types_1.sql, id:535, sql:[CREATE TABLE  test1( id int,data real UNSIGNED ZEROFILL)]===
dble:[[]]
===file:sqls_util/syntax/data_types_1.sql, id:538, sql:[INSERT INTO test1 ( id,data) VALUES (111,0),(112,1)]===
dble:[[]]
===file:sqls_util/syntax/data_types_1.sql, id:539, sql:[SELECT id, data FROM test1]===
dble:[[(111L, 0.0), (112L, 1.0)]]
