===file:sqls_util/syntax/reserved_words.sql, id:73, sql:[select id,`OUTFILE` from test1 order by `OUTFILE` limit 10]===
dble:[None]
mysql:[((1L, 1L), (2L, 3L), (3L, 4L), (4L, 5L))]
[06:52:22.136171]dble err :(1064, 'sql syntax error, no terminated. LITERAL_INT')
===file:sqls_util/syntax/reserved_words.sql, id:976, sql:[drop table if exists `drop`]===
dble:[None]
mysql:[()]
[06:53:23.157049]dble err :(1064, " View 'drop' references invalid table(s) or column(s) or function(s) or definer/invoker of view lack rights to use them")
===file:sqls_util/syntax/reserved_words.sql, id:977, sql:[create table `select`(id int,`key` int)]===
dble:[None]
mysql:[()]
[06:53:23.248379]dble err :(1146, "Table 'schema1.select' doesn't exist in the config of schema")
===file:sqls_util/syntax/reserved_words.sql, id:980, sql:[show columns from `select`]===
dble:[None]
mysql:[(('id', 'int(11)', 'YES', '', None, ''), ('key', 'int(11)', 'YES', '', None, ''))]
[06:53:23.509398]dble err :(1146, "Table 'schema1.select' doesn't exist")
===file:sqls_util/syntax/reserved_words.sql, id:981, sql:[show create table `select`]===
dble:[None]
mysql:[(('select', 'CREATE TABLE `select` (\n  `id` int(11) DEFAULT NULL,\n  `key` int(11) DEFAULT NULL\n) ENGINE=InnoDB DEFAULT CHARSET=latin1'),)]
[06:53:23.595514]dble err :(1146, "Table 'schema1.select' doesn't exist")
===file:sqls_util/syntax/reserved_words.sql, id:982, sql:[create index `create` on `select`(`key`)]===
dble:[None]
mysql:[()]
[06:53:23.684656]dble err :(1146, "Table 'schema1.select' doesn't exist")
===file:sqls_util/syntax/reserved_words.sql, id:983, sql:[show index from `select`]===
dble:[None]
mysql:[(('select', 1L, 'create', 1L, 'key', 'A', 0L, None, None, 'YES', 'BTREE', '', ''),)]
[06:53:23.769227]dble err :(1146, "Table 'schema1.select' doesn't exist")
===file:sqls_util/syntax/reserved_words.sql, id:987, sql:[create or replace view `drop` as select id from `select`]===
dble:[None]
mysql:[()]
[06:53:23.855797]dble err :(1999, "table select doesn't exist!")
===file:sqls_util/syntax/reserved_words.sql, id:989, sql:[drop index `create` on `select`]===
dble:[None]
mysql:[()]
[06:53:24.031530]dble err :(1146, "Table 'schema1.select' doesn't exist")
