当前文件中执行ID为：1的sql：'drop table if exists t1 /* dble_dest_expect:M */;'
dble_res:()
mysql_res:()
dble_err:None
mysql_err:None
当前文件中执行ID为：2的sql：'create table t1 (id integer) /* dble_dest_expect:M */;'
dble_res:()
mysql_res:()
dble_err:None
mysql_err:None
当前文件中执行ID为：3的sql：'set autocommit=0 /* dble_dest_expect:CS */;               -- open transaction'
dble_res:[(), ()]
mysql_res:[(), ()]
dble_err:None
mysql_err:None
当前文件中执行ID为：4的sql：'begin /* dble_dest_expect:M */;'
dble_res:()
mysql_res:()
dble_err:None
mysql_err:None
当前文件中执行ID为：5的sql：'insert into t1 values(1) /* dble_dest_expect:CM */;       -- write to master'
dble_res:[(), ()]
mysql_res:[(), ()]
dble_err:None
mysql_err:None
当前文件中执行ID为：6的sql：'commit /* dble_dest_expect:CM */;'
dble_res:()
mysql_res:()
dble_err:None
mysql_err:None
