===file:bugs/bug.sql, id:2, sql:[drop table if exists a_two;]===
dble:[[]]
===file:bugs/bug.sql, id:3, sql:[CREATE TABLE a_two (id int(11) NOT NULL,c_flag char(255) DEFAULT NULL,c_decimal decimal(16,4) DEFAULT NULL,PRIMARY KEY (id)) ENGINE=InnoDB DEFAULT CHARSET=utf8;]===
dble:[[]]
===file:bugs/bug.sql, id:4, sql:[SELECT a.id, sum(a.c_decimal) AS c_decimal FROM a_two a GROUP BY a.id HAVING sum(a.c_decimal) != 0;]===
dble:[[]]
===file:bugs/bug.sql, id:6, sql:[drop table if exists test1;]===
dble:[[]]
===file:bugs/bug.sql, id:7, sql:[drop table if exists test2;]===
dble:[[]]
===file:bugs/bug.sql, id:8, sql:[CREATE TABLE test1 (id bigint(11) NOT NULL,c_char char(255) DEFAULT NULL,PRIMARY KEY (id)) ENGINE=InnoDB DEFAULT CHARSET=utf8;]===
dble:[[]]
===file:bugs/bug.sql, id:9, sql:[CREATE TABLE test2 (id bigint(11) NOT NULL,c_char char(255) DEFAULT NULL,PRIMARY KEY (id)) ENGINE=InnoDB DEFAULT CHARSET=utf8;]===
dble:[[]]
===file:bugs/bug.sql, id:10, sql:[insert into test1 values(1,'1');]===
dble:[[]]
===file:bugs/bug.sql, id:11, sql:[insert into test1(id) values(2);]===
dble:[[]]
===file:bugs/bug.sql, id:12, sql:[insert into test2 values(1,'1');]===
dble:[[]]
===file:bugs/bug.sql, id:13, sql:[insert into test2(id) values(2);]===
dble:[[]]
===file:bugs/bug.sql, id:14, sql:[select * from test1 a inner join test2 b on a.c_char =b.c_char order by a.id;]===
dble:[((1L, '1', 1L, '1'),)]
===file:bugs/bug.sql, id:15, sql:[select * from test1 a right join test2 b on a.c_char =b.c_char order by a.id;]===
dble:[((None, None, 2L, None), (1L, '1', 1L, '1'))]
===file:bugs/bug.sql, id:16, sql:[select * from test1 a left join test2 b on a.c_char =b.c_char order by a.id;]===
dble:[((1L, '1', 1L, '1'), (2L, None, None, None))]
===file:bugs/bug.sql, id:18, sql:[drop table if exists a_test;]===
dble:[[]]
===file:bugs/bug.sql, id:19, sql:[drop table if exists a_order;]===
dble:[[]]
===file:bugs/bug.sql, id:20, sql:[create table a_test(id int, trancode varchar(20), RETCODE char(2), OAPP varchar(20));]===
dble:[[]]
===file:bugs/bug.sql, id:21, sql:[create table a_order(id int, trancode varchar(20), RETCODE char(2), OAPP varchar(20));]===
dble:[[]]
===file:bugs/bug.sql, id:37, sql:[SELECT COUNT(*) FROM (
select test1.*
from mytest.a_test test1
where test1.trancode = 'ATS000010CHGEBUSSPTBNK'
AND test1.RETCODE = '0'
AND test1.OAPP != 'F-CLMS'
UNION
SELECT test2.*
FROM mytest.a_order test2
WHERE test2.trancode = 'ATS000008QRYBUSSPTGIFTLIST'
AND test2.RETCODE = '0'
AND test2.OAPP != 'F-CLMS'
) t3;
]===
dble:[[(0L,)]]
===file:bugs/bug.sql, id:40, sql:[drop table if exists test_global;]===
dble:[[]]
===file:bugs/bug.sql, id:41, sql:[drop table if exists global_table2;]===
dble:[[]]
===file:bugs/bug.sql, id:42, sql:[CREATE TABLE test_global(`id` int(10) unsigned NOT NULL,`t_id` int(10) unsigned NOT NULL DEFAULT '0',`name` char(120) NOT NULL DEFAULT '',`pad` int(11) NOT NULL,PRIMARY KEY (`id`),KEY `k_1` (`t_id`))DEFAULT CHARSET=UTF8;]===
dble:[[]]
===file:bugs/bug.sql, id:43, sql:[CREATE TABLE global_table2(`id` int(10) unsigned NOT NULL,`o_id` int(10) unsigned NOT NULL DEFAULT '0',`name` char(120) NOT NULL DEFAULT '',`pad` int(11) NOT NULL,PRIMARY KEY (`id`),KEY `k_1` (`o_id`))DEFAULT CHARSET=UTF8;]===
dble:[[]]
===file:bugs/bug.sql, id:44, sql:[insert into test_global values(1,1,'test中id为1',1),(2,2,'test_2',2),(3,3,'test中id为3',4),(4,4,'$test$4',3),(5,5,'test...5',1),(6,6,'test6',6);]===
dble:[[]]
===file:bugs/bug.sql, id:45, sql:[insert into global_table2 values(1,1,'order中id为1',1),(2,2,'test_2',2),(3,3,'order中id为3',3),(4,4,'$order$4',4),(5,5,'order...5',1);]===
dble:[[]]
===file:bugs/bug.sql, id:46, sql:[(select a.id,a.t_id,a.name,a.pad from test_global a where a.pad=1) union (select c.id,c.o_id,c.name,c.pad from global_table2 c where c.pad=1) order by id limit 2;]===
dble:[((1L, 1L, 'order\xe4\xb8\xadid\xe4\xb8\xba1', 1L), (1L, 1L, 'test\xe4\xb8\xadid\xe4\xb8\xba1', 1L))]
