===file:syntax/aggregate.sql, id:2, sql:[drop table if exists three_sharding_t1;]===
dble:[[]]
===file:syntax/aggregate.sql, id:3, sql:[create table three_sharding_t1(id int, t timestamp);]===
dble:[[]]
===file:syntax/aggregate.sql, id:4, sql:[select sec_to_time(sum(time_to_sec(t))) from three_sharding_t1;]===
dble:[[(None,)]]
===file:syntax/aggregate.sql, id:5, sql:[insert into three_sharding_t1 value(1, '131225'),(2, '2018-11-08 15:16:45'),(null, '131225');]===
dble:[[]]
===file:syntax/aggregate.sql, id:7, sql:[SELECT FROM_DAYS(SUM(TO_DAYS(t))) FROM three_sharding_t1;]===
dble:[[(datetime.date(6046, 10, 26),)]]
===file:syntax/aggregate.sql, id:8, sql:[select id, t, avg(id) from three_sharding_t1 group by id;]===
dble:[[(None, datetime.datetime(2013, 12, 25, 0, 0), None), (1L, datetime.datetime(2013, 12, 25, 0, 0), Decimal('1.0000')), (2L, datetime.datetime(2018, 11, 8, 15, 16, 45), Decimal('2.0000'))]]
===file:syntax/aggregate.sql, id:10, sql:[drop table if exists three_sharding_t1;]===
dble:[[]]
===file:syntax/aggregate.sql, id:11, sql:[create table three_sharding_t1(id int, c binary);]===
dble:[[]]
===file:syntax/aggregate.sql, id:12, sql:[insert into three_sharding_t1 values(1, 0x1),(2,0),(3,null),(4,1);]===
dble:[[]]
===file:syntax/aggregate.sql, id:13, sql:[select bit_and(c) from three_sharding_t1;]===
dble:[[(0L,)]]
===file:syntax/aggregate.sql, id:14, sql:[select bit_and(c) from three_sharding_t1 where id=4;]===
dble:[[(1L,)]]
===file:syntax/aggregate.sql, id:15, sql:[select count(*) from three_sharding_t1 group by c;]===
dble:[[(1L,), (1L,), (1L,), (1L,)]]
===file:syntax/aggregate.sql, id:17, sql:[drop table if exists aly_test;]===
dble:[[]]
===file:syntax/aggregate.sql, id:22, sql:[CREATE TABLE `aly_test` (
`id` int(11) DEFAULT NULL,
`name` varchar(10) DEFAULT NULL
) ENGINE=InnoDB DEFAULT CHARSET=latin1;
]===
dble:[[]]
===file:syntax/aggregate.sql, id:24, sql:[insert into aly_test values(1,'a'),(null,'b'),(2,null),(1,'d'),(null,'c'),(3,'a'),(null,'b'),(null,'c'),(null,'b');]===
dble:[[]]
===file:syntax/aggregate.sql, id:28, sql:[select min(id), max(id) from aly_test;]===
dble:[[(1L, 3L)]]
===file:syntax/aggregate.sql, id:29, sql:[drop table aly_test;]===
dble:[[]]
===file:syntax/aggregate.sql, id:30, sql:[create table aly_test(id int, c1 enum('a','b','c'));]===
dble:[[]]
===file:syntax/aggregate.sql, id:31, sql:[select max(c1), min(c1), sum(id) from aly_test;]===
dble:[[(None, None, None)]]
===file:syntax/aggregate.sql, id:32, sql:[select var_pop(id),VARIANCE(id) from aly_test;]===
dble:[[(None, None)]]
===file:syntax/aggregate.sql, id:33, sql:[select std(id), stddev(id),STDDEV_POP(id),STDDEV_SAMP(id) from aly_test;]===
dble:[[(None, None, None, None)]]
===file:syntax/aggregate.sql, id:34, sql:[insert into aly_test values(1, 'a'),(2,'b'),(null,null),(4, 'c'),(5,'b');]===
dble:[[]]
===file:syntax/aggregate.sql, id:35, sql:[select max(c1), min(c1) from aly_test;]===
dble:[[('c', 'a')]]
===file:syntax/aggregate.sql, id:36, sql:[select max(c1) over_clause, min(c1) over_clause, sum(id) from aly_test;]===
dble:[[('c', 'a', Decimal('12'))]]
===file:syntax/aggregate.sql, id:37, sql:[select std(id), stddev(id),STDDEV_POP(id),STDDEV_SAMP(id) from aly_test;]===
dble:[[(1.5811388300841898, 1.5811388300841898, 1.5811388300841898, 1.8257418583505538)]]
