===file:syntax/create_table_type.sql, id:2, sql:[DROP TABLE IF EXISTS  aly_test]===
===file:syntax/create_table_type.sql, id:3, sql:[CREATE TABLE  aly_test( id int,data bit)]===
===file:syntax/create_table_type.sql, id:4, sql:[INSERT INTO aly_test VALUES (1,0)]===
===file:syntax/create_table_type.sql, id:6, sql:[INSERT INTO aly_test VALUES (3,b'1')]===
===file:syntax/create_table_type.sql, id:7, sql:[SELECT * FROM aly_test]===
===file:syntax/create_table_type.sql, id:8, sql:[DROP TABLE IF EXISTS  aly_test]===
===file:syntax/create_table_type.sql, id:9, sql:[CREATE TABLE  aly_test( id int,data bit(8) )]===
===file:syntax/create_table_type.sql, id:11, sql:[INSERT INTO aly_test VALUES (2,2)]===
===file:syntax/create_table_type.sql, id:12, sql:[INSERT INTO aly_test VALUES (3,b'11111')]===
===file:syntax/create_table_type.sql, id:13, sql:[SELECT * FROM aly_test]===
===file:syntax/create_table_type.sql, id:16, sql:[DROP TABLE IF EXISTS  aly_test]===
===file:syntax/create_table_type.sql, id:17, sql:[CREATE TABLE  aly_test( id int,data tinyint)]===
===file:syntax/create_table_type.sql, id:21, sql:[INSERT INTO aly_test ( id,data) VALUES (1111,-128),(1112,0),(1113,127)]===
===file:syntax/create_table_type.sql, id:22, sql:[SELECT * FROM aly_test]===
===file:syntax/create_table_type.sql, id:23, sql:[DROP TABLE IF EXISTS  aly_test]===
===file:syntax/create_table_type.sql, id:24, sql:[CREATE TABLE  aly_test( id int,data tinyint(2))]===
===file:syntax/create_table_type.sql, id:25, sql:[INSERT INTO aly_test ( id,data) VALUES (1111,-128),(1112,0),(1113,127)]===
===file:syntax/create_table_type.sql, id:26, sql:[SELECT * FROM aly_test]===
===file:syntax/create_table_type.sql, id:27, sql:[DROP TABLE IF EXISTS  aly_test]===
===file:syntax/create_table_type.sql, id:28, sql:[CREATE TABLE  aly_test( id int,data tinyint UNSIGNED)]===
===file:syntax/create_table_type.sql, id:32, sql:[INSERT INTO aly_test ( id,data) VALUES (1111,0),(1112,255)]===
===file:syntax/create_table_type.sql, id:33, sql:[SELECT * FROM aly_test]===
===file:syntax/create_table_type.sql, id:34, sql:[DROP TABLE IF EXISTS  aly_test]===
===file:syntax/create_table_type.sql, id:35, sql:[CREATE TABLE  aly_test( id int,data tinyint(2) UNSIGNED)]===
===file:syntax/create_table_type.sql, id:36, sql:[INSERT INTO aly_test ( id,data) VALUES (1111,0),(1112,255)]===
===file:syntax/create_table_type.sql, id:37, sql:[SELECT * FROM aly_test]===
===file:syntax/create_table_type.sql, id:38, sql:[DROP TABLE IF EXISTS  aly_test]===
===file:syntax/create_table_type.sql, id:39, sql:[CREATE TABLE  aly_test( id int,data tinyint(3) ZEROFILL)]===
===file:syntax/create_table_type.sql, id:42, sql:[INSERT INTO aly_test ( id,data) VALUES (1111,0),(1112,255)]===
===file:syntax/create_table_type.sql, id:43, sql:[SELECT * FROM aly_test]===
===file:syntax/create_table_type.sql, id:44, sql:[DROP TABLE IF EXISTS  aly_test]===
===file:syntax/create_table_type.sql, id:45, sql:[CREATE TABLE  aly_test( id int,data tinyint ZEROFILL)]===
===file:syntax/create_table_type.sql, id:46, sql:[INSERT INTO aly_test ( id,data) VALUES (1111,0),(1112,255)]===
===file:syntax/create_table_type.sql, id:47, sql:[SELECT * FROM aly_test]===
===file:syntax/create_table_type.sql, id:48, sql:[DROP TABLE IF EXISTS  aly_test]===
===file:syntax/create_table_type.sql, id:49, sql:[CREATE TABLE  aly_test( id int,data tinyint(3) UNSIGNED ZEROFILL)]===
===file:syntax/create_table_type.sql, id:52, sql:[INSERT INTO aly_test ( id,data) VALUES (1111,0),(1112,255)]===
===file:syntax/create_table_type.sql, id:53, sql:[SELECT * FROM aly_test]===
===file:syntax/create_table_type.sql, id:54, sql:[DROP TABLE IF EXISTS  aly_test]===
===file:syntax/create_table_type.sql, id:55, sql:[CREATE TABLE  aly_test( id int,data tinyint UNSIGNED ZEROFILL)]===
===file:syntax/create_table_type.sql, id:56, sql:[INSERT INTO aly_test ( id,data) VALUES (1111,0),(1112,255)]===
===file:syntax/create_table_type.sql, id:57, sql:[SELECT * FROM aly_test]===
===file:syntax/create_table_type.sql, id:60, sql:[DROP TABLE IF EXISTS  aly_test]===
===file:syntax/create_table_type.sql, id:61, sql:[CREATE TABLE  aly_test( id int,data smallint)]===
===file:syntax/create_table_type.sql, id:65, sql:[INSERT INTO aly_test ( id,data) VALUES (1111,-32768),(1112,0),(1113,32767)]===
===file:syntax/create_table_type.sql, id:66, sql:[SELECT * FROM aly_test]===
===file:syntax/create_table_type.sql, id:67, sql:[DROP TABLE IF EXISTS  aly_test]===
===file:syntax/create_table_type.sql, id:68, sql:[CREATE TABLE  aly_test( id int,data smallint(3))]===
===file:syntax/create_table_type.sql, id:69, sql:[INSERT INTO aly_test ( id,data) VALUES (1111,-32768),(1112,0),(1113,32767)]===
===file:syntax/create_table_type.sql, id:70, sql:[SELECT * FROM aly_test]===
===file:syntax/create_table_type.sql, id:71, sql:[DROP TABLE IF EXISTS  aly_test]===
===file:syntax/create_table_type.sql, id:72, sql:[CREATE TABLE  aly_test( id int,data smallint UNSIGNED)]===
===file:syntax/create_table_type.sql, id:76, sql:[INSERT INTO aly_test ( id,data) VALUES (1111,0),(1112,65535)]===
===file:syntax/create_table_type.sql, id:77, sql:[SELECT * FROM aly_test]===
===file:syntax/create_table_type.sql, id:78, sql:[DROP TABLE IF EXISTS  aly_test]===
===file:syntax/create_table_type.sql, id:79, sql:[CREATE TABLE  aly_test( id int,data smallint(3) UNSIGNED)]===
===file:syntax/create_table_type.sql, id:80, sql:[INSERT INTO aly_test ( id,data) VALUES (1111,0),(1112,65535)]===
===file:syntax/create_table_type.sql, id:81, sql:[SELECT * FROM aly_test]===
===file:syntax/create_table_type.sql, id:82, sql:[DROP TABLE IF EXISTS  aly_test]===
===file:syntax/create_table_type.sql, id:83, sql:[CREATE TABLE  aly_test( id int,data smallint(6) ZEROFILL)]===
===file:syntax/create_table_type.sql, id:86, sql:[INSERT INTO aly_test ( id,data) VALUES (1111,0),(1112,65535)]===
===file:syntax/create_table_type.sql, id:87, sql:[SELECT * FROM aly_test]===
===file:syntax/create_table_type.sql, id:88, sql:[DROP TABLE IF EXISTS  aly_test]===
===file:syntax/create_table_type.sql, id:89, sql:[CREATE TABLE  aly_test( id int,data smallint ZEROFILL)]===
===file:syntax/create_table_type.sql, id:90, sql:[INSERT INTO aly_test ( id,data) VALUES (1111,0),(1112,65535)]===
===file:syntax/create_table_type.sql, id:91, sql:[SELECT * FROM aly_test]===
===file:syntax/create_table_type.sql, id:92, sql:[DROP TABLE IF EXISTS  aly_test]===
===file:syntax/create_table_type.sql, id:93, sql:[CREATE TABLE  aly_test( id int,data smallint(6) UNSIGNED ZEROFILL)]===
===file:syntax/create_table_type.sql, id:96, sql:[INSERT INTO aly_test ( id,data) VALUES (1111,0),(1112,65535)]===
===file:syntax/create_table_type.sql, id:97, sql:[SELECT * FROM aly_test]===
===file:syntax/create_table_type.sql, id:98, sql:[DROP TABLE IF EXISTS  aly_test]===
===file:syntax/create_table_type.sql, id:99, sql:[CREATE TABLE  aly_test( id int,data smallint UNSIGNED ZEROFILL)]===
===file:syntax/create_table_type.sql, id:100, sql:[INSERT INTO aly_test ( id,data) VALUES (1111,0),(1112,65535)]===
===file:syntax/create_table_type.sql, id:101, sql:[SELECT * FROM aly_test]===
===file:syntax/create_table_type.sql, id:104, sql:[DROP TABLE IF EXISTS  aly_test]===
===file:syntax/create_table_type.sql, id:105, sql:[CREATE TABLE  aly_test( id int,data mediumint)]===
===file:syntax/create_table_type.sql, id:107, sql:[INSERT INTO aly_test ( id,data) VALUES (2,8388607)]===
===file:syntax/create_table_type.sql, id:109, sql:[INSERT INTO aly_test ( id,data) VALUES (1111,-8388608),(1112,0),(1113,8388607)]===
===file:syntax/create_table_type.sql, id:110, sql:[SELECT * FROM aly_test]===
===file:syntax/create_table_type.sql, id:111, sql:[DROP TABLE IF EXISTS  aly_test]===
===file:syntax/create_table_type.sql, id:112, sql:[CREATE TABLE  aly_test( id int,data mediumint(5))]===
===file:syntax/create_table_type.sql, id:113, sql:[INSERT INTO aly_test ( id,data) VALUES (1111,-8388608),(1112,0),(1113,8388607)]===
===file:syntax/create_table_type.sql, id:114, sql:[SELECT * FROM aly_test]===
===file:syntax/create_table_type.sql, id:115, sql:[DROP TABLE IF EXISTS  aly_test]===
===file:syntax/create_table_type.sql, id:116, sql:[CREATE TABLE  aly_test( id int,data mediumint UNSIGNED)]===
===file:syntax/create_table_type.sql, id:120, sql:[INSERT INTO aly_test ( id,data) VALUES (1111,0),(1112,16777215)]===
===file:syntax/create_table_type.sql, id:121, sql:[SELECT * FROM aly_test]===
===file:syntax/create_table_type.sql, id:122, sql:[DROP TABLE IF EXISTS  aly_test]===
===file:syntax/create_table_type.sql, id:123, sql:[CREATE TABLE  aly_test( id int,data mediumint(5) UNSIGNED)]===
===file:syntax/create_table_type.sql, id:124, sql:[INSERT INTO aly_test ( id,data) VALUES (1111,0),(1112,16777215)]===
===file:syntax/create_table_type.sql, id:125, sql:[SELECT * FROM aly_test]===
===file:syntax/create_table_type.sql, id:126, sql:[DROP TABLE IF EXISTS  aly_test]===
===file:syntax/create_table_type.sql, id:127, sql:[CREATE TABLE  aly_test( id int,data mediumint(6) ZEROFILL)]===
===file:syntax/create_table_type.sql, id:130, sql:[INSERT INTO aly_test ( id,data) VALUES (1111,0),(1112,16777215)]===
===file:syntax/create_table_type.sql, id:131, sql:[SELECT * FROM aly_test]===
===file:syntax/create_table_type.sql, id:132, sql:[DROP TABLE IF EXISTS  aly_test]===
===file:syntax/create_table_type.sql, id:133, sql:[CREATE TABLE  aly_test( id int,data mediumint ZEROFILL)]===
===file:syntax/create_table_type.sql, id:134, sql:[INSERT INTO aly_test ( id,data) VALUES (1111,0),(1112,16777215)]===
===file:syntax/create_table_type.sql, id:135, sql:[SELECT * FROM aly_test]===
===file:syntax/create_table_type.sql, id:136, sql:[DROP TABLE IF EXISTS  aly_test]===
===file:syntax/create_table_type.sql, id:137, sql:[CREATE TABLE  aly_test( id int,data mediumint(6) UNSIGNED ZEROFILL)]===
===file:syntax/create_table_type.sql, id:140, sql:[INSERT INTO aly_test ( id,data) VALUES (1111,0),(1112,16777215)]===
===file:syntax/create_table_type.sql, id:141, sql:[SELECT * FROM aly_test]===
===file:syntax/create_table_type.sql, id:142, sql:[DROP TABLE IF EXISTS  aly_test]===
===file:syntax/create_table_type.sql, id:143, sql:[CREATE TABLE  aly_test( id int,data mediumint UNSIGNED ZEROFILL)]===
===file:syntax/create_table_type.sql, id:144, sql:[INSERT INTO aly_test ( id,data) VALUES (1111,0),(1112,16777215)]===
===file:syntax/create_table_type.sql, id:145, sql:[SELECT * FROM aly_test]===
===file:syntax/create_table_type.sql, id:148, sql:[DROP TABLE IF EXISTS  aly_test]===
===file:syntax/create_table_type.sql, id:149, sql:[CREATE TABLE  aly_test( id int,data int)]===
===file:syntax/create_table_type.sql, id:153, sql:[INSERT INTO aly_test ( id,data) VALUES (1111,-2147483648),(1112,0),(1113,2147483647)]===
===file:syntax/create_table_type.sql, id:154, sql:[SELECT * FROM aly_test]===
===file:syntax/create_table_type.sql, id:155, sql:[DROP TABLE IF EXISTS  aly_test]===
===file:syntax/create_table_type.sql, id:156, sql:[CREATE TABLE  aly_test( id int,data int(5))]===
===file:syntax/create_table_type.sql, id:157, sql:[INSERT INTO aly_test ( id,data) VALUES (1111,-2147483648),(1112,0),(1113,2147483647)]===
===file:syntax/create_table_type.sql, id:158, sql:[SELECT * FROM aly_test]===
===file:syntax/create_table_type.sql, id:159, sql:[DROP TABLE IF EXISTS  aly_test]===
===file:syntax/create_table_type.sql, id:160, sql:[CREATE TABLE  aly_test( id int,data int UNSIGNED)]===
===file:syntax/create_table_type.sql, id:164, sql:[INSERT INTO aly_test ( id,data) VALUES (1111,4294967295),(1112,0)]===
===file:syntax/create_table_type.sql, id:165, sql:[SELECT * FROM aly_test]===
===file:syntax/create_table_type.sql, id:166, sql:[DROP TABLE IF EXISTS  aly_test]===
===file:syntax/create_table_type.sql, id:167, sql:[CREATE TABLE  aly_test( id int,data int(11) UNSIGNED)]===
===file:syntax/create_table_type.sql, id:168, sql:[INSERT INTO aly_test ( id,data) VALUES (1111,4294967295),(1112,0)]===
===file:syntax/create_table_type.sql, id:169, sql:[SELECT * FROM aly_test]===
===file:syntax/create_table_type.sql, id:170, sql:[DROP TABLE IF EXISTS  aly_test]===
===file:syntax/create_table_type.sql, id:171, sql:[CREATE TABLE  aly_test( id int,data int(5) ZEROFILL)]===
===file:syntax/create_table_type.sql, id:174, sql:[INSERT INTO aly_test ( id,data) VALUES (1111,0),(1112,1),(1113,10000),(1114,100000)]===
===file:syntax/create_table_type.sql, id:175, sql:[SELECT * FROM aly_test]===
===file:syntax/create_table_type.sql, id:176, sql:[DROP TABLE IF EXISTS  aly_test]===
===file:syntax/create_table_type.sql, id:177, sql:[CREATE TABLE  aly_test( id int,data int ZEROFILL)]===
===file:syntax/create_table_type.sql, id:178, sql:[INSERT INTO aly_test ( id,data) VALUES (1111,0),(1112,1),(1113,10000),(1114,100000)]===
===file:syntax/create_table_type.sql, id:179, sql:[SELECT * FROM aly_test]===
===file:syntax/create_table_type.sql, id:180, sql:[DROP TABLE IF EXISTS  aly_test]===
===file:syntax/create_table_type.sql, id:181, sql:[CREATE TABLE  aly_test( id int,data int(5) UNSIGNED ZEROFILL)]===
===file:syntax/create_table_type.sql, id:186, sql:[SELECT * FROM aly_test]===
===file:syntax/create_table_type.sql, id:187, sql:[DROP TABLE IF EXISTS  aly_test]===
===file:syntax/create_table_type.sql, id:188, sql:[CREATE TABLE  aly_test( id int,data int UNSIGNED ZEROFILL)]===
===file:syntax/create_table_type.sql, id:190, sql:[SELECT * FROM aly_test]===
===file:syntax/create_table_type.sql, id:193, sql:[DROP TABLE IF EXISTS  aly_test]===
===file:syntax/create_table_type.sql, id:194, sql:[CREATE TABLE  aly_test( id int,data INTEGER)]===
===file:syntax/create_table_type.sql, id:198, sql:[INSERT INTO aly_test ( id,data) VALUES (1111,-2147483648),(1112,0),(1113,2147483647)]===
===file:syntax/create_table_type.sql, id:199, sql:[SELECT * FROM aly_test]===
===file:syntax/create_table_type.sql, id:200, sql:[DROP TABLE IF EXISTS  aly_test]===
===file:syntax/create_table_type.sql, id:201, sql:[CREATE TABLE  aly_test( id int,data INTEGER(5))]===
===file:syntax/create_table_type.sql, id:202, sql:[INSERT INTO aly_test ( id,data) VALUES (1111,-2147483648),(1112,0),(1113,2147483647)]===
===file:syntax/create_table_type.sql, id:203, sql:[SELECT * FROM aly_test]===
===file:syntax/create_table_type.sql, id:204, sql:[DROP TABLE IF EXISTS  aly_test]===
===file:syntax/create_table_type.sql, id:205, sql:[CREATE TABLE  aly_test( id int,data INTEGER UNSIGNED)]===
===file:syntax/create_table_type.sql, id:209, sql:[INSERT INTO aly_test ( id,data) VALUES (1111,4294967295),(1112,0)]===
===file:syntax/create_table_type.sql, id:210, sql:[SELECT * FROM aly_test]===
===file:syntax/create_table_type.sql, id:211, sql:[DROP TABLE IF EXISTS  aly_test]===
===file:syntax/create_table_type.sql, id:212, sql:[CREATE TABLE  aly_test( id int,data INTEGER(5) UNSIGNED)]===
===file:syntax/create_table_type.sql, id:213, sql:[INSERT INTO aly_test ( id,data) VALUES (1111,4294967295),(1112,0)]===
===file:syntax/create_table_type.sql, id:214, sql:[SELECT * FROM aly_test]===
===file:syntax/create_table_type.sql, id:215, sql:[DROP TABLE IF EXISTS  aly_test]===
===file:syntax/create_table_type.sql, id:216, sql:[CREATE TABLE  aly_test( id int,data INTEGER(5) ZEROFILL)]===
===file:syntax/create_table_type.sql, id:219, sql:[INSERT INTO aly_test ( id,data) VALUES (1111,0),(1112,1),(1113,10000),(1114,100000)]===
===file:syntax/create_table_type.sql, id:220, sql:[SELECT * FROM aly_test]===
===file:syntax/create_table_type.sql, id:221, sql:[DROP TABLE IF EXISTS  aly_test]===
===file:syntax/create_table_type.sql, id:222, sql:[CREATE TABLE  aly_test( id int,data INTEGER ZEROFILL)]===
===file:syntax/create_table_type.sql, id:223, sql:[INSERT INTO aly_test ( id,data) VALUES (1111,0),(1112,1),(1113,10000),(1114,100000)]===
===file:syntax/create_table_type.sql, id:224, sql:[SELECT * FROM aly_test]===
===file:syntax/create_table_type.sql, id:225, sql:[DROP TABLE IF EXISTS  aly_test]===
===file:syntax/create_table_type.sql, id:226, sql:[CREATE TABLE  aly_test( id int,data INTEGER(5) UNSIGNED ZEROFILL)]===
===file:syntax/create_table_type.sql, id:230, sql:[INSERT INTO aly_test ( id,data) VALUES (1111,0),(1112,1),(1113,10000),(1114,100000)]===
===file:syntax/create_table_type.sql, id:231, sql:[SELECT * FROM aly_test]===
===file:syntax/create_table_type.sql, id:232, sql:[DROP TABLE IF EXISTS  aly_test]===
===file:syntax/create_table_type.sql, id:233, sql:[CREATE TABLE  aly_test( id int,data INTEGER UNSIGNED ZEROFILL)]===
===file:syntax/create_table_type.sql, id:234, sql:[INSERT INTO aly_test ( id,data) VALUES (1111,0),(1112,1),(1113,10000),(1114,100000)]===
===file:syntax/create_table_type.sql, id:235, sql:[SELECT * FROM aly_test]===
===file:syntax/create_table_type.sql, id:238, sql:[DROP TABLE IF EXISTS  aly_test]===
===file:syntax/create_table_type.sql, id:239, sql:[CREATE TABLE  aly_test( id int,data bigint)]===
===file:syntax/create_table_type.sql, id:243, sql:[INSERT INTO aly_test ( id,data) VALUES (1111,-9223372036854775808),(1112,0),(1113,9223372036854775807)]===
===file:syntax/create_table_type.sql, id:244, sql:[SELECT * FROM aly_test]===
===file:syntax/create_table_type.sql, id:245, sql:[DROP TABLE IF EXISTS  aly_test]===
===file:syntax/create_table_type.sql, id:246, sql:[CREATE TABLE  aly_test( id int,data bigint(3))]===
===file:syntax/create_table_type.sql, id:247, sql:[INSERT INTO aly_test ( id,data) VALUES (1111,-9223372036854775808),(1112,0),(1113,9223372036854775807)]===
===file:syntax/create_table_type.sql, id:248, sql:[SELECT * FROM aly_test]===
===file:syntax/create_table_type.sql, id:249, sql:[DROP TABLE IF EXISTS  aly_test]===
===file:syntax/create_table_type.sql, id:250, sql:[CREATE TABLE  aly_test( id int,data bigint UNSIGNED)]===
===file:syntax/create_table_type.sql, id:254, sql:[INSERT INTO aly_test ( id,data) VALUES (1111,0),(1112,18446744073709551615)]===
===file:syntax/create_table_type.sql, id:255, sql:[SELECT * FROM aly_test]===
===file:syntax/create_table_type.sql, id:256, sql:[DROP TABLE IF EXISTS  aly_test]===
===file:syntax/create_table_type.sql, id:257, sql:[CREATE TABLE  aly_test( id int,data bigint(3) UNSIGNED)]===
===file:syntax/create_table_type.sql, id:258, sql:[INSERT INTO aly_test ( id,data) VALUES (1111,0),(1112,18446744073709551615)]===
===file:syntax/create_table_type.sql, id:259, sql:[SELECT * FROM aly_test]===
===file:syntax/create_table_type.sql, id:260, sql:[DROP TABLE IF EXISTS  aly_test]===
===file:syntax/create_table_type.sql, id:261, sql:[CREATE TABLE  aly_test( id int,data bigint(6) ZEROFILL)]===
===file:syntax/create_table_type.sql, id:264, sql:[INSERT INTO aly_test ( id,data) VALUES (1111,0),(1112,18446744073709551615)]===
===file:syntax/create_table_type.sql, id:265, sql:[SELECT * FROM aly_test]===
===file:syntax/create_table_type.sql, id:266, sql:[DROP TABLE IF EXISTS  aly_test]===
===file:syntax/create_table_type.sql, id:267, sql:[CREATE TABLE  aly_test( id int,data bigint ZEROFILL)]===
===file:syntax/create_table_type.sql, id:268, sql:[INSERT INTO aly_test ( id,data) VALUES (1111,0),(1112,18446744073709551615)]===
===file:syntax/create_table_type.sql, id:269, sql:[SELECT * FROM aly_test]===
===file:syntax/create_table_type.sql, id:270, sql:[DROP TABLE IF EXISTS  aly_test]===
===file:syntax/create_table_type.sql, id:271, sql:[CREATE TABLE  aly_test( id int,data bigint(6) UNSIGNED ZEROFILL)]===
===file:syntax/create_table_type.sql, id:274, sql:[INSERT INTO aly_test ( id,data) VALUES (1111,0),(1112,18446744073709551615)]===
===file:syntax/create_table_type.sql, id:275, sql:[SELECT * FROM aly_test]===
===file:syntax/create_table_type.sql, id:276, sql:[DROP TABLE IF EXISTS  aly_test]===
===file:syntax/create_table_type.sql, id:277, sql:[CREATE TABLE  aly_test( id int,data bigint UNSIGNED ZEROFILL)]===
===file:syntax/create_table_type.sql, id:278, sql:[INSERT INTO aly_test ( id,data) VALUES (1111,0),(1112,18446744073709551615)]===
===file:syntax/create_table_type.sql, id:279, sql:[SELECT * FROM aly_test]===
===file:syntax/create_table_type.sql, id:282, sql:[DROP TABLE IF EXISTS  aly_test]===
===file:syntax/create_table_type.sql, id:283, sql:[CREATE TABLE  aly_test( id int,data float)]===
===file:syntax/create_table_type.sql, id:284, sql:[INSERT INTO aly_test ( id,data) VALUES (1,-123456789012345678901234567890123456789.01234567890)]===
===file:syntax/create_table_type.sql, id:287, sql:[INSERT INTO aly_test ( id,data) VALUES (1111,-12345678901234567890123.4567890),(1112,0),(1113,12345678901234567890123.4567890)]===
===file:syntax/create_table_type.sql, id:288, sql:[SELECT * FROM aly_test]===
===file:syntax/create_table_type.sql, id:289, sql:[DROP TABLE IF EXISTS  aly_test]===
===file:syntax/create_table_type.sql, id:290, sql:[CREATE TABLE  aly_test( id int,data float(7,3))]===
===file:syntax/create_table_type.sql, id:292, sql:[INSERT INTO aly_test ( id,data) VALUES (1111,0.7777),(1112,7777.777),(1114,0),(1116,7777)]===
===file:syntax/create_table_type.sql, id:293, sql:[SELECT * FROM aly_test]===
===file:syntax/create_table_type.sql, id:294, sql:[DROP TABLE IF EXISTS  aly_test]===
===file:syntax/create_table_type.sql, id:295, sql:[CREATE TABLE  aly_test( id int,data float UNSIGNED)]===
===file:syntax/create_table_type.sql, id:297, sql:[INSERT INTO aly_test ( id,data) VALUES (2,18446744073709551616),(3,0)]===
===file:syntax/create_table_type.sql, id:298, sql:[SELECT * FROM aly_test]===
===file:syntax/create_table_type.sql, id:299, sql:[DROP TABLE IF EXISTS  aly_test]===
===file:syntax/create_table_type.sql, id:300, sql:[CREATE TABLE  aly_test( id int,data float(5,3) UNSIGNED)]===
===file:syntax/create_table_type.sql, id:302, sql:[INSERT INTO aly_test ( id,data) VALUES (3,0)]===
===file:syntax/create_table_type.sql, id:303, sql:[SELECT * FROM aly_test]===
===file:syntax/create_table_type.sql, id:304, sql:[DROP TABLE IF EXISTS  aly_test]===
===file:syntax/create_table_type.sql, id:305, sql:[CREATE TABLE  aly_test( id int,data float(6,1) ZEROFILL)]===
===file:syntax/create_table_type.sql, id:307, sql:[INSERT INTO aly_test ( id,data) VALUES (111,0),(112,1)]===
===file:syntax/create_table_type.sql, id:308, sql:[SELECT * FROM aly_test]===
===file:syntax/create_table_type.sql, id:309, sql:[DROP TABLE IF EXISTS  aly_test]===
===file:syntax/create_table_type.sql, id:310, sql:[CREATE TABLE  aly_test( id int,data float ZEROFILL)]===
===file:syntax/create_table_type.sql, id:312, sql:[INSERT INTO aly_test ( id,data) VALUES (111,0),(112,1)]===
===file:syntax/create_table_type.sql, id:313, sql:[SELECT * FROM aly_test]===
===file:syntax/create_table_type.sql, id:314, sql:[DROP TABLE IF EXISTS  aly_test]===
===file:syntax/create_table_type.sql, id:315, sql:[CREATE TABLE  aly_test( id int,data float(6,1) UNSIGNED ZEROFILL)]===
===file:syntax/create_table_type.sql, id:317, sql:[INSERT INTO aly_test ( id,data) VALUES (111,0),(112,1)]===
===file:syntax/create_table_type.sql, id:318, sql:[SELECT * FROM aly_test]===
===file:syntax/create_table_type.sql, id:319, sql:[DROP TABLE IF EXISTS  aly_test]===
===file:syntax/create_table_type.sql, id:320, sql:[CREATE TABLE  aly_test( id int,data float UNSIGNED ZEROFILL)]===
===file:syntax/create_table_type.sql, id:322, sql:[INSERT INTO aly_test ( id,data) VALUES (111,0),(112,1)]===
===file:syntax/create_table_type.sql, id:323, sql:[SELECT * FROM aly_test]===
===file:syntax/create_table_type.sql, id:326, sql:[DROP TABLE IF EXISTS  aly_test]===
===file:syntax/create_table_type.sql, id:327, sql:[CREATE TABLE  aly_test( id int,data double)]===
===file:syntax/create_table_type.sql, id:328, sql:[desc aly_test]===
===file:syntax/create_table_type.sql, id:329, sql:[INSERT INTO aly_test ( id,data) VALUES (1111,-1234567890123456789012345678901234567890.1234567890123),(1112,0),(1113,1234567890123456789012345678901234567890.1234567890123)]===
===file:syntax/create_table_type.sql, id:330, sql:[SELECT * FROM aly_test]===
===file:syntax/create_table_type.sql, id:331, sql:[DROP TABLE IF EXISTS  aly_test]===
===file:syntax/create_table_type.sql, id:332, sql:[CREATE TABLE  aly_test( id int,data double(7,3))]===
===file:syntax/create_table_type.sql, id:333, sql:[desc aly_test]===
===file:syntax/create_table_type.sql, id:335, sql:[INSERT INTO aly_test ( id,data) VALUES (1111,0.7777),(1112,7777.777),(1114,0),(1116,7777)]===
===file:syntax/create_table_type.sql, id:336, sql:[SELECT * FROM aly_test]===
===file:syntax/create_table_type.sql, id:337, sql:[DROP TABLE IF EXISTS  aly_test]===
===file:syntax/create_table_type.sql, id:338, sql:[CREATE TABLE  aly_test( id int,data double UNSIGNED)]===
===file:syntax/create_table_type.sql, id:339, sql:[desc aly_test]===
===file:syntax/create_table_type.sql, id:341, sql:[INSERT INTO aly_test ( id,data) VALUES (2,18446744073709551616),(3,0)]===
===file:syntax/create_table_type.sql, id:342, sql:[SELECT * FROM aly_test]===
===file:syntax/create_table_type.sql, id:343, sql:[DROP TABLE IF EXISTS  aly_test]===
===file:syntax/create_table_type.sql, id:344, sql:[CREATE TABLE  aly_test( id int,data double(5,3) UNSIGNED)]===
===file:syntax/create_table_type.sql, id:346, sql:[INSERT INTO aly_test ( id,data) VALUES (3,0)]===
===file:syntax/create_table_type.sql, id:347, sql:[SELECT * FROM aly_test]===
===file:syntax/create_table_type.sql, id:348, sql:[DROP TABLE IF EXISTS  aly_test]===
===file:syntax/create_table_type.sql, id:349, sql:[CREATE TABLE  aly_test( id int,data double(6,1) ZEROFILL)]===
===file:syntax/create_table_type.sql, id:350, sql:[desc aly_test]===
===file:syntax/create_table_type.sql, id:352, sql:[INSERT INTO aly_test ( id,data) VALUES (111,0),(112,1)]===
===file:syntax/create_table_type.sql, id:353, sql:[SELECT * FROM aly_test]===
===file:syntax/create_table_type.sql, id:354, sql:[DROP TABLE IF EXISTS  aly_test]===
===file:syntax/create_table_type.sql, id:355, sql:[CREATE TABLE  aly_test( id int,data double ZEROFILL)]===
===file:syntax/create_table_type.sql, id:356, sql:[desc aly_test]===
===file:syntax/create_table_type.sql, id:358, sql:[INSERT INTO aly_test ( id,data) VALUES (111,0),(112,1)]===
===file:syntax/create_table_type.sql, id:359, sql:[SELECT * FROM aly_test]===
===file:syntax/create_table_type.sql, id:360, sql:[DROP TABLE IF EXISTS  aly_test]===
===file:syntax/create_table_type.sql, id:361, sql:[CREATE TABLE  aly_test( id int,data double(6,1) UNSIGNED ZEROFILL)]===
===file:syntax/create_table_type.sql, id:362, sql:[desc aly_test]===
===file:syntax/create_table_type.sql, id:364, sql:[INSERT INTO aly_test ( id,data) VALUES (111,0),(112,1)]===
===file:syntax/create_table_type.sql, id:365, sql:[SELECT * FROM aly_test]===
===file:syntax/create_table_type.sql, id:366, sql:[DROP TABLE IF EXISTS  aly_test]===
===file:syntax/create_table_type.sql, id:367, sql:[CREATE TABLE  aly_test( id int,data double UNSIGNED ZEROFILL)]===
===file:syntax/create_table_type.sql, id:368, sql:[desc aly_test]===
===file:syntax/create_table_type.sql, id:370, sql:[INSERT INTO aly_test ( id,data) VALUES (111,0),(112,1)]===
===file:syntax/create_table_type.sql, id:371, sql:[SELECT * FROM aly_test]===
===file:syntax/create_table_type.sql, id:374, sql:[DROP TABLE IF EXISTS  aly_test]===
===file:syntax/create_table_type.sql, id:375, sql:[CREATE TABLE  aly_test( id int,data decimal)]===
===file:syntax/create_table_type.sql, id:376, sql:[desc aly_test]===
===file:syntax/create_table_type.sql, id:378, sql:[SELECT * FROM aly_test]===
===file:syntax/create_table_type.sql, id:379, sql:[DROP TABLE IF EXISTS  aly_test]===
===file:syntax/create_table_type.sql, id:380, sql:[CREATE TABLE  aly_test( id int,data decimal(7,3))]===
===file:syntax/create_table_type.sql, id:381, sql:[desc aly_test]===
===file:syntax/create_table_type.sql, id:383, sql:[INSERT INTO aly_test ( id,data) VALUES (1111,0.7777),(1112,7777.777),(1114,0),(1116,7777)]===
===file:syntax/create_table_type.sql, id:384, sql:[SELECT * FROM aly_test]===
===file:syntax/create_table_type.sql, id:385, sql:[DROP TABLE IF EXISTS  aly_test]===
===file:syntax/create_table_type.sql, id:386, sql:[CREATE TABLE  aly_test( id int,data decimal UNSIGNED)]===
===file:syntax/create_table_type.sql, id:387, sql:[desc aly_test]===
===file:syntax/create_table_type.sql, id:390, sql:[SELECT * FROM aly_test]===
===file:syntax/create_table_type.sql, id:391, sql:[DROP TABLE IF EXISTS  aly_test]===
===file:syntax/create_table_type.sql, id:392, sql:[CREATE TABLE  aly_test( id int,data decimal(5,3) UNSIGNED)]===
===file:syntax/create_table_type.sql, id:394, sql:[INSERT INTO aly_test ( id,data) VALUES (3,0)]===
===file:syntax/create_table_type.sql, id:395, sql:[SELECT * FROM aly_test]===
===file:syntax/create_table_type.sql, id:396, sql:[DROP TABLE IF EXISTS  aly_test]===
===file:syntax/create_table_type.sql, id:397, sql:[CREATE TABLE  aly_test( id int,data decimal(6,1) ZEROFILL)]===
===file:syntax/create_table_type.sql, id:398, sql:[desc aly_test]===
===file:syntax/create_table_type.sql, id:400, sql:[INSERT INTO aly_test ( id,data) VALUES (111,0),(112,1)]===
===file:syntax/create_table_type.sql, id:401, sql:[SELECT * FROM aly_test]===
===file:syntax/create_table_type.sql, id:402, sql:[DROP TABLE IF EXISTS  aly_test]===
===file:syntax/create_table_type.sql, id:403, sql:[CREATE TABLE  aly_test( id int,data decimal ZEROFILL)]===
===file:syntax/create_table_type.sql, id:404, sql:[desc aly_test]===
===file:syntax/create_table_type.sql, id:406, sql:[INSERT INTO aly_test ( id,data) VALUES (111,0),(112,1)]===
===file:syntax/create_table_type.sql, id:407, sql:[SELECT * FROM aly_test]===
===file:syntax/create_table_type.sql, id:408, sql:[DROP TABLE IF EXISTS  aly_test]===
===file:syntax/create_table_type.sql, id:409, sql:[CREATE TABLE  aly_test( id int,data decimal(6,1) UNSIGNED ZEROFILL)]===
===file:syntax/create_table_type.sql, id:410, sql:[desc aly_test]===
===file:syntax/create_table_type.sql, id:412, sql:[INSERT INTO aly_test ( id,data) VALUES (111,0),(112,1)]===
===file:syntax/create_table_type.sql, id:413, sql:[SELECT * FROM aly_test]===
===file:syntax/create_table_type.sql, id:414, sql:[DROP TABLE IF EXISTS  aly_test]===
===file:syntax/create_table_type.sql, id:415, sql:[CREATE TABLE  aly_test( id int,data decimal UNSIGNED ZEROFILL)]===
===file:syntax/create_table_type.sql, id:416, sql:[desc aly_test]===
===file:syntax/create_table_type.sql, id:418, sql:[INSERT INTO aly_test ( id,data) VALUES (111,0),(112,1)]===
===file:syntax/create_table_type.sql, id:419, sql:[SELECT * FROM aly_test]===
===file:syntax/create_table_type.sql, id:422, sql:[DROP TABLE IF EXISTS  aly_test]===
===file:syntax/create_table_type.sql, id:423, sql:[CREATE TABLE  aly_test( id int,data numeric)]===
===file:syntax/create_table_type.sql, id:424, sql:[desc aly_test]===
===file:syntax/create_table_type.sql, id:427, sql:[INSERT INTO aly_test ( id,data) VALUES (2,0.012345678901234567890123456789)]===
===file:syntax/create_table_type.sql, id:430, sql:[SELECT * FROM aly_test]===
===file:syntax/create_table_type.sql, id:431, sql:[DROP TABLE IF EXISTS  aly_test]===
===file:syntax/create_table_type.sql, id:432, sql:[CREATE TABLE  aly_test( id int,data numeric(7,3))]===
===file:syntax/create_table_type.sql, id:433, sql:[desc aly_test]===
===file:syntax/create_table_type.sql, id:435, sql:[INSERT INTO aly_test ( id,data) VALUES (1111,0.7777),(1112,7777.777),(1114,0),(1116,7777)]===
===file:syntax/create_table_type.sql, id:436, sql:[SELECT * FROM aly_test]===
===file:syntax/create_table_type.sql, id:437, sql:[DROP TABLE IF EXISTS  aly_test]===
===file:syntax/create_table_type.sql, id:438, sql:[CREATE TABLE  aly_test( id int,data numeric UNSIGNED)]===
===file:syntax/create_table_type.sql, id:439, sql:[desc aly_test]===
===file:syntax/create_table_type.sql, id:442, sql:[SELECT * FROM aly_test]===
===file:syntax/create_table_type.sql, id:443, sql:[DROP TABLE IF EXISTS  aly_test]===
===file:syntax/create_table_type.sql, id:444, sql:[CREATE TABLE  aly_test( id int,data numeric(5,3) UNSIGNED)]===
===file:syntax/create_table_type.sql, id:445, sql:[desc aly_test]===
===file:syntax/create_table_type.sql, id:447, sql:[INSERT INTO aly_test ( id,data) VALUES (3,0)]===
===file:syntax/create_table_type.sql, id:448, sql:[SELECT * FROM aly_test]===
===file:syntax/create_table_type.sql, id:449, sql:[DROP TABLE IF EXISTS  aly_test]===
===file:syntax/create_table_type.sql, id:450, sql:[CREATE TABLE  aly_test( id int,data numeric(6,1) ZEROFILL)]===
===file:syntax/create_table_type.sql, id:451, sql:[desc aly_test]===
===file:syntax/create_table_type.sql, id:453, sql:[INSERT INTO aly_test ( id,data) VALUES (111,0),(112,1)]===
===file:syntax/create_table_type.sql, id:454, sql:[SELECT * FROM aly_test]===
===file:syntax/create_table_type.sql, id:455, sql:[DROP TABLE IF EXISTS  aly_test]===
===file:syntax/create_table_type.sql, id:456, sql:[CREATE TABLE  aly_test( id int,data numeric ZEROFILL)]===
===file:syntax/create_table_type.sql, id:457, sql:[desc aly_test]===
===file:syntax/create_table_type.sql, id:459, sql:[INSERT INTO aly_test ( id,data) VALUES (111,0),(112,1)]===
===file:syntax/create_table_type.sql, id:460, sql:[SELECT * FROM aly_test]===
===file:syntax/create_table_type.sql, id:461, sql:[DROP TABLE IF EXISTS  aly_test]===
===file:syntax/create_table_type.sql, id:462, sql:[CREATE TABLE  aly_test( id int,data numeric(6,1) UNSIGNED ZEROFILL)]===
===file:syntax/create_table_type.sql, id:463, sql:[desc aly_test]===
===file:syntax/create_table_type.sql, id:465, sql:[INSERT INTO aly_test ( id,data) VALUES (111,0),(112,1)]===
===file:syntax/create_table_type.sql, id:466, sql:[SELECT * FROM aly_test]===
===file:syntax/create_table_type.sql, id:467, sql:[DROP TABLE IF EXISTS  aly_test]===
===file:syntax/create_table_type.sql, id:468, sql:[CREATE TABLE  aly_test( id int,data numeric UNSIGNED ZEROFILL)]===
===file:syntax/create_table_type.sql, id:469, sql:[desc aly_test]===
===file:syntax/create_table_type.sql, id:471, sql:[INSERT INTO aly_test ( id,data) VALUES (111,0),(112,1)]===
===file:syntax/create_table_type.sql, id:472, sql:[SELECT * FROM aly_test]===
===file:syntax/create_table_type.sql, id:475, sql:[DROP TABLE IF EXISTS  aly_test]===
===file:syntax/create_table_type.sql, id:476, sql:[CREATE TABLE  aly_test( id int,data real)]===
===file:syntax/create_table_type.sql, id:477, sql:[desc aly_test]===
===file:syntax/create_table_type.sql, id:479, sql:[INSERT INTO aly_test ( id,data) VALUES (2,1234567890123456789012345678901234567890123456789012345678901234567)]===
===file:syntax/create_table_type.sql, id:480, sql:[INSERT INTO aly_test ( id,data) VALUES (2,0.012345678901234567890123456789)]===
===file:syntax/create_table_type.sql, id:481, sql:[INSERT INTO aly_test ( id,data) VALUES (222,-1234567890123456789012345678901234567890.12345678901234),(222,-1234567890123456789012345678901234567890.1234567890123),(222,0),(222,1234567890123456789012345678901234567890.12345678901234),(222,-1234567890123456789012345678901234567890.12345678901234)]===
===file:syntax/create_table_type.sql, id:482, sql:[INSERT INTO aly_test ( id,data) VALUES (1111,-12345678901234567890123.4567890),(1112,0),(1113,12345678901234567890123.4567890)]===
===file:syntax/create_table_type.sql, id:483, sql:[SELECT * FROM aly_test]===
===file:syntax/create_table_type.sql, id:484, sql:[DROP TABLE IF EXISTS  aly_test]===
===file:syntax/create_table_type.sql, id:485, sql:[CREATE TABLE  aly_test( id int,data real(7,3))]===
===file:syntax/create_table_type.sql, id:486, sql:[desc aly_test]===
===file:syntax/create_table_type.sql, id:488, sql:[INSERT INTO aly_test ( id,data) VALUES (1111,0.7777),(1112,7777.777),(1114,0),(1116,7777)]===
===file:syntax/create_table_type.sql, id:489, sql:[SELECT * FROM aly_test]===
===file:syntax/create_table_type.sql, id:490, sql:[DROP TABLE IF EXISTS  aly_test]===
===file:syntax/create_table_type.sql, id:491, sql:[CREATE TABLE  aly_test( id int,data real UNSIGNED)]===
===file:syntax/create_table_type.sql, id:492, sql:[desc aly_test]===
===file:syntax/create_table_type.sql, id:494, sql:[INSERT INTO aly_test ( id,data) VALUES (2,18446744073709551616),(3,0)]===
===file:syntax/create_table_type.sql, id:495, sql:[SELECT * FROM aly_test]===
===file:syntax/create_table_type.sql, id:496, sql:[DROP TABLE IF EXISTS  aly_test]===
===file:syntax/create_table_type.sql, id:497, sql:[CREATE TABLE  aly_test( id int,data real(5,3) UNSIGNED)]===
===file:syntax/create_table_type.sql, id:498, sql:[desc aly_test]===
===file:syntax/create_table_type.sql, id:500, sql:[INSERT INTO aly_test ( id,data) VALUES (3,0)]===
===file:syntax/create_table_type.sql, id:501, sql:[SELECT * FROM aly_test]===
===file:syntax/create_table_type.sql, id:502, sql:[DROP TABLE IF EXISTS  aly_test]===
===file:syntax/create_table_type.sql, id:503, sql:[CREATE TABLE  aly_test( id int,data real(6,1) ZEROFILL)]===
===file:syntax/create_table_type.sql, id:504, sql:[desc aly_test]===
===file:syntax/create_table_type.sql, id:506, sql:[INSERT INTO aly_test ( id,data) VALUES (111,0),(112,1)]===
===file:syntax/create_table_type.sql, id:507, sql:[SELECT * FROM aly_test]===
===file:syntax/create_table_type.sql, id:508, sql:[DROP TABLE IF EXISTS  aly_test]===
===file:syntax/create_table_type.sql, id:509, sql:[CREATE TABLE  aly_test( id int,data real ZEROFILL)]===
===file:syntax/create_table_type.sql, id:510, sql:[desc aly_test]===
===file:syntax/create_table_type.sql, id:512, sql:[INSERT INTO aly_test ( id,data) VALUES (111,0),(112,1)]===
===file:syntax/create_table_type.sql, id:513, sql:[SELECT * FROM aly_test]===
===file:syntax/create_table_type.sql, id:514, sql:[DROP TABLE IF EXISTS  aly_test]===
===file:syntax/create_table_type.sql, id:515, sql:[CREATE TABLE  aly_test( id int,data real(6,1) UNSIGNED ZEROFILL)]===
===file:syntax/create_table_type.sql, id:516, sql:[desc aly_test]===
===file:syntax/create_table_type.sql, id:518, sql:[INSERT INTO aly_test ( id,data) VALUES (111,0),(112,1)]===
===file:syntax/create_table_type.sql, id:519, sql:[SELECT * FROM aly_test]===
===file:syntax/create_table_type.sql, id:520, sql:[DROP TABLE IF EXISTS  aly_test]===
===file:syntax/create_table_type.sql, id:521, sql:[CREATE TABLE  aly_test( id int,data real UNSIGNED ZEROFILL)]===
===file:syntax/create_table_type.sql, id:522, sql:[desc aly_test]===
===file:syntax/create_table_type.sql, id:524, sql:[INSERT INTO aly_test ( id,data) VALUES (111,0),(112,1)]===
===file:syntax/create_table_type.sql, id:525, sql:[SELECT * FROM aly_test]===
===file:syntax/create_table_type.sql, id:528, sql:[DROP TABLE IF EXISTS  aly_test]===
===file:syntax/create_table_type.sql, id:529, sql:[CREATE TABLE  aly_test( id int,data char)]===
===file:syntax/create_table_type.sql, id:530, sql:[desc aly_test]===
===file:syntax/create_table_type.sql, id:531, sql:[INSERT INTO aly_test ( id,data) VALUES (1,0)]===
===file:syntax/create_table_type.sql, id:533, sql:[INSERT INTO aly_test ( id,data) VALUES (2,'a')]===
===file:syntax/create_table_type.sql, id:535, sql:[SELECT * FROM aly_test]===
===file:syntax/create_table_type.sql, id:536, sql:[DROP TABLE IF EXISTS  aly_test]===
===file:syntax/create_table_type.sql, id:537, sql:[CREATE TABLE  aly_test( id int,data char BINARY)]===
===file:syntax/create_table_type.sql, id:538, sql:[desc aly_test]===
===file:syntax/create_table_type.sql, id:539, sql:[INSERT INTO aly_test ( id,data) VALUES (1,0)]===
===file:syntax/create_table_type.sql, id:541, sql:[INSERT INTO aly_test ( id,data) VALUES (2,'a')]===
===file:syntax/create_table_type.sql, id:542, sql:[SELECT * FROM aly_test]===
===file:syntax/create_table_type.sql, id:543, sql:[DROP TABLE IF EXISTS  aly_test]===
===file:syntax/create_table_type.sql, id:544, sql:[CREATE TABLE  aly_test( id int,data char(5))]===
===file:syntax/create_table_type.sql, id:545, sql:[desc aly_test]===
===file:syntax/create_table_type.sql, id:548, sql:[INSERT INTO aly_test ( id,data) VALUES (1,'abcde')]===
===file:syntax/create_table_type.sql, id:549, sql:[SELECT * FROM aly_test]===
===file:syntax/create_table_type.sql, id:550, sql:[DROP TABLE IF EXISTS  aly_test]===
===file:syntax/create_table_type.sql, id:551, sql:[CREATE TABLE  aly_test( id int,data char(255) CHARACTER SET 'utf8' COLLATE utf8_bin )]===
===file:syntax/create_table_type.sql, id:552, sql:[desc aly_test]===
===file:syntax/create_table_type.sql, id:553, sql:[INSERT INTO aly_test ( id,data) VALUES (111,''),(112,'a'),(113,0),(114,'1_23'),(115,'aaaaaaaaaaaaaaaaaaaaaaaaaaaaaaaaaaaaaaaaaaaaaaaaaaaaaaaaaaaaaaaaaaaaaaaaaaaaaaaaaaaaaaaaaaaaaaaaaaaaaaaaaaaaaaaaaaaaaaaaaaaaaaaaaaaaaaaaaaaaaaaaaaaaaaaaaaaaaaaaaaaaaaaaaaaaaaaaaaaaaaaaaaaaaaaaaaaaaaaaaaaaaaaaaaaaaaaaaaaaaaaaaaaaaaaaaaaaaaaaaaaaaaaaaaaaaaa')]===
===file:syntax/create_table_type.sql, id:554, sql:[SELECT * FROM aly_test]===
===file:syntax/create_table_type.sql, id:555, sql:[DROP TABLE IF EXISTS  aly_test]===
===file:syntax/create_table_type.sql, id:556, sql:[CREATE TABLE  aly_test( id int,data char(255))]===
===file:syntax/create_table_type.sql, id:557, sql:[desc aly_test]===
===file:syntax/create_table_type.sql, id:558, sql:[INSERT INTO aly_test ( id,data) VALUES (111,''),(112,'a'),(113,0),(114,'1_23'),(115,'aaaaaaaaaaaaaaaaaaaaaaaaaaaaaaaaaaaaaaaaaaaaaaaaaaaaaaaaaaaaaaaaaaaaaaaaaaaaaaaaaaaaaaaaaaaaaaaaaaaaaaaaaaaaaaaaaaaaaaaaaaaaaaaaaaaaaaaaaaaaaaaaaaaaaaaaaaaaaaaaaaaaaaaaaaaaaaaaaaaaaaaaaaaaaaaaaaaaaaaaaaaaaaaaaaaaaaaaaaaaaaaaaaaaaaaaaaaaaaaaaaaaaaaaaaaaaaa')]===
===file:syntax/create_table_type.sql, id:559, sql:[SELECT * FROM aly_test]===
===file:syntax/create_table_type.sql, id:562, sql:[DROP TABLE IF EXISTS  aly_test]===
===file:syntax/create_table_type.sql, id:563, sql:[CREATE TABLE  aly_test( id int,data varchar(0))]===
===file:syntax/create_table_type.sql, id:567, sql:[SELECT * FROM aly_test]===
===file:syntax/create_table_type.sql, id:568, sql:[DROP TABLE IF EXISTS  aly_test]===
===file:syntax/create_table_type.sql, id:569, sql:[CREATE TABLE  aly_test( id int,data varchar(0) BINARY)]===
===file:syntax/create_table_type.sql, id:573, sql:[SELECT * FROM aly_test]===
===file:syntax/create_table_type.sql, id:574, sql:[DROP TABLE IF EXISTS  aly_test]===
===file:syntax/create_table_type.sql, id:575, sql:[CREATE TABLE  aly_test( id int,data varchar(30))]===
===file:syntax/create_table_type.sql, id:576, sql:[INSERT INTO aly_test ( id,data) VALUES (1,123456)]===
===file:syntax/create_table_type.sql, id:578, sql:[INSERT INTO aly_test ( id,data) VALUES (1,'aaaaaaaaaaaaaaaaaaaaaaaaabcdef')]===
===file:syntax/create_table_type.sql, id:579, sql:[SELECT * FROM aly_test]===
===file:syntax/create_table_type.sql, id:580, sql:[DROP TABLE IF EXISTS  aly_test]===
===file:syntax/create_table_type.sql, id:581, sql:[CREATE TABLE  aly_test( id int,data varchar(30) CHARACTER SET 'utf8' COLLATE utf8_bin )]===
===file:syntax/create_table_type.sql, id:582, sql:[INSERT INTO aly_test ( id,data) VALUES (1,123456)]===
===file:syntax/create_table_type.sql, id:584, sql:[INSERT INTO aly_test ( id,data) VALUES (1,'aaaaaaaaaaaaaaaaaaaaaaaaabcdef')]===
===file:syntax/create_table_type.sql, id:585, sql:[SELECT * FROM aly_test]===
===file:syntax/create_table_type.sql, id:588, sql:[DROP TABLE IF EXISTS  aly_test]===
===file:syntax/create_table_type.sql, id:589, sql:[CREATE TABLE  aly_test( id int,data date)]===
===file:syntax/create_table_type.sql, id:590, sql:[desc aly_test]===
===file:syntax/create_table_type.sql, id:592, sql:[INSERT INTO aly_test ( id,data) VALUES (2,'2014/11/11')]===
===file:syntax/create_table_type.sql, id:593, sql:[INSERT INTO aly_test ( id,data) VALUES (3,'20141111')]===
===file:syntax/create_table_type.sql, id:594, sql:[INSERT INTO aly_test ( id,data) VALUES (4,'2014-11-11 09:59:59')]===
===file:syntax/create_table_type.sql, id:595, sql:[INSERT INTO aly_test ( id,data) VALUES (5,'2014-11-11')]===
===file:syntax/create_table_type.sql, id:597, sql:[INSERT INTO aly_test ( id,data) VALUES (7,'999-01-01')]===
===file:syntax/create_table_type.sql, id:598, sql:[INSERT INTO aly_test ( id,data) VALUES (8,'1000-01-00')]===
===file:syntax/create_table_type.sql, id:601, sql:[INSERT INTO aly_test ( id,data) VALUES (11,'1000-01-01')]===
===file:syntax/create_table_type.sql, id:602, sql:[INSERT INTO aly_test ( id,data) VALUES (12,'9999-12-31')]===
===file:syntax/create_table_type.sql, id:605, sql:[SELECT * FROM aly_test]===
===file:syntax/create_table_type.sql, id:608, sql:[DROP TABLE IF EXISTS  aly_test]===
===file:syntax/create_table_type.sql, id:609, sql:[CREATE TABLE  aly_test( id int,data time)]===
===file:syntax/create_table_type.sql, id:610, sql:[desc aly_test]===
===file:syntax/create_table_type.sql, id:612, sql:[INSERT INTO aly_test ( id,data) VALUES (2,'000:00:00')]===
===file:syntax/create_table_type.sql, id:613, sql:[INSERT INTO aly_test ( id,data) VALUES (2,'00000')]===
===file:syntax/create_table_type.sql, id:614, sql:[INSERT INTO aly_test ( id,data) VALUES (3,'121212')]===
===file:syntax/create_table_type.sql, id:615, sql:[INSERT INTO aly_test ( id,data) VALUES (4,'2014-11-11 09:59:59')]===
===file:syntax/create_table_type.sql, id:616, sql:[INSERT INTO aly_test ( id,data) VALUES (5,'23:59:59')]===
===file:syntax/create_table_type.sql, id:617, sql:[INSERT INTO aly_test ( id,data) VALUES (6,'24:00:00')]===
===file:syntax/create_table_type.sql, id:618, sql:[INSERT INTO aly_test ( id,data) VALUES (7,'24:00:01')]===
===file:syntax/create_table_type.sql, id:619, sql:[INSERT INTO aly_test ( id,data) VALUES (8,'00:00:00')]===
===file:syntax/create_table_type.sql, id:620, sql:[INSERT INTO aly_test ( id,data) VALUES (9,'23:59:59')]===
===file:syntax/create_table_type.sql, id:621, sql:[SELECT * FROM aly_test]===
===file:syntax/create_table_type.sql, id:624, sql:[DROP TABLE IF EXISTS  aly_test]===
===file:syntax/create_table_type.sql, id:625, sql:[CREATE TABLE  aly_test( id int,data timestamp)]===
===file:syntax/create_table_type.sql, id:626, sql:[desc aly_test]===
===file:syntax/create_table_type.sql, id:628, sql:[SELECT * FROM aly_test]===
===file:syntax/create_table_type.sql, id:631, sql:[DROP TABLE IF EXISTS  aly_test]===
===file:syntax/create_table_type.sql, id:632, sql:[CREATE TABLE  aly_test( id int,data datetime)]===
===file:syntax/create_table_type.sql, id:633, sql:[desc aly_test]===
===file:syntax/create_table_type.sql, id:634, sql:[INSERT INTO aly_test ( id,data) VALUES (1,'1000-01-01 00:00:00'),(2,'9999-12-31 23:59:59')]===
===file:syntax/create_table_type.sql, id:635, sql:[SELECT * FROM aly_test]===
===file:syntax/create_table_type.sql, id:636, sql:[DROP TABLE IF EXISTS  aly_test]===
===file:syntax/create_table_type.sql, id:637, sql:[CREATE TABLE aly_test( id int,data1 time(2), data2 datetime(2), data3 timestamp(2))]===
===file:syntax/create_table_type.sql, id:638, sql:[desc aly_test]===
===file:syntax/create_table_type.sql, id:639, sql:[INSERT INTO aly_test VALUES(1,'17:51:04.777', '2014-09-08 17:51:04.777', '2014-09-08 17:51:04.777')]===
===file:syntax/create_table_type.sql, id:640, sql:[SELECT * FROM aly_test]===
===file:syntax/create_table_type.sql, id:643, sql:[DROP TABLE IF EXISTS  aly_test]===
===file:syntax/create_table_type.sql, id:644, sql:[CREATE TABLE  aly_test( id int,data year)]===
===file:syntax/create_table_type.sql, id:645, sql:[desc aly_test]===
===file:syntax/create_table_type.sql, id:650, sql:[SELECT * FROM aly_test]===
===file:syntax/create_table_type.sql, id:653, sql:[DROP TABLE IF EXISTS  aly_test]===
===file:syntax/create_table_type.sql, id:654, sql:[CREATE TABLE  aly_test( id int,data binary)]===
===file:syntax/create_table_type.sql, id:655, sql:[desc aly_test]===
===file:syntax/create_table_type.sql, id:656, sql:[INSERT INTO aly_test ( id,data) VALUES (1,'a')]===
===file:syntax/create_table_type.sql, id:657, sql:[SELECT * FROM aly_test]===
===file:syntax/create_table_type.sql, id:658, sql:[DROP TABLE IF EXISTS  aly_test]===
===file:syntax/create_table_type.sql, id:659, sql:[CREATE TABLE  aly_test( id int,data binary(5))]===
===file:syntax/create_table_type.sql, id:660, sql:[desc aly_test]===
===file:syntax/create_table_type.sql, id:662, sql:[INSERT INTO aly_test ( id,data) VALUES (2,'abcde')]===
===file:syntax/create_table_type.sql, id:663, sql:[SELECT * FROM aly_test]===
===file:syntax/create_table_type.sql, id:666, sql:[DROP TABLE IF EXISTS  aly_test]===
===file:syntax/create_table_type.sql, id:667, sql:[CREATE TABLE  aly_test( id int,data varbinary(5))]===
===file:syntax/create_table_type.sql, id:668, sql:[desc aly_test]===
===file:syntax/create_table_type.sql, id:670, sql:[INSERT INTO aly_test ( id,data) VALUES (1,'abcde')]===
===file:syntax/create_table_type.sql, id:671, sql:[SELECT * FROM aly_test]===
===file:syntax/create_table_type.sql, id:674, sql:[DROP TABLE IF EXISTS  aly_test]===
===file:syntax/create_table_type.sql, id:675, sql:[CREATE TABLE  aly_test( id int,data tinyblob)]===
===file:syntax/create_table_type.sql, id:676, sql:[desc aly_test]===
===file:syntax/create_table_type.sql, id:677, sql:[INSERT INTO aly_test ( id,data) VALUES (1,''),(2,'abc'),(3,'123'),(4,'aaaaaaaaaaaaaaaaaaaaaaaaaaaaaaaaaaaaaaaaaaaaaaaaaaaaaaaaaaaaaaaaaaaaaaaaaaaaaaaaaaaaaaaaaaaaaaaaaaaaaaaaaaaaaaaaaaaaaaaaaaaaaaaaaaaaaaaaaaaaaaaaaaaaaaaaaaaaaaaaaaaaaaaaaaaaaaaaaaaaaaaaaaaaaaaaaaaaaaaaaaaaaaaaaaaaaaaaaaaaaaaaaaaaaaaaaaaaaaaaaaaaaaaaaaaaaaa')]===
===file:syntax/create_table_type.sql, id:678, sql:[SELECT * FROM aly_test]===
===file:syntax/create_table_type.sql, id:681, sql:[DROP TABLE IF EXISTS  aly_test]===
===file:syntax/create_table_type.sql, id:682, sql:[CREATE TABLE  aly_test( id int,data blob)]===
===file:syntax/create_table_type.sql, id:683, sql:[desc aly_test]===
===file:syntax/create_table_type.sql, id:684, sql:[INSERT INTO aly_test ( id,data) VALUES (1,''),(2,'abc'),(3,'123'),(4,'a..a')]===
===file:syntax/create_table_type.sql, id:685, sql:[SELECT * FROM aly_test]===
===file:syntax/create_table_type.sql, id:688, sql:[DROP TABLE IF EXISTS  aly_test]===
===file:syntax/create_table_type.sql, id:689, sql:[CREATE TABLE  aly_test( id int,data mediumblob)]===
===file:syntax/create_table_type.sql, id:690, sql:[desc aly_test]===
===file:syntax/create_table_type.sql, id:691, sql:[INSERT INTO aly_test ( id,data) VALUES (1,''),(2,'abc'),(3,'123'),(4,'a..a'),(5,'abc 1'),(6,'a_bcdeg'),(7,'__%%%\\'),(8,'aaaaaaaaaaaaaaaaaaaaaaaaaaaaaaaaaaaaaaaaaaaaaaaaaaaaaaaaaaaaaaaaaaaaaaaaaaaaaaaaaaaaaaaaaaaaaaaaaaaaaaaaaaaaaaaaaaaaaaaaaaaaaaaaaaaaaaaaaaaaaaaaaaaaaaaaaaaaaaaaaaaaaaaaaaaaaaaaaaaaaaaaaaaaaaaaaaaaaaaaaaaaaaaaaaaaaaaaaaaaaaaaaaaaaaaaaaaaaaaaaaaaaaaaaaaaaaa')]===
===file:syntax/create_table_type.sql, id:692, sql:[SELECT * FROM aly_test]===
===file:syntax/create_table_type.sql, id:695, sql:[DROP TABLE IF EXISTS  aly_test]===
===file:syntax/create_table_type.sql, id:696, sql:[CREATE TABLE  aly_test( id int,data longblob)]===
===file:syntax/create_table_type.sql, id:697, sql:[desc aly_test]===
===file:syntax/create_table_type.sql, id:698, sql:[INSERT INTO aly_test ( id,data) VALUES (1,''),(2,'abc'),(3,'123'),(4,'a..a'),(5,'abc 1'),(6,'a_bcdeg'),(7,'__%%%\\'),(8,'aaaaaaaaaaaaaaaaaaaaaaaaaaaaaaaaaaaaaaaaaaaaaaaaaaaaaaaaaaaaaaaaaaaaaaaaaaaaaaaaaaaaaaaaaaaaaaaaaaaaaaaaaaaaaaaaaaaaaaaaaaaaaaaaaaaaaaaaaaaaaaaaaaaaaaaaaaaaaaaaaaaaaaaaaaaaaaaaaaaaaaaaaaaaaaaaaaaaaaaaaaaaaaaaaaaaaaaaaaaaaaaaaaaaaaaaaaaaaaaaaaaaaaaaaaaaaaa')]===
===file:syntax/create_table_type.sql, id:699, sql:[SELECT * FROM aly_test]===
===file:syntax/create_table_type.sql, id:702, sql:[DROP TABLE IF EXISTS  aly_test]===
===file:syntax/create_table_type.sql, id:703, sql:[CREATE TABLE  aly_test( id int,data tinytext CHARACTER SET 'utf8' COLLATE utf8_bin)]===
===file:syntax/create_table_type.sql, id:704, sql:[desc aly_test]===
===file:syntax/create_table_type.sql, id:705, sql:[INSERT INTO aly_test ( id,data) VALUES (1,''),(2,'abc'),(3,'123'),(4,'aaaaaaaaaaaaaaaaaaaaaaaaaaaaaaaaaaaaaaaaaaaaaaaaaaaaaaaaaaaaaaaaaaaaaaaaaaaaaaaaaaaaaaaaaaaaaaaaaaaaaaaaaaaaaaaaaaaaaaaaaaaaaaaaaaaaaaaaaaaaaaaaaaaaaaaaaaaaaaaaaaaaaaaaaaaaaaaaaaaaaaaaaaaaaaaaaaaaaaaaaaaaaaaaaaaaaaaaaaaaaaaaaaaaaaaaaaaaaaaaaaaaaaaaaaaaaaa')]===
===file:syntax/create_table_type.sql, id:706, sql:[SELECT * FROM aly_test]===
===file:syntax/create_table_type.sql, id:707, sql:[DROP TABLE IF EXISTS  aly_test]===
===file:syntax/create_table_type.sql, id:708, sql:[CREATE TABLE  aly_test( id int,data tinytext)]===
===file:syntax/create_table_type.sql, id:709, sql:[desc aly_test]===
===file:syntax/create_table_type.sql, id:710, sql:[INSERT INTO aly_test ( id,data) VALUES (1,''),(2,'abc'),(3,'123'),(4,'aaaaaaaaaaaaaaaaaaaaaaaaaaaaaaaaaaaaaaaaaaaaaaaaaaaaaaaaaaaaaaaaaaaaaaaaaaaaaaaaaaaaaaaaaaaaaaaaaaaaaaaaaaaaaaaaaaaaaaaaaaaaaaaaaaaaaaaaaaaaaaaaaaaaaaaaaaaaaaaaaaaaaaaaaaaaaaaaaaaaaaaaaaaaaaaaaaaaaaaaaaaaaaaaaaaaaaaaaaaaaaaaaaaaaaaaaaaaaaaaaaaaaaaaaaaaaaa')]===
===file:syntax/create_table_type.sql, id:711, sql:[SELECT * FROM aly_test]===
===file:syntax/create_table_type.sql, id:712, sql:[DROP TABLE IF EXISTS  aly_test]===
===file:syntax/create_table_type.sql, id:713, sql:[CREATE TABLE  aly_test( id int,data tinytext binary)]===
===file:syntax/create_table_type.sql, id:714, sql:[desc aly_test]===
===file:syntax/create_table_type.sql, id:715, sql:[INSERT INTO aly_test ( id,data) VALUES (1,''),(2,'abc'),(3,'123'),(4,'aaaaaaaaaaaaaaaaaaaaaaaaaaaaaaaaaaaaaaaaaaaaaaaaaaaaaaaaaaaaaaaaaaaaaaaaaaaaaaaaaaaaaaaaaaaaaaaaaaaaaaaaaaaaaaaaaaaaaaaaaaaaaaaaaaaaaaaaaaaaaaaaaaaaaaaaaaaaaaaaaaaaaaaaaaaaaaaaaaaaaaaaaaaaaaaaaaaaaaaaaaaaaaaaaaaaaaaaaaaaaaaaaaaaaaaaaaaaaaaaaaaaaaaaaaaaaaa')]===
===file:syntax/create_table_type.sql, id:716, sql:[SELECT * FROM aly_test]===
===file:syntax/create_table_type.sql, id:719, sql:[DROP TABLE IF EXISTS  aly_test]===
===file:syntax/create_table_type.sql, id:720, sql:[CREATE TABLE  aly_test( id int,data text)]===
===file:syntax/create_table_type.sql, id:721, sql:[desc aly_test]===
===file:syntax/create_table_type.sql, id:722, sql:[INSERT INTO aly_test ( id,data) VALUES (1,''),(2,'abc'),(3,'123'),(4,'a..a')]===
===file:syntax/create_table_type.sql, id:723, sql:[SELECT * FROM aly_test]===
===file:syntax/create_table_type.sql, id:724, sql:[DROP TABLE IF EXISTS  aly_test]===
===file:syntax/create_table_type.sql, id:725, sql:[CREATE TABLE  aly_test( id int,data text CHARACTER SET 'utf8' COLLATE utf8_bin )]===
===file:syntax/create_table_type.sql, id:726, sql:[desc aly_test]===
===file:syntax/create_table_type.sql, id:727, sql:[INSERT INTO aly_test ( id,data) VALUES (1,''),(2,'abc'),(3,'123'),(4,'a..a')]===
===file:syntax/create_table_type.sql, id:728, sql:[SELECT * FROM aly_test]===
===file:syntax/create_table_type.sql, id:729, sql:[DROP TABLE IF EXISTS  aly_test]===
===file:syntax/create_table_type.sql, id:730, sql:[CREATE TABLE  aly_test( id int,data text binary)]===
===file:syntax/create_table_type.sql, id:731, sql:[desc aly_test]===
===file:syntax/create_table_type.sql, id:732, sql:[INSERT INTO aly_test ( id,data) VALUES (1,''),(2,'abc'),(3,'123'),(4,'a..a'),(5,'abc 1'),(6,'a_bcdeg'),(7,'__%%%\\'),(8,'aaaaaaaaaaaaaaaaaaaaaaaaaaaaaaaaaaaaaaaaaaaaaaaaaaaaaaaaaaaaaaaaaaaaaaaaaaaaaaaaaaaaaaaaaaaaaaaaaaaaaaaaaaaaaaaaaaaaaaaaaaaaaaaaaaaaaaaaaaaaaaaaaaaaaaaaaaaaaaaaaaaaaaaaaaaaaaaaaaaaaaaaaaaaaaaaaaaaaaaaaaaaaaaaaaaaaaaaaaaaaaaaaaaaaaaaaaaaaaaaaaaaaaaaaaaaaaa')]===
===file:syntax/create_table_type.sql, id:733, sql:[SELECT * FROM aly_test]===
===file:syntax/create_table_type.sql, id:736, sql:[DROP TABLE IF EXISTS  aly_test]===
===file:syntax/create_table_type.sql, id:737, sql:[CREATE TABLE  aly_test( id int,data mediumtext)]===
===file:syntax/create_table_type.sql, id:738, sql:[desc aly_test]===
===file:syntax/create_table_type.sql, id:739, sql:[INSERT INTO aly_test ( id,data) VALUES (1,''),(2,'abc'),(3,'123'),(4,'a..a'),(5,'abc 1'),(6,'a_bcdeg'),(7,'__%%%\\'),(8,'aaaaaaaaaaaaaaaaaaaaaaaaaaaaaaaaaaaaaaaaaaaaaaaaaaaaaaaaaaaaaaaaaaaaaaaaaaaaaaaaaaaaaaaaaaaaaaaaaaaaaaaaaaaaaaaaaaaaaaaaaaaaaaaaaaaaaaaaaaaaaaaaaaaaaaaaaaaaaaaaaaaaaaaaaaaaaaaaaaaaaaaaaaaaaaaaaaaaaaaaaaaaaaaaaaaaaaaaaaaaaaaaaaaaaaaaaaaaaaaaaaaaaaaaaaaaaaa')]===
===file:syntax/create_table_type.sql, id:740, sql:[SELECT * FROM aly_test ORDER BY id]===
===file:syntax/create_table_type.sql, id:741, sql:[DROP TABLE IF EXISTS  aly_test]===
===file:syntax/create_table_type.sql, id:742, sql:[CREATE TABLE  aly_test( id int,data mediumtext CHARACTER SET 'utf8' COLLATE utf8_bin )]===
===file:syntax/create_table_type.sql, id:743, sql:[desc aly_test]===
===file:syntax/create_table_type.sql, id:744, sql:[INSERT INTO aly_test ( id,data) VALUES (1,''),(2,'abc'),(3,'123'),(4,'a..a'),(5,'abc 1'),(6,'a_bcdeg'),(7,'__%%%\\'),(8,'aaaaaaaaaaaaaaaaaaaaaaaaaaaaaaaaaaaaaaaaaaaaaaaaaaaaaaaaaaaaaaaaaaaaaaaaaaaaaaaaaaaaaaaaaaaaaaaaaaaaaaaaaaaaaaaaaaaaaaaaaaaaaaaaaaaaaaaaaaaaaaaaaaaaaaaaaaaaaaaaaaaaaaaaaaaaaaaaaaaaaaaaaaaaaaaaaaaaaaaaaaaaaaaaaaaaaaaaaaaaaaaaaaaaaaaaaaaaaaaaaaaaaaaaaaaaaaa')]===
===file:syntax/create_table_type.sql, id:745, sql:[SELECT * FROM aly_test ORDER BY id]===
===file:syntax/create_table_type.sql, id:746, sql:[DROP TABLE IF EXISTS  aly_test]===
===file:syntax/create_table_type.sql, id:747, sql:[CREATE TABLE  aly_test( id int,data mediumtext)]===
===file:syntax/create_table_type.sql, id:748, sql:[desc aly_test]===
===file:syntax/create_table_type.sql, id:749, sql:[INSERT INTO aly_test ( id,data) VALUES (1,''),(2,'abc'),(3,'123'),(4,'a..a'),(5,'abc 1'),(6,'a_bcdeg'),(7,'__%%%\\'),(8,'aaaaaaaaaaaaaaaaaaaaaaaaaaaaaaaaaaaaaaaaaaaaaaaaaaaaaaaaaaaaaaaaaaaaaaaaaaaaaaaaaaaaaaaaaaaaaaaaaaaaaaaaaaaaaaaaaaaaaaaaaaaaaaaaaaaaaaaaaaaaaaaaaaaaaaaaaaaaaaaaaaaaaaaaaaaaaaaaaaaaaaaaaaaaaaaaaaaaaaaaaaaaaaaaaaaaaaaaaaaaaaaaaaaaaaaaaaaaaaaaaaaaaaaaaaaaaaa')]===
===file:syntax/create_table_type.sql, id:750, sql:[SELECT * FROM aly_test]===
===file:syntax/create_table_type.sql, id:753, sql:[DROP TABLE IF EXISTS  aly_test]===
===file:syntax/create_table_type.sql, id:754, sql:[CREATE TABLE  aly_test( id int,data longtext)]===
===file:syntax/create_table_type.sql, id:755, sql:[desc aly_test]===
===file:syntax/create_table_type.sql, id:756, sql:[INSERT INTO aly_test ( id,data) VALUES (1,''),(2,'abc'),(3,'123'),(4,'a..a'),(5,'abc 1'),(6,'a_bcdeg'),(7,'__%%%\\'),(8,'aaaaaaaaaaaaaaaaaaaaaaaaaaaaaaaaaaaaaaaaaaaaaaaaaaaaaaaaaaaaaaaaaaaaaaaaaaaaaaaaaaaaaaaaaaaaaaaaaaaaaaaaaaaaaaaaaaaaaaaaaaaaaaaaaaaaaaaaaaaaaaaaaaaaaaaaaaaaaaaaaaaaaaaaaaaaaaaaaaaaaaaaaaaaaaaaaaaaaaaaaaaaaaaaaaaaaaaaaaaaaaaaaaaaaaaaaaaaaaaaaaaaaaaaaaaaaaa')]===
===file:syntax/create_table_type.sql, id:757, sql:[SELECT * FROM aly_test]===
===file:syntax/create_table_type.sql, id:758, sql:[DROP TABLE IF EXISTS  aly_test]===
===file:syntax/create_table_type.sql, id:759, sql:[CREATE TABLE  aly_test( id int,data longtext CHARACTER SET 'utf8' COLLATE utf8_bin )]===
===file:syntax/create_table_type.sql, id:760, sql:[desc aly_test]===
===file:syntax/create_table_type.sql, id:761, sql:[INSERT INTO aly_test ( id,data) VALUES (1,''),(2,'abc'),(3,'123'),(4,'a..a'),(5,'abc 1'),(6,'a_bcdeg'),(7,'__%%%\\'),(8,'aaaaaaaaaaaaaaaaaaaaaaaaaaaaaaaaaaaaaaaaaaaaaaaaaaaaaaaaaaaaaaaaaaaaaaaaaaaaaaaaaaaaaaaaaaaaaaaaaaaaaaaaaaaaaaaaaaaaaaaaaaaaaaaaaaaaaaaaaaaaaaaaaaaaaaaaaaaaaaaaaaaaaaaaaaaaaaaaaaaaaaaaaaaaaaaaaaaaaaaaaaaaaaaaaaaaaaaaaaaaaaaaaaaaaaaaaaaaaaaaaaaaaaaaaaaaaaa')]===
===file:syntax/create_table_type.sql, id:762, sql:[SELECT * FROM aly_test]===
===file:syntax/create_table_type.sql, id:763, sql:[DROP TABLE IF EXISTS  aly_test]===
===file:syntax/create_table_type.sql, id:764, sql:[CREATE TABLE  aly_test( id int,data longtext binary)]===
===file:syntax/create_table_type.sql, id:765, sql:[desc aly_test]===
===file:syntax/create_table_type.sql, id:766, sql:[INSERT INTO aly_test ( id,data) VALUES (1,''),(2,'abc'),(3,'123'),(4,'a..a'),(5,'abc 1'),(6,'a_bcdeg'),(7,'__%%%\\'),(8,'aaaaaaaaaaaaaaaaaaaaaaaaaaaaaaaaaaaaaaaaaaaaaaaaaaaaaaaaaaaaaaaaaaaaaaaaaaaaaaaaaaaaaaaaaaaaaaaaaaaaaaaaaaaaaaaaaaaaaaaaaaaaaaaaaaaaaaaaaaaaaaaaaaaaaaaaaaaaaaaaaaaaaaaaaaaaaaaaaaaaaaaaaaaaaaaaaaaaaaaaaaaaaaaaaaaaaaaaaaaaaaaaaaaaaaaaaaaaaaaaaaaaaaaaaaaaaaa')]===
===file:syntax/create_table_type.sql, id:767, sql:[SELECT * FROM aly_test]===
===file:syntax/create_table_type.sql, id:770, sql:[DROP TABLE IF EXISTS  aly_test]===
===file:syntax/create_table_type.sql, id:771, sql:[CREATE TABLE  aly_test( id int,data enum('enum1','enum2','test_%%%00','enum3','abcd_007'))]===
===file:syntax/create_table_type.sql, id:772, sql:[desc aly_test]===
===file:syntax/create_table_type.sql, id:773, sql:[INSERT INTO aly_test ( id,data) VALUES (1,'enum1'),(2,'test_%%%00'),(3,'abcd_007')]===
===file:syntax/create_table_type.sql, id:774, sql:[SELECT * FROM aly_test]===
===file:syntax/create_table_type.sql, id:780, sql:[DROP TABLE IF EXISTS  aly_test]===
===file:syntax/create_table_type.sql, id:781, sql:[CREATE TABLE aly_test( id int,data json)]===
===file:syntax/create_table_type.sql, id:782, sql:[INSERT INTO aly_test VALUES(1,'["abc", 10, null, true, false]')]===
===file:syntax/create_table_type.sql, id:783, sql:[INSERT INTO aly_test VALUES(1,'{"k1": "value", "k2": 10}')]===
===file:syntax/create_table_type.sql, id:784, sql:[INSERT INTO aly_test VALUES(1,'["12:18:29.000000", "2015-07-29", "2015-07-29 12:18:29.000000"]')]===
===file:syntax/create_table_type.sql, id:785, sql:[SELECT * FROM aly_test]===
===file:syntax/create_table_type.sql, id:788, sql:[DROP TABLE IF EXISTS  aly_test]===
===file:syntax/create_table_type.sql, id:789, sql:[CREATE TABLE aly_test( id int,data GEOMETRY)]===
===file:syntax/create_table_type.sql, id:790, sql:[INSERT INTO aly_test VALUES(1,POINT(15,20))]===
===file:syntax/create_table_type.sql, id:791, sql:[SELECT * FROM aly_test]===
===file:syntax/create_table_type.sql, id:795, sql:[DROP TABLE IF EXISTS aly_test]===
===file:syntax/create_table_type.sql, id:796, sql:[CREATE TABLE aly_test(id int, data varchar(50)character set ascii)]===
===file:syntax/create_table_type.sql, id:797, sql:[SHOW CREATE TABLE aly_test]===
===file:syntax/create_table_type.sql, id:798, sql:[INSERT INTO aly_test VALUES (1,'a'),(2,'\'')]===
===file:syntax/create_table_type.sql, id:799, sql:[SELECT * FROM aly_test]===
===file:syntax/create_table_type.sql, id:800, sql:[DROP TABLE aly_test]===
===file:syntax/create_table_type.sql, id:801, sql:[CREATE TABLE aly_test(id int, data varchar(50))character set utf8]===
===file:syntax/create_table_type.sql, id:802, sql:[SHOW CREATE TABLE aly_test]===
===file:syntax/create_table_type.sql, id:803, sql:[INSERT INTO aly_test VALUES (1,'a'),(2,'\'')]===
===file:syntax/create_table_type.sql, id:804, sql:[SELECT * FROM aly_test]===
===file:syntax/create_table_type.sql, id:805, sql:[DROP TABLE aly_test]===
===file:syntax/create_table_type.sql, id:806, sql:[CREATE TABLE aly_test(id int, data varchar(50)character set ascii)character set = 'utf8']===
===file:syntax/create_table_type.sql, id:807, sql:[SHOW CREATE TABLE aly_test]===
===file:syntax/create_table_type.sql, id:808, sql:[INSERT INTO aly_test VALUES (1,'a'),(2,'\'')]===
===file:syntax/create_table_type.sql, id:809, sql:[SELECT * FROM aly_test]===
===file:syntax/create_table_type.sql, id:810, sql:[DROP TABLE aly_test]===
===file:syntax/create_table_type.sql, id:811, sql:[CREATE TABLE aly_test(id int, data varchar(50)character set ascii)character set = 'utf8' collate utf8_bin]===
===file:syntax/create_table_type.sql, id:812, sql:[SHOW CREATE TABLE aly_test]===
===file:syntax/create_table_type.sql, id:813, sql:[INSERT INTO aly_test VALUES (1,'a'),(2,'\'')]===
===file:syntax/create_table_type.sql, id:814, sql:[SELECT * FROM aly_test]===
===file:syntax/create_table_type.sql, id:815, sql:[DROP TABLE aly_test]===
===file:syntax/create_table_type.sql, id:816, sql:[CREATE TABLE aly_test(id int, data varchar(50)character set big5)]===
===file:syntax/create_table_type.sql, id:817, sql:[SHOW CREATE TABLE aly_test]===
===file:syntax/create_table_type.sql, id:818, sql:[INSERT INTO aly_test VALUES (1,'a'),(2,'\'')]===
===file:syntax/create_table_type.sql, id:819, sql:[DROP TABLE aly_test]===
===file:syntax/create_table_type.sql, id:820, sql:[CREATE TABLE aly_test(id int, data1 varchar(50)character set dec8, data2 varchar(50)character set cp850, data3 varchar(50)character set hp8, data4 varchar(50)character set koi8r)]===
===file:syntax/create_table_type.sql, id:821, sql:[INSERT INTO aly_test VALUES (1,'a','b','c','d')]===
===file:syntax/create_table_type.sql, id:822, sql:[SELECT * FROM aly_test]===
===file:syntax/create_table_type.sql, id:823, sql:[SHOW CREATE TABLE aly_test]===
===file:syntax/create_table_type.sql, id:824, sql:[DROP TABLE aly_test]===
===file:syntax/create_table_type.sql, id:825, sql:[CREATE TABLE aly_test(id int, data1 varchar(50) character set euckr, data2 varchar(50) character set swe7, data3 varchar(50) character set latin2, data4 varchar(50) character set ujis, data5 varchar(50) character set sjis, data6 varchar(50) character set hebrew, data7 varchar(50) character set tis620, data8 varchar(50) character set koi8u, data9 varchar(50) character set cp1250,data10 varchar(50) character set cp866)]===
===file:syntax/create_table_type.sql, id:826, sql:[SHOW CREATE TABLE aly_test]===
===file:syntax/create_table_type.sql, id:827, sql:[DROP TABLE aly_test]===
===file:syntax/create_table_type.sql, id:828, sql:[CREATE TABLE aly_test(id int, data1 varchar(50) character set keybcs2, data2 varchar(50) character set macce, data3 varchar(50) character set macroman, data4 varchar(50) character set cp852, data5 varchar(50) character set cp1251, data6 varchar(50) character set cp1256, data7 varchar(50) character set cp1257, data8 varchar(50) character set geostd8, data9 varchar(50) character set cp932,data10 varchar(50) character set eucjpms)]===
===file:syntax/create_table_type.sql, id:829, sql:[SHOW CREATE TABLE aly_test]===
===file:syntax/create_table_type.sql, id:830, sql:[DROP TABLE aly_test]===
===file:syntax/create_table_type.sql, id:831, sql:[CREATE TABLE aly_test(id int, data varchar(50) character set latin1)]===
===file:syntax/create_table_type.sql, id:832, sql:[SHOW CREATE TABLE aly_test]===
===file:syntax/create_table_type.sql, id:833, sql:[DROP TABLE aly_test]===
===file:syntax/create_table_type.sql, id:834, sql:[CREATE TABLE aly_test(id int, data varchar(50) character set latin1 collate latin1_swedish_ci)]===
===file:syntax/create_table_type.sql, id:835, sql:[SHOW CREATE TABLE aly_test]===
===file:syntax/create_table_type.sql, id:836, sql:[DROP TABLE aly_test]===
===file:syntax/create_table_type.sql, id:837, sql:[CREATE TABLE aly_test(id int, data varchar(50) character set latin1 collate latin1_bin )]===
===file:syntax/create_table_type.sql, id:838, sql:[SHOW CREATE TABLE aly_test]===
===file:syntax/create_table_type.sql, id:839, sql:[DROP TABLE aly_test]===
===file:syntax/create_table_type.sql, id:840, sql:[CREATE TABLE aly_test(id int, data varchar(50) character set gb2312)]===
===file:syntax/create_table_type.sql, id:841, sql:[SHOW CREATE TABLE aly_test]===
===file:syntax/create_table_type.sql, id:842, sql:[DROP TABLE aly_test]===
===file:syntax/create_table_type.sql, id:843, sql:[CREATE TABLE aly_test(id int, data varchar(50) character set gbk)]===
===file:syntax/create_table_type.sql, id:844, sql:[SHOW CREATE TABLE aly_test]===
===file:syntax/create_table_type.sql, id:845, sql:[DROP TABLE aly_test]===
===file:syntax/create_table_type.sql, id:846, sql:[CREATE TABLE aly_test(id int, data varchar(50) character set gbk collate gbk_chinese_ci )]===
===file:syntax/create_table_type.sql, id:847, sql:[SHOW CREATE TABLE aly_test]===
===file:syntax/create_table_type.sql, id:848, sql:[DROP TABLE aly_test]===
===file:syntax/create_table_type.sql, id:849, sql:[CREATE TABLE aly_test(id int, data varchar(50) character set gbk collate gbk_bin)]===
===file:syntax/create_table_type.sql, id:850, sql:[SHOW CREATE TABLE aly_test]===
===file:syntax/create_table_type.sql, id:851, sql:[DROP TABLE aly_test]===
===file:syntax/create_table_type.sql, id:852, sql:[CREATE TABLE aly_test(id int, data varchar(50) character set latin5)]===
===file:syntax/create_table_type.sql, id:853, sql:[SHOW CREATE TABLE aly_test]===
===file:syntax/create_table_type.sql, id:854, sql:[DROP TABLE aly_test]===
===file:syntax/create_table_type.sql, id:855, sql:[CREATE TABLE aly_test(id int, data varchar(50) character set utf8)]===
===file:syntax/create_table_type.sql, id:856, sql:[INSERT INTO aly_test VALUES (1,'a'),(2,'\''),(3,'\t'),(4,NULL)]===
===file:syntax/create_table_type.sql, id:857, sql:[SELECT * FROM aly_test where data = 'a']===
===file:syntax/create_table_type.sql, id:858, sql:[SHOW CREATE TABLE aly_test]===
===file:syntax/create_table_type.sql, id:859, sql:[DROP TABLE aly_test]===
===file:syntax/create_table_type.sql, id:860, sql:[CREATE TABLE aly_test(id int, data varchar(50) character set utf8 collate utf8_bin)]===
===file:syntax/create_table_type.sql, id:861, sql:[INSERT INTO aly_test VALUES (1,'a'),(2,'\''),(3,'\t'),(4,NULL)]===
===file:syntax/create_table_type.sql, id:862, sql:[SELECT * FROM aly_test where data = 'a']===
===file:syntax/create_table_type.sql, id:863, sql:[SHOW CREATE TABLE aly_test]===
===file:syntax/create_table_type.sql, id:864, sql:[DROP TABLE aly_test]===
===file:syntax/create_table_type.sql, id:865, sql:[CREATE TABLE aly_test(id int, data varchar(50) character set utf8 collate utf8_unicode_ci)]===
===file:syntax/create_table_type.sql, id:866, sql:[INSERT INTO aly_test VALUES (1,'a'),(2,'\''),(3,'\t'),(4,NULL)]===
===file:syntax/create_table_type.sql, id:867, sql:[SELECT * FROM aly_test where data = 'a']===
===file:syntax/create_table_type.sql, id:868, sql:[SHOW CREATE TABLE aly_test]===
===file:syntax/create_table_type.sql, id:869, sql:[DROP TABLE aly_test]===
===file:syntax/create_table_type.sql, id:870, sql:[CREATE TABLE aly_test(id int, data varchar(50) character set utf8mb4)]===
===file:syntax/create_table_type.sql, id:871, sql:[SHOW CREATE TABLE aly_test]===
===file:syntax/create_table_type.sql, id:872, sql:[DROP TABLE aly_test]===
===file:syntax/create_table_type.sql, id:873, sql:[CREATE TABLE aly_test(id int, data varchar(50) character set latin7)]===
===file:syntax/create_table_type.sql, id:874, sql:[SHOW CREATE TABLE aly_test]===
===file:syntax/create_table_type.sql, id:875, sql:[DROP TABLE aly_test]===
===file:syntax/create_table_type.sql, id:876, sql:[CREATE TABLE aly_test(id int, data varchar(50) character set utf16)]===
===file:syntax/create_table_type.sql, id:877, sql:[SHOW CREATE TABLE aly_test]===
===file:syntax/create_table_type.sql, id:878, sql:[DROP TABLE aly_test]===
===file:syntax/create_table_type.sql, id:879, sql:[CREATE TABLE aly_test(id int, data varchar(50) character set utf16le)]===
===file:syntax/create_table_type.sql, id:880, sql:[SHOW CREATE TABLE aly_test]===
===file:syntax/create_table_type.sql, id:881, sql:[DROP TABLE aly_test]===
===file:syntax/create_table_type.sql, id:882, sql:[CREATE TABLE aly_test(id int, data varchar(50) character set utf32)]===
===file:syntax/create_table_type.sql, id:883, sql:[SHOW CREATE TABLE aly_test]===
===file:syntax/create_table_type.sql, id:884, sql:[DROP TABLE aly_test]===
===file:syntax/create_table_type.sql, id:885, sql:[CREATE TABLE aly_test(id int, data varchar(50) character set gb18030)]===
===file:syntax/create_table_type.sql, id:886, sql:[SHOW CREATE TABLE aly_test]===
===file:syntax/create_table_type.sql, id:887, sql:[DROP TABLE IF EXISTS aly_test]===
