===file:syntax/create_table_definition_syntax.sql, id:90, sql:[CREATE TABLE aly_test(id int, data1 varchar(10),data2 varchar(10),data3 varchar(20) as (concat(data1,' ',data2)))]===
dble:[None]
mysql:[()]
[02:41:40.511195]dble err :(-1, 'error totally whack')
===file:syntax/create_table_definition_syntax.sql, id:91, sql:[INSERT INTO aly_test (id,data1,data2)  VALUES (1,'aaa1','aaa2')]===
dble:[None]
mysql:[()]
[02:41:40.811348]dble err :(-1, 'error totally whack')
===file:syntax/create_table_definition_syntax.sql, id:93, sql:[SELECT id,data1,data2,data3 FROM aly_test]===
dble:[[]]
mysql:[[(1L, 'aaa1', 'aaa2', 'aaa1 aaa2')]]
===file:syntax/create_table_definition_syntax.sql, id:97, sql:[CREATE TABLE aly_test(id int, data1 int,data2 int,data3 int as (data1+data2) virtual)]===
dble:[None]
mysql:[()]
[02:41:42.114920]dble err :(-1, 'error totally whack')
===file:syntax/create_table_definition_syntax.sql, id:98, sql:[INSERT INTO aly_test (id,data1,data2) VALUES (1,1,1)]===
dble:[None]
mysql:[()]
[02:41:42.394323]dble err :(-1, 'error totally whack')
===file:syntax/create_table_definition_syntax.sql, id:100, sql:[SELECT id,data1,data2,data3 FROM aly_test]===
dble:[[]]
mysql:[[(1L, 1L, 1L, 2L)]]
===file:syntax/create_table_definition_syntax.sql, id:102, sql:[CREATE TABLE aly_test(id int, data1 int,data2 int,data3 int as (data1+data2) stored)]===
dble:[None]
mysql:[()]
[02:41:43.677786]dble err :(-1, 'error totally whack')
===file:syntax/create_table_definition_syntax.sql, id:103, sql:[INSERT INTO aly_test (id,data1,data2) VALUES (1,1,1)]===
dble:[None]
mysql:[()]
[02:41:43.977295]dble err :(-1, 'error totally whack')
===file:syntax/create_table_definition_syntax.sql, id:105, sql:[SELECT id,data1,data2,data3 FROM aly_test]===
dble:[[]]
mysql:[[(1L, 1L, 1L, 2L)]]
===file:syntax/create_table_definition_syntax.sql, id:109, sql:[CREATE TABLE aly_test(id int, data1 int,data2 int,data3 int as (data1+data2) UNIQUE)]===
dble:[None]
mysql:[()]
[02:41:45.257496]dble err :(-1, 'error totally whack')
===file:syntax/create_table_definition_syntax.sql, id:110, sql:[INSERT INTO aly_test (id,data1,data2) VALUES (1,1,1)]===
dble:[None]
mysql:[()]
[02:41:45.539411]dble err :(-1, 'error totally whack')
===file:syntax/create_table_definition_syntax.sql, id:112, sql:[SELECT id,data1,data2,data3 FROM aly_test]===
dble:[[]]
mysql:[[(1L, 1L, 1L, 2L)]]
===file:syntax/create_table_definition_syntax.sql, id:114, sql:[CREATE TABLE aly_test(id int, data1 int,data2 int,data3 int as (data1+data2) UNIQUE KEY)]===
dble:[None]
mysql:[()]
[02:41:46.797921]dble err :(-1, 'error totally whack')
===file:syntax/create_table_definition_syntax.sql, id:115, sql:[INSERT INTO aly_test (id,data1,data2) VALUES (1,1,1)]===
dble:[None]
mysql:[()]
[02:41:47.078706]dble err :(-1, 'error totally whack')
===file:syntax/create_table_definition_syntax.sql, id:117, sql:[SELECT id,data1,data2,data3 FROM aly_test]===
dble:[[]]
mysql:[[(1L, 1L, 1L, 2L)]]
===file:syntax/create_table_definition_syntax.sql, id:121, sql:[CREATE TABLE aly_test(id int, data1 int,data2 int,data3 int as (data1+data2) UNIQUE KEY COMMENT 'test')]===
dble:[None]
mysql:[()]
[02:41:48.260272]dble err :(-1, 'error totally whack')
===file:syntax/create_table_definition_syntax.sql, id:122, sql:[INSERT INTO aly_test (id,data1,data2) VALUES (1,1,1)]===
dble:[None]
mysql:[()]
[02:41:48.565610]dble err :(-1, 'error totally whack')
===file:syntax/create_table_definition_syntax.sql, id:124, sql:[SELECT id,data1,data2,data3 FROM aly_test]===
dble:[[]]
mysql:[[(1L, 1L, 1L, 2L)]]
===file:syntax/create_table_definition_syntax.sql, id:128, sql:[CREATE TABLE aly_test(id int, data1 int,data2 int,data3 int as (data1+data2) NOT NULL)]===
dble:[None]
mysql:[()]
[02:41:49.755128]dble err :(-1, 'error totally whack')
===file:syntax/create_table_definition_syntax.sql, id:129, sql:[INSERT INTO aly_test (id,data1,data2) VALUES (1,1,1)]===
dble:[None]
mysql:[()]
[02:41:50.027583]dble err :(-1, 'error totally whack')
===file:syntax/create_table_definition_syntax.sql, id:131, sql:[SELECT id,data1,data2,data3 FROM aly_test]===
dble:[[]]
mysql:[[(1L, 1L, 1L, 2L)]]
===file:syntax/create_table_definition_syntax.sql, id:133, sql:[CREATE TABLE aly_test(id int, data1 int,data2 int,data3 int as (data1+data2) NULL)]===
dble:[None]
mysql:[()]
[02:41:51.245456]dble err :(-1, 'error totally whack')
===file:syntax/create_table_definition_syntax.sql, id:134, sql:[INSERT INTO aly_test (id,data1,data2) VALUES (1,1,1)]===
dble:[None]
mysql:[()]
[02:41:51.534320]dble err :(-1, 'error totally whack')
===file:syntax/create_table_definition_syntax.sql, id:136, sql:[SELECT id,data1,data2,data3 FROM aly_test]===
dble:[[]]
mysql:[[(1L, 1L, 1L, 2L)]]
===file:syntax/create_table_definition_syntax.sql, id:141, sql:[CREATE TABLE aly_test(id int, data1 int,data2 int,data3 int as (data1+data2) STORED PRIMARY KEY)]===
dble:[None]
mysql:[()]
[02:41:52.694192]dble err :(-1, 'error totally whack')
===file:syntax/create_table_definition_syntax.sql, id:142, sql:[INSERT INTO aly_test (id,data1,data2) VALUES (1,1,1)]===
dble:[None]
mysql:[()]
[02:41:52.971428]dble err :(-1, 'error totally whack')
===file:syntax/create_table_definition_syntax.sql, id:172, sql:[CREATE TABLE aly_test ( id int(11),test int,detail varchar(20),PRIMARY KEY USING BTREE (id))]===
dble:[None]
mysql:[()]
[02:41:58.633512]dble err :(-1, 'error totally whack')
===file:syntax/create_table_definition_syntax.sql, id:173, sql:[INSERT INTO aly_test VALUES (1,1,'aaa')]===
dble:[None]
mysql:[()]
[02:41:58.920734]dble err :(-1, 'error totally whack')
===file:syntax/create_table_definition_syntax.sql, id:176, sql:[CREATE TABLE aly_test ( id int(11),test int,detail varchar(20),CONSTRAINT PRIMARY KEY USING BTREE (id))]===
dble:[None]
mysql:[()]
[02:41:59.815389]dble err :(-1, 'error totally whack')
===file:syntax/create_table_definition_syntax.sql, id:177, sql:[INSERT INTO aly_test VALUES (1,1,'aaa')]===
dble:[None]
mysql:[()]
[02:42:00.102843]dble err :(-1, 'error totally whack')
===file:syntax/create_table_definition_syntax.sql, id:180, sql:[CREATE TABLE aly_test ( id int(11),test int,detail varchar(20),CONSTRAINT PRIMARY KEY USING HASH (id))]===
dble:[None]
mysql:[()]
[02:42:01.013314]dble err :(-1, 'error totally whack')
===file:syntax/create_table_definition_syntax.sql, id:181, sql:[INSERT INTO aly_test VALUES (1,1,'aaa')]===
dble:[None]
mysql:[()]
[02:42:01.298013]dble err :(-1, 'error totally whack')
===file:syntax/create_table_definition_syntax.sql, id:184, sql:[CREATE TABLE aly_test ( id int(11),test int,detail varchar(20),CONSTRAINT PK_id PRIMARY KEY USING HASH (id,test))]===
dble:[None]
mysql:[()]
[02:42:02.183086]dble err :(-1, 'error totally whack')
===file:syntax/create_table_definition_syntax.sql, id:185, sql:[INSERT INTO aly_test VALUES (1,1,'aaa')]===
dble:[None]
mysql:[()]
[02:42:02.481712]dble err :(-1, 'error totally whack')