===file:syntax/create_index.sql, id:13, sql:[DROP TABLE IF EXISTS aly_test]===
===file:syntax/create_index.sql, id:14, sql:[CREATE TABLE aly_test(id int,data varchar(10))]===
===file:syntax/create_index.sql, id:15, sql:[CREATE UNIQUE INDEX idx_id ON aly_test (id)]===
===file:syntax/create_index.sql, id:16, sql:[SHOW INDEX FROM aly_test]===
===file:syntax/create_index.sql, id:17, sql:[DROP INDEX idx_id ON aly_test]===
===file:syntax/create_index.sql, id:18, sql:[SHOW INDEX FROM aly_test]===
===file:syntax/create_index.sql, id:19, sql:[CREATE UNIQUE INDEX idx_id ON aly_test (id,data)]===
===file:syntax/create_index.sql, id:20, sql:[SHOW INDEX FROM aly_test]===
===file:syntax/create_index.sql, id:21, sql:[DROP INDEX idx_id ON aly_test]===
===file:syntax/create_index.sql, id:22, sql:[CREATE UNIQUE INDEX idx_id ON aly_test (id,data(3) ASC)]===
===file:syntax/create_index.sql, id:23, sql:[SHOW INDEX FROM aly_test]===
===file:syntax/create_index.sql, id:24, sql:[DROP INDEX idx_id ON aly_test]===
===file:syntax/create_index.sql, id:25, sql:[CREATE UNIQUE INDEX idx_id USING BTREE ON aly_test (id,data(3) ASC)]===
===file:syntax/create_index.sql, id:26, sql:[SHOW INDEX FROM aly_test]===
===file:syntax/create_index.sql, id:27, sql:[DROP INDEX idx_id ON aly_test]===
===file:syntax/create_index.sql, id:28, sql:[CREATE UNIQUE INDEX idx_id USING HASH ON aly_test (id,data(3) ASC)]===
===file:syntax/create_index.sql, id:29, sql:[SHOW INDEX FROM aly_test]===
===file:syntax/create_index.sql, id:30, sql:[DROP INDEX idx_id ON aly_test]===
===file:syntax/create_index.sql, id:34, sql:[DROP TABLE IF EXISTS aly_test]===
===file:syntax/create_index.sql, id:35, sql:[CREATE TABLE aly_test(id int,data varchar(10))]===
===file:syntax/create_index.sql, id:36, sql:[CREATE FULLTEXT INDEX idx_id ON aly_test (data(3))]===
===file:syntax/create_index.sql, id:37, sql:[SHOW INDEX FROM aly_test]===
===file:syntax/create_index.sql, id:39, sql:[DROP TABLE IF EXISTS aly_test]===
===file:syntax/create_index.sql, id:40, sql:[CREATE TABLE aly_test(id int,data varchar(10))]===
===file:syntax/create_index.sql, id:41, sql:[CREATE INDEX inx_id ON aly_test (id)]===
===file:syntax/create_index.sql, id:42, sql:[SHOW INDEX FROM aly_test]===
===file:syntax/create_index.sql, id:43, sql:[INSERT INTO aly_test VALUES (1,'aaa')]===
===file:syntax/create_index.sql, id:44, sql:[DROP INDEX inx_id ON aly_test]===
===file:syntax/create_index.sql, id:45, sql:[CREATE INDEX inx_id ON aly_test (id,data)]===
===file:syntax/create_index.sql, id:46, sql:[SHOW INDEX FROM aly_test]===
===file:syntax/create_index.sql, id:47, sql:[INSERT INTO aly_test VALUES (2,'bbb')]===
===file:syntax/create_index.sql, id:48, sql:[DROP INDEX inx_id ON aly_test]===
===file:syntax/create_index.sql, id:49, sql:[CREATE INDEX idx_id ON aly_test (id ASC,data(3) DESC)]===
===file:syntax/create_index.sql, id:50, sql:[SHOW INDEX FROM aly_test]===
===file:syntax/create_index.sql, id:51, sql:[INSERT INTO aly_test VALUES (5,'eee')]===
===file:syntax/create_index.sql, id:52, sql:[DROP INDEX idx_id ON aly_test]===
===file:syntax/create_index.sql, id:53, sql:[CREATE INDEX idx_id USING HASH ON aly_test (id ASC,data(3) DESC)]===
===file:syntax/create_index.sql, id:54, sql:[SHOW INDEX FROM aly_test]===
===file:syntax/create_index.sql, id:55, sql:[INSERT INTO aly_test VALUES (6,'fff')]===
===file:syntax/create_index.sql, id:58, sql:[DROP INDEX idx_id ON aly_test]===
===file:syntax/create_index.sql, id:59, sql:[CREATE INDEX inx_id USING BTREE ON aly_test (id)]===
===file:syntax/create_index.sql, id:60, sql:[SHOW INDEX FROM aly_test]===
===file:syntax/create_index.sql, id:61, sql:[INSERT INTO aly_test VALUES (3,'ccc')]===
===file:syntax/create_index.sql, id:62, sql:[DROP INDEX inx_id ON aly_test]===
===file:syntax/create_index.sql, id:63, sql:[CREATE INDEX inx_id USING HASH ON aly_test (id)]===
===file:syntax/create_index.sql, id:64, sql:[SHOW INDEX FROM aly_test]===
===file:syntax/create_index.sql, id:65, sql:[INSERT INTO aly_test VALUES (4,'ddd')]===
===file:syntax/create_index.sql, id:66, sql:[DROP TABLE IF EXISTS aly_test]===
