===file:syntax/data_types.sql, id:3, sql:[select _latin1'a string']===
dble:[[('a string',)]]
===file:syntax/data_types.sql, id:5, sql:[select _latin1'a string' COLLATE latin1_danish_ci]===
dble:[[('a string',)]]
===file:syntax/data_types.sql, id:6, sql:[select _utf8'a' ' ' 'string']===
dble:[[('a string',)]]
===file:syntax/data_types.sql, id:8, sql:[select 'a\'b', 'a\"b', 'a\0b', 'a\bb', 'a\nb', 'a\rb', 'a\tb', 'a\Zb', 'a\\b', 'a\%b', 'a\_b']===
dble:[[("a'b", 'a"b', 'a\x00b', 'a\x08b', 'a\nb', 'a\rb', 'a\tb', 'a\x1ab', 'a\\b', 'a\\%b', 'a\\_b')]]
===file:syntax/data_types.sql, id:9, sql:[drop table if exists ta]===
dble:[[]]
===file:syntax/data_types.sql, id:10, sql:[create table ta(id int(16) not null primary key auto_increment, b varchar(255))]===
dble:[[]]
===file:syntax/data_types.sql, id:11, sql:[insert into ta values(1, 'a\'b')]===
dble:[[]]
===file:syntax/data_types.sql, id:12, sql:[insert into ta values(2, 'a\"b')]===
dble:[[]]
===file:syntax/data_types.sql, id:13, sql:[insert into ta values(3, 'a\0b')]===
dble:[[]]
===file:syntax/data_types.sql, id:14, sql:[insert into ta values(4, 'a\bb')]===
dble:[[]]
===file:syntax/data_types.sql, id:15, sql:[insert into ta values(5, 'a\nb')]===
dble:[[]]
===file:syntax/data_types.sql, id:16, sql:[insert into ta values(6, 'a\rb')]===
dble:[[]]
===file:syntax/data_types.sql, id:17, sql:[insert into ta values(7, 'a\tb')]===
dble:[[]]
===file:syntax/data_types.sql, id:18, sql:[insert into ta values(8, 'a\Zb')]===
dble:[[]]
===file:syntax/data_types.sql, id:19, sql:[insert into ta values(9, 'a\\b')]===
dble:[[]]
===file:syntax/data_types.sql, id:20, sql:[insert into ta values(10, 'a\%b')]===
dble:[[]]
===file:syntax/data_types.sql, id:21, sql:[insert into ta values(11, 'a\_b')]===
dble:[[]]
===file:syntax/data_types.sql, id:22, sql:[select b from ta]===
dble:[[('a\x00b',), ('a\x08b',), ('a\tb',), ('a\nb',), ('a\rb',), ('a\x1ab',), ('a"b',), ("a'b",), ('a\\%b',), ('a\\_b',), ('a\\b',)]]
===file:syntax/data_types.sql, id:23, sql:[SELECT 'hello', '"hello"', '""hello""', 'hel''lo', '\'hello']===
dble:[[('hello', '"hello"', '""hello""', "hel'lo", "'hello")]]
===file:syntax/data_types.sql, id:24, sql:[SELECT "hello", "'hello'", "''hello''", "hel""lo", "\"hello"]===
dble:[[('hello', "'hello'", "''hello''", 'hel"lo', '"hello')]]
===file:syntax/data_types.sql, id:25, sql:[SELECT 'This\nIs\nFour\nLines']===
dble:[[('This\nIs\nFour\nLines',)]]
===file:syntax/data_types.sql, id:26, sql:[SELECT 'disappearing\ backslash']===
dble:[[('disappearing backslash',)]]
===file:syntax/data_types.sql, id:28, sql:[select 1, .2, 3.4, -5, -.8, -6.78, +9, +.55, +9.10]===
dble:[[(1L, Decimal('0.2'), Decimal('3.4'), -5L, Decimal('-0.8'), Decimal('-6.78'), 9L, Decimal('0.55'), Decimal('9.10'))]]
===file:syntax/data_types.sql, id:29, sql:[select 1.2E3, 1.2E-3, -1.2E3, -1.2E-3]===
dble:[[(1200.0, 0.0012, -1200.0, -0.0012)]]
===file:syntax/data_types.sql, id:31, sql:[select DATE'2012^12^31']===
dble:[[(datetime.date(2012, 12, 31),)]]
===file:syntax/data_types.sql, id:32, sql:[select DATE '2012-12-31']===
dble:[[(datetime.date(2012, 12, 31),)]]
===file:syntax/data_types.sql, id:50, sql:[select DATE'20131231']===
dble:[[(datetime.date(2013, 12, 31),)]]
===file:syntax/data_types.sql, id:51, sql:[select DATE'00121231']===
dble:[[(datetime.date(12, 12, 31),)]]
===file:syntax/data_types.sql, id:52, sql:[select DATE'121231']===
dble:[[(datetime.date(2012, 12, 31),)]]
===file:syntax/data_types.sql, id:53, sql:[select TIMESTAMP'2012-12-31 11:30:45']===
dble:[[(datetime.datetime(2012, 12, 31, 11, 30, 45),)]]
===file:syntax/data_types.sql, id:54, sql:[select TIMESTAMP '2012^12^31 11+30+45']===
dble:[[(datetime.datetime(2012, 12, 31, 11, 30, 45),)]]
===file:syntax/data_types.sql, id:55, sql:[select TIMESTAMP'2012/12/31 11*30*45']===
dble:[[(datetime.datetime(2012, 12, 31, 11, 30, 45),)]]
===file:syntax/data_types.sql, id:56, sql:[select TIMESTAMP'2012@12@31 11^30^45']===
dble:[[(datetime.datetime(2012, 12, 31, 11, 30, 45),)]]
===file:syntax/data_types.sql, id:57, sql:[select TIMESTAMP'20121231113045']===
dble:[[(datetime.datetime(2012, 12, 31, 11, 30, 45),)]]
===file:syntax/data_types.sql, id:58, sql:[select TIMESTAMP'121231113045']===
dble:[[(datetime.datetime(2012, 12, 31, 11, 30, 45),)]]
===file:syntax/data_types.sql, id:59, sql:[select TIME'0 10:11:12']===
dble:[[(datetime.timedelta(0, 36672),)]]
===file:syntax/data_types.sql, id:60, sql:[select TIME'34 10:11:12']===
dble:[[(datetime.timedelta(34, 36672),)]]
===file:syntax/data_types.sql, id:61, sql:[drop table if exists ta]===
dble:[[]]
===file:syntax/data_types.sql, id:62, sql:[create table ta(id int(16) not null primary key auto_increment, b TIMESTAMP)]===
dble:[[]]
===file:syntax/data_types.sql, id:63, sql:[insert into ta values(1, '2012-12-31 11:30:45')]===
dble:[[]]
===file:syntax/data_types.sql, id:68, sql:[insert into ta values(6, '2012-2-1 2:3:4')]===
dble:[[]]
===file:syntax/data_types.sql, id:79, sql:[insert into ta values(17, 19830905132800)]===
dble:[[]]
===file:syntax/data_types.sql, id:80, sql:[insert into ta values(18, 830905132800)]===
dble:[[]]
===file:syntax/data_types.sql, id:81, sql:[insert into ta values(19, 20160302)]===
dble:[[]]
===file:syntax/data_types.sql, id:82, sql:[insert into ta values(20, 161214)]===
dble:[[]]
===file:syntax/data_types.sql, id:83, sql:[select b from ta]===
dble:[[(datetime.datetime(1983, 9, 5, 13, 28),), (datetime.datetime(1983, 9, 5, 13, 28),), (datetime.datetime(2012, 2, 1, 2, 3, 4),), (datetime.datetime(2012, 12, 31, 11, 30, 45),), (datetime.datetime(2016, 3, 2, 0, 0),), (datetime.datetime(2016, 12, 14, 0, 0),)]]
===file:syntax/data_types.sql, id:84, sql:[drop table if exists tb]===
dble:[[]]
===file:syntax/data_types.sql, id:85, sql:[create table tb(id int(16) not null primary key auto_increment, b DATE)]===
dble:[[]]
===file:syntax/data_types.sql, id:86, sql:[insert into tb values(1, '2012^12^31')]===
dble:[[]]
===file:syntax/data_types.sql, id:98, sql:[insert into tb values(13, 371231)]===
dble:[[]]
===file:syntax/data_types.sql, id:99, sql:[insert into tb values(14, 19121231)]===
dble:[[]]
===file:syntax/data_types.sql, id:100, sql:[select b from tb]===
dble:[[(datetime.date(1912, 12, 31),), (datetime.date(2012, 12, 31),), (datetime.date(2037, 12, 31),)]]
===file:syntax/data_types.sql, id:101, sql:[drop table if exists tc]===
dble:[[]]
===file:syntax/data_types.sql, id:102, sql:[create table tc(id int(16) not null primary key auto_increment, b TIME)]===
dble:[[]]
===file:syntax/data_types.sql, id:103, sql:[insert into tc values(1, '0 10:11:12')]===
dble:[[]]
===file:syntax/data_types.sql, id:104, sql:[insert into tc values(2, '34 10:11:12')]===
dble:[[]]
===file:syntax/data_types.sql, id:105, sql:[insert into tc values(3, '34 10:11')]===
dble:[[]]
===file:syntax/data_types.sql, id:106, sql:[insert into tc values(4, '34 10')]===
dble:[[]]
===file:syntax/data_types.sql, id:107, sql:[insert into tc values(5, '10')]===
dble:[[]]
===file:syntax/data_types.sql, id:108, sql:[insert into tc values(20, '0 10:11:12.100005')]===
dble:[[]]
===file:syntax/data_types.sql, id:109, sql:[insert into tc values(21, '0 3:5:2')]===
dble:[[]]
===file:syntax/data_types.sql, id:110, sql:[insert into tc values(22, '0 03:05:02')]===
dble:[[]]
===file:syntax/data_types.sql, id:122, sql:[insert into tc values(17, 101112)]===
dble:[[]]
===file:syntax/data_types.sql, id:123, sql:[insert into tc values(18, 1011)]===
dble:[[]]
===file:syntax/data_types.sql, id:124, sql:[insert into tc values(19, 10)]===
dble:[[]]
===file:syntax/data_types.sql, id:125, sql:[select b from tc]===
dble:[[(datetime.timedelta(0, 10),), (datetime.timedelta(0, 10),), (datetime.timedelta(0, 611),), (datetime.timedelta(0, 11102),), (datetime.timedelta(0, 11102),), (datetime.timedelta(0, 36672),), (datetime.timedelta(0, 36672),), (datetime.timedelta(0, 36672),), (datetime.timedelta(34, 36000),), (datetime.timedelta(34, 36660),), (datetime.timedelta(34, 36672),)]]
===file:syntax/data_types.sql, id:127, sql:[select X'4D7953514C', x'4D7953514C', 0x4D7953514C]===
dble:[[('MySQL', 'MySQL', 'MySQL')]]
===file:syntax/data_types.sql, id:128, sql:[select X'4d7953514c', x'4d7953514c', 0x4d7953514c]===
dble:[[('MySQL', 'MySQL', 'MySQL')]]
===file:syntax/data_types.sql, id:129, sql:[select x'0a'+0, X'0a'+0, 0x0a+0]===
dble:[[(10L, 10L, 10L)]]
===file:syntax/data_types.sql, id:130, sql:[select 0xa, 0x0a, x'0a', X'0a']===
dble:[[('\n', '\n', '\n', '\n')]]
===file:syntax/data_types.sql, id:131, sql:[select 0x0A, x'0A', X'0A']===
dble:[[('\n', '\n', '\n')]]
===file:syntax/data_types.sql, id:132, sql:[select x'41', X'41', 0x41]===
dble:[[('A', 'A', 'A')]]
===file:syntax/data_types.sql, id:133, sql:[select x'ac', X'AC', 0xAc]===
dble:[[('\xac', '\xac', '\xac')]]
===file:syntax/data_types.sql, id:134, sql:[select X'41', CAST(X'41' AS UNSIGNED)]===
dble:[[('A', 65L)]]
===file:syntax/data_types.sql, id:135, sql:[select X'41', CAST(x'41' AS UNSIGNED)]===
dble:[[('A', 65L)]]
===file:syntax/data_types.sql, id:136, sql:[select 0x41, CAST(0x41 AS UNSIGNED)]===
dble:[[('A', 65L)]]
===file:syntax/data_types.sql, id:137, sql:[select HEX('cat')]===
dble:[[('636174',)]]
===file:syntax/data_types.sql, id:139, sql:[select TRUE, True, true, trUe]===
dble:[[(1L, 1L, 1L, 1L)]]
===file:syntax/data_types.sql, id:140, sql:[select FALSE, False, fAlSe, false]===
dble:[[(0L, 0L, 0L, 0L)]]
===file:syntax/data_types.sql, id:141, sql:[select 0]===
dble:[[(0L,)]]
===file:syntax/data_types.sql, id:142, sql:[select 1]===
dble:[[(1L,)]]
===file:syntax/data_types.sql, id:143, sql:[drop table if exists ta]===
dble:[[]]
===file:syntax/data_types.sql, id:144, sql:[create table ta(a int(16) not null primary key auto_increment, b BOOL)]===
dble:[[]]
===file:syntax/data_types.sql, id:145, sql:[insert into ta values(1,TRUE)]===
dble:[[]]
===file:syntax/data_types.sql, id:146, sql:[insert into ta values(2,True)]===
dble:[[]]
===file:syntax/data_types.sql, id:147, sql:[insert into ta values(3,true)]===
dble:[[]]
===file:syntax/data_types.sql, id:148, sql:[insert into ta values(4,trUe)]===
dble:[[]]
===file:syntax/data_types.sql, id:149, sql:[insert into ta values(5,FALSE)]===
dble:[[]]
===file:syntax/data_types.sql, id:150, sql:[insert into ta values(6,False)]===
dble:[[]]
===file:syntax/data_types.sql, id:151, sql:[insert into ta values(7,fAlSe)]===
dble:[[]]
===file:syntax/data_types.sql, id:152, sql:[insert into ta values(8,false)]===
dble:[[]]
===file:syntax/data_types.sql, id:153, sql:[insert into ta values(9,0)]===
dble:[[]]
===file:syntax/data_types.sql, id:154, sql:[insert into ta values(10,1)]===
dble:[[]]
===file:syntax/data_types.sql, id:155, sql:[select b from ta]===
dble:[[(0,), (0,), (0,), (0,), (0,), (1,), (1,), (1,), (1,), (1,)]]
===file:syntax/data_types.sql, id:157, sql:[SET @v1 = 0b1000001]===
dble:[[]]
===file:syntax/data_types.sql, id:158, sql:[SET @v2 = CAST(0b1000001 AS UNSIGNED), @v3 = 0b1000001+0]===
dble:[[]]
===file:syntax/data_types.sql, id:159, sql:[SELECT @v1, @v2, @v3]===
dble:[[(None, None, None)]]
===file:syntax/data_types.sql, id:160, sql:[SET @v1 = b'1000001']===
dble:[[]]
===file:syntax/data_types.sql, id:161, sql:[SET @v2 = CAST(b'1000001' AS UNSIGNED), @v3 = b'1000001'+0]===
dble:[[]]
===file:syntax/data_types.sql, id:162, sql:[SELECT @v1, @v2, @v3]===
dble:[[(None, None, None)]]
===file:syntax/data_types.sql, id:163, sql:[drop table if exists t]===
dble:[[]]
===file:syntax/data_types.sql, id:164, sql:[create table t(b BIT(8))]===
dble:[[]]
===file:syntax/data_types.sql, id:165, sql:[INSERT INTO t SET b = b'11111111']===
dble:[[]]
===file:syntax/data_types.sql, id:166, sql:[INSERT INTO t SET b = b'00000000']===
dble:[[]]
===file:syntax/data_types.sql, id:167, sql:[INSERT INTO t SET b = b'1010']===
dble:[[]]
===file:syntax/data_types.sql, id:168, sql:[INSERT INTO t SET b = b'0101']===
dble:[[]]
===file:syntax/data_types.sql, id:169, sql:[INSERT INTO t SET b = b'01010']===
dble:[[]]
===file:syntax/data_types.sql, id:170, sql:[INSERT INTO t SET b = 0b11111111]===
dble:[[]]
===file:syntax/data_types.sql, id:171, sql:[INSERT INTO t SET b = 0b00000000]===
dble:[[]]
===file:syntax/data_types.sql, id:172, sql:[INSERT INTO t SET b = 0b1010]===
dble:[[]]
===file:syntax/data_types.sql, id:173, sql:[INSERT INTO t SET b = 0b0101]===
dble:[[]]
===file:syntax/data_types.sql, id:174, sql:[INSERT INTO t SET b = 0b01010]===
dble:[[]]
===file:syntax/data_types.sql, id:175, sql:[SELECT b, b+0, BIN(b+0), OCT(b+0), HEX(b+0) FROM t]===
dble:[[('\x00', 0L, '0', '0', '0'), ('\x00', 0L, '0', '0', '0'), ('\x05', 5L, '101', '5', '5'), ('\x05', 5L, '101', '5', '5'), ('\n', 10L, '1010', '12', 'A'), ('\n', 10L, '1010', '12', 'A'), ('\n', 10L, '1010', '12', 'A'), ('\n', 10L, '1010', '12', 'A'), ('\xff', 255L, '11111111', '377', 'FF'), ('\xff', 255L, '11111111', '377', 'FF')]]
===file:syntax/data_types.sql, id:177, sql:[select null]===
dble:[[(None,)]]
===file:syntax/data_types.sql, id:178, sql:[select NULL]===
dble:[[(None,)]]
===file:syntax/data_types.sql, id:182, sql:[select '\ba\bb\b']===
dble:[[('\x08a\x08b\x08',)]]
===file:syntax/data_types.sql, id:183, sql:[select '\ta\tb\t']===
dble:[[('\ta\tb\t',)]]
===file:syntax/data_types.sql, id:184, sql:[select '\ra\rb\r']===
dble:[[('\ra\rb\r',)]]
===file:syntax/data_types.sql, id:185, sql:[select '\na\nb\n']===
dble:[[('\na\nb\n',)]]
===file:syntax/data_types.sql, id:186, sql:[select '\fa\fb\f']===
dble:[[('fafbf',)]]
===file:syntax/data_types.sql, id:189, sql:[use schema1]===
dble:[[]]
===file:syntax/data_types.sql, id:190, sql:[select 1]===
dble:[[(1L,)]]
===file:syntax/data_types.sql, id:191, sql:[drop table if EXISTS t]===
dble:[[]]
