===file:syntax/identifiers.sql, id:94, sql:[create table "tb2" (col INT)]===
dble:[None]
mysql:[()]
[03:58:33.823895]dble err :(-1, 'error totally whack')
===file:syntax/identifiers.sql, id:110, sql:[drop view if exists abcdefghijklmnopqrstuvwxyzabcdefghijklmnopqrstuvwxyzabcdefghijklm]===
dble:[()]
mysql:[None]
mysql err:(1059, "Identifier name 'abcdefghijklmnopqrstuvwxyzabcdefghijklmnopqrstuvwxyzabcdefghijklm' is too long")
===file:syntax/identifiers.sql, id:111, sql:[create view abcdefghijklmnopqrstuvwxyzabcdefghijklmnopqrstuvwxyzabcdefghijklm as select * from tb]===
dble:[()]
mysql:[None]
mysql err:(1059, "Identifier name 'abcdefghijklmnopqrstuvwxyzabcdefghijklmnopqrstuvwxyzabcdefghijklm' is too long")
===file:syntax/identifiers.sql, id:123, sql:[select id from .tb]===
dble:[None]
mysql:[()]
[03:58:36.042837]dble err :(1064, 'ERROR. pos 16, line 1, column 16, token DOT')
===file:syntax/identifiers.sql, id:129, sql:[create table BIT_AND (i int)]===
dble:[None]
mysql:[()]
[03:58:36.448477]dble err :(1064, "You have an error in your SQL syntax; check the manual that corresponds to your MySQL server version for the right syntax to use near 'BIT_AND (i int)' at line 1")
===file:syntax/identifiers.sql, id:131, sql:[create table BIT_OR (i int)]===
dble:[None]
mysql:[()]
[03:58:36.526706]dble err :(1064, "You have an error in your SQL syntax; check the manual that corresponds to your MySQL server version for the right syntax to use near 'BIT_OR (i int)' at line 1")
===file:syntax/identifiers.sql, id:133, sql:[create table BIT_XOR (i int)]===
dble:[None]
mysql:[()]
[03:58:36.862757]dble err :(1064, "You have an error in your SQL syntax; check the manual that corresponds to your MySQL server version for the right syntax to use near 'BIT_XOR (i int)' at line 1")
===file:syntax/identifiers.sql, id:134, sql:[drop table if EXISTS CAST]===
dble:[None]
mysql:[()]
[03:58:36.976561]dble err :(1064, 'error pos 25, line 1, column 21, token CAST')
===file:syntax/identifiers.sql, id:135, sql:[create table CAST (i int)]===
dble:[None]
mysql:[()]
[03:58:37.003176]dble err :(1064, 'error pos 17, line 1, column 13, token CAST')
===file:syntax/identifiers.sql, id:137, sql:[create table CURDATE (i int)]===
dble:[None]
mysql:[()]
[03:58:37.239645]dble err :(1064, "You have an error in your SQL syntax; check the manual that corresponds to your MySQL server version for the right syntax to use near 'CURDATE (i int)' at line 1")
===file:syntax/identifiers.sql, id:139, sql:[create table CURTIME (i int)]===
dble:[None]
mysql:[()]
[03:58:37.409642]dble err :(1064, "You have an error in your SQL syntax; check the manual that corresponds to your MySQL server version for the right syntax to use near 'CURTIME (i int)' at line 1")
===file:syntax/identifiers.sql, id:141, sql:[create table DATE_ADD (i int)]===
dble:[None]
mysql:[()]
[03:58:37.613856]dble err :(1064, "You have an error in your SQL syntax; check the manual that corresponds to your MySQL server version for the right syntax to use near 'DATE_ADD (i int)' at line 1")
===file:syntax/identifiers.sql, id:143, sql:[create table DATE_SUB (i int)]===
dble:[None]
mysql:[()]
[03:58:37.834011]dble err :(1064, "You have an error in your SQL syntax; check the manual that corresponds to your MySQL server version for the right syntax to use near 'DATE_SUB (i int)' at line 1")
===file:syntax/identifiers.sql, id:145, sql:[create table EXTRACT (i int)]===
dble:[None]
mysql:[()]
[03:58:38.146229]dble err :(1064, "You have an error in your SQL syntax; check the manual that corresponds to your MySQL server version for the right syntax to use near 'EXTRACT (i int)' at line 1")
===file:syntax/identifiers.sql, id:147, sql:[create table GROUP_CONCAT (i int)]===
dble:[None]
mysql:[()]
[03:58:38.227030]dble err :(1064, "You have an error in your SQL syntax; check the manual that corresponds to your MySQL server version for the right syntax to use near 'GROUP_CONCAT (i int)' at line 1")
===file:syntax/identifiers.sql, id:149, sql:[create table MAX (i int)]===
dble:[None]
mysql:[()]
[03:58:38.362575]dble err :(1064, "You have an error in your SQL syntax; check the manual that corresponds to your MySQL server version for the right syntax to use near 'MAX (i int)' at line 1")
===file:syntax/identifiers.sql, id:151, sql:[create table MID (i int)]===
dble:[None]
mysql:[()]
[03:58:38.501070]dble err :(1064, "You have an error in your SQL syntax; check the manual that corresponds to your MySQL server version for the right syntax to use near 'MID (i int)' at line 1")
===file:syntax/identifiers.sql, id:153, sql:[create table MIN (i int)]===
dble:[None]
mysql:[()]
[03:58:38.638028]dble err :(1064, "You have an error in your SQL syntax; check the manual that corresponds to your MySQL server version for the right syntax to use near 'MIN (i int)' at line 1")
===file:syntax/identifiers.sql, id:155, sql:[create table NOW (i int)]===
dble:[None]
mysql:[()]
[03:58:38.882563]dble err :(1064, "You have an error in your SQL syntax; check the manual that corresponds to your MySQL server version for the right syntax to use near 'NOW (i int)' at line 1")
===file:syntax/identifiers.sql, id:157, sql:[create table POSITION (i int)]===
dble:[None]
mysql:[()]
[03:58:39.189938]dble err :(1064, "You have an error in your SQL syntax; check the manual that corresponds to your MySQL server version for the right syntax to use near 'POSITION (i int)' at line 1")
===file:syntax/identifiers.sql, id:161, sql:[create table STD (i int)]===
dble:[None]
mysql:[()]
[03:58:39.627213]dble err :(1064, "You have an error in your SQL syntax; check the manual that corresponds to your MySQL server version for the right syntax to use near 'STD (i int)' at line 1")
===file:syntax/identifiers.sql, id:163, sql:[create table STDDEV (i int)]===
dble:[None]
mysql:[()]
[03:58:39.906756]dble err :(1064, "You have an error in your SQL syntax; check the manual that corresponds to your MySQL server version for the right syntax to use near 'STDDEV (i int)' at line 1")
===file:syntax/identifiers.sql, id:165, sql:[create table STDDEV_POP (i int)]===
dble:[None]
mysql:[()]
[03:58:40.231825]dble err :(1064, "You have an error in your SQL syntax; check the manual that corresponds to your MySQL server version for the right syntax to use near 'STDDEV_POP (i int)' at line 1")
===file:syntax/identifiers.sql, id:167, sql:[create table STDDEV_SAMP (i int)]===
dble:[None]
mysql:[()]
[03:58:40.314902]dble err :(1064, "You have an error in your SQL syntax; check the manual that corresponds to your MySQL server version for the right syntax to use near 'STDDEV_SAMP (i int)' at line 1")
===file:syntax/identifiers.sql, id:171, sql:[create table SUBSTR (i int)]===
dble:[None]
mysql:[()]
[03:58:41.123707]dble err :(1064, "You have an error in your SQL syntax; check the manual that corresponds to your MySQL server version for the right syntax to use near 'SUBSTR (i int)' at line 1")
===file:syntax/identifiers.sql, id:173, sql:[create table SUBSTRING (i int)]===
dble:[None]
mysql:[()]
[03:58:41.467253]dble err :(1064, "You have an error in your SQL syntax; check the manual that corresponds to your MySQL server version for the right syntax to use near 'SUBSTRING (i int)' at line 1")
===file:syntax/identifiers.sql, id:175, sql:[create table SUM (i int)]===
dble:[None]
mysql:[()]
[03:58:42.007881]dble err :(1064, "You have an error in your SQL syntax; check the manual that corresponds to your MySQL server version for the right syntax to use near 'SUM (i int)' at line 1")
===file:syntax/identifiers.sql, id:177, sql:[create table SYSDATE (i int)]===
dble:[None]
mysql:[()]
[03:58:42.250088]dble err :(1064, "You have an error in your SQL syntax; check the manual that corresponds to your MySQL server version for the right syntax to use near 'SYSDATE (i int)' at line 1")
===file:syntax/identifiers.sql, id:181, sql:[create table TRIM (i int)]===
dble:[None]
mysql:[()]
[03:58:42.826666]dble err :(1064, "You have an error in your SQL syntax; check the manual that corresponds to your MySQL server version for the right syntax to use near 'TRIM (i int)' at line 1")
===file:syntax/identifiers.sql, id:183, sql:[create table VARIANCE (i int)]===
dble:[None]
mysql:[()]
[03:58:42.938353]dble err :(1064, "You have an error in your SQL syntax; check the manual that corresponds to your MySQL server version for the right syntax to use near 'VARIANCE (i int)' at line 1")
===file:syntax/identifiers.sql, id:185, sql:[create table VAR_POP (i int)]===
dble:[None]
mysql:[()]
[03:58:43.172685]dble err :(1064, "You have an error in your SQL syntax; check the manual that corresponds to your MySQL server version for the right syntax to use near 'VAR_POP (i int)' at line 1")
===file:syntax/identifiers.sql, id:187, sql:[create table VAR_SAMP (i int)]===
dble:[None]
mysql:[()]
[03:58:43.511182]dble err :(1064, "You have an error in your SQL syntax; check the manual that corresponds to your MySQL server version for the right syntax to use near 'VAR_SAMP (i int)' at line 1")
===file:syntax/identifiers.sql, id:205, sql:[CREATE TABLE `interval` (begin INT, end INT)]===
dble:[None]
mysql:[()]
[03:58:44.876281]dble err :(1064, 'error pos 30, line 1, column 26, token BEGIN')
===file:syntax/identifiers.sql, id:206, sql:[drop table if exists mytest.interval]===
dble:[None]
mysql:[()]
[03:58:44.944698]dble err :(1064, "You have an error in your SQL syntax; check the manual that corresponds to your MySQL server version for the right syntax to use near 'interval' at line 1")
===file:syntax/identifiers.sql, id:207, sql:[CREATE TABLE mytest.interval (begin INT, end INT)]===
dble:[None]
mysql:[()]
[03:58:44.982435]dble err :(1064, 'error pos 35, line 1, column 31, token BEGIN')
===file:syntax/identifiers.sql, id:215, sql:[EXECUTE stmt]===
dble:[[(', @c, ',), (', @c, ',), (', @c, ',)]]
mysql:[[(1L,), (2L,), (3L,)]]
===file:syntax/identifiers.sql, id:233, sql:[SELECT left_tbl.* FROM { OJ left_tbl LEFT OUTER JOIN right_tbl ON left_tbl.id = right_tbl.id } WHERE right_tbl.id IS NULL]===
dble:[None]
mysql:[((1L,),)]
[03:58:46.723799]dble err :(1064, 'ERROR. pos 24, line 1, column 24, token LBRACE')
===file:syntax/identifiers.sql, id:249, sql:[insert into mytest.company_user values (1, 'user1', '111111', 'action co.', 'limited', 'a company about managing database', NULL, 20131231)]===
dble:[None]
mysql:[()]
[03:58:47.774137]dble err :(1146, "Table 'mytest.company_user' doesn't exist")
===file:syntax/identifiers.sql, id:252, sql:[load data infile '/tmp/outfile.txt' into table mytest.tb_outfile FIELDS TERMINATED BY ',' OPTIONALLY ENCLOSED BY '"' LINES TERMINATED BY '\n']===
dble:[None]
mysql:[()]
[03:58:48.136891]dble err :(1017, '/tmp/outfile.txt is not found!')
===file:syntax/identifiers.sql, id:253, sql:[select id, username from tb_outfile PROCEDURE ANALYSE(1, 1000)]===
dble:[None]
mysql:[(('mytest.tb_outfile.id', '1', '1', 1L, 1L, 0L, 0L, '1.0000', '0.0000', 'TINYINT(1) UNSIGNED NOT NULL'), ('mytest.tb_outfile.username', 'user1', 'user1', 5L, 5L, 0L, 0L, '5.0000', None, "ENUM('user1') NOT NULL"))]
[03:58:48.157195]dble err :(1064, 'TODO. pos 53, line 1, column 46, token IDENTIFIER ANALYSE')
===file:syntax/identifiers.sql, id:257, sql:[create table .drop(`order` int, `add` int)]===
dble:[None]
mysql:[()]
[03:58:48.856327]dble err :(1064, 'error pos 14, line 1, column 13, token DOT')
===file:syntax/identifiers.sql, id:258, sql:[insert into `drop`(`order`, `add`) values(1,1)]===
dble:[None]
mysql:[()]
[03:58:48.876512]dble err :(1146, "Table 'db3.drop' doesn't exist")
===file:syntax/identifiers.sql, id:259, sql:[insert into .drop(drop.order, drop.add) values(1,1)]===
dble:[None]
mysql:[()]
[03:58:49.046672]dble err :(1064, 'error pos 13, line 1, column 12, token DOT')
===file:syntax/identifiers.sql, id:260, sql:[insert into .drop(.drop.order, .drop.add) values(1,1)]===
dble:[None]
mysql:[()]
[03:58:49.244047]dble err :(1064, 'error pos 13, line 1, column 12, token DOT')
===file:syntax/identifiers.sql, id:261, sql:[insert into .drop(mytest.drop.order, mytest.drop.add) values(1,1)]===
dble:[None]
mysql:[()]
[03:58:49.508491]dble err :(1064, 'error pos 13, line 1, column 12, token DOT')
===file:syntax/identifiers.sql, id:262, sql:[select `order` from .drop]===
dble:[None]
mysql:[((1L,), (1L,), (1L,), (1L,))]
[03:58:49.528582]dble err :(1064, 'ERROR. pos 21, line 1, column 21, token DOT')
===file:syntax/identifiers.sql, id:263, sql:[select drop.order from .drop order by `add`]===
dble:[None]
mysql:[((1L,), (1L,), (1L,), (1L,))]
[03:58:49.610532]dble err :(1064, 'ERROR. pos 11, line 1, column 7, token DROP')
===file:syntax/identifiers.sql, id:264, sql:[select drop.order from .drop order by drop.add]===
dble:[None]
mysql:[((1L,), (1L,), (1L,), (1L,))]
[03:58:49.692439]dble err :(1064, 'ERROR. pos 11, line 1, column 7, token DROP')
===file:syntax/identifiers.sql, id:265, sql:[select drop.order from .drop order by .drop.add]===
dble:[None]
mysql:[((1L,), (1L,), (1L,), (1L,))]
[03:58:49.774701]dble err :(1064, 'ERROR. pos 11, line 1, column 7, token DROP')
