===file:syntax/insert_value.sql, id:26, sql:[insert into aly_test values (21,"""")]===
dble:[None]
mysql:[()]
[05:44:53.406272]dble err :(1064, 'syntax error')
===file:syntax/insert_value.sql, id:52, sql:[insert into aly_test values (21,"""")]===
dble:[None]
mysql:[()]
[05:44:55.570954]dble err :(1064, 'syntax error')
===file:syntax/insert_value.sql, id:78, sql:[insert into aly_test values (21,"""")]===
dble:[None]
mysql:[()]
[05:44:57.311022]dble err :(1064, 'syntax error')
===file:syntax/insert_value.sql, id:104, sql:[insert into aly_test values (21,"""")]===
dble:[None]
mysql:[()]
[05:44:59.025182]dble err :(1064, 'syntax error')
===file:syntax/insert_value.sql, id:130, sql:[insert into aly_test values (21,"""")]===
dble:[None]
mysql:[()]
[05:45:00.797304]dble err :(1064, 'syntax error')
===file:syntax/insert_value.sql, id:156, sql:[insert into aly_test values (21,"""")]===
dble:[None]
mysql:[()]
[05:45:02.480572]dble err :(1064, 'syntax error')
===file:syntax/insert_value.sql, id:182, sql:[insert into aly_test values (21,"""")]===
dble:[None]
mysql:[()]
[05:45:04.080488]dble err :(1064, 'syntax error')
===file:syntax/insert_value.sql, id:208, sql:[insert into aly_test values (21,"""")]===
dble:[None]
mysql:[()]
[05:45:05.719436]dble err :(1064, 'syntax error')
===file:syntax/insert_value.sql, id:234, sql:[insert into aly_test values (21,"""")]===
dble:[None]
mysql:[()]
[05:45:07.383722]dble err :(1064, 'syntax error')
===file:syntax/insert_value.sql, id:260, sql:[insert into aly_test values (21,"""")]===
dble:[None]
mysql:[()]
[05:45:09.015725]dble err :(1064, 'syntax error')
===file:syntax/insert_value.sql, id:286, sql:[insert into aly_test values (21,"""")]===
dble:[None]
mysql:[()]
[05:45:10.684209]dble err :(1064, 'syntax error')
===file:syntax/insert_value.sql, id:312, sql:[insert into aly_test values (21,"""")]===
dble:[None]
mysql:[()]
[05:45:12.332235]dble err :(1064, 'syntax error')
===file:syntax/insert_value.sql, id:317, sql:[insert into aly_test values (100, convert(NULL, binary))]===
dble:[None]
mysql:[()]
[05:45:12.843199]dble err :(1064, 'ERROR. token : RPAREN, pos : 55')
===file:syntax/insert_value.sql, id:318, sql:[insert into aly_test values (101, convert('', binary))]===
dble:[None]
mysql:[()]
[05:45:12.951068]dble err :(1064, 'ERROR. token : RPAREN, pos : 53')
===file:syntax/insert_value.sql, id:319, sql:[insert into aly_test values (102, convert(' ', binary))]===
dble:[None]
mysql:[()]
[05:45:12.993666]dble err :(1064, 'ERROR. token : RPAREN, pos : 54')
===file:syntax/insert_value.sql, id:320, sql:[insert into aly_test values (103, convert('a a a ', binary))]===
dble:[None]
mysql:[()]
[05:45:13.091326]dble err :(1064, 'ERROR. token : RPAREN, pos : 59')
===file:syntax/insert_value.sql, id:321, sql:[insert into aly_test values (104, convert('abcdefghijklmnopqrstuvwxyz', binary))]===
dble:[None]
mysql:[()]
[05:45:13.146326]dble err :(1064, 'ERROR. token : RPAREN, pos : 79')
===file:syntax/insert_value.sql, id:322, sql:[insert into aly_test values (105, convert('ABCDEFGHIJKLMNOPQRSTUVWXYZ', binary))]===
dble:[None]
mysql:[()]
[05:45:13.223382]dble err :(1064, 'ERROR. token : RPAREN, pos : 79')
===file:syntax/insert_value.sql, id:323, sql:[insert into aly_test values (106, convert('~`!@#$%^&*()-=_+{}[]|:/* uproxy_dest_expect:M */<>,.?/', binary))]===
dble:[None]
mysql:[()]
[05:45:13.299005]dble err :(1064, 'ERROR. token : RPAREN, pos : 107')
===file:syntax/insert_value.sql, id:324, sql:[insert into aly_test values (107, convert('1234567890', binary))]===
dble:[None]
mysql:[()]
[05:45:13.368141]dble err :(1064, 'ERROR. token : RPAREN, pos : 63')
===file:syntax/insert_value.sql, id:325, sql:[insert into aly_test values (108, convert(1234567890, binary))]===
dble:[None]
mysql:[()]
[05:45:13.470918]dble err :(1064, 'ERROR. token : RPAREN, pos : 61')
===file:syntax/insert_value.sql, id:326, sql:[insert into aly_test values (109, convert('数据库sql测试', binary))]===
dble:[None]
mysql:[()]
[05:45:13.512735]dble err :(1064, 'ERROR. token : RPAREN, pos : 71')
===file:syntax/insert_value.sql, id:327, sql:[insert into aly_test values (110, convert('·~！@#￥%……&*（）-=——+{}【】、|；‘：“，。/《》？', binary))]===
dble:[None]
mysql:[()]
[05:45:13.588954]dble err :(1064, 'ERROR. token : RPAREN, pos : 128')
===file:syntax/insert_value.sql, id:328, sql:[insert into aly_test values (111, convert(0x5061756c, binary))]===
dble:[None]
mysql:[()]
[05:45:13.664003]dble err :(1064, 'ERROR. token : RPAREN, pos : 61')
===file:syntax/insert_value.sql, id:329, sql:[insert into aly_test values (112, convert(x'4D7953514C', binary))]===
dble:[None]
mysql:[()]
[05:45:13.736619]dble err :(1064, 'ERROR. token : RPAREN, pos : 64')
===file:syntax/insert_value.sql, id:330, sql:[insert into aly_test values (113, convert('\0', binary))]===
dble:[None]
mysql:[()]
[05:45:13.808530]dble err :(1064, 'ERROR. token : RPAREN, pos : 55')
===file:syntax/insert_value.sql, id:331, sql:[insert into aly_test values (114, convert('\n', binary))]===
dble:[None]
mysql:[()]
[05:45:13.879000]dble err :(1064, 'ERROR. token : RPAREN, pos : 55')
===file:syntax/insert_value.sql, id:332, sql:[insert into aly_test values (115, convert('\t', binary))]===
dble:[None]
mysql:[()]
[05:45:13.977901]dble err :(1064, 'ERROR. token : RPAREN, pos : 55')
===file:syntax/insert_value.sql, id:333, sql:[insert into aly_test values (116, convert('\r', binary))]===
dble:[None]
mysql:[()]
[05:45:14.021614]dble err :(1064, 'ERROR. token : RPAREN, pos : 55')
===file:syntax/insert_value.sql, id:334, sql:[insert into aly_test values (117, convert('\b', binary))]===
dble:[None]
mysql:[()]
[05:45:14.093203]dble err :(1064, 'ERROR. token : RPAREN, pos : 55')
===file:syntax/insert_value.sql, id:335, sql:[insert into aly_test values (118, convert('\'', binary))]===
dble:[None]
mysql:[()]
[05:45:14.165803]dble err :(1064, 'ERROR. token : RPAREN, pos : 55')
===file:syntax/insert_value.sql, id:336, sql:[insert into aly_test values (119, convert('\"', binary))]===
dble:[None]
mysql:[()]
[05:45:14.236420]dble err :(1064, 'ERROR. token : RPAREN, pos : 55')
===file:syntax/insert_value.sql, id:337, sql:[insert into aly_test values (120, convert('''', binary))]===
dble:[None]
mysql:[()]
[05:45:14.349957]dble err :(1064, 'ERROR. token : RPAREN, pos : 55')
===file:syntax/insert_value.sql, id:338, sql:[insert into aly_test values (121, convert("""", binary))]===
dble:[None]
mysql:[()]
[05:45:14.406729]dble err :(1064, 'syntax error, expect RPAREN, actual LITERAL_ALIAS ')
===file:syntax/insert_value.sql, id:339, sql:[insert into aly_test values (122, convert('\\', binary))]===
dble:[None]
mysql:[()]
[05:45:14.468856]dble err :(1064, 'ERROR. token : RPAREN, pos : 55')
===file:syntax/insert_value.sql, id:343, sql:[insert into aly_test values (100, convert(NULL, binary))]===
dble:[None]
mysql:[()]
[05:45:14.881155]dble err :(1064, 'ERROR. token : RPAREN, pos : 55')
===file:syntax/insert_value.sql, id:344, sql:[insert into aly_test values (101, convert('', binary))]===
dble:[None]
mysql:[()]
[05:45:14.956106]dble err :(1064, 'ERROR. token : RPAREN, pos : 53')
===file:syntax/insert_value.sql, id:345, sql:[insert into aly_test values (102, convert(' ', binary))]===
dble:[None]
mysql:[()]
[05:45:15.057718]dble err :(1064, 'ERROR. token : RPAREN, pos : 54')
===file:syntax/insert_value.sql, id:346, sql:[insert into aly_test values (103, convert('a a a ', binary))]===
dble:[None]
mysql:[()]
[05:45:15.130078]dble err :(1064, 'ERROR. token : RPAREN, pos : 59')
===file:syntax/insert_value.sql, id:347, sql:[insert into aly_test values (104, convert('abcdefghijklmnopqrstuvwxyz', binary))]===
dble:[None]
mysql:[()]
[05:45:15.270051]dble err :(1064, 'ERROR. token : RPAREN, pos : 79')
===file:syntax/insert_value.sql, id:348, sql:[insert into aly_test values (105, convert('ABCDEFGHIJKLMNOPQRSTUVWXYZ', binary))]===
dble:[None]
mysql:[()]
[05:45:15.315194]dble err :(1064, 'ERROR. token : RPAREN, pos : 79')
===file:syntax/insert_value.sql, id:349, sql:[insert into aly_test values (106, convert('~`!@#$%^&*()-=_+{}[]|:/* uproxy_dest_expect:M */<>,.?/', binary))]===
dble:[None]
mysql:[()]
[05:45:15.388056]dble err :(1064, 'ERROR. token : RPAREN, pos : 107')
===file:syntax/insert_value.sql, id:350, sql:[insert into aly_test values (107, convert('1234567890', binary))]===
dble:[None]
mysql:[()]
[05:45:15.462838]dble err :(1064, 'ERROR. token : RPAREN, pos : 63')
===file:syntax/insert_value.sql, id:351, sql:[insert into aly_test values (108, convert(1234567890, binary))]===
dble:[None]
mysql:[()]
[05:45:15.542282]dble err :(1064, 'ERROR. token : RPAREN, pos : 61')
===file:syntax/insert_value.sql, id:352, sql:[insert into aly_test values (109, convert('数据库sql测试', binary))]===
dble:[None]
mysql:[()]
[05:45:15.615638]dble err :(1064, 'ERROR. token : RPAREN, pos : 71')
===file:syntax/insert_value.sql, id:353, sql:[insert into aly_test values (110, convert('·~！@#￥%……&*（）-=——+{}【】、|；‘：“，。/《》？', binary))]===
dble:[None]
mysql:[()]
[05:45:15.690925]dble err :(1064, 'ERROR. token : RPAREN, pos : 128')
===file:syntax/insert_value.sql, id:354, sql:[insert into aly_test values (111, convert(0x5061756c, binary))]===
dble:[None]
mysql:[()]
[05:45:15.764889]dble err :(1064, 'ERROR. token : RPAREN, pos : 61')
===file:syntax/insert_value.sql, id:355, sql:[insert into aly_test values (112, convert(x'4D7953514C', binary))]===
dble:[None]
mysql:[()]
[05:45:15.846130]dble err :(1064, 'ERROR. token : RPAREN, pos : 64')
===file:syntax/insert_value.sql, id:356, sql:[insert into aly_test values (113, convert('\0', binary))]===
dble:[None]
mysql:[()]
[05:45:15.923157]dble err :(1064, 'ERROR. token : RPAREN, pos : 55')
===file:syntax/insert_value.sql, id:357, sql:[insert into aly_test values (114, convert('\n', binary))]===
dble:[None]
mysql:[()]
[05:45:16.000870]dble err :(1064, 'ERROR. token : RPAREN, pos : 55')
===file:syntax/insert_value.sql, id:358, sql:[insert into aly_test values (115, convert('\t', binary))]===
dble:[None]
mysql:[()]
[05:45:16.129033]dble err :(1064, 'ERROR. token : RPAREN, pos : 55')
===file:syntax/insert_value.sql, id:359, sql:[insert into aly_test values (116, convert('\r', binary))]===
dble:[None]
mysql:[()]
[05:45:16.234642]dble err :(1064, 'ERROR. token : RPAREN, pos : 55')
===file:syntax/insert_value.sql, id:360, sql:[insert into aly_test values (117, convert('\b', binary))]===
dble:[None]
mysql:[()]
[05:45:16.325961]dble err :(1064, 'ERROR. token : RPAREN, pos : 55')
===file:syntax/insert_value.sql, id:361, sql:[insert into aly_test values (118, convert('\'', binary))]===
dble:[None]
mysql:[()]
[05:45:16.386084]dble err :(1064, 'ERROR. token : RPAREN, pos : 55')
===file:syntax/insert_value.sql, id:362, sql:[insert into aly_test values (119, convert('\"', binary))]===
dble:[None]
mysql:[()]
[05:45:16.449994]dble err :(1064, 'ERROR. token : RPAREN, pos : 55')
===file:syntax/insert_value.sql, id:363, sql:[insert into aly_test values (120, convert('''', binary))]===
dble:[None]
mysql:[()]
[05:45:16.524969]dble err :(1064, 'ERROR. token : RPAREN, pos : 55')
===file:syntax/insert_value.sql, id:364, sql:[insert into aly_test values (121, convert("""", binary))]===
dble:[None]
mysql:[()]
[05:45:16.704283]dble err :(1064, 'syntax error, expect RPAREN, actual LITERAL_ALIAS ')
===file:syntax/insert_value.sql, id:365, sql:[insert into aly_test values (122, convert('\\', binary))]===
dble:[None]
mysql:[()]
[05:45:16.753000]dble err :(1064, 'ERROR. token : RPAREN, pos : 55')
===file:syntax/insert_value.sql, id:369, sql:[insert into aly_test values (100, convert(NULL, binary))]===
dble:[None]
mysql:[()]
[05:45:17.067656]dble err :(1064, 'ERROR. token : RPAREN, pos : 55')
===file:syntax/insert_value.sql, id:370, sql:[insert into aly_test values (101, convert('', binary))]===
dble:[None]
mysql:[()]
[05:45:17.218836]dble err :(1064, 'ERROR. token : RPAREN, pos : 53')
===file:syntax/insert_value.sql, id:371, sql:[insert into aly_test values (102, convert(' ', binary))]===
dble:[None]
mysql:[()]
[05:45:17.259129]dble err :(1064, 'ERROR. token : RPAREN, pos : 54')
===file:syntax/insert_value.sql, id:372, sql:[insert into aly_test values (103, convert('a a a ', binary))]===
dble:[None]
mysql:[()]
[05:45:17.354718]dble err :(1064, 'ERROR. token : RPAREN, pos : 59')
===file:syntax/insert_value.sql, id:373, sql:[insert into aly_test values (104, convert('abcdefghijklmnopqrstuvwxyz', binary))]===
dble:[None]
mysql:[()]
[05:45:17.405803]dble err :(1064, 'ERROR. token : RPAREN, pos : 79')
===file:syntax/insert_value.sql, id:374, sql:[insert into aly_test values (105, convert('ABCDEFGHIJKLMNOPQRSTUVWXYZ', binary))]===
dble:[None]
mysql:[()]
[05:45:17.483157]dble err :(1064, 'ERROR. token : RPAREN, pos : 79')
===file:syntax/insert_value.sql, id:375, sql:[insert into aly_test values (106, convert('~`!@#$%^&*()-=_+{}[]|:/* uproxy_dest_expect:M */<>,.?/', binary))]===
dble:[None]
mysql:[()]
[05:45:17.567689]dble err :(1064, 'ERROR. token : RPAREN, pos : 107')
===file:syntax/insert_value.sql, id:376, sql:[insert into aly_test values (107, convert('1234567890', binary))]===
dble:[None]
mysql:[()]
[05:45:17.641163]dble err :(1064, 'ERROR. token : RPAREN, pos : 63')
===file:syntax/insert_value.sql, id:377, sql:[insert into aly_test values (108, convert(1234567890, binary))]===
dble:[None]
mysql:[()]
[05:45:17.727929]dble err :(1064, 'ERROR. token : RPAREN, pos : 61')
===file:syntax/insert_value.sql, id:378, sql:[insert into aly_test values (109, convert('数据库sql测试', binary))]===
dble:[None]
mysql:[()]
[05:45:17.795689]dble err :(1064, 'ERROR. token : RPAREN, pos : 71')
===file:syntax/insert_value.sql, id:379, sql:[insert into aly_test values (110, convert('·~！@#￥%……&*（）-=——+{}【】、|；‘：“，。/《》？', binary))]===
dble:[None]
mysql:[()]
[05:45:17.859416]dble err :(1064, 'ERROR. token : RPAREN, pos : 128')
===file:syntax/insert_value.sql, id:380, sql:[insert into aly_test values (111, convert(0x5061756c, binary))]===
dble:[None]
mysql:[()]
[05:45:17.917214]dble err :(1064, 'ERROR. token : RPAREN, pos : 61')
===file:syntax/insert_value.sql, id:381, sql:[insert into aly_test values (112, convert(x'4D7953514C', binary))]===
dble:[None]
mysql:[()]
[05:45:18.007819]dble err :(1064, 'ERROR. token : RPAREN, pos : 64')
===file:syntax/insert_value.sql, id:382, sql:[insert into aly_test values (113, convert('\0', binary))]===
dble:[None]
mysql:[()]
[05:45:18.098270]dble err :(1064, 'ERROR. token : RPAREN, pos : 55')
===file:syntax/insert_value.sql, id:383, sql:[insert into aly_test values (114, convert('\n', binary))]===
dble:[None]
mysql:[()]
[05:45:18.239683]dble err :(1064, 'ERROR. token : RPAREN, pos : 55')
===file:syntax/insert_value.sql, id:384, sql:[insert into aly_test values (115, convert('\t', binary))]===
dble:[None]
mysql:[()]
[05:45:18.266750]dble err :(1064, 'ERROR. token : RPAREN, pos : 55')
===file:syntax/insert_value.sql, id:385, sql:[insert into aly_test values (116, convert('\r', binary))]===
dble:[None]
mysql:[()]
[05:45:18.456054]dble err :(1064, 'ERROR. token : RPAREN, pos : 55')
===file:syntax/insert_value.sql, id:386, sql:[insert into aly_test values (117, convert('\b', binary))]===
dble:[None]
mysql:[()]
[05:45:18.484811]dble err :(1064, 'ERROR. token : RPAREN, pos : 55')
===file:syntax/insert_value.sql, id:387, sql:[insert into aly_test values (118, convert('\'', binary))]===
dble:[None]
mysql:[()]
[05:45:18.547137]dble err :(1064, 'ERROR. token : RPAREN, pos : 55')
===file:syntax/insert_value.sql, id:388, sql:[insert into aly_test values (119, convert('\"', binary))]===
dble:[None]
mysql:[()]
[05:45:18.608779]dble err :(1064, 'ERROR. token : RPAREN, pos : 55')
===file:syntax/insert_value.sql, id:389, sql:[insert into aly_test values (120, convert('''', binary))]===
dble:[None]
mysql:[()]
[05:45:18.667407]dble err :(1064, 'ERROR. token : RPAREN, pos : 55')
===file:syntax/insert_value.sql, id:390, sql:[insert into aly_test values (121, convert("""", binary))]===
dble:[None]
mysql:[()]
[05:45:18.760047]dble err :(1064, 'syntax error, expect RPAREN, actual LITERAL_ALIAS ')
===file:syntax/insert_value.sql, id:391, sql:[insert into aly_test values (122, convert('\\', binary))]===
dble:[None]
mysql:[()]
[05:45:18.819567]dble err :(1064, 'ERROR. token : RPAREN, pos : 55')
===file:syntax/insert_value.sql, id:395, sql:[insert into aly_test values (100, convert(NULL, binary))]===
dble:[None]
mysql:[()]
[05:45:19.021385]dble err :(1064, 'ERROR. token : RPAREN, pos : 55')
===file:syntax/insert_value.sql, id:396, sql:[insert into aly_test values (101, convert('', binary))]===
dble:[None]
mysql:[()]
[05:45:19.120499]dble err :(1064, 'ERROR. token : RPAREN, pos : 53')
===file:syntax/insert_value.sql, id:397, sql:[insert into aly_test values (102, convert(' ', binary))]===
dble:[None]
mysql:[()]
[05:45:19.182804]dble err :(1064, 'ERROR. token : RPAREN, pos : 54')
===file:syntax/insert_value.sql, id:398, sql:[insert into aly_test values (103, convert('a a a ', binary))]===
dble:[None]
mysql:[()]
[05:45:19.320389]dble err :(1064, 'ERROR. token : RPAREN, pos : 59')
===file:syntax/insert_value.sql, id:399, sql:[insert into aly_test values (104, convert('abcdefghijklmnopqrstuvwxyz', binary))]===
dble:[None]
mysql:[()]
[05:45:19.350233]dble err :(1064, 'ERROR. token : RPAREN, pos : 79')
===file:syntax/insert_value.sql, id:400, sql:[insert into aly_test values (105, convert('ABCDEFGHIJKLMNOPQRSTUVWXYZ', binary))]===
dble:[None]
mysql:[()]
[05:45:19.517310]dble err :(1064, 'ERROR. token : RPAREN, pos : 79')
===file:syntax/insert_value.sql, id:401, sql:[insert into aly_test values (106, convert('~`!@#$%^&*()-=_+{}[]|:/* uproxy_dest_expect:M */<>,.?/', binary))]===
dble:[None]
mysql:[()]
[05:45:19.551756]dble err :(1064, 'ERROR. token : RPAREN, pos : 107')
===file:syntax/insert_value.sql, id:402, sql:[insert into aly_test values (107, convert('1234567890', binary))]===
dble:[None]
mysql:[()]
[05:45:19.613503]dble err :(1064, 'ERROR. token : RPAREN, pos : 63')
===file:syntax/insert_value.sql, id:403, sql:[insert into aly_test values (108, convert(1234567890, binary))]===
dble:[None]
mysql:[()]
[05:45:19.704383]dble err :(1064, 'ERROR. token : RPAREN, pos : 61')
===file:syntax/insert_value.sql, id:404, sql:[insert into aly_test values (109, convert('数据库sql测试', binary))]===
dble:[None]
mysql:[()]
[05:45:19.794156]dble err :(1064, 'ERROR. token : RPAREN, pos : 71')
===file:syntax/insert_value.sql, id:405, sql:[insert into aly_test values (110, convert('·~！@#￥%……&*（）-=——+{}【】、|；‘：“，。/《》？', binary))]===
dble:[None]
mysql:[()]
[05:45:19.912204]dble err :(1064, 'ERROR. token : RPAREN, pos : 128')
===file:syntax/insert_value.sql, id:406, sql:[insert into aly_test values (111, convert(0x5061756c, binary))]===
dble:[None]
mysql:[()]
[05:45:19.946519]dble err :(1064, 'ERROR. token : RPAREN, pos : 61')
===file:syntax/insert_value.sql, id:407, sql:[insert into aly_test values (112, convert(x'4D7953514C', binary))]===
dble:[None]
mysql:[()]
[05:45:20.043253]dble err :(1064, 'ERROR. token : RPAREN, pos : 64')
===file:syntax/insert_value.sql, id:408, sql:[insert into aly_test values (113, convert('\0', binary))]===
dble:[None]
mysql:[()]
[05:45:20.132266]dble err :(1064, 'ERROR. token : RPAREN, pos : 55')
===file:syntax/insert_value.sql, id:409, sql:[insert into aly_test values (114, convert('\n', binary))]===
dble:[None]
mysql:[()]
[05:45:20.180491]dble err :(1064, 'ERROR. token : RPAREN, pos : 55')
===file:syntax/insert_value.sql, id:410, sql:[insert into aly_test values (115, convert('\t', binary))]===
dble:[None]
mysql:[()]
[05:45:20.244828]dble err :(1064, 'ERROR. token : RPAREN, pos : 55')
===file:syntax/insert_value.sql, id:411, sql:[insert into aly_test values (116, convert('\r', binary))]===
dble:[None]
mysql:[()]
[05:45:20.303330]dble err :(1064, 'ERROR. token : RPAREN, pos : 55')
===file:syntax/insert_value.sql, id:412, sql:[insert into aly_test values (117, convert('\b', binary))]===
dble:[None]
mysql:[()]
[05:45:20.391728]dble err :(1064, 'ERROR. token : RPAREN, pos : 55')
===file:syntax/insert_value.sql, id:413, sql:[insert into aly_test values (118, convert('\'', binary))]===
dble:[None]
mysql:[()]
[05:45:20.483096]dble err :(1064, 'ERROR. token : RPAREN, pos : 55')
===file:syntax/insert_value.sql, id:414, sql:[insert into aly_test values (119, convert('\"', binary))]===
dble:[None]
mysql:[()]
[05:45:20.704720]dble err :(1064, 'ERROR. token : RPAREN, pos : 55')
===file:syntax/insert_value.sql, id:415, sql:[insert into aly_test values (120, convert('''', binary))]===
dble:[None]
mysql:[()]
[05:45:20.733720]dble err :(1064, 'ERROR. token : RPAREN, pos : 55')
===file:syntax/insert_value.sql, id:416, sql:[insert into aly_test values (121, convert("""", binary))]===
dble:[None]
mysql:[()]
[05:45:20.791364]dble err :(1064, 'syntax error, expect RPAREN, actual LITERAL_ALIAS ')
===file:syntax/insert_value.sql, id:417, sql:[insert into aly_test values (122, convert('\\', binary))]===
dble:[None]
mysql:[()]
[05:45:20.881166]dble err :(1064, 'ERROR. token : RPAREN, pos : 55')
===file:syntax/insert_value.sql, id:421, sql:[insert into aly_test values (100, convert(NULL, binary))]===
dble:[None]
mysql:[()]
[05:45:21.168170]dble err :(1064, 'ERROR. token : RPAREN, pos : 55')
===file:syntax/insert_value.sql, id:422, sql:[insert into aly_test values (101, convert('', binary))]===
dble:[None]
mysql:[()]
[05:45:21.195738]dble err :(1064, 'ERROR. token : RPAREN, pos : 53')
===file:syntax/insert_value.sql, id:423, sql:[insert into aly_test values (102, convert(' ', binary))]===
dble:[None]
mysql:[()]
[05:45:21.296505]dble err :(1064, 'ERROR. token : RPAREN, pos : 54')
===file:syntax/insert_value.sql, id:424, sql:[insert into aly_test values (103, convert('a a a ', binary))]===
dble:[None]
mysql:[()]
[05:45:21.355406]dble err :(1064, 'ERROR. token : RPAREN, pos : 59')
===file:syntax/insert_value.sql, id:425, sql:[insert into aly_test values (104, convert('abcdefghijklmnopqrstuvwxyz', binary))]===
dble:[None]
mysql:[()]
[05:45:21.491707]dble err :(1064, 'ERROR. token : RPAREN, pos : 79')
===file:syntax/insert_value.sql, id:426, sql:[insert into aly_test values (105, convert('ABCDEFGHIJKLMNOPQRSTUVWXYZ', binary))]===
dble:[None]
mysql:[()]
[05:45:21.519106]dble err :(1064, 'ERROR. token : RPAREN, pos : 79')
===file:syntax/insert_value.sql, id:427, sql:[insert into aly_test values (106, convert('~`!@#$%^&*()-=_+{}[]|:/* uproxy_dest_expect:M */<>,.?/', binary))]===
dble:[None]
mysql:[()]
[05:45:21.893025]dble err :(1064, 'ERROR. token : RPAREN, pos : 107')
===file:syntax/insert_value.sql, id:428, sql:[insert into aly_test values (107, convert('1234567890', binary))]===
dble:[None]
mysql:[()]
[05:45:21.988563]dble err :(1064, 'ERROR. token : RPAREN, pos : 63')
===file:syntax/insert_value.sql, id:429, sql:[insert into aly_test values (108, convert(1234567890, binary))]===
dble:[None]
mysql:[()]
[05:45:22.024037]dble err :(1064, 'ERROR. token : RPAREN, pos : 61')
===file:syntax/insert_value.sql, id:430, sql:[insert into aly_test values (109, convert('数据库sql测试', binary))]===
dble:[None]
mysql:[()]
[05:45:22.083247]dble err :(1064, 'ERROR. token : RPAREN, pos : 71')
===file:syntax/insert_value.sql, id:431, sql:[insert into aly_test values (110, convert('·~！@#￥%……&*（）-=——+{}【】、|；‘：“，。/《》？', binary))]===
dble:[None]
mysql:[()]
[05:45:22.172130]dble err :(1064, 'ERROR. token : RPAREN, pos : 128')
===file:syntax/insert_value.sql, id:432, sql:[insert into aly_test values (111, convert(0x5061756c, binary))]===
dble:[None]
mysql:[()]
[05:45:22.201662]dble err :(1064, 'ERROR. token : RPAREN, pos : 61')
===file:syntax/insert_value.sql, id:433, sql:[insert into aly_test values (112, convert(x'4D7953514C', binary))]===
dble:[None]
mysql:[()]
[05:45:22.293161]dble err :(1064, 'ERROR. token : RPAREN, pos : 64')
===file:syntax/insert_value.sql, id:434, sql:[insert into aly_test values (113, convert('\0', binary))]===
dble:[None]
mysql:[()]
[05:45:22.384663]dble err :(1064, 'ERROR. token : RPAREN, pos : 55')
===file:syntax/insert_value.sql, id:435, sql:[insert into aly_test values (114, convert('\n', binary))]===
dble:[None]
mysql:[()]
[05:45:22.475203]dble err :(1064, 'ERROR. token : RPAREN, pos : 55')
===file:syntax/insert_value.sql, id:436, sql:[insert into aly_test values (115, convert('\t', binary))]===
dble:[None]
mysql:[()]
[05:45:22.575707]dble err :(1064, 'ERROR. token : RPAREN, pos : 55')
===file:syntax/insert_value.sql, id:437, sql:[insert into aly_test values (116, convert('\r', binary))]===
dble:[None]
mysql:[()]
[05:45:22.637309]dble err :(1064, 'ERROR. token : RPAREN, pos : 55')
===file:syntax/insert_value.sql, id:438, sql:[insert into aly_test values (117, convert('\b', binary))]===
dble:[None]
mysql:[()]
[05:45:22.696673]dble err :(1064, 'ERROR. token : RPAREN, pos : 55')
===file:syntax/insert_value.sql, id:439, sql:[insert into aly_test values (118, convert('\'', binary))]===
dble:[None]
mysql:[()]
[05:45:22.851222]dble err :(1064, 'ERROR. token : RPAREN, pos : 55')
===file:syntax/insert_value.sql, id:440, sql:[insert into aly_test values (119, convert('\"', binary))]===
dble:[None]
mysql:[()]
[05:45:22.883727]dble err :(1064, 'ERROR. token : RPAREN, pos : 55')
===file:syntax/insert_value.sql, id:441, sql:[insert into aly_test values (120, convert('''', binary))]===
dble:[None]
mysql:[()]
[05:45:22.943173]dble err :(1064, 'ERROR. token : RPAREN, pos : 55')
===file:syntax/insert_value.sql, id:442, sql:[insert into aly_test values (121, convert("""", binary))]===
dble:[None]
mysql:[()]
[05:45:23.013050]dble err :(1064, 'syntax error, expect RPAREN, actual LITERAL_ALIAS ')
===file:syntax/insert_value.sql, id:443, sql:[insert into aly_test values (122, convert('\\', binary))]===
dble:[None]
mysql:[()]
[05:45:23.114838]dble err :(1064, 'ERROR. token : RPAREN, pos : 55')
===file:syntax/insert_value.sql, id:447, sql:[insert into aly_test values (100, convert(NULL, binary))]===
dble:[None]
mysql:[()]
[05:45:23.268320]dble err :(1064, 'ERROR. token : RPAREN, pos : 55')
===file:syntax/insert_value.sql, id:448, sql:[insert into aly_test values (101, convert('', binary))]===
dble:[None]
mysql:[()]
[05:45:23.360029]dble err :(1064, 'ERROR. token : RPAREN, pos : 53')
===file:syntax/insert_value.sql, id:449, sql:[insert into aly_test values (102, convert(' ', binary))]===
dble:[None]
mysql:[()]
[05:45:23.453162]dble err :(1064, 'ERROR. token : RPAREN, pos : 54')
===file:syntax/insert_value.sql, id:450, sql:[insert into aly_test values (103, convert('a a a ', binary))]===
dble:[None]
mysql:[()]
[05:45:23.585925]dble err :(1064, 'ERROR. token : RPAREN, pos : 59')
===file:syntax/insert_value.sql, id:451, sql:[insert into aly_test values (104, convert('abcdefghijklmnopqrstuvwxyz', binary))]===
dble:[None]
mysql:[()]
[05:45:23.623554]dble err :(1064, 'ERROR. token : RPAREN, pos : 79')
===file:syntax/insert_value.sql, id:452, sql:[insert into aly_test values (105, convert('ABCDEFGHIJKLMNOPQRSTUVWXYZ', binary))]===
dble:[None]
mysql:[()]
[05:45:23.776391]dble err :(1064, 'ERROR. token : RPAREN, pos : 79')
===file:syntax/insert_value.sql, id:453, sql:[insert into aly_test values (106, convert('~`!@#$%^&*()-=_+{}[]|:/* uproxy_dest_expect:M */<>,.?/', binary))]===
dble:[None]
mysql:[()]
[05:45:23.808835]dble err :(1064, 'ERROR. token : RPAREN, pos : 107')
===file:syntax/insert_value.sql, id:454, sql:[insert into aly_test values (107, convert('1234567890', binary))]===
dble:[None]
mysql:[()]
[05:45:23.866686]dble err :(1064, 'ERROR. token : RPAREN, pos : 63')
===file:syntax/insert_value.sql, id:455, sql:[insert into aly_test values (108, convert(1234567890, binary))]===
dble:[None]
mysql:[()]
[05:45:23.975525]dble err :(1064, 'ERROR. token : RPAREN, pos : 61')
===file:syntax/insert_value.sql, id:456, sql:[insert into aly_test values (109, convert('数据库sql测试', binary))]===
dble:[None]
mysql:[()]
[05:45:24.019762]dble err :(1064, 'ERROR. token : RPAREN, pos : 71')
===file:syntax/insert_value.sql, id:457, sql:[insert into aly_test values (110, convert('·~！@#￥%……&*（）-=——+{}【】、|；‘：“，。/《》？', binary))]===
dble:[None]
mysql:[()]
[05:45:24.079171]dble err :(1064, 'ERROR. token : RPAREN, pos : 128')
===file:syntax/insert_value.sql, id:458, sql:[insert into aly_test values (111, convert(0x5061756c, binary))]===
dble:[None]
mysql:[()]
[05:45:24.199561]dble err :(1064, 'ERROR. token : RPAREN, pos : 61')
===file:syntax/insert_value.sql, id:459, sql:[insert into aly_test values (112, convert(x'4D7953514C', binary))]===
dble:[None]
mysql:[()]
[05:45:24.240152]dble err :(1064, 'ERROR. token : RPAREN, pos : 64')
===file:syntax/insert_value.sql, id:460, sql:[insert into aly_test values (113, convert('\0', binary))]===
dble:[None]
mysql:[()]
[05:45:24.297116]dble err :(1064, 'ERROR. token : RPAREN, pos : 55')
===file:syntax/insert_value.sql, id:461, sql:[insert into aly_test values (114, convert('\n', binary))]===
dble:[None]
mysql:[()]
[05:45:24.387454]dble err :(1064, 'ERROR. token : RPAREN, pos : 55')
===file:syntax/insert_value.sql, id:462, sql:[insert into aly_test values (115, convert('\t', binary))]===
dble:[None]
mysql:[()]
[05:45:24.477757]dble err :(1064, 'ERROR. token : RPAREN, pos : 55')
===file:syntax/insert_value.sql, id:463, sql:[insert into aly_test values (116, convert('\r', binary))]===
dble:[None]
mysql:[()]
[05:45:24.554261]dble err :(1064, 'ERROR. token : RPAREN, pos : 55')
===file:syntax/insert_value.sql, id:464, sql:[insert into aly_test values (117, convert('\b', binary))]===
dble:[None]
mysql:[()]
[05:45:24.596457]dble err :(1064, 'ERROR. token : RPAREN, pos : 55')
===file:syntax/insert_value.sql, id:465, sql:[insert into aly_test values (118, convert('\'', binary))]===
dble:[None]
mysql:[()]
[05:45:24.715121]dble err :(1064, 'ERROR. token : RPAREN, pos : 55')
===file:syntax/insert_value.sql, id:466, sql:[insert into aly_test values (119, convert('\"', binary))]===
dble:[None]
mysql:[()]
[05:45:24.759761]dble err :(1064, 'ERROR. token : RPAREN, pos : 55')
===file:syntax/insert_value.sql, id:467, sql:[insert into aly_test values (120, convert('''', binary))]===
dble:[None]
mysql:[()]
[05:45:24.819631]dble err :(1064, 'ERROR. token : RPAREN, pos : 55')
===file:syntax/insert_value.sql, id:468, sql:[insert into aly_test values (121, convert("""", binary))]===
dble:[None]
mysql:[()]
[05:45:24.880053]dble err :(1064, 'syntax error, expect RPAREN, actual LITERAL_ALIAS ')
===file:syntax/insert_value.sql, id:469, sql:[insert into aly_test values (122, convert('\\', binary))]===
dble:[None]
mysql:[()]
[05:45:24.938823]dble err :(1064, 'ERROR. token : RPAREN, pos : 55')
