===file:syntax/prepare.sql, id:9, sql:[execute pre_test]===
mysql err:(1243, 'Unknown prepared statement handler (pre_test) given to EXECUTE')
dble err[05:10:54.254187] :(1243, 'Unknown prepared statement handlerPRE_TEST given to EXECUTE')
===file:syntax/prepare.sql, id:11, sql:[drop prepare pre_test]===
mysql err:(1243, 'Unknown prepared statement handler (pre_test) given to DEALLOCATE PREPARE')
dble err[05:10:54.647527] :(1243, 'Unknown prepared statement handlerPRE_TEST given to DEALLOCATE PREPARE')
===file:syntax/prepare.sql, id:13, sql:[execute pre_test]===
mysql err:(1243, 'Unknown prepared statement handler (pre_test) given to EXECUTE')
dble err[05:10:55.040543] :(1243, 'Unknown prepared statement handlerPRE_TEST given to EXECUTE')
===file:syntax/prepare.sql, id:15, sql:[drop prepare pre_test]===
mysql err:(1243, 'Unknown prepared statement handler (pre_test) given to DEALLOCATE PREPARE')
dble err[05:10:55.382306] :(1243, 'Unknown prepared statement handlerPRE_TEST given to DEALLOCATE PREPARE')
===file:syntax/prepare.sql, id:17, sql:[execute pre_test]===
mysql err:(1243, 'Unknown prepared statement handler (pre_test) given to EXECUTE')
dble err[05:10:55.751586] :(1243, 'Unknown prepared statement handlerPRE_TEST given to EXECUTE')
===file:syntax/prepare.sql, id:20, sql:[drop prepare pre_test]===
mysql err:(1243, 'Unknown prepared statement handler (pre_test) given to DEALLOCATE PREPARE')
dble err[05:10:56.316587] :(1243, 'Unknown prepared statement handlerPRE_TEST given to DEALLOCATE PREPARE')
===file:syntax/prepare.sql, id:22, sql:[execute pre_test]===
mysql err:(1243, 'Unknown prepared statement handler (pre_test) given to EXECUTE')
dble err[05:10:56.732750] :(1243, 'Unknown prepared statement handlerPRE_TEST given to EXECUTE')
===file:syntax/prepare.sql, id:25, sql:[drop prepare pre_test]===
mysql err:(1243, 'Unknown prepared statement handler (pre_test) given to DEALLOCATE PREPARE')
dble err[05:10:57.353250] :(1243, 'Unknown prepared statement handlerPRE_TEST given to DEALLOCATE PREPARE')
===file:syntax/prepare.sql, id:27, sql:[execute pre_test]===
mysql err:(1243, 'Unknown prepared statement handler (pre_test) given to EXECUTE')
dble err[05:10:57.731984] :(1243, 'Unknown prepared statement handlerPRE_TEST given to EXECUTE')
===file:syntax/prepare.sql, id:30, sql:[drop prepare pre_test]===
mysql err:(1243, 'Unknown prepared statement handler (pre_test) given to DEALLOCATE PREPARE')
dble err[05:10:58.330635] :(1243, 'Unknown prepared statement handlerPRE_TEST given to DEALLOCATE PREPARE')
===file:syntax/prepare.sql, id:32, sql:[execute pre_test]===
mysql err:(1243, 'Unknown prepared statement handler (pre_test) given to EXECUTE')
dble err[05:10:58.765843] :(1243, 'Unknown prepared statement handlerPRE_TEST given to EXECUTE')
===file:syntax/prepare.sql, id:34, sql:[drop prepare pre_test]===
mysql err:(1243, 'Unknown prepared statement handler (pre_test) given to DEALLOCATE PREPARE')
dble err[05:10:59.159959] :(1243, 'Unknown prepared statement handlerPRE_TEST given to DEALLOCATE PREPARE')
===file:syntax/prepare.sql, id:45, sql:[execute pre_test]===
mysql err:(1243, 'Unknown prepared statement handler (pre_test) given to EXECUTE')
dble err[05:10:59.535018] :(1243, 'Unknown prepared statement handlerPRE_TEST given to EXECUTE')
===file:syntax/prepare.sql, id:47, sql:[drop prepare pre_test]===
mysql err:(1243, 'Unknown prepared statement handler (pre_test) given to DEALLOCATE PREPARE')
dble err[05:10:59.903863] :(1243, 'Unknown prepared statement handlerPRE_TEST given to DEALLOCATE PREPARE')
===file:syntax/prepare.sql, id:49, sql:[execute pre_test]===
mysql err:(1243, 'Unknown prepared statement handler (pre_test) given to EXECUTE')
dble err[05:11:00.332513] :(1243, 'Unknown prepared statement handlerPRE_TEST given to EXECUTE')
===file:syntax/prepare.sql, id:51, sql:[drop prepare pre_test]===
mysql err:(1243, 'Unknown prepared statement handler (pre_test) given to DEALLOCATE PREPARE')
dble err[05:11:00.757532] :(1243, 'Unknown prepared statement handlerPRE_TEST given to DEALLOCATE PREPARE')
===file:syntax/prepare.sql, id:53, sql:[execute pre_test]===
mysql err:(1243, 'Unknown prepared statement handler (pre_test) given to EXECUTE')
dble err[05:11:01.150909] :(1243, 'Unknown prepared statement handlerPRE_TEST given to EXECUTE')
===file:syntax/prepare.sql, id:55, sql:[drop prepare pre_test]===
mysql err:(1243, 'Unknown prepared statement handler (pre_test) given to DEALLOCATE PREPARE')
dble err[05:11:01.567512] :(1243, 'Unknown prepared statement handlerPRE_TEST given to DEALLOCATE PREPARE')
===file:syntax/prepare.sql, id:59, sql:[execute pre_test]===
mysql err:(1243, 'Unknown prepared statement handler (pre_test) given to EXECUTE')
dble err[05:11:02.431353] :(1243, 'Unknown prepared statement handlerPRE_TEST given to EXECUTE')
===file:syntax/prepare.sql, id:61, sql:[drop prepare pre_test]===
mysql err:(1243, 'Unknown prepared statement handler (pre_test) given to DEALLOCATE PREPARE')
dble err[05:11:02.829003] :(1243, 'Unknown prepared statement handlerPRE_TEST given to DEALLOCATE PREPARE')
===file:syntax/prepare.sql, id:65, sql:[execute pre_test]===
mysql err:(1243, 'Unknown prepared statement handler (pre_test) given to EXECUTE')
dble err[05:11:03.645071] :(1243, 'Unknown prepared statement handlerPRE_TEST given to EXECUTE')
===file:syntax/prepare.sql, id:67, sql:[drop prepare pre_test]===
mysql err:(1243, 'Unknown prepared statement handler (pre_test) given to DEALLOCATE PREPARE')
dble err[05:11:04.065650] :(1243, 'Unknown prepared statement handlerPRE_TEST given to DEALLOCATE PREPARE')
===file:syntax/prepare.sql, id:81, sql:[execute pre_test]===
mysql err:(1243, 'Unknown prepared statement handler (pre_test) given to EXECUTE')
dble err[05:11:06.352737] :(1243, 'Unknown prepared statement handlerPRE_TEST given to EXECUTE')
===file:syntax/prepare.sql, id:82, sql:[select * from view_test]===
mysql err:(1146, "Table 'mytest.view_test' doesn't exist")
dble err[05:11:06.572170] :(1146, "Table 'db3.view_test' doesn't exist")
===file:syntax/prepare.sql, id:83, sql:[drop view view_test]===
mysql err:(1051, "Unknown table 'mytest.view_test'")
dble err[05:11:06.738758] :(1051, " Unknown table 'view_test'")
===file:syntax/prepare.sql, id:84, sql:[drop prepare pre_test]===
mysql err:(1243, 'Unknown prepared statement handler (pre_test) given to DEALLOCATE PREPARE')
dble err[05:11:06.938402] :(1243, 'Unknown prepared statement handlerPRE_TEST given to DEALLOCATE PREPARE')
===file:syntax/prepare.sql, id:86, sql:[execute pre_test]===
mysql err:(1243, 'Unknown prepared statement handler (pre_test) given to EXECUTE')
dble err[05:11:07.346093] :(1243, 'Unknown prepared statement handlerPRE_TEST given to EXECUTE')
===file:syntax/prepare.sql, id:87, sql:[select * from view_test]===
mysql err:(1146, "Table 'mytest.view_test' doesn't exist")
dble err[05:11:07.552437] :(1146, "Table 'db3.view_test' doesn't exist")
===file:syntax/prepare.sql, id:88, sql:[drop view view_test]===
mysql err:(1051, "Unknown table 'mytest.view_test'")
dble err[05:11:07.751231] :(1051, " Unknown table 'view_test'")
===file:syntax/prepare.sql, id:89, sql:[drop prepare pre_test]===
mysql err:(1243, 'Unknown prepared statement handler (pre_test) given to DEALLOCATE PREPARE')
dble err[05:11:07.944083] :(1243, 'Unknown prepared statement handlerPRE_TEST given to DEALLOCATE PREPARE')
===file:syntax/prepare.sql, id:98, sql:[execute pre_test]===
mysql err:(1243, 'Unknown prepared statement handler (pre_test) given to EXECUTE')
dble err[05:11:09.366108] :(1243, 'Unknown prepared statement handlerPRE_TEST given to EXECUTE')
===file:syntax/prepare.sql, id:100, sql:[drop prepare pre_test]===
mysql err:(1243, 'Unknown prepared statement handler (pre_test) given to DEALLOCATE PREPARE')
dble err[05:11:09.882908] :(1243, 'Unknown prepared statement handlerPRE_TEST given to DEALLOCATE PREPARE')
===file:syntax/prepare.sql, id:106, sql:[execute pre_test]===
mysql err:(1243, 'Unknown prepared statement handler (pre_test) given to EXECUTE')
dble err[05:11:10.525838] :(1243, 'Unknown prepared statement handlerPRE_TEST given to EXECUTE')
===file:syntax/prepare.sql, id:109, sql:[drop prepare pre_test]===
mysql err:(1243, 'Unknown prepared statement handler (pre_test) given to DEALLOCATE PREPARE')
dble err[05:11:11.143921] :(1243, 'Unknown prepared statement handlerPRE_TEST given to DEALLOCATE PREPARE')
===file:syntax/prepare.sql, id:111, sql:[execute pre_test]===
mysql err:(1243, 'Unknown prepared statement handler (pre_test) given to EXECUTE')
dble err[05:11:11.634385] :(1243, 'Unknown prepared statement handlerPRE_TEST given to EXECUTE')
===file:syntax/prepare.sql, id:115, sql:[drop prepare pre_test]===
mysql err:(1243, 'Unknown prepared statement handler (pre_test) given to DEALLOCATE PREPARE')
dble err[05:11:12.453816] :(1243, 'Unknown prepared statement handlerPRE_TEST given to DEALLOCATE PREPARE')
===file:syntax/prepare.sql, id:121, sql:[execute pre_test using @a,@b,@c,@d]===
mysql err:(1243, 'Unknown prepared statement handler (pre_test) given to EXECUTE')
dble err[05:11:13.052659] :(1243, 'Unknown prepared statement handlerPRE_TEST given to EXECUTE')
===file:syntax/prepare.sql, id:124, sql:[execute pre_test using @a,@b,@c,@d]===
mysql err:(1243, 'Unknown prepared statement handler (pre_test) given to EXECUTE')
dble err[05:11:13.679676] :(1243, 'Unknown prepared statement handlerPRE_TEST given to EXECUTE')
===file:syntax/prepare.sql, id:126, sql:[drop prepare pre_test]===
mysql err:(1243, 'Unknown prepared statement handler (pre_test) given to DEALLOCATE PREPARE')
dble err[05:11:14.061866] :(1243, 'Unknown prepared statement handlerPRE_TEST given to DEALLOCATE PREPARE')
===file:syntax/prepare.sql, id:132, sql:[execute pre_test using @a,@b,@c,@d]===
mysql err:(1243, 'Unknown prepared statement handler (pre_test) given to EXECUTE')
dble err[05:11:14.656070] :(1243, 'Unknown prepared statement handlerPRE_TEST given to EXECUTE')
===file:syntax/prepare.sql, id:134, sql:[drop prepare pre_test]===
mysql err:(1243, 'Unknown prepared statement handler (pre_test) given to DEALLOCATE PREPARE')
dble err[05:11:15.032028] :(1243, 'Unknown prepared statement handlerPRE_TEST given to DEALLOCATE PREPARE')
===file:syntax/prepare.sql, id:139, sql:[execute pre_test]===
mysql err:(1243, 'Unknown prepared statement handler (pre_test) given to EXECUTE')
dble err[05:11:15.392746] :(1243, 'Unknown prepared statement handlerPRE_TEST given to EXECUTE')
===file:syntax/prepare.sql, id:140, sql:[drop prepare pre_test]===
mysql err:(1243, 'Unknown prepared statement handler (pre_test) given to DEALLOCATE PREPARE')
dble err[05:11:15.585732] :(1243, 'Unknown prepared statement handlerPRE_TEST given to DEALLOCATE PREPARE')
===file:syntax/prepare.sql, id:142, sql:[execute pre_test]===
mysql err:(1243, 'Unknown prepared statement handler (pre_test) given to EXECUTE')
dble err[05:11:15.972543] :(1243, 'Unknown prepared statement handlerPRE_TEST given to EXECUTE')
===file:syntax/prepare.sql, id:143, sql:[drop prepare pre_test]===
mysql err:(1243, 'Unknown prepared statement handler (pre_test) given to DEALLOCATE PREPARE')
dble err[05:11:16.165109] :(1243, 'Unknown prepared statement handlerPRE_TEST given to DEALLOCATE PREPARE')
===file:syntax/prepare.sql, id:145, sql:[execute pre_test]===
mysql err:(1243, 'Unknown prepared statement handler (pre_test) given to EXECUTE')
dble err[05:11:16.549357] :(1243, 'Unknown prepared statement handlerPRE_TEST given to EXECUTE')
===file:syntax/prepare.sql, id:146, sql:[drop prepare pre_test]===
mysql err:(1243, 'Unknown prepared statement handler (pre_test) given to DEALLOCATE PREPARE')
dble err[05:11:16.747821] :(1243, 'Unknown prepared statement handlerPRE_TEST given to DEALLOCATE PREPARE')
===file:syntax/prepare.sql, id:152, sql:[execute pre_test using @b]===
mysql err:(1243, 'Unknown prepared statement handler (pre_test) given to EXECUTE')
dble err[05:11:17.353667] :(1243, 'Unknown prepared statement handlerPRE_TEST given to EXECUTE')
===file:syntax/prepare.sql, id:154, sql:[drop prepare pre_test]===
mysql err:(1243, 'Unknown prepared statement handler (pre_test) given to DEALLOCATE PREPARE')
dble err[05:11:17.715235] :(1243, 'Unknown prepared statement handlerPRE_TEST given to DEALLOCATE PREPARE')
===file:syntax/prepare.sql, id:159, sql:[execute pre_test]===
mysql err:(1243, 'Unknown prepared statement handler (pre_test) given to EXECUTE')
dble err[05:11:18.066677] :(1243, 'Unknown prepared statement handlerPRE_TEST given to EXECUTE')
===file:syntax/prepare.sql, id:160, sql:[drop prepare pre_test]===
mysql err:(1243, 'Unknown prepared statement handler (pre_test) given to DEALLOCATE PREPARE')
dble err[05:11:18.249278] :(1243, 'Unknown prepared statement handlerPRE_TEST given to DEALLOCATE PREPARE')
===file:syntax/prepare.sql, id:172, sql:[execute pre_test]===
mysql err:(1243, 'Unknown prepared statement handler (pre_test) given to EXECUTE')
dble err[05:11:18.878917] :(1243, 'Unknown prepared statement handlerPRE_TEST given to EXECUTE')
===file:syntax/prepare.sql, id:174, sql:[drop prepare pre_test]===
mysql err:(1243, 'Unknown prepared statement handler (pre_test) given to DEALLOCATE PREPARE')
dble err[05:11:19.276573] :(1243, 'Unknown prepared statement handlerPRE_TEST given to DEALLOCATE PREPARE')
===file:syntax/prepare.sql, id:180, sql:[execute pre_test using @a,@b]===
mysql err:(1243, 'Unknown prepared statement handler (pre_test) given to EXECUTE')
dble err[05:11:19.869818] :(1243, 'Unknown prepared statement handlerPRE_TEST given to EXECUTE')
===file:syntax/prepare.sql, id:182, sql:[drop prepare pre_test]===
mysql err:(1243, 'Unknown prepared statement handler (pre_test) given to DEALLOCATE PREPARE')
dble err[05:11:20.220951] :(1243, 'Unknown prepared statement handlerPRE_TEST given to DEALLOCATE PREPARE')
===file:syntax/prepare.sql, id:189, sql:[execute pre_set using @b]===
mysql err:(1243, 'Unknown prepared statement handler (pre_set) given to EXECUTE')
dble err[05:11:21.042507] :(1243, 'Unknown prepared statement handlerPRE_SET given to EXECUTE')
===file:syntax/prepare.sql, id:190, sql:[execute pre_test using @b]===
mysql err:(1243, 'Unknown prepared statement handler (pre_test) given to EXECUTE')
dble err[05:11:21.240276] :(1243, 'Unknown prepared statement handlerPRE_TEST given to EXECUTE')
===file:syntax/prepare.sql, id:191, sql:[drop prepare pre_test]===
mysql err:(1243, 'Unknown prepared statement handler (pre_test) given to DEALLOCATE PREPARE')
dble err[05:11:21.429380] :(1243, 'Unknown prepared statement handlerPRE_TEST given to DEALLOCATE PREPARE')
===file:syntax/prepare.sql, id:197, sql:[execute pre_test]===
mysql err:(1243, 'Unknown prepared statement handler (pre_test) given to EXECUTE')
dble err[05:11:22.017473] :(1243, 'Unknown prepared statement handlerPRE_TEST given to EXECUTE')
===file:syntax/prepare.sql, id:198, sql:[drop prepare pre_test]===
mysql err:(1243, 'Unknown prepared statement handler (pre_test) given to DEALLOCATE PREPARE')
dble err[05:11:32.218586] :(1243, 'Unknown prepared statement handlerPRE_TEST given to DEALLOCATE PREPARE')
===file:syntax/prepare.sql, id:203, sql:[execute pre_test]===
mysql err:(1243, 'Unknown prepared statement handler (pre_test) given to EXECUTE')
dble err[05:11:32.594117] :(1243, 'Unknown prepared statement handlerPRE_TEST given to EXECUTE')
===file:syntax/prepare.sql, id:204, sql:[prepare pre_test fr 'select * from test_shard where id=2']===
mysql err:(1064, "You have an error in your SQL syntax; check the manual that corresponds to your MySQL server version for the right syntax to use near 'fr 'select * from test_shard where id=2'' at line 1")
dble err[05:11:32.794220] :(1149, "You have an error in your SQL syntax:prepare pre_test fr 'select * from test_shard where id=2'")
===file:syntax/prepare.sql, id:205, sql:[execute pre_test]===
mysql err:(1243, 'Unknown prepared statement handler (pre_test) given to EXECUTE')
dble err[05:11:37.990632] :(1243, 'Unknown prepared statement handlerPRE_TEST given to EXECUTE')
===file:syntax/prepare.sql, id:206, sql:[execute pret/*error:unknown prepare*/]===
mysql err:(1243, 'Unknown prepared statement handler (pret) given to EXECUTE')
dble err[05:11:38.227760] :(1149, 'You have an error in your SQL syntax:execute pret/*error:unknown prepare*/')
