===file:syntax/prepare.sql, id:1, sql:[drop table if exists test_shard]===
dble:[[]]
===file:syntax/prepare.sql, id:2, sql:[create table test_shard (id int(11),R_REGIONKEY float,R_NAME varchar(50),R_COMMENT varchar(50))]===
dble:[[]]
===file:syntax/prepare.sql, id:3, sql:[insert into test_shard (id,R_REGIONKEY,R_NAME,R_COMMENT) values (1,1, 'a string','test001'),(3,3, 'another string','test003'),(2,2, 'a\nstring','test002'),(4,4, '中','test004'),(5,5, 'a\'string\'','test005'),(6,6, 'a\""string\""','test006'),(7,7, 'a\bstring','test007'),(8,8, 'a\nstring','test008'),(9,9, 'a\rstring','test009'),(10,10, 'a\tstring','test010'),(11,11, 'a\zstring','test011'),(12,12, 'a\\string','test012'),(13,13, 'a\%string','test013'),(14,14, 'a\_string','test014'),(15,15, 'MySQL','test015'),(16,16, 'binary','test016'),(65,16, 'binary','test016'),(17,12345678901234567890123.4567890,17,17),(18,18, 'A','test018'),(19,19, '','test019')]===
dble:[[]]
===file:syntax/prepare.sql, id:8, sql:[prepare pre_test from 'alter table test_shard add age int(10)']===
dble:[[]]
===file:syntax/prepare.sql, id:10, sql:[show create table test_shard]===
dble:[[('test_shard', 'CREATE TABLE `test_shard` (\n  `id` int(11) DEFAULT NULL,\n  `R_REGIONKEY` float DEFAULT NULL,\n  `R_NAME` varchar(50) DEFAULT NULL,\n  `R_COMMENT` varchar(50) DEFAULT NULL\n) ENGINE=InnoDB DEFAULT CHARSET=latin1')]]
===file:syntax/prepare.sql, id:12, sql:[prepare pre_test from 'alter table test_shard drop age']===
dble:[[]]
===file:syntax/prepare.sql, id:14, sql:[show create table test_shard]===
dble:[[('test_shard', 'CREATE TABLE `test_shard` (\n  `id` int(11) DEFAULT NULL,\n  `R_REGIONKEY` float DEFAULT NULL,\n  `R_NAME` varchar(50) DEFAULT NULL,\n  `R_COMMENT` varchar(50) DEFAULT NULL\n) ENGINE=InnoDB DEFAULT CHARSET=latin1')]]
===file:syntax/prepare.sql, id:16, sql:[prepare pre_test from 'alter table test_shard add index (R_NAME)']===
dble:[[]]
===file:syntax/prepare.sql, id:18, sql:[show index in test_shard where Key_name='R_NAME']===
dble:[[]]
===file:syntax/prepare.sql, id:21, sql:[prepare pre_test from 'alter table test_shard add index (R_NAME,R_COMMENT)']===
dble:[[]]
===file:syntax/prepare.sql, id:23, sql:[show index in test_shard where Key_name='R_NAME']===
dble:[[]]
===file:syntax/prepare.sql, id:26, sql:[prepare pre_test from 'alter table test_shard add primary key (id)']===
dble:[[]]
===file:syntax/prepare.sql, id:28, sql:[desc test_shard]===
dble:[[('R_COMMENT', 'varchar(50)', 'YES', '', None, ''), ('R_NAME', 'varchar(50)', 'YES', '', None, ''), ('R_REGIONKEY', 'float', 'YES', '', None, ''), ('id', 'int(11)', 'YES', '', None, '')]]
===file:syntax/prepare.sql, id:31, sql:[prepare pre_test from 'alter table test_shard add unique (id)']===
dble:[[]]
===file:syntax/prepare.sql, id:33, sql:[show create table test_shard]===
dble:[[('test_shard', 'CREATE TABLE `test_shard` (\n  `id` int(11) DEFAULT NULL,\n  `R_REGIONKEY` float DEFAULT NULL,\n  `R_NAME` varchar(50) DEFAULT NULL,\n  `R_COMMENT` varchar(50) DEFAULT NULL\n) ENGINE=InnoDB DEFAULT CHARSET=latin1')]]
===file:syntax/prepare.sql, id:44, sql:[prepare pre_test from 'alter table test_shard change R_NAME name varchar(50)']===
dble:[[]]
===file:syntax/prepare.sql, id:46, sql:[show create table test_shard]===
dble:[[('test_shard', 'CREATE TABLE `test_shard` (\n  `id` int(11) DEFAULT NULL,\n  `R_REGIONKEY` float DEFAULT NULL,\n  `R_NAME` varchar(50) DEFAULT NULL,\n  `R_COMMENT` varchar(50) DEFAULT NULL\n) ENGINE=InnoDB DEFAULT CHARSET=latin1')]]
===file:syntax/prepare.sql, id:48, sql:[prepare pre_test from 'alter table test_shard modify name varchar(60)']===
dble:[[]]
===file:syntax/prepare.sql, id:50, sql:[show create table test_shard]===
dble:[[('test_shard', 'CREATE TABLE `test_shard` (\n  `id` int(11) DEFAULT NULL,\n  `R_REGIONKEY` float DEFAULT NULL,\n  `R_NAME` varchar(50) DEFAULT NULL,\n  `R_COMMENT` varchar(50) DEFAULT NULL\n) ENGINE=InnoDB DEFAULT CHARSET=latin1')]]
===file:syntax/prepare.sql, id:52, sql:[prepare pre_test from 'alter table test_shard drop name']===
dble:[[]]
===file:syntax/prepare.sql, id:54, sql:[show create table test_shard]===
dble:[[('test_shard', 'CREATE TABLE `test_shard` (\n  `id` int(11) DEFAULT NULL,\n  `R_REGIONKEY` float DEFAULT NULL,\n  `R_NAME` varchar(50) DEFAULT NULL,\n  `R_COMMENT` varchar(50) DEFAULT NULL\n) ENGINE=InnoDB DEFAULT CHARSET=latin1')]]
===file:syntax/prepare.sql, id:56, sql:[alter table test_shard add primary key (id)]===
dble:[[]]
===file:syntax/prepare.sql, id:57, sql:[show create table test_shard]===
dble:[[('test_shard', 'CREATE TABLE `test_shard` (\n  `id` int(11) NOT NULL,\n  `R_REGIONKEY` float DEFAULT NULL,\n  `R_NAME` varchar(50) DEFAULT NULL,\n  `R_COMMENT` varchar(50) DEFAULT NULL,\n  PRIMARY KEY (`id`)\n) ENGINE=InnoDB DEFAULT CHARSET=latin1')]]
===file:syntax/prepare.sql, id:58, sql:[prepare pre_test from 'alter table test_shard drop primary key']===
dble:[[]]
===file:syntax/prepare.sql, id:60, sql:[show create table test_shard]===
dble:[[('test_shard', 'CREATE TABLE `test_shard` (\n  `id` int(11) NOT NULL,\n  `R_REGIONKEY` float DEFAULT NULL,\n  `R_NAME` varchar(50) DEFAULT NULL,\n  `R_COMMENT` varchar(50) DEFAULT NULL,\n  PRIMARY KEY (`id`)\n) ENGINE=InnoDB DEFAULT CHARSET=latin1')]]
===file:syntax/prepare.sql, id:62, sql:[alter table test_shard add index (R_COMMENT)]===
dble:[[]]
===file:syntax/prepare.sql, id:63, sql:[show index from test_shard]===
dble:[[('test_shard', 0L, 'PRIMARY', 1L, 'id', 'A', 20L, None, None, '', 'BTREE', '', ''), ('test_shard', 1L, 'R_COMMENT', 1L, 'R_COMMENT', 'A', 19L, None, None, 'YES', 'BTREE', '', '')]]
===file:syntax/prepare.sql, id:64, sql:[prepare pre_test from 'alter table test_shard drop R_COMMENT']===
dble:[[]]
===file:syntax/prepare.sql, id:66, sql:[show index from test_shard]===
dble:[[('test_shard', 0L, 'PRIMARY', 1L, 'id', 'A', 20L, None, None, '', 'BTREE', '', ''), ('test_shard', 1L, 'R_COMMENT', 1L, 'R_COMMENT', 'A', 19L, None, None, 'YES', 'BTREE', '', '')]]
===file:syntax/prepare.sql, id:71, sql:[drop table if exists aly_test]===
dble:[[]]
===file:syntax/prepare.sql, id:72, sql:[drop table if exists aly_order]===
dble:[[]]
===file:syntax/prepare.sql, id:73, sql:[drop table if exists a_manager]===
dble:[[]]
===file:syntax/prepare.sql, id:74, sql:[CREATE TABLE aly_test(`id` int(10) unsigned NOT NULL,`t_id` int(10) unsigned NOT NULL DEFAULT '0',`name` char(120) NOT NULL DEFAULT '',`pad` int(11) NOT NULL,PRIMARY KEY (`id`),KEY `k_1` (`t_id`))]===
dble:[[]]
===file:syntax/prepare.sql, id:75, sql:[CREATE TABLE aly_order(`id` int(10) unsigned NOT NULL,`o_id` int(10) unsigned NOT NULL DEFAULT '0',`name` char(120) NOT NULL DEFAULT '',`pad` int(11) NOT NULL,PRIMARY KEY (`id`),KEY `k_1` (`o_id`))]===
dble:[[]]
===file:syntax/prepare.sql, id:76, sql:[CREATE TABLE a_manager(`id` int(10) unsigned NOT NULL,`m_id` int(10) unsigned NOT NULL DEFAULT '0',`name` char(120) NOT NULL DEFAULT '',`pad` int(11) NOT NULL,PRIMARY KEY (`id`),KEY `k_1` (`m_id`))]===
dble:[[]]
===file:syntax/prepare.sql, id:77, sql:[insert into aly_test values(1,1,'test中id为1',1),(2,2,'test_2',2),(3,3,'test中id为3',4),(4,4,'$test$4',3),(5,5,'test...5',1),(6,6,'test6',6)]===
dble:[[]]
===file:syntax/prepare.sql, id:78, sql:[insert into aly_order values(1,1,'order中id为1',1),(2,2,'test_2',2),(3,3,'order中id为3',3),(4,4,'$order$4',4),(5,5,'order...5',1)]===
dble:[[]]
===file:syntax/prepare.sql, id:79, sql:[insert into a_manager values(1,1,'manager中id为1',1),(2,2,'test_2',2),(3,3,'manager中id为3',3),(4,4,'$manager$4',4),(5,5,'manager...5',6)]===
dble:[[]]
===file:syntax/prepare.sql, id:80, sql:[prepare pre_test from 'create view view_test as select aly_test.id,aly_test.name,aly_test.pad,aly_order.name as a_name from aly_test inner join aly_order']===
dble:[[]]
===file:syntax/prepare.sql, id:85, sql:[prepare pre_test from  'create view view_test as select a.id,b.id as b_id,b.pad,a.t_id from aly_test a,(select all * from aly_order) b where a.t_id=b.o_id']===
dble:[[]]
===file:syntax/prepare.sql, id:93, sql:[drop table if exists test_shard]===
dble:[[]]
===file:syntax/prepare.sql, id:94, sql:[create table test_shard (id int(11),R_REGIONKEY float,R_NAME varchar(50),R_COMMENT varchar(50))]===
dble:[[]]
===file:syntax/prepare.sql, id:95, sql:[insert into test_shard (id,R_REGIONKEY,R_NAME,R_COMMENT) values (1,1, 'a string','test001'),(3,3, 'another string','test003'),(2,2, 'a\nstring','test002'),(4,4, '中','test004'),(5,5, 'a\'string\'','test005'),(6,6, 'a\""string\""','test006'),(7,7, 'a\bstring','test007'),(8,8, 'a\nstring','test008'),(9,9, 'a\rstring','test009'),(10,10, 'a\tstring','test010'),(11,11, 'a\zstring','test011'),(12,12, 'a\\string','test012'),(13,13, 'a\%string','test013'),(14,14, 'a\_string','test014'),(15,15, 'MySQL','test015'),(16,16, 'binary','test016'),(65,16, 'binary','test016'),(17,12345678901234567890123.4567890,17,17),(18,18, 'A','test018'),(19,19, '','test019')]===
dble:[[]]
===file:syntax/prepare.sql, id:96, sql:[create view view_test as select * from test_shard]===
dble:[[]]
===file:syntax/prepare.sql, id:97, sql:[prepare pre_test from 'drop view view_test']===
dble:[[]]
===file:syntax/prepare.sql, id:99, sql:[select * from view_test/*error:no view*/]===
dble:[[(1L, 1.0, 'a string', 'test001'), (2L, 2.0, 'a\nstring', 'test002'), (3L, 3.0, 'another string', 'test003'), (4L, 4.0, '\xe4\xb8\xad', 'test004'), (5L, 5.0, "a'string'", 'test005'), (6L, 6.0, 'a""string""', 'test006'), (7L, 7.0, 'a\x08string', 'test007'), (8L, 8.0, 'a\nstring', 'test008'), (9L, 9.0, 'a\rstring', 'test009'), (10L, 10.0, 'a\tstring', 'test010'), (11L, 11.0, 'azstring', 'test011'), (12L, 12.0, 'a\\string', 'test012'), (13L, 13.0, 'a\\%string', 'test013'), (14L, 14.0, 'a\\_string', 'test014'), (15L, 15.0, 'MySQL', 'test015'), (16L, 16.0, 'binary', 'test016'), (17L, 1.23457e+22, '17', '17'), (18L, 18.0, 'A', 'test018'), (19L, 19.0, '', 'test019'), (65L, 16.0, 'binary', 'test016')]]
===file:syntax/prepare.sql, id:104, sql:[select * from test_shard]===
dble:[[(1L, 1.0, 'a string', 'test001'), (2L, 2.0, 'a\nstring', 'test002'), (3L, 3.0, 'another string', 'test003'), (4L, 4.0, '\xe4\xb8\xad', 'test004'), (5L, 5.0, "a'string'", 'test005'), (6L, 6.0, 'a""string""', 'test006'), (7L, 7.0, 'a\x08string', 'test007'), (8L, 8.0, 'a\nstring', 'test008'), (9L, 9.0, 'a\rstring', 'test009'), (10L, 10.0, 'a\tstring', 'test010'), (11L, 11.0, 'azstring', 'test011'), (12L, 12.0, 'a\\string', 'test012'), (13L, 13.0, 'a\\%string', 'test013'), (14L, 14.0, 'a\\_string', 'test014'), (15L, 15.0, 'MySQL', 'test015'), (16L, 16.0, 'binary', 'test016'), (17L, 1.23457e+22, '17', '17'), (18L, 18.0, 'A', 'test018'), (19L, 19.0, '', 'test019'), (65L, 16.0, 'binary', 'test016')]]
===file:syntax/prepare.sql, id:105, sql:[prepare pre_test from 'delete from test_shard']===
dble:[[]]
===file:syntax/prepare.sql, id:107, sql:[select * from test_shard]===
dble:[[(1L, 1.0, 'a string', 'test001'), (2L, 2.0, 'a\nstring', 'test002'), (3L, 3.0, 'another string', 'test003'), (4L, 4.0, '\xe4\xb8\xad', 'test004'), (5L, 5.0, "a'string'", 'test005'), (6L, 6.0, 'a""string""', 'test006'), (7L, 7.0, 'a\x08string', 'test007'), (8L, 8.0, 'a\nstring', 'test008'), (9L, 9.0, 'a\rstring', 'test009'), (10L, 10.0, 'a\tstring', 'test010'), (11L, 11.0, 'azstring', 'test011'), (12L, 12.0, 'a\\string', 'test012'), (13L, 13.0, 'a\\%string', 'test013'), (14L, 14.0, 'a\\_string', 'test014'), (15L, 15.0, 'MySQL', 'test015'), (16L, 16.0, 'binary', 'test016'), (17L, 1.23457e+22, '17', '17'), (18L, 18.0, 'A', 'test018'), (19L, 19.0, '', 'test019'), (65L, 16.0, 'binary', 'test016')]]
===file:syntax/prepare.sql, id:108, sql:[insert into test_shard (id,R_REGIONKEY,R_NAME,R_COMMENT) values (1,1, 'a string','test001'),(3,3, 'another string','test003'),(2,2, 'a\nstring','test002'),(4,4, '中','test004'),(5,5, 'a\'string\'','test005'),(6,6, 'a\""string\""','test006'),(7,7, 'a\bstring','test007'),(8,8, 'a\nstring','test008'),(9,9, 'a\rstring','test009'),(10,10, 'a\tstring','test010'),(11,11, 'a\zstring','test011'),(12,12, 'a\\string','test012'),(13,13, 'a\%string','test013'),(14,14, 'a\_string','test014'),(15,15, 'MySQL','test015'),(16,16, 'binary','test016'),(65,16, 'binary','test016'),(17,12345678901234567890123.4567890,17,17),(18,18, 'A','test018'),(19,19, '','test019')]===
dble:[[]]
===file:syntax/prepare.sql, id:110, sql:[prepare pre_test from 'delete from test_shard where id=3']===
dble:[[]]
===file:syntax/prepare.sql, id:112, sql:[select * from test_shard]===
dble:[[(1L, 1.0, 'a string', 'test001'), (1L, 1.0, 'a string', 'test001'), (2L, 2.0, 'a\nstring', 'test002'), (2L, 2.0, 'a\nstring', 'test002'), (3L, 3.0, 'another string', 'test003'), (3L, 3.0, 'another string', 'test003'), (4L, 4.0, '\xe4\xb8\xad', 'test004'), (4L, 4.0, '\xe4\xb8\xad', 'test004'), (5L, 5.0, "a'string'", 'test005'), (5L, 5.0, "a'string'", 'test005'), (6L, 6.0, 'a""string""', 'test006'), (6L, 6.0, 'a""string""', 'test006'), (7L, 7.0, 'a\x08string', 'test007'), (7L, 7.0, 'a\x08string', 'test007'), (8L, 8.0, 'a\nstring', 'test008'), (8L, 8.0, 'a\nstring', 'test008'), (9L, 9.0, 'a\rstring', 'test009'), (9L, 9.0, 'a\rstring', 'test009'), (10L, 10.0, 'a\tstring', 'test010'), (10L, 10.0, 'a\tstring', 'test010'), (11L, 11.0, 'azstring', 'test011'), (11L, 11.0, 'azstring', 'test011'), (12L, 12.0, 'a\\string', 'test012'), (12L, 12.0, 'a\\string', 'test012'), (13L, 13.0, 'a\\%string', 'test013'), (13L, 13.0, 'a\\%string', 'test013'), (14L, 14.0, 'a\\_string', 'test014'), (14L, 14.0, 'a\\_string', 'test014'), (15L, 15.0, 'MySQL', 'test015'), (15L, 15.0, 'MySQL', 'test015'), (16L, 16.0, 'binary', 'test016'), (16L, 16.0, 'binary', 'test016'), (17L, 1.23457e+22, '17', '17'), (17L, 1.23457e+22, '17', '17'), (18L, 18.0, 'A', 'test018'), (18L, 18.0, 'A', 'test018'), (19L, 19.0, '', 'test019'), (19L, 19.0, '', 'test019'), (65L, 16.0, 'binary', 'test016'), (65L, 16.0, 'binary', 'test016')]]
===file:syntax/prepare.sql, id:113, sql:[delete from test_shard]===
dble:[[]]
===file:syntax/prepare.sql, id:114, sql:[insert into test_shard (id,R_REGIONKEY,R_NAME,R_COMMENT) values (1,1, 'a string','test001'),(3,3, 'another string','test003'),(2,2, 'a\nstring','test002'),(4,4, '中','test004'),(5,5, 'a\'string\'','test005'),(6,6, 'a\""string\""','test006'),(7,7, 'a\bstring','test007'),(8,8, 'a\nstring','test008'),(9,9, 'a\rstring','test009'),(10,10, 'a\tstring','test010'),(11,11, 'a\zstring','test011'),(12,12, 'a\\string','test012'),(13,13, 'a\%string','test013'),(14,14, 'a\_string','test014'),(15,15, 'MySQL','test015'),(16,16, 'binary','test016'),(65,16, 'binary','test016'),(17,12345678901234567890123.4567890,17,17),(18,18, 'A','test018'),(19,19, '','test019')]===
dble:[[]]
===file:syntax/prepare.sql, id:119, sql:[prepare pre_test from 'insert into test_shard values(?,?,?,?)']===
dble:[[]]
===file:syntax/prepare.sql, id:120, sql:[set @a=20,@b=20,@c='test',@d='test20']===
dble:[[]]
===file:syntax/prepare.sql, id:122, sql:[select * from test_shard]===
dble:[[(1L, 1.0, 'a string', 'test001'), (2L, 2.0, 'a\nstring', 'test002'), (3L, 3.0, 'another string', 'test003'), (4L, 4.0, '\xe4\xb8\xad', 'test004'), (5L, 5.0, "a'string'", 'test005'), (6L, 6.0, 'a""string""', 'test006'), (7L, 7.0, 'a\x08string', 'test007'), (8L, 8.0, 'a\nstring', 'test008'), (9L, 9.0, 'a\rstring', 'test009'), (10L, 10.0, 'a\tstring', 'test010'), (11L, 11.0, 'azstring', 'test011'), (12L, 12.0, 'a\\string', 'test012'), (13L, 13.0, 'a\\%string', 'test013'), (14L, 14.0, 'a\\_string', 'test014'), (15L, 15.0, 'MySQL', 'test015'), (16L, 16.0, 'binary', 'test016'), (17L, 1.23457e+22, '17', '17'), (18L, 18.0, 'A', 'test018'), (19L, 19.0, '', 'test019'), (65L, 16.0, 'binary', 'test016')]]
===file:syntax/prepare.sql, id:123, sql:[set @a=21,@b=21,@c='test',@d='test21']===
dble:[[]]
===file:syntax/prepare.sql, id:125, sql:[select * from test_shard]===
dble:[[(1L, 1.0, 'a string', 'test001'), (2L, 2.0, 'a\nstring', 'test002'), (3L, 3.0, 'another string', 'test003'), (4L, 4.0, '\xe4\xb8\xad', 'test004'), (5L, 5.0, "a'string'", 'test005'), (6L, 6.0, 'a""string""', 'test006'), (7L, 7.0, 'a\x08string', 'test007'), (8L, 8.0, 'a\nstring', 'test008'), (9L, 9.0, 'a\rstring', 'test009'), (10L, 10.0, 'a\tstring', 'test010'), (11L, 11.0, 'azstring', 'test011'), (12L, 12.0, 'a\\string', 'test012'), (13L, 13.0, 'a\\%string', 'test013'), (14L, 14.0, 'a\\_string', 'test014'), (15L, 15.0, 'MySQL', 'test015'), (16L, 16.0, 'binary', 'test016'), (17L, 1.23457e+22, '17', '17'), (18L, 18.0, 'A', 'test018'), (19L, 19.0, '', 'test019'), (65L, 16.0, 'binary', 'test016')]]
===file:syntax/prepare.sql, id:130, sql:[prepare pre_test from 'replace into test_shard values(?,?,?,?)']===
dble:[[]]
===file:syntax/prepare.sql, id:131, sql:[set @a=20,@b=20,@c='test_new',@d='test20']===
dble:[[]]
===file:syntax/prepare.sql, id:133, sql:[select * from test_shard]===
dble:[[(1L, 1.0, 'a string', 'test001'), (2L, 2.0, 'a\nstring', 'test002'), (3L, 3.0, 'another string', 'test003'), (4L, 4.0, '\xe4\xb8\xad', 'test004'), (5L, 5.0, "a'string'", 'test005'), (6L, 6.0, 'a""string""', 'test006'), (7L, 7.0, 'a\x08string', 'test007'), (8L, 8.0, 'a\nstring', 'test008'), (9L, 9.0, 'a\rstring', 'test009'), (10L, 10.0, 'a\tstring', 'test010'), (11L, 11.0, 'azstring', 'test011'), (12L, 12.0, 'a\\string', 'test012'), (13L, 13.0, 'a\\%string', 'test013'), (14L, 14.0, 'a\\_string', 'test014'), (15L, 15.0, 'MySQL', 'test015'), (16L, 16.0, 'binary', 'test016'), (17L, 1.23457e+22, '17', '17'), (18L, 18.0, 'A', 'test018'), (19L, 19.0, '', 'test019'), (65L, 16.0, 'binary', 'test016')]]
===file:syntax/prepare.sql, id:138, sql:[prepare pre_test from 'select aly_test.id,aly_test.name,aly_test.pad,aly_order.name as a_name from aly_test inner join aly_order']===
dble:[[]]
===file:syntax/prepare.sql, id:141, sql:[prepare pre_test from 'select a.id,b.id as b_id,b.pad,a.t_id from aly_test a,(select all * from aly_order) b where a.t_id=b.o_id']===
dble:[[]]
===file:syntax/prepare.sql, id:144, sql:[prepare pre_test from 'select * from test_shard where id=3']===
dble:[[]]
===file:syntax/prepare.sql, id:150, sql:[prepare pre_test from 'set @a=?']===
dble:[[]]
===file:syntax/prepare.sql, id:151, sql:[set @b=1]===
dble:[[]]
===file:syntax/prepare.sql, id:153, sql:[select @a]===
dble:[[(None,)]]
===file:syntax/prepare.sql, id:158, sql:[prepare pre_test from 'show create table test_shard']===
dble:[[]]
===file:syntax/prepare.sql, id:170, sql:[select * from test_shard]===
dble:[[(1L, 1.0, 'a string', 'test001'), (2L, 2.0, 'a\nstring', 'test002'), (3L, 3.0, 'another string', 'test003'), (4L, 4.0, '\xe4\xb8\xad', 'test004'), (5L, 5.0, "a'string'", 'test005'), (6L, 6.0, 'a""string""', 'test006'), (7L, 7.0, 'a\x08string', 'test007'), (8L, 8.0, 'a\nstring', 'test008'), (9L, 9.0, 'a\rstring', 'test009'), (10L, 10.0, 'a\tstring', 'test010'), (11L, 11.0, 'azstring', 'test011'), (12L, 12.0, 'a\\string', 'test012'), (13L, 13.0, 'a\\%string', 'test013'), (14L, 14.0, 'a\\_string', 'test014'), (15L, 15.0, 'MySQL', 'test015'), (16L, 16.0, 'binary', 'test016'), (17L, 1.23457e+22, '17', '17'), (18L, 18.0, 'A', 'test018'), (19L, 19.0, '', 'test019'), (65L, 16.0, 'binary', 'test016')]]
===file:syntax/prepare.sql, id:171, sql:[prepare pre_test from 'truncate table test_shard']===
dble:[[]]
===file:syntax/prepare.sql, id:173, sql:[insert into test_shard (id,R_REGIONKEY,R_NAME,R_COMMENT) values (1,1, 'a string','test001'),(3,3, 'another string','test003'),(2,2, 'a\nstring','test002'),(4,4, '中','test004'),(5,5, 'a\'string\'','test005'),(6,6, 'a\""string\""','test006'),(7,7, 'a\bstring','test007'),(8,8, 'a\nstring','test008'),(9,9, 'a\rstring','test009'),(10,10, 'a\tstring','test010'),(11,11, 'a\zstring','test011'),(12,12, 'a\\string','test012'),(13,13, 'a\%string','test013'),(14,14, 'a\_string','test014'),(15,15, 'MySQL','test015'),(16,16, 'binary','test016'),(65,16, 'binary','test016'),(17,12345678901234567890123.4567890,17,17),(18,18, 'A','test018'),(19,19, '','test019')]===
dble:[[]]
===file:syntax/prepare.sql, id:178, sql:[prepare pre_test from 'update test_shard set R_NAME=? where id=?']===
dble:[[]]
===file:syntax/prepare.sql, id:179, sql:[set @a='test',@b=1]===
dble:[[]]
===file:syntax/prepare.sql, id:181, sql:[select * from test_shard]===
dble:[[(1L, 1.0, 'a string', 'test001'), (1L, 1.0, 'a string', 'test001'), (2L, 2.0, 'a\nstring', 'test002'), (2L, 2.0, 'a\nstring', 'test002'), (3L, 3.0, 'another string', 'test003'), (3L, 3.0, 'another string', 'test003'), (4L, 4.0, '\xe4\xb8\xad', 'test004'), (4L, 4.0, '\xe4\xb8\xad', 'test004'), (5L, 5.0, "a'string'", 'test005'), (5L, 5.0, "a'string'", 'test005'), (6L, 6.0, 'a""string""', 'test006'), (6L, 6.0, 'a""string""', 'test006'), (7L, 7.0, 'a\x08string', 'test007'), (7L, 7.0, 'a\x08string', 'test007'), (8L, 8.0, 'a\nstring', 'test008'), (8L, 8.0, 'a\nstring', 'test008'), (9L, 9.0, 'a\rstring', 'test009'), (9L, 9.0, 'a\rstring', 'test009'), (10L, 10.0, 'a\tstring', 'test010'), (10L, 10.0, 'a\tstring', 'test010'), (11L, 11.0, 'azstring', 'test011'), (11L, 11.0, 'azstring', 'test011'), (12L, 12.0, 'a\\string', 'test012'), (12L, 12.0, 'a\\string', 'test012'), (13L, 13.0, 'a\\%string', 'test013'), (13L, 13.0, 'a\\%string', 'test013'), (14L, 14.0, 'a\\_string', 'test014'), (14L, 14.0, 'a\\_string', 'test014'), (15L, 15.0, 'MySQL', 'test015'), (15L, 15.0, 'MySQL', 'test015'), (16L, 16.0, 'binary', 'test016'), (16L, 16.0, 'binary', 'test016'), (17L, 1.23457e+22, '17', '17'), (17L, 1.23457e+22, '17', '17'), (18L, 18.0, 'A', 'test018'), (18L, 18.0, 'A', 'test018'), (19L, 19.0, '', 'test019'), (19L, 19.0, '', 'test019'), (65L, 16.0, 'binary', 'test016'), (65L, 16.0, 'binary', 'test016')]]
===file:syntax/prepare.sql, id:186, sql:[prepare pre_test from 'select * from test_shard where id=?']===
dble:[[]]
===file:syntax/prepare.sql, id:187, sql:[prepare pre_set from 'set @a=?']===
dble:[[]]
===file:syntax/prepare.sql, id:188, sql:[set @b=1]===
dble:[[]]
===file:syntax/prepare.sql, id:195, sql:[prepare pre_test from 'select * from test_shard where id=1']===
dble:[[]]
===file:syntax/prepare.sql, id:196, sql:[prepare pre_test from 'select * from test_shard where id=2']===
dble:[[]]
===file:syntax/prepare.sql, id:202, sql:[prepare pre_test from 'select * from test_shard w']===
dble:[[]]
===file:syntax/prepare.sql, id:210, sql:[drop table if exists test_shard]===
dble:[[]]
