===file:syntax/replace.sql, id:3, sql:[drop table if exists aly_test]===
dble:[[]]
===file:syntax/replace.sql, id:4, sql:[create table aly_test (id int(11),R_REGIONKEY int(11) primary key,R_NAME varchar(50),R_COMMENT varchar(50))]===
dble:[[]]
===file:syntax/replace.sql, id:5, sql:[REPLACE aly_test VALUE(1,1,'chen','gang')]===
dble:[[]]
===file:syntax/replace.sql, id:6, sql:[SELECT * FROM aly_test]===
dble:[[(1L, 1L, 'chen', 'gang')]]
===file:syntax/replace.sql, id:8, sql:[DELETE FROM aly_test]===
dble:[[]]
===file:syntax/replace.sql, id:9, sql:[REPLACE aly_test VALUES (4,4,'chen2','gang'),(5,3,'chen3','gang')]===
dble:[[]]
===file:syntax/replace.sql, id:10, sql:[SELECT * FROM aly_test]===
dble:[[(4L, 4L, 'chen2', 'gang'), (5L, 3L, 'chen3', 'gang')]]
===file:syntax/replace.sql, id:12, sql:[DELETE FROM aly_test]===
dble:[[]]
===file:syntax/replace.sql, id:13, sql:[REPLACE aly_test VALUE(1,1,DEFAULT,'gang')]===
dble:[[]]
===file:syntax/replace.sql, id:14, sql:[SELECT * FROM aly_test]===
dble:[[(1L, 1L, None, 'gang')]]
===file:syntax/replace.sql, id:16, sql:[DELETE FROM aly_test]===
dble:[[]]
===file:syntax/replace.sql, id:17, sql:[REPLACE aly_test VALUE(1,1+1,'chen','gang')]===
dble:[[]]
===file:syntax/replace.sql, id:18, sql:[SELECT * FROM aly_test]===
dble:[[(1L, 2L, 'chen', 'gang')]]
===file:syntax/replace.sql, id:20, sql:[DELETE FROM aly_test]===
dble:[[]]
===file:syntax/replace.sql, id:21, sql:[REPLACE into aly_test (id,R_REGIONKEY,R_NAME ,R_COMMENT) VALUES (4,4,'chen2','gang')]===
dble:[[]]
===file:syntax/replace.sql, id:22, sql:[SELECT * FROM aly_test]===
dble:[[(4L, 4L, 'chen2', 'gang')]]
===file:syntax/replace.sql, id:23, sql:[REPLACE into aly_test (id,R_REGIONKEY,R_NAME ,R_COMMENT) VALUES (4,4,'tyest','gang')]===
dble:[[]]
===file:syntax/replace.sql, id:24, sql:[SELECT * FROM aly_test]===
dble:[[(4L, 4L, 'tyest', 'gang')]]
===file:syntax/replace.sql, id:26, sql:[drop table if exists aly_test]===
dble:[[]]
===file:syntax/replace.sql, id:27, sql:[create table aly_test (id int(11) primary key,R_REGIONKEY int(11) default 10,R_NAME varchar(50),R_COMMENT varchar(50))]===
dble:[[]]
===file:syntax/replace.sql, id:28, sql:[insert into aly_test (id,R_REGIONKEY,R_NAME,R_COMMENT) VALUES (1,1, 'Eastern','test001'),(3,3, 'Northern','test003'),(2,2, 'Western','test002'),(4,4, 'Southern','test004')]===
dble:[[]]
===file:syntax/replace.sql, id:29, sql:[REPLACE aly_test set id=1,R_REGIONKEY=1,R_NAME='chen']===
dble:[[]]
===file:syntax/replace.sql, id:30, sql:[SELECT * FROM aly_test]===
dble:[[(1L, 1L, 'chen', None), (2L, 2L, 'Western', 'test002'), (3L, 3L, 'Northern', 'test003'), (4L, 4L, 'Southern', 'test004')]]
===file:syntax/replace.sql, id:32, sql:[DELETE FROM aly_test]===
dble:[[]]
===file:syntax/replace.sql, id:33, sql:[insert into aly_test (id,R_REGIONKEY,R_NAME,R_COMMENT) VALUES (1,1, 'Eastern','test001'),(3,3, 'Northern','test003'),(2,2, 'Western','test002'),(4,4, 'Southern','test004')]===
dble:[[]]
===file:syntax/replace.sql, id:34, sql:[REPLACE into aly_test set id=1,R_REGIONKEY=1,R_NAME='chen']===
dble:[[]]
===file:syntax/replace.sql, id:35, sql:[SELECT * FROM aly_test]===
dble:[[(1L, 1L, 'chen', None), (2L, 2L, 'Western', 'test002'), (3L, 3L, 'Northern', 'test003'), (4L, 4L, 'Southern', 'test004')]]
===file:syntax/replace.sql, id:36, sql:[DELETE FROM aly_test]===
dble:[[]]
===file:syntax/replace.sql, id:37, sql:[insert into aly_test (id,R_REGIONKEY,R_NAME,R_COMMENT) VALUES (1,1, 'Eastern','test001'),(3,3, 'Northern','test003'),(2,2, 'Western','test002'),(4,4, 'Southern','test004')]===
dble:[[]]
===file:syntax/replace.sql, id:38, sql:[REPLACE into aly_test set id=1,R_REGIONKEY=1+4,R_NAME='chen']===
dble:[[]]
===file:syntax/replace.sql, id:39, sql:[SELECT * FROM aly_test]===
dble:[[(1L, 5L, 'chen', None), (2L, 2L, 'Western', 'test002'), (3L, 3L, 'Northern', 'test003'), (4L, 4L, 'Southern', 'test004')]]
===file:syntax/replace.sql, id:40, sql:[DELETE FROM aly_test]===
dble:[[]]
===file:syntax/replace.sql, id:41, sql:[insert into aly_test (id,R_REGIONKEY,R_NAME,R_COMMENT) VALUES (1,1, 'Eastern','test001'),(3,3, 'Northern','test003'),(2,2, 'Western','test002'),(4,4, 'Southern','test004')]===
dble:[[]]
===file:syntax/replace.sql, id:42, sql:[REPLACE into aly_test set id=1,R_NAME=default]===
dble:[[]]
===file:syntax/replace.sql, id:43, sql:[SELECT * FROM aly_test]===
dble:[[(1L, 10L, None, None), (2L, 2L, 'Western', 'test002'), (3L, 3L, 'Northern', 'test003'), (4L, 4L, 'Southern', 'test004')]]
===file:syntax/replace.sql, id:44, sql:[drop table if exists aly_test]===
dble:[[]]
===file:syntax/replace.sql, id:45, sql:[create table aly_test (id int(11),R_REGIONKEY int(11) primary key default 10,R_NAME varchar(50),R_COMMENT varchar(50))]===
dble:[[]]
===file:syntax/replace.sql, id:46, sql:[insert into aly_test (id,R_REGIONKEY,R_NAME,R_COMMENT) VALUES (1,1, 'Eastern','test001'),(3,3, 'Northern','test003'),(2,2, 'Western','test002'),(4,4, 'Southern','test004')]===
dble:[[]]
===file:syntax/replace.sql, id:47, sql:[REPLACE into aly_test set id=1,R_REGIONKEY=default(R_REGIONKEY)+1]===
dble:[[]]
===file:syntax/replace.sql, id:48, sql:[SELECT * FROM aly_test]===
dble:[[(1L, 1L, 'Eastern', 'test001'), (1L, 11L, None, None), (2L, 2L, 'Western', 'test002'), (3L, 3L, 'Northern', 'test003'), (4L, 4L, 'Southern', 'test004')]]
===file:syntax/replace.sql, id:51, sql:[drop table if exists global_table1]===
dble:[[]]
===file:syntax/replace.sql, id:52, sql:[create table global_table1 (id int(11),R_REGIONKEY int(11) primary key,R_NAME varchar(50),R_COMMENT varchar(50))]===
dble:[[]]
===file:syntax/replace.sql, id:53, sql:[REPLACE global_table1 VALUE(1,1,'chen','gang')]===
dble:[[]]
===file:syntax/replace.sql, id:54, sql:[SELECT id,R_REGIONKEY,R_NAME,R_COMMENT FROM global_table1]===
dble:[[(1L, 1L, 'chen', 'gang')]]
===file:syntax/replace.sql, id:56, sql:[DELETE FROM global_table1]===
dble:[[]]
===file:syntax/replace.sql, id:57, sql:[REPLACE global_table1 VALUES (4,4,'chen2','gang'),(5,3,'chen3','gang')]===
dble:[[]]
===file:syntax/replace.sql, id:58, sql:[SELECT id,R_REGIONKEY,R_NAME,R_COMMENT FROM global_table1]===
dble:[[(4L, 4L, 'chen2', 'gang'), (5L, 3L, 'chen3', 'gang')]]
===file:syntax/replace.sql, id:60, sql:[DELETE FROM global_table1]===
dble:[[]]
===file:syntax/replace.sql, id:61, sql:[REPLACE global_table1 VALUE(1,1,DEFAULT,'gang')]===
dble:[[]]
===file:syntax/replace.sql, id:62, sql:[SELECT id,R_REGIONKEY,R_NAME,R_COMMENT FROM global_table1]===
dble:[[(1L, 1L, None, 'gang')]]
===file:syntax/replace.sql, id:64, sql:[DELETE FROM global_table1]===
dble:[[]]
===file:syntax/replace.sql, id:65, sql:[REPLACE global_table1 VALUE(1,1+1,'chen','gang')]===
dble:[[]]
===file:syntax/replace.sql, id:66, sql:[SELECT id,R_REGIONKEY,R_NAME,R_COMMENT FROM global_table1]===
dble:[[(1L, 2L, 'chen', 'gang')]]
===file:syntax/replace.sql, id:68, sql:[DELETE FROM global_table1]===
dble:[[]]
===file:syntax/replace.sql, id:69, sql:[REPLACE into global_table1 (id,R_REGIONKEY,R_NAME ,R_COMMENT) VALUES (4,4,'chen2','gang')]===
dble:[[]]
===file:syntax/replace.sql, id:70, sql:[SELECT id,R_REGIONKEY,R_NAME,R_COMMENT FROM global_table1]===
dble:[[(4L, 4L, 'chen2', 'gang')]]
===file:syntax/replace.sql, id:71, sql:[REPLACE into global_table1 (id,R_REGIONKEY,R_NAME ,R_COMMENT) VALUES (4,4,'tyest','gang')]===
dble:[[]]
===file:syntax/replace.sql, id:72, sql:[SELECT id,R_REGIONKEY,R_NAME,R_COMMENT FROM global_table1]===
dble:[[(4L, 4L, 'tyest', 'gang')]]
===file:syntax/replace.sql, id:74, sql:[drop table if exists global_table1]===
dble:[[]]
===file:syntax/replace.sql, id:75, sql:[create table global_table1 (id int(11),R_REGIONKEY int(11) primary key default 10,R_NAME varchar(50),R_COMMENT varchar(50))]===
dble:[[]]
===file:syntax/replace.sql, id:76, sql:[insert into global_table1 (id,R_REGIONKEY,R_NAME,R_COMMENT) VALUES (1,1, 'Eastern','test001'),(3,3, 'Northern','test003'),(2,2, 'Western','test002'),(4,4, 'Southern','test004')]===
dble:[[]]
===file:syntax/replace.sql, id:77, sql:[REPLACE global_table1 set id=1,R_REGIONKEY=1,R_NAME='chen']===
dble:[[]]
===file:syntax/replace.sql, id:78, sql:[SELECT id,R_REGIONKEY,R_NAME,R_COMMENT FROM global_table1]===
dble:[[(1L, 1L, 'chen', None), (2L, 2L, 'Western', 'test002'), (3L, 3L, 'Northern', 'test003'), (4L, 4L, 'Southern', 'test004')]]
===file:syntax/replace.sql, id:80, sql:[DELETE FROM global_table1]===
dble:[[]]
===file:syntax/replace.sql, id:81, sql:[insert into global_table1 (id,R_REGIONKEY,R_NAME,R_COMMENT) VALUES (1,1, 'Eastern','test001'),(3,3, 'Northern','test003'),(2,2, 'Western','test002'),(4,4, 'Southern','test004')]===
dble:[[]]
===file:syntax/replace.sql, id:82, sql:[REPLACE into global_table1 set id=1,R_REGIONKEY=1,R_NAME='chen']===
dble:[[]]
===file:syntax/replace.sql, id:83, sql:[SELECT id,R_REGIONKEY,R_NAME,R_COMMENT FROM global_table1]===
dble:[[(1L, 1L, 'chen', None), (2L, 2L, 'Western', 'test002'), (3L, 3L, 'Northern', 'test003'), (4L, 4L, 'Southern', 'test004')]]
===file:syntax/replace.sql, id:84, sql:[DELETE FROM global_table1]===
dble:[[]]
===file:syntax/replace.sql, id:85, sql:[insert into global_table1 (id,R_REGIONKEY,R_NAME,R_COMMENT) VALUES (1,1, 'Eastern','test001'),(3,3, 'Northern','test003'),(2,2, 'Western','test002'),(4,4, 'Southern','test004')]===
dble:[[]]
===file:syntax/replace.sql, id:86, sql:[REPLACE into global_table1 set id=1,R_REGIONKEY=1+4,R_NAME='chen']===
dble:[[]]
===file:syntax/replace.sql, id:87, sql:[SELECT id,R_REGIONKEY,R_NAME,R_COMMENT FROM global_table1]===
dble:[[(1L, 1L, 'Eastern', 'test001'), (1L, 5L, 'chen', None), (2L, 2L, 'Western', 'test002'), (3L, 3L, 'Northern', 'test003'), (4L, 4L, 'Southern', 'test004')]]
===file:syntax/replace.sql, id:88, sql:[DELETE FROM global_table1]===
dble:[[]]
===file:syntax/replace.sql, id:89, sql:[insert into global_table1 (id,R_REGIONKEY,R_NAME,R_COMMENT) VALUES (1,1, 'Eastern','test001'),(3,3, 'Northern','test003'),(2,2, 'Western','test002'),(4,4, 'Southern','test004')]===
dble:[[]]
===file:syntax/replace.sql, id:90, sql:[REPLACE into global_table1 set id=1,R_NAME=default]===
dble:[[]]
===file:syntax/replace.sql, id:91, sql:[SELECT id,R_REGIONKEY,R_NAME,R_COMMENT FROM global_table1]===
dble:[[(1L, 1L, 'Eastern', 'test001'), (1L, 10L, None, None), (2L, 2L, 'Western', 'test002'), (3L, 3L, 'Northern', 'test003'), (4L, 4L, 'Southern', 'test004')]]
===file:syntax/replace.sql, id:92, sql:[drop table if exists global_table1]===
dble:[[]]
===file:syntax/replace.sql, id:93, sql:[create table global_table1 (id int(11),R_REGIONKEY int(11) primary key default 10,R_NAME varchar(50),R_COMMENT varchar(50))]===
dble:[[]]
===file:syntax/replace.sql, id:94, sql:[insert into global_table1 (id,R_REGIONKEY,R_NAME,R_COMMENT) VALUES (1,1, 'Eastern','test001'),(3,3, 'Northern','test003'),(2,2, 'Western','test002'),(4,4, 'Southern','test004')]===
dble:[[]]
===file:syntax/replace.sql, id:95, sql:[REPLACE into global_table1 set id=1,R_REGIONKEY=default(R_REGIONKEY)+1]===
dble:[[]]
===file:syntax/replace.sql, id:96, sql:[SELECT id,R_REGIONKEY,R_NAME,R_COMMENT FROM global_table1]===
dble:[[(1L, 1L, 'Eastern', 'test001'), (1L, 11L, None, None), (2L, 2L, 'Western', 'test002'), (3L, 3L, 'Northern', 'test003'), (4L, 4L, 'Southern', 'test004')]]
===file:syntax/replace.sql, id:99, sql:[drop table if exists test_no_shard]===
dble:[[]]
===file:syntax/replace.sql, id:100, sql:[create table test_no_shard (id int(11),R_REGIONKEY int(11) primary key,R_NAME varchar(50),R_COMMENT varchar(50))]===
dble:[[]]
===file:syntax/replace.sql, id:101, sql:[REPLACE test_no_shard VALUE(1,1,'chen','gang')]===
dble:[[]]
===file:syntax/replace.sql, id:102, sql:[SELECT * FROM test_no_shard]===
dble:[[(1L, 1L, 'chen', 'gang')]]
===file:syntax/replace.sql, id:104, sql:[DELETE FROM test_no_shard]===
dble:[[]]
===file:syntax/replace.sql, id:105, sql:[REPLACE test_no_shard VALUES (4,4,'chen2','gang'),(5,3,'chen3','gang')]===
dble:[[]]
===file:syntax/replace.sql, id:106, sql:[SELECT * FROM test_no_shard]===
dble:[[(4L, 4L, 'chen2', 'gang'), (5L, 3L, 'chen3', 'gang')]]
===file:syntax/replace.sql, id:108, sql:[DELETE FROM test_no_shard]===
dble:[[]]
===file:syntax/replace.sql, id:109, sql:[REPLACE test_no_shard VALUE(1,1,DEFAULT,'gang')]===
dble:[[]]
===file:syntax/replace.sql, id:110, sql:[SELECT * FROM test_no_shard]===
dble:[[(1L, 1L, None, 'gang')]]
===file:syntax/replace.sql, id:112, sql:[DELETE FROM test_no_shard]===
dble:[[]]
===file:syntax/replace.sql, id:113, sql:[REPLACE test_no_shard VALUE(1,1+1,'chen','gang')]===
dble:[[]]
===file:syntax/replace.sql, id:114, sql:[SELECT * FROM test_no_shard]===
dble:[[(1L, 2L, 'chen', 'gang')]]
===file:syntax/replace.sql, id:116, sql:[DELETE FROM test_no_shard]===
dble:[[]]
===file:syntax/replace.sql, id:117, sql:[REPLACE into test_no_shard (id,R_REGIONKEY,R_NAME ,R_COMMENT) VALUES (4,4,'chen2','gang')]===
dble:[[]]
===file:syntax/replace.sql, id:118, sql:[SELECT * FROM test_no_shard]===
dble:[[(4L, 4L, 'chen2', 'gang')]]
===file:syntax/replace.sql, id:119, sql:[REPLACE into test_no_shard (id,R_REGIONKEY,R_NAME ,R_COMMENT) VALUES (4,4,'tyest','gang')]===
dble:[[]]
===file:syntax/replace.sql, id:120, sql:[SELECT * FROM test_no_shard]===
dble:[[(4L, 4L, 'tyest', 'gang')]]
===file:syntax/replace.sql, id:122, sql:[drop table if exists test_no_shard]===
dble:[[]]
===file:syntax/replace.sql, id:123, sql:[create table test_no_shard (id int(11),R_REGIONKEY int(11) primary key default 10,R_NAME varchar(50),R_COMMENT varchar(50))]===
dble:[[]]
===file:syntax/replace.sql, id:124, sql:[insert into test_no_shard (id,R_REGIONKEY,R_NAME,R_COMMENT) VALUES (1,1, 'Eastern','test001'),(3,3, 'Northern','test003'),(2,2, 'Western','test002'),(4,4, 'Southern','test004')]===
dble:[[]]
===file:syntax/replace.sql, id:125, sql:[REPLACE test_no_shard set id=1,R_REGIONKEY=1,R_NAME='chen']===
dble:[[]]
===file:syntax/replace.sql, id:126, sql:[SELECT * FROM test_no_shard]===
dble:[[(1L, 1L, 'chen', None), (2L, 2L, 'Western', 'test002'), (3L, 3L, 'Northern', 'test003'), (4L, 4L, 'Southern', 'test004')]]
===file:syntax/replace.sql, id:128, sql:[DELETE FROM test_no_shard]===
dble:[[]]
===file:syntax/replace.sql, id:129, sql:[insert into test_no_shard (id,R_REGIONKEY,R_NAME,R_COMMENT) VALUES (1,1, 'Eastern','test001'),(3,3, 'Northern','test003'),(2,2, 'Western','test002'),(4,4, 'Southern','test004')]===
dble:[[]]
===file:syntax/replace.sql, id:130, sql:[REPLACE into test_no_shard set id=1,R_REGIONKEY=1,R_NAME='chen']===
dble:[[]]
===file:syntax/replace.sql, id:131, sql:[SELECT * FROM test_no_shard]===
dble:[[(1L, 1L, 'chen', None), (2L, 2L, 'Western', 'test002'), (3L, 3L, 'Northern', 'test003'), (4L, 4L, 'Southern', 'test004')]]
===file:syntax/replace.sql, id:132, sql:[DELETE FROM test_no_shard]===
dble:[[]]
===file:syntax/replace.sql, id:133, sql:[insert into test_no_shard (id,R_REGIONKEY,R_NAME,R_COMMENT) VALUES (1,1, 'Eastern','test001'),(3,3, 'Northern','test003'),(2,2, 'Western','test002'),(4,4, 'Southern','test004')]===
dble:[[]]
===file:syntax/replace.sql, id:134, sql:[REPLACE into test_no_shard set id=1,R_REGIONKEY=1+4,R_NAME='chen']===
dble:[[]]
===file:syntax/replace.sql, id:135, sql:[SELECT * FROM test_no_shard]===
dble:[[(1L, 1L, 'Eastern', 'test001'), (1L, 5L, 'chen', None), (2L, 2L, 'Western', 'test002'), (3L, 3L, 'Northern', 'test003'), (4L, 4L, 'Southern', 'test004')]]
===file:syntax/replace.sql, id:136, sql:[DELETE FROM test_no_shard]===
dble:[[]]
===file:syntax/replace.sql, id:137, sql:[insert into test_no_shard (id,R_REGIONKEY,R_NAME,R_COMMENT) VALUES (1,1, 'Eastern','test001'),(3,3, 'Northern','test003'),(2,2, 'Western','test002'),(4,4, 'Southern','test004')]===
dble:[[]]
===file:syntax/replace.sql, id:138, sql:[REPLACE into test_no_shard set id=1,R_NAME=default]===
dble:[[]]
===file:syntax/replace.sql, id:139, sql:[SELECT * FROM test_no_shard]===
dble:[[(1L, 1L, 'Eastern', 'test001'), (1L, 10L, None, None), (2L, 2L, 'Western', 'test002'), (3L, 3L, 'Northern', 'test003'), (4L, 4L, 'Southern', 'test004')]]
===file:syntax/replace.sql, id:140, sql:[drop table if exists test_no_shard]===
dble:[[]]
===file:syntax/replace.sql, id:141, sql:[create table test_no_shard (id int(11),R_REGIONKEY int(11) primary key default 10,R_NAME varchar(50),R_COMMENT varchar(50))]===
dble:[[]]
===file:syntax/replace.sql, id:142, sql:[insert into test_no_shard (id,R_REGIONKEY,R_NAME,R_COMMENT) VALUES (1,1, 'Eastern','test001'),(3,3, 'Northern','test003'),(2,2, 'Western','test002'),(4,4, 'Southern','test004')]===
dble:[[]]
===file:syntax/replace.sql, id:143, sql:[REPLACE into test_no_shard set id=1,R_REGIONKEY=default(R_REGIONKEY)+1]===
dble:[[]]
===file:syntax/replace.sql, id:144, sql:[SELECT * FROM test_no_shard]===
dble:[[(1L, 1L, 'Eastern', 'test001'), (1L, 11L, None, None), (2L, 2L, 'Western', 'test002'), (3L, 3L, 'Northern', 'test003'), (4L, 4L, 'Southern', 'test004')]]
===file:syntax/replace.sql, id:145, sql:[drop table if exists test_no_shard]===
dble:[[]]
===file:syntax/replace.sql, id:146, sql:[drop table if exists test]===
dble:[[]]
===file:syntax/replace.sql, id:147, sql:[create table test_no_shard (id int(11),R_REGIONKEY int(11) primary key,R_NAME varchar(50),R_COMMENT varchar(50))]===
dble:[[]]
===file:syntax/replace.sql, id:148, sql:[create table test (id int(11),R_REGIONKEY int(11) primary key,R_NAME varchar(50),R_COMMENT varchar(50))]===
dble:[[]]
===file:syntax/replace.sql, id:149, sql:[insert into test (id,R_REGIONKEY,R_NAME,R_COMMENT) values (1,1, 'Eastern','test001'),(3,3, 'Northern','test003'),(2,2, 'Western','test002'),(4,4, 'Southern','test004')]===
dble:[[]]
===file:syntax/replace.sql, id:150, sql:[replace test_no_shard select * from test where id<4]===
dble:[[]]
===file:syntax/replace.sql, id:151, sql:[select * from test_no_shard]===
dble:[[(1L, 1L, 'Eastern', 'test001'), (2L, 2L, 'Western', 'test002'), (3L, 3L, 'Northern', 'test003')]]
===file:syntax/replace.sql, id:152, sql:[replace test_no_shard set id=4,R_REGIONKEY=4]===
dble:[[]]
===file:syntax/replace.sql, id:153, sql:[replace test_no_shard select * from test where id=4]===
dble:[[]]
===file:syntax/replace.sql, id:154, sql:[select * from test_no_shard]===
dble:[[(1L, 1L, 'Eastern', 'test001'), (2L, 2L, 'Western', 'test002'), (3L, 3L, 'Northern', 'test003'), (4L, 4L, 'Southern', 'test004')]]
===file:syntax/replace.sql, id:155, sql:[drop table if exists test_no_shard]===
dble:[[]]
===file:syntax/replace.sql, id:156, sql:[drop table if exists test]===
dble:[[]]
===file:syntax/replace.sql, id:157, sql:[create table test_no_shard (id int(11),R_REGIONKEY int(11) primary key,R_NAME varchar(50),R_COMMENT varchar(50))]===
dble:[[]]
===file:syntax/replace.sql, id:158, sql:[create table test (id int(11),R_REGIONKEY int(11) primary key,R_NAME varchar(50),R_COMMENT varchar(50))]===
dble:[[]]
===file:syntax/replace.sql, id:159, sql:[insert into test (id,R_REGIONKEY,R_NAME,R_COMMENT) values (1,1, 'Eastern','test001'),(3,3, 'Northern','test003'),(2,2, 'Western','test002'),(4,4, 'Southern','test004')]===
dble:[[]]
===file:syntax/replace.sql, id:160, sql:[replace test_no_shard select * from test where id<4]===
dble:[[]]
===file:syntax/replace.sql, id:161, sql:[select * from test_no_shard]===
dble:[[(1L, 1L, 'Eastern', 'test001'), (2L, 2L, 'Western', 'test002'), (3L, 3L, 'Northern', 'test003')]]
===file:syntax/replace.sql, id:162, sql:[drop table if exists test_no_shard]===
dble:[[]]
===file:syntax/replace.sql, id:163, sql:[drop table if exists test]===
dble:[[]]
===file:syntax/replace.sql, id:164, sql:[create table test_no_shard (id int(11),R_REGIONKEY int(11) primary key,R_NAME varchar(50),R_COMMENT varchar(50))]===
dble:[[]]
===file:syntax/replace.sql, id:165, sql:[create table test (id int(11),R_REGIONKEY int(11) primary key,R_NAME varchar(50),R_COMMENT varchar(50))]===
dble:[[]]
===file:syntax/replace.sql, id:166, sql:[insert into test_no_shard (id,R_REGIONKEY,R_NAME,R_COMMENT) values (1,1, 'test','test'),(3,3, 'test','test'),(2,2, 'test','test'),(4,4, 'test','test')]===
dble:[[]]
===file:syntax/replace.sql, id:167, sql:[insert into test (id,R_REGIONKEY,R_NAME,R_COMMENT) values (1,1, 'Eastern','test001'),(3,3, 'Northern','test003'),(2,2, 'Western','test002'),(4,4, 'Southern','test004')]===
dble:[[]]
===file:syntax/replace.sql, id:168, sql:[replace into test_no_shard(id,R_REGIONKEY,R_NAME) select id,R_REGIONKEY,R_COMMENT from test]===
dble:[[]]
===file:syntax/replace.sql, id:169, sql:[select * from test_no_shard]===
dble:[[(1L, 1L, 'test001', None), (2L, 2L, 'test002', None), (3L, 3L, 'test003', None), (4L, 4L, 'test004', None)]]
