===file:syntax/show.sql, id:1, sql:[drop table if exists aly_test]===
dble:[[]]
===file:syntax/show.sql, id:2, sql:[drop table if exists aly_order]===
dble:[[]]
===file:syntax/show.sql, id:3, sql:[create table aly_order (ID int(11),O_ORDERKEY varchar(20) primary key,O_CUSTKEY varchar(20),O_TOTALPRICE int(20),MYDATE date)]===
dble:[[]]
===file:syntax/show.sql, id:4, sql:[create table aly_test (ID int(11),R_REGIONKEY int(11) primary key,R_NAME varchar(50),R_COMMENT varchar(50))]===
dble:[[]]
===file:syntax/show.sql, id:5, sql:[insert into aly_order (ID,O_ORDERKEY,O_CUSTKEY,O_TOTALPRICE,MYDATE) values (1,'ORDERKEY_001','CUSTKEY_003',200000,'20141022'),(2,'ORDERKEY_002','CUSTKEY_003',100000,'19920501'),(4,'ORDERKEY_004','CUSTKEY_111',500,'20080105'),(5,'ORDERKEY_005','CUSTKEY_132',100,'19920628'),(10,'ORDERKEY_010','CUSTKEY_333',88888888,'19920720'),(11,'ORDERKEY_011','CUSTKEY_012',323456,'19920822'),(7,'ORDERKEY_007','CUSTKEY_980',12000,'19920910'),(6,'ORDERKEY_006','CUSTKEY_420',231,'19921111')]===
dble:[[]]
===file:syntax/show.sql, id:6, sql:[insert into aly_test (ID,R_REGIONKEY,R_NAME,R_COMMENT) values (1,1,'Eastern','test001'),(3,3,'Northern','test003'),(2,2,'Western','test002'),(4,4,'Southern','test004')]===
dble:[[]]
===file:syntax/show.sql, id:11, sql:[show full columns from aly_order from mytest]===
dble:[[('ID', 'int(11)', None, 'YES', '', None, '', 'select,insert,update,references', ''), ('MYDATE', 'date', None, 'YES', '', None, '', 'select,insert,update,references', ''), ('O_CUSTKEY', 'varchar(20)', 'latin1_swedish_ci', 'YES', '', None, '', 'select,insert,update,references', ''), ('O_ORDERKEY', 'varchar(20)', 'latin1_swedish_ci', 'NO', 'PRI', None, '', 'select,insert,update,references', ''), ('O_TOTALPRICE', 'int(20)', None, 'YES', '', None, '', 'select,insert,update,references', '')]]
===file:syntax/show.sql, id:12, sql:[show full columns from aly_order from mytest like 'o%']===
dble:[[('O_CUSTKEY', 'varchar(20)', 'latin1_swedish_ci', 'YES', '', None, '', 'select,insert,update,references', ''), ('O_ORDERKEY', 'varchar(20)', 'latin1_swedish_ci', 'NO', 'PRI', None, '', 'select,insert,update,references', ''), ('O_TOTALPRICE', 'int(20)', None, 'YES', '', None, '', 'select,insert,update,references', '')]]
===file:syntax/show.sql, id:13, sql:[show full columns from aly_order from mytest where field like 'o%']===
dble:[[('O_CUSTKEY', 'varchar(20)', 'latin1_swedish_ci', 'YES', '', None, '', 'select,insert,update,references', ''), ('O_ORDERKEY', 'varchar(20)', 'latin1_swedish_ci', 'NO', 'PRI', None, '', 'select,insert,update,references', ''), ('O_TOTALPRICE', 'int(20)', None, 'YES', '', None, '', 'select,insert,update,references', '')]]
===file:syntax/show.sql, id:16, sql:[show tables/*allow_diff*/]===
dble:[[('a_manager',), ('a_order',), ('a_test',), ('a_three',), ('aly_order',), ('aly_test',), ('enum_patch_integer',), ('global_table1',), ('global_table2',), ('mytest_auto_test1',), ('sbtest1',), ('sbtest2',), ('tb_test',), ('test_global',)]]
mysql:[[('a_manager',), ('a_manager_no_shard',), ('a_order',), ('a_order_no_shard',), ('a_test',), ('a_test_no_shard',), ('a_three',), ('a_two',), ('aly_order',), ('aly_test',), ('enum_patch_integer',), ('global_table1',), ('global_table2',), ('global_table3',), ('mytest_auto_test1',), ('mytest_global1',), ('mytest_test1',), ('sbtest1',), ('sbtest2',), ('shop',), ('t1',), ('t2',), ('t3',), ('ta',), ('table_guest_comments',), ('table_member_comments',), ('tb',), ('tc',), ('test',), ('test_global',), ('test_no_shard',)]]
===file:syntax/show.sql, id:17, sql:[show full tables]===
dble:[[('a_manager', 'BASE TABLE'), ('a_manager_no_shard', 'BASE TABLE'), ('a_order', 'BASE TABLE'), ('a_order_no_shard', 'BASE TABLE'), ('a_test', 'BASE TABLE'), ('a_test_no_shard', 'BASE TABLE'), ('a_three', 'BASE TABLE'), ('a_two', 'BASE TABLE'), ('aly_order', 'BASE TABLE'), ('aly_test', 'BASE TABLE'), ('enum_patch_integer', 'BASE TABLE'), ('global_table1', 'BASE TABLE'), ('global_table2', 'BASE TABLE'), ('global_table3', 'BASE TABLE'), ('mytest_auto_test1', 'BASE TABLE'), ('mytest_global1', 'BASE TABLE'), ('mytest_test1', 'BASE TABLE'), ('sbtest1', 'BASE TABLE'), ('sbtest2', 'BASE TABLE'), ('shop', 'BASE TABLE'), ('t1', 'BASE TABLE'), ('t2', 'BASE TABLE'), ('t3', 'BASE TABLE'), ('ta', 'BASE TABLE'), ('table_guest_comments', 'BASE TABLE'), ('table_member_comments', 'BASE TABLE'), ('tb', 'BASE TABLE'), ('tc', 'BASE TABLE'), ('test', 'BASE TABLE'), ('test_global', 'BASE TABLE'), ('test_no_shard', 'BASE TABLE')]]
===file:syntax/show.sql, id:18, sql:[show tables from mytest]===
dble:[[('a_manager',), ('a_manager_no_shard',), ('a_order',), ('a_order_no_shard',), ('a_test',), ('a_test_no_shard',), ('a_three',), ('a_two',), ('aly_order',), ('aly_test',), ('enum_patch_integer',), ('global_table1',), ('global_table2',), ('global_table3',), ('mytest_auto_test1',), ('mytest_global1',), ('mytest_test1',), ('sbtest1',), ('sbtest2',), ('shop',), ('t1',), ('t2',), ('t3',), ('ta',), ('table_guest_comments',), ('table_member_comments',), ('tb',), ('tc',), ('test',), ('test_global',), ('test_no_shard',)]]
===file:syntax/show.sql, id:19, sql:[show tables in mytest]===
dble:[[('a_manager',), ('a_manager_no_shard',), ('a_order',), ('a_order_no_shard',), ('a_test',), ('a_test_no_shard',), ('a_three',), ('a_two',), ('aly_order',), ('aly_test',), ('enum_patch_integer',), ('global_table1',), ('global_table2',), ('global_table3',), ('mytest_auto_test1',), ('mytest_global1',), ('mytest_test1',), ('sbtest1',), ('sbtest2',), ('shop',), ('t1',), ('t2',), ('t3',), ('ta',), ('table_guest_comments',), ('table_member_comments',), ('tb',), ('tc',), ('test',), ('test_global',), ('test_no_shard',)]]
===file:syntax/show.sql, id:20, sql:[show full tables from mytest]===
dble:[[('a_manager', 'BASE TABLE'), ('a_manager_no_shard', 'BASE TABLE'), ('a_order', 'BASE TABLE'), ('a_order_no_shard', 'BASE TABLE'), ('a_test', 'BASE TABLE'), ('a_test_no_shard', 'BASE TABLE'), ('a_three', 'BASE TABLE'), ('a_two', 'BASE TABLE'), ('aly_order', 'BASE TABLE'), ('aly_test', 'BASE TABLE'), ('enum_patch_integer', 'BASE TABLE'), ('global_table1', 'BASE TABLE'), ('global_table2', 'BASE TABLE'), ('global_table3', 'BASE TABLE'), ('mytest_auto_test1', 'BASE TABLE'), ('mytest_global1', 'BASE TABLE'), ('mytest_test1', 'BASE TABLE'), ('sbtest1', 'BASE TABLE'), ('sbtest2', 'BASE TABLE'), ('shop', 'BASE TABLE'), ('t1', 'BASE TABLE'), ('t2', 'BASE TABLE'), ('t3', 'BASE TABLE'), ('ta', 'BASE TABLE'), ('table_guest_comments', 'BASE TABLE'), ('table_member_comments', 'BASE TABLE'), ('tb', 'BASE TABLE'), ('tc', 'BASE TABLE'), ('test', 'BASE TABLE'), ('test_global', 'BASE TABLE'), ('test_no_shard', 'BASE TABLE')]]
===file:syntax/show.sql, id:21, sql:[show full tables in mytest]===
dble:[[('a_manager', 'BASE TABLE'), ('a_manager_no_shard', 'BASE TABLE'), ('a_order', 'BASE TABLE'), ('a_order_no_shard', 'BASE TABLE'), ('a_test', 'BASE TABLE'), ('a_test_no_shard', 'BASE TABLE'), ('a_three', 'BASE TABLE'), ('a_two', 'BASE TABLE'), ('aly_order', 'BASE TABLE'), ('aly_test', 'BASE TABLE'), ('enum_patch_integer', 'BASE TABLE'), ('global_table1', 'BASE TABLE'), ('global_table2', 'BASE TABLE'), ('global_table3', 'BASE TABLE'), ('mytest_auto_test1', 'BASE TABLE'), ('mytest_global1', 'BASE TABLE'), ('mytest_test1', 'BASE TABLE'), ('sbtest1', 'BASE TABLE'), ('sbtest2', 'BASE TABLE'), ('shop', 'BASE TABLE'), ('t1', 'BASE TABLE'), ('t2', 'BASE TABLE'), ('t3', 'BASE TABLE'), ('ta', 'BASE TABLE'), ('table_guest_comments', 'BASE TABLE'), ('table_member_comments', 'BASE TABLE'), ('tb', 'BASE TABLE'), ('tc', 'BASE TABLE'), ('test', 'BASE TABLE'), ('test_global', 'BASE TABLE'), ('test_no_shard', 'BASE TABLE')]]
===file:syntax/show.sql, id:22, sql:[show tables like 'aly_o%']===
dble:[[('aly_order',)]]
===file:syntax/show.sql, id:23, sql:[show full tables from mytest like 'test%']===
dble:[[('test', 'BASE TABLE'), ('test_global', 'BASE TABLE'), ('test_no_shard', 'BASE TABLE')]]
===file:syntax/show.sql, id:24, sql:[show full tables in mytest where table_type like 'base%']===
dble:[[('a_manager', 'BASE TABLE'), ('a_manager_no_shard', 'BASE TABLE'), ('a_order', 'BASE TABLE'), ('a_order_no_shard', 'BASE TABLE'), ('a_test', 'BASE TABLE'), ('a_test_no_shard', 'BASE TABLE'), ('a_three', 'BASE TABLE'), ('a_two', 'BASE TABLE'), ('aly_order', 'BASE TABLE'), ('aly_test', 'BASE TABLE'), ('enum_patch_integer', 'BASE TABLE'), ('global_table1', 'BASE TABLE'), ('global_table2', 'BASE TABLE'), ('global_table3', 'BASE TABLE'), ('mytest_auto_test1', 'BASE TABLE'), ('mytest_global1', 'BASE TABLE'), ('mytest_test1', 'BASE TABLE'), ('sbtest1', 'BASE TABLE'), ('sbtest2', 'BASE TABLE'), ('shop', 'BASE TABLE'), ('t1', 'BASE TABLE'), ('t2', 'BASE TABLE'), ('t3', 'BASE TABLE'), ('ta', 'BASE TABLE'), ('table_guest_comments', 'BASE TABLE'), ('table_member_comments', 'BASE TABLE'), ('tb', 'BASE TABLE'), ('tc', 'BASE TABLE'), ('test', 'BASE TABLE'), ('test_global', 'BASE TABLE'), ('test_no_shard', 'BASE TABLE')]]
===file:syntax/show.sql, id:25, sql:[create INDEX index_001 ON aly_test (ID)]===
dble:[[]]
===file:syntax/show.sql, id:38, sql:[drop index index_001 on aly_test]===
dble:[[]]
===file:syntax/show.sql, id:52, sql:[drop table if exists aly_test]===
dble:[[]]
===file:syntax/show.sql, id:53, sql:[drop table if exists aly_order]===
dble:[[]]
