===file:syntax/sysfunction1.sql, id:3, sql:[SELECT 1+'1']===
===file:syntax/sysfunction1.sql, id:4, sql:[SELECT CONCAT(2,' test')]===
===file:syntax/sysfunction1.sql, id:5, sql:[SELECT 38.8, CAST(38.8 AS CHAR)]===
===file:syntax/sysfunction1.sql, id:6, sql:[SELECT 38.8, CONCAT(38.8)]===
===file:syntax/sysfunction1.sql, id:7, sql:[SELECT 1 > '6x']===
===file:syntax/sysfunction1.sql, id:8, sql:[SELECT 7 > '6x']===
===file:syntax/sysfunction1.sql, id:9, sql:[SELECT '18015376320243458' = 18015376320243458]===
===file:syntax/sysfunction1.sql, id:10, sql:[SELECT '18015376320243459' = 18015376320243459]===
===file:syntax/sysfunction1.sql, id:11, sql:[SELECT '18015376320243459'+0.0]===
===file:syntax/sysfunction1.sql, id:12, sql:[SELECT CAST('18015376320243459' AS UNSIGNED) = 18015376320243459]===
===file:syntax/sysfunction1.sql, id:15, sql:[select BINARY 'a' = 'A']===
===file:syntax/sysfunction1.sql, id:16, sql:[select ! (1+1)]===
===file:syntax/sysfunction1.sql, id:17, sql:[select -1]===
===file:syntax/sysfunction1.sql, id:18, sql:[select ~1]===
===file:syntax/sysfunction1.sql, id:19, sql:[SELECT 1 ^ 1]===
===file:syntax/sysfunction1.sql, id:20, sql:[select 3*4]===
===file:syntax/sysfunction1.sql, id:21, sql:[SELECT 3/5]===
===file:syntax/sysfunction1.sql, id:22, sql:[SELECT 5 DIV 2, -5 DIV 2, 5 DIV -2, -5 DIV -2]===
===file:syntax/sysfunction1.sql, id:23, sql:[SELECT 7%2, 7 MOD 2]===
===file:syntax/sysfunction1.sql, id:24, sql:[SELECT 3-5]===
===file:syntax/sysfunction1.sql, id:25, sql:[SELECT 3+5]===
===file:syntax/sysfunction1.sql, id:26, sql:[SELECT 1 << 2]===
===file:syntax/sysfunction1.sql, id:27, sql:[SELECT 4 >> 2]===
===file:syntax/sysfunction1.sql, id:28, sql:[SELECT 5 & ~1]===
===file:syntax/sysfunction1.sql, id:29, sql:[SELECT 2 | 1]===
===file:syntax/sysfunction1.sql, id:30, sql:[SELECT 'a' = 'a ', 'a' LIKE 'a ']===
===file:syntax/sysfunction1.sql, id:31, sql:[SELECT 1 <=> 1, NULL <=> NULL, 1 <=> NULL]===
===file:syntax/sysfunction1.sql, id:32, sql:[select 1<2]===
===file:syntax/sysfunction1.sql, id:33, sql:[SELECT 1 <= 1]===
===file:syntax/sysfunction1.sql, id:34, sql:[SELECT 2 > 2]===
===file:syntax/sysfunction1.sql, id:35, sql:[SELECT 2 >= 2]===
===file:syntax/sysfunction1.sql, id:36, sql:[SELECT '.01' <> '0.01']===
===file:syntax/sysfunction1.sql, id:37, sql:[SELECT .01 <> '0.01']===
===file:syntax/sysfunction1.sql, id:38, sql:[SELECT .01 != '0.01']===
===file:syntax/sysfunction1.sql, id:39, sql:[SELECT 1 IS TRUE, 0 IS FALSE, NULL IS UNKNOWN]===
===file:syntax/sysfunction1.sql, id:40, sql:[SELECT 1 IS NOT UNKNOWN, 0 IS NOT UNKNOWN, NULL IS NOT UNKNOWN]===
===file:syntax/sysfunction1.sql, id:41, sql:[SELECT 1 IS NULL, 0 IS NULL, NULL IS NULL]===
===file:syntax/sysfunction1.sql, id:42, sql:[SELECT 1 IS NOT NULL, 0 IS NOT NULL, NULL IS NOT NULL]===
===file:syntax/sysfunction1.sql, id:43, sql:[SELECT 'David_' LIKE 'David|_' ESCAPE '|']===
===file:syntax/sysfunction1.sql, id:44, sql:[SELECT 10 NOT LIKE '1%']===
===file:syntax/sysfunction1.sql, id:45, sql:[SELECT 'Monty!' REGEXP '.*']===
===file:syntax/sysfunction1.sql, id:46, sql:[SELECT 'a' REGEXP 'A', 'a' REGEXP BINARY 'A']===
===file:syntax/sysfunction1.sql, id:47, sql:[SELECT 'a' REGEXP '^[a-d]']===
===file:syntax/sysfunction1.sql, id:48, sql:[SELECT 'A' NOT REGEXP '[B-Z]']===
===file:syntax/sysfunction1.sql, id:49, sql:[SELECT CASE 1 WHEN 1 THEN 'one' WHEN 2 THEN 'two' ELSE 'more' END]===
===file:syntax/sysfunction1.sql, id:50, sql:[SELECT CASE WHEN 1>0 THEN 'true' ELSE 'false' END]===
===file:syntax/sysfunction1.sql, id:51, sql:[SELECT NOT 10]===
===file:syntax/sysfunction1.sql, id:52, sql:[SELECT 2 BETWEEN 1 AND 3, 2 BETWEEN 3 and 1]===
===file:syntax/sysfunction1.sql, id:53, sql:[SELECT 2 NOT BETWEEN 1 AND 3]===
===file:syntax/sysfunction1.sql, id:54, sql:[SELECT 1 AND 0]===
===file:syntax/sysfunction1.sql, id:55, sql:[SELECT 1 && 0]===
===file:syntax/sysfunction1.sql, id:56, sql:[select 1 xor 2]===
===file:syntax/sysfunction1.sql, id:57, sql:[SELECT 1 OR 1]===
===file:syntax/sysfunction1.sql, id:58, sql:[SELECT 1 || 0]===
===file:syntax/sysfunction1.sql, id:60, sql:[drop table if exists global_table1]===
===file:syntax/sysfunction1.sql, id:61, sql:[create table global_table1(id int)]===
===file:syntax/sysfunction1.sql, id:62, sql:[insert into global_table1 values(1)]===
===file:syntax/sysfunction1.sql, id:63, sql:[SELECT @var1 := 1, @var2]===
===file:syntax/sysfunction1.sql, id:64, sql:[SELECT @var1, @var2 := @var1]===
===file:syntax/sysfunction1.sql, id:67, sql:[SELECT 2 BETWEEN 1 AND 3, 4 BETWEEN 1 AND 3]===
===file:syntax/sysfunction1.sql, id:68, sql:[SELECT GREATEST(2,0)]===
===file:syntax/sysfunction1.sql, id:69, sql:[SELECT COALESCE(NULL,1)]===
===file:syntax/sysfunction1.sql, id:70, sql:[SELECT 1 = 0]===
===file:syntax/sysfunction1.sql, id:71, sql:[SELECT '0' = 0]===
===file:syntax/sysfunction1.sql, id:72, sql:[SELECT 1 <=> 1, NULL <=> NULL, 1 <=> NULL]===
===file:syntax/sysfunction1.sql, id:73, sql:[SELECT 2 > 2]===
===file:syntax/sysfunction1.sql, id:74, sql:[SELECT 2 >= 2]===
===file:syntax/sysfunction1.sql, id:75, sql:[SELECT GREATEST(2,0)]===
===file:syntax/sysfunction1.sql, id:76, sql:[SELECT GREATEST('B','A','C')]===
===file:syntax/sysfunction1.sql, id:77, sql:[SELECT 2 IN (0,3,5,7)]===
===file:syntax/sysfunction1.sql, id:78, sql:[SELECT (3,4) IN ((1,2), (3,4))]===
===file:syntax/sysfunction1.sql, id:79, sql:[SELECT INTERVAL(23, 1, 15, 17, 30, 44, 200)]===
===file:syntax/sysfunction1.sql, id:80, sql:[SELECT 1 IS TRUE, 0 IS FALSE, NULL IS UNKNOWN]===
===file:syntax/sysfunction1.sql, id:81, sql:[SELECT 1 IS NOT UNKNOWN, 0 IS NOT UNKNOWN, NULL IS NOT UNKNOWN]===
===file:syntax/sysfunction1.sql, id:82, sql:[SELECT 1 IS NULL, 0 IS NULL, NULL IS NULL]===
===file:syntax/sysfunction1.sql, id:83, sql:[SELECT 1 IS NOT NULL, 0 IS NOT NULL, NULL IS NOT NULL]===
===file:syntax/sysfunction1.sql, id:84, sql:[SELECT ISNULL(1+1)]===
===file:syntax/sysfunction1.sql, id:85, sql:[SELECT ISNULL(1/0)]===
===file:syntax/sysfunction1.sql, id:86, sql:[SELECT LEAST(2,0)]===
===file:syntax/sysfunction1.sql, id:87, sql:[SELECT LEAST(34.0,3.0,5.0,767.0)]===
===file:syntax/sysfunction1.sql, id:88, sql:[SELECT LEAST('B','A','C')]===
===file:syntax/sysfunction1.sql, id:89, sql:[SELECT 2 < 2]===
===file:syntax/sysfunction1.sql, id:90, sql:[SELECT 0.1 <= 2]===
===file:syntax/sysfunction1.sql, id:91, sql:[SELECT 'ä' LIKE 'ae' COLLATE latin1_german2_ci]===
===file:syntax/sysfunction1.sql, id:92, sql:[SELECT 'a' = 'a ', 'a' LIKE 'a ']===
===file:syntax/sysfunction1.sql, id:93, sql:[SELECT 'David!' LIKE 'David_']===
===file:syntax/sysfunction1.sql, id:94, sql:[SELECT 2 NOT BETWEEN 1 AND 3, 4 not BETWEEN 1 AND 3]===
===file:syntax/sysfunction1.sql, id:95, sql:[SELECT '.01' <> '0.01']===
===file:syntax/sysfunction1.sql, id:96, sql:[SELECT .01 <> '0.01']===
===file:syntax/sysfunction1.sql, id:97, sql:[SELECT 'zapp' <> 'zappp']===
===file:syntax/sysfunction1.sql, id:98, sql:[SELECT 'zapp' != 'zappp']===
===file:syntax/sysfunction1.sql, id:99, sql:[SELECT 2 NOT IN (0,3,5,7)]===
===file:syntax/sysfunction1.sql, id:100, sql:[SELECT 'David!' NOT LIKE 'David_']===
===file:syntax/sysfunction1.sql, id:101, sql:[SELECT STRCMP('text', 'text2')]===
===file:syntax/sysfunction1.sql, id:102, sql:[SELECT STRCMP('text', 'text')]===
===file:syntax/sysfunction1.sql, id:104, sql:[SELECT 1 AND 1]===
===file:syntax/sysfunction1.sql, id:105, sql:[SELECT 1 AND 0]===
===file:syntax/sysfunction1.sql, id:106, sql:[SELECT 1 AND NULL]===
===file:syntax/sysfunction1.sql, id:107, sql:[SELECT 0 AND NULL]===
===file:syntax/sysfunction1.sql, id:108, sql:[SELECT NULL AND 0]===
===file:syntax/sysfunction1.sql, id:109, sql:[SELECT NULL && 0]===
===file:syntax/sysfunction1.sql, id:110, sql:[SELECT NOT 10]===
===file:syntax/sysfunction1.sql, id:111, sql:[SELECT NOT 0]===
===file:syntax/sysfunction1.sql, id:112, sql:[SELECT NOT NULL]===
===file:syntax/sysfunction1.sql, id:113, sql:[SELECT ! (1+1)]===
===file:syntax/sysfunction1.sql, id:114, sql:[SELECT ! 1+1]===
===file:syntax/sysfunction1.sql, id:115, sql:[SELECT 1 OR 1]===
===file:syntax/sysfunction1.sql, id:116, sql:[SELECT 1 OR 0]===
===file:syntax/sysfunction1.sql, id:117, sql:[SELECT 1 || 0]===
===file:syntax/sysfunction1.sql, id:118, sql:[SELECT 0 OR NULL]===
===file:syntax/sysfunction1.sql, id:119, sql:[SELECT 1 XOR 1 XOR 1]===
===file:syntax/sysfunction1.sql, id:120, sql:[SELECT 1 XOR NULL]===
===file:syntax/sysfunction1.sql, id:122, sql:[SELECT @var1 := 1, @var2]===
===file:syntax/sysfunction1.sql, id:123, sql:[SELECT @var1, @var2 := @var1]===
===file:syntax/sysfunction1.sql, id:124, sql:[SELECT @var1, @var2]===
===file:syntax/sysfunction1.sql, id:126, sql:[drop table if exists global_table1]===
===file:syntax/sysfunction1.sql, id:127, sql:[create table global_table1(id int)]===
===file:syntax/sysfunction1.sql, id:128, sql:[insert into global_table1 values(1),(3),(5),(7)]===
===file:syntax/sysfunction1.sql, id:129, sql:[UPDATE global_table1 SET id = 2 WHERE id = @var1:= 1]===
===file:syntax/sysfunction1.sql, id:130, sql:[SELECT @var1 := 1, @var2]===
===file:syntax/sysfunction1.sql, id:131, sql:[SELECT @var1, @var2 := @var1]===
===file:syntax/sysfunction1.sql, id:133, sql:[drop table if exists global_table1]===
===file:syntax/sysfunction1.sql, id:134, sql:[CREATE TABLE global_table1(vbin1 VARBINARY(32), vbin2 VARBINARY(32))]===
===file:syntax/sysfunction1.sql, id:135, sql:[INSERT INTO global_table1 VALUES (3,1), (3,2), (3,3)]===
===file:syntax/sysfunction1.sql, id:136, sql:[SELECT HEX(vbin1 & vbin2) AS op1,HEX(vbin1 | vbin2) AS op2 FROM global_table1]===
===file:syntax/sysfunction1.sql, id:139, sql:[drop table if exists global_table1]===
===file:syntax/sysfunction1.sql, id:140, sql:[create table global_table1(a json, b int)]===
===file:syntax/sysfunction1.sql, id:141, sql:[insert into global_table1 values('{"id": "3", "name": "Barney"}' ,3),('{"id": "4", "name": "Betty"}' ,3), ('{"id": "2", "name": "Wilma"}',2)]===
===file:syntax/sysfunction1.sql, id:146, sql:[SELECT 'pi' RLIKE 'pi|apa']===
===file:syntax/sysfunction1.sql, id:148, sql:[SELECT 3*5]===
===file:syntax/sysfunction1.sql, id:149, sql:[SELECT 1 XOR NULL]===
===file:syntax/sysfunction1.sql, id:151, sql:[SELECT CASE BINARY 'B' WHEN 'a' THEN 1 WHEN 'b' THEN 2 END]===
===file:syntax/sysfunction1.sql, id:152, sql:[SELECT IF(1>2,2,3)]===
===file:syntax/sysfunction1.sql, id:153, sql:[SELECT IF(STRCMP('test','test1'),'no','yes')]===
===file:syntax/sysfunction1.sql, id:154, sql:[SELECT IFNULL(1,0)]===
===file:syntax/sysfunction1.sql, id:155, sql:[SELECT IFNULL(1/0,10)]===
===file:syntax/sysfunction1.sql, id:156, sql:[SELECT IFNULL(1/0,'yes')]===
===file:syntax/sysfunction1.sql, id:157, sql:[SELECT NULLIF(1,1)]===
===file:syntax/sysfunction1.sql, id:159, sql:[SELECT ASCII('2')]===
===file:syntax/sysfunction1.sql, id:160, sql:[SELECT ASCII('dx')]===
===file:syntax/sysfunction1.sql, id:161, sql:[SELECT BIN(12)]===
===file:syntax/sysfunction1.sql, id:162, sql:[SELECT BIT_LENGTH('text')]===
===file:syntax/sysfunction1.sql, id:163, sql:[SELECT CHAR(77,121,83,81,'76')]===
===file:syntax/sysfunction1.sql, id:164, sql:[SELECT HEX(CHAR(1,0)), HEX(CHAR(256))]===
===file:syntax/sysfunction1.sql, id:165, sql:[SELECT HEX(CHAR(1,0,0)), HEX(CHAR(256*256))]===
===file:syntax/sysfunction1.sql, id:166, sql:[SELECT CHARSET(CHAR(X'65')), CHARSET(CHAR(X'65' USING utf8))]===
===file:syntax/sysfunction1.sql, id:167, sql:[select CHAR_LENGTH("abc")]===
===file:syntax/sysfunction1.sql, id:168, sql:[select CHARACTER_LENGTH("abc")]===
===file:syntax/sysfunction1.sql, id:169, sql:[SELECT 'My' 'S' 'QL']===
===file:syntax/sysfunction1.sql, id:170, sql:[SELECT CONCAT('My', 'S', 'QL')]===
===file:syntax/sysfunction1.sql, id:171, sql:[SELECT CONCAT_WS(',','First name','Second name','Last Name')]===
===file:syntax/sysfunction1.sql, id:172, sql:[SELECT ELT(1, 'ej', 'Heja', 'hej', 'foo')]===
===file:syntax/sysfunction1.sql, id:173, sql:[SELECT EXPORT_SET(6,'1','0',',',10)]===
===file:syntax/sysfunction1.sql, id:174, sql:[SELECT FIELD('ej', 'Hej', 'ej', 'Heja', 'hej', 'foo')]===
===file:syntax/sysfunction1.sql, id:175, sql:[SELECT FIND_IN_SET('b','a,b,c,d')]===
===file:syntax/sysfunction1.sql, id:176, sql:[SELECT FORMAT(12332.123456, 4)]===
===file:syntax/sysfunction1.sql, id:177, sql:[SELECT TO_BASE64('abc'), FROM_BASE64(TO_BASE64('abc'))]===
===file:syntax/sysfunction1.sql, id:178, sql:[SELECT HEX(255), CONV(HEX(255),16,10)]===
===file:syntax/sysfunction1.sql, id:179, sql:[SELECT INSERT('Quadratic', 3, 4, 'What')]===
===file:syntax/sysfunction1.sql, id:180, sql:[SELECT INSTR('foobarbar', 'bar')]===
===file:syntax/sysfunction1.sql, id:181, sql:[SELECT LCASE('QUADRATICALLY')]===
===file:syntax/sysfunction1.sql, id:182, sql:[SELECT LEFT('foobarbar', 5)]===
===file:syntax/sysfunction1.sql, id:183, sql:[SELECT LENGTH('text')]===
===file:syntax/sysfunction1.sql, id:196, sql:[SELECT LOCATE('bar', 'foobarbar')]===
===file:syntax/sysfunction1.sql, id:197, sql:[SELECT LOCATE('bar', 'foobarbar', 5)]===
===file:syntax/sysfunction1.sql, id:198, sql:[SELECT LOWER('QUADRATICALLY')]===
===file:syntax/sysfunction1.sql, id:199, sql:[SELECT LPAD('hi',4,'??')]===
===file:syntax/sysfunction1.sql, id:200, sql:[SELECT LTRIM('  barbar')]===
===file:syntax/sysfunction1.sql, id:201, sql:[SELECT MAKE_SET(1 | 4,'hello','nice','world')]===
===file:syntax/sysfunction1.sql, id:202, sql:[SELECT MID('Quadratically',5,6)]===
===file:syntax/sysfunction1.sql, id:203, sql:[SELECT OCT(12)]===
===file:syntax/sysfunction1.sql, id:204, sql:[SELECT OCTET_LENGTH('text')]===
===file:syntax/sysfunction1.sql, id:205, sql:[SELECT ORD('2')]===
===file:syntax/sysfunction1.sql, id:206, sql:[SELECT POSITION('bar' IN 'foobarbar')]===
===file:syntax/sysfunction1.sql, id:207, sql:[SELECT QUOTE('Don\'t!')]===
===file:syntax/sysfunction1.sql, id:208, sql:[SELECT REPEAT('MySQL', 3)]===
===file:syntax/sysfunction1.sql, id:209, sql:[SELECT REPLACE('www.mysql.com', 'w', 'Ww')]===
===file:syntax/sysfunction1.sql, id:210, sql:[SELECT REVERSE('abc')]===
===file:syntax/sysfunction1.sql, id:211, sql:[SELECT RIGHT('foobarbar', 4)]===
===file:syntax/sysfunction1.sql, id:212, sql:[SELECT RPAD('hi',5,'?')]===
===file:syntax/sysfunction1.sql, id:213, sql:[SELECT RTRIM('barbar   ')]===
===file:syntax/sysfunction1.sql, id:214, sql:[SELECT SOUNDEX('Hello')]===
===file:syntax/sysfunction1.sql, id:216, sql:[SELECT SPACE(6)]===
===file:syntax/sysfunction1.sql, id:217, sql:[SELECT STRCMP('text', 'text2')]===
===file:syntax/sysfunction1.sql, id:218, sql:[SELECT SUBSTR('Quadratically',5)]===
===file:syntax/sysfunction1.sql, id:219, sql:[SELECT SUBSTR('Quadratically',5,6)]===
===file:syntax/sysfunction1.sql, id:220, sql:[SELECT SUBSTRING('Quadratically',5)]===
===file:syntax/sysfunction1.sql, id:221, sql:[SELECT SUBSTRING('foobarbar' FROM 4)]===
===file:syntax/sysfunction1.sql, id:222, sql:[SELECT SUBSTRING('Quadratically',5,6)]===
===file:syntax/sysfunction1.sql, id:223, sql:[SELECT SUBSTRING('Sakila' FROM -4 FOR 2)]===
===file:syntax/sysfunction1.sql, id:224, sql:[SELECT SUBSTRING_INDEX('www.mysql.com', '.', 2)]===
===file:syntax/sysfunction1.sql, id:225, sql:[SELECT TO_BASE64('abc')]===
===file:syntax/sysfunction1.sql, id:226, sql:[SELECT TRIM('  bar   ')]===
===file:syntax/sysfunction1.sql, id:227, sql:[SELECT TRIM(LEADING 'x' FROM 'xxxbarxxx')]===
===file:syntax/sysfunction1.sql, id:228, sql:[SELECT TRIM(BOTH 'x' FROM 'xxxbarxxx')]===
===file:syntax/sysfunction1.sql, id:229, sql:[SELECT TRIM(TRAILING 'xyz' FROM 'barxxyz')]===
===file:syntax/sysfunction1.sql, id:230, sql:[SELECT UCASE('Hej')]===
===file:syntax/sysfunction1.sql, id:231, sql:[SELECT UNHEX('4D7953514C')]===
===file:syntax/sysfunction1.sql, id:232, sql:[SELECT UPPER('Hej')]===
===file:syntax/sysfunction1.sql, id:234, sql:[SELECT @s, HEX(@s), HEX(WEIGHT_STRING(@s))]===
===file:syntax/sysfunction1.sql, id:242, sql:[SELECT CHARSET(BINARY 'a'), COLLATION(BINARY 'a')]===
===file:syntax/sysfunction1.sql, id:243, sql:[SELECT USER(), CHARSET(USER()), COLLATION(USER())]===
===file:syntax/sysfunction1.sql, id:244, sql:[SELECT CHARSET(COMPRESS('abc')), COLLATION(COMPRESS('abc'))]===
===file:syntax/sysfunction1.sql, id:247, sql:[SELECT 3+5]===
===file:syntax/sysfunction1.sql, id:248, sql:[SELECT 3-5]===
===file:syntax/sysfunction1.sql, id:249, sql:[SELECT - 2]===
===file:syntax/sysfunction1.sql, id:250, sql:[SELECT 3*5]===
===file:syntax/sysfunction1.sql, id:251, sql:[SELECT 18014398509481984*18014398509481984.0]===
===file:syntax/sysfunction1.sql, id:252, sql:[SELECT 3/5]===
===file:syntax/sysfunction1.sql, id:253, sql:[SELECT 102/(1-1)]===
===file:syntax/sysfunction1.sql, id:254, sql:[SELECT 5 DIV 2, -5 DIV 2, 5 DIV -2, -5 DIV -2]===
===file:syntax/sysfunction1.sql, id:256, sql:[select ABS(-32)]===
===file:syntax/sysfunction1.sql, id:257, sql:[SELECT ACOS(1)]===
===file:syntax/sysfunction1.sql, id:258, sql:[SELECT ACOS(1.0001)]===
===file:syntax/sysfunction1.sql, id:259, sql:[SELECT ASIN(0.2)]===
===file:syntax/sysfunction1.sql, id:260, sql:[SELECT ATAN(-2)]===
===file:syntax/sysfunction1.sql, id:261, sql:[SELECT ATAN(-2,2)]===
===file:syntax/sysfunction1.sql, id:262, sql:[SELECT ATAN2(PI(),0)]===
===file:syntax/sysfunction1.sql, id:263, sql:[SELECT CEIL(-1.23)]===
===file:syntax/sysfunction1.sql, id:264, sql:[SELECT CEILING(1.23)]===
===file:syntax/sysfunction1.sql, id:265, sql:[SELECT CONV('a',16,2)]===
===file:syntax/sysfunction1.sql, id:266, sql:[SELECT CONV('6E',18,8)]===
===file:syntax/sysfunction1.sql, id:267, sql:[SELECT CONV(-17,10,-18)]===
===file:syntax/sysfunction1.sql, id:268, sql:[SELECT CONV(10+'10'+'10'+X'0a',10,10)]===
===file:syntax/sysfunction1.sql, id:269, sql:[SELECT COS(PI())]===
===file:syntax/sysfunction1.sql, id:270, sql:[SELECT COT(12)]===
===file:syntax/sysfunction1.sql, id:271, sql:[SELECT CRC32('MySQL')]===
===file:syntax/sysfunction1.sql, id:272, sql:[SELECT DEGREES(PI())]===
===file:syntax/sysfunction1.sql, id:273, sql:[SELECT DEGREES(PI() / 2)]===
===file:syntax/sysfunction1.sql, id:274, sql:[SELECT EXP(2)]===
===file:syntax/sysfunction1.sql, id:275, sql:[SELECT FLOOR(1.23), FLOOR(-1.23)]===
===file:syntax/sysfunction1.sql, id:276, sql:[SELECT FORMAT(12332.123456, 4)]===
===file:syntax/sysfunction1.sql, id:277, sql:[SELECT FORMAT(12332.2,2,'de_DE')]===
===file:syntax/sysfunction1.sql, id:278, sql:[SELECT HEX(255), CONV(HEX(255),16,10)]===
===file:syntax/sysfunction1.sql, id:279, sql:[SELECT X'616263', HEX('abc')]===
===file:syntax/sysfunction1.sql, id:280, sql:[SELECT LN(2)]===
===file:syntax/sysfunction1.sql, id:281, sql:[SELECT LN(-2)]===
===file:syntax/sysfunction1.sql, id:282, sql:[SELECT LOG(2)]===
===file:syntax/sysfunction1.sql, id:283, sql:[SELECT LOG(2,65536)]===
===file:syntax/sysfunction1.sql, id:284, sql:[SELECT LOG2(65536)]===
===file:syntax/sysfunction1.sql, id:285, sql:[SELECT LOG10(100)]===
===file:syntax/sysfunction1.sql, id:286, sql:[SELECT MOD(234, 10)]===
===file:syntax/sysfunction1.sql, id:287, sql:[SELECT 253 % 7]===
===file:syntax/sysfunction1.sql, id:288, sql:[SELECT PI()]===
===file:syntax/sysfunction1.sql, id:289, sql:[SELECT POW(2,-2)]===
===file:syntax/sysfunction1.sql, id:290, sql:[SELECT POWER(2,2)]===
===file:syntax/sysfunction1.sql, id:291, sql:[SELECT RADIANS(90)]===
===file:syntax/sysfunction1.sql, id:293, sql:[drop table if exists global_table1]===
===file:syntax/sysfunction1.sql, id:294, sql:[CREATE TABLE global_table1 (i INT)]===
===file:syntax/sysfunction1.sql, id:295, sql:[INSERT INTO global_table1 VALUES(1),(2),(3)]===
===file:syntax/sysfunction1.sql, id:296, sql:[SELECT i, RAND() FROM global_table1]===
===file:syntax/sysfunction1.sql, id:297, sql:[SELECT i, RAND(3) FROM global_table1]===
===file:syntax/sysfunction1.sql, id:299, sql:[SELECT ROUND(-1.23)]===
===file:syntax/sysfunction1.sql, id:300, sql:[SELECT ROUND(1.298, 0)]===
===file:syntax/sysfunction1.sql, id:301, sql:[SELECT ROUND(150.000,2), ROUND(150,2)]===
===file:syntax/sysfunction1.sql, id:302, sql:[SELECT ROUND(2.5), ROUND(25E-1)]===
===file:syntax/sysfunction1.sql, id:303, sql:[SELECT SIGN(-32)]===
===file:syntax/sysfunction1.sql, id:304, sql:[SELECT ROUND(SIN(PI()))]===
===file:syntax/sysfunction1.sql, id:305, sql:[SELECT SQRT(20)]===
===file:syntax/sysfunction1.sql, id:306, sql:[SELECT TAN(PI())]===
===file:syntax/sysfunction1.sql, id:307, sql:[SELECT TRUNCATE(122,-2)]===
===file:syntax/sysfunction1.sql, id:308, sql:[SELECT TRUNCATE(1.999,1)]===
===file:syntax/sysfunction1.sql, id:310, sql:[SELECT DATE_ADD('2008-01-02', INTERVAL 31 DAY)]===
===file:syntax/sysfunction1.sql, id:311, sql:[SELECT ADDDATE('2008-01-02', INTERVAL 31 DAY)]===
===file:syntax/sysfunction1.sql, id:312, sql:[SELECT ADDDATE('2008-01-02', 31)]===
===file:syntax/sysfunction1.sql, id:313, sql:[SELECT ADDTIME('2007-12-31 23:59:59.999999', '1 1:1:1.000002')]===
===file:syntax/sysfunction1.sql, id:314, sql:[SELECT ADDTIME('01:00:00.999999', '02:00:00.999998')]===
===file:syntax/sysfunction1.sql, id:315, sql:[SELECT CONVERT_TZ('2004-01-01 12:00:00','GMT','MET')]===
===file:syntax/sysfunction1.sql, id:316, sql:[SELECT CONVERT_TZ('2004-01-01 12:00:00','+00:00','+10:00')]===
===file:syntax/sysfunction1.sql, id:317, sql:[SELECT CURDATE()]===
===file:syntax/sysfunction1.sql, id:318, sql:[SELECT CURDATE() + 0]===
===file:syntax/sysfunction1.sql, id:319, sql:[SELECT CURRENT_DATE]===
===file:syntax/sysfunction1.sql, id:320, sql:[SELECT CURRENT_DATE()]===
===file:syntax/sysfunction1.sql, id:321, sql:[SELECT CURRENT_TIME /*allow_diff*/]===
dble:[((datetime.timedelta(0, 49024),),)]
mysql:[((datetime.timedelta(0, 49024),),)]
===file:syntax/sysfunction1.sql, id:322, sql:[SELECT CURRENT_TIME() /*allow_diff*/]===
dble:[((datetime.timedelta(0, 49024),),)]
mysql:[((datetime.timedelta(0, 49024),),)]
===file:syntax/sysfunction1.sql, id:323, sql:[SELECT CURTIME() /*allow_diff*/]===
dble:[((datetime.timedelta(0, 49024),),)]
mysql:[((datetime.timedelta(0, 49024),),)]
===file:syntax/sysfunction1.sql, id:324, sql:[SELECT CURRENT_TIMESTAMP /*allow_diff*/]===
dble:[((datetime.datetime(2018, 4, 7, 13, 37, 4),),)]
mysql:[((datetime.datetime(2018, 4, 7, 13, 37, 4),),)]
===file:syntax/sysfunction1.sql, id:325, sql:[SELECT CURRENT_TIMESTAMP() /*allow_diff*/]===
dble:[((datetime.datetime(2018, 4, 7, 13, 37, 4),),)]
mysql:[((datetime.datetime(2018, 4, 7, 13, 37, 4),),)]
===file:syntax/sysfunction1.sql, id:326, sql:[SELECT NOW() /*allow_diff*/]===
dble:[((datetime.datetime(2018, 4, 7, 13, 37, 4),),)]
mysql:[((datetime.datetime(2018, 4, 7, 13, 37, 4),),)]
===file:syntax/sysfunction1.sql, id:327, sql:[SELECT LOCALTIME /*allow_diff*/]===
dble:[((datetime.datetime(2018, 4, 7, 13, 37, 4),),)]
mysql:[((datetime.datetime(2018, 4, 7, 13, 37, 4),),)]
===file:syntax/sysfunction1.sql, id:328, sql:[SELECT LOCALTIME() /*allow_diff*/]===
dble:[((datetime.datetime(2018, 4, 7, 13, 37, 4),),)]
mysql:[((datetime.datetime(2018, 4, 7, 13, 37, 4),),)]
===file:syntax/sysfunction1.sql, id:329, sql:[SELECT LOCALTIMESTAMP /*allow_diff*/]===
dble:[((datetime.datetime(2018, 4, 7, 13, 37, 4),),)]
mysql:[((datetime.datetime(2018, 4, 7, 13, 37, 4),),)]
===file:syntax/sysfunction1.sql, id:330, sql:[SELECT LOCALTIMESTAMP() /*allow_diff*/]===
dble:[((datetime.datetime(2018, 4, 7, 13, 37, 4),),)]
mysql:[((datetime.datetime(2018, 4, 7, 13, 37, 4),),)]
===file:syntax/sysfunction1.sql, id:331, sql:[SELECT DATE('2003-12-31 01:02:03')]===
===file:syntax/sysfunction1.sql, id:332, sql:[SELECT DATEDIFF('2007-12-31 23:59:59','2007-12-30')]===
===file:syntax/sysfunction1.sql, id:333, sql:[SELECT DATEDIFF('2010-11-30 23:59:59','2010-12-31')]===
===file:syntax/sysfunction1.sql, id:334, sql:[SELECT '2008-12-31 23:59:59' + INTERVAL 1 SECOND]===
===file:syntax/sysfunction1.sql, id:335, sql:[SELECT INTERVAL 1 DAY + '2008-12-31']===
===file:syntax/sysfunction1.sql, id:336, sql:[SELECT '2005-01-01' - INTERVAL 1 SECOND]===
===file:syntax/sysfunction1.sql, id:337, sql:[SELECT DATE_ADD('2000-12-31 23:59:59',INTERVAL 1 SECOND)]===
===file:syntax/sysfunction1.sql, id:338, sql:[SELECT DATE_ADD('2010-12-31 23:59:59',INTERVAL 1 DAY)]===
===file:syntax/sysfunction1.sql, id:339, sql:[SELECT DATE_ADD('2100-12-31 23:59:59',INTERVAL '1:1' MINUTE_SECOND)]===
===file:syntax/sysfunction1.sql, id:340, sql:[SELECT DATE_SUB('2005-01-01 00:00:00', INTERVAL '1 1:1:1' DAY_SECOND)]===
===file:syntax/sysfunction1.sql, id:341, sql:[SELECT DATE_ADD('1900-01-01 00:00:00', INTERVAL '-1 10' DAY_HOUR)]===
===file:syntax/sysfunction1.sql, id:342, sql:[SELECT DATE_SUB('1998-01-02', INTERVAL 31 DAY)]===
===file:syntax/sysfunction1.sql, id:343, sql:[SELECT DATE_ADD('1992-12-31 23:59:59.000002',INTERVAL '1.999999' SECOND_MICROSECOND)]===
===file:syntax/sysfunction1.sql, id:344, sql:[SELECT DATE_ADD('2009-01-01', INTERVAL 6/4 HOUR_MINUTE)]===
===file:syntax/sysfunction1.sql, id:345, sql:[SELECT DATE_ADD('1970-01-01 12:00:00',INTERVAL CAST(6/4 AS DECIMAL(3,1)) HOUR_MINUTE)]===
===file:syntax/sysfunction1.sql, id:346, sql:[SELECT DATE_ADD('2013-01-01', INTERVAL 1 DAY)]===
===file:syntax/sysfunction1.sql, id:347, sql:[SELECT DATE_ADD('2013-01-01', INTERVAL 1 HOUR)]===
===file:syntax/sysfunction1.sql, id:348, sql:[SELECT DATE_ADD('2009-01-30', INTERVAL 1 MONTH)]===
===file:syntax/sysfunction1.sql, id:349, sql:[SELECT DATE_ADD('2006-07-00', INTERVAL 1 DAY)]===
===file:syntax/sysfunction1.sql, id:350, sql:[SELECT '2005-03-32' + INTERVAL 1 MONTH]===
===file:syntax/sysfunction1.sql, id:351, sql:[SELECT DATE_FORMAT('2009-10-04 22:23:00', '%W %M %Y')]===
===file:syntax/sysfunction1.sql, id:352, sql:[SELECT DATE_FORMAT('2007-10-04 22:23:00', '%H:%i:%s')]===
===file:syntax/sysfunction1.sql, id:353, sql:[SELECT DATE_FORMAT('1900-10-04 22:23:00','%D %y %a %d %m %b %j')]===
===file:syntax/sysfunction1.sql, id:354, sql:[SELECT DATE_FORMAT('1997-10-04 22:23:00','%H %k %I %r %T %S %w')]===
===file:syntax/sysfunction1.sql, id:355, sql:[SELECT DATE_FORMAT('1999-01-01', '%X %V')]===
===file:syntax/sysfunction1.sql, id:356, sql:[SELECT DATE_FORMAT('2006-06-00', '%d')]===
===file:syntax/sysfunction1.sql, id:357, sql:[SELECT DAY('2007-02-03')]===
===file:syntax/sysfunction1.sql, id:358, sql:[SELECT DAYOFMONTH('2007-02-03')]===
===file:syntax/sysfunction1.sql, id:359, sql:[SELECT DAYNAME('2007-02-03')]===
===file:syntax/sysfunction1.sql, id:360, sql:[SELECT DAYOFWEEK('2007-02-03')]===
===file:syntax/sysfunction1.sql, id:361, sql:[SELECT DAYOFYEAR('2007-02-03')]===
===file:syntax/sysfunction1.sql, id:362, sql:[SELECT EXTRACT(YEAR FROM '2009-07-02')]===
===file:syntax/sysfunction1.sql, id:363, sql:[SELECT EXTRACT(YEAR_MONTH FROM '2009-07-02 01:02:03')]===
===file:syntax/sysfunction1.sql, id:364, sql:[SELECT EXTRACT(DAY_MINUTE FROM '2009-07-02 01:02:03')]===
===file:syntax/sysfunction1.sql, id:365, sql:[SELECT EXTRACT(MICROSECOND FROM '2003-01-02 10:30:00.000123')]===
===file:syntax/sysfunction1.sql, id:366, sql:[SELECT FROM_DAYS(730669)]===
===file:syntax/sysfunction1.sql, id:367, sql:[SELECT FROM_UNIXTIME(1447430881)]===
===file:syntax/sysfunction1.sql, id:368, sql:[SELECT FROM_UNIXTIME(1447430881) + 0]===
===file:syntax/sysfunction1.sql, id:369, sql:[SELECT FROM_UNIXTIME(UNIX_TIMESTAMP(),'%Y %D %M %h:%i:%s %x')]===
===file:syntax/sysfunction1.sql, id:370, sql:[SELECT DATE_FORMAT('2003-10-03',GET_FORMAT(DATE,'EUR'))]===
===file:syntax/sysfunction1.sql, id:371, sql:[SELECT STR_TO_DATE('10.31.2003',GET_FORMAT(DATE,'USA'))]===
===file:syntax/sysfunction1.sql, id:372, sql:[SELECT HOUR('10:05:03')]===
===file:syntax/sysfunction1.sql, id:373, sql:[SELECT HOUR('272:59:59')]===
===file:syntax/sysfunction1.sql, id:374, sql:[SELECT LAST_DAY('2003-02-05')]===
===file:syntax/sysfunction1.sql, id:375, sql:[SELECT MAKEDATE(2011,31), MAKEDATE(2011,32)]===
===file:syntax/sysfunction1.sql, id:376, sql:[SELECT MAKETIME(12,15,30)]===
===file:syntax/sysfunction1.sql, id:377, sql:[SELECT MICROSECOND('12:00:00.123456')]===
===file:syntax/sysfunction1.sql, id:378, sql:[SELECT MINUTE('2008-02-03 10:05:03')]===
===file:syntax/sysfunction1.sql, id:379, sql:[SELECT MONTH('2008-02-03')]===
===file:syntax/sysfunction1.sql, id:380, sql:[SELECT MONTHNAME('2008-02-03')]===
===file:syntax/sysfunction1.sql, id:381, sql:[SELECT NOW(), SLEEP(2), NOW() /*allow_diff*/]===
dble:[((datetime.datetime(2018, 4, 7, 13, 37, 11), 0L, datetime.datetime(2018, 4, 7, 13, 37, 11)),)]
mysql:[((datetime.datetime(2018, 4, 7, 13, 37, 9), 0L, datetime.datetime(2018, 4, 7, 13, 37, 9)),)]
===file:syntax/sysfunction1.sql, id:382, sql:[SELECT SYSDATE(), SLEEP(2), SYSDATE() /*allow_diff*/]===
dble:[((datetime.datetime(2018, 4, 7, 13, 37, 15), 0L, datetime.datetime(2018, 4, 7, 13, 37, 17)),)]
mysql:[((datetime.datetime(2018, 4, 7, 13, 37, 13), 0L, datetime.datetime(2018, 4, 7, 13, 37, 15)),)]
===file:syntax/sysfunction1.sql, id:383, sql:[SELECT PERIOD_ADD(200801,2)]===
===file:syntax/sysfunction1.sql, id:384, sql:[SELECT PERIOD_DIFF(200802,200703)]===
===file:syntax/sysfunction1.sql, id:385, sql:[SELECT QUARTER('2008-04-01')]===
===file:syntax/sysfunction1.sql, id:386, sql:[SELECT SECOND('10:05:03')]===
===file:syntax/sysfunction1.sql, id:387, sql:[SELECT SEC_TO_TIME(2378)]===
===file:syntax/sysfunction1.sql, id:388, sql:[SELECT STR_TO_DATE('01,5,2013','%d,%m,%Y')]===
===file:syntax/sysfunction1.sql, id:389, sql:[SELECT STR_TO_DATE('May 1, 2013','%M %d,%Y')]===
===file:syntax/sysfunction1.sql, id:390, sql:[SELECT STR_TO_DATE('a09:30:17','a%h:%i:%s')]===
===file:syntax/sysfunction1.sql, id:391, sql:[SELECT SUBDATE('2008-01-02', INTERVAL 31 DAY)]===
===file:syntax/sysfunction1.sql, id:392, sql:[SELECT SUBDATE('2008-01-02 12:00:00', 31)]===
===file:syntax/sysfunction1.sql, id:393, sql:[SELECT SUBTIME('2007-12-31 23:59:59.999999','1 1:1:1.000002')]===
===file:syntax/sysfunction1.sql, id:394, sql:[SELECT TIME('2003-12-31 01:02:03')]===
===file:syntax/sysfunction1.sql, id:395, sql:[SELECT TIMEDIFF('2000:01:01 00:00:00','2000:01:01 00:00:00.000001')]===
===file:syntax/sysfunction1.sql, id:396, sql:[SELECT TIMESTAMP('2003-12-31')]===
===file:syntax/sysfunction1.sql, id:397, sql:[SELECT TIMESTAMP('2003-12-31 12:00:00','12:00:00')]===
===file:syntax/sysfunction1.sql, id:398, sql:[SELECT TIMESTAMPADD(MINUTE,1,'2003-01-02')]===
===file:syntax/sysfunction1.sql, id:399, sql:[SELECT TIMESTAMPDIFF(MONTH,'2003-02-01','2003-05-01')]===
===file:syntax/sysfunction1.sql, id:400, sql:[SELECT TIME_FORMAT('100:00:00', '%H %k %h %I %l')]===
===file:syntax/sysfunction1.sql, id:401, sql:[SELECT TIME_TO_SEC('22:23:00')]===
===file:syntax/sysfunction1.sql, id:402, sql:[SELECT TO_DAYS(950501)]===
===file:syntax/sysfunction1.sql, id:403, sql:[SELECT TO_SECONDS(950501)]===
===file:syntax/sysfunction1.sql, id:404, sql:[SELECT UNIX_TIMESTAMP('2015-11-13 10:20:19')]===
===file:syntax/sysfunction1.sql, id:405, sql:[SELECT UNIX_TIMESTAMP()]===
===file:syntax/sysfunction1.sql, id:406, sql:[SELECT UTC_DATE(), UTC_DATE() + 0]===
===file:syntax/sysfunction1.sql, id:407, sql:[SELECT UTC_TIME(), UTC_TIME() + 0 /*allow_diff*/]===
dble:[((datetime.timedelta(0, 20239), 53719L),)]
mysql:[((datetime.timedelta(0, 20239), 53719L),)]
===file:syntax/sysfunction1.sql, id:408, sql:[SELECT UTC_TIMESTAMP(), UTC_TIMESTAMP() + 0 /*allow_diff*/]===
dble:[((datetime.datetime(2018, 4, 7, 5, 37, 19), 20180407053719L),)]
mysql:[((datetime.datetime(2018, 4, 7, 5, 37, 19), 20180407053719L),)]
===file:syntax/sysfunction1.sql, id:409, sql:[SELECT WEEK('2008-02-20')]===
===file:syntax/sysfunction1.sql, id:410, sql:[SELECT WEEK('2008-12-31',1)]===
===file:syntax/sysfunction1.sql, id:411, sql:[SELECT WEEKDAY('2008-02-03 22:23:00')]===
===file:syntax/sysfunction1.sql, id:412, sql:[SELECT WEEKOFYEAR('2008-02-20')]===
===file:syntax/sysfunction1.sql, id:413, sql:[SELECT YEAR('1987-01-01')]===
===file:syntax/sysfunction1.sql, id:414, sql:[SELECT YEARWEEK('1987-01-01')]===
