===file:syntax/view.sql, id:15, sql:[select * from view_test]===
dble:[None]
mysql:[((Decimal('1'), 1L), (Decimal('14'), 2L), (Decimal('5'), 3L), (Decimal('18'), 5L), (Decimal('17'), 6L))]
[02:18:49.114002]dble err :(-1, 'error totally whack')
===file:syntax/view.sql, id:35, sql:[select * from view_test]===
dble:[None]
mysql:[((1L, 'test\xe4\xb8\xadid\xe4\xb8\xba1', 1L), (2L, 'test_2', 2L), (3L, 'test\xe4\xb8\xadid\xe4\xb8\xba3', 3L), (4L, '$test$4', 4L))]
[02:18:55.515148]dble err :(-1, 'error totally whack')
===file:syntax/view.sql, id:38, sql:[select * from view_test]===
dble:[None]
mysql:[()]
[02:18:56.529554]dble err :(-1, 'error totally whack')
===file:syntax/view.sql, id:41, sql:[select * from view_test]===
dble:[None]
mysql:[((1L, 'test\xe4\xb8\xadid\xe4\xb8\xba1', 1L, 'order\xe4\xb8\xadid\xe4\xb8\xba1'), (2L, 'test_2', 2L, 'order\xe4\xb8\xadid\xe4\xb8\xba1'), (3L, 'test\xe4\xb8\xadid\xe4\xb8\xba3', 4L, 'order\xe4\xb8\xadid\xe4\xb8\xba1'), (4L, '$test$4', 3L, 'order\xe4\xb8\xadid\xe4\xb8\xba1'), (1L, 'test\xe4\xb8\xadid\xe4\xb8\xba1', 1L, 'test_2'), (2L, 'test_2', 2L, 'test_2'), (3L, 'test\xe4\xb8\xadid\xe4\xb8\xba3', 4L, 'test_2'), (4L, '$test$4', 3L, 'test_2'), (1L, 'test\xe4\xb8\xadid\xe4\xb8\xba1', 1L, 'order\xe4\xb8\xadid\xe4\xb8\xba3'), (2L, 'test_2', 2L, 'order\xe4\xb8\xadid\xe4\xb8\xba3'), (3L, 'test\xe4\xb8\xadid\xe4\xb8\xba3', 4L, 'order\xe4\xb8\xadid\xe4\xb8\xba3'), (4L, '$test$4', 3L, 'order\xe4\xb8\xadid\xe4\xb8\xba3'), (1L, 'test\xe4\xb8\xadid\xe4\xb8\xba1', 1L, '$order$4'), (2L, 'test_2', 2L, '$order$4'), (3L, 'test\xe4\xb8\xadid\xe4\xb8\xba3', 4L, '$order$4'), (4L, '$test$4', 3L, '$order$4'), (1L, 'test\xe4\xb8\xadid\xe4\xb8\xba1', 1L, 'order...5'), (2L, 'test_2', 2L, 'order...5'), (3L, 'test\xe4\xb8\xadid\xe4\xb8\xba3', 4L, 'order...5'), (4L, '$test$4', 3L, 'order...5'))]
[02:18:57.570354]dble err :(-1, 'error totally whack')
===file:syntax/view.sql, id:44, sql:[select * from view_test]===
dble:[None]
mysql:[((1L, 1L, 1L), (2L, 2L, 2L), (3L, 3L, 3L), (4L, 4L, 4L))]
[02:18:58.643834]dble err :(-1, 'error totally whack')
===file:syntax/view.sql, id:47, sql:[select * from view_test]===
dble:[None]
mysql:[((1L, 1L, 1L, 1L), (2L, 2L, 2L, 2L), (3L, 3L, 3L, 3L), (4L, 4L, 4L, 4L))]
[02:18:59.669731]dble err :(-1, 'error totally whack')
