===file:sqls_mixed/bugs/bug.sql, id:2, sql:[drop table if exists sharding_2_t1]===
dble:[[]]
===file:sqls_mixed/bugs/bug.sql, id:3, sql:[CREATE TABLE sharding_2_t1 (id int(11) NOT NULL,c_flag char(255) DEFAULT NULL,c_decimal decimal(16,4) DEFAULT NULL,PRIMARY KEY (id)) ENGINE=InnoDB DEFAULT CHARSET=utf8]===
dble:[[]]
===file:sqls_mixed/bugs/bug.sql, id:4, sql:[SELECT a.id, sum(a.c_decimal) AS c_decimal FROM sharding_2_t1 a GROUP BY a.id HAVING sum(a.c_decimal) != 0]===
dble:[[]]
===file:sqls_mixed/bugs/bug.sql, id:6, sql:[drop table if exists sharding_1_t1]===
dble:[[]]
===file:sqls_mixed/bugs/bug.sql, id:7, sql:[drop table if exists sharding_1_t2]===
dble:[[]]
===file:sqls_mixed/bugs/bug.sql, id:8, sql:[CREATE TABLE sharding_1_t1 (id bigint(11) NOT NULL,c_char char(255) DEFAULT NULL,PRIMARY KEY (id)) ENGINE=InnoDB DEFAULT CHARSET=utf8]===
dble:[[]]
===file:sqls_mixed/bugs/bug.sql, id:9, sql:[CREATE TABLE sharding_1_t2 (id bigint(11) NOT NULL,c_char char(255) DEFAULT NULL,PRIMARY KEY (id)) ENGINE=InnoDB DEFAULT CHARSET=utf8]===
dble:[[]]
===file:sqls_mixed/bugs/bug.sql, id:10, sql:[insert into sharding_1_t1 values(1,'1')]===
dble:[[]]
===file:sqls_mixed/bugs/bug.sql, id:11, sql:[insert into sharding_1_t1(id) values(2)]===
dble:[[]]
===file:sqls_mixed/bugs/bug.sql, id:12, sql:[insert into sharding_1_t2 values(1,'1')]===
dble:[[]]
===file:sqls_mixed/bugs/bug.sql, id:13, sql:[insert into sharding_1_t2(id) values(2)]===
dble:[[]]
===file:sqls_mixed/bugs/bug.sql, id:14, sql:[select * from sharding_1_t1 a inner join sharding_1_t2 b on a.c_char =b.c_char order by a.id]===
dble:[((1L, '1', 1L, '1'),)]
===file:sqls_mixed/bugs/bug.sql, id:15, sql:[select * from sharding_1_t1 a right join sharding_1_t2 b on a.c_char =b.c_char order by a.id]===
dble:[((None, None, 2L, None), (1L, '1', 1L, '1'))]
===file:sqls_mixed/bugs/bug.sql, id:16, sql:[select * from sharding_1_t1 a left join sharding_1_t2 b on a.c_char =b.c_char order by a.id]===
dble:[((1L, '1', 1L, '1'), (2L, None, None, None))]
===file:sqls_mixed/bugs/bug.sql, id:18, sql:[drop table if exists sharding_4_t1]===
dble:[[]]
===file:sqls_mixed/bugs/bug.sql, id:19, sql:[drop table if exists schema2.sharding_4_t2]===
dble:[[]]
===file:sqls_mixed/bugs/bug.sql, id:20, sql:[create table sharding_4_t1(id int, trancode varchar(20), RETCODE char(2), OAPP varchar(20))]===
dble:[[]]
===file:sqls_mixed/bugs/bug.sql, id:21, sql:[create table schema2.sharding_4_t2(id int, trancode varchar(20), RETCODE char(2), OAPP varchar(20))]===
dble:[[]]
===file:sqls_mixed/bugs/bug.sql, id:37, sql:[SELECT COUNT(*) FROM (
select test1.*
from schema1.sharding_4_t1 test1
where test1.trancode = 'ATS000010CHGEBUSSPTBNK'
AND test1.RETCODE = '0'
AND test1.OAPP != 'F-CLMS'
UNION
SELECT test2.*
FROM schema2.sharding_4_t2 test2
WHERE test2.trancode = 'ATS000008QRYBUSSPTGIFTLIST'
AND test2.RETCODE = '0'
AND test2.OAPP != 'F-CLMS'
) t3
]===
dble:[[(0L,)]]
===file:sqls_mixed/bugs/bug.sql, id:40, sql:[drop table if exists sharding_4_t1]===
dble:[[]]
===file:sqls_mixed/bugs/bug.sql, id:41, sql:[drop table if exists schema2.sharding_4_t2]===
dble:[[]]
===file:sqls_mixed/bugs/bug.sql, id:42, sql:[drop table if exists schema3.sharding_4_t3]===
dble:[[]]
===file:sqls_mixed/bugs/bug.sql, id:43, sql:[drop table if exists schema2.global_4_t1]===
dble:[[]]
===file:sqls_mixed/bugs/bug.sql, id:44, sql:[create table sharding_4_t1(id int primary key,name varchar(10))]===
dble:[[]]
===file:sqls_mixed/bugs/bug.sql, id:45, sql:[create table schema2.sharding_4_t2(id int primary key,name varchar(10))]===
dble:[[]]
===file:sqls_mixed/bugs/bug.sql, id:46, sql:[create table schema3.sharding_4_t3(id int primary key,name varchar(10))]===
dble:[[]]
===file:sqls_mixed/bugs/bug.sql, id:47, sql:[create table schema2.global_4_t1(id int primary key,name varchar(10))]===
dble:[[]]
===file:sqls_mixed/bugs/bug.sql, id:48, sql:[insert into sharding_4_t1 values(1,'actiontech')]===
dble:[[]]
===file:sqls_mixed/bugs/bug.sql, id:49, sql:[insert into schema2.sharding_4_t2 values(1,'actiontech')]===
dble:[[]]
===file:sqls_mixed/bugs/bug.sql, id:50, sql:[insert into schema3.sharding_4_t3 values(1,'actiontech')]===
dble:[[]]
===file:sqls_mixed/bugs/bug.sql, id:51, sql:[insert into schema2.global_4_t1 values(1,'actiontech')]===
dble:[[]]
===file:sqls_mixed/bugs/bug.sql, id:52, sql:[select a.id,a.name from sharding_4_t1 a join schema2.sharding_4_t2 b where a.id=b.id union  select id,name from schema3.sharding_4_t3]===
dble:[[(1L, 'actiontech')]]
===file:sqls_mixed/bugs/bug.sql, id:53, sql:[select id,concat(id,'_',name)from sharding_4_t1 union all select id,concat(id,'_',name)from sharding_4_t1]===
dble:[[(1L, '1_actiontech'), (1L, '1_actiontech')]]
===file:sqls_mixed/bugs/bug.sql, id:54, sql:[select a.id,concat(a.id,'_',a.name) from sharding_4_t1 a join schema2.sharding_4_t2 b where a.id=b.id union  select id,concat(id,'_',name)from schema3.sharding_4_t3]===
dble:[[(1L, '1_actiontech')]]
===file:sqls_mixed/bugs/bug.sql, id:55, sql:[select 1 union select id from sharding_4_t1]===
dble:[[(1L,)]]
===file:sqls_mixed/bugs/bug.sql, id:56, sql:[select id from sharding_4_t1 union select 1]===
dble:[[(1L,)]]
===file:sqls_mixed/bugs/bug.sql, id:57, sql:[select 1 union select id from schema2.global_4_t1]===
dble:[[(1L,)]]
===file:sqls_mixed/bugs/bug.sql, id:58, sql:[select id from schema2.global_4_t1 union SELECT 1]===
dble:[[(1L,)]]
===file:sqls_mixed/bugs/bug.sql, id:60, sql:[drop table if exists sharding_4_t1]===
dble:[[]]
===file:sqls_mixed/bugs/bug.sql, id:61, sql:[create table sharding_4_t1 (id int(11) primary key,R_REGIONKEY float,R_NAME varchar(50),R_COMMENT varchar(50))DEFAULT CHARSET=UTF8]===
dble:[[]]
===file:sqls_mixed/bugs/bug.sql, id:62, sql:[insert into sharding_4_t1 (id,R_REGIONKEY,R_NAME,R_COMMENT) values (1,1, 'a string','test001'),(3,3, 'another string','test003'),(2,2, 'a\nstring','test002'),(4,4, '中','test004'),(5,5, 'a\'string\'','test005'),(6,6, 'a\""string\""','test006'),(7,7, 'a\bstring','test007'),(8,8, 'a\nstring','test008'),(9,9, 'a\rstring','test009'),(10,10, 'a\tstring','test010'),(11,11, 'a\zstring','test011'),(12,12, 'a\\string','test012'),(13,13, 'a\%string','test013'),(14,14, 'a\_string','test014'),(15,15, 'MySQL','test015'),(16,16, 'binary','test016'),(65,16, 'binary','test016'),(17,12345678901234567890123.4567890,17,17),(18,18, 'A','test018'),(19,19, '','test019')]===
dble:[[]]
===file:sqls_mixed/bugs/bug.sql, id:66, sql:[drop table if exists schema2.global_4_t1]===
dble:[[]]
===file:sqls_mixed/bugs/bug.sql, id:67, sql:[drop table if exists schema2.global_4_t2]===
dble:[[]]
===file:sqls_mixed/bugs/bug.sql, id:68, sql:[CREATE TABLE schema2.global_4_t1(`id` int(10) unsigned NOT NULL,`t_id` int(10) unsigned NOT NULL DEFAULT '0',`name` char(120) NOT NULL DEFAULT '',`pad` int(11) NOT NULL,PRIMARY KEY (`id`),KEY `k_1` (`t_id`))DEFAULT CHARSET=UTF8]===
dble:[[]]
===file:sqls_mixed/bugs/bug.sql, id:69, sql:[CREATE TABLE schema2.global_4_t2(`id` int(10) unsigned NOT NULL,`o_id` int(10) unsigned NOT NULL DEFAULT '0',`name` char(120) NOT NULL DEFAULT '',`pad` int(11) NOT NULL,PRIMARY KEY (`id`),KEY `k_1` (`o_id`))DEFAULT CHARSET=UTF8]===
dble:[[]]
===file:sqls_mixed/bugs/bug.sql, id:70, sql:[insert into schema2.global_4_t1 values(1,1,'test中id为1',1),(2,2,'test_2',2),(3,3,'test中id为3',4),(4,4,'$test$4',3),(5,5,'test...5',1),(6,6,'test6',6)]===
dble:[[]]
===file:sqls_mixed/bugs/bug.sql, id:71, sql:[insert into schema2.global_4_t2 values(1,1,'order中id为1',1),(2,2,'test_2',2),(3,3,'order中id为3',3),(4,4,'$order$4',4),(5,5,'order...5',1)]===
dble:[[]]
===file:sqls_mixed/bugs/bug.sql, id:72, sql:[(select a.id,a.t_id,a.name,a.pad from schema2.global_4_t1 a where a.pad=1) union (select c.id,c.o_id,c.name,c.pad from schema2.global_4_t2 c where c.pad=1) order by name limit 2]===
dble:[((5L, 5L, 'order...5', 1L), (1L, 1L, 'order\xe4\xb8\xadid\xe4\xb8\xba1', 1L))]
===file:sqls_mixed/bugs/bug.sql, id:74, sql:[drop table if exists sharding_4_t1]===
dble:[[]]
===file:sqls_mixed/bugs/bug.sql, id:75, sql:[drop table if exists schema2.global_4_t1]===
dble:[[]]
===file:sqls_mixed/bugs/bug.sql, id:76, sql:[drop table if exists sharding_enum_string_t1]===
dble:[[]]
===file:sqls_mixed/bugs/bug.sql, id:77, sql:[drop table if exists sharding_date_t1]===
dble:[[]]
===file:sqls_mixed/bugs/bug.sql, id:78, sql:[create table sharding_4_t1(id int,c int,name varchar(20))]===
dble:[[]]
===file:sqls_mixed/bugs/bug.sql, id:79, sql:[create table schema2.global_4_t1(id int,c int,name varchar(20))]===
dble:[[]]
===file:sqls_mixed/bugs/bug.sql, id:80, sql:[create table sharding_enum_string_t1(id varchar(20) ,name varchar(20))]===
dble:[[]]
===file:sqls_mixed/bugs/bug.sql, id:81, sql:[create table sharding_date_t1(id Date,name varchar(20))]===
dble:[[]]
===file:sqls_mixed/bugs/bug.sql, id:82, sql:[insert into schema2.global_4_t1 values(1,1,'test_global_1'),(2,2,'test_global_2'),(2,2,'test_global_3')]===
dble:[[]]
===file:sqls_mixed/bugs/bug.sql, id:83, sql:[insert into sharding_4_t1 values(null,1,'test_shard_1'),(null,2,'test_shard_2'),(null,3,'test_shard_3')]===
dble:[[]]
===file:sqls_mixed/bugs/bug.sql, id:84, sql:[insert into sharding_4_t1 set id=null,c=4,name='test_shard_4']===
dble:[[]]
===file:sqls_mixed/bugs/bug.sql, id:85, sql:[insert into sharding_enum_string_t1 values(null,'enum_patch_string1'),('aaa','enum_patch_string2')]===
dble:[[]]
===file:sqls_mixed/bugs/bug.sql, id:86, sql:[insert into sharding_date_t1 values(null,'date_patch1'),('2018-08-21','date_patch2')]===
dble:[[]]
===file:sqls_mixed/bugs/bug.sql, id:87, sql:[update sharding_4_t1 set name = 'sharding_4_t1 1_1' where id is null]===
dble:[[]]
===file:sqls_mixed/bugs/bug.sql, id:88, sql:[update sharding_enum_string_t1 set name='enum_patch_string1_1' where id is null]===
dble:[[]]
===file:sqls_mixed/bugs/bug.sql, id:89, sql:[update sharding_date_t1 set name='date_patch1_1' where id is null]===
dble:[[]]
===file:sqls_mixed/bugs/bug.sql, id:90, sql:[select * from sharding_4_t1 where id is null]===
dble:[[(None, 1L, 'sharding_4_t1 1_1'), (None, 2L, 'sharding_4_t1 1_1'), (None, 3L, 'sharding_4_t1 1_1'), (None, 4L, 'sharding_4_t1 1_1')]]
===file:sqls_mixed/bugs/bug.sql, id:91, sql:[select * from sharding_enum_string_t1 where id is null]===
dble:[[(None, 'enum_patch_string1_1')]]
===file:sqls_mixed/bugs/bug.sql, id:92, sql:[select * from sharding_date_t1 where id is null]===
dble:[[(None, 'date_patch1_1')]]
===file:sqls_mixed/bugs/bug.sql, id:93, sql:[select * from sharding_4_t1 order by id]===
dble:[((None, 1L, 'sharding_4_t1 1_1'), (None, 2L, 'sharding_4_t1 1_1'), (None, 3L, 'sharding_4_t1 1_1'), (None, 4L, 'sharding_4_t1 1_1'))]
===file:sqls_mixed/bugs/bug.sql, id:94, sql:[select * from sharding_4_t1 order by id limit 1,1]===
dble:[((None, 2L, 'sharding_4_t1 1_1'),)]
===file:sqls_mixed/bugs/bug.sql, id:95, sql:[select * from sharding_4_t1 order by id limit 1,2]===
dble:[((None, 2L, 'sharding_4_t1 1_1'), (None, 3L, 'sharding_4_t1 1_1'))]
===file:sqls_mixed/bugs/bug.sql, id:96, sql:[select id,c from sharding_4_t1 group by id,c order by id,c limit 1,2]===
dble:[((None, 2L), (None, 3L))]
===file:sqls_mixed/bugs/bug.sql, id:97, sql:[select * from sharding_4_t1 a join schema2.global_4_t1 as b on a.id=b.id order by b.id]===
dble:[()]
===file:sqls_mixed/bugs/bug.sql, id:98, sql:[select * from sharding_4_t1 a inner join schema2.global_4_t1 as b on a.id=b.id order by b.id]===
dble:[()]
===file:sqls_mixed/bugs/bug.sql, id:99, sql:[select * from sharding_4_t1 a cross join schema2.global_4_t1 as b on a.id=b.id order by b.id]===
dble:[()]
===file:sqls_mixed/bugs/bug.sql, id:100, sql:[select * from sharding_4_t1 a straight_join (select * from schema2.global_4_t1 where c>0) b on a.id<b.id]===
dble:[[]]
===file:sqls_mixed/bugs/bug.sql, id:101, sql:[select a.id,a.c from sharding_4_t1 a left join (select * from schema2.global_4_t1 where c>2) b on a.id=b.id]===
dble:[[(None, 1L), (None, 2L), (None, 3L), (None, 4L)]]
===file:sqls_mixed/bugs/bug.sql, id:102, sql:[select * from sharding_4_t1 a right join (select * from schema2.global_4_t1 where c>2) b on a.id=b.id]===
dble:[[]]
===file:sqls_mixed/bugs/bug.sql, id:103, sql:[select * from (select * from sharding_4_t1 where id>1) a natural left join (select * from schema2.global_4_t1 where id>3) b order by a.id,b.id]===
dble:[()]
===file:sqls_mixed/bugs/bug.sql, id:104, sql:[select * from (select * from sharding_4_t1 where id>1) a natural right join (select * from schema2.global_4_t1 where id>3) b order by a.id,b.id]===
dble:[()]
===file:sqls_mixed/bugs/bug.sql, id:105, sql:[select * from (select * from sharding_4_t1 where id>1) a natural left outer join (select * from schema2.global_4_t1 where id>3) b order by a.id,b.id]===
dble:[()]
===file:sqls_mixed/bugs/bug.sql, id:106, sql:[select * from (select * from sharding_4_t1 where id>1) a natural right outer join (select * from schema2.global_4_t1 where id>3) b order by a.id,b.id]===
dble:[()]
===file:sqls_mixed/bugs/bug.sql, id:107, sql:[(select name from sharding_4_t1 where id=null order by id) union all (select name from schema2.global_4_t1 where id=1 order by id)]===
dble:[(('test_global_1',),)]
===file:sqls_mixed/bugs/bug.sql, id:108, sql:[(select name from sharding_4_t1 where id=null order by id) union distinct (select name from schema2.global_4_t1 where id=1 order by id)]===
dble:[(('test_global_1',),)]
===file:sqls_mixed/bugs/bug.sql, id:109, sql:[(select a.name,a.c from sharding_4_t1 a  where id=null) union (select b.name,b.c from schema2.global_4_t1 b  where id=1) order by name]===
dble:[(('test_global_1', 1L),)]
===file:sqls_mixed/bugs/bug.sql, id:110, sql:[(select name as sort_a from sharding_4_t1 where id=null) union (select name from schema2.global_4_t1 where id=1)]===
dble:[[('test_global_1',)]]
===file:sqls_mixed/bugs/bug.sql, id:111, sql:[(select name as sort_a,c from sharding_4_t1 where id=null) union (select name,c from schema2.global_4_t1 where id=1) order by sort_a,c]===
dble:[(('test_global_1', 1L),)]
===file:sqls_mixed/bugs/bug.sql, id:112, sql:[delete from sharding_4_t1 where id is null]===
dble:[[]]
===file:sqls_mixed/bugs/bug.sql, id:113, sql:[delete from sharding_enum_string_t1 where id is null]===
dble:[[]]
===file:sqls_mixed/bugs/bug.sql, id:114, sql:[delete from sharding_date_t1 where id is null]===
dble:[[]]
===file:sqls_mixed/bugs/bug.sql, id:115, sql:[drop table if exists sharding_4_t1]===
dble:[[]]
===file:sqls_mixed/bugs/bug.sql, id:116, sql:[drop table if exists schema2.global_4_t1]===
dble:[[]]
===file:sqls_mixed/bugs/bug.sql, id:117, sql:[drop table if exists sharding_enum_string_t1]===
dble:[[]]
===file:sqls_mixed/bugs/bug.sql, id:118, sql:[drop table if exists sharding_date_t1]===
dble:[[]]
===file:sqls_mixed/bugs/bug.sql, id:120, sql:[drop table if exists sharding_4_t1]===
dble:[[]]
===file:sqls_mixed/bugs/bug.sql, id:121, sql:[CREATE TABLE sharding_4_t1(id int(11) NOT NULL,c_flag char(255) DEFAULT NULL,c_decimal decimal(16,4) DEFAULT NULL,PRIMARY KEY (id)) ENGINE=InnoDB DEFAULT CHARSET=utf8]===
dble:[[]]
===file:sqls_mixed/bugs/bug.sql, id:122, sql:[select count(*) from sharding_4_t1 where id = (select id from sharding_4_t1 where id =1)]===
dble:[[(0L,)]]
===file:sqls_mixed/bugs/bug.sql, id:123, sql:[drop table if exists sharding_4_t1]===
dble:[[]]
===file:sqls_mixed/bugs/bug.sql, id:125, sql:[drop table if exists sharding_4_t1]===
dble:[[]]
===file:sqls_mixed/bugs/bug.sql, id:126, sql:[drop table if exists schema2.sharding_4_t2]===
dble:[[]]
===file:sqls_mixed/bugs/bug.sql, id:127, sql:[create table sharding_4_t1(id int primary key,name varchar(10))]===
dble:[[]]
===file:sqls_mixed/bugs/bug.sql, id:128, sql:[create table schema2.sharding_4_t2(id int primary key,name varchar(10))]===
dble:[[]]
===file:sqls_mixed/bugs/bug.sql, id:129, sql:[insert into sharding_4_t1 values(1,'actiontech')]===
dble:[[]]
===file:sqls_mixed/bugs/bug.sql, id:130, sql:[insert into schema2.sharding_4_t2 values(1,'actiontech')]===
dble:[[]]
===file:sqls_mixed/bugs/bug.sql, id:131, sql:[select `A`.* FROM (select sharding_4_t1.id,schema2.sharding_4_t2.name from schema2.sharding_4_t2, sharding_4_t1 where  sharding_4_t1.id = schema2.sharding_4_t2.id) `A` where `A`.id = 99 order by `A`.id]===
dble:[()]
===file:sqls_mixed/bugs/bug.sql, id:133, sql:[drop table if exists sharding_4_t1]===
dble:[[]]
===file:sqls_mixed/bugs/bug.sql, id:134, sql:[create table sharding_4_t1(id int,c int,name varchar(20))]===
dble:[[]]
===file:sqls_mixed/bugs/bug.sql, id:135, sql:[insert into sharding_4_t1 values(1,1,'test_global_1'),(2,2,'test_global_2'),(2,2,'test_global_3')]===
dble:[[]]
===file:sqls_mixed/bugs/bug.sql, id:140, sql:[drop table if exists sharding_4_t1]===
dble:[[]]
===file:sqls_mixed/bugs/bug.sql, id:142, sql:[drop table if exists sharding_4_t1]===
dble:[[]]
===file:sqls_mixed/bugs/bug.sql, id:143, sql:[CREATE TABLE sharding_4_t1(`id` int(10) unsigned NOT NULL,`t_id` int(10) unsigned NOT NULL DEFAULT '0',`name` char(120) NOT NULL DEFAULT '',`pad` int(11) NOT NULL,PRIMARY KEY (`id`),KEY `k_1` (`t_id`))DEFAULT CHARSET=UTF8]===
dble:[[]]
===file:sqls_mixed/bugs/bug.sql, id:144, sql:[insert into sharding_4_t1 values(1,1,'test中id为1',1),(2,2,'test_2',2),(3,3,'test中id为3',4),(4,4,'$test$4',3),(5,5,'test...5',1),(6,6,'test6',6)]===
dble:[[]]
===file:sqls_mixed/bugs/bug.sql, id:145, sql:[select id a,t_id b,name c,pad d from (select * from sharding_4_t1 union SELECT'20180716' AS BUSIDATE,'00119' AS ZONENO,'260' AS BRNO,'34890' AS TELLERNO)t order by a]===
dble:[(('1', '1', 'test\xe4\xb8\xadid\xe4\xb8\xba1', '1'), ('2', '2', 'test_2', '2'), ('20180716', '00119', '260', '34890'), ('3', '3', 'test\xe4\xb8\xadid\xe4\xb8\xba3', '4'), ('4', '4', '$test$4', '3'), ('5', '5', 'test...5', '1'), ('6', '6', 'test6', '6'))]
===file:sqls_mixed/bugs/bug.sql, id:146, sql:[select id,t_id,name,pad from sharding_4_t1 union (SELECT'20180716' AS id,'00119' AS ZONENO,'260' AS BRNO,'34890' AS TELLERNO) order by id]===
dble:[(('1', '1', 'test\xe4\xb8\xadid\xe4\xb8\xba1', '1'), ('2', '2', 'test_2', '2'), ('20180716', '00119', '260', '34890'), ('3', '3', 'test\xe4\xb8\xadid\xe4\xb8\xba3', '4'), ('4', '4', '$test$4', '3'), ('5', '5', 'test...5', '1'), ('6', '6', 'test6', '6'))]
===file:sqls_mixed/bugs/bug.sql, id:147, sql:[drop table if exists schema2.global_4_t1]===
dble:[[]]
===file:sqls_mixed/bugs/bug.sql, id:148, sql:[CREATE TABLE schema2.global_4_t1(`id` int(10) unsigned NOT NULL,`t_id` int(10) unsigned NOT NULL DEFAULT '0',`name` char(120) NOT NULL DEFAULT '',`pad` int(11) NOT NULL,PRIMARY KEY (`id`),KEY `k_1` (`t_id`))DEFAULT CHARSET=UTF8]===
dble:[[]]
===file:sqls_mixed/bugs/bug.sql, id:149, sql:[insert into schema2.global_4_t1 values(1,1,'test中id为1',1),(2,2,'test_2',2),(3,3,'test中id为3',4),(4,4,'$test$4',3),(5,5,'test...5',1),(6,6,'test6',6)]===
dble:[[]]
===file:sqls_mixed/bugs/bug.sql, id:150, sql:[select id a,t_id b,name c,pad d from (select id,t_id,name,pad from schema2.global_4_t1 union SELECT'20180716' AS BUSIDATE,'00119' AS ZONENO,'260' AS BRNO,'34890' AS TELLERNO)t order by a]===
dble:[(('1', '1', 'test\xe4\xb8\xadid\xe4\xb8\xba1', '1'), ('2', '2', 'test_2', '2'), ('20180716', '00119', '260', '34890'), ('3', '3', 'test\xe4\xb8\xadid\xe4\xb8\xba3', '4'), ('4', '4', '$test$4', '3'), ('5', '5', 'test...5', '1'), ('6', '6', 'test6', '6'))]
===file:sqls_mixed/bugs/bug.sql, id:151, sql:[select id,t_id,name,pad from schema2.global_4_t1 union (SELECT'20180716' AS id,'00119' AS ZONENO,'260' AS BRNO,'34890' AS TELLERNO) order by id]===
dble:[(('1', '1', 'test\xe4\xb8\xadid\xe4\xb8\xba1', '1'), ('2', '2', 'test_2', '2'), ('20180716', '00119', '260', '34890'), ('3', '3', 'test\xe4\xb8\xadid\xe4\xb8\xba3', '4'), ('4', '4', '$test$4', '3'), ('5', '5', 'test...5', '1'), ('6', '6', 'test6', '6'))]
===file:sqls_mixed/bugs/bug.sql, id:152, sql:[drop table if exists a_test_no_shard]===
dble:[[]]
===file:sqls_mixed/bugs/bug.sql, id:153, sql:[CREATE TABLE a_test_no_shard(`id` int(10) unsigned NOT NULL,`t_id` int(10) unsigned NOT NULL DEFAULT '0',`name` char(120) NOT NULL DEFAULT '',`pad` int(11) NOT NULL,PRIMARY KEY (`id`),KEY `k_1` (`t_id`))DEFAULT CHARSET=UTF8]===
dble:[[]]
===file:sqls_mixed/bugs/bug.sql, id:154, sql:[insert into a_test_no_shard values(1,1,'test中id为1',1),(2,2,'test_2',2),(3,3,'test中id为3',4),(4,4,'$test$4',3),(5,5,'test...5',1),(6,6,'test6',6)]===
dble:[[]]
===file:sqls_mixed/bugs/bug.sql, id:155, sql:[select id a,t_id b,name c,pad d from (select * from a_test_no_shard union SELECT'20180716' AS BUSIDATE,'00119' AS ZONENO,'260' AS BRNO,'34890' AS TELLERNO)t order by a]===
dble:[(('1', '1', 'test\xe4\xb8\xadid\xe4\xb8\xba1', '1'), ('2', '2', 'test_2', '2'), ('20180716', '00119', '260', '34890'), ('3', '3', 'test\xe4\xb8\xadid\xe4\xb8\xba3', '4'), ('4', '4', '$test$4', '3'), ('5', '5', 'test...5', '1'), ('6', '6', 'test6', '6'))]
===file:sqls_mixed/bugs/bug.sql, id:156, sql:[select id,t_id,name,pad from a_test_no_shard union (SELECT'20180716' AS id,'00119' AS ZONENO,'260' AS BRNO,'34890' AS TELLERNO) order by id]===
dble:[(('1', '1', 'test\xe4\xb8\xadid\xe4\xb8\xba1', '1'), ('2', '2', 'test_2', '2'), ('20180716', '00119', '260', '34890'), ('3', '3', 'test\xe4\xb8\xadid\xe4\xb8\xba3', '4'), ('4', '4', '$test$4', '3'), ('5', '5', 'test...5', '1'), ('6', '6', 'test6', '6'))]
===file:sqls_mixed/bugs/bug.sql, id:158, sql:[drop table if exists sharding_2_t1]===
dble:[[]]
===file:sqls_mixed/bugs/bug.sql, id:159, sql:[drop table if exists sharding_3_t1]===
dble:[[]]
===file:sqls_mixed/bugs/bug.sql, id:160, sql:[create table sharding_2_t1(id int, aa int)]===
dble:[[]]
===file:sqls_mixed/bugs/bug.sql, id:161, sql:[create table sharding_3_t1(id int, bb int)]===
dble:[[]]
===file:sqls_mixed/bugs/bug.sql, id:162, sql:[insert into sharding_2_t1 values(1,123)]===
dble:[[]]
===file:sqls_mixed/bugs/bug.sql, id:163, sql:[insert into sharding_3_t1 values(2,111),(2,123),(2,NULL)]===
dble:[[]]
===file:sqls_mixed/bugs/bug.sql, id:164, sql:[select * from sharding_2_t1 a,sharding_3_t1 b where a.aa = b.bb]===
dble:[[(1L, 123L, 2L, 123L)]]
===file:sqls_mixed/bugs/bug.sql, id:166, sql:[drop table if exists sharding_2_t1]===
dble:[[]]
===file:sqls_mixed/bugs/bug.sql, id:167, sql:[create table sharding_2_t1 (id int,busidate char(20),zoneno char(20),brno int,tellerno int)]===
dble:[[]]
===file:sqls_mixed/bugs/bug.sql, id:168, sql:[SELECT T.BUSIDATE AS occurDate, T.ZONENO AS zoneNo, IFNULL(T.BRNO, 0) AS uncheckPicture, IFNULL(T.TELLERNO, 0) AS uncheckFlow FROM ( SELECT F.BUSIDATE, F.ZONENO, F.BRNO, F.TELLERNO FROM sharding_2_t1 F WHERE F.id = 1 UNION ALL SELECT '20180716', '00119', 1, 0 UNION ALL SELECT '20180716', '00119', 1, 2 ) T]===
dble:[[('20180716', '00119', 1L, 0L), ('20180716', '00119', 1L, 2L)]]
===file:sqls_mixed/bugs/bug.sql, id:169, sql:[SELECT BUSIDATE AS occurDate, ZONENO AS zoneNo, IFNULL(BRNO, 0) AS uncheckPicture, IFNULL(TELLERNO, 0) AS uncheckFlow FROM ( SELECT F.BUSIDATE, F.ZONENO, F.BRNO, F.TELLERNO FROM sharding_2_t1 F WHERE F.id = 1 UNION ALL SELECT '20180716' , '00119' , 0 , 0 ) T]===
dble:[[('20180716', '00119', 0L, 0L)]]
===file:sqls_mixed/bugs/bug.sql, id:170, sql:[drop table if exists sharding_2_t1]===
dble:[[]]
===file:sqls_mixed/bugs/bug.sql, id:172, sql:[drop table if exists sharding_4_t1]===
dble:[[]]
===file:sqls_mixed/bugs/bug.sql, id:173, sql:[drop table if exists schema2.sharding_4_t2]===
dble:[[]]
===file:sqls_mixed/bugs/bug.sql, id:174, sql:[create table sharding_4_t1(id int, name varchar(20))]===
dble:[[]]
===file:sqls_mixed/bugs/bug.sql, id:175, sql:[create table schema2.sharding_4_t2(id int, name varchar(20))]===
dble:[[]]
===file:sqls_mixed/bugs/bug.sql, id:176, sql:[insert into sharding_4_t1 value(1,'a')]===
dble:[[]]
===file:sqls_mixed/bugs/bug.sql, id:177, sql:[insert into schema2.sharding_4_t2 values(1,'d'),(2,'b'),(3,'c')]===
dble:[[]]
===file:sqls_mixed/bugs/bug.sql, id:178, sql:[select b.* from sharding_4_t1 b left join schema2.sharding_4_t2 a on a.id=b.id where a.id is NULL]===
dble:[[]]
===file:sqls_mixed/bugs/bug.sql, id:179, sql:[drop table if exists sharding_4_t1]===
dble:[[]]
===file:sqls_mixed/bugs/bug.sql, id:180, sql:[drop table if exists schema2.sharding_4_t2]===
dble:[[]]
===file:sqls_mixed/bugs/bug.sql, id:182, sql:[drop table if exists sharding_one_1]===
dble:[[]]
===file:sqls_mixed/bugs/bug.sql, id:183, sql:[drop table if exists sharding_one_2]===
dble:[[]]
===file:sqls_mixed/bugs/bug.sql, id:184, sql:[create table sharding_one_1(id int)]===
dble:[[]]
===file:sqls_mixed/bugs/bug.sql, id:185, sql:[create table sharding_one_2(id int)]===
dble:[[]]
===file:sqls_mixed/bugs/bug.sql, id:186, sql:[select * from sharding_one_1 a where exists (select * from sharding_one_2 b where a.id =b.id)]===
dble:[[]]
===file:sqls_mixed/bugs/bug.sql, id:187, sql:[drop table if exists sharding_one_1]===
dble:[[]]
===file:sqls_mixed/bugs/bug.sql, id:188, sql:[drop table if exists sharding_one_2]===
dble:[[]]
===file:sqls_mixed/bugs/bug.sql, id:190, sql:[drop table if exists sharding_4_t1]===
dble:[[]]
===file:sqls_mixed/bugs/bug.sql, id:191, sql:[CREATE TABLE sharding_4_t1(id int(11) NOT NULL,c_flag char(255),c_decimal decimal(16,4),PRIMARY KEY (id)) DEFAULT CHARSET=utf8]===
dble:[[]]
===file:sqls_mixed/bugs/bug.sql, id:192, sql:[insert into sharding_4_t1 values(18,'美国',20.0),(530,'中国',20.0)]===
dble:[[]]
===file:sqls_mixed/bugs/bug.sql, id:193, sql:[select c_decimal,group_concat(c_flag) from sharding_4_t1 where c_decimal =20 group by c_decimal]===
dble:[[(Decimal('20.0000'), '\xe7\xbe\x8e\xe5\x9b\xbd,\xe4\xb8\xad\xe5\x9b\xbd')]]
===file:sqls_mixed/bugs/bug.sql, id:195, sql:[drop table if exists sharding_4_t1]===
dble:[[]]
===file:sqls_mixed/bugs/bug.sql, id:196, sql:[create table sharding_4_t1(id int, c_decimal float)]===
dble:[[]]
===file:sqls_mixed/bugs/bug.sql, id:197, sql:[select sum(c_decimal) c_alias from sharding_4_t1 order by c_alias]===
dble:[((None,),)]
===file:sqls_mixed/bugs/bug.sql, id:198, sql:[select -sum(c_decimal) c_alias from sharding_4_t1 order by c_alias]===
dble:[((None,),)]
===file:sqls_mixed/bugs/bug.sql, id:199, sql:[select abs(sum(c_decimal)) c_alias from sharding_4_t1 order by c_alias]===
dble:[((None,),)]
===file:sqls_mixed/bugs/bug.sql, id:200, sql:[drop table if exists sharding_4_t1]===
dble:[[]]
===file:sqls_mixed/bugs/bug.sql, id:202, sql:[drop table if exists schema2.global_4_t1]===
dble:[[]]
===file:sqls_mixed/bugs/bug.sql, id:203, sql:[drop table if exists schema2.global_4_t2]===
dble:[[]]
===file:sqls_mixed/bugs/bug.sql, id:204, sql:[create table schema2.global_4_t1 (DATANUM int,EXPORT_DATA_FILENAME varchar(50))]===
dble:[[]]
===file:sqls_mixed/bugs/bug.sql, id:205, sql:[create table schema2.global_4_t2(id int)]===
dble:[[]]
===file:sqls_mixed/bugs/bug.sql, id:206, sql:[SELECT tempview1.tablename,tempview1.datanum,tempview2.tablename,tempview2.datanum FROM (SELECT SUBSTRING_INDEX(t.EXPORT_DATA_FILENAME, '-', '1') tablename,SUM(t.DATANUM) datanum FROM schema2.global_4_t1 t GROUP BY SUBSTRING_INDEX(t.EXPORT_DATA_FILENAME, '-', '1')) tempview1,(SELECT 'ctp_user' tablename, COUNT(1) datanum FROM schema2.global_4_t2) tempview2 WHERE tempview1.tablename = tempview2.tablename]===
dble:[[]]
===file:sqls_mixed/bugs/bug.sql, id:207, sql:[drop table if exists schema2.global_4_t1]===
dble:[[]]
===file:sqls_mixed/bugs/bug.sql, id:208, sql:[drop table if exists schema2.global_4_t2]===
dble:[[]]
===file:sqls_mixed/bugs/bug.sql, id:210, sql:[drop table if exists sharding_4_t1]===
dble:[[]]
===file:sqls_mixed/bugs/bug.sql, id:211, sql:[create table sharding_4_t1(id int,c_id int,name varchar(8)) partition by linear key algorithm=2 (id,c_id) partitions 4 (partition p0,partition p1,partition p2,partition p3)]===
dble:[[]]
===file:sqls_mixed/bugs/bug.sql, id:212, sql:[drop table if exists sharding_4_t1]===
dble:[[]]
===file:sqls_mixed/bugs/bug.sql, id:213, sql:[create table sharding_4_t1(id int,c_id int,name varchar(8)) partition by key  algorithm=1(id) partitions 4 (partition p0,partition p1,partition p2,partition p3)]===
dble:[[]]
===file:sqls_mixed/bugs/bug.sql, id:214, sql:[drop table if exists sharding_4_t1]===
dble:[[]]
===file:sqls_mixed/bugs/bug.sql, id:216, sql:[set session tx_read_only=1]===
dble:[[]]
===file:sqls_mixed/bugs/bug.sql, id:217, sql:[set session tx_read_only=0]===
dble:[[]]
===file:sqls_mixed/bugs/bug.sql, id:219, sql:[drop table if exists sharding_3_t1]===
dble:[[]]
===file:sqls_mixed/bugs/bug.sql, id:220, sql:[create table sharding_3_t1(id int, c binary)]===
dble:[[]]
===file:sqls_mixed/bugs/bug.sql, id:221, sql:[insert into sharding_3_t1 values(1, 0x1),(2,0),(3,null),(4,1),(2,1),(null,0)]===
dble:[[]]
===file:sqls_mixed/bugs/bug.sql, id:222, sql:[select count(distinct id) from sharding_3_t1 group by c]===
dble:[[(1L,), (1L,), (1L,), (2L,)]]
===file:sqls_mixed/bugs/bug.sql, id:223, sql:[select count(distinct c) from sharding_3_t1 group by c]===
dble:[[(0L,), (1L,), (1L,), (1L,)]]
===file:sqls_mixed/bugs/bug.sql, id:224, sql:[select count(distinct id, c) from sharding_3_t1 group by c]===
dble:[[(0L,), (1L,), (1L,), (2L,)]]
===file:sqls_mixed/bugs/bug.sql, id:225, sql:[drop table if exists sharding_4_t1]===
dble:[[]]
===file:sqls_mixed/bugs/bug.sql, id:227, sql:[drop table if EXISTS sharding_3_t1]===
dble:[[]]
===file:sqls_mixed/bugs/bug.sql, id:228, sql:[CREATE  table sharding_3_t1(id int)]===
dble:[[]]
===file:sqls_mixed/bugs/bug.sql, id:229, sql:[insert into sharding_3_t1 values(null)]===
dble:[[]]
===file:sqls_mixed/bugs/bug.sql, id:230, sql:[select * from sharding_3_t1 a where a.id is null]===
dble:[[(None,)]]
===file:sqls_mixed/bugs/bug.sql, id:231, sql:[drop table if EXISTS sharding_3_t1]===
dble:[[]]
===file:sqls_mixed/bugs/bug.sql, id:233, sql:[drop table if exists sharding_4_t1]===
dble:[[]]
===file:sqls_mixed/bugs/bug.sql, id:234, sql:[create table sharding_4_t1 (id int(11) primary key,R_REGIONKEY float,R_NAME varchar(50),t datetime,b bool)DEFAULT CHARSET=UTF8]===
dble:[[]]
===file:sqls_mixed/bugs/bug.sql, id:235, sql:[insert into sharding_4_t1 (id,R_REGIONKEY,R_NAME,t,b) values (1,1, 'a string','2012/12/31 11:30:45',0),(2,2, 'a string','2012/12/31 11:30:45',0),(5,5, 'a string','2018/12/03 11:30:45',0)]===
dble:[[]]
===file:sqls_mixed/bugs/bug.sql, id:236, sql:[select * from sharding_4_t1 where exists(select * from sharding_4_t1 where id=1||id=3)]===
dble:[[(1L, 1.0, 'a string', datetime.datetime(2012, 12, 31, 11, 30, 45), 0), (2L, 2.0, 'a string', datetime.datetime(2012, 12, 31, 11, 30, 45), 0), (5L, 5.0, 'a string', datetime.datetime(2018, 12, 3, 11, 30, 45), 0)]]
===file:sqls_mixed/bugs/bug.sql, id:237, sql:[drop table if exists sharding_4_t1]===
dble:[[]]
===file:sqls_mixed/bugs/bug.sql, id:239, sql:[drop table if exists schema2.global_4_t1]===
dble:[[]]
===file:sqls_mixed/bugs/bug.sql, id:240, sql:[create table schema2.global_4_t1(id int,name varchar(30),role varchar(30))]===
dble:[[]]
===file:sqls_mixed/bugs/bug.sql, id:241, sql:[/* ApplicationName=DBeaver 5.2.4 - Main */ create or replace view schema2.view_tg as select name,role from schema2.global_4_t1]===
dble:[[]]
===file:sqls_mixed/bugs/bug.sql, id:242, sql:[/* ApplicationName=DBeaver 5.2.4 - Metadata / SHOW FULL TABLES FROM schema2 */]===
dble:[[]]
===file:sqls_mixed/bugs/bug.sql, id:243, sql:[drop table if exists schema2.global_4_t1]===
dble:[[]]
===file:sqls_mixed/bugs/bug.sql, id:244, sql:[drop view if exists view_tg]===
dble:[[]]
===file:sqls_mixed/bugs/bug.sql, id:246, sql:[drop table if exists sharding_4_t1]===
dble:[[]]
===file:sqls_mixed/bugs/bug.sql, id:247, sql:[drop table if exists sharding_1_t1]===
dble:[[]]
===file:sqls_mixed/bugs/bug.sql, id:248, sql:[drop table if exists schema2.global_4_t1]===
dble:[[]]
===file:sqls_mixed/bugs/bug.sql, id:249, sql:[create table sharding_4_t1(id int,name varchar(30))]===
dble:[[]]
===file:sqls_mixed/bugs/bug.sql, id:250, sql:[create table sharding_1_t1(id int,name varchar(30))]===
dble:[[]]
===file:sqls_mixed/bugs/bug.sql, id:251, sql:[create table schema2.global_4_t1(id int,name varchar(30))]===
dble:[[]]
===file:sqls_mixed/bugs/bug.sql, id:252, sql:[select a.id,b.id,c.id from schema2.global_4_t1 a,sharding_1_t1 b,sharding_4_t1 c order by a.id,c.id]===
dble:[()]
===file:sqls_mixed/bugs/bug.sql, id:254, sql:[select a.id,b.name from schema2.global_4_t1 a,sharding_4_t1 b where a.id < (select id from sharding_1_t1 where id = 1)]===
dble:[[]]
===file:sqls_mixed/bugs/bug.sql, id:256, sql:[drop table if exists sharding_4_t1]===
dble:[[]]
===file:sqls_mixed/bugs/bug.sql, id:257, sql:[create table sharding_4_t1(id int,name varchar(30))]===
dble:[[]]
===file:sqls_mixed/bugs/bug.sql, id:258, sql:[lock tables `sharding_4_t1` write]===
dble:[[]]
===file:sqls_mixed/bugs/bug.sql, id:259, sql:[insert into `sharding_4_t1` values(1,'1'),(2,'2'),(3,'3'),(4,'4')]===
dble:[[]]
===file:sqls_mixed/bugs/bug.sql, id:260, sql:[insert into `sharding_4_t1` values(5,'5'),(6,'6'),(7,'7'),(8,'8')]===
dble:[[]]
===file:sqls_mixed/bugs/bug.sql, id:261, sql:[unlock tables]===
dble:[[]]
===file:sqls_mixed/bugs/bug.sql, id:263, sql:[drop table if exists sharding_4_t1]===
dble:[[]]
===file:sqls_mixed/bugs/bug.sql, id:264, sql:[create table sharding_4_t1(id int,goods_id varchar(40),city varchar(40))]===
dble:[[]]
===file:sqls_mixed/bugs/bug.sql, id:265, sql:[insert into sharding_4_t1 values(1,"goods","city")]===
dble:[[]]
===file:sqls_mixed/bugs/bug.sql, id:266, sql:[drop table if exists schema2.sharding_4_t2]===
dble:[[]]
===file:sqls_mixed/bugs/bug.sql, id:267, sql:[drop table if exists schema2.global_4_t1]===
dble:[[]]
===file:sqls_mixed/bugs/bug.sql, id:268, sql:[create table schema2.sharding_4_t2(id int,goods_id varchar(40))]===
dble:[[]]
===file:sqls_mixed/bugs/bug.sql, id:269, sql:[insert into schema2.sharding_4_t2 values(2,"goods")]===
dble:[[]]
===file:sqls_mixed/bugs/bug.sql, id:270, sql:[create table schema2.global_4_t1(id int,city varchar(50),wid int)]===
dble:[[]]
===file:sqls_mixed/bugs/bug.sql, id:271, sql:[insert into schema2.global_4_t1 values(3,"city",4)]===
dble:[[]]
===file:sqls_mixed/bugs/bug.sql, id:272, sql:[drop table if exists schema3.sharding_4_t3]===
dble:[[]]
===file:sqls_mixed/bugs/bug.sql, id:273, sql:[create table schema3.sharding_4_t3(id int,name varchar(100))]===
dble:[[]]
===file:sqls_mixed/bugs/bug.sql, id:274, sql:[insert into schema3.sharding_4_t3 values(4,"12345AAA")]===
dble:[[]]
===file:sqls_mixed/bugs/bug.sql, id:275, sql:[select dg.id aaaa, dgw.id bbbb, ew.id cccc from schema1.sharding_4_t1 dgw inner join schema2.sharding_4_t2 dg on dgw.goods_id = dg.goods_id left join schema2.global_4_t1 dwp on dgw.city = dwp.city left join schema3.sharding_4_t3 ew on ew.id = dwp.wid where dgw.id = 1 and ew.name regexp 'AAA']===
dble:[[(2L, 1L, 4L)]]
===file:sqls_mixed/bugs/bug.sql, id:276, sql:[select dg.id aaaa, dgw.id bbbb, ew.id cccc from schema1.sharding_4_t1 dgw inner join schema2.sharding_4_t2 dg on dgw.goods_id = dg.goods_id left join schema2.global_4_t1 dwp on dgw.city = dwp.city left join schema3.sharding_4_t3 ew on ew.id = dwp.wid where dgw.id = 1 and ew.name regexp 'AAA$']===
dble:[[(2L, 1L, 4L)]]
===file:sqls_mixed/bugs/bug.sql, id:277, sql:[select dg.id aaaa, dgw.id bbbb, ew.id cccc from schema1.sharding_4_t1 dgw inner join schema2.sharding_4_t2 dg on dgw.goods_id = dg.goods_id left join schema2.global_4_t1 dwp on dgw.city = dwp.city left join schema3.sharding_4_t3 ew on ew.id = dwp.wid where dgw.id = 1 and ew.name not regexp '^AAA']===
dble:[[(2L, 1L, 4L)]]
===file:sqls_mixed/bugs/bug.sql, id:278, sql:[drop table if exists sharding_4_t1]===
dble:[[]]
===file:sqls_mixed/bugs/bug.sql, id:279, sql:[drop table if exists schema2.sharding_4_t2]===
dble:[[]]
===file:sqls_mixed/bugs/bug.sql, id:280, sql:[drop table if exists schema2.global_4_t1]===
dble:[[]]
===file:sqls_mixed/bugs/bug.sql, id:281, sql:[drop table if exists schema3.sharding_4_t3]===
dble:[[]]
===file:sqls_mixed/bugs/bug.sql, id:283, sql:[drop table if exists global_4_t1]===
dble:[[]]
===file:sqls_mixed/bugs/bug.sql, id:284, sql:[drop table if exists sharding_4_t1]===
dble:[[]]
===file:sqls_mixed/bugs/bug.sql, id:285, sql:[drop table if exists sharding_4_t2]===
dble:[[]]
===file:sqls_mixed/bugs/bug.sql, id:286, sql:[CREATE TABLE `global_4_t1` (`id` char(6) COLLATE utf8mb4_bin NOT NULL,`a_id` char(10) COLLATE utf8mb4_bin DEFAULT NULL,`q_id` char(30) COLLATE utf8mb4_bin DEFAULT NULL,`s_id` char(10) COLLATE utf8mb4_bin DEFAULT NULL,PRIMARY KEY (`id`),KEY `idx_q_s_id` (`q_id`,`s_id`)) ENGINE=InnoDB DEFAULT CHARSET=utf8mb4 COLLATE=utf8mb4_bin]===
dble:[[]]
===file:sqls_mixed/bugs/bug.sql, id:287, sql:[CREATE TABLE `sharding_4_t1` (`id` char(36) COLLATE utf8mb4_bin NOT NULL,`code` varchar(30) COLLATE utf8mb4_bin NOT NULL,PRIMARY KEY (`id`),UNIQUE KEY `idx__code_qk` (`code`) USING BTREE,KEY `idx__a_code` (`code`)) ENGINE=InnoDB DEFAULT CHARSET=utf8mb4 COLLATE=utf8mb4_bin]===
dble:[[]]
===file:sqls_mixed/bugs/bug.sql, id:288, sql:[CREATE TABLE `sharding_4_t2` (`id` char(36) COLLATE utf8mb4_bin NOT NULL ,`code` varchar(30) COLLATE utf8mb4_bin NOT NULL,`ck` varchar(50) COLLATE utf8mb4_bin NOT NULL,`pre` varchar(10) COLLATE utf8mb4_bin NOT NULL DEFAULT '' ,PRIMARY KEY (`id`)) ENGINE=InnoDB DEFAULT CHARSET=utf8mb4 COLLATE=utf8mb4_bin]===
dble:[[]]
===file:sqls_mixed/bugs/bug.sql, id:289, sql:[insert into global_4_t1(id,a_id,q_id,s_id) values(1,'00001a','0001code','00001s'),(2,'0002code','f330f7','e4c9a8'),(3,'0003code','f32825','4c9a89')]===
dble:[[]]
===file:sqls_mixed/bugs/bug.sql, id:290, sql:[insert into sharding_4_t1 values(1,'0001code'),(2,'0002code'),(3,'0003code')]===
dble:[[]]
===file:sqls_mixed/bugs/bug.sql, id:291, sql:[insert into sharding_4_t2 values(1,'0001code','0001ck','0001pre'),(2,'0002code','0002ck','0002pre'),(3,'0003code','0003ck','0003pre')]===
dble:[[]]
===file:sqls_mixed/bugs/bug.sql, id:292, sql:[SELECT t2.pre,t2.ck, COUNT(*) AS count FROM sharding_4_t1 t1 INNER JOIN sharding_4_t2 t2 ON t1.code = t2.code INNER JOIN (SELECT id, a_id FROM global_4_t1 WHERE q_id = 'f330f7' AND s_id = 'e4c9a8') t3 ON t1.id = t3.a_id INNER JOIN (SELECT id, a_id FROM global_4_t1 WHERE q_id = 'f32825' AND s_id = '4c9a89') t4 ON t1.id = t4.a_id GROUP BY t2.pre, t2.ck]===
dble:[[]]
===file:sqls_mixed/bugs/bug.sql, id:293, sql:[drop table if exists global_4_t1]===
dble:[[]]
===file:sqls_mixed/bugs/bug.sql, id:294, sql:[drop table if exists sharding_4_t1]===
dble:[[]]
===file:sqls_mixed/bugs/bug.sql, id:295, sql:[drop table if exists sharding_4_t2]===
dble:[[]]
