===file:sqls_mixed/select/subquery_shard_noshard.sql, id:5, sql:[drop table if exists sharding_4_t1]===
dble:[[]]
===file:sqls_mixed/select/subquery_shard_noshard.sql, id:6, sql:[drop table if exists noshard_t1]===
dble:[[]]
===file:sqls_mixed/select/subquery_shard_noshard.sql, id:7, sql:[drop table if exists schema2.sharding_4_t2]===
dble:[[]]
===file:sqls_mixed/select/subquery_shard_noshard.sql, id:8, sql:[CREATE TABLE sharding_4_t1(`id` int(10) unsigned NOT NULL,`t_id` int(10) unsigned NOT NULL DEFAULT '0',`name` char(120) NOT NULL DEFAULT '',`pad` int(11) NOT NULL,PRIMARY KEY (`id`),KEY `k_1` (`t_id`))DEFAULT CHARSET=UTF8]===
dble:[[]]
===file:sqls_mixed/select/subquery_shard_noshard.sql, id:9, sql:[CREATE TABLE noshard_t1(`id` int(10) unsigned NOT NULL,`o_id` int(10) unsigned NOT NULL DEFAULT '0',`name` char(120) NOT NULL DEFAULT '',`pad` int(11) NOT NULL,PRIMARY KEY (`id`),KEY `k_1` (`o_id`))DEFAULT CHARSET=UTF8]===
dble:[[]]
===file:sqls_mixed/select/subquery_shard_noshard.sql, id:10, sql:[CREATE TABLE schema2.sharding_4_t2(`id` int(10) unsigned NOT NULL,`m_id` int(10) unsigned NOT NULL DEFAULT '0',`name` char(120) NOT NULL DEFAULT '',`pad` int(11) NOT NULL,PRIMARY KEY (`id`),KEY `k_1` (`m_id`))DEFAULT CHARSET=UTF8]===
dble:[[]]
===file:sqls_mixed/select/subquery_shard_noshard.sql, id:11, sql:[insert into sharding_4_t1 values(1,1,'test中id为1',1),(2,2,'test_2',2),(3,3,'test中id为3',4),(4,4,'$test$4',3),(5,5,'test...5',1),(6,6,'test6',6)]===
dble:[[]]
===file:sqls_mixed/select/subquery_shard_noshard.sql, id:12, sql:[insert into noshard_t1 values(1,1,'order中id为1',1),(2,2,'test_2',2),(3,3,'order中id为3',3),(4,4,'$order$4',4),(5,5,'order...5',1)]===
dble:[[]]
===file:sqls_mixed/select/subquery_shard_noshard.sql, id:13, sql:[insert into schema2.sharding_4_t2 values(1,1,'manager中id为1',1),(2,2,'test_2',2),(3,3,'manager中id为3',3),(4,4,'$manager$4',4),(5,5,'manager...5',6)]===
dble:[[]]
===file:sqls_mixed/select/subquery_shard_noshard.sql, id:14, sql:[select a.id,b.id,b.pad,a.t_id from sharding_4_t1 a,(select all * from noshard_t1) b where a.t_id=b.o_id;]===
dble:[[(1L, 1L, 1L, 1L), (2L, 2L, 2L, 2L), (3L, 3L, 3L, 3L), (4L, 4L, 4L, 4L), (5L, 5L, 1L, 5L)]]
===file:sqls_mixed/select/subquery_shard_noshard.sql, id:15, sql:[select a.id,b.id,b.pad,a.t_id from sharding_4_t1 a,(select distinct * from noshard_t1) b where a.t_id=b.o_id;]===
dble:[[(1L, 1L, 1L, 1L), (2L, 2L, 2L, 2L), (3L, 3L, 3L, 3L), (4L, 4L, 4L, 4L), (5L, 5L, 1L, 5L)]]
===file:sqls_mixed/select/subquery_shard_noshard.sql, id:16, sql:[select * from (select * from noshard_t1 a group by a.id) a;]===
dble:[[(1L, 1L, 'order\xe4\xb8\xadid\xe4\xb8\xba1', 1L), (2L, 2L, 'test_2', 2L), (3L, 3L, 'order\xe4\xb8\xadid\xe4\xb8\xba3', 3L), (4L, 4L, '$order$4', 4L), (5L, 5L, 'order...5', 1L)]]
===file:sqls_mixed/select/subquery_shard_noshard.sql, id:17, sql:[select * from (select pad,count(*) from noshard_t1 a group by pad) a;]===
dble:[[(1L, 2L), (2L, 1L), (3L, 1L), (4L, 1L)]]
===file:sqls_mixed/select/subquery_shard_noshard.sql, id:18, sql:[select a.id,b.id,b.pad,a.t_id from sharding_4_t1 a,(select * from noshard_t1 having pad>3) b where a.t_id=b.o_id;]===
dble:[[(4L, 4L, 4L, 4L)]]
===file:sqls_mixed/select/subquery_shard_noshard.sql, id:19, sql:[select a.id,b.id,b.pad,a.t_id from sharding_4_t1 a,(select * from noshard_t1 where pad>3 order by id) b where a.t_id=b.o_id;]===
dble:[((4L, 4L, 4L, 4L),)]
===file:sqls_mixed/select/subquery_shard_noshard.sql, id:20, sql:[select a.id,b.id,b.pad,a.t_id from sharding_4_t1 a,(select * from noshard_t1 order by id limit 3) b where a.t_id=b.o_id;]===
dble:[((1L, 1L, 1L, 1L), (2L, 2L, 2L, 2L), (3L, 3L, 3L, 3L))]
===file:sqls_mixed/select/subquery_shard_noshard.sql, id:21, sql:[select a.id,b.id,b.pad,a.t_id from sharding_4_t1 a,(select * from noshard_t1 order by id limit 3) b where a.t_id=b.o_id limit 2;]===
dble:[((1L, 1L, 1L, 1L), (2L, 2L, 2L, 2L))]
===file:sqls_mixed/select/subquery_shard_noshard.sql, id:22, sql:[select a.id,b.id,b.pad,a.t_id from sharding_4_t1 a,(select * from noshard_t1 where pad>3) b where a.t_id=b.o_id;]===
dble:[[(4L, 4L, 4L, 4L)]]
===file:sqls_mixed/select/subquery_shard_noshard.sql, id:23, sql:[select * from (select noshard_t1.pad from sharding_4_t1 left join noshard_t1 on sharding_4_t1.pad=noshard_t1.pad) a;]===
dble:[[(None,), (1L,), (1L,), (1L,), (1L,), (2L,), (3L,), (4L,)]]
===file:sqls_mixed/select/subquery_shard_noshard.sql, id:24, sql:[select * from (select * from sharding_4_t1 union select * from noshard_t1) a where a.id >3;]===
dble:[[(4L, 4L, '$order$4', 4L), (4L, 4L, '$test$4', 3L), (5L, 5L, 'order...5', 1L), (5L, 5L, 'test...5', 1L), (6L, 6L, 'test6', 6L)]]
===file:sqls_mixed/select/subquery_shard_noshard.sql, id:25, sql:[select id,pad from sharding_4_t1 where pad=(select min(id) from noshard_t1);]===
dble:[[(1L, 1L), (5L, 1L)]]
===file:sqls_mixed/select/subquery_shard_noshard.sql, id:26, sql:[select id,pad,name from (select * from sharding_4_t1 where pad>2) a where id<5;]===
dble:[[(3L, 4L, 'test\xe4\xb8\xadid\xe4\xb8\xba3'), (4L, 3L, '$test$4')]]
===file:sqls_mixed/select/subquery_shard_noshard.sql, id:27, sql:[select pad,count(*) from (select * from sharding_4_t1 where pad>2) a group by pad;]===
dble:[[(3L, 1L), (4L, 1L), (6L, 1L)]]
===file:sqls_mixed/select/subquery_shard_noshard.sql, id:28, sql:[select pad,count(*) from (select * from sharding_4_t1 where pad>2) a group by pad order by pad;]===
dble:[((3L, 1L), (4L, 1L), (6L, 1L))]
===file:sqls_mixed/select/subquery_shard_noshard.sql, id:29, sql:[select count(*) from (select pad,count(*) a from sharding_4_t1 group by pad) a;]===
dble:[[(5L,)]]
===file:sqls_mixed/select/subquery_shard_noshard.sql, id:30, sql:[select * from sharding_4_t1 where pad<(select pad from noshard_t1 where id=3);]===
dble:[[(1L, 1L, 'test\xe4\xb8\xadid\xe4\xb8\xba1', 1L), (2L, 2L, 'test_2', 2L), (5L, 5L, 'test...5', 1L)]]
===file:sqls_mixed/select/subquery_shard_noshard.sql, id:31, sql:[select * from sharding_4_t1 having pad<(select pad from noshard_t1 where id=3);]===
dble:[[(1L, 1L, 'test\xe4\xb8\xadid\xe4\xb8\xba1', 1L), (2L, 2L, 'test_2', 2L), (5L, 5L, 'test...5', 1L)]]
===file:sqls_mixed/select/subquery_shard_noshard.sql, id:32, sql:[select a.id,b.id,b.pad,a.t_id from sharding_4_t1 a,(select * from noshard_t1 where pad>3) b where a.t_id=b.o_id;]===
dble:[[(4L, 4L, 4L, 4L)]]
===file:sqls_mixed/select/subquery_shard_noshard.sql, id:33, sql:[select id,name,(select count(*) from noshard_t1) count from sharding_4_t1;]===
dble:[[(1L, 'test\xe4\xb8\xadid\xe4\xb8\xba1', 5L), (2L, 'test_2', 5L), (3L, 'test\xe4\xb8\xadid\xe4\xb8\xba3', 5L), (4L, '$test$4', 5L), (5L, 'test...5', 5L), (6L, 'test6', 5L)]]
===file:sqls_mixed/select/subquery_shard_noshard.sql, id:34, sql:[select * from sharding_4_t1 where pad like (select pad from noshard_t1 where id=3);]===
dble:[[(4L, 4L, '$test$4', 3L)]]
===file:sqls_mixed/select/subquery_shard_noshard.sql, id:35, sql:[select id,pad from sharding_4_t1 where pad>(select pad from sharding_4_t1 where id=2);]===
dble:[[(3L, 4L), (4L, 3L), (6L, 6L)]]
===file:sqls_mixed/select/subquery_shard_noshard.sql, id:36, sql:[select id,pad from sharding_4_t1 where pad<(select pad from sharding_4_t1 where id=2);]===
dble:[[(1L, 1L), (5L, 1L)]]
===file:sqls_mixed/select/subquery_shard_noshard.sql, id:37, sql:[select id,pad from sharding_4_t1 where pad=(select pad from sharding_4_t1 where id=2);]===
dble:[[(2L, 2L)]]
===file:sqls_mixed/select/subquery_shard_noshard.sql, id:38, sql:[select id,pad from sharding_4_t1 where pad>=(select pad from sharding_4_t1 where id=2);]===
dble:[[(2L, 2L), (3L, 4L), (4L, 3L), (6L, 6L)]]
===file:sqls_mixed/select/subquery_shard_noshard.sql, id:39, sql:[select id,pad from sharding_4_t1 where pad<=(select pad from sharding_4_t1 where id=2);]===
dble:[[(1L, 1L), (2L, 2L), (5L, 1L)]]
===file:sqls_mixed/select/subquery_shard_noshard.sql, id:40, sql:[select id,pad from sharding_4_t1 where pad<>(select pad from sharding_4_t1 where id=2);]===
dble:[[(1L, 1L), (3L, 4L), (4L, 3L), (5L, 1L), (6L, 6L)]]
===file:sqls_mixed/select/subquery_shard_noshard.sql, id:41, sql:[select id,pad from sharding_4_t1 where pad !=(select pad from sharding_4_t1 where id=2);]===
dble:[[(1L, 1L), (3L, 4L), (4L, 3L), (5L, 1L), (6L, 6L)]]
===file:sqls_mixed/select/subquery_shard_noshard.sql, id:42, sql:[select * from sharding_4_t1 where exists(select * from sharding_4_t1 where pad>1);]===
dble:[[(1L, 1L, 'test\xe4\xb8\xadid\xe4\xb8\xba1', 1L), (2L, 2L, 'test_2', 2L), (3L, 3L, 'test\xe4\xb8\xadid\xe4\xb8\xba3', 4L), (4L, 4L, '$test$4', 3L), (5L, 5L, 'test...5', 1L), (6L, 6L, 'test6', 6L)]]
===file:sqls_mixed/select/subquery_shard_noshard.sql, id:43, sql:[select * from sharding_4_t1 where not exists(select * from sharding_4_t1 where pad>1);]===
dble:[[]]
===file:sqls_mixed/select/subquery_shard_noshard.sql, id:44, sql:[select * from sharding_4_t1 where pad not in(select id from sharding_4_t1 where pad>1);]===
dble:[[(1L, 1L, 'test\xe4\xb8\xadid\xe4\xb8\xba1', 1L), (5L, 5L, 'test...5', 1L)]]
===file:sqls_mixed/select/subquery_shard_noshard.sql, id:45, sql:[select * from sharding_4_t1 where pad in(select id from sharding_4_t1 where pad>1);]===
dble:[[(2L, 2L, 'test_2', 2L), (3L, 3L, 'test\xe4\xb8\xadid\xe4\xb8\xba3', 4L), (4L, 4L, '$test$4', 3L), (6L, 6L, 'test6', 6L)]]
===file:sqls_mixed/select/subquery_shard_noshard.sql, id:46, sql:[select * from sharding_4_t1 where pad=some(select id from sharding_4_t1 where pad>1);]===
dble:[[(2L, 2L, 'test_2', 2L), (3L, 3L, 'test\xe4\xb8\xadid\xe4\xb8\xba3', 4L), (4L, 4L, '$test$4', 3L), (6L, 6L, 'test6', 6L)]]
===file:sqls_mixed/select/subquery_shard_noshard.sql, id:47, sql:[select * from sharding_4_t1 where pad=any(select id from sharding_4_t1 where pad>1);]===
dble:[[(2L, 2L, 'test_2', 2L), (3L, 3L, 'test\xe4\xb8\xadid\xe4\xb8\xba3', 4L), (4L, 4L, '$test$4', 3L), (6L, 6L, 'test6', 6L)]]
===file:sqls_mixed/select/subquery_shard_noshard.sql, id:48, sql:[select * from sharding_4_t1 where pad !=any(select id from sharding_4_t1 where pad=3);]===
dble:[[(1L, 1L, 'test\xe4\xb8\xadid\xe4\xb8\xba1', 1L), (2L, 2L, 'test_2', 2L), (4L, 4L, '$test$4', 3L), (5L, 5L, 'test...5', 1L), (6L, 6L, 'test6', 6L)]]
===file:sqls_mixed/select/subquery_shard_noshard.sql, id:49, sql:[select a.id,b.id,b.pad,a.t_id from (select sharding_4_t1.id,sharding_4_t1.pad,sharding_4_t1.t_id from sharding_4_t1 join noshard_t1 where sharding_4_t1.pad=noshard_t1.pad ) a,(select schema2.sharding_4_t2.id,schema2.sharding_4_t2.pad from sharding_4_t1 join schema2.sharding_4_t2 where sharding_4_t1.pad=schema2.sharding_4_t2.pad) b where a.pad=b.pad;]===
dble:[[(1L, 1L, 1L, 1L), (1L, 1L, 1L, 1L), (1L, 1L, 1L, 1L), (1L, 1L, 1L, 1L), (2L, 2L, 2L, 2L), (3L, 4L, 4L, 3L), (4L, 3L, 3L, 4L), (5L, 1L, 1L, 5L), (5L, 1L, 1L, 5L), (5L, 1L, 1L, 5L), (5L, 1L, 1L, 5L)]]
===file:sqls_mixed/select/subquery_shard_noshard.sql, id:50, sql:[select * from sharding_4_t1 where pad>(select pad from sharding_4_t1 where pad=2);]===
dble:[[(3L, 3L, 'test\xe4\xb8\xadid\xe4\xb8\xba3', 4L), (4L, 4L, '$test$4', 3L), (6L, 6L, 'test6', 6L)]]
===file:sqls_mixed/select/subquery_shard_noshard.sql, id:51, sql:[select * from sharding_4_t1,(select * from sharding_4_t1 where id>3 union select * from noshard_t1 where id<2) a where a.id >3 and sharding_4_t1.pad=a.pad;]===
dble:[[(1L, 1L, 'test\xe4\xb8\xadid\xe4\xb8\xba1', 1L, 5L, 5L, 'test...5', 1L), (4L, 4L, '$test$4', 3L, 4L, 4L, '$test$4', 3L), (5L, 5L, 'test...5', 1L, 5L, 5L, 'test...5', 1L), (6L, 6L, 'test6', 6L, 6L, 6L, 'test6', 6L)]]
===file:sqls_mixed/select/subquery_shard_noshard.sql, id:52, sql:[select count(*) from (select * from sharding_4_t1 where pad=(select pad from noshard_t1 where id=1)) a;]===
dble:[[(2L,)]]
===file:sqls_mixed/select/subquery_shard_noshard.sql, id:56, sql:[select (select name from sharding_4_t1 order by name limit 1)]===
dble:[(('$test$4',),)]
===file:sqls_mixed/select/subquery_shard_noshard.sql, id:57, sql:[select * from sharding_4_t1 where 'test_2'=(select name from noshard_t1 where id=2)]===
dble:[[(1L, 1L, 'test\xe4\xb8\xadid\xe4\xb8\xba1', 1L), (2L, 2L, 'test_2', 2L), (3L, 3L, 'test\xe4\xb8\xadid\xe4\xb8\xba3', 4L), (4L, 4L, '$test$4', 3L), (5L, 5L, 'test...5', 1L), (6L, 6L, 'test6', 6L)]]
===file:sqls_mixed/select/subquery_shard_noshard.sql, id:58, sql:[select * from sharding_4_t1 where 5=(select count(*) from noshard_t1)]===
dble:[[(1L, 1L, 'test\xe4\xb8\xadid\xe4\xb8\xba1', 1L), (2L, 2L, 'test_2', 2L), (3L, 3L, 'test\xe4\xb8\xadid\xe4\xb8\xba3', 4L), (4L, 4L, '$test$4', 3L), (5L, 5L, 'test...5', 1L), (6L, 6L, 'test6', 6L)]]
===file:sqls_mixed/select/subquery_shard_noshard.sql, id:59, sql:[select * from sharding_4_t1 where 'test_2' like(select name from noshard_t1 where id=2)]===
dble:[[(1L, 1L, 'test\xe4\xb8\xadid\xe4\xb8\xba1', 1L), (2L, 2L, 'test_2', 2L), (3L, 3L, 'test\xe4\xb8\xadid\xe4\xb8\xba3', 4L), (4L, 4L, '$test$4', 3L), (5L, 5L, 'test...5', 1L), (6L, 6L, 'test6', 6L)]]
===file:sqls_mixed/select/subquery_shard_noshard.sql, id:60, sql:[select * from sharding_4_t1 where 2 >any(select id from sharding_4_t1 where pad>1)]===
dble:[[]]
===file:sqls_mixed/select/subquery_shard_noshard.sql, id:61, sql:[select * from sharding_4_t1 where 2 in(select id from sharding_4_t1 where pad>1)]===
dble:[[(1L, 1L, 'test\xe4\xb8\xadid\xe4\xb8\xba1', 1L), (2L, 2L, 'test_2', 2L), (3L, 3L, 'test\xe4\xb8\xadid\xe4\xb8\xba3', 4L), (4L, 4L, '$test$4', 3L), (5L, 5L, 'test...5', 1L), (6L, 6L, 'test6', 6L)]]
===file:sqls_mixed/select/subquery_shard_noshard.sql, id:62, sql:[select * from sharding_4_t1 where 2<>some(select id from sharding_4_t1 where pad>1)]===
dble:[[(1L, 1L, 'test\xe4\xb8\xadid\xe4\xb8\xba1', 1L), (2L, 2L, 'test_2', 2L), (3L, 3L, 'test\xe4\xb8\xadid\xe4\xb8\xba3', 4L), (4L, 4L, '$test$4', 3L), (5L, 5L, 'test...5', 1L), (6L, 6L, 'test6', 6L)]]
===file:sqls_mixed/select/subquery_shard_noshard.sql, id:63, sql:[select * from sharding_4_t1 where 2>all(select id from sharding_4_t1 where pad<1)]===
dble:[[(1L, 1L, 'test\xe4\xb8\xadid\xe4\xb8\xba1', 1L), (2L, 2L, 'test_2', 2L), (3L, 3L, 'test\xe4\xb8\xadid\xe4\xb8\xba3', 4L), (4L, 4L, '$test$4', 3L), (5L, 5L, 'test...5', 1L), (6L, 6L, 'test6', 6L)]]
===file:sqls_mixed/select/subquery_shard_noshard.sql, id:69, sql:[select co1,co2,co3 from (select id as co1,name as co2,pad as co3 from sharding_4_t1)as tb where co1>1]===
dble:[[(2L, 'test_2', 2L), (3L, 'test\xe4\xb8\xadid\xe4\xb8\xba3', 4L), (4L, '$test$4', 3L), (5L, 'test...5', 1L), (6L, 'test6', 6L)]]
===file:sqls_mixed/select/subquery_shard_noshard.sql, id:70, sql:[select avg(sum_column1) from (select sum(id) as sum_column1 from sharding_4_t1 group by pad) as t1]===
dble:[[(Decimal('4.2000'),)]]
===file:sqls_mixed/select/subquery_shard_noshard.sql, id:74, sql:[drop table if exists sharding_4_t1]===
dble:[[]]
===file:sqls_mixed/select/subquery_shard_noshard.sql, id:75, sql:[drop table if exists noshard_t1]===
dble:[[]]
===file:sqls_mixed/select/subquery_shard_noshard.sql, id:76, sql:[drop table if exists schema2.sharding_4_t2]===
dble:[[]]
