===file:sqls_util/syntax/data_types_1.sql, id:6, sql:[INSERT INTO test1 VALUES (2,2)]===
mysql err:(1406, "Data too long for column 'data' at row 1")
dble err[22:00:00.529823] :(1406, "Data too long for column 'data' at row 1")
===file:sqls_util/syntax/data_types_1.sql, id:11, sql:[INSERT INTO test1 VALUES (1,01010)]===
mysql err:(1406, "Data too long for column 'data' at row 1")
dble err[22:00:00.829661] :(1406, "Data too long for column 'data' at row 1")
===file:sqls_util/syntax/data_types_1.sql, id:32, sql:[INSERT INTO test1 ( id,data) VALUES (1,-129)]===
mysql err:(1264, "Out of range value for column 'data' at row 1")
dble err[22:00:02.072568] :(1264, "Out of range value for column 'data' at row 1")
===file:sqls_util/syntax/data_types_1.sql, id:33, sql:[INSERT INTO test1 ( id,data) VALUES (2,128)]===
mysql err:(1264, "Out of range value for column 'data' at row 1")
dble err[22:00:02.125818] :(1264, "Out of range value for column 'data' at row 1")
===file:sqls_util/syntax/data_types_1.sql, id:34, sql:[INSERT INTO test1 ( id,data) VALUES (222,-129),(222,-128),(222,0),(222,127),(222,128)]===
mysql err:(1264, "Out of range value for column 'data' at row 1")
dble err[22:00:02.178537] :(1264, "Out of range value for column 'data' at row 1")
===file:sqls_util/syntax/data_types_1.sql, id:43, sql:[INSERT INTO test1 ( id,data) VALUES (1,-1)]===
mysql err:(1264, "Out of range value for column 'data' at row 1")
dble err[22:00:02.730519] :(1264, "Out of range value for column 'data' at row 1")
===file:sqls_util/syntax/data_types_1.sql, id:44, sql:[INSERT INTO test1 ( id,data) VALUES (2,256)]===
mysql err:(1264, "Out of range value for column 'data' at row 1")
dble err[22:00:02.815049] :(1264, "Out of range value for column 'data' at row 1")
===file:sqls_util/syntax/data_types_1.sql, id:45, sql:[INSERT INTO test1 ( id,data) VALUES (111,-1),(112,0),(113,256)]===
mysql err:(1264, "Out of range value for column 'data' at row 1")
dble err[22:00:02.873992] :(1264, "Out of range value for column 'data' at row 1")
===file:sqls_util/syntax/data_types_1.sql, id:54, sql:[INSERT INTO test1 ( id,data) VALUES (1,-1),(2,-10000)]===
mysql err:(1264, "Out of range value for column 'data' at row 1")
dble err[22:00:03.379800] :(1264, "Out of range value for column 'data' at row 1")
===file:sqls_util/syntax/data_types_1.sql, id:64, sql:[INSERT INTO test1 ( id,data) VALUES (1,-1),(2,-10000)]===
mysql err:(1264, "Out of range value for column 'data' at row 1")
dble err[22:00:03.966776] :(1264, "Out of range value for column 'data' at row 1")
===file:sqls_util/syntax/data_types_1.sql, id:76, sql:[INSERT INTO test1 ( id,data) VALUES (1,-32769)]===
mysql err:(1264, "Out of range value for column 'data' at row 1")
dble err[22:00:04.540973] :(1264, "Out of range value for column 'data' at row 1")
===file:sqls_util/syntax/data_types_1.sql, id:77, sql:[INSERT INTO test1 ( id,data) VALUES (2,32768)]===
mysql err:(1264, "Out of range value for column 'data' at row 1")
dble err[22:00:04.599396] :(1264, "Out of range value for column 'data' at row 1")
===file:sqls_util/syntax/data_types_1.sql, id:78, sql:[INSERT INTO test1 ( id,data) VALUES (222,-32769),(222,-32768),(222,0),(222,32767),(222,32768)]===
mysql err:(1264, "Out of range value for column 'data' at row 1")
dble err[22:00:04.650911] :(1264, "Out of range value for column 'data' at row 1")
===file:sqls_util/syntax/data_types_1.sql, id:87, sql:[INSERT INTO test1 ( id,data) VALUES (1,-1)]===
mysql err:(1264, "Out of range value for column 'data' at row 1")
dble err[22:00:05.184499] :(1264, "Out of range value for column 'data' at row 1")
===file:sqls_util/syntax/data_types_1.sql, id:88, sql:[INSERT INTO test1 ( id,data) VALUES (2,65536)]===
mysql err:(1264, "Out of range value for column 'data' at row 1")
dble err[22:00:05.237512] :(1264, "Out of range value for column 'data' at row 1")
===file:sqls_util/syntax/data_types_1.sql, id:89, sql:[INSERT INTO test1 ( id,data) VALUES (111,-1),(112,0),(113,65536)]===
mysql err:(1264, "Out of range value for column 'data' at row 1")
dble err[22:00:05.293576] :(1264, "Out of range value for column 'data' at row 1")
===file:sqls_util/syntax/data_types_1.sql, id:98, sql:[INSERT INTO test1 ( id,data) VALUES (1,-1),(2,-65536)]===
mysql err:(1264, "Out of range value for column 'data' at row 1")
dble err[22:00:05.789000] :(1264, "Out of range value for column 'data' at row 1")
===file:sqls_util/syntax/data_types_1.sql, id:108, sql:[INSERT INTO test1 ( id,data) VALUES (1,-1),(2,-65536)]===
mysql err:(1264, "Out of range value for column 'data' at row 1")
dble err[22:00:06.426465] :(1264, "Out of range value for column 'data' at row 1")
===file:sqls_util/syntax/data_types_1.sql, id:120, sql:[INSERT INTO test1 ( id,data) VALUES (1,-8388609)]===
mysql err:(1264, "Out of range value for column 'data' at row 1")
dble err[22:00:06.983113] :(1264, "Out of range value for column 'data' at row 1")
===file:sqls_util/syntax/data_types_1.sql, id:122, sql:[INSERT INTO test1 ( id,data) VALUES (222,-8388609),(222,-8388608),(222,0),(222,8388607),(222,8388608)]===
mysql err:(1264, "Out of range value for column 'data' at row 1")
dble err[22:00:07.119076] :(1264, "Out of range value for column 'data' at row 1")
===file:sqls_util/syntax/data_types_1.sql, id:131, sql:[INSERT INTO test1 ( id,data) VALUES (1,-1)]===
mysql err:(1264, "Out of range value for column 'data' at row 1")
dble err[22:00:07.650160] :(1264, "Out of range value for column 'data' at row 1")
===file:sqls_util/syntax/data_types_1.sql, id:132, sql:[INSERT INTO test1 ( id,data) VALUES (2,16777216)]===
mysql err:(1264, "Out of range value for column 'data' at row 1")
dble err[22:00:07.733998] :(1264, "Out of range value for column 'data' at row 1")
===file:sqls_util/syntax/data_types_1.sql, id:133, sql:[INSERT INTO test1 ( id,data) VALUES (111,-1),(112,0),(113,16777216)]===
mysql err:(1264, "Out of range value for column 'data' at row 1")
dble err[22:00:07.821537] :(1264, "Out of range value for column 'data' at row 1")
===file:sqls_util/syntax/data_types_1.sql, id:142, sql:[INSERT INTO test1 ( id,data) VALUES (1,-1),(2,16777216)]===
mysql err:(1264, "Out of range value for column 'data' at row 1")
dble err[22:00:08.347929] :(1264, "Out of range value for column 'data' at row 1")
===file:sqls_util/syntax/data_types_1.sql, id:152, sql:[INSERT INTO test1 ( id,data) VALUES (1,-1),(2,16777216)]===
mysql err:(1264, "Out of range value for column 'data' at row 1")
dble err[22:00:08.943865] :(1264, "Out of range value for column 'data' at row 1")
===file:sqls_util/syntax/data_types_1.sql, id:164, sql:[INSERT INTO test1 ( id,data) VALUES (1,-2147483649)]===
mysql err:(1264, "Out of range value for column 'data' at row 1")
dble err[22:00:09.506640] :(1264, "Out of range value for column 'data' at row 1")
===file:sqls_util/syntax/data_types_1.sql, id:165, sql:[INSERT INTO test1 ( id,data) VALUES (2,2147483648)]===
mysql err:(1264, "Out of range value for column 'data' at row 1")
dble err[22:00:09.557292] :(1264, "Out of range value for column 'data' at row 1")
===file:sqls_util/syntax/data_types_1.sql, id:166, sql:[INSERT INTO test1 ( id,data) VALUES (222,-2147483649),(222,-2147483648),(222,0),(222,2147483647),(222,2147483648)]===
mysql err:(1264, "Out of range value for column 'data' at row 1")
dble err[22:00:09.641449] :(1264, "Out of range value for column 'data' at row 1")
===file:sqls_util/syntax/data_types_1.sql, id:175, sql:[INSERT INTO test1 ( id,data) VALUES (1,-1)]===
mysql err:(1264, "Out of range value for column 'data' at row 1")
dble err[22:00:10.152349] :(1264, "Out of range value for column 'data' at row 1")
===file:sqls_util/syntax/data_types_1.sql, id:176, sql:[INSERT INTO test1 ( id,data) VALUES (2,4294967296)]===
mysql err:(1264, "Out of range value for column 'data' at row 1")
dble err[22:00:10.237001] :(1264, "Out of range value for column 'data' at row 1")
===file:sqls_util/syntax/data_types_1.sql, id:177, sql:[INSERT INTO test1 ( id,data) VALUES (111,-1),(112,0),(113,4294967296)]===
mysql err:(1264, "Out of range value for column 'data' at row 1")
dble err[22:00:10.289456] :(1264, "Out of range value for column 'data' at row 1")
===file:sqls_util/syntax/data_types_1.sql, id:186, sql:[INSERT INTO test1 ( id,data) VALUES (1,-1),(2,-10000)]===
mysql err:(1264, "Out of range value for column 'data' at row 1")
dble err[22:00:10.835804] :(1264, "Out of range value for column 'data' at row 1")
===file:sqls_util/syntax/data_types_1.sql, id:196, sql:[INSERT INTO test1 ( id,data) VALUES (1,-1)]===
mysql err:(1264, "Out of range value for column 'data' at row 1")
dble err[22:00:11.453731] :(1264, "Out of range value for column 'data' at row 1")
===file:sqls_util/syntax/data_types_1.sql, id:197, sql:[INSERT INTO test1 ( id,data) VALUES (2,4294967296)]===
mysql err:(1264, "Out of range value for column 'data' at row 1")
dble err[22:00:11.539078] :(1264, "Out of range value for column 'data' at row 1")
===file:sqls_util/syntax/data_types_1.sql, id:198, sql:[INSERT INTO test1 ( id,data) VALUES (3,-1),(4,0),(5,4294967296)]===
mysql err:(1264, "Out of range value for column 'data' at row 1")
dble err[22:00:11.593022] :(1264, "Out of range value for column 'data' at row 1")
===file:sqls_util/syntax/data_types_1.sql, id:209, sql:[INSERT INTO test1 ( id,data) VALUES (1,-2147483649)]===
mysql err:(1264, "Out of range value for column 'data' at row 1")
dble err[22:00:12.115990] :(1264, "Out of range value for column 'data' at row 1")
===file:sqls_util/syntax/data_types_1.sql, id:210, sql:[INSERT INTO test1 ( id,data) VALUES (2,2147483648)]===
mysql err:(1264, "Out of range value for column 'data' at row 1")
dble err[22:00:12.168302] :(1264, "Out of range value for column 'data' at row 1")
===file:sqls_util/syntax/data_types_1.sql, id:211, sql:[INSERT INTO test1 ( id,data) VALUES (222,-2147483649),(222,-2147483648),(222,0),(222,2147483647),(222,2147483648)]===
mysql err:(1264, "Out of range value for column 'data' at row 1")
dble err[22:00:12.252562] :(1264, "Out of range value for column 'data' at row 1")
===file:sqls_util/syntax/data_types_1.sql, id:220, sql:[INSERT INTO test1 ( id,data) VALUES (1,-1)]===
mysql err:(1264, "Out of range value for column 'data' at row 1")
dble err[22:00:12.802937] :(1264, "Out of range value for column 'data' at row 1")
===file:sqls_util/syntax/data_types_1.sql, id:221, sql:[INSERT INTO test1 ( id,data) VALUES (2,4294967296)]===
mysql err:(1264, "Out of range value for column 'data' at row 1")
dble err[22:00:12.888939] :(1264, "Out of range value for column 'data' at row 1")
===file:sqls_util/syntax/data_types_1.sql, id:222, sql:[INSERT INTO test1 ( id,data) VALUES (111,-1),(112,0),(113,4294967296)]===
mysql err:(1264, "Out of range value for column 'data' at row 1")
dble err[22:00:12.976647] :(1264, "Out of range value for column 'data' at row 1")
===file:sqls_util/syntax/data_types_1.sql, id:231, sql:[INSERT INTO test1 ( id,data) VALUES (1,-1),(2,-10000)]===
mysql err:(1264, "Out of range value for column 'data' at row 1")
dble err[22:00:13.495816] :(1264, "Out of range value for column 'data' at row 1")
===file:sqls_util/syntax/data_types_1.sql, id:241, sql:[INSERT INTO test1 ( id,data) VALUES (1,-1)]===
mysql err:(1264, "Out of range value for column 'data' at row 1")
dble err[22:00:14.180443] :(1264, "Out of range value for column 'data' at row 1")
===file:sqls_util/syntax/data_types_1.sql, id:242, sql:[INSERT INTO test1 ( id,data) VALUES (2,4294967296)]===
mysql err:(1264, "Out of range value for column 'data' at row 1")
dble err[22:00:14.253136] :(1264, "Out of range value for column 'data' at row 1")
===file:sqls_util/syntax/data_types_1.sql, id:243, sql:[INSERT INTO test1 ( id,data) VALUES (3,-1),(4,0),(5,4294967296)]===
mysql err:(1264, "Out of range value for column 'data' at row 1")
dble err[22:00:14.323962] :(1264, "Out of range value for column 'data' at row 1")
===file:sqls_util/syntax/data_types_1.sql, id:254, sql:[INSERT INTO test1 ( id,data) VALUES (1,-9223372036854775809)]===
mysql err:(1264, "Out of range value for column 'data' at row 1")
dble err[22:00:14.928662] :(1264, "Out of range value for column 'data' at row 1")
===file:sqls_util/syntax/data_types_1.sql, id:255, sql:[INSERT INTO test1 ( id,data) VALUES (2,9223372036854775808)]===
mysql err:(1264, "Out of range value for column 'data' at row 1")
dble err[22:00:14.980499] :(1264, "Out of range value for column 'data' at row 1")
===file:sqls_util/syntax/data_types_1.sql, id:256, sql:[INSERT INTO test1 ( id,data) VALUES (222,-9223372036854775809),(222,-9223372036854775808),(222,0),(222,9223372036854775807),(222,9223372036854775808)]===
mysql err:(1264, "Out of range value for column 'data' at row 1")
dble err[22:00:15.065132] :(1264, "Out of range value for column 'data' at row 1")
===file:sqls_util/syntax/data_types_1.sql, id:265, sql:[INSERT INTO test1 ( id,data) VALUES (1,-1)]===
mysql err:(1264, "Out of range value for column 'data' at row 1")
dble err[22:00:15.624903] :(1264, "Out of range value for column 'data' at row 1")
===file:sqls_util/syntax/data_types_1.sql, id:266, sql:[INSERT INTO test1 ( id,data) VALUES (2,18446744073709551616)]===
mysql err:(1264, "Out of range value for column 'data' at row 1")
dble err[22:00:15.709912] :(1264, "Out of range value for column 'data' at row 1")
===file:sqls_util/syntax/data_types_1.sql, id:267, sql:[INSERT INTO test1 ( id,data) VALUES (111,-1),(112,0),(113,18446744073709551616)]===
mysql err:(1264, "Out of range value for column 'data' at row 1")
dble err[22:00:15.796633] :(1264, "Out of range value for column 'data' at row 1")
===file:sqls_util/syntax/data_types_1.sql, id:276, sql:[INSERT INTO test1 ( id,data) VALUES (1,-1),(2,18446744073709551615)]===
mysql err:(1264, "Out of range value for column 'data' at row 1")
dble err[22:00:16.324292] :(1264, "Out of range value for column 'data' at row 1")
===file:sqls_util/syntax/data_types_1.sql, id:286, sql:[INSERT INTO test1 ( id,data) VALUES (1,-1),(2,18446744073709551615)]===
mysql err:(1264, "Out of range value for column 'data' at row 1")
dble err[22:00:16.895878] :(1264, "Out of range value for column 'data' at row 1")
===file:sqls_util/syntax/data_types_1.sql, id:299, sql:[INSERT INTO test1 ( id,data) VALUES (2,1234567890123456789012345678901234567890.1234567890)]===
mysql err:(1264, "Out of range value for column 'data' at row 1")
dble err[22:00:17.600917] :(1264, "Out of range value for column 'data' at row 1")
===file:sqls_util/syntax/data_types_1.sql, id:300, sql:[INSERT INTO test1 ( id,data) VALUES (222,-1234567890123456789012345678901234567890.12345678901234),(222,-1234567890123456789012345678901234567890.1234567890123),(222,0),(222,1234567890123456789012345678901234567890.12345678901234),(222,-1234567890123456789012345678901234567890.12345678901234)]===
mysql err:(1264, "Out of range value for column 'data' at row 1")
dble err[22:00:17.686477] :(1264, "Out of range value for column 'data' at row 1")
===file:sqls_util/syntax/data_types_1.sql, id:310, sql:[INSERT INTO test1 ( id,data) VALUES (1,-1)]===
mysql err:(1264, "Out of range value for column 'data' at row 1")
dble err[22:00:18.266643] :(1264, "Out of range value for column 'data' at row 1")
===file:sqls_util/syntax/data_types_1.sql, id:315, sql:[INSERT INTO test1 ( id,data) VALUES (2,18446744073709551616)]===
mysql err:(1264, "Out of range value for column 'data' at row 1")
dble err[22:00:18.550397] :(1264, "Out of range value for column 'data' at row 1")
===file:sqls_util/syntax/data_types_1.sql, id:320, sql:[INSERT INTO test1 ( id,data) VALUES (1,-1)]===
mysql err:(1264, "Out of range value for column 'data' at row 1")
dble err[22:00:18.864939] :(1264, "Out of range value for column 'data' at row 1")
===file:sqls_util/syntax/data_types_1.sql, id:325, sql:[INSERT INTO test1 ( id,data) VALUES (1,-1)]===
mysql err:(1264, "Out of range value for column 'data' at row 1")
dble err[22:00:19.178277] :(1264, "Out of range value for column 'data' at row 1")
===file:sqls_util/syntax/data_types_1.sql, id:330, sql:[INSERT INTO test1 ( id,data) VALUES (1,-1)]===
mysql err:(1264, "Out of range value for column 'data' at row 1")
dble err[22:00:19.500861] :(1264, "Out of range value for column 'data' at row 1")
===file:sqls_util/syntax/data_types_1.sql, id:335, sql:[INSERT INTO test1 ( id,data) VALUES (1,-1)]===
mysql err:(1264, "Out of range value for column 'data' at row 1")
dble err[22:00:19.819111] :(1264, "Out of range value for column 'data' at row 1")
===file:sqls_util/syntax/data_types_1.sql, id:354, sql:[INSERT INTO test1 ( id,data) VALUES (1,-1)]===
mysql err:(1264, "Out of range value for column 'data' at row 1")
dble err[22:00:20.898580] :(1264, "Out of range value for column 'data' at row 1")
===file:sqls_util/syntax/data_types_1.sql, id:359, sql:[INSERT INTO test1 ( id,data) VALUES (2,18446744073709551616)]===
mysql err:(1264, "Out of range value for column 'data' at row 1")
dble err[22:00:21.218639] :(1264, "Out of range value for column 'data' at row 1")
===file:sqls_util/syntax/data_types_1.sql, id:365, sql:[INSERT INTO test1 ( id,data) VALUES (1,-1)]===
mysql err:(1264, "Out of range value for column 'data' at row 1")
dble err[22:00:21.592363] :(1264, "Out of range value for column 'data' at row 1")
===file:sqls_util/syntax/data_types_1.sql, id:371, sql:[INSERT INTO test1 ( id,data) VALUES (1,-1)]===
mysql err:(1264, "Out of range value for column 'data' at row 1")
dble err[22:00:22.000963] :(1264, "Out of range value for column 'data' at row 1")
===file:sqls_util/syntax/data_types_1.sql, id:377, sql:[INSERT INTO test1 ( id,data) VALUES (1,-1)]===
mysql err:(1264, "Out of range value for column 'data' at row 1")
dble err[22:00:22.413031] :(1264, "Out of range value for column 'data' at row 1")
===file:sqls_util/syntax/data_types_1.sql, id:383, sql:[INSERT INTO test1 ( id,data) VALUES (1,-1)]===
mysql err:(1264, "Out of range value for column 'data' at row 1")
dble err[22:00:22.845158] :(1264, "Out of range value for column 'data' at row 1")
===file:sqls_util/syntax/data_types_1.sql, id:391, sql:[INSERT INTO test1 ( id,data) VALUES (1111,-1234567890123456789012345678901234567890.1234567890123),(1112,0),(1113,1234567890123456789012345678901234567890.1234567890123)]===
mysql err:(1264, "Out of range value for column 'data' at row 1")
dble err[22:00:23.243470] :(1264, "Out of range value for column 'data' at row 1")
===file:sqls_util/syntax/data_types_1.sql, id:402, sql:[INSERT INTO test1 ( id,data) VALUES (1,-1)]===
mysql err:(1264, "Out of range value for column 'data' at row 1")
dble err[22:00:23.900895] :(1264, "Out of range value for column 'data' at row 1")
===file:sqls_util/syntax/data_types_1.sql, id:403, sql:[INSERT INTO test1 ( id,data) VALUES (2,18446744073709551616),(3,0)]===
mysql err:(1264, "Out of range value for column 'data' at row 1")
dble err[22:00:23.995413] :(1264, "Out of range value for column 'data' at row 1")
===file:sqls_util/syntax/data_types_1.sql, id:407, sql:[INSERT INTO test1 ( id,data) VALUES (2,18446744073709551616)]===
mysql err:(1264, "Out of range value for column 'data' at row 1")
dble err[22:00:24.227419] :(1264, "Out of range value for column 'data' at row 1")
===file:sqls_util/syntax/data_types_1.sql, id:413, sql:[INSERT INTO test1 ( id,data) VALUES (1,-1)]===
mysql err:(1264, "Out of range value for column 'data' at row 1")
dble err[22:00:24.564450] :(1264, "Out of range value for column 'data' at row 1")
===file:sqls_util/syntax/data_types_1.sql, id:419, sql:[INSERT INTO test1 ( id,data) VALUES (1,-1)]===
mysql err:(1264, "Out of range value for column 'data' at row 1")
dble err[22:00:24.935550] :(1264, "Out of range value for column 'data' at row 1")
===file:sqls_util/syntax/data_types_1.sql, id:425, sql:[INSERT INTO test1 ( id,data) VALUES (1,-1)]===
mysql err:(1264, "Out of range value for column 'data' at row 1")
dble err[22:00:25.382470] :(1264, "Out of range value for column 'data' at row 1")
===file:sqls_util/syntax/data_types_1.sql, id:431, sql:[INSERT INTO test1 ( id,data) VALUES (1,-1)]===
mysql err:(1264, "Out of range value for column 'data' at row 1")
dble err[22:00:25.790527] :(1264, "Out of range value for column 'data' at row 1")
===file:sqls_util/syntax/data_types_1.sql, id:439, sql:[INSERT INTO test1 ( id,data) VALUES (1,'a')]===
mysql err:(1366, "Incorrect decimal value: 'a' for column 'data' at row 1")
dble err[22:00:26.209517] :(1366, "Incorrect decimal value: 'a' for column 'data' at row 1")
===file:sqls_util/syntax/data_types_1.sql, id:440, sql:[INSERT INTO test1 ( id,data) VALUES (2,1234567890123456789012345678901234567890123456789012345678901234567)]===
mysql err:(1264, "Out of range value for column 'data' at row 1")
dble err[22:00:26.294807] :(1264, "Out of range value for column 'data' at row 1")
===file:sqls_util/syntax/data_types_1.sql, id:442, sql:[INSERT INTO test1 ( id,data) VALUES (222,-1234567890123456789012345678901234567890.12345678901234),(222,-1234567890123456789012345678901234567890.1234567890123),(222,0),(222,1234567890123456789012345678901234567890.12345678901234),(222,-1234567890123456789012345678901234567890.12345678901234)]===
mysql err:(1264, "Out of range value for column 'data' at row 1")
dble err[22:00:26.436782] :(1264, "Out of range value for column 'data' at row 1")
===file:sqls_util/syntax/data_types_1.sql, id:443, sql:[INSERT INTO test1 ( id,data) VALUES (1111,-12345678901234567890123.4567890),(1112,0),(1113,12345678901234567890123.4567890)]===
mysql err:(1264, "Out of range value for column 'data' at row 1")
dble err[22:00:26.524544] :(1264, "Out of range value for column 'data' at row 1")
===file:sqls_util/syntax/data_types_1.sql, id:454, sql:[INSERT INTO test1 ( id,data) VALUES (1,-1)]===
mysql err:(1264, "Out of range value for column 'data' at row 1")
dble err[22:00:27.193228] :(1264, "Out of range value for column 'data' at row 1")
===file:sqls_util/syntax/data_types_1.sql, id:455, sql:[INSERT INTO test1 ( id,data) VALUES (2,18446744073709551616),(3,0)]===
mysql err:(1264, "Out of range value for column 'data' at row 1")
dble err[22:00:27.248653] :(1264, "Out of range value for column 'data' at row 1")
===file:sqls_util/syntax/data_types_1.sql, id:460, sql:[INSERT INTO test1 ( id,data) VALUES (2,18446744073709551616)]===
mysql err:(1264, "Out of range value for column 'data' at row 1")
dble err[22:00:27.533417] :(1264, "Out of range value for column 'data' at row 1")
===file:sqls_util/syntax/data_types_1.sql, id:466, sql:[INSERT INTO test1 ( id,data) VALUES (1,-1)]===
mysql err:(1264, "Out of range value for column 'data' at row 1")
dble err[22:00:27.933411] :(1264, "Out of range value for column 'data' at row 1")
===file:sqls_util/syntax/data_types_1.sql, id:472, sql:[INSERT INTO test1 ( id,data) VALUES (1,-1)]===
mysql err:(1264, "Out of range value for column 'data' at row 1")
dble err[22:00:28.344156] :(1264, "Out of range value for column 'data' at row 1")
===file:sqls_util/syntax/data_types_1.sql, id:478, sql:[INSERT INTO test1 ( id,data) VALUES (1,-1)]===
mysql err:(1264, "Out of range value for column 'data' at row 1")
dble err[22:00:28.747089] :(1264, "Out of range value for column 'data' at row 1")
===file:sqls_util/syntax/data_types_1.sql, id:484, sql:[INSERT INTO test1 ( id,data) VALUES (1,-1)]===
mysql err:(1264, "Out of range value for column 'data' at row 1")
dble err[22:00:29.181991] :(1264, "Out of range value for column 'data' at row 1")
===file:sqls_util/syntax/data_types_1.sql, id:492, sql:[INSERT INTO test1 ( id,data) VALUES (1,'a')]===
mysql err:(1265, "Data truncated for column 'data' at row 1")
dble err[22:00:29.561687] :(1265, "Data truncated for column 'data' at row 1")
===file:sqls_util/syntax/data_types_1.sql, id:507, sql:[INSERT INTO test1 ( id,data) VALUES (1,-1)]===
mysql err:(1264, "Out of range value for column 'data' at row 1")
dble err[22:00:30.483332] :(1264, "Out of range value for column 'data' at row 1")
===file:sqls_util/syntax/data_types_1.sql, id:513, sql:[INSERT INTO test1 ( id,data) VALUES (2,18446744073709551616)]===
mysql err:(1264, "Out of range value for column 'data' at row 1")
dble err[22:00:30.883289] :(1264, "Out of range value for column 'data' at row 1")
===file:sqls_util/syntax/data_types_1.sql, id:519, sql:[INSERT INTO test1 ( id,data) VALUES (1,-1)]===
mysql err:(1264, "Out of range value for column 'data' at row 1")
dble err[22:00:31.286436] :(1264, "Out of range value for column 'data' at row 1")
===file:sqls_util/syntax/data_types_1.sql, id:525, sql:[INSERT INTO test1 ( id,data) VALUES (1,-1)]===
mysql err:(1264, "Out of range value for column 'data' at row 1")
dble err[22:00:31.700035] :(1264, "Out of range value for column 'data' at row 1")
===file:sqls_util/syntax/data_types_1.sql, id:531, sql:[INSERT INTO test1 ( id,data) VALUES (1,-1)]===
mysql err:(1264, "Out of range value for column 'data' at row 1")
dble err[22:00:32.106160] :(1264, "Out of range value for column 'data' at row 1")
===file:sqls_util/syntax/data_types_1.sql, id:537, sql:[INSERT INTO test1 ( id,data) VALUES (1,-1)]===
mysql err:(1264, "Out of range value for column 'data' at row 1")
dble err[22:00:32.520962] :(1264, "Out of range value for column 'data' at row 1")
