===file:sqls_util/syntax/insert.sql, id:3, sql:[DROP TABLE IF EXISTS test1]===
dble:[[]]
===file:sqls_util/syntax/insert.sql, id:4, sql:[CREATE TABLE test1 (id INT, data VARCHAR(50))]===
dble:[[]]
===file:sqls_util/syntax/insert.sql, id:9, sql:[INSERT LOW_PRIORITY INTO test1 (id,data) value (6,'e')]===
dble:[[]]
===file:sqls_util/syntax/insert.sql, id:10, sql:[INSERT DELAYED INTO test1 (id,data) value (7,'f')]===
dble:[[]]
===file:sqls_util/syntax/insert.sql, id:11, sql:[INSERT HIGH_PRIORITY INTO test1 (id,data) value (8,'g')]===
dble:[[]]
===file:sqls_util/syntax/insert.sql, id:12, sql:[INSERT IGNORE INTO test1 (id,data) value (9,'h')]===
dble:[[]]
===file:sqls_util/syntax/insert.sql, id:13, sql:[INSERT LOW_PRIORITY INTO test1 SET id=1,data='a']===
dble:[[]]
===file:sqls_util/syntax/insert.sql, id:14, sql:[INSERT DELAYED INTO test1 SET id=2,data='aa']===
dble:[[]]
===file:sqls_util/syntax/insert.sql, id:15, sql:[INSERT HIGH_PRIORITY INTO test1 SET id=3,data='aaa']===
dble:[[]]
===file:sqls_util/syntax/insert.sql, id:16, sql:[INSERT IGNORE INTO test1 SET id=4,data='aaaaa']===
dble:[[]]
===file:sqls_util/syntax/insert.sql, id:19, sql:[INSERT INTO test1 (id,data) VALUE (1,'a')]===
dble:[[]]
===file:sqls_util/syntax/insert.sql, id:20, sql:[INSERT INTO test1 (id,data) VALUES (2,'b')]===
dble:[[]]
===file:sqls_util/syntax/insert.sql, id:21, sql:[INSERT INTO test1 (id,data) VALUES (7,null)]===
dble:[[]]
===file:sqls_util/syntax/insert.sql, id:22, sql:[INSERT INTO test1 (id,data) VALUES (3,'a'),(4,'b'),(5,'c')]===
dble:[[]]
===file:sqls_util/syntax/insert.sql, id:23, sql:[INSERT INTO test1 (id,data) VALUES (10,concat(2,' test'))]===
dble:[[]]
===file:sqls_util/syntax/insert.sql, id:25, sql:[INSERT test1 (id,data) VALUES (6,'a'),(7,'b')]===
dble:[[]]
===file:sqls_util/syntax/insert.sql, id:26, sql:[INSERT test1 VALUES (8,'c'),(9,'d')]===
dble:[[]]
===file:sqls_util/syntax/insert.sql, id:32, sql:[DROP TABLE IF EXISTS test1]===
dble:[[]]
===file:sqls_util/syntax/insert.sql, id:33, sql:[CREATE TABLE test1 (id INT NOT NULL, data INT)]===
dble:[[]]
===file:sqls_util/syntax/insert.sql, id:34, sql:[INSERT INTO test1 (id,data) VALUES (1,id*id),(2,id*id)]===
dble:[[]]
===file:sqls_util/syntax/insert.sql, id:36, sql:[INSERT INTO test1 (id) VALUES (3),(4)]===
dble:[[]]
===file:sqls_util/syntax/insert.sql, id:37, sql:[SELECT id,data FROM test1]===
dble:[[(1L, 1L), (2L, 4L), (3L, None), (4L, None)]]
===file:sqls_util/syntax/insert.sql, id:38, sql:[DROP TABLE IF EXISTS test1]===
dble:[[]]
===file:sqls_util/syntax/insert.sql, id:39, sql:[CREATE TABLE test1 (id INT NOT NULL default 1, data VARCHAR(10) default 'test')]===
dble:[[]]
===file:sqls_util/syntax/insert.sql, id:40, sql:[INSERT INTO test1 (id,data) VALUES (1,'aaa'),(2,'bbb')]===
dble:[[]]
===file:sqls_util/syntax/insert.sql, id:41, sql:[INSERT INTO test1 (id) VALUES (3),(4)]===
dble:[[]]
===file:sqls_util/syntax/insert.sql, id:43, sql:[SELECT id,data FROM test1]===
dble:[[(1L, 'aaa'), (2L, 'bbb'), (3L, 'test'), (4L, 'test')]]
===file:sqls_util/syntax/insert.sql, id:44, sql:[DROP TABLE IF EXISTS test1]===
dble:[[]]
===file:sqls_util/syntax/insert.sql, id:45, sql:[CREATE TABLE test1 (id INT NOT NULL PRIMARY KEY, data VARCHAR(10))]===
dble:[[]]
===file:sqls_util/syntax/insert.sql, id:46, sql:[INSERT INTO test1 (id,data) VALUES (1,'aaa'),(2,'bbb')]===
dble:[[]]
===file:sqls_util/syntax/insert.sql, id:47, sql:[INSERT INTO test1 VALUES (3,'aaa')]===
dble:[[]]
===file:sqls_util/syntax/insert.sql, id:48, sql:[SELECT id,data FROM test1]===
dble:[[(1L, 'aaa'), (2L, 'bbb'), (3L, 'aaa')]]
===file:sqls_util/syntax/insert.sql, id:49, sql:[DROP TABLE IF EXISTS test1]===
dble:[[]]
===file:sqls_util/syntax/insert.sql, id:50, sql:[CREATE TABLE test1 (id INT NOT NULL, data VARCHAR(10) default 'test')]===
dble:[[]]
===file:sqls_util/syntax/insert.sql, id:51, sql:[INSERT INTO test1 (id,data) VALUES (1,'aaa'),(2,'bbb')]===
dble:[[]]
===file:sqls_util/syntax/insert.sql, id:52, sql:[INSERT INTO test1 (id) VALUES (3),(4)]===
dble:[[]]
===file:sqls_util/syntax/insert.sql, id:53, sql:[SELECT id,data FROM test1]===
dble:[[(1L, 'aaa'), (2L, 'bbb'), (3L, 'test'), (4L, 'test')]]
===file:sqls_util/syntax/insert.sql, id:56, sql:[DROP TABLE IF EXISTS test1]===
dble:[[]]
===file:sqls_util/syntax/insert.sql, id:57, sql:[CREATE TABLE test1(id INT,data VARCHAR(10))]===
dble:[[]]
===file:sqls_util/syntax/insert.sql, id:58, sql:[INSERT INTO test1 VALUE (1,'aaa'),(2,'bbb'),(3,'ccc'),(4,'dddd')]===
dble:[[]]
===file:sqls_util/syntax/insert.sql, id:59, sql:[SELECT id,data FROM test1]===
dble:[[(1L, 'aaa'), (2L, 'bbb'), (3L, 'ccc'), (4L, 'dddd')]]
===file:sqls_util/syntax/insert.sql, id:60, sql:[INSERT INTO test1 VALUES (5,'eee'),(6,'fff')]===
dble:[[]]
===file:sqls_util/syntax/insert.sql, id:61, sql:[SELECT id,data FROM test1]===
dble:[[(1L, 'aaa'), (2L, 'bbb'), (3L, 'ccc'), (4L, 'dddd'), (5L, 'eee'), (6L, 'fff')]]
===file:sqls_util/syntax/insert.sql, id:62, sql:[ALTER TABLE test1 add column name1 VARCHAR(20)]===
dble:[[]]
===file:sqls_util/syntax/insert.sql, id:63, sql:[INSERT INTO test1 VALUES (4,'ddd','aaa')]===
dble:[[]]
===file:sqls_util/syntax/insert.sql, id:64, sql:[SELECT id,data,name1 FROM test1]===
dble:[[(1L, 'aaa', None), (2L, 'bbb', None), (3L, 'ccc', None), (4L, 'ddd', 'aaa'), (4L, 'dddd', None), (5L, 'eee', None), (6L, 'fff', None)]]
===file:sqls_util/syntax/insert.sql, id:65, sql:[DELETE FROM test1]===
dble:[[]]
===file:sqls_util/syntax/insert.sql, id:66, sql:[ALTER TABLE test1 DROP column name1]===
dble:[[]]
===file:sqls_util/syntax/insert.sql, id:67, sql:[INSERT INTO test1 VALUES (5,'fff')]===
dble:[[]]
===file:sqls_util/syntax/insert.sql, id:68, sql:[SELECT id,data FROM test1]===
dble:[[(5L, 'fff')]]
===file:sqls_util/syntax/insert.sql, id:69, sql:[DELETE FROM test1]===
dble:[[]]
===file:sqls_util/syntax/insert.sql, id:70, sql:[ALTER TABLE test1 add PRIMARY KEY (id)]===
dble:[[]]
===file:sqls_util/syntax/insert.sql, id:71, sql:[INSERT INTO test1 VALUES (5,'fff')]===
dble:[[]]
===file:sqls_util/syntax/insert.sql, id:72, sql:[SELECT id,data FROM test1]===
dble:[[(5L, 'fff')]]
===file:sqls_util/syntax/insert.sql, id:73, sql:[DELETE FROM test1]===
dble:[[]]
===file:sqls_util/syntax/insert.sql, id:74, sql:[INSERT INTO test1 VALUES (6,'ggg')]===
dble:[[]]
===file:sqls_util/syntax/insert.sql, id:75, sql:[SELECT id,data FROM test1]===
dble:[[(6L, 'ggg')]]
===file:sqls_util/syntax/insert.sql, id:80, sql:[DROP TABLE IF EXISTS test1]===
dble:[[]]
===file:sqls_util/syntax/insert.sql, id:81, sql:[CREATE TABLE test1 (id INT NOT NULL PRIMARY KEY,number INT, name VARCHAR(10))]===
dble:[[]]
===file:sqls_util/syntax/insert.sql, id:82, sql:[INSERT INTO test1 VALUES (1,1,'aaa'),(2,2,'bbb'),(3,3,'ccc')]===
dble:[[]]
===file:sqls_util/syntax/insert.sql, id:83, sql:[INSERT INTO test1 VALUES (5,5,'eee') ON DUPLICATE KEY UPDATE name='fff']===
dble:[[]]
===file:sqls_util/syntax/insert.sql, id:84, sql:[SELECT id,number,name FROM test1]===
dble:[[(1L, 1L, 'aaa'), (2L, 2L, 'bbb'), (3L, 3L, 'ccc'), (5L, 5L, 'eee')]]
===file:sqls_util/syntax/insert.sql, id:85, sql:[INSERT INTO test1 VALUES (5,5,'eee') ON DUPLICATE KEY UPDATE name='fff']===
dble:[[]]
===file:sqls_util/syntax/insert.sql, id:86, sql:[SELECT id,number,name FROM test1]===
dble:[[(1L, 1L, 'aaa'), (2L, 2L, 'bbb'), (3L, 3L, 'ccc'), (5L, 5L, 'fff')]]
===file:sqls_util/syntax/insert.sql, id:88, sql:[INSERT INTO test1 VALUES (6,6,'aaa') ON DUPLICATE KEY UPDATE number=number*2,name='AAAA1']===
dble:[[]]
===file:sqls_util/syntax/insert.sql, id:89, sql:[SELECT id,number,name FROM test1]===
dble:[[(1L, 1L, 'aaa'), (2L, 2L, 'bbb'), (3L, 3L, 'ccc'), (5L, 5L, 'fff'), (6L, 6L, 'aaa')]]
===file:sqls_util/syntax/insert.sql, id:90, sql:[INSERT INTO test1 VALUES (6,7,'aaa') ON DUPLICATE KEY UPDATE number=number*2,name='AAAA2']===
dble:[[]]
===file:sqls_util/syntax/insert.sql, id:91, sql:[SELECT id,number,name FROM test1]===
dble:[[(1L, 1L, 'aaa'), (2L, 2L, 'bbb'), (3L, 3L, 'ccc'), (5L, 5L, 'fff'), (6L, 12L, 'AAAA2')]]
===file:sqls_util/syntax/insert.sql, id:92, sql:[INSERT INTO test1 VALUES (7,6,'aaa') ON DUPLICATE KEY UPDATE number=number*2,name='AAAA3']===
dble:[[]]
===file:sqls_util/syntax/insert.sql, id:93, sql:[SELECT id,number,name FROM test1]===
dble:[[(1L, 1L, 'aaa'), (2L, 2L, 'bbb'), (3L, 3L, 'ccc'), (5L, 5L, 'fff'), (6L, 12L, 'AAAA2'), (7L, 6L, 'aaa')]]
===file:sqls_util/syntax/insert.sql, id:94, sql:[INSERT INTO test1 VALUES (6,6,'AAA') ON DUPLICATE KEY UPDATE number=number*2,name='AAAA4']===
dble:[[]]
===file:sqls_util/syntax/insert.sql, id:95, sql:[SELECT id,number,name FROM test1]===
dble:[[(1L, 1L, 'aaa'), (2L, 2L, 'bbb'), (3L, 3L, 'ccc'), (5L, 5L, 'fff'), (6L, 24L, 'AAAA4'), (7L, 6L, 'aaa')]]
===file:sqls_util/syntax/insert.sql, id:98, sql:[DROP TABLE IF EXISTS test1]===
dble:[[]]
===file:sqls_util/syntax/insert.sql, id:99, sql:[CREATE TABLE test1 (id INT(11) PRIMARY KEY,R_REGIONKEY INT(11),R_NAME VARCHAR(50),R_COMMENT VARCHAR(50))]===
dble:[[]]
===file:sqls_util/syntax/insert.sql, id:100, sql:[INSERT test1 SET id = 1,R_REGIONKEY=1,R_NAME='aaa',R_COMMENT='AAA']===
dble:[[]]
===file:sqls_util/syntax/insert.sql, id:101, sql:[INSERT INTO test1 SET id = 2,R_REGIONKEY=2,R_NAME='bbb',R_COMMENT='BBB']===
dble:[[]]
===file:sqls_util/syntax/insert.sql, id:102, sql:[SELECT id,R_REGIONKEY,R_NAME,R_COMMENT FROM test1]===
dble:[[(1L, 1L, 'aaa', 'AAA'), (2L, 2L, 'bbb', 'BBB')]]
===file:sqls_util/syntax/insert.sql, id:106, sql:[DROP TABLE IF EXISTS test1]===
dble:[[]]
===file:sqls_util/syntax/insert.sql, id:107, sql:[CREATE TABLE test1 (id INT(11) PRIMARY KEY,R_REGIONKEY INT(11),R_NAME VARCHAR(50) DEFAULT 'test',R_COMMENT VARCHAR(50))]===
dble:[[]]
===file:sqls_util/syntax/insert.sql, id:108, sql:[INSERT test1 SET id = 1,R_REGIONKEY=1,R_COMMENT='AAA']===
dble:[[]]
===file:sqls_util/syntax/insert.sql, id:109, sql:[SELECT id,R_REGIONKEY,R_NAME,R_COMMENT FROM test1]===
dble:[[(1L, 1L, 'test', 'AAA')]]
===file:sqls_util/syntax/insert.sql, id:111, sql:[INSERT test1 SET id = 2,R_REGIONKEY=2*3,R_NAME='bbb',R_COMMENT='BBB']===
dble:[[]]
===file:sqls_util/syntax/insert.sql, id:112, sql:[INSERT test1 SET id = 3,R_REGIONKEY=3*3,R_COMMENT='BBB']===
dble:[[]]
===file:sqls_util/syntax/insert.sql, id:113, sql:[INSERT LOW_PRIORITY test1 SET id=4,R_REGIONKEY=1,R_NAME='test',R_COMMENT='test']===
dble:[[]]
===file:sqls_util/syntax/insert.sql, id:114, sql:[INSERT DELAYED test1 SET id=5,R_REGIONKEY=2,R_NAME='test',R_COMMENT='test']===
dble:[[]]
===file:sqls_util/syntax/insert.sql, id:115, sql:[INSERT HIGH_PRIORITY test1 SET id=6,R_REGIONKEY=3,R_NAME='test',R_COMMENT='test']===
dble:[[]]
===file:sqls_util/syntax/insert.sql, id:116, sql:[INSERT IGNORE test1 SET id=1,R_REGIONKEY=4,R_NAME='test',R_COMMENT='test']===
dble:[[]]
===file:sqls_util/syntax/insert.sql, id:122, sql:[DROP TABLE IF EXISTS test1]===
dble:[[]]
===file:sqls_util/syntax/insert.sql, id:123, sql:[CREATE TABLE test1 (id INT(11) PRIMARY KEY,R_REGIONKEY INT(11),R_NAME VARCHAR(50),R_COMMENT VARCHAR(50))]===
dble:[[]]
===file:sqls_util/syntax/insert.sql, id:124, sql:[INSERT test1 SET id = 1,R_REGIONKEY=1,R_NAME='aaa',R_COMMENT='AAA']===
dble:[[]]
===file:sqls_util/syntax/insert.sql, id:125, sql:[SELECT id,R_REGIONKEY,R_NAME,R_COMMENT FROM test1]===
dble:[[(1L, 1L, 'aaa', 'AAA')]]
===file:sqls_util/syntax/insert.sql, id:126, sql:[INSERT INTO test1 SET id=2,R_REGIONKEY=1*3,R_NAME='test',R_COMMENT='test' ON DUPLICATE KEY UPDATE R_REGIONKEY=R_REGIONKEY*2,R_NAME='chen']===
dble:[[]]
===file:sqls_util/syntax/insert.sql, id:127, sql:[SELECT id,R_REGIONKEY,R_NAME,R_COMMENT FROM test1]===
dble:[[(1L, 1L, 'aaa', 'AAA'), (2L, 3L, 'test', 'test')]]
===file:sqls_util/syntax/insert.sql, id:128, sql:[INSERT INTO test1 SET id=2,R_REGIONKEY=1*3,R_NAME='test',R_COMMENT='test' ON DUPLICATE KEY UPDATE R_REGIONKEY=R_REGIONKEY*2,R_NAME='chen']===
dble:[[]]
===file:sqls_util/syntax/insert.sql, id:129, sql:[SELECT id,R_REGIONKEY,R_NAME,R_COMMENT FROM test1]===
dble:[[(1L, 1L, 'aaa', 'AAA'), (2L, 6L, 'chen', 'test')]]
===file:sqls_util/syntax/insert.sql, id:130, sql:[DROP TABLE IF EXISTS test1]===
dble:[[]]
===file:sqls_util/syntax/insert.sql, id:132, sql:[CREATE TABLE test1 (id INT(11),R_REGIONKEY INT(11) PRIMARY KEY,R_NAME VARCHAR(50),R_COMMENT VARCHAR(50))]===
dble:[[]]
===file:sqls_util/syntax/insert.sql, id:133, sql:[INSERT DELAYED INTO test1 SET id=4,R_REGIONKEY=1*4,R_NAME='test',R_COMMENT='test' ON DUPLICATE KEY UPDATE R_REGIONKEY=R_REGIONKEY*5]===
dble:[[]]
===file:sqls_util/syntax/insert.sql, id:134, sql:[SELECT id,R_REGIONKEY,R_NAME,R_COMMENT FROM test1]===
dble:[[(4L, 4L, 'test', 'test')]]
===file:sqls_util/syntax/insert.sql, id:135, sql:[INSERT IGNORE INTO test1 SET id=4,R_REGIONKEY=1*4,R_NAME='test',R_COMMENT='test' ON DUPLICATE KEY UPDATE R_REGIONKEY=R_REGIONKEY*5]===
dble:[[]]
===file:sqls_util/syntax/insert.sql, id:136, sql:[SELECT id,R_REGIONKEY,R_NAME,R_COMMENT FROM test1]===
dble:[[(4L, 20L, 'test', 'test')]]
===file:sqls_util/syntax/insert.sql, id:137, sql:[INSERT INTO test1 SET id=2,R_REGIONKEY=2]===
dble:[[]]
===file:sqls_util/syntax/insert.sql, id:138, sql:[SELECT id,R_REGIONKEY,R_NAME,R_COMMENT FROM test1]===
dble:[[(2L, 2L, None, None), (4L, 20L, 'test', 'test')]]
===file:sqls_util/syntax/insert.sql, id:139, sql:[DROP TABLE IF EXISTS test1]===
dble:[[]]
