===file:sqls_util/syntax/insert_value.sql, id:477, sql:[insert into test1 values (3,b'10')]===
mysql err:(1406, "Data too long for column 'bit_column' at row 1")
dble err[22:02:18.194781] :(1406, "Data too long for column 'bit_column' at row 1")
===file:sqls_util/syntax/insert_value.sql, id:479, sql:[insert into test1 values (5,2)]===
mysql err:(1406, "Data too long for column 'bit_column' at row 1")
dble err[22:02:18.329975] :(1406, "Data too long for column 'bit_column' at row 1")
===file:sqls_util/syntax/insert_value.sql, id:480, sql:[insert into test1 values (6,-1)]===
mysql err:(1406, "Data too long for column 'bit_column' at row 1")
dble err[22:02:18.413592] :(1406, "Data too long for column 'bit_column' at row 1")
===file:sqls_util/syntax/insert_value.sql, id:488, sql:[insert into test1 values (4,b'111110')]===
mysql err:(1406, "Data too long for column 'bit_5_column' at row 1")
dble err[22:02:18.845634] :(1406, "Data too long for column 'bit_5_column' at row 1")
===file:sqls_util/syntax/insert_value.sql, id:490, sql:[insert into test1 values (6,32)]===
mysql err:(1406, "Data too long for column 'bit_5_column' at row 1")
dble err[22:02:18.982899] :(1406, "Data too long for column 'bit_5_column' at row 1")
===file:sqls_util/syntax/insert_value.sql, id:491, sql:[insert into test1 values (7,-1)]===
mysql err:(1406, "Data too long for column 'bit_5_column' at row 1")
dble err[22:02:19.067541] :(1406, "Data too long for column 'bit_5_column' at row 1")
===file:sqls_util/syntax/insert_value.sql, id:500, sql:[insert into test1 values(4,b'11111111111111111111111111111111111111111111111111111111111111110');]===
mysql err:(1264, "Out of range value for column 'bit_column' at row 1")
dble err[22:02:19.427971] :(1264, "Out of range value for column 'bit_column' at row 1")
===file:sqls_util/syntax/insert_value.sql, id:506, sql:[insert into test1 values (10,18446744073709551616)]===
mysql err:(1264, "Out of range value for column 'bit_column' at row 1")
dble err[22:02:19.784656] :(1264, "Out of range value for column 'bit_column' at row 1")
===file:sqls_util/syntax/insert_value.sql, id:507, sql:[insert into test1 values (11,18446744073709552045)]===
mysql err:(1264, "Out of range value for column 'bit_column' at row 1")
dble err[22:02:19.870228] :(1264, "Out of range value for column 'bit_column' at row 1")
===file:sqls_util/syntax/insert_value.sql, id:508, sql:[insert into test1 values (12,18446744073709552046)]===
mysql err:(1264, "Out of range value for column 'bit_column' at row 1")
dble err[22:02:19.955067] :(1264, "Out of range value for column 'bit_column' at row 1")
===file:sqls_util/syntax/insert_value.sql, id:516, sql:[insert into test1 values (4,'')]===
mysql err:(1292, "Incorrect date value: '' for column 'date_columns' at row 1")
dble err[22:02:20.390245] :(1292, "Incorrect date value: '' for column 'date_columns' at row 1")
===file:sqls_util/syntax/insert_value.sql, id:526, sql:[insert into test1 values (4,107)]===
mysql err:(1264, "Out of range value for column 'year4_columns' at row 1")
dble err[22:02:20.969995] :(1264, "Out of range value for column 'year4_columns' at row 1")
===file:sqls_util/syntax/insert_value.sql, id:527, sql:[insert into test1 values (5,'')]===
mysql err:(1366, "Incorrect integer value: '' for column 'year4_columns' at row 1")
dble err[22:02:21.054416] :(1366, "Incorrect integer value: '' for column 'year4_columns' at row 1")
===file:sqls_util/syntax/insert_value.sql, id:546, sql:[insert into test1 values (3,'9999-12-31 23:59:59.999999')]===
mysql err:(1441, 'Datetime function: datetime field overflow')
dble err[22:02:22.109531] :(1441, 'Datetime function: datetime field overflow')
===file:sqls_util/syntax/insert_value.sql, id:549, sql:[insert into test1 values (6,'')]===
mysql err:(1292, "Incorrect datetime value: '' for column 'datetime_columns' at row 1")
dble err[22:02:22.339740] :(1292, "Incorrect datetime value: '' for column 'datetime_columns' at row 1")
===file:sqls_util/syntax/insert_value.sql, id:559, sql:[insert into test1 values (4,'')]===
mysql err:(1292, "Incorrect datetime value: '' for column 'timestamp_columns' at row 1")
dble err[22:02:22.831717] :(1292, "Incorrect datetime value: '' for column 'timestamp_columns' at row 1")
===file:sqls_util/syntax/insert_value.sql, id:570, sql:[insert into test1 values (5,'')]===
mysql err:(1366, "Incorrect integer value: '' for column 'tinyint_columns' at row 1")
dble err[22:02:23.444598] :(1366, "Incorrect integer value: '' for column 'tinyint_columns' at row 1")
===file:sqls_util/syntax/insert_value.sql, id:578, sql:[insert into test1 values (3,'')]===
mysql err:(1366, "Incorrect integer value: '' for column 'tinyint_unsigned_columns' at row 1")
dble err[22:02:23.864015] :(1366, "Incorrect integer value: '' for column 'tinyint_unsigned_columns' at row 1")
===file:sqls_util/syntax/insert_value.sql, id:588, sql:[insert into test1 values (5,'')]===
mysql err:(1366, "Incorrect integer value: '' for column 'smallint_columns' at row 1")
dble err[22:02:24.400740] :(1366, "Incorrect integer value: '' for column 'smallint_columns' at row 1")
===file:sqls_util/syntax/insert_value.sql, id:596, sql:[insert into test1 values (3,'')]===
mysql err:(1366, "Incorrect integer value: '' for column 'smallint_unsigned_columns' at row 1")
dble err[22:02:24.822684] :(1366, "Incorrect integer value: '' for column 'smallint_unsigned_columns' at row 1")
===file:sqls_util/syntax/insert_value.sql, id:604, sql:[insert into test1 values (3,'')]===
mysql err:(1366, "Incorrect integer value: '' for column 'mediumint_columns' at row 1")
dble err[22:02:25.249682] :(1366, "Incorrect integer value: '' for column 'mediumint_columns' at row 1")
===file:sqls_util/syntax/insert_value.sql, id:612, sql:[insert into test1 values (3,'')]===
mysql err:(1366, "Incorrect integer value: '' for column 'mediumint_unsigned_columns' at row 1")
dble err[22:02:25.672746] :(1366, "Incorrect integer value: '' for column 'mediumint_unsigned_columns' at row 1")
===file:sqls_util/syntax/insert_value.sql, id:621, sql:[insert into test1 values (4,'')]===
mysql err:(1366, "Incorrect integer value: '' for column 'int_columns' at row 1")
dble err[22:02:26.184614] :(1366, "Incorrect integer value: '' for column 'int_columns' at row 1")
===file:sqls_util/syntax/insert_value.sql, id:629, sql:[insert into test1 values (3,'')]===
mysql err:(1366, "Incorrect integer value: '' for column 'int_unsigned_columns' at row 1")
dble err[22:02:26.651298] :(1366, "Incorrect integer value: '' for column 'int_unsigned_columns' at row 1")
===file:sqls_util/syntax/insert_value.sql, id:638, sql:[insert into test1 values (4,'')]===
mysql err:(1366, "Incorrect integer value: '' for column 'bigint_columns' at row 1")
dble err[22:02:27.185831] :(1366, "Incorrect integer value: '' for column 'bigint_columns' at row 1")
===file:sqls_util/syntax/insert_value.sql, id:646, sql:[insert into test1 values (3,'')]===
mysql err:(1366, "Incorrect integer value: '' for column 'bigint_unsigned_columns' at row 1")
dble err[22:02:27.624312] :(1366, "Incorrect integer value: '' for column 'bigint_unsigned_columns' at row 1")
===file:sqls_util/syntax/insert_value.sql, id:656, sql:[insert into test1 values (5,'')]===
mysql err:(1366, "Incorrect decimal value: '' for column 'decimal_columns' at row 1")
dble err[22:02:28.169465] :(1366, "Incorrect decimal value: '' for column 'decimal_columns' at row 1")
===file:sqls_util/syntax/insert_value.sql, id:664, sql:[insert into test1 values (3,'')]===
mysql err:(1366, "Incorrect decimal value: '' for column 'decimal_columns' at row 1")
dble err[22:02:28.652748] :(1366, "Incorrect decimal value: '' for column 'decimal_columns' at row 1")
===file:sqls_util/syntax/insert_value.sql, id:674, sql:[insert into test1 values (5,'')]===
mysql err:(1265, "Data truncated for column 'float_columns' at row 1")
dble err[22:02:29.240174] :(1265, "Data truncated for column 'float_columns' at row 1")
===file:sqls_util/syntax/insert_value.sql, id:682, sql:[insert into test1 values (3,'')]===
mysql err:(1265, "Data truncated for column 'float_columns' at row 1")
dble err[22:02:29.756474] :(1265, "Data truncated for column 'float_columns' at row 1")
===file:sqls_util/syntax/insert_value.sql, id:692, sql:[insert into test1 values (5,'')]===
mysql err:(1265, "Data truncated for column 'double_columns' at row 1")
dble err[22:02:30.288924] :(1265, "Data truncated for column 'double_columns' at row 1")
===file:sqls_util/syntax/insert_value.sql, id:700, sql:[insert into test1 values (3,'')]===
mysql err:(1265, "Data truncated for column 'double_unsigned_columns' at row 1")
dble err[22:02:30.743302] :(1265, "Data truncated for column 'double_unsigned_columns' at row 1")
===file:sqls_util/syntax/insert_value.sql, id:709, sql:[insert into test1 values (4,'')]===
mysql err:(1265, "Data truncated for column 'enum_columns' at row 1")
dble err[22:02:31.287338] :(1265, "Data truncated for column 'enum_columns' at row 1")
