===file:sqls_util/syntax/prepare.sql, id:2, sql:[drop table if exists test1]===
dble:[[]]
===file:sqls_util/syntax/prepare.sql, id:3, sql:[create table test1 (id int(11),R_REGIONKEY float,R_NAME varchar(50),R_COMMENT varchar(50))]===
dble:[[]]
===file:sqls_util/syntax/prepare.sql, id:4, sql:[insert into test1 (id,R_REGIONKEY,R_NAME,R_COMMENT) values (1,1, 'a string','test001'),(3,3, 'another string','test003'),(2,2, 'a\nstring','test002'),(4,4, '中','test004'),(5,5, 'a\'string\'','test005'),(6,6, 'a\""string\""','test006'),(7,7, 'a\bstring','test007'),(8,8, 'a\nstring','test008'),(9,9, 'a\rstring','test009'),(10,10, 'a\tstring','test010'),(11,11, 'a\zstring','test011'),(12,12, 'a\\string','test012'),(13,13, 'a\%string','test013'),(14,14, 'a\_string','test014'),(15,15, 'MySQL','test015'),(16,16, 'binary','test016'),(65,16, 'binary','test016'),(17,12345678901234567890123.4567890,17,17),(18,18, 'A','test018'),(19,19, '','test019')]===
dble:[[]]
===file:sqls_util/syntax/prepare.sql, id:10, sql:[prepare pre_test from 'alter table test1 add age int(10)']===
dble:[[]]
===file:sqls_util/syntax/prepare.sql, id:11, sql:[execute pre_test]===
dble:[[]]
===file:sqls_util/syntax/prepare.sql, id:12, sql:[show create table test1]===
dble:[[('test1', 'CREATE TABLE `test1` (\n  `id` int(11) DEFAULT NULL,\n  `R_REGIONKEY` float DEFAULT NULL,\n  `R_NAME` varchar(50) DEFAULT NULL,\n  `R_COMMENT` varchar(50) DEFAULT NULL,\n  `age` int(10) DEFAULT NULL\n) ENGINE=InnoDB DEFAULT CHARSET=latin1')]]
===file:sqls_util/syntax/prepare.sql, id:13, sql:[drop prepare pre_test]===
dble:[[]]
===file:sqls_util/syntax/prepare.sql, id:14, sql:[prepare pre_test from 'alter table test1 drop age']===
dble:[[]]
===file:sqls_util/syntax/prepare.sql, id:15, sql:[execute pre_test]===
dble:[[]]
===file:sqls_util/syntax/prepare.sql, id:16, sql:[show create table test1]===
dble:[[('test1', 'CREATE TABLE `test1` (\n  `id` int(11) DEFAULT NULL,\n  `R_REGIONKEY` float DEFAULT NULL,\n  `R_NAME` varchar(50) DEFAULT NULL,\n  `R_COMMENT` varchar(50) DEFAULT NULL\n) ENGINE=InnoDB DEFAULT CHARSET=latin1')]]
===file:sqls_util/syntax/prepare.sql, id:17, sql:[drop prepare pre_test]===
dble:[[]]
===file:sqls_util/syntax/prepare.sql, id:18, sql:[prepare pre_test from 'alter table test1 add index (R_NAME)']===
dble:[[]]
===file:sqls_util/syntax/prepare.sql, id:19, sql:[execute pre_test]===
dble:[[]]
===file:sqls_util/syntax/prepare.sql, id:20, sql:[show index in test1 where Key_name='R_NAME']===
dble:[[('test1', 1L, 'R_NAME', 1L, 'R_NAME', 'A', 5L, None, None, 'YES', 'BTREE', '', '')]]
===file:sqls_util/syntax/prepare.sql, id:21, sql:[alter table test1 drop index R_NAME]===
dble:[[]]
===file:sqls_util/syntax/prepare.sql, id:22, sql:[drop prepare pre_test]===
dble:[[]]
===file:sqls_util/syntax/prepare.sql, id:23, sql:[prepare pre_test from 'alter table test1 add index (R_NAME,R_COMMENT)']===
dble:[[]]
===file:sqls_util/syntax/prepare.sql, id:24, sql:[execute pre_test]===
dble:[[]]
===file:sqls_util/syntax/prepare.sql, id:25, sql:[show index in test1 where Key_name='R_NAME']===
dble:[[('test1', 1L, 'R_NAME', 1L, 'R_NAME', 'A', 4L, None, None, 'YES', 'BTREE', '', ''), ('test1', 1L, 'R_NAME', 2L, 'R_COMMENT', 'A', 4L, None, None, 'YES', 'BTREE', '', '')]]
===file:sqls_util/syntax/prepare.sql, id:26, sql:[alter table test1 drop index R_NAME]===
dble:[[]]
===file:sqls_util/syntax/prepare.sql, id:27, sql:[drop prepare pre_test]===
dble:[[]]
===file:sqls_util/syntax/prepare.sql, id:28, sql:[prepare pre_test from 'alter table test1 add primary key (id)']===
dble:[[]]
===file:sqls_util/syntax/prepare.sql, id:29, sql:[execute pre_test]===
dble:[[]]
===file:sqls_util/syntax/prepare.sql, id:30, sql:[desc test1]===
dble:[[('R_COMMENT', 'varchar(50)', 'YES', '', None, ''), ('R_NAME', 'varchar(50)', 'YES', '', None, ''), ('R_REGIONKEY', 'float', 'YES', '', None, ''), ('id', 'int(11)', 'NO', 'PRI', None, '')]]
===file:sqls_util/syntax/prepare.sql, id:31, sql:[alter table test1 drop primary key]===
dble:[[]]
===file:sqls_util/syntax/prepare.sql, id:32, sql:[drop prepare pre_test]===
dble:[[]]
===file:sqls_util/syntax/prepare.sql, id:33, sql:[prepare pre_test from 'alter table test1 add unique (id)']===
dble:[[]]
===file:sqls_util/syntax/prepare.sql, id:34, sql:[execute pre_test]===
dble:[[]]
===file:sqls_util/syntax/prepare.sql, id:35, sql:[show create table test1]===
dble:[[('test1', 'CREATE TABLE `test1` (\n  `id` int(11) NOT NULL,\n  `R_REGIONKEY` float DEFAULT NULL,\n  `R_NAME` varchar(50) DEFAULT NULL,\n  `R_COMMENT` varchar(50) DEFAULT NULL,\n  UNIQUE KEY `id` (`id`)\n) ENGINE=InnoDB DEFAULT CHARSET=latin1')]]
===file:sqls_util/syntax/prepare.sql, id:36, sql:[drop prepare pre_test]===
dble:[[]]
===file:sqls_util/syntax/prepare.sql, id:46, sql:[prepare pre_test from 'alter table test1 change R_NAME name varchar(50)']===
dble:[[]]
===file:sqls_util/syntax/prepare.sql, id:47, sql:[execute pre_test]===
dble:[[]]
===file:sqls_util/syntax/prepare.sql, id:48, sql:[show create table test1]===
dble:[[('test1', 'CREATE TABLE `test1` (\n  `id` int(11) NOT NULL,\n  `R_REGIONKEY` float DEFAULT NULL,\n  `name` varchar(50) DEFAULT NULL,\n  `R_COMMENT` varchar(50) DEFAULT NULL,\n  UNIQUE KEY `id` (`id`)\n) ENGINE=InnoDB DEFAULT CHARSET=latin1')]]
===file:sqls_util/syntax/prepare.sql, id:49, sql:[drop prepare pre_test]===
dble:[[]]
===file:sqls_util/syntax/prepare.sql, id:50, sql:[prepare pre_test from 'alter table test1 modify name varchar(60)']===
dble:[[]]
===file:sqls_util/syntax/prepare.sql, id:51, sql:[execute pre_test]===
dble:[[]]
===file:sqls_util/syntax/prepare.sql, id:52, sql:[show create table test1]===
dble:[[('test1', 'CREATE TABLE `test1` (\n  `id` int(11) NOT NULL,\n  `R_REGIONKEY` float DEFAULT NULL,\n  `name` varchar(60) DEFAULT NULL,\n  `R_COMMENT` varchar(50) DEFAULT NULL,\n  UNIQUE KEY `id` (`id`)\n) ENGINE=InnoDB DEFAULT CHARSET=latin1')]]
===file:sqls_util/syntax/prepare.sql, id:53, sql:[drop prepare pre_test]===
dble:[[]]
===file:sqls_util/syntax/prepare.sql, id:54, sql:[prepare pre_test from 'alter table test1 drop name']===
dble:[[]]
===file:sqls_util/syntax/prepare.sql, id:55, sql:[execute pre_test]===
dble:[[]]
===file:sqls_util/syntax/prepare.sql, id:56, sql:[show create table test1]===
dble:[[('test1', 'CREATE TABLE `test1` (\n  `id` int(11) NOT NULL,\n  `R_REGIONKEY` float DEFAULT NULL,\n  `R_COMMENT` varchar(50) DEFAULT NULL,\n  UNIQUE KEY `id` (`id`)\n) ENGINE=InnoDB DEFAULT CHARSET=latin1')]]
===file:sqls_util/syntax/prepare.sql, id:57, sql:[drop prepare pre_test]===
dble:[[]]
===file:sqls_util/syntax/prepare.sql, id:58, sql:[alter table test1 add primary key (id)]===
dble:[[]]
===file:sqls_util/syntax/prepare.sql, id:59, sql:[show create table test1]===
dble:[[('test1', 'CREATE TABLE `test1` (\n  `id` int(11) NOT NULL,\n  `R_REGIONKEY` float DEFAULT NULL,\n  `R_COMMENT` varchar(50) DEFAULT NULL,\n  PRIMARY KEY (`id`),\n  UNIQUE KEY `id` (`id`)\n) ENGINE=InnoDB DEFAULT CHARSET=latin1')]]
===file:sqls_util/syntax/prepare.sql, id:60, sql:[prepare pre_test from 'alter table test1 drop primary key']===
dble:[[]]
===file:sqls_util/syntax/prepare.sql, id:61, sql:[execute pre_test]===
dble:[[]]
===file:sqls_util/syntax/prepare.sql, id:62, sql:[show create table test1]===
dble:[[('test1', 'CREATE TABLE `test1` (\n  `id` int(11) NOT NULL,\n  `R_REGIONKEY` float DEFAULT NULL,\n  `R_COMMENT` varchar(50) DEFAULT NULL,\n  UNIQUE KEY `id` (`id`)\n) ENGINE=InnoDB DEFAULT CHARSET=latin1')]]
===file:sqls_util/syntax/prepare.sql, id:63, sql:[drop prepare pre_test]===
dble:[[]]
===file:sqls_util/syntax/prepare.sql, id:64, sql:[alter table test1 add index (R_COMMENT)]===
dble:[[]]
===file:sqls_util/syntax/prepare.sql, id:65, sql:[show index from test1]===
dble:[[('test1', 0L, 'id', 1L, 'id', 'A', 6L, None, None, '', 'BTREE', '', ''), ('test1', 1L, 'R_COMMENT', 1L, 'R_COMMENT', 'A', 6L, None, None, 'YES', 'BTREE', '', '')]]
===file:sqls_util/syntax/prepare.sql, id:66, sql:[prepare pre_test from 'alter table test1 drop R_COMMENT']===
dble:[[]]
===file:sqls_util/syntax/prepare.sql, id:67, sql:[execute pre_test]===
dble:[[]]
===file:sqls_util/syntax/prepare.sql, id:68, sql:[show index from test1]===
dble:[[('test1', 0L, 'id', 1L, 'id', 'A', 5L, None, None, '', 'BTREE', '', '')]]
===file:sqls_util/syntax/prepare.sql, id:69, sql:[drop prepare pre_test]===
dble:[[]]
===file:sqls_util/syntax/prepare.sql, id:73, sql:[drop table if exists test1]===
dble:[[]]
===file:sqls_util/syntax/prepare.sql, id:74, sql:[drop table if exists schema2.test2]===
dble:[[]]
===file:sqls_util/syntax/prepare.sql, id:75, sql:[CREATE TABLE test1(`id` int(10) unsigned NOT NULL,`t_id` int(10) unsigned NOT NULL DEFAULT '0',`name` char(120) NOT NULL DEFAULT '',`pad` int(11) NOT NULL,PRIMARY KEY (`id`),KEY `k_1` (`t_id`))]===
dble:[[]]
===file:sqls_util/syntax/prepare.sql, id:76, sql:[CREATE TABLE schema2.test2(`id` int(10) unsigned NOT NULL,`o_id` int(10) unsigned NOT NULL DEFAULT '0',`name` char(120) NOT NULL DEFAULT '',`pad` int(11) NOT NULL,PRIMARY KEY (`id`),KEY `k_1` (`o_id`))]===
dble:[[]]
===file:sqls_util/syntax/prepare.sql, id:77, sql:[insert into test1 values(1,1,'test中id为1',1),(2,2,'test_2',2),(3,3,'test中id为3',4),(4,4,'$test$4',3),(5,5,'test...5',1),(6,6,'test6',6)]===
dble:[[]]
===file:sqls_util/syntax/prepare.sql, id:78, sql:[insert into schema2.test2 values(1,1,'order中id为1',1),(2,2,'test_2',2),(3,3,'order中id为3',3),(4,4,'$order$4',4),(5,5,'order...5',1)]===
dble:[[]]
===file:sqls_util/syntax/prepare.sql, id:79, sql:[prepare pre_test from 'create view view_test as select test1.id,test1.name,test1.pad,schema2.test2.name as a_name from test1 inner join schema2.test2']===
dble:[[]]
===file:sqls_util/syntax/prepare.sql, id:80, sql:[execute pre_test]===
dble:[[]]
===file:sqls_util/syntax/prepare.sql, id:81, sql:[select * from view_test]===
dble:[[(1L, 'test\xe4\xb8\xadid\xe4\xb8\xba1', 1L, '$order$4'), (1L, 'test\xe4\xb8\xadid\xe4\xb8\xba1', 1L, 'order...5'), (1L, 'test\xe4\xb8\xadid\xe4\xb8\xba1', 1L, 'order\xe4\xb8\xadid\xe4\xb8\xba1'), (1L, 'test\xe4\xb8\xadid\xe4\xb8\xba1', 1L, 'order\xe4\xb8\xadid\xe4\xb8\xba3'), (1L, 'test\xe4\xb8\xadid\xe4\xb8\xba1', 1L, 'test_2'), (2L, 'test_2', 2L, '$order$4'), (2L, 'test_2', 2L, 'order...5'), (2L, 'test_2', 2L, 'order\xe4\xb8\xadid\xe4\xb8\xba1'), (2L, 'test_2', 2L, 'order\xe4\xb8\xadid\xe4\xb8\xba3'), (2L, 'test_2', 2L, 'test_2'), (3L, 'test\xe4\xb8\xadid\xe4\xb8\xba3', 4L, '$order$4'), (3L, 'test\xe4\xb8\xadid\xe4\xb8\xba3', 4L, 'order...5'), (3L, 'test\xe4\xb8\xadid\xe4\xb8\xba3', 4L, 'order\xe4\xb8\xadid\xe4\xb8\xba1'), (3L, 'test\xe4\xb8\xadid\xe4\xb8\xba3', 4L, 'order\xe4\xb8\xadid\xe4\xb8\xba3'), (3L, 'test\xe4\xb8\xadid\xe4\xb8\xba3', 4L, 'test_2'), (4L, '$test$4', 3L, '$order$4'), (4L, '$test$4', 3L, 'order...5'), (4L, '$test$4', 3L, 'order\xe4\xb8\xadid\xe4\xb8\xba1'), (4L, '$test$4', 3L, 'order\xe4\xb8\xadid\xe4\xb8\xba3'), (4L, '$test$4', 3L, 'test_2'), (5L, 'test...5', 1L, '$order$4'), (5L, 'test...5', 1L, 'order...5'), (5L, 'test...5', 1L, 'order\xe4\xb8\xadid\xe4\xb8\xba1'), (5L, 'test...5', 1L, 'order\xe4\xb8\xadid\xe4\xb8\xba3'), (5L, 'test...5', 1L, 'test_2'), (6L, 'test6', 6L, '$order$4'), (6L, 'test6', 6L, 'order...5'), (6L, 'test6', 6L, 'order\xe4\xb8\xadid\xe4\xb8\xba1'), (6L, 'test6', 6L, 'order\xe4\xb8\xadid\xe4\xb8\xba3'), (6L, 'test6', 6L, 'test_2')]]
===file:sqls_util/syntax/prepare.sql, id:82, sql:[drop view view_test]===
dble:[[]]
===file:sqls_util/syntax/prepare.sql, id:83, sql:[drop prepare pre_test]===
dble:[[]]
===file:sqls_util/syntax/prepare.sql, id:84, sql:[prepare pre_test from  'create view view_test as select a.id,b.id as b_id,b.pad,a.t_id from test1 a,(select all * from schema2.test2) b where a.t_id=b.o_id']===
dble:[[]]
===file:sqls_util/syntax/prepare.sql, id:85, sql:[execute pre_test]===
dble:[[]]
===file:sqls_util/syntax/prepare.sql, id:86, sql:[select * from view_test]===
dble:[[(1L, 1L, 1L, 1L), (2L, 2L, 2L, 2L), (3L, 3L, 3L, 3L), (4L, 4L, 4L, 4L), (5L, 5L, 1L, 5L)]]
===file:sqls_util/syntax/prepare.sql, id:87, sql:[drop view view_test]===
dble:[[]]
===file:sqls_util/syntax/prepare.sql, id:88, sql:[drop prepare pre_test]===
dble:[[]]
===file:sqls_util/syntax/prepare.sql, id:92, sql:[prepare pre_test from 'select test1.id,test1.pad,schema2.test2.name as a_name from test1 inner join schema2.test2']===
dble:[[]]
===file:sqls_util/syntax/prepare.sql, id:93, sql:[execute pre_test]===
dble:[[(1L, 1L, '$order$4'), (1L, 1L, 'order...5'), (1L, 1L, 'order\xe4\xb8\xadid\xe4\xb8\xba1'), (1L, 1L, 'order\xe4\xb8\xadid\xe4\xb8\xba3'), (1L, 1L, 'test_2'), (2L, 2L, '$order$4'), (2L, 2L, 'order...5'), (2L, 2L, 'order\xe4\xb8\xadid\xe4\xb8\xba1'), (2L, 2L, 'order\xe4\xb8\xadid\xe4\xb8\xba3'), (2L, 2L, 'test_2'), (3L, 4L, '$order$4'), (3L, 4L, 'order...5'), (3L, 4L, 'order\xe4\xb8\xadid\xe4\xb8\xba1'), (3L, 4L, 'order\xe4\xb8\xadid\xe4\xb8\xba3'), (3L, 4L, 'test_2'), (4L, 3L, '$order$4'), (4L, 3L, 'order...5'), (4L, 3L, 'order\xe4\xb8\xadid\xe4\xb8\xba1'), (4L, 3L, 'order\xe4\xb8\xadid\xe4\xb8\xba3'), (4L, 3L, 'test_2'), (5L, 1L, '$order$4'), (5L, 1L, 'order...5'), (5L, 1L, 'order\xe4\xb8\xadid\xe4\xb8\xba1'), (5L, 1L, 'order\xe4\xb8\xadid\xe4\xb8\xba3'), (5L, 1L, 'test_2'), (6L, 6L, '$order$4'), (6L, 6L, 'order...5'), (6L, 6L, 'order\xe4\xb8\xadid\xe4\xb8\xba1'), (6L, 6L, 'order\xe4\xb8\xadid\xe4\xb8\xba3'), (6L, 6L, 'test_2')]]
===file:sqls_util/syntax/prepare.sql, id:94, sql:[drop prepare pre_test]===
dble:[[]]
===file:sqls_util/syntax/prepare.sql, id:95, sql:[prepare pre_test from 'select a.id as a.t_id,b.id as b_id,a.pad from test1 a,(select all * from schema2.test2) b where a.t_id=b.o_id']===
dble:[[]]
===file:sqls_util/syntax/prepare.sql, id:96, sql:[execute pre_test]===
dble:[[(1L, 1L, 1L), (2L, 2L, 2L), (3L, 3L, 4L), (4L, 4L, 3L), (5L, 5L, 1L)]]
===file:sqls_util/syntax/prepare.sql, id:97, sql:[drop prepare pre_test]===
dble:[[]]
===file:sqls_util/syntax/prepare.sql, id:98, sql:[prepare pre_test from 'select * from test1 where id=3']===
dble:[[]]
===file:sqls_util/syntax/prepare.sql, id:99, sql:[execute pre_test]===
dble:[[(3L, 3L, 'test\xe4\xb8\xadid\xe4\xb8\xba3', 4L)]]
===file:sqls_util/syntax/prepare.sql, id:100, sql:[drop prepare pre_test]===
dble:[[]]
===file:sqls_util/syntax/prepare.sql, id:104, sql:[drop table if exists test1]===
dble:[[]]
===file:sqls_util/syntax/prepare.sql, id:105, sql:[create table test1 (id int(11),R_REGIONKEY float,R_NAME varchar(50),R_COMMENT varchar(50))]===
dble:[[]]
===file:sqls_util/syntax/prepare.sql, id:106, sql:[insert into test1 (id,R_REGIONKEY,R_NAME,R_COMMENT) values (1,1, 'a string','test001'),(3,3, 'another string','test003'),(2,2, 'a\nstring','test002'),(4,4, '中','test004'),(5,5, 'a\'string\'','test005'),(6,6, 'a\""string\""','test006'),(7,7, 'a\bstring','test007'),(8,8, 'a\nstring','test008'),(9,9, 'a\rstring','test009'),(10,10, 'a\tstring','test010'),(11,11, 'a\zstring','test011'),(12,12, 'a\\string','test012'),(13,13, 'a\%string','test013'),(14,14, 'a\_string','test014'),(15,15, 'MySQL','test015'),(16,16, 'binary','test016'),(65,16, 'binary','test016'),(17,12345678901234567890123.4567890,17,17),(18,18, 'A','test018'),(19,19, '','test019')]===
dble:[[]]
===file:sqls_util/syntax/prepare.sql, id:107, sql:[create view view_test as select * from test1]===
dble:[[]]
===file:sqls_util/syntax/prepare.sql, id:108, sql:[prepare pre_test from 'drop view view_test']===
dble:[[]]
===file:sqls_util/syntax/prepare.sql, id:109, sql:[execute pre_test]===
dble:[[]]
===file:sqls_util/syntax/prepare.sql, id:111, sql:[drop prepare pre_test]===
dble:[[]]
===file:sqls_util/syntax/prepare.sql, id:115, sql:[select * from test1]===
dble:[[(1L, 1.0, 'a string', 'test001'), (2L, 2.0, 'a\nstring', 'test002'), (3L, 3.0, 'another string', 'test003'), (4L, 4.0, '\xe4\xb8\xad', 'test004'), (5L, 5.0, "a'string'", 'test005'), (6L, 6.0, 'a""string""', 'test006'), (7L, 7.0, 'a\x08string', 'test007'), (8L, 8.0, 'a\nstring', 'test008'), (9L, 9.0, 'a\rstring', 'test009'), (10L, 10.0, 'a\tstring', 'test010'), (11L, 11.0, 'azstring', 'test011'), (12L, 12.0, 'a\\string', 'test012'), (13L, 13.0, 'a\\%string', 'test013'), (14L, 14.0, 'a\\_string', 'test014'), (15L, 15.0, 'MySQL', 'test015'), (16L, 16.0, 'binary', 'test016'), (17L, 1.23457e+22, '17', '17'), (18L, 18.0, 'A', 'test018'), (19L, 19.0, '', 'test019'), (65L, 16.0, 'binary', 'test016')]]
===file:sqls_util/syntax/prepare.sql, id:116, sql:[prepare pre_test from 'delete from test1']===
dble:[[]]
===file:sqls_util/syntax/prepare.sql, id:117, sql:[execute pre_test]===
dble:[[]]
===file:sqls_util/syntax/prepare.sql, id:118, sql:[select * from test1]===
dble:[[]]
===file:sqls_util/syntax/prepare.sql, id:119, sql:[insert into test1 (id,R_REGIONKEY,R_NAME,R_COMMENT) values (1,1, 'a string','test001'),(3,3, 'another string','test003'),(2,2, 'a\nstring','test002'),(4,4, '中','test004'),(5,5, 'a\'string\'','test005'),(6,6, 'a\""string\""','test006'),(7,7, 'a\bstring','test007'),(8,8, 'a\nstring','test008'),(9,9, 'a\rstring','test009'),(10,10, 'a\tstring','test010'),(11,11, 'a\zstring','test011'),(12,12, 'a\\string','test012'),(13,13, 'a\%string','test013'),(14,14, 'a\_string','test014'),(15,15, 'MySQL','test015'),(16,16, 'binary','test016'),(65,16, 'binary','test016'),(17,12345678901234567890123.4567890,17,17),(18,18, 'A','test018'),(19,19, '','test019')]===
dble:[[]]
===file:sqls_util/syntax/prepare.sql, id:120, sql:[drop prepare pre_test]===
dble:[[]]
===file:sqls_util/syntax/prepare.sql, id:121, sql:[prepare pre_test from 'delete from test1 where id=3']===
dble:[[]]
===file:sqls_util/syntax/prepare.sql, id:122, sql:[execute pre_test]===
dble:[[]]
===file:sqls_util/syntax/prepare.sql, id:123, sql:[select * from test1]===
dble:[[(1L, 1.0, 'a string', 'test001'), (2L, 2.0, 'a\nstring', 'test002'), (4L, 4.0, '\xe4\xb8\xad', 'test004'), (5L, 5.0, "a'string'", 'test005'), (6L, 6.0, 'a""string""', 'test006'), (7L, 7.0, 'a\x08string', 'test007'), (8L, 8.0, 'a\nstring', 'test008'), (9L, 9.0, 'a\rstring', 'test009'), (10L, 10.0, 'a\tstring', 'test010'), (11L, 11.0, 'azstring', 'test011'), (12L, 12.0, 'a\\string', 'test012'), (13L, 13.0, 'a\\%string', 'test013'), (14L, 14.0, 'a\\_string', 'test014'), (15L, 15.0, 'MySQL', 'test015'), (16L, 16.0, 'binary', 'test016'), (17L, 1.23457e+22, '17', '17'), (18L, 18.0, 'A', 'test018'), (19L, 19.0, '', 'test019'), (65L, 16.0, 'binary', 'test016')]]
===file:sqls_util/syntax/prepare.sql, id:124, sql:[delete from test1]===
dble:[[]]
===file:sqls_util/syntax/prepare.sql, id:125, sql:[insert into test1 (id,R_REGIONKEY,R_NAME,R_COMMENT) values (1,1, 'a string','test001'),(3,3, 'another string','test003'),(2,2, 'a\nstring','test002'),(4,4, '中','test004'),(5,5, 'a\'string\'','test005'),(6,6, 'a\""string\""','test006'),(7,7, 'a\bstring','test007'),(8,8, 'a\nstring','test008'),(9,9, 'a\rstring','test009'),(10,10, 'a\tstring','test010'),(11,11, 'a\zstring','test011'),(12,12, 'a\\string','test012'),(13,13, 'a\%string','test013'),(14,14, 'a\_string','test014'),(15,15, 'MySQL','test015'),(16,16, 'binary','test016'),(65,16, 'binary','test016'),(17,12345678901234567890123.4567890,17,17),(18,18, 'A','test018'),(19,19, '','test019')]===
dble:[[]]
===file:sqls_util/syntax/prepare.sql, id:126, sql:[drop prepare pre_test]===
dble:[[]]
===file:sqls_util/syntax/prepare.sql, id:130, sql:[prepare pre_test from 'insert into test1 values(?,?,?,?)']===
dble:[[]]
===file:sqls_util/syntax/prepare.sql, id:131, sql:[set @a=20,@b=20,@c='test',@d='test20']===
dble:[[]]
===file:sqls_util/syntax/prepare.sql, id:132, sql:[execute pre_test using @a,@b,@c,@d]===
dble:[[]]
===file:sqls_util/syntax/prepare.sql, id:133, sql:[select * from test1]===
dble:[[(1L, 1.0, 'a string', 'test001'), (2L, 2.0, 'a\nstring', 'test002'), (3L, 3.0, 'another string', 'test003'), (4L, 4.0, '\xe4\xb8\xad', 'test004'), (5L, 5.0, "a'string'", 'test005'), (6L, 6.0, 'a""string""', 'test006'), (7L, 7.0, 'a\x08string', 'test007'), (8L, 8.0, 'a\nstring', 'test008'), (9L, 9.0, 'a\rstring', 'test009'), (10L, 10.0, 'a\tstring', 'test010'), (11L, 11.0, 'azstring', 'test011'), (12L, 12.0, 'a\\string', 'test012'), (13L, 13.0, 'a\\%string', 'test013'), (14L, 14.0, 'a\\_string', 'test014'), (15L, 15.0, 'MySQL', 'test015'), (16L, 16.0, 'binary', 'test016'), (17L, 1.23457e+22, '17', '17'), (18L, 18.0, 'A', 'test018'), (19L, 19.0, '', 'test019'), (20L, 20.0, 'test', 'test20'), (65L, 16.0, 'binary', 'test016')]]
===file:sqls_util/syntax/prepare.sql, id:134, sql:[set @a=21,@b=21,@c='test',@d='test21']===
dble:[[]]
===file:sqls_util/syntax/prepare.sql, id:135, sql:[execute pre_test using @a,@b,@c,@d]===
dble:[[]]
===file:sqls_util/syntax/prepare.sql, id:136, sql:[select * from test1]===
dble:[[(1L, 1.0, 'a string', 'test001'), (2L, 2.0, 'a\nstring', 'test002'), (3L, 3.0, 'another string', 'test003'), (4L, 4.0, '\xe4\xb8\xad', 'test004'), (5L, 5.0, "a'string'", 'test005'), (6L, 6.0, 'a""string""', 'test006'), (7L, 7.0, 'a\x08string', 'test007'), (8L, 8.0, 'a\nstring', 'test008'), (9L, 9.0, 'a\rstring', 'test009'), (10L, 10.0, 'a\tstring', 'test010'), (11L, 11.0, 'azstring', 'test011'), (12L, 12.0, 'a\\string', 'test012'), (13L, 13.0, 'a\\%string', 'test013'), (14L, 14.0, 'a\\_string', 'test014'), (15L, 15.0, 'MySQL', 'test015'), (16L, 16.0, 'binary', 'test016'), (17L, 1.23457e+22, '17', '17'), (18L, 18.0, 'A', 'test018'), (19L, 19.0, '', 'test019'), (20L, 20.0, 'test', 'test20'), (21L, 21.0, 'test', 'test21'), (65L, 16.0, 'binary', 'test016')]]
===file:sqls_util/syntax/prepare.sql, id:137, sql:[drop prepare pre_test]===
dble:[[]]
===file:sqls_util/syntax/prepare.sql, id:141, sql:[prepare pre_test from 'replace into test1 values(?,?,?,?)']===
dble:[[]]
===file:sqls_util/syntax/prepare.sql, id:142, sql:[set @a=20,@b=20,@c='test_new',@d='test20']===
dble:[[]]
===file:sqls_util/syntax/prepare.sql, id:143, sql:[execute pre_test using @a,@b,@c,@d]===
dble:[[]]
===file:sqls_util/syntax/prepare.sql, id:144, sql:[select * from test1]===
dble:[[(1L, 1.0, 'a string', 'test001'), (2L, 2.0, 'a\nstring', 'test002'), (3L, 3.0, 'another string', 'test003'), (4L, 4.0, '\xe4\xb8\xad', 'test004'), (5L, 5.0, "a'string'", 'test005'), (6L, 6.0, 'a""string""', 'test006'), (7L, 7.0, 'a\x08string', 'test007'), (8L, 8.0, 'a\nstring', 'test008'), (9L, 9.0, 'a\rstring', 'test009'), (10L, 10.0, 'a\tstring', 'test010'), (11L, 11.0, 'azstring', 'test011'), (12L, 12.0, 'a\\string', 'test012'), (13L, 13.0, 'a\\%string', 'test013'), (14L, 14.0, 'a\\_string', 'test014'), (15L, 15.0, 'MySQL', 'test015'), (16L, 16.0, 'binary', 'test016'), (17L, 1.23457e+22, '17', '17'), (18L, 18.0, 'A', 'test018'), (19L, 19.0, '', 'test019'), (20L, 20.0, 'test', 'test20'), (20L, 20.0, 'test_new', 'test20'), (21L, 21.0, 'test', 'test21'), (65L, 16.0, 'binary', 'test016')]]
===file:sqls_util/syntax/prepare.sql, id:145, sql:[drop prepare pre_test]===
dble:[[]]
===file:sqls_util/syntax/prepare.sql, id:149, sql:[prepare pre_test from 'set @a=?']===
dble:[[]]
===file:sqls_util/syntax/prepare.sql, id:150, sql:[set @b=1]===
dble:[[]]
===file:sqls_util/syntax/prepare.sql, id:151, sql:[execute pre_test using @b]===
dble:[[]]
===file:sqls_util/syntax/prepare.sql, id:152, sql:[select @a]===
dble:[[(1L,)]]
===file:sqls_util/syntax/prepare.sql, id:153, sql:[drop prepare pre_test]===
dble:[[]]
===file:sqls_util/syntax/prepare.sql, id:157, sql:[prepare pre_test from 'show create table test1']===
dble:[[]]
===file:sqls_util/syntax/prepare.sql, id:158, sql:[execute pre_test]===
dble:[[('test1', 'CREATE TABLE `test1` (\n  `id` int(11) DEFAULT NULL,\n  `R_REGIONKEY` float DEFAULT NULL,\n  `R_NAME` varchar(50) DEFAULT NULL,\n  `R_COMMENT` varchar(50) DEFAULT NULL\n) ENGINE=InnoDB DEFAULT CHARSET=latin1')]]
===file:sqls_util/syntax/prepare.sql, id:159, sql:[drop prepare pre_test]===
dble:[[]]
===file:sqls_util/syntax/prepare.sql, id:169, sql:[select * from test1]===
dble:[[(1L, 1.0, 'a string', 'test001'), (2L, 2.0, 'a\nstring', 'test002'), (3L, 3.0, 'another string', 'test003'), (4L, 4.0, '\xe4\xb8\xad', 'test004'), (5L, 5.0, "a'string'", 'test005'), (6L, 6.0, 'a""string""', 'test006'), (7L, 7.0, 'a\x08string', 'test007'), (8L, 8.0, 'a\nstring', 'test008'), (9L, 9.0, 'a\rstring', 'test009'), (10L, 10.0, 'a\tstring', 'test010'), (11L, 11.0, 'azstring', 'test011'), (12L, 12.0, 'a\\string', 'test012'), (13L, 13.0, 'a\\%string', 'test013'), (14L, 14.0, 'a\\_string', 'test014'), (15L, 15.0, 'MySQL', 'test015'), (16L, 16.0, 'binary', 'test016'), (17L, 1.23457e+22, '17', '17'), (18L, 18.0, 'A', 'test018'), (19L, 19.0, '', 'test019'), (20L, 20.0, 'test', 'test20'), (20L, 20.0, 'test_new', 'test20'), (21L, 21.0, 'test', 'test21'), (65L, 16.0, 'binary', 'test016')]]
===file:sqls_util/syntax/prepare.sql, id:170, sql:[prepare pre_test from 'truncate table test1']===
dble:[[]]
===file:sqls_util/syntax/prepare.sql, id:171, sql:[execute pre_test]===
dble:[[]]
===file:sqls_util/syntax/prepare.sql, id:172, sql:[insert into test1 (id,R_REGIONKEY,R_NAME,R_COMMENT) values (1,1, 'a string','test001'),(3,3, 'another string','test003'),(2,2, 'a\nstring','test002'),(4,4, '中','test004'),(5,5, 'a\'string\'','test005'),(6,6, 'a\""string\""','test006'),(7,7, 'a\bstring','test007'),(8,8, 'a\nstring','test008'),(9,9, 'a\rstring','test009'),(10,10, 'a\tstring','test010'),(11,11, 'a\zstring','test011'),(12,12, 'a\\string','test012'),(13,13, 'a\%string','test013'),(14,14, 'a\_string','test014'),(15,15, 'MySQL','test015'),(16,16, 'binary','test016'),(65,16, 'binary','test016'),(17,12345678901234567890123.4567890,17,17),(18,18, 'A','test018'),(19,19, '','test019')]===
dble:[[]]
===file:sqls_util/syntax/prepare.sql, id:173, sql:[drop prepare pre_test]===
dble:[[]]
===file:sqls_util/syntax/prepare.sql, id:177, sql:[prepare pre_test from 'update test1 set R_NAME=? where id=?']===
dble:[[]]
===file:sqls_util/syntax/prepare.sql, id:178, sql:[set @a='test',@b=1]===
dble:[[]]
===file:sqls_util/syntax/prepare.sql, id:179, sql:[execute pre_test using @a,@b]===
dble:[[]]
===file:sqls_util/syntax/prepare.sql, id:180, sql:[select * from test1]===
dble:[[(1L, 1.0, 'test', 'test001'), (2L, 2.0, 'a\nstring', 'test002'), (3L, 3.0, 'another string', 'test003'), (4L, 4.0, '\xe4\xb8\xad', 'test004'), (5L, 5.0, "a'string'", 'test005'), (6L, 6.0, 'a""string""', 'test006'), (7L, 7.0, 'a\x08string', 'test007'), (8L, 8.0, 'a\nstring', 'test008'), (9L, 9.0, 'a\rstring', 'test009'), (10L, 10.0, 'a\tstring', 'test010'), (11L, 11.0, 'azstring', 'test011'), (12L, 12.0, 'a\\string', 'test012'), (13L, 13.0, 'a\\%string', 'test013'), (14L, 14.0, 'a\\_string', 'test014'), (15L, 15.0, 'MySQL', 'test015'), (16L, 16.0, 'binary', 'test016'), (17L, 1.23457e+22, '17', '17'), (18L, 18.0, 'A', 'test018'), (19L, 19.0, '', 'test019'), (65L, 16.0, 'binary', 'test016')]]
===file:sqls_util/syntax/prepare.sql, id:181, sql:[drop prepare pre_test]===
dble:[[]]
===file:sqls_util/syntax/prepare.sql, id:185, sql:[prepare pre_test from 'select * from test1 where id=?']===
dble:[[]]
===file:sqls_util/syntax/prepare.sql, id:186, sql:[prepare pre_set from 'set @a=?']===
dble:[[]]
===file:sqls_util/syntax/prepare.sql, id:187, sql:[set @b=1]===
dble:[[]]
===file:sqls_util/syntax/prepare.sql, id:188, sql:[execute pre_set using @b]===
dble:[[]]
===file:sqls_util/syntax/prepare.sql, id:189, sql:[execute pre_test using @b]===
dble:[[(1L, 1.0, 'test', 'test001')]]
===file:sqls_util/syntax/prepare.sql, id:190, sql:[drop prepare pre_test]===
dble:[[]]
===file:sqls_util/syntax/prepare.sql, id:194, sql:[prepare pre_test from 'select * from test1 where id=1']===
dble:[[]]
===file:sqls_util/syntax/prepare.sql, id:195, sql:[prepare pre_test from 'select * from test1 where id=2']===
dble:[[]]
===file:sqls_util/syntax/prepare.sql, id:196, sql:[execute pre_test]===
dble:[[(2L, 2.0, 'a\nstring', 'test002')]]
===file:sqls_util/syntax/prepare.sql, id:197, sql:[drop prepare pre_test]===
dble:[[]]
===file:sqls_util/syntax/prepare.sql, id:201, sql:[prepare pre_test from 'select * from test1 w']===
dble:[[]]
===file:sqls_util/syntax/prepare.sql, id:202, sql:[execute pre_test]===
dble:[[(1L, 1.0, 'test', 'test001'), (2L, 2.0, 'a\nstring', 'test002'), (3L, 3.0, 'another string', 'test003'), (4L, 4.0, '\xe4\xb8\xad', 'test004'), (5L, 5.0, "a'string'", 'test005'), (6L, 6.0, 'a""string""', 'test006'), (7L, 7.0, 'a\x08string', 'test007'), (8L, 8.0, 'a\nstring', 'test008'), (9L, 9.0, 'a\rstring', 'test009'), (10L, 10.0, 'a\tstring', 'test010'), (11L, 11.0, 'azstring', 'test011'), (12L, 12.0, 'a\\string', 'test012'), (13L, 13.0, 'a\\%string', 'test013'), (14L, 14.0, 'a\\_string', 'test014'), (15L, 15.0, 'MySQL', 'test015'), (16L, 16.0, 'binary', 'test016'), (17L, 1.23457e+22, '17', '17'), (18L, 18.0, 'A', 'test018'), (19L, 19.0, '', 'test019'), (65L, 16.0, 'binary', 'test016')]]
===file:sqls_util/syntax/prepare.sql, id:204, sql:[execute pre_test]===
dble:[[(1L, 1.0, 'test', 'test001'), (2L, 2.0, 'a\nstring', 'test002'), (3L, 3.0, 'another string', 'test003'), (4L, 4.0, '\xe4\xb8\xad', 'test004'), (5L, 5.0, "a'string'", 'test005'), (6L, 6.0, 'a""string""', 'test006'), (7L, 7.0, 'a\x08string', 'test007'), (8L, 8.0, 'a\nstring', 'test008'), (9L, 9.0, 'a\rstring', 'test009'), (10L, 10.0, 'a\tstring', 'test010'), (11L, 11.0, 'azstring', 'test011'), (12L, 12.0, 'a\\string', 'test012'), (13L, 13.0, 'a\\%string', 'test013'), (14L, 14.0, 'a\\_string', 'test014'), (15L, 15.0, 'MySQL', 'test015'), (16L, 16.0, 'binary', 'test016'), (17L, 1.23457e+22, '17', '17'), (18L, 18.0, 'A', 'test018'), (19L, 19.0, '', 'test019'), (65L, 16.0, 'binary', 'test016')]]
===file:sqls_util/syntax/prepare.sql, id:209, sql:[drop table if exists test1]===
dble:[[]]
