===file:syntax/show.sql, id:15, sql:[show table status like 'aly_o%']===
dble:[(('shop', 'InnoDB', '10', 'Compact', '0', '0', '16384', '0', '0', '0', '', None, None, None, 'utf8_general_ci', '', '', ''), ('global_table2', 'InnoDB', '10', 'Compact', '0', '0', '16384', '0', '0', '0', '', None, None, None, 'utf8_general_ci', '', '', ''), ('global_table3', 'InnoDB', '10', 'Compact', '0', '0', '16384', '0', '0', '0', '', None, None, None, 'utf8_general_ci', '', '', ''), ('a_test', 'InnoDB', '10', 'Compact', '0', '0', '16384', '0', '0', '0', '', None, None, None, 'utf8_general_ci', '', '', ''), ('sbtest2', 'InnoDB', '10', 'Compact', '0', '0', '16384', '0', '0', '0', '', None, None, None, 'utf8_general_ci', '', '', ''), ('test_global', 'InnoDB', '10', 'Compact', '0', '0', '16384', '0', '0', '0', '', None, None, None, 'utf8_general_ci', '', '', ''), ('a_manager', 'InnoDB', '10', 'Compact', '0', '0', '16384', '0', '0', '0', '', None, None, None, 'utf8_general_ci', '', '', ''), ('readonly_table', 'InnoDB', '10', 'Compact', '0', '0', '16384', '0', '0', '0', '', None, None, None, 'utf8_general_ci', '', '', ''), ('a_test_no_shard', 'InnoDB', '10', 'Compact', '0', '0', '16384', '0', '0', '0', '', None, None, None, 'utf8_general_ci', '', '', ''), ('aly_order', 'InnoDB', '10', 'Compact', '0', '0', '16384', '0', '0', '0', '', None, None, None, 'utf8_general_ci', '', '', ''), ('a_manager_no_shard', 'InnoDB', '10', 'Compact', '0', '0', '16384', '0', '0', '0', '', None, None, None, 'utf8_general_ci', '', '', ''), ('table_guest_comments', 'InnoDB', '10', 'Compact', '0', '0', '16384', '0', '0', '0', '', None, None, None, 'utf8_general_ci', '', '', ''), ('a_order', 'InnoDB', '10', 'Compact', '0', '0', '16384', '0', '0', '0', '', None, None, None, 'utf8_general_ci', '', '', ''), ('aly_test', 'InnoDB', '10', 'Compact', '0', '0', '16384', '0', '0', '0', '', None, None, None, 'utf8_general_ci', '', '', ''), ('mytest_auto_test1', 'InnoDB', '10', 'Compact', '0', '0', '16384', '0', '0', '0', '', None, None, None, 'utf8_general_ci', '', '', ''), ('test', 'InnoDB', '10', 'Compact', '0', '0', '16384', '0', '0', '0', '', None, None, None, 'utf8_general_ci', '', '', ''), ('enum_patch_integer', 'InnoDB', '10', 'Compact', '0', '0', '16384', '0', '0', '0', '', None, None, None, 'utf8_general_ci', '', '', ''), ('a_order_no_shard', 'InnoDB', '10', 'Compact', '0', '0', '16384', '0', '0', '0', '', None, None, None, 'utf8_general_ci', '', '', ''), ('a_three', 'InnoDB', '10', 'Compact', '0', '0', '16384', '0', '0', '0', '', None, None, None, 'utf8_general_ci', '', '', ''), ('a_two', 'InnoDB', '10', 'Compact', '0', '0', '16384', '0', '0', '0', '', None, None, None, 'utf8_general_ci', '', '', ''), ('ta', 'InnoDB', '10', 'Compact', '0', '0', '16384', '0', '0', '0', '', None, None, None, 'utf8_general_ci', '', '', ''), ('tb', 'InnoDB', '10', 'Compact', '0', '0', '16384', '0', '0', '0', '', None, None, None, 'utf8_general_ci', '', '', ''), ('tc', 'InnoDB', '10', 'Compact', '0', '0', '16384', '0', '0', '0', '', None, None, None, 'utf8_general_ci', '', '', ''), ('mytest_global1', 'InnoDB', '10', 'Compact', '0', '0', '16384', '0', '0', '0', '', None, None, None, 'utf8_general_ci', '', '', ''), ('mytest_test1', 'InnoDB', '10', 'Compact', '0', '0', '16384', '0', '0', '0', '', None, None, None, 'utf8_general_ci', '', '', ''), ('table_member_comments', 'InnoDB', '10', 'Compact', '0', '0', '16384', '0', '0', '0', '', None, None, None, 'utf8_general_ci', '', '', ''), ('test_no_shard', 'InnoDB', '10', 'Compact', '0', '0', '16384', '0', '0', '0', '', None, None, None, 'utf8_general_ci', '', '', ''), ('global_table1', 'InnoDB', '10', 'Compact', '0', '0', '16384', '0', '0', '0', '', None, None, None, 'utf8_general_ci', '', '', ''), ('t1', 'InnoDB', '10', 'Compact', '0', '0', '16384', '0', '0', '0', '', None, None, None, 'utf8_general_ci', '', '', ''), ('t2', 'InnoDB', '10', 'Compact', '0', '0', '16384', '0', '0', '0', '', None, None, None, 'utf8_general_ci', '', '', ''), ('t3', 'InnoDB', '10', 'Compact', '0', '0', '16384', '0', '0', '0', '', None, None, None, 'utf8_general_ci', '', '', ''))]
mysql:[(('aly_order', 'InnoDB', 10L, 'Dynamic', 8L, 2048L, 16384L, 0L, 0L, 0L, None, datetime.datetime(2018, 4, 7, 13, 36, 39), datetime.datetime(2018, 4, 7, 13, 36, 39), None, 'latin1_swedish_ci', None, '', ''),)]
===file:syntax/show.sql, id:18, sql:[show tables from mytest /*allow_diff*/]===
dble:[None]
mysql:[(('a_manager',), ('a_manager_no_shard',), ('a_order',), ('a_order_no_shard',), ('a_test',), ('a_test_no_shard',), ('a_three',), ('a_two',), ('aly_order',), ('aly_test',), ('enum_patch_integer',), ('global_table1',), ('global_table2',), ('global_table3',), ('mytest_auto_test1',), ('mytest_global1',), ('mytest_test1',), ('sbtest2',), ('shop',), ('t1',), ('t2',), ('t3',), ('ta',), ('table_guest_comments',), ('table_member_comments',), ('tb',), ('tc',), ('test',), ('test_global',), ('test_no_shard',))]
[13:36:40.171440]dble err :(1049, "Unknown database 'mytest'")
===file:syntax/show.sql, id:19, sql:[show tables in mytest /*allow_diff*/]===
dble:[None]
mysql:[(('a_manager',), ('a_manager_no_shard',), ('a_order',), ('a_order_no_shard',), ('a_test',), ('a_test_no_shard',), ('a_three',), ('a_two',), ('aly_order',), ('aly_test',), ('enum_patch_integer',), ('global_table1',), ('global_table2',), ('global_table3',), ('mytest_auto_test1',), ('mytest_global1',), ('mytest_test1',), ('sbtest2',), ('shop',), ('t1',), ('t2',), ('t3',), ('ta',), ('table_guest_comments',), ('table_member_comments',), ('tb',), ('tc',), ('test',), ('test_global',), ('test_no_shard',))]
[13:36:40.252879]dble err :(1049, "Unknown database 'mytest'")
===file:syntax/show.sql, id:20, sql:[show full tables from mytest /*allow_diff*/]===
dble:[None]
mysql:[(('a_manager', 'BASE TABLE'), ('a_manager_no_shard', 'BASE TABLE'), ('a_order', 'BASE TABLE'), ('a_order_no_shard', 'BASE TABLE'), ('a_test', 'BASE TABLE'), ('a_test_no_shard', 'BASE TABLE'), ('a_three', 'BASE TABLE'), ('a_two', 'BASE TABLE'), ('aly_order', 'BASE TABLE'), ('aly_test', 'BASE TABLE'), ('enum_patch_integer', 'BASE TABLE'), ('global_table1', 'BASE TABLE'), ('global_table2', 'BASE TABLE'), ('global_table3', 'BASE TABLE'), ('mytest_auto_test1', 'BASE TABLE'), ('mytest_global1', 'BASE TABLE'), ('mytest_test1', 'BASE TABLE'), ('sbtest2', 'BASE TABLE'), ('shop', 'BASE TABLE'), ('t1', 'BASE TABLE'), ('t2', 'BASE TABLE'), ('t3', 'BASE TABLE'), ('ta', 'BASE TABLE'), ('table_guest_comments', 'BASE TABLE'), ('table_member_comments', 'BASE TABLE'), ('tb', 'BASE TABLE'), ('tc', 'BASE TABLE'), ('test', 'BASE TABLE'), ('test_global', 'BASE TABLE'), ('test_no_shard', 'BASE TABLE'))]
[13:36:40.333925]dble err :(1049, "Unknown database 'mytest'")
===file:syntax/show.sql, id:21, sql:[show full tables in mytest /*allow_diff*/]===
dble:[None]
mysql:[(('a_manager', 'BASE TABLE'), ('a_manager_no_shard', 'BASE TABLE'), ('a_order', 'BASE TABLE'), ('a_order_no_shard', 'BASE TABLE'), ('a_test', 'BASE TABLE'), ('a_test_no_shard', 'BASE TABLE'), ('a_three', 'BASE TABLE'), ('a_two', 'BASE TABLE'), ('aly_order', 'BASE TABLE'), ('aly_test', 'BASE TABLE'), ('enum_patch_integer', 'BASE TABLE'), ('global_table1', 'BASE TABLE'), ('global_table2', 'BASE TABLE'), ('global_table3', 'BASE TABLE'), ('mytest_auto_test1', 'BASE TABLE'), ('mytest_global1', 'BASE TABLE'), ('mytest_test1', 'BASE TABLE'), ('sbtest2', 'BASE TABLE'), ('shop', 'BASE TABLE'), ('t1', 'BASE TABLE'), ('t2', 'BASE TABLE'), ('t3', 'BASE TABLE'), ('ta', 'BASE TABLE'), ('table_guest_comments', 'BASE TABLE'), ('table_member_comments', 'BASE TABLE'), ('tb', 'BASE TABLE'), ('tc', 'BASE TABLE'), ('test', 'BASE TABLE'), ('test_global', 'BASE TABLE'), ('test_no_shard', 'BASE TABLE'))]
[13:36:40.414676]dble err :(1049, "Unknown database 'mytest'")
===file:syntax/show.sql, id:23, sql:[show full tables from mytest like 'test%' /*allow_diff*/]===
dble:[None]
mysql:[(('test', 'BASE TABLE'), ('test_global', 'BASE TABLE'), ('test_no_shard', 'BASE TABLE'))]
[13:36:40.549395]dble err :(1049, "Unknown database 'mytest'")
===file:syntax/show.sql, id:24, sql:[show full tables in mytest where table_type like 'base%' /*allow_diff*/]===
dble:[None]
mysql:[(('a_manager', 'BASE TABLE'), ('a_manager_no_shard', 'BASE TABLE'), ('a_order', 'BASE TABLE'), ('a_order_no_shard', 'BASE TABLE'), ('a_test', 'BASE TABLE'), ('a_test_no_shard', 'BASE TABLE'), ('a_three', 'BASE TABLE'), ('a_two', 'BASE TABLE'), ('aly_order', 'BASE TABLE'), ('aly_test', 'BASE TABLE'), ('enum_patch_integer', 'BASE TABLE'), ('global_table1', 'BASE TABLE'), ('global_table2', 'BASE TABLE'), ('global_table3', 'BASE TABLE'), ('mytest_auto_test1', 'BASE TABLE'), ('mytest_global1', 'BASE TABLE'), ('mytest_test1', 'BASE TABLE'), ('sbtest2', 'BASE TABLE'), ('shop', 'BASE TABLE'), ('t1', 'BASE TABLE'), ('t2', 'BASE TABLE'), ('t3', 'BASE TABLE'), ('ta', 'BASE TABLE'), ('table_guest_comments', 'BASE TABLE'), ('table_member_comments', 'BASE TABLE'), ('tb', 'BASE TABLE'), ('tc', 'BASE TABLE'), ('test', 'BASE TABLE'), ('test_global', 'BASE TABLE'), ('test_no_shard', 'BASE TABLE'))]
[13:36:40.599309]dble err :(1064, "java.sql.SQLSyntaxErrorException: syntax error, error in :'bles in mytest where table_type lik',expect IN, actual IN in")
===file:syntax/show.sql, id:39, sql:[create database  if not exists mytest]===
dble:[None]
mysql:[()]
[13:36:41.773076]dble err :(1064, 'THE DDL is not supported :CREATE DATABASE IF NOT EXISTS mytest')
===file:syntax/show.sql, id:40, sql:[show create database mytest]===
dble:[None]
mysql:[(('mytest', 'CREATE DATABASE `mytest` /*!40100 DEFAULT CHARACTER SET latin1 */'),)]
[13:36:41.852098]dble err :(1049, "Unknown database 'mytest'")
===file:syntax/show.sql, id:41, sql:[show create schema mytest]===
dble:[None]
mysql:[(('mytest', 'CREATE DATABASE `mytest` /*!40100 DEFAULT CHARACTER SET latin1 */'),)]
[13:36:41.934672]dble err :(1049, "Unknown database 'mytest'")
===file:syntax/show.sql, id:42, sql:[show create schema if not exists mytest]===
dble:[None]
mysql:[(('mytest', 'CREATE DATABASE /*!32312 IF NOT EXISTS*/ `mytest` /*!40100 DEFAULT CHARACTER SET latin1 */'),)]
[13:36:42.014891]dble err :(1049, "Unknown database 'mytest'")
===file:syntax/show.sql, id:43, sql:[show create database if not exists mytest]===
dble:[None]
mysql:[(('mytest', 'CREATE DATABASE /*!32312 IF NOT EXISTS*/ `mytest` /*!40100 DEFAULT CHARACTER SET latin1 */'),)]
[13:36:42.096091]dble err :(1049, "Unknown database 'mytest'")
===file:syntax/show.sql, id:47, sql:[show schemas like 'mytest']===
dble:[()]
mysql:[(('mytest',),)]
