===file:syntax/sysfunction2.sql, id:35, sql:[SET @xml = '<a><b>X</b><b>Y</b></a>']===
===file:syntax/sysfunction2.sql, id:36, sql:[SET @i =1, @j = 2]===
===file:syntax/sysfunction2.sql, id:37, sql:[SELECT @i, ExtractValue(@xml, '//b[$@i]')]===
===file:syntax/sysfunction2.sql, id:38, sql:[SELECT @j, ExtractValue(@xml, '//b[$@j]')]===
===file:syntax/sysfunction2.sql, id:39, sql:[SELECT @k, ExtractValue(@xml, '//b[$@k]')]===
===file:syntax/sysfunction2.sql, id:40, sql:[SELECT ExtractValue('<a><b/></a>', 'count(/a/b)')]===
===file:syntax/sysfunction2.sql, id:41, sql:[SELECT UpdateXML('<a><b>ccc</b><d></d></a>', '/a', '<e>fff</e>') AS val1, UpdateXML('<a><b>ccc</b><d></d></a>', '/b', '<e>fff</e>') AS val2,UpdateXML('<a><b>ccc</b><d></d></a>', '//b', '<e>fff</e>') AS val3, UpdateXML('<a><b>ccc</b><d></d></a>', '/a/d', '<e>fff</e>') AS val4,UpdateXML('<a><d></d><b>ccc</b><d></d></a>', '/a/d', '<e>fff</e>') AS val5]===
===file:syntax/sysfunction2.sql, id:42, sql:[SELECT ExtractValue('<a><b c="1"><d>X</d></b><b c="2"><d>X</d></b></a>','a/b/d[../@c="1"]') AS result]===
===file:syntax/sysfunction2.sql, id:43, sql:[SELECT @id = ExtractValue(LOAD_FILE('users.xml'),'//user[login/text()="" or 1=1 and password/text()="" or 1=1]/attribute::id' )]===
===file:syntax/sysfunction2.sql, id:46, sql:[SELECT BIT_COUNT(29), BIT_COUNT(b'101010')]===
===file:syntax/sysfunction2.sql, id:47, sql:[SELECT 29 & 15]===
===file:syntax/sysfunction2.sql, id:48, sql:[SELECT 5 & ~1]===
===file:syntax/sysfunction2.sql, id:49, sql:[SELECT 29 | 15]===
===file:syntax/sysfunction2.sql, id:50, sql:[SELECT 1 ^ 0]===
===file:syntax/sysfunction2.sql, id:51, sql:[SELECT 1 << 2]===
===file:syntax/sysfunction2.sql, id:52, sql:[SELECT 4 >> 2]===
===file:syntax/sysfunction2.sql, id:58, sql:[SELECT AES_DECRYPT('text',UNHEX('F3229A0B371ED2D9441B830D21A390C3'))]===
===file:syntax/sysfunction2.sql, id:59, sql:[SELECT LENGTH(COMPRESS(REPEAT('a',1000)))]===
===file:syntax/sysfunction2.sql, id:60, sql:[select decode(ENCODE('cleartext', CONCAT('my_random_salt','my_secret_password')), 'abc')]===
===file:syntax/sysfunction2.sql, id:61, sql:[SELECT ENCRYPT('hello')]===
===file:syntax/sysfunction2.sql, id:62, sql:[SELECT ENCRYPT('hello','abc')]===
===file:syntax/sysfunction2.sql, id:63, sql:[SELECT MD5('testing')]===
===file:syntax/sysfunction2.sql, id:64, sql:[SELECT PASSWORD('mypass')]===
===file:syntax/sysfunction2.sql, id:66, sql:[SELECT SHA('abc')]===
===file:syntax/sysfunction2.sql, id:67, sql:[SELECT SHA1('abc')]===
===file:syntax/sysfunction2.sql, id:68, sql:[SELECT SHA2('abc', 224)]===
===file:syntax/sysfunction2.sql, id:69, sql:[SELECT UNCOMPRESS(COMPRESS('any string'))]===
===file:syntax/sysfunction2.sql, id:70, sql:[SELECT UNCOMPRESSED_LENGTH(COMPRESS(REPEAT('a',30)))]===
===file:syntax/sysfunction2.sql, id:73, sql:[SELECT CHARSET('abc')]===
===file:syntax/sysfunction2.sql, id:75, sql:[SELECT COLLATION('abc')]===
===file:syntax/sysfunction2.sql, id:76, sql:[SELECT CONNECTION_ID()]===
===file:syntax/sysfunction2.sql, id:77, sql:[SELECT CURRENT_USER()]===
===file:syntax/sysfunction2.sql, id:78, sql:[SELECT CURRENT_USER]===
===file:syntax/sysfunction2.sql, id:79, sql:[SELECT DATABASE()]===
===file:syntax/sysfunction2.sql, id:80, sql:[select schema()]===
===file:syntax/sysfunction2.sql, id:81, sql:[SELECT SESSION_USER()]===
===file:syntax/sysfunction2.sql, id:82, sql:[SELECT USER()]===
===file:syntax/sysfunction2.sql, id:83, sql:[SELECT LAST_INSERT_ID()]===
===file:syntax/sysfunction2.sql, id:84, sql:[SELECT ROW_COUNT()]===
===file:syntax/sysfunction2.sql, id:85, sql:[SELECT VERSION()]===
===file:syntax/sysfunction2.sql, id:236, sql:[SELECT JSON_ARRAY_APPEND('["a", ["b", "c"], "d"]', '$[1]', 1)]===
===file:syntax/sysfunction2.sql, id:237, sql:[SELECT JSON_ARRAY(1, "abc", NULL, TRUE, CURTIME())]===
===file:syntax/sysfunction2.sql, id:238, sql:[SELECT JSON_ARRAY_INSERT('["a", ["b", "c"], "d"]', '$[100]', 'x')]===
===file:syntax/sysfunction2.sql, id:239, sql:[SELECT JSON_INSERT('{ "a": 1, "b": [2, 3]}', '$.a', 10, '$.c', '[true, false]')]===
===file:syntax/sysfunction2.sql, id:240, sql:[SELECT JSON_MERGE('[1 ,2]', '[true ,false]')]===
===file:syntax/sysfunction2.sql, id:241, sql:[SELECT JSON_MERGE('{"name": "x"}', '{"id": 47}')]===
===file:syntax/sysfunction2.sql, id:242, sql:[SELECT JSON_MERGE('1' ,'true')]===
===file:syntax/sysfunction2.sql, id:243, sql:[SELECT JSON_REMOVE('["a", ["b", "c"], "d"]', '$[1]')]===
===file:syntax/sysfunction2.sql, id:244, sql:[SELECT JSON_REPLACE('{ "a": 1, "b": [2, 3]}', '$.a', 10, '$.c', '[true, false]')]===
===file:syntax/sysfunction2.sql, id:245, sql:[SELECT JSON_SET('{ "a": 1, "b": [2, 3]}', '$.a', 10, '$.c', '[true, false]')]===
===file:syntax/sysfunction2.sql, id:246, sql:[SELECT JSON_UNQUOTE('"abc"')]===
===file:syntax/sysfunction2.sql, id:247, sql:[SELECT JSON_UNQUOTE('"\\t\\u0032"')]===
===file:syntax/sysfunction2.sql, id:248, sql:[SELECT JSON_DEPTH('{}'), JSON_DEPTH('[]'), JSON_DEPTH('true')]===
===file:syntax/sysfunction2.sql, id:249, sql:[SELECT JSON_DEPTH('[10, 20]'), JSON_DEPTH('[[] ,{}]')]===
===file:syntax/sysfunction2.sql, id:250, sql:[SELECT JSON_DEPTH('[10, {"a": 20}]')]===
===file:syntax/sysfunction2.sql, id:251, sql:[SELECT JSON_EXTRACT('[10 ,20, [30, 40]]', '$[1]')]===
===file:syntax/sysfunction2.sql, id:253, sql:[SELECT JSON_VALID('hello'), JSON_VALID('"hello"')]===
===file:syntax/sysfunction2.sql, id:254, sql:[SELECT JSON_EXTRACT('[10, 20, [30, 40]]', '$[1]', '$[0]')]===
===file:syntax/sysfunction2.sql, id:255, sql:[SELECT JSON_EXTRACT('[10, 20, [30, 40]]', '$[2][*]')]===
===file:syntax/sysfunction2.sql, id:256, sql:[SELECT JSON_OBJECT('id', 87, 'name', 'carrot')]===
===file:syntax/sysfunction2.sql, id:257, sql:[SELECT JSON_QUOTE('null'), JSON_QUOTE('"null"')]===
===file:syntax/sysfunction2.sql, id:258, sql:[SELECT JSON_QUOTE('[1, 2, 3]')]===
===file:syntax/sysfunction2.sql, id:259, sql:[drop table if exists global_table1]===
===file:syntax/sysfunction2.sql, id:260, sql:[CREATE TABLE `global_table1` ( `c` json DEFAULT NULL, `g` int(11) DEFAULT NULL) ENGINE=InnoDB DEFAULT CHARSET=latin1]===
===file:syntax/sysfunction2.sql, id:261, sql:[insert into global_table1 values ('{"id": "3", "name": "Barney"}' ,3),('{"id": "4", "name": "Betty"}' ,3), ('{"id": "2", "name": "Wilma"}',2)]===
===file:syntax/sysfunction2.sql, id:264, sql:[ALTER TABLE global_table1 ADD COLUMN n INT;]===
===file:syntax/sysfunction2.sql, id:265, sql:[UPDATE global_table1 SET n=1 WHERE c->"$.id" = "4"]===
===file:syntax/sysfunction2.sql, id:267, sql:[DELETE FROM global_table1 WHERE c->"$.id" = "4"]===
===file:syntax/sysfunction2.sql, id:269, sql:[drop table if exists global_table1]===
===file:syntax/sysfunction2.sql, id:270, sql:[CREATE TABLE global_table1 (a JSON, b INT)]===
===file:syntax/sysfunction2.sql, id:271, sql:[INSERT INTO global_table1 VALUES ("[3,10,5,17,44]", 33), ("[3,10,5,17,[22,44,66]]", 0)]===
===file:syntax/sysfunction2.sql, id:273, sql:[SELECT * FROM global_table1 WHERE a->"$[0]" = 3]===
===file:syntax/sysfunction2.sql, id:274, sql:[SELECT * FROM global_table1 WHERE a->"$[4][1]" IS NOT NULL]===
===file:syntax/sysfunction2.sql, id:276, sql:[SELECT JSON_EXTRACT(a, "$[4][1]") FROM global_table1]===
===file:syntax/sysfunction2.sql, id:277, sql:[drop table if exists global_table1]===
===file:syntax/sysfunction2.sql, id:278, sql:[SELECT JSON_KEYS('{"a": 1, "b": {"c": 30}}')]===
===file:syntax/sysfunction2.sql, id:279, sql:[SELECT JSON_KEYS('{"a": 1, "b": {"c": 30}}', '$.b')]===
===file:syntax/sysfunction2.sql, id:280, sql:[SELECT JSON_LENGTH('[1, 2, {"a": 3}]')]===
===file:syntax/sysfunction2.sql, id:281, sql:[SELECT JSON_LENGTH('{"a": 1, "b": {"c": 30}}')]===
===file:syntax/sysfunction2.sql, id:282, sql:[SELECT JSON_LENGTH('{"a": 1, "b": {"c": 30}}', '$.b')]===
===file:syntax/sysfunction2.sql, id:283, sql:[SELECT JSON_MERGE('[1, 2]', '[true, false]')]===
===file:syntax/sysfunction2.sql, id:284, sql:[SELECT JSON_MERGE('{"name": "x"}', '{"id": 47}')]===
===file:syntax/sysfunction2.sql, id:285, sql:[SELECT JSON_MERGE('1', 'true')]===
===file:syntax/sysfunction2.sql, id:286, sql:[SELECT JSON_OBJECT('id', 87, 'name', 'carrot')]===
===file:syntax/sysfunction2.sql, id:287, sql:[SELECT JSON_QUOTE('null'), JSON_QUOTE('"null"')]===
===file:syntax/sysfunction2.sql, id:288, sql:[SELECT JSON_VALID('hello'), JSON_VALID('"hello"')]===
