===file:syntax/truncate.sql, id:1, sql:[drop table if exists aly_order]===
===file:syntax/truncate.sql, id:2, sql:[drop table if exists aly_test]===
===file:syntax/truncate.sql, id:3, sql:[create table aly_order (id int(11),R_REGIONKEY int(11) primary key,R_NAME varchar(50),R_COMMENT varchar(50))]===
===file:syntax/truncate.sql, id:4, sql:[create table aly_test (id int(11),R_REGIONKEY int(11) primary key,R_NAME varchar(50),R_COMMENT varchar(50))]===
===file:syntax/truncate.sql, id:5, sql:[insert into aly_test (id,R_REGIONKEY,R_NAME,R_COMMENT) values (1,1, 'Eastern','test001'),(3,3, 'Northern','test003'),(2,2, 'Western','test002'),(4,4, 'Southern','test004')]===
===file:syntax/truncate.sql, id:6, sql:[insert into aly_order (id,R_REGIONKEY,R_NAME,R_COMMENT) values(0,1,'test','test')]===
===file:syntax/truncate.sql, id:7, sql:[select * from aly_order]===
===file:syntax/truncate.sql, id:8, sql:[truncate aly_order]===
===file:syntax/truncate.sql, id:9, sql:[insert into aly_order (id,R_REGIONKEY,R_NAME,R_COMMENT) values(1,100,'test',null)]===
===file:syntax/truncate.sql, id:10, sql:[select * from aly_order]===
===file:syntax/truncate.sql, id:11, sql:[truncate aly_order]===
===file:syntax/truncate.sql, id:12, sql:[insert into aly_order (id,R_REGIONKEY,R_NAME,R_COMMENT) values(1,2,'yang','xi''an')]===
===file:syntax/truncate.sql, id:13, sql:[select * from aly_order where R_COMMENT='xi''an']===
===file:syntax/truncate.sql, id:14, sql:[truncate aly_order]===
===file:syntax/truncate.sql, id:15, sql:[insert LOW_PRIORITY into aly_order(id,R_REGIONKEY,R_NAME,R_COMMENT) value(1,4,'test','test'),(2,5,'test','test')]===
===file:syntax/truncate.sql, id:16, sql:[select * from aly_order]===
===file:syntax/truncate.sql, id:17, sql:[truncate aly_order]===
===file:syntax/truncate.sql, id:18, sql:[insert HIGH_PRIORITY aly_order(id,R_REGIONKEY,R_NAME,R_COMMENT) values(1,8,'test','test'),(2,10,'test','test')]===
===file:syntax/truncate.sql, id:19, sql:[select * from aly_order]===
===file:syntax/truncate.sql, id:20, sql:[truncate aly_order]===
===file:syntax/truncate.sql, id:21, sql:[insert IGNORE aly_order(id,R_REGIONKEY,R_NAME,R_COMMENT) values(1,5,'test','test'),(2,6,'test','test')]===
===file:syntax/truncate.sql, id:22, sql:[select * from aly_order]===
===file:syntax/truncate.sql, id:23, sql:[insert IGNORE aly_order(id,R_REGIONKEY,R_NAME,R_COMMENT) values(1,7,'test','test'),(2,8,'test','test')]===
===file:syntax/truncate.sql, id:24, sql:[select * from aly_order]===
===file:syntax/truncate.sql, id:25, sql:[truncate aly_order]===
===file:syntax/truncate.sql, id:26, sql:[insert aly_order(id,R_REGIONKEY,R_NAME,R_COMMENT) values(6,12,'test','test'),(7,13,'test','test') ON DUPLICATE KEY UPDATE R_REGIONKEY=R_REGIONKEY*2,R_NAME='chen']===
===file:syntax/truncate.sql, id:27, sql:[select * from aly_order]===
===file:syntax/truncate.sql, id:28, sql:[truncate aly_order]===
===file:syntax/truncate.sql, id:29, sql:[insert IGNORE aly_order(id,R_REGIONKEY,R_NAME,R_COMMENT) values(13,26,'test','test'),(15,30,'test','test') ON DUPLICATE KEY UPDATE R_REGIONKEY=(select max(R_REGIONKEY) from aly_test)]===
===file:syntax/truncate.sql, id:30, sql:[select * from aly_order]===
===file:syntax/truncate.sql, id:31, sql:[truncate aly_order]===
===file:syntax/truncate.sql, id:32, sql:[insert IGNORE aly_order(id,R_REGIONKEY,R_NAME,R_COMMENT) values(1,(select min(R_REGIONKEY) from aly_test) ,'test','test'),(2,14,'test','test') ON DUPLICATE KEY UPDATE R_REGIONKEY=(select max(R_REGIONKEY) from aly_test)]===
===file:syntax/truncate.sql, id:33, sql:[select * from aly_order]===
===file:syntax/truncate.sql, id:34, sql:[truncate aly_order]===
===file:syntax/truncate.sql, id:35, sql:[insert aly_order(id,R_REGIONKEY,R_NAME,R_COMMENT) values(2,5,'test','test'),(3,6,'test','test') ON DUPLICATE KEY UPDATE R_REGIONKEY=R_REGIONKEY,R_NAME='chen']===
===file:syntax/truncate.sql, id:36, sql:[select * from aly_order]===
===file:syntax/truncate.sql, id:37, sql:[truncate aly_order]===
===file:syntax/truncate.sql, id:38, sql:[insert HIGH_PRIORITY aly_order(id,R_REGIONKEY,R_NAME,R_COMMENT) values(5,7,'test','test'),(6,22,'test','test')]===
===file:syntax/truncate.sql, id:39, sql:[select * from aly_order]===
===file:syntax/truncate.sql, id:40, sql:[truncate aly_order]===
===file:syntax/truncate.sql, id:41, sql:[insert into aly_order values (100,999,'test','test')]===
===file:syntax/truncate.sql, id:42, sql:[select * from aly_order]===
===file:syntax/truncate.sql, id:43, sql:[truncate aly_order]===
===file:syntax/truncate.sql, id:44, sql:[drop table if exists aly_order]===
===file:syntax/truncate.sql, id:45, sql:[drop table if exists aly_test]===
