===file:sqls_util/syntax/data_types_1.sql, id:6, sql:[INSERT INTO test1 VALUES (2,2)]===
mysql err:(1406, "Data too long for column 'data' at row 1")
dble err[02:18:31.028708] :(1406, "Data too long for column 'data' at row 1")
===file:sqls_util/syntax/data_types_1.sql, id:11, sql:[INSERT INTO test1 VALUES (1,01010)]===
mysql err:(1406, "Data too long for column 'data' at row 1")
dble err[02:18:31.332954] :(1406, "Data too long for column 'data' at row 1")
===file:sqls_util/syntax/data_types_1.sql, id:32, sql:[INSERT INTO test1 ( id,data) VALUES (1,-129)]===
mysql err:(1264, "Out of range value for column 'data' at row 1")
dble err[02:18:32.536684] :(1264, "Out of range value for column 'data' at row 1")
===file:sqls_util/syntax/data_types_1.sql, id:33, sql:[INSERT INTO test1 ( id,data) VALUES (2,128)]===
mysql err:(1264, "Out of range value for column 'data' at row 1")
dble err[02:18:32.620154] :(1264, "Out of range value for column 'data' at row 1")
===file:sqls_util/syntax/data_types_1.sql, id:34, sql:[INSERT INTO test1 ( id,data) VALUES (222,-129),(222,-128),(222,0),(222,127),(222,128)]===
mysql err:(1264, "Out of range value for column 'data' at row 1")
dble err[02:18:32.700801] :(1264, "Out of range value for column 'data' at row 1")
===file:sqls_util/syntax/data_types_1.sql, id:43, sql:[INSERT INTO test1 ( id,data) VALUES (1,-1)]===
mysql err:(1264, "Out of range value for column 'data' at row 1")
dble err[02:18:33.293796] :(1264, "Out of range value for column 'data' at row 1")
===file:sqls_util/syntax/data_types_1.sql, id:44, sql:[INSERT INTO test1 ( id,data) VALUES (2,256)]===
mysql err:(1264, "Out of range value for column 'data' at row 1")
dble err[02:18:33.374409] :(1264, "Out of range value for column 'data' at row 1")
===file:sqls_util/syntax/data_types_1.sql, id:45, sql:[INSERT INTO test1 ( id,data) VALUES (111,-1),(112,0),(113,256)]===
mysql err:(1264, "Out of range value for column 'data' at row 1")
dble err[02:18:33.455334] :(1264, "Out of range value for column 'data' at row 1")
===file:sqls_util/syntax/data_types_1.sql, id:54, sql:[INSERT INTO test1 ( id,data) VALUES (1,-1),(2,-10000)]===
mysql err:(1264, "Out of range value for column 'data' at row 1")
dble err[02:18:34.080200] :(1264, "Out of range value for column 'data' at row 1")
===file:sqls_util/syntax/data_types_1.sql, id:55, sql:[INSERT INTO test1 ( id,data) VALUES (111,0),(112,1),(113,255),(114,256),(1112,2555),(115,-1)]===
mysql err:(1264, "Out of range value for column 'data' at row 4")
dble err[02:18:34.161135] :(1264, "Out of range value for column 'data' at row 4")
===file:sqls_util/syntax/data_types_1.sql, id:64, sql:[INSERT INTO test1 ( id,data) VALUES (1,-1),(2,-10000)]===
mysql err:(1264, "Out of range value for column 'data' at row 1")
dble err[02:18:34.745274] :(1264, "Out of range value for column 'data' at row 1")
===file:sqls_util/syntax/data_types_1.sql, id:65, sql:[INSERT INTO test1 ( id,data) VALUES (111,0),(112,1),(113,255),(114,256),(1112,2555),(115,-1)]===
mysql err:(1264, "Out of range value for column 'data' at row 4")
dble err[02:18:34.826159] :(1264, "Out of range value for column 'data' at row 4")
===file:sqls_util/syntax/data_types_1.sql, id:76, sql:[INSERT INTO test1 ( id,data) VALUES (1,-32769)]===
mysql err:(1264, "Out of range value for column 'data' at row 1")
dble err[02:18:35.456743] :(1264, "Out of range value for column 'data' at row 1")
===file:sqls_util/syntax/data_types_1.sql, id:77, sql:[INSERT INTO test1 ( id,data) VALUES (2,32768)]===
mysql err:(1264, "Out of range value for column 'data' at row 1")
dble err[02:18:35.539819] :(1264, "Out of range value for column 'data' at row 1")
===file:sqls_util/syntax/data_types_1.sql, id:78, sql:[INSERT INTO test1 ( id,data) VALUES (222,-32769),(222,-32768),(222,0),(222,32767),(222,32768)]===
mysql err:(1264, "Out of range value for column 'data' at row 1")
dble err[02:18:35.618936] :(1264, "Out of range value for column 'data' at row 1")
===file:sqls_util/syntax/data_types_1.sql, id:87, sql:[INSERT INTO test1 ( id,data) VALUES (1,-1)]===
mysql err:(1264, "Out of range value for column 'data' at row 1")
dble err[02:18:36.238274] :(1264, "Out of range value for column 'data' at row 1")
===file:sqls_util/syntax/data_types_1.sql, id:88, sql:[INSERT INTO test1 ( id,data) VALUES (2,65536)]===
mysql err:(1264, "Out of range value for column 'data' at row 1")
dble err[02:18:36.318381] :(1264, "Out of range value for column 'data' at row 1")
===file:sqls_util/syntax/data_types_1.sql, id:89, sql:[INSERT INTO test1 ( id,data) VALUES (111,-1),(112,0),(113,65536)]===
mysql err:(1264, "Out of range value for column 'data' at row 1")
dble err[02:18:36.398264] :(1264, "Out of range value for column 'data' at row 1")
===file:sqls_util/syntax/data_types_1.sql, id:98, sql:[INSERT INTO test1 ( id,data) VALUES (1,-1),(2,-65536)]===
mysql err:(1264, "Out of range value for column 'data' at row 1")
dble err[02:18:36.990851] :(1264, "Out of range value for column 'data' at row 1")
===file:sqls_util/syntax/data_types_1.sql, id:99, sql:[INSERT INTO test1 ( id,data) VALUES (111,0),(112,1),(113,65535),(114,655355),(115,-1)]===
mysql err:(1264, "Out of range value for column 'data' at row 4")
dble err[02:18:37.073409] :(1264, "Out of range value for column 'data' at row 4")
===file:sqls_util/syntax/data_types_1.sql, id:108, sql:[INSERT INTO test1 ( id,data) VALUES (1,-1),(2,-65536)]===
mysql err:(1264, "Out of range value for column 'data' at row 1")
dble err[02:18:37.676493] :(1264, "Out of range value for column 'data' at row 1")
===file:sqls_util/syntax/data_types_1.sql, id:109, sql:[INSERT INTO test1 ( id,data) VALUES (111,0),(112,1),(113,65535),(114,655355),(115,-1)]===
mysql err:(1264, "Out of range value for column 'data' at row 4")
dble err[02:18:37.758989] :(1264, "Out of range value for column 'data' at row 4")
===file:sqls_util/syntax/data_types_1.sql, id:120, sql:[INSERT INTO test1 ( id,data) VALUES (1,-8388609)]===
mysql err:(1264, "Out of range value for column 'data' at row 1")
dble err[02:18:38.385848] :(1264, "Out of range value for column 'data' at row 1")
===file:sqls_util/syntax/data_types_1.sql, id:122, sql:[INSERT INTO test1 ( id,data) VALUES (222,-8388609),(222,-8388608),(222,0),(222,8388607),(222,8388608)]===
mysql err:(1264, "Out of range value for column 'data' at row 1")
dble err[02:18:38.547433] :(1264, "Out of range value for column 'data' at row 1")
===file:sqls_util/syntax/data_types_1.sql, id:131, sql:[INSERT INTO test1 ( id,data) VALUES (1,-1)]===
mysql err:(1264, "Out of range value for column 'data' at row 1")
dble err[02:18:39.170462] :(1264, "Out of range value for column 'data' at row 1")
===file:sqls_util/syntax/data_types_1.sql, id:132, sql:[INSERT INTO test1 ( id,data) VALUES (2,16777216)]===
mysql err:(1264, "Out of range value for column 'data' at row 1")
dble err[02:18:39.252363] :(1264, "Out of range value for column 'data' at row 1")
===file:sqls_util/syntax/data_types_1.sql, id:133, sql:[INSERT INTO test1 ( id,data) VALUES (111,-1),(112,0),(113,16777216)]===
mysql err:(1264, "Out of range value for column 'data' at row 1")
dble err[02:18:39.335381] :(1264, "Out of range value for column 'data' at row 1")
===file:sqls_util/syntax/data_types_1.sql, id:142, sql:[INSERT INTO test1 ( id,data) VALUES (1,-1),(2,16777216)]===
mysql err:(1264, "Out of range value for column 'data' at row 1")
dble err[02:18:39.938135] :(1264, "Out of range value for column 'data' at row 1")
===file:sqls_util/syntax/data_types_1.sql, id:143, sql:[INSERT INTO test1 ( id,data) VALUES (111,0),(112,1),(113,16777215),(114,16777216),(115,-1)]===
mysql err:(1264, "Out of range value for column 'data' at row 4")
dble err[02:18:40.019526] :(1264, "Out of range value for column 'data' at row 4")
===file:sqls_util/syntax/data_types_1.sql, id:152, sql:[INSERT INTO test1 ( id,data) VALUES (1,-1),(2,16777216)]===
mysql err:(1264, "Out of range value for column 'data' at row 1")
dble err[02:18:40.612278] :(1264, "Out of range value for column 'data' at row 1")
===file:sqls_util/syntax/data_types_1.sql, id:153, sql:[INSERT INTO test1 ( id,data) VALUES (111,0),(112,1),(113,16777215),(114,16777216),(115,-1)]===
mysql err:(1264, "Out of range value for column 'data' at row 4")
dble err[02:18:40.692327] :(1264, "Out of range value for column 'data' at row 4")
===file:sqls_util/syntax/data_types_1.sql, id:164, sql:[INSERT INTO test1 ( id,data) VALUES (1,-2147483649)]===
mysql err:(1264, "Out of range value for column 'data' at row 1")
dble err[02:18:41.316800] :(1264, "Out of range value for column 'data' at row 1")
===file:sqls_util/syntax/data_types_1.sql, id:165, sql:[INSERT INTO test1 ( id,data) VALUES (2,2147483648)]===
mysql err:(1264, "Out of range value for column 'data' at row 1")
dble err[02:18:41.399172] :(1264, "Out of range value for column 'data' at row 1")
===file:sqls_util/syntax/data_types_1.sql, id:166, sql:[INSERT INTO test1 ( id,data) VALUES (222,-2147483649),(222,-2147483648),(222,0),(222,2147483647),(222,2147483648)]===
mysql err:(1264, "Out of range value for column 'data' at row 1")
dble err[02:18:41.479609] :(1264, "Out of range value for column 'data' at row 1")
===file:sqls_util/syntax/data_types_1.sql, id:175, sql:[INSERT INTO test1 ( id,data) VALUES (1,-1)]===
mysql err:(1264, "Out of range value for column 'data' at row 1")
dble err[02:18:42.102380] :(1264, "Out of range value for column 'data' at row 1")
===file:sqls_util/syntax/data_types_1.sql, id:176, sql:[INSERT INTO test1 ( id,data) VALUES (2,4294967296)]===
mysql err:(1264, "Out of range value for column 'data' at row 1")
dble err[02:18:42.181470] :(1264, "Out of range value for column 'data' at row 1")
===file:sqls_util/syntax/data_types_1.sql, id:177, sql:[INSERT INTO test1 ( id,data) VALUES (111,-1),(112,0),(113,4294967296)]===
mysql err:(1264, "Out of range value for column 'data' at row 1")
dble err[02:18:42.261814] :(1264, "Out of range value for column 'data' at row 1")
===file:sqls_util/syntax/data_types_1.sql, id:186, sql:[INSERT INTO test1 ( id,data) VALUES (1,-1),(2,-10000)]===
mysql err:(1264, "Out of range value for column 'data' at row 1")
dble err[02:18:42.860692] :(1264, "Out of range value for column 'data' at row 1")
===file:sqls_util/syntax/data_types_1.sql, id:187, sql:[INSERT INTO test1 ( id,data) VALUES (111,0),(112,1),(113,10000),(114,100000),(115,-1),(116,-10000)]===
mysql err:(1264, "Out of range value for column 'data' at row 5")
dble err[02:18:42.943825] :(1264, "Out of range value for column 'data' at row 5")
===file:sqls_util/syntax/data_types_1.sql, id:196, sql:[INSERT INTO test1 ( id,data) VALUES (1,-1)]===
mysql err:(1264, "Out of range value for column 'data' at row 1")
dble err[02:18:43.535701] :(1264, "Out of range value for column 'data' at row 1")
===file:sqls_util/syntax/data_types_1.sql, id:197, sql:[INSERT INTO test1 ( id,data) VALUES (2,4294967296)]===
mysql err:(1264, "Out of range value for column 'data' at row 1")
dble err[02:18:43.618198] :(1264, "Out of range value for column 'data' at row 1")
===file:sqls_util/syntax/data_types_1.sql, id:198, sql:[INSERT INTO test1 ( id,data) VALUES (3,-1),(4,0),(5,4294967296)]===
mysql err:(1264, "Out of range value for column 'data' at row 1")
dble err[02:18:43.698749] :(1264, "Out of range value for column 'data' at row 1")
===file:sqls_util/syntax/data_types_1.sql, id:199, sql:[INSERT INTO test1 ( id,data) VALUES (111,0),(112,1),(113,10),(114,-1000),(115,-10000),(116,-100000),(117,10000),(118,4294967295)]===
mysql err:(1264, "Out of range value for column 'data' at row 4")
dble err[02:18:43.780462] :(1264, "Out of range value for column 'data' at row 4")
===file:sqls_util/syntax/data_types_1.sql, id:203, sql:[INSERT INTO test1 ( id,data) VALUES (111,0),(112,1),(113,10),(114,-1000),(115,-10000),(116,-100000),(117,10000),(118,4294967295)]===
mysql err:(1264, "Out of range value for column 'data' at row 4")
dble err[02:18:44.020013] :(1264, "Out of range value for column 'data' at row 4")
===file:sqls_util/syntax/data_types_1.sql, id:209, sql:[INSERT INTO test1 ( id,data) VALUES (1,-2147483649)]===
mysql err:(1264, "Out of range value for column 'data' at row 1")
dble err[02:18:44.262417] :(1264, "Out of range value for column 'data' at row 1")
===file:sqls_util/syntax/data_types_1.sql, id:210, sql:[INSERT INTO test1 ( id,data) VALUES (2,2147483648)]===
mysql err:(1264, "Out of range value for column 'data' at row 1")
dble err[02:18:44.344809] :(1264, "Out of range value for column 'data' at row 1")
===file:sqls_util/syntax/data_types_1.sql, id:211, sql:[INSERT INTO test1 ( id,data) VALUES (222,-2147483649),(222,-2147483648),(222,0),(222,2147483647),(222,2147483648)]===
mysql err:(1264, "Out of range value for column 'data' at row 1")
dble err[02:18:44.426837] :(1264, "Out of range value for column 'data' at row 1")
===file:sqls_util/syntax/data_types_1.sql, id:220, sql:[INSERT INTO test1 ( id,data) VALUES (1,-1)]===
mysql err:(1264, "Out of range value for column 'data' at row 1")
dble err[02:18:45.041113] :(1264, "Out of range value for column 'data' at row 1")
===file:sqls_util/syntax/data_types_1.sql, id:221, sql:[INSERT INTO test1 ( id,data) VALUES (2,4294967296)]===
mysql err:(1264, "Out of range value for column 'data' at row 1")
dble err[02:18:45.123043] :(1264, "Out of range value for column 'data' at row 1")
===file:sqls_util/syntax/data_types_1.sql, id:222, sql:[INSERT INTO test1 ( id,data) VALUES (111,-1),(112,0),(113,4294967296)]===
mysql err:(1264, "Out of range value for column 'data' at row 1")
dble err[02:18:45.205503] :(1264, "Out of range value for column 'data' at row 1")
===file:sqls_util/syntax/data_types_1.sql, id:231, sql:[INSERT INTO test1 ( id,data) VALUES (1,-1),(2,-10000)]===
mysql err:(1264, "Out of range value for column 'data' at row 1")
dble err[02:18:45.823195] :(1264, "Out of range value for column 'data' at row 1")
===file:sqls_util/syntax/data_types_1.sql, id:232, sql:[INSERT INTO test1 ( id,data) VALUES (111,0),(112,1),(113,10000),(114,100000),(115,-1),(116,-10000)]===
mysql err:(1264, "Out of range value for column 'data' at row 5")
dble err[02:18:45.907624] :(1264, "Out of range value for column 'data' at row 5")
===file:sqls_util/syntax/data_types_1.sql, id:241, sql:[INSERT INTO test1 ( id,data) VALUES (1,-1)]===
mysql err:(1264, "Out of range value for column 'data' at row 1")
dble err[02:18:46.491040] :(1264, "Out of range value for column 'data' at row 1")
===file:sqls_util/syntax/data_types_1.sql, id:242, sql:[INSERT INTO test1 ( id,data) VALUES (2,4294967296)]===
mysql err:(1264, "Out of range value for column 'data' at row 1")
dble err[02:18:46.569887] :(1264, "Out of range value for column 'data' at row 1")
===file:sqls_util/syntax/data_types_1.sql, id:243, sql:[INSERT INTO test1 ( id,data) VALUES (3,-1),(4,0),(5,4294967296)]===
mysql err:(1264, "Out of range value for column 'data' at row 1")
dble err[02:18:46.648238] :(1264, "Out of range value for column 'data' at row 1")
===file:sqls_util/syntax/data_types_1.sql, id:254, sql:[INSERT INTO test1 ( id,data) VALUES (1,-9223372036854775809)]===
mysql err:(1264, "Out of range value for column 'data' at row 1")
dble err[02:18:47.512455] :(1264, "Out of range value for column 'data' at row 1")
===file:sqls_util/syntax/data_types_1.sql, id:255, sql:[INSERT INTO test1 ( id,data) VALUES (2,9223372036854775808)]===
mysql err:(1264, "Out of range value for column 'data' at row 1")
dble err[02:18:47.593113] :(1264, "Out of range value for column 'data' at row 1")
===file:sqls_util/syntax/data_types_1.sql, id:256, sql:[INSERT INTO test1 ( id,data) VALUES (222,-9223372036854775809),(222,-9223372036854775808),(222,0),(222,9223372036854775807),(222,9223372036854775808)]===
mysql err:(1264, "Out of range value for column 'data' at row 1")
dble err[02:18:47.672131] :(1264, "Out of range value for column 'data' at row 1")
===file:sqls_util/syntax/data_types_1.sql, id:265, sql:[INSERT INTO test1 ( id,data) VALUES (1,-1)]===
mysql err:(1264, "Out of range value for column 'data' at row 1")
dble err[02:18:48.295268] :(1264, "Out of range value for column 'data' at row 1")
===file:sqls_util/syntax/data_types_1.sql, id:266, sql:[INSERT INTO test1 ( id,data) VALUES (2,18446744073709551616)]===
mysql err:(1264, "Out of range value for column 'data' at row 1")
dble err[02:18:48.375263] :(1264, "Out of range value for column 'data' at row 1")
===file:sqls_util/syntax/data_types_1.sql, id:267, sql:[INSERT INTO test1 ( id,data) VALUES (111,-1),(112,0),(113,18446744073709551616)]===
mysql err:(1264, "Out of range value for column 'data' at row 1")
dble err[02:18:48.453873] :(1264, "Out of range value for column 'data' at row 1")
===file:sqls_util/syntax/data_types_1.sql, id:276, sql:[INSERT INTO test1 ( id,data) VALUES (1,-1),(2,18446744073709551615)]===
mysql err:(1264, "Out of range value for column 'data' at row 1")
dble err[02:18:49.078396] :(1264, "Out of range value for column 'data' at row 1")
===file:sqls_util/syntax/data_types_1.sql, id:277, sql:[INSERT INTO test1 ( id,data) VALUES (111,0),(112,1),(113,18446744073709551615),(115,-1)]===
mysql err:(1264, "Out of range value for column 'data' at row 4")
dble err[02:18:49.160094] :(1264, "Out of range value for column 'data' at row 4")
===file:sqls_util/syntax/data_types_1.sql, id:286, sql:[INSERT INTO test1 ( id,data) VALUES (1,-1),(2,18446744073709551615)]===
mysql err:(1264, "Out of range value for column 'data' at row 1")
dble err[02:18:49.753731] :(1264, "Out of range value for column 'data' at row 1")
===file:sqls_util/syntax/data_types_1.sql, id:287, sql:[INSERT INTO test1 ( id,data) VALUES (111,0),(112,1),(113,18446744073709551615),(115,-1)]===
mysql err:(1264, "Out of range value for column 'data' at row 4")
dble err[02:18:49.835305] :(1264, "Out of range value for column 'data' at row 4")
===file:sqls_util/syntax/data_types_1.sql, id:299, sql:[INSERT INTO test1 ( id,data) VALUES (2,1234567890123456789012345678901234567890.1234567890)]===
mysql err:(1264, "Out of range value for column 'data' at row 1")
dble err[02:18:50.478153] :(1264, "Out of range value for column 'data' at row 1")
===file:sqls_util/syntax/data_types_1.sql, id:300, sql:[INSERT INTO test1 ( id,data) VALUES (222,-1234567890123456789012345678901234567890.12345678901234),(222,-1234567890123456789012345678901234567890.1234567890123),(222,0),(222,1234567890123456789012345678901234567890.12345678901234),(222,-1234567890123456789012345678901234567890.12345678901234)]===
mysql err:(1264, "Out of range value for column 'data' at row 1")
dble err[02:18:50.556915] :(1264, "Out of range value for column 'data' at row 1")
===file:sqls_util/syntax/data_types_1.sql, id:305, sql:[INSERT INTO test1 ( id,data) VALUES (221,0.7777),(222,7777.777),(223,77777.77),(224,0),(225,7777777),(226,777777)]===
mysql err:(1264, "Out of range value for column 'data' at row 3")
dble err[02:18:50.913787] :(1264, "Out of range value for column 'data' at row 3")
===file:sqls_util/syntax/data_types_1.sql, id:310, sql:[INSERT INTO test1 ( id,data) VALUES (1,-1)]===
mysql err:(1264, "Out of range value for column 'data' at row 1")
dble err[02:18:51.233441] :(1264, "Out of range value for column 'data' at row 1")
===file:sqls_util/syntax/data_types_1.sql, id:315, sql:[INSERT INTO test1 ( id,data) VALUES (2,18446744073709551616)]===
mysql err:(1264, "Out of range value for column 'data' at row 1")
dble err[02:18:51.593297] :(1264, "Out of range value for column 'data' at row 1")
===file:sqls_util/syntax/data_types_1.sql, id:320, sql:[INSERT INTO test1 ( id,data) VALUES (1,-1)]===
mysql err:(1264, "Out of range value for column 'data' at row 1")
dble err[02:18:51.950415] :(1264, "Out of range value for column 'data' at row 1")
===file:sqls_util/syntax/data_types_1.sql, id:325, sql:[INSERT INTO test1 ( id,data) VALUES (1,-1)]===
mysql err:(1264, "Out of range value for column 'data' at row 1")
dble err[02:18:52.278688] :(1264, "Out of range value for column 'data' at row 1")
===file:sqls_util/syntax/data_types_1.sql, id:330, sql:[INSERT INTO test1 ( id,data) VALUES (1,-1)]===
mysql err:(1264, "Out of range value for column 'data' at row 1")
dble err[02:18:52.606218] :(1264, "Out of range value for column 'data' at row 1")
===file:sqls_util/syntax/data_types_1.sql, id:335, sql:[INSERT INTO test1 ( id,data) VALUES (1,-1)]===
mysql err:(1264, "Out of range value for column 'data' at row 1")
dble err[02:18:52.957378] :(1264, "Out of range value for column 'data' at row 1")
===file:sqls_util/syntax/data_types_1.sql, id:348, sql:[INSERT INTO test1 ( id,data) VALUES (221,0.7777),(222,7777.777),(223,77777.77),(224,0),(225,7777777),(226,777777)]===
mysql err:(1264, "Out of range value for column 'data' at row 3")
dble err[02:18:53.696896] :(1264, "Out of range value for column 'data' at row 3")
===file:sqls_util/syntax/data_types_1.sql, id:354, sql:[INSERT INTO test1 ( id,data) VALUES (1,-1)]===
mysql err:(1264, "Out of range value for column 'data' at row 1")
dble err[02:18:54.136350] :(1264, "Out of range value for column 'data' at row 1")
===file:sqls_util/syntax/data_types_1.sql, id:359, sql:[INSERT INTO test1 ( id,data) VALUES (2,18446744073709551616)]===
mysql err:(1264, "Out of range value for column 'data' at row 1")
dble err[02:18:54.490678] :(1264, "Out of range value for column 'data' at row 1")
===file:sqls_util/syntax/data_types_1.sql, id:365, sql:[INSERT INTO test1 ( id,data) VALUES (1,-1)]===
mysql err:(1264, "Out of range value for column 'data' at row 1")
dble err[02:18:54.930171] :(1264, "Out of range value for column 'data' at row 1")
===file:sqls_util/syntax/data_types_1.sql, id:371, sql:[INSERT INTO test1 ( id,data) VALUES (1,-1)]===
mysql err:(1264, "Out of range value for column 'data' at row 1")
dble err[02:18:55.376823] :(1264, "Out of range value for column 'data' at row 1")
===file:sqls_util/syntax/data_types_1.sql, id:377, sql:[INSERT INTO test1 ( id,data) VALUES (1,-1)]===
mysql err:(1264, "Out of range value for column 'data' at row 1")
dble err[02:18:55.792243] :(1264, "Out of range value for column 'data' at row 1")
===file:sqls_util/syntax/data_types_1.sql, id:383, sql:[INSERT INTO test1 ( id,data) VALUES (1,-1)]===
mysql err:(1264, "Out of range value for column 'data' at row 1")
dble err[02:18:56.226247] :(1264, "Out of range value for column 'data' at row 1")
===file:sqls_util/syntax/data_types_1.sql, id:391, sql:[INSERT INTO test1 ( id,data) VALUES (1111,-1234567890123456789012345678901234567890.1234567890123),(1112,0),(1113,1234567890123456789012345678901234567890.1234567890123)]===
mysql err:(1264, "Out of range value for column 'data' at row 1")
dble err[02:18:56.626518] :(1264, "Out of range value for column 'data' at row 1")
===file:sqls_util/syntax/data_types_1.sql, id:396, sql:[INSERT INTO test1 ( id,data) VALUES (221,0.7777),(222,7777.777),(223,77777.77),(224,0),(225,7777777),(226,777777)]===
mysql err:(1264, "Out of range value for column 'data' at row 3")
dble err[02:18:56.977034] :(1264, "Out of range value for column 'data' at row 3")
===file:sqls_util/syntax/data_types_1.sql, id:402, sql:[INSERT INTO test1 ( id,data) VALUES (1,-1)]===
mysql err:(1264, "Out of range value for column 'data' at row 1")
dble err[02:18:57.408157] :(1264, "Out of range value for column 'data' at row 1")
===file:sqls_util/syntax/data_types_1.sql, id:403, sql:[INSERT INTO test1 ( id,data) VALUES (2,18446744073709551616),(3,0)]===
mysql err:(1264, "Out of range value for column 'data' at row 1")
dble err[02:18:57.489230] :(1264, "Out of range value for column 'data' at row 1")
===file:sqls_util/syntax/data_types_1.sql, id:407, sql:[INSERT INTO test1 ( id,data) VALUES (2,18446744073709551616)]===
mysql err:(1264, "Out of range value for column 'data' at row 1")
dble err[02:18:57.768055] :(1264, "Out of range value for column 'data' at row 1")
===file:sqls_util/syntax/data_types_1.sql, id:413, sql:[INSERT INTO test1 ( id,data) VALUES (1,-1)]===
mysql err:(1264, "Out of range value for column 'data' at row 1")
dble err[02:18:58.212998] :(1264, "Out of range value for column 'data' at row 1")
===file:sqls_util/syntax/data_types_1.sql, id:419, sql:[INSERT INTO test1 ( id,data) VALUES (1,-1)]===
mysql err:(1264, "Out of range value for column 'data' at row 1")
dble err[02:18:58.617986] :(1264, "Out of range value for column 'data' at row 1")
===file:sqls_util/syntax/data_types_1.sql, id:425, sql:[INSERT INTO test1 ( id,data) VALUES (1,-1)]===
mysql err:(1264, "Out of range value for column 'data' at row 1")
dble err[02:18:59.025974] :(1264, "Out of range value for column 'data' at row 1")
===file:sqls_util/syntax/data_types_1.sql, id:431, sql:[INSERT INTO test1 ( id,data) VALUES (1,-1)]===
mysql err:(1264, "Out of range value for column 'data' at row 1")
dble err[02:18:59.429813] :(1264, "Out of range value for column 'data' at row 1")
===file:sqls_util/syntax/data_types_1.sql, id:439, sql:[INSERT INTO test1 ( id,data) VALUES (1,'a')]===
mysql err:(1366, "Incorrect decimal value: 'a' for column 'data' at row 1")
dble err[02:18:59.861797] :(1366, "Incorrect decimal value: 'a' for column 'data' at row 1")
===file:sqls_util/syntax/data_types_1.sql, id:440, sql:[INSERT INTO test1 ( id,data) VALUES (2,1234567890123456789012345678901234567890123456789012345678901234567)]===
mysql err:(1264, "Out of range value for column 'data' at row 1")
dble err[02:18:59.941949] :(1264, "Out of range value for column 'data' at row 1")
===file:sqls_util/syntax/data_types_1.sql, id:442, sql:[INSERT INTO test1 ( id,data) VALUES (222,-1234567890123456789012345678901234567890.12345678901234),(222,-1234567890123456789012345678901234567890.1234567890123),(222,0),(222,1234567890123456789012345678901234567890.12345678901234),(222,-1234567890123456789012345678901234567890.12345678901234)]===
mysql err:(1264, "Out of range value for column 'data' at row 1")
dble err[02:19:00.104250] :(1264, "Out of range value for column 'data' at row 1")
===file:sqls_util/syntax/data_types_1.sql, id:443, sql:[INSERT INTO test1 ( id,data) VALUES (1111,-12345678901234567890123.4567890),(1112,0),(1113,12345678901234567890123.4567890)]===
mysql err:(1264, "Out of range value for column 'data' at row 1")
dble err[02:19:00.183036] :(1264, "Out of range value for column 'data' at row 1")
===file:sqls_util/syntax/data_types_1.sql, id:448, sql:[INSERT INTO test1 ( id,data) VALUES (221,0.7777),(222,7777.777),(223,77777.77),(224,0),(225,7777777),(226,777777)]===
mysql err:(1264, "Out of range value for column 'data' at row 3")
dble err[02:19:00.509879] :(1264, "Out of range value for column 'data' at row 3")
===file:sqls_util/syntax/data_types_1.sql, id:454, sql:[INSERT INTO test1 ( id,data) VALUES (1,-1)]===
mysql err:(1264, "Out of range value for column 'data' at row 1")
dble err[02:19:00.916209] :(1264, "Out of range value for column 'data' at row 1")
===file:sqls_util/syntax/data_types_1.sql, id:455, sql:[INSERT INTO test1 ( id,data) VALUES (2,18446744073709551616),(3,0)]===
mysql err:(1264, "Out of range value for column 'data' at row 1")
dble err[02:19:00.994860] :(1264, "Out of range value for column 'data' at row 1")
===file:sqls_util/syntax/data_types_1.sql, id:460, sql:[INSERT INTO test1 ( id,data) VALUES (2,18446744073709551616)]===
mysql err:(1264, "Out of range value for column 'data' at row 1")
dble err[02:19:01.346585] :(1264, "Out of range value for column 'data' at row 1")
===file:sqls_util/syntax/data_types_1.sql, id:466, sql:[INSERT INTO test1 ( id,data) VALUES (1,-1)]===
mysql err:(1264, "Out of range value for column 'data' at row 1")
dble err[02:19:01.775307] :(1264, "Out of range value for column 'data' at row 1")
===file:sqls_util/syntax/data_types_1.sql, id:472, sql:[INSERT INTO test1 ( id,data) VALUES (1,-1)]===
mysql err:(1264, "Out of range value for column 'data' at row 1")
dble err[02:19:02.172379] :(1264, "Out of range value for column 'data' at row 1")
===file:sqls_util/syntax/data_types_1.sql, id:478, sql:[INSERT INTO test1 ( id,data) VALUES (1,-1)]===
mysql err:(1264, "Out of range value for column 'data' at row 1")
dble err[02:19:02.607975] :(1264, "Out of range value for column 'data' at row 1")
===file:sqls_util/syntax/data_types_1.sql, id:484, sql:[INSERT INTO test1 ( id,data) VALUES (1,-1)]===
mysql err:(1264, "Out of range value for column 'data' at row 1")
dble err[02:19:03.021748] :(1264, "Out of range value for column 'data' at row 1")
===file:sqls_util/syntax/data_types_1.sql, id:492, sql:[INSERT INTO test1 ( id,data) VALUES (1,'a')]===
mysql err:(1265, "Data truncated for column 'data' at row 1")
dble err[02:19:03.467243] :(1265, "Data truncated for column 'data' at row 1")
===file:sqls_util/syntax/data_types_1.sql, id:501, sql:[INSERT INTO test1 ( id,data) VALUES (221,0.7777),(222,7777.777),(223,77777.77),(224,0),(225,7777777),(226,777777)]===
mysql err:(1264, "Out of range value for column 'data' at row 3")
dble err[02:19:04.130514] :(1264, "Out of range value for column 'data' at row 3")
===file:sqls_util/syntax/data_types_1.sql, id:507, sql:[INSERT INTO test1 ( id,data) VALUES (1,-1)]===
mysql err:(1264, "Out of range value for column 'data' at row 1")
dble err[02:19:04.565631] :(1264, "Out of range value for column 'data' at row 1")
===file:sqls_util/syntax/data_types_1.sql, id:513, sql:[INSERT INTO test1 ( id,data) VALUES (2,18446744073709551616)]===
mysql err:(1264, "Out of range value for column 'data' at row 1")
dble err[02:19:04.997541] :(1264, "Out of range value for column 'data' at row 1")
===file:sqls_util/syntax/data_types_1.sql, id:519, sql:[INSERT INTO test1 ( id,data) VALUES (1,-1)]===
mysql err:(1264, "Out of range value for column 'data' at row 1")
dble err[02:19:05.446434] :(1264, "Out of range value for column 'data' at row 1")
===file:sqls_util/syntax/data_types_1.sql, id:525, sql:[INSERT INTO test1 ( id,data) VALUES (1,-1)]===
mysql err:(1264, "Out of range value for column 'data' at row 1")
dble err[02:19:05.877477] :(1264, "Out of range value for column 'data' at row 1")
===file:sqls_util/syntax/data_types_1.sql, id:531, sql:[INSERT INTO test1 ( id,data) VALUES (1,-1)]===
mysql err:(1264, "Out of range value for column 'data' at row 1")
dble err[02:19:06.311054] :(1264, "Out of range value for column 'data' at row 1")
===file:sqls_util/syntax/data_types_1.sql, id:537, sql:[INSERT INTO test1 ( id,data) VALUES (1,-1)]===
mysql err:(1264, "Out of range value for column 'data' at row 1")
dble err[02:19:06.729452] :(1264, "Out of range value for column 'data' at row 1")
