===file:sqls_util/syntax/union.sql, id:83, sql:[select id from  test1 union SELECT USER()]===
dble:[[('0',), ('1',), ('10',), ('11',), ('12',), ('13',), ('14',), ('15',), ('16',), ('17',), ('18',), ('19',), ('2',), ('3',), ('4',), ('5',), ('6',), ('7',), ('8',), ('9',), ('test@dble-1.compose_net',)]]
mysql:[[('0',), ('1',), ('10',), ('11',), ('12',), ('13',), ('14',), ('15',), ('16',), ('17',), ('18',), ('19',), ('2',), ('3',), ('4',), ('5',), ('6',), ('7',), ('8',), ('9',), ('test@cpe-172-100-9-253.twcny.res.rr.com',)]]
===file:sqls_util/syntax/union.sql, id:277, sql:[select id from  test1 union SELECT CONNECTION_id()]===
dble:[[(0L,), (1L,), (2L,), (3L,), (4L,), (5L,), (6L,), (7L,), (8L,), (9L,), (10L,), (11L,), (12L,), (13L,), (14L,), (15L,), (16L,), (17L,), (18L,), (19L,), (3555L,)]]
mysql:[[(0L,), (1L,), (2L,), (3L,), (4L,), (5L,), (6L,), (7L,), (8L,), (9L,), (10L,), (11L,), (12L,), (13L,), (14L,), (15L,), (16L,), (17L,), (18L,), (19L,), (34957L,)]]
===file:sqls_util/syntax/union.sql, id:280, sql:[select id from  test1 union SELECT DATABASE()]===
dble:[[('0',), ('1',), ('10',), ('11',), ('12',), ('13',), ('14',), ('15',), ('16',), ('17',), ('18',), ('19',), ('2',), ('3',), ('4',), ('5',), ('6',), ('7',), ('8',), ('9',), ('db3',)]]
mysql:[[('0',), ('1',), ('10',), ('11',), ('12',), ('13',), ('14',), ('15',), ('16',), ('17',), ('18',), ('19',), ('2',), ('3',), ('4',), ('5',), ('6',), ('7',), ('8',), ('9',), ('schema1',)]]
===file:sqls_util/syntax/union.sql, id:281, sql:[select id from  test1 union select schema()]===
dble:[[('0',), ('1',), ('10',), ('11',), ('12',), ('13',), ('14',), ('15',), ('16',), ('17',), ('18',), ('19',), ('2',), ('3',), ('4',), ('5',), ('6',), ('7',), ('8',), ('9',), ('db3',)]]
mysql:[[('0',), ('1',), ('10',), ('11',), ('12',), ('13',), ('14',), ('15',), ('16',), ('17',), ('18',), ('19',), ('2',), ('3',), ('4',), ('5',), ('6',), ('7',), ('8',), ('9',), ('schema1',)]]
===file:sqls_util/syntax/union.sql, id:282, sql:[select id from  test1 union SELECT SESSION_USER()]===
dble:[[('0',), ('1',), ('10',), ('11',), ('12',), ('13',), ('14',), ('15',), ('16',), ('17',), ('18',), ('19',), ('2',), ('3',), ('4',), ('5',), ('6',), ('7',), ('8',), ('9',), ('test@dble-1.compose_net',)]]
mysql:[[('0',), ('1',), ('10',), ('11',), ('12',), ('13',), ('14',), ('15',), ('16',), ('17',), ('18',), ('19',), ('2',), ('3',), ('4',), ('5',), ('6',), ('7',), ('8',), ('9',), ('test@cpe-172-100-9-253.twcny.res.rr.com',)]]
===file:sqls_util/syntax/union.sql, id:283, sql:[select id from  test1 union SELECT USER()]===
dble:[[('0',), ('1',), ('10',), ('11',), ('12',), ('13',), ('14',), ('15',), ('16',), ('17',), ('18',), ('19',), ('2',), ('3',), ('4',), ('5',), ('6',), ('7',), ('8',), ('9',), ('test@dble-1.compose_net',)]]
mysql:[[('0',), ('1',), ('10',), ('11',), ('12',), ('13',), ('14',), ('15',), ('16',), ('17',), ('18',), ('19',), ('2',), ('3',), ('4',), ('5',), ('6',), ('7',), ('8',), ('9',), ('test@cpe-172-100-9-253.twcny.res.rr.com',)]]
===file:sqls_util/syntax/union.sql, id:286, sql:[select id from  test1 union SELECT VERSION()]===
dble:[[('0',), ('1',), ('10',), ('11',), ('12',), ('13',), ('14',), ('15',), ('16',), ('17',), ('18',), ('19',), ('2',), ('3',), ('4',), ('5',), ('5.7.13-log',), ('6',), ('7',), ('8',), ('9',)]]
mysql:[[('0',), ('1',), ('10',), ('11',), ('12',), ('13',), ('14',), ('15',), ('16',), ('17',), ('18',), ('19',), ('2',), ('3',), ('4',), ('5',), ('5.7.13',), ('6',), ('7',), ('8',), ('9',)]]
===file:sqls_util/syntax/union.sql, id:303, sql:[select id from  test1 union SELECT UUid()]===
dble:[[('0',), ('1',), ('10',), ('11',), ('12',), ('13',), ('14',), ('15',), ('16',), ('17',), ('18',), ('19',), ('2',), ('3',), ('4',), ('5',), ('6',), ('7',), ('7c21ce0b-25c8-11e9-b889-0242ac640905',), ('8',), ('9',)]]
mysql:[[('0',), ('1',), ('10',), ('11',), ('12',), ('13',), ('14',), ('15',), ('16',), ('17',), ('18',), ('19',), ('2',), ('3',), ('4',), ('5',), ('6',), ('7',), ('7c219bcf-25c8-11e9-87ed-0242ac640904',), ('8',), ('9',)]]
===file:sqls_util/syntax/union.sql, id:326, sql:[SELECT CONNECTION_id() union select id from  test1]===
dble:[[(0L,), (1L,), (2L,), (3L,), (4L,), (5L,), (6L,), (7L,), (8L,), (9L,), (10L,), (11L,), (12L,), (13L,), (14L,), (15L,), (16L,), (17L,), (18L,), (19L,), (3552L,)]]
mysql:[[(0L,), (1L,), (2L,), (3L,), (4L,), (5L,), (6L,), (7L,), (8L,), (9L,), (10L,), (11L,), (12L,), (13L,), (14L,), (15L,), (16L,), (17L,), (18L,), (19L,), (35003L,)]]
===file:sqls_util/syntax/union.sql, id:327, sql:[SELECT CURRENT_USER() union select id from  test1]===
dble:[[('test@172.100.9.253',)]]
mysql:[[('0',), ('1',), ('10',), ('11',), ('12',), ('13',), ('14',), ('15',), ('16',), ('17',), ('18',), ('19',), ('2',), ('3',), ('4',), ('5',), ('6',), ('7',), ('8',), ('9',), ('test@%',)]]
===file:sqls_util/syntax/union.sql, id:329, sql:[SELECT DATABASE() union select id from  test1]===
dble:[[('schema1',)]]
mysql:[[('0',), ('1',), ('10',), ('11',), ('12',), ('13',), ('14',), ('15',), ('16',), ('17',), ('18',), ('19',), ('2',), ('3',), ('4',), ('5',), ('6',), ('7',), ('8',), ('9',), ('schema1',)]]
===file:sqls_util/syntax/union.sql, id:330, sql:[select schema() union select id from  test1]===
dble:[[('0',), ('1',), ('10',), ('11',), ('12',), ('13',), ('14',), ('15',), ('16',), ('17',), ('18',), ('19',), ('2',), ('3',), ('4',), ('5',), ('6',), ('7',), ('8',), ('9',), ('db3',)]]
mysql:[[('0',), ('1',), ('10',), ('11',), ('12',), ('13',), ('14',), ('15',), ('16',), ('17',), ('18',), ('19',), ('2',), ('3',), ('4',), ('5',), ('6',), ('7',), ('8',), ('9',), ('schema1',)]]
===file:sqls_util/syntax/union.sql, id:331, sql:[SELECT SESSION_USER() union select id from  test1]===
dble:[[('0',), ('1',), ('10',), ('11',), ('12',), ('13',), ('14',), ('15',), ('16',), ('17',), ('18',), ('19',), ('2',), ('3',), ('4',), ('5',), ('6',), ('7',), ('8',), ('9',), ('test@dble-1.compose_net',)]]
mysql:[[('0',), ('1',), ('10',), ('11',), ('12',), ('13',), ('14',), ('15',), ('16',), ('17',), ('18',), ('19',), ('2',), ('3',), ('4',), ('5',), ('6',), ('7',), ('8',), ('9',), ('test@cpe-172-100-9-253.twcny.res.rr.com',)]]
===file:sqls_util/syntax/union.sql, id:332, sql:[SELECT USER() union select id from  test1]===
dble:[[('0',), ('1',), ('10',), ('11',), ('12',), ('13',), ('14',), ('15',), ('16',), ('17',), ('18',), ('19',), ('2',), ('3',), ('4',), ('5',), ('6',), ('7',), ('8',), ('9',), ('test@dble-1.compose_net',)]]
mysql:[[('0',), ('1',), ('10',), ('11',), ('12',), ('13',), ('14',), ('15',), ('16',), ('17',), ('18',), ('19',), ('2',), ('3',), ('4',), ('5',), ('6',), ('7',), ('8',), ('9',), ('test@cpe-172-100-9-253.twcny.res.rr.com',)]]
===file:sqls_util/syntax/union.sql, id:334, sql:[SELECT ROW_COUNT() union select id from  test1]===
dble:[[(-1L,), (0L,), (1L,), (2L,), (3L,), (4L,), (5L,), (6L,), (7L,), (8L,), (9L,), (10L,), (11L,), (12L,), (13L,), (14L,), (15L,), (16L,), (17L,), (18L,), (19L,)]]
mysql:[[(0L,), (1L,), (2L,), (3L,), (4L,), (5L,), (6L,), (7L,), (8L,), (9L,), (10L,), (11L,), (12L,), (13L,), (14L,), (15L,), (16L,), (17L,), (18L,), (19L,)]]
===file:sqls_util/syntax/union.sql, id:335, sql:[SELECT VERSION() union select id from  test1]===
dble:[[('0',), ('1',), ('10',), ('11',), ('12',), ('13',), ('14',), ('15',), ('16',), ('17',), ('18',), ('19',), ('2',), ('3',), ('4',), ('5',), ('5.7.13-log',), ('6',), ('7',), ('8',), ('9',)]]
mysql:[[('0',), ('1',), ('10',), ('11',), ('12',), ('13',), ('14',), ('15',), ('16',), ('17',), ('18',), ('19',), ('2',), ('3',), ('4',), ('5',), ('5.7.13',), ('6',), ('7',), ('8',), ('9',)]]
===file:sqls_util/syntax/union.sql, id:352, sql:[SELECT UUid() union select id from  test1]===
dble:[[('0',), ('1',), ('10',), ('11',), ('12',), ('13',), ('14',), ('15',), ('16',), ('17',), ('18',), ('19',), ('2',), ('3',), ('4',), ('5',), ('6',), ('7',), ('8',), ('859a48de-25c8-11e9-b889-0242ac640905',), ('9',)]]
mysql:[[('0',), ('1',), ('10',), ('11',), ('12',), ('13',), ('14',), ('15',), ('16',), ('17',), ('18',), ('19',), ('2',), ('3',), ('4',), ('5',), ('6',), ('7',), ('8',), ('859a19cd-25c8-11e9-87ed-0242ac640904',), ('9',)]]
