===file:select/expression_global.sql, id:14, sql:[select *,_utf8'中' from test_global]===
dble:[None]
mysql:[((1L, 1.0, 'a string', 'test001', '?'), (2L, 2.0, 'a\nstring', 'test002', '?'), (3L, 3.0, 'another string', 'test003', '?'), (4L, 4.0, '\xe4\xb8\xad', 'test004', '?'), (5L, 5.0, "a'string'", 'test005', '?'), (6L, 6.0, 'a""string""', 'test006', '?'), (7L, 7.0, 'a\x08string', 'test007', '?'), (8L, 8.0, 'a\nstring', 'test008', '?'), (9L, 9.0, 'a\rstring', 'test009', '?'), (10L, 10.0, 'a\tstring', 'test010', '?'), (11L, 11.0, 'azstring', 'test011', '?'), (12L, 12.0, 'a\\string', 'test012', '?'), (13L, 13.0, 'a\\%string', 'test013', '?'), (14L, 14.0, 'a\\_string', 'test014', '?'), (15L, 15.0, 'MySQL', 'test015', '?'), (16L, 16.0, 'binary', 'test016', '?'), (17L, 1.23457e+22, '17', '17', '?'), (18L, 18.0, 'A', 'test018', '?'), (19L, 19.0, '', 'test019', '?'), (65L, 16.0, 'binary', 'test016', '?'))]
[16:55:14.669354]dble err :(1064, 'NullPointerException')
===file:select/expression_global.sql, id:16, sql:[select *,_utf8'中'COLLATE utf8_danish_ci from test_global]===
dble:[None]
mysql:[((1L, 1.0, 'a string', 'test001', '?'), (2L, 2.0, 'a\nstring', 'test002', '?'), (3L, 3.0, 'another string', 'test003', '?'), (4L, 4.0, '\xe4\xb8\xad', 'test004', '?'), (5L, 5.0, "a'string'", 'test005', '?'), (6L, 6.0, 'a""string""', 'test006', '?'), (7L, 7.0, 'a\x08string', 'test007', '?'), (8L, 8.0, 'a\nstring', 'test008', '?'), (9L, 9.0, 'a\rstring', 'test009', '?'), (10L, 10.0, 'a\tstring', 'test010', '?'), (11L, 11.0, 'azstring', 'test011', '?'), (12L, 12.0, 'a\\string', 'test012', '?'), (13L, 13.0, 'a\\%string', 'test013', '?'), (14L, 14.0, 'a\\_string', 'test014', '?'), (15L, 15.0, 'MySQL', 'test015', '?'), (16L, 16.0, 'binary', 'test016', '?'), (17L, 1.23457e+22, '17', '17', '?'), (18L, 18.0, 'A', 'test018', '?'), (19L, 19.0, '', 'test019', '?'), (65L, 16.0, 'binary', 'test016', '?'))]
[16:55:14.792610]dble err :(1064, 'NullPointerException')
===file:select/expression_global.sql, id:44, sql:[select * from test_global where R_NAME=_latin1 b'1000001']===
dble:[None]
mysql:[((18L, 18.0, 'A', 'test018'),)]
[16:55:17.006103]dble err :(1064, "syntax error, error in :'tin1 b'1000001'',expect IDENTIFIER, actual IDENTIFIER b")
===file:select/expression_global.sql, id:45, sql:[select * from test_global where R_NAME=_utf8 0b1000001 COLLATE utf8_danish_ci]===
dble:[None]
mysql:[((18L, 18.0, 'A', 'test018'),)]
[16:55:17.086940]dble err :(1064, "syntax error, error in :'utf8 0b1000001 COLLATE utf8_danish_',expect LITERAL_INT, actual LITERAL_INT _utf8")
===file:select/expression_global.sql, id:46, sql:[select *,_latin1 b'1000001' from test_global]===
dble:[None]
mysql:[((1L, 1.0, 'a string', 'test001', 'A'), (2L, 2.0, 'a\nstring', 'test002', 'A'), (3L, 3.0, 'another string', 'test003', 'A'), (4L, 4.0, '\xe4\xb8\xad', 'test004', 'A'), (5L, 5.0, "a'string'", 'test005', 'A'), (6L, 6.0, 'a""string""', 'test006', 'A'), (7L, 7.0, 'a\x08string', 'test007', 'A'), (8L, 8.0, 'a\nstring', 'test008', 'A'), (9L, 9.0, 'a\rstring', 'test009', 'A'), (10L, 10.0, 'a\tstring', 'test010', 'A'), (11L, 11.0, 'azstring', 'test011', 'A'), (12L, 12.0, 'a\\string', 'test012', 'A'), (13L, 13.0, 'a\\%string', 'test013', 'A'), (14L, 14.0, 'a\\_string', 'test014', 'A'), (15L, 15.0, 'MySQL', 'test015', 'A'), (16L, 16.0, 'binary', 'test016', 'A'), (17L, 1.23457e+22, '17', '17', 'A'), (18L, 18.0, 'A', 'test018', 'A'), (19L, 19.0, '', 'test019', 'A'), (65L, 16.0, 'binary', 'test016', 'A'))]
[16:55:17.168393]dble err :(1064, "syntax error, error in :'tin1 b'1000001' from test_global',expect LITERAL_CHARS, actual LITERAL_CHARS 1000001")
===file:select/expression_global.sql, id:58, sql:[SELECT (@aa:=id) AS a, (@aa+3) AS b FROM test_global]===
dble:[None]
mysql:[((1L, 4.0), (2L, 5.0), (3L, 6.0), (4L, 7.0), (5L, 8.0), (6L, 9.0), (7L, 10.0), (8L, 11.0), (9L, 12.0), (10L, 13.0), (11L, 14.0), (12L, 15.0), (13L, 16.0), (14L, 17.0), (15L, 18.0), (16L, 19.0), (17L, 20.0), (18L, 21.0), (19L, 22.0), (65L, 68.0))]
[16:55:18.115785]dble err :(1064, 'not support assignment')
===file:select/expression_global.sql, id:62, sql:[select * from test_global where ~id=1]===
dble:[((1L, 1.0, 'a string', 'test001', 1523523314084L), (2L, 2.0, 'a\nstring', 'test002', 1523523314084L), (3L, 3.0, 'another string', 'test003', 1523523314084L), (4L, 4.0, '\xe4\xb8\xad', 'test004', 1523523314084L), (5L, 5.0, "a'string'", 'test005', 1523523314084L), (6L, 6.0, 'a""string""', 'test006', 1523523314084L), (7L, 7.0, 'a\x08string', 'test007', 1523523314084L), (8L, 8.0, 'a\nstring', 'test008', 1523523314084L), (9L, 9.0, 'a\rstring', 'test009', 1523523314084L), (10L, 10.0, 'a\tstring', 'test010', 1523523314084L), (11L, 11.0, 'azstring', 'test011', 1523523314084L), (12L, 12.0, 'a\\string', 'test012', 1523523314084L), (13L, 13.0, 'a%string', 'test013', 1523523314084L), (14L, 14.0, 'a_string', 'test014', 1523523314084L), (15L, 15.0, 'MySQL', 'test015', 1523523314084L), (16L, 16.0, 'binary', 'test016', 1523523314084L), (17L, 1.23457e+22, '17', '17', 1523523314084L), (18L, 18.0, 'A', 'test018', 1523523314084L), (19L, 19.0, '', 'test019', 1523523314084L), (65L, 16.0, 'binary', 'test016', 1523523314084L))]
mysql:[()]
===file:select/expression_global.sql, id:135, sql:[select * from test_global where b'1000001' not in (select R_NAME from test_global where id =1)]===
dble:[((1L, '\x00\x00\x00\x00\x00\x00\x00\x01', 'a', 'test001', 1523523323583L), (2L, '\x00\x00\x00\x00\x00\x00\x00\x02', 'a string', 'test002', 1523523323583L), (3L, '\x00\x00\x00\x00\x00\x00\x00\x03', '1', 'test001', 1523523323583L), (4L, '\x00\x00\x00\x00\x00\x00\x00\n', '1', 'test001', 1523523323583L))]
mysql:[()]
===file:select/expression_global.sql, id:143, sql:[select * from test_global where HEX(R_bit) between 0b10+0 and (select HEX(R_bit) from test_global where HEX(R_bit) not in (1,2,3))]===
dble:[None]
mysql:[()]
[16:55:24.179797]dble err :(1064, 'NullPointerException')
===file:select/expression_global.sql, id:158, sql:[select * from test_global where true > (HEX(R_bit) between 0b10+0 and (select HEX(R_bit) from test_global where HEX(R_bit) not in (1,2,3)))]===
dble:[None]
mysql:[((1L, '\x00\x00\x00\x00\x00\x00\x00\x01', 'a', 'test001'), (2L, '\x00\x00\x00\x00\x00\x00\x00\x02', 'a string', 'test002'), (3L, '\x00\x00\x00\x00\x00\x00\x00\x03', '1', 'test001'), (4L, '\x00\x00\x00\x00\x00\x00\x00\n', '1', 'test001'))]
[16:55:25.096757]dble err :(1064, 'NullPointerException')
