===file:select/join_global.sql, id:13, sql:[select test_global.id,test_global.t_id,test_global.name,test_global.pad,test_global.id,test_global.o_id,test_global.name,test_global.pad from test_global,global_table2 where test_global.pad=global_table2.pad]===
mysql err:(1054, "Unknown column 'test_global.o_id' in 'field list'")
dble err[05:28:02.337097] :(-1, 'error totally whack')
===file:select/join_global.sql, id:19, sql:[select test_global.id,test_global.t_id,test_global.name,test_global.pad,test_global.id,test_global.o_id,test_global.name,test_global.pad from test_global inner join global_table2 order by test_global.id,global_table2.id]===
mysql err:(1054, "Unknown column 'test_global.o_id' in 'field list'")
dble err[05:28:02.716133] :(-1, 'error totally whack')
===file:select/join_global.sql, id:20, sql:[select test_global.id,test_global.t_id,test_global.name,test_global.pad,test_global.id,test_global.o_id,test_global.name,test_global.pad from test_global cross join global_table2 order by test_global.id,global_table2.id]===
mysql err:(1054, "Unknown column 'test_global.o_id' in 'field list'")
dble err[05:28:02.797896] :(-1, 'error totally whack')
===file:select/join_global.sql, id:21, sql:[select test_global.id,test_global.t_id,test_global.name,test_global.pad,test_global.id,test_global.o_id,test_global.name,test_global.pad from test_global join global_table2 order by test_global.id,global_table2.id]===
mysql err:(1054, "Unknown column 'test_global.o_id' in 'field list'")
dble err[05:28:02.881826] :(-1, 'error totally whack')
===file:select/join_global.sql, id:33, sql:[select a_test_no_shard.id,a_test_no_shard.t_id,a_test_no_shard.name,a_test_no_shard.pad,test_global.id,test_global.o_id,test_global.name,test_global.pad from test_global straight_join global_table2 order by test_global.id,global_table2.id]===
mysql err:(1054, "Unknown column 'a_test_no_shard.id' in 'field list'")
dble err[05:28:03.621180] :(-1, 'error totally whack')
===file:select/join_global.sql, id:38, sql:[select test_global.id,test_global.t_id,test_global.name,test_global.pad,test_global.id,test_global.o_id,test_global.name,test_global.pad from test_global left join global_table2 on test_global.pad=global_table2.pad order by test_global.id,global_table2.id]===
mysql err:(1054, "Unknown column 'test_global.o_id' in 'field list'")
dble err[05:28:03.921240] :(-1, 'error totally whack')
===file:select/join_global.sql, id:39, sql:[select test_global.id,test_global.t_id,test_global.name,test_global.pad,test_global.id,test_global.o_id,test_global.name,test_global.pad from test_global right join global_table2 on test_global.pad=global_table2.pad order by test_global.id,global_table2.id]===
mysql err:(1054, "Unknown column 'test_global.o_id' in 'field list'")
dble err[05:28:04.004301] :(-1, 'error totally whack')
===file:select/join_global.sql, id:40, sql:[select test_global.id,test_global.t_id,test_global.name,test_global.pad,test_global.id,test_global.o_id,test_global.name,test_global.pad from test_global left outer join global_table2 on test_global.pad=global_table2.pad order by test_global.id,global_table2.id]===
mysql err:(1054, "Unknown column 'test_global.o_id' in 'field list'")
dble err[05:28:04.087552] :(-1, 'error totally whack')
===file:select/join_global.sql, id:41, sql:[select test_global.id,test_global.t_id,test_global.name,test_global.pad,test_global.id,test_global.o_id,test_global.name,test_global.pad from test_global right outer join global_table2 on test_global.pad=global_table2.pad order by test_global.id,global_table2.id]===
mysql err:(1054, "Unknown column 'test_global.o_id' in 'field list'")
dble err[05:28:04.170004] :(-1, 'error totally whack')
===file:select/join_global.sql, id:42, sql:[select test_global.id,test_global.t_id,test_global.name,test_global.pad,test_global.id,test_global.o_id,test_global.name,test_global.pad from test_global left join global_table2 using(pad) order by test_global.id,global_table2.id]===
mysql err:(1054, "Unknown column 'test_global.o_id' in 'field list'")
dble err[05:28:04.252476] :(-1, 'error totally whack')
===file:select/join_global.sql, id:58, sql:[select test_global.id,test_global.t_id,test_global.name,test_global.pad,test_global.id,test_global.o_id,test_global.name,test_global.pad from test_global natural left join global_table2]===
mysql err:(1054, "Unknown column 'test_global.o_id' in 'field list'")
dble err[05:28:05.354390] :(-1, 'error totally whack')
===file:select/join_global.sql, id:59, sql:[select test_global.id,test_global.t_id,test_global.name,test_global.pad,test_global.id,test_global.o_id,test_global.name,test_global.pad from test_global natural right join global_table2]===
mysql err:(1054, "Unknown column 'test_global.o_id' in 'field list'")
dble err[05:28:05.436282] :(-1, 'error totally whack')
===file:select/join_global.sql, id:60, sql:[select test_global.id,test_global.t_id,test_global.name,test_global.pad,test_global.id,test_global.o_id,test_global.name,test_global.pad from test_global natural left outer join global_table2]===
mysql err:(1054, "Unknown column 'test_global.o_id' in 'field list'")
dble err[05:28:05.499625] :(-1, 'error totally whack')
===file:select/join_global.sql, id:61, sql:[select test_global.id,test_global.t_id,test_global.name,test_global.pad,test_global.id,test_global.o_id,test_global.name,test_global.pad from test_global natural right outer join global_table2]===
mysql err:(1054, "Unknown column 'test_global.o_id' in 'field list'")
dble err[05:28:05.562312] :(-1, 'error totally whack')
===file:select/join_global.sql, id:74, sql:[select test_global.id,test_global.t_id,test_global.name,test_global.pad,test_global.id,test_global.o_id,test_global.name,test_global.pad from test_global left join global_table2 on test_global.pad=global_table2.pad and test_global.id>3 order by test_global.id,global_table2.id]===
mysql err:(1054, "Unknown column 'test_global.o_id' in 'field list'")
dble err[05:28:06.430809] :(-1, 'error totally whack')
===file:select/join_global.sql, id:79, sql:[(select * from test_global where id=2) union distinct (select test_global.id,test_global.o_id,test_global.name,test_global.pad from global_table2 where id=2)]===
mysql err:(1054, "Unknown column 'test_global.id' in 'field list'")
dble err[05:28:06.556076] :(-1, 'error totally whack')
