===file:select/join_global.sql, id:58, sql:[select test_global.id,test_global.t_id,test_global.name,test_global.pad,global_table2.id,global_table2.o_id,global_table2.name,global_table2.pad from test_global natural left join global_table2]===
dble:[[(1L, 1L, 'test\xe4\xb8\xadid\xe4\xb8\xba1', 1L, None, None, None, None), (2L, 2L, 'test_2', 2L, None, None, None, None), (3L, 3L, 'test\xe4\xb8\xadid\xe4\xb8\xba3', 4L, None, None, None, None), (4L, 4L, '$test$4', 3L, None, None, None, None), (5L, 5L, 'test...5', 1L, None, None, None, None), (6L, 6L, 'test6', 6L, None, None, None, None)]]
mysql:[[(1L, 1L, 'test\xe4\xb8\xadid\xe4\xb8\xba1', 1L, None, None, None, None), (2L, 2L, 'test_2', 2L, 2L, 2L, 'test_2', 2L), (3L, 3L, 'test\xe4\xb8\xadid\xe4\xb8\xba3', 4L, None, None, None, None), (4L, 4L, '$test$4', 3L, None, None, None, None), (5L, 5L, 'test...5', 1L, None, None, None, None), (6L, 6L, 'test6', 6L, None, None, None, None)]]
===file:select/join_global.sql, id:59, sql:[select test_global.id,test_global.t_id,test_global.name,test_global.pad,global_table2.id,global_table2.o_id,global_table2.name,global_table2.pad from test_global natural right join global_table2]===
dble:[[(None, None, None, None, 1L, 1L, 'order\xe4\xb8\xadid\xe4\xb8\xba1', 1L), (None, None, None, None, 2L, 2L, 'test_2', 2L), (None, None, None, None, 3L, 3L, 'order\xe4\xb8\xadid\xe4\xb8\xba3', 3L), (None, None, None, None, 4L, 4L, '$order$4', 4L), (None, None, None, None, 5L, 5L, 'order...5', 1L)]]
mysql:[[(None, None, None, None, 1L, 1L, 'order\xe4\xb8\xadid\xe4\xb8\xba1', 1L), (None, None, None, None, 3L, 3L, 'order\xe4\xb8\xadid\xe4\xb8\xba3', 3L), (None, None, None, None, 4L, 4L, '$order$4', 4L), (None, None, None, None, 5L, 5L, 'order...5', 1L), (2L, 2L, 'test_2', 2L, 2L, 2L, 'test_2', 2L)]]
===file:select/join_global.sql, id:60, sql:[select test_global.id,test_global.t_id,test_global.name,test_global.pad,global_table2.id,global_table2.o_id,global_table2.name,global_table2.pad from test_global natural left outer join global_table2]===
dble:[[(1L, 1L, 'test\xe4\xb8\xadid\xe4\xb8\xba1', 1L, None, None, None, None), (2L, 2L, 'test_2', 2L, None, None, None, None), (3L, 3L, 'test\xe4\xb8\xadid\xe4\xb8\xba3', 4L, None, None, None, None), (4L, 4L, '$test$4', 3L, None, None, None, None), (5L, 5L, 'test...5', 1L, None, None, None, None), (6L, 6L, 'test6', 6L, None, None, None, None)]]
mysql:[[(1L, 1L, 'test\xe4\xb8\xadid\xe4\xb8\xba1', 1L, None, None, None, None), (2L, 2L, 'test_2', 2L, 2L, 2L, 'test_2', 2L), (3L, 3L, 'test\xe4\xb8\xadid\xe4\xb8\xba3', 4L, None, None, None, None), (4L, 4L, '$test$4', 3L, None, None, None, None), (5L, 5L, 'test...5', 1L, None, None, None, None), (6L, 6L, 'test6', 6L, None, None, None, None)]]
===file:select/join_global.sql, id:61, sql:[select test_global.id,test_global.t_id,test_global.name,test_global.pad,global_table2.id,global_table2.o_id,global_table2.name,global_table2.pad from test_global natural right outer join global_table2]===
dble:[[(None, None, None, None, 1L, 1L, 'order\xe4\xb8\xadid\xe4\xb8\xba1', 1L), (None, None, None, None, 2L, 2L, 'test_2', 2L), (None, None, None, None, 3L, 3L, 'order\xe4\xb8\xadid\xe4\xb8\xba3', 3L), (None, None, None, None, 4L, 4L, '$order$4', 4L), (None, None, None, None, 5L, 5L, 'order...5', 1L)]]
mysql:[[(None, None, None, None, 1L, 1L, 'order\xe4\xb8\xadid\xe4\xb8\xba1', 1L), (None, None, None, None, 3L, 3L, 'order\xe4\xb8\xadid\xe4\xb8\xba3', 3L), (None, None, None, None, 4L, 4L, '$order$4', 4L), (None, None, None, None, 5L, 5L, 'order...5', 1L), (2L, 2L, 'test_2', 2L, 2L, 2L, 'test_2', 2L)]]
===file:select/join_global.sql, id:62, sql:[select a.id,a.t_id,a.name,a.pad,b.id,b.o_id,b.name,b.pad from test_global a natural left join global_table2 b order by a.id]===
dble:[((1L, 1L, 'test\xe4\xb8\xadid\xe4\xb8\xba1', 1L, None, None, None, None), (2L, 2L, 'test_2', 2L, None, None, None, None), (3L, 3L, 'test\xe4\xb8\xadid\xe4\xb8\xba3', 4L, None, None, None, None), (4L, 4L, '$test$4', 3L, None, None, None, None), (5L, 5L, 'test...5', 1L, None, None, None, None), (6L, 6L, 'test6', 6L, None, None, None, None))]
mysql:[((1L, 1L, 'test\xe4\xb8\xadid\xe4\xb8\xba1', 1L, None, None, None, None), (2L, 2L, 'test_2', 2L, 2L, 2L, 'test_2', 2L), (3L, 3L, 'test\xe4\xb8\xadid\xe4\xb8\xba3', 4L, None, None, None, None), (4L, 4L, '$test$4', 3L, None, None, None, None), (5L, 5L, 'test...5', 1L, None, None, None, None), (6L, 6L, 'test6', 6L, None, None, None, None))]
===file:select/join_global.sql, id:63, sql:[select a.id,a.t_id,a.name,a.pad,b.id,b.o_id,b.name,b.pad from test_global a natural right join global_table2 b order by b.id]===
dble:[((None, None, None, None, 1L, 1L, 'order\xe4\xb8\xadid\xe4\xb8\xba1', 1L), (None, None, None, None, 2L, 2L, 'test_2', 2L), (None, None, None, None, 3L, 3L, 'order\xe4\xb8\xadid\xe4\xb8\xba3', 3L), (None, None, None, None, 4L, 4L, '$order$4', 4L), (None, None, None, None, 5L, 5L, 'order...5', 1L))]
mysql:[((None, None, None, None, 1L, 1L, 'order\xe4\xb8\xadid\xe4\xb8\xba1', 1L), (2L, 2L, 'test_2', 2L, 2L, 2L, 'test_2', 2L), (None, None, None, None, 3L, 3L, 'order\xe4\xb8\xadid\xe4\xb8\xba3', 3L), (None, None, None, None, 4L, 4L, '$order$4', 4L), (None, None, None, None, 5L, 5L, 'order...5', 1L))]
===file:select/join_global.sql, id:64, sql:[select a.id,a.t_id,a.name,a.pad,b.id,b.o_id,b.name,b.pad from test_global a natural left outer join global_table2 b order by a.id]===
dble:[((1L, 1L, 'test\xe4\xb8\xadid\xe4\xb8\xba1', 1L, None, None, None, None), (2L, 2L, 'test_2', 2L, None, None, None, None), (3L, 3L, 'test\xe4\xb8\xadid\xe4\xb8\xba3', 4L, None, None, None, None), (4L, 4L, '$test$4', 3L, None, None, None, None), (5L, 5L, 'test...5', 1L, None, None, None, None), (6L, 6L, 'test6', 6L, None, None, None, None))]
mysql:[((1L, 1L, 'test\xe4\xb8\xadid\xe4\xb8\xba1', 1L, None, None, None, None), (2L, 2L, 'test_2', 2L, 2L, 2L, 'test_2', 2L), (3L, 3L, 'test\xe4\xb8\xadid\xe4\xb8\xba3', 4L, None, None, None, None), (4L, 4L, '$test$4', 3L, None, None, None, None), (5L, 5L, 'test...5', 1L, None, None, None, None), (6L, 6L, 'test6', 6L, None, None, None, None))]
===file:select/join_global.sql, id:65, sql:[select a.id,a.t_id,a.name,a.pad,b.id,b.o_id,b.name,b.pad from test_global a natural right outer join global_table2 b order by b.id]===
dble:[((None, None, None, None, 1L, 1L, 'order\xe4\xb8\xadid\xe4\xb8\xba1', 1L), (None, None, None, None, 2L, 2L, 'test_2', 2L), (None, None, None, None, 3L, 3L, 'order\xe4\xb8\xadid\xe4\xb8\xba3', 3L), (None, None, None, None, 4L, 4L, '$order$4', 4L), (None, None, None, None, 5L, 5L, 'order...5', 1L))]
mysql:[((None, None, None, None, 1L, 1L, 'order\xe4\xb8\xadid\xe4\xb8\xba1', 1L), (2L, 2L, 'test_2', 2L, 2L, 2L, 'test_2', 2L), (None, None, None, None, 3L, 3L, 'order\xe4\xb8\xadid\xe4\xb8\xba3', 3L), (None, None, None, None, 4L, 4L, '$order$4', 4L), (None, None, None, None, 5L, 5L, 'order...5', 1L))]