===file:select/join_global.sql, id:4, sql:[drop table if exists test_global]===
===file:select/join_global.sql, id:5, sql:[drop table if exists global_table2]===
===file:select/join_global.sql, id:6, sql:[drop table if exists global_table3]===
===file:select/join_global.sql, id:7, sql:[CREATE TABLE test_global(`id` int(10) unsigned NOT NULL,`t_id` int(10) unsigned NOT NULL DEFAULT '0',`name` char(120) NOT NULL DEFAULT '',`pad` int(11) NOT NULL,PRIMARY KEY (`id`),KEY `k_1` (`t_id`))DEFAULT CHARSET=UTF8]===
===file:select/join_global.sql, id:8, sql:[CREATE TABLE global_table2(`id` int(10) unsigned NOT NULL,`o_id` int(10) unsigned NOT NULL DEFAULT '0',`name` char(120) NOT NULL DEFAULT '',`pad` int(11) NOT NULL,PRIMARY KEY (`id`),KEY `k_1` (`o_id`))DEFAULT CHARSET=UTF8]===
===file:select/join_global.sql, id:9, sql:[CREATE TABLE global_table3(`id` int(10) unsigned NOT NULL,`m_id` int(10) unsigned NOT NULL DEFAULT '0',`name` char(120) NOT NULL DEFAULT '',`pad` int(11) NOT NULL,PRIMARY KEY (`id`),KEY `k_1` (`m_id`))DEFAULT CHARSET=UTF8]===
===file:select/join_global.sql, id:10, sql:[insert into test_global values(1,1,'test中id为1',1),(2,2,'test_2',2),(3,3,'test中id为3',4),(4,4,'$test$4',3),(5,5,'test...5',1),(6,6,'test6',6)]===
===file:select/join_global.sql, id:11, sql:[insert into global_table2 values(1,1,'order中id为1',1),(2,2,'test_2',2),(3,3,'order中id为3',3),(4,4,'$order$4',4),(5,5,'order...5',1)]===
===file:select/join_global.sql, id:12, sql:[insert into global_table3 values(1,1,'manager中id为1',1),(2,2,'test_2',2),(3,3,'manager中id为3',3),(4,4,'$manager$4',4),(5,5,'manager...5',6)]===
===file:select/join_global.sql, id:13, sql:[select * from test_global,global_table2 where test_global.pad=global_table2.pad]===
===file:select/join_global.sql, id:14, sql:[select * from test_global a,global_table2 b where a.pad=b.pad]===
===file:select/join_global.sql, id:15, sql:[select a.id,b.id,b.pad,a.t_id from test_global a,(select * from global_table2 where pad>3) b where a.t_id=b.o_id]===
===file:select/join_global.sql, id:16, sql:[select a.id,b.id,b.pad,a.t_id from (select id,t_id from test_global) a,(select * from global_table2) b where a.t_id=b.o_id]===
===file:select/join_global.sql, id:17, sql:[select a.id,b.id,b.pad,a.t_id from (select test_global.id,test_global.pad,test_global.t_id from test_global join global_table2 where test_global.pad=global_table2.pad ) a,(select global_table3.id,global_table3.pad from test_global join global_table3 where test_global.pad=global_table3.pad) b where a.pad=b.pad]===
===file:select/join_global.sql, id:18, sql:[select test_global.id,test_global.name,a.name from test_global,(select name from global_table2) a]===
===file:select/join_global.sql, id:19, sql:[select * from test_global inner join global_table2 order by test_global.id,global_table2.id]===
===file:select/join_global.sql, id:20, sql:[select * from test_global cross join global_table2 order by test_global.id,global_table2.id]===
===file:select/join_global.sql, id:21, sql:[select * from test_global join global_table2 order by test_global.id,global_table2.id]===
===file:select/join_global.sql, id:22, sql:[select a.id,a.name,a.pad,b.name from test_global a inner join global_table2 b order by a.id,b.id]===
===file:select/join_global.sql, id:23, sql:[select a.id,a.name,a.pad,b.name from test_global a cross join global_table2 b order by a.id,b.id]===
===file:select/join_global.sql, id:24, sql:[select a.id,a.name,a.pad,b.name from test_global a join global_table2 b order by a.id,b.id]===
===file:select/join_global.sql, id:25, sql:[select * from test_global a inner join (select * from global_table2 where pad>0) b order by a.id,b.id]===
===file:select/join_global.sql, id:26, sql:[select * from test_global a cross join (select * from global_table2 where pad>0) b order by a.id,b.id]===
===file:select/join_global.sql, id:27, sql:[select * from test_global a join (select * from global_table2 where pad>0) b order by a.id,b.id]===
===file:select/join_global.sql, id:28, sql:[select * from (select * from test_global where pad>0) a inner join (select * from global_table2 where pad>0) b order by a.id,b.id]===
===file:select/join_global.sql, id:29, sql:[select * from (select * from test_global where pad>0) a cross join (select * from global_table2 where pad>0) b order by a.id,b.id]===
===file:select/join_global.sql, id:30, sql:[select * from (select * from test_global where pad>0) a join (select * from global_table2 where pad>0) b order by a.id,b.id]===
===file:select/join_global.sql, id:31, sql:[select * from test_global a join (select * from global_table2 where pad>0) b on a.id<b.id and a.pad=b.pad order by a.id,b.id]===
===file:select/join_global.sql, id:32, sql:[select * from test_global a join (select * from global_table2 where pad>0) b  using(pad) order by a.id,b.id]===
===file:select/join_global.sql, id:33, sql:[select * from test_global straight_join global_table2 order by test_global.id,global_table2.id]===
===file:select/join_global.sql, id:34, sql:[select a.id,a.name,a.pad,b.name from test_global a straight_join global_table2 b order by a.id,b.id]===
===file:select/join_global.sql, id:35, sql:[select * from test_global a straight_join (select * from global_table2 where pad>0) b order by a.id,b.id]===
===file:select/join_global.sql, id:36, sql:[select * from (select * from test_global where pad>0) a straight_join (select * from global_table2 where pad>0) b order by a.id,b.id]===
===file:select/join_global.sql, id:37, sql:[select * from test_global a straight_join (select * from global_table2 where pad>0) b on a.id<b.id and a.pad=b.pad order by a.id,b.id]===
===file:select/join_global.sql, id:38, sql:[select * from test_global left join global_table2 on test_global.pad=global_table2.pad order by test_global.id,global_table2.id]===
===file:select/join_global.sql, id:39, sql:[select * from test_global right join global_table2 on test_global.pad=global_table2.pad order by test_global.id,global_table2.id]===
===file:select/join_global.sql, id:40, sql:[select * from test_global left outer join global_table2 on test_global.pad=global_table2.pad order by test_global.id,global_table2.id]===
===file:select/join_global.sql, id:41, sql:[select * from test_global right outer join global_table2 on test_global.pad=global_table2.pad order by test_global.id,global_table2.id]===
===file:select/join_global.sql, id:42, sql:[select * from test_global left join global_table2 using(pad) order by test_global.id,global_table2.id]===
===file:select/join_global.sql, id:43, sql:[select * from test_global a left join global_table2 b on a.pad=b.pad order by a.id,b.id]===
===file:select/join_global.sql, id:44, sql:[select * from test_global a right join global_table2 b on a.pad=b.pad order by a.id,b.id]===
===file:select/join_global.sql, id:45, sql:[select * from test_global a left outer join global_table2 b on a.pad=b.pad order by a.id,b.id]===
===file:select/join_global.sql, id:46, sql:[select * from test_global a right outer join global_table2 b on a.pad=b.pad order by a.id,b.id]===
===file:select/join_global.sql, id:47, sql:[select * from test_global a left join global_table2 b using(pad) order by a.id,b.id]===
===file:select/join_global.sql, id:48, sql:[select * from test_global a left join (select * from global_table2 where pad>2) b on a.pad=b.pad order by a.id,b.id]===
===file:select/join_global.sql, id:49, sql:[select * from test_global a right join (select * from global_table2 where pad>2) b on a.pad=b.pad order by a.id,b.id]===
===file:select/join_global.sql, id:50, sql:[select * from test_global a left outer join (select * from global_table2 where pad>2) b on a.pad=b.pad order by a.id,b.id]===
===file:select/join_global.sql, id:51, sql:[select * from test_global a right outer join (select * from global_table2 where pad>2) b on a.pad=b.pad order by a.id,b.id]===
===file:select/join_global.sql, id:52, sql:[select * from test_global a left join (select * from global_table2 where pad>2) b using(pad) order by a.id,b.id]===
===file:select/join_global.sql, id:53, sql:[select * from (select * from test_global where pad>1) a left join (select * from global_table2 where pad>3) b on a.pad=b.pad order by a.id,b.id]===
===file:select/join_global.sql, id:54, sql:[select * from (select * from test_global where pad>1) a right join (select * from global_table2 where pad>3) b on a.pad=b.pad order by a.id,b.id]===
===file:select/join_global.sql, id:55, sql:[select * from (select * from test_global where pad>1) a left outer join (select * from global_table2 where pad>3) b on a.pad=b.pad order by a.id,b.id]===
===file:select/join_global.sql, id:56, sql:[select * from (select * from test_global where pad>1) a right outer join (select * from global_table2 where pad>3) b on a.pad=b.pad order by a.id,b.id]===
===file:select/join_global.sql, id:57, sql:[select * from (select * from test_global where pad>1) a left join (select * from global_table2 where pad>3) b using(pad) order by a.id,b.id]===
===file:select/join_global.sql, id:58, sql:[select * from test_global natural left join global_table2]===
===file:select/join_global.sql, id:59, sql:[select * from test_global natural right join global_table2]===
===file:select/join_global.sql, id:60, sql:[select * from test_global natural left outer join global_table2]===
===file:select/join_global.sql, id:61, sql:[select * from test_global natural right outer join global_table2]===
===file:select/join_global.sql, id:62, sql:[select * from test_global a natural left join global_table2 b order by a.id,b.id]===
===file:select/join_global.sql, id:63, sql:[select * from test_global a natural right join global_table2 b order by a.id,b.id]===
===file:select/join_global.sql, id:64, sql:[select * from test_global a natural left outer join global_table2 b order by a.id,b.id]===
===file:select/join_global.sql, id:65, sql:[select * from test_global a natural right outer join global_table2 b order by a.id,b.id]===
===file:select/join_global.sql, id:66, sql:[select * from test_global a natural left join (select * from global_table2 where pad>2) b order by a.id,b.id]===
===file:select/join_global.sql, id:67, sql:[select * from test_global a natural right join (select * from global_table2 where pad>2) b order by a.id,b.id]===
===file:select/join_global.sql, id:68, sql:[select * from test_global a natural left outer join (select * from global_table2 where pad>2) b order by a.id,b.id]===
===file:select/join_global.sql, id:69, sql:[select * from test_global a natural right outer join (select * from global_table2 where pad>2) b order by a.id,b.id]===
===file:select/join_global.sql, id:70, sql:[select * from (select * from test_global where pad>1) a natural left join (select * from global_table2 where pad>3) b order by a.id,b.id]===
===file:select/join_global.sql, id:71, sql:[select * from (select * from test_global where pad>1) a natural right join (select * from global_table2 where pad>3) b order by a.id,b.id]===
===file:select/join_global.sql, id:72, sql:[select * from (select * from test_global where pad>1) a natural left outer join (select * from global_table2 where pad>3) b order by a.id,b.id]===
===file:select/join_global.sql, id:73, sql:[select * from (select * from test_global where pad>1) a natural right outer join (select * from global_table2 where pad>3) b order by a.id,b.id]===
===file:select/join_global.sql, id:74, sql:[select * from test_global left join global_table2 on test_global.pad=global_table2.pad and test_global.id>3 order by test_global.id,global_table2.id]===
===file:select/join_global.sql, id:78, sql:[(select pad from test_global) union distinct (select pad from global_table2)]===
===file:select/join_global.sql, id:80, sql:[select distinct a.pad from test_global a,global_table2 b where a.pad=b.pad]===
===file:select/join_global.sql, id:81, sql:[select distinct b.pad,a.pad from test_global a,(select * from global_table2 where pad=1) b where a.t_id=b.o_id]===
===file:select/join_global.sql, id:82, sql:[select count(distinct pad,name),avg(distinct t_id) from test_global]===
===file:select/join_global.sql, id:83, sql:[select count(distinct id),sum(distinct name) from test_global where id=3 or id=7]===
