===file:select/join.sql, id:81, sql:[select * from a_test natural right join a_order]===
dble:[[(1L, 'order\xe4\xb8\xadid\xe4\xb8\xba1', 1L, None, 1L), (2L, 'test_2', 2L, 2L, 2L), (3L, 'order\xe4\xb8\xadid\xe4\xb8\xba3', 3L, None, 3L), (4L, '$order$4', 4L, None, 4L), (5L, 'order...5', 1L, None, 5L)]]
mysql:[[(1L, 'order\xe4\xb8\xadid\xe4\xb8\xba1', 1L, 1L, None), (2L, 'test_2', 2L, 2L, 2L), (3L, 'order\xe4\xb8\xadid\xe4\xb8\xba3', 3L, 3L, None), (4L, '$order$4', 4L, 4L, None), (5L, 'order...5', 1L, 5L, None)]]
===file:select/join.sql, id:83, sql:[select * from a_test natural right outer join a_order]===
dble:[[(1L, 'order\xe4\xb8\xadid\xe4\xb8\xba1', 1L, None, 1L), (2L, 'test_2', 2L, 2L, 2L), (3L, 'order\xe4\xb8\xadid\xe4\xb8\xba3', 3L, None, 3L), (4L, '$order$4', 4L, None, 4L), (5L, 'order...5', 1L, None, 5L)]]
mysql:[[(1L, 'order\xe4\xb8\xadid\xe4\xb8\xba1', 1L, 1L, None), (2L, 'test_2', 2L, 2L, 2L), (3L, 'order\xe4\xb8\xadid\xe4\xb8\xba3', 3L, 3L, None), (4L, '$order$4', 4L, 4L, None), (5L, 'order...5', 1L, 5L, None)]]
===file:select/join.sql, id:85, sql:[select * from a_test a natural right join a_order b order by a.id,b.id]===
dble:[((1L, 'order\xe4\xb8\xadid\xe4\xb8\xba1', 1L, None, 1L), (3L, 'order\xe4\xb8\xadid\xe4\xb8\xba3', 3L, None, 3L), (4L, '$order$4', 4L, None, 4L), (5L, 'order...5', 1L, None, 5L), (2L, 'test_2', 2L, 2L, 2L))]
mysql:[((1L, 'order\xe4\xb8\xadid\xe4\xb8\xba1', 1L, 1L, None), (3L, 'order\xe4\xb8\xadid\xe4\xb8\xba3', 3L, 3L, None), (4L, '$order$4', 4L, 4L, None), (5L, 'order...5', 1L, 5L, None), (2L, 'test_2', 2L, 2L, 2L))]
===file:select/join.sql, id:87, sql:[select * from a_test a natural right outer join a_order b order by a.id,b.id]===
dble:[((1L, 'order\xe4\xb8\xadid\xe4\xb8\xba1', 1L, None, 1L), (3L, 'order\xe4\xb8\xadid\xe4\xb8\xba3', 3L, None, 3L), (4L, '$order$4', 4L, None, 4L), (5L, 'order...5', 1L, None, 5L), (2L, 'test_2', 2L, 2L, 2L))]
mysql:[((1L, 'order\xe4\xb8\xadid\xe4\xb8\xba1', 1L, 1L, None), (3L, 'order\xe4\xb8\xadid\xe4\xb8\xba3', 3L, 3L, None), (4L, '$order$4', 4L, 4L, None), (5L, 'order...5', 1L, 5L, None), (2L, 'test_2', 2L, 2L, 2L))]
===file:select/join.sql, id:89, sql:[select * from a_test a natural right join (select * from a_order where pad>2) b order by a.id,b.id]===
dble:[((3L, 'order\xe4\xb8\xadid\xe4\xb8\xba3', 3L, None, 3L), (4L, '$order$4', 4L, None, 4L))]
mysql:[((3L, 'order\xe4\xb8\xadid\xe4\xb8\xba3', 3L, 3L, None), (4L, '$order$4', 4L, 4L, None))]
===file:select/join.sql, id:91, sql:[select * from a_test a natural right outer join (select * from a_order where pad>2) b order by a.id,b.id]===
dble:[((3L, 'order\xe4\xb8\xadid\xe4\xb8\xba3', 3L, None, 3L), (4L, '$order$4', 4L, None, 4L))]
mysql:[((3L, 'order\xe4\xb8\xadid\xe4\xb8\xba3', 3L, 3L, None), (4L, '$order$4', 4L, 4L, None))]
===file:select/join.sql, id:93, sql:[select * from (select * from a_test where pad>1) a natural right join (select * from a_order where pad>3) b order by a.id,b.id]===
dble:[((4L, '$order$4', 4L, None, 4L),)]
mysql:[((4L, '$order$4', 4L, 4L, None),)]
===file:select/join.sql, id:95, sql:[select * from (select * from a_test where pad>1) a natural right outer join (select * from a_order where pad>3) b order by a.id,b.id]===
dble:[((4L, '$order$4', 4L, None, 4L),)]
mysql:[((4L, '$order$4', 4L, 4L, None),)]
===file:select/join.sql, id:147, sql:[(select * from a_test left join a_order on a_test.pad=a_order.pad order by a_test.id,a_order.id)union (select * from a_order left join a_manager on a_order.pad=a_manager.pad)]===
dble:[((1L, 1L, 'order\xe4\xb8\xadid\xe4\xb8\xba1', 1L, 1L, 1L, 'order\xe4\xb8\xadid\xe4\xb8\xba1', 1L), (5L, 5L, 'order...5', 1L, 5L, 1L, 'order...5', 1L), (2L, 2L, 'test_2', 2L, 2L, 2L, 'test_2', 2L), (3L, 3L, 'order\xe4\xb8\xadid\xe4\xb8\xba3', 3L, 3L, 3L, 'order\xe4\xb8\xadid\xe4\xb8\xba3', 3L), (4L, 4L, '$order$4', 4L, 4L, 4L, '$order$4', 4L), (1L, 1L, 'test\xe4\xb8\xadid\xe4\xb8\xba1', 1L, 1L, 1L, 'test\xe4\xb8\xadid\xe4\xb8\xba1', 1L), (1L, 1L, 'test\xe4\xb8\xadid\xe4\xb8\xba1', 1L, 1L, 5L, 'test\xe4\xb8\xadid\xe4\xb8\xba1', 1L), (3L, 3L, 'test\xe4\xb8\xadid\xe4\xb8\xba3', 4L, 3L, 4L, 'test\xe4\xb8\xadid\xe4\xb8\xba3', 4L), (4L, 4L, '$test$4', 3L, 4L, 3L, '$test$4', 3L), (5L, 5L, 'test...5', 1L, 5L, 1L, 'test...5', 1L), (5L, 5L, 'test...5', 1L, 5L, 5L, 'test...5', 1L), (6L, 6L, 'test6', 6L, 6L, None, 'test6', 6L))]
mysql:[((1L, 1L, 'test\xe4\xb8\xadid\xe4\xb8\xba1', 1L, 1L, 1L, 'order\xe4\xb8\xadid\xe4\xb8\xba1', 1L), (5L, 5L, 'test...5', 1L, 1L, 1L, 'order\xe4\xb8\xadid\xe4\xb8\xba1', 1L), (2L, 2L, 'test_2', 2L, 2L, 2L, 'test_2', 2L), (4L, 4L, '$test$4', 3L, 3L, 3L, 'order\xe4\xb8\xadid\xe4\xb8\xba3', 3L), (3L, 3L, 'test\xe4\xb8\xadid\xe4\xb8\xba3', 4L, 4L, 4L, '$order$4', 4L), (1L, 1L, 'test\xe4\xb8\xadid\xe4\xb8\xba1', 1L, 5L, 5L, 'order...5', 1L), (5L, 5L, 'test...5', 1L, 5L, 5L, 'order...5', 1L), (6L, 6L, 'test6', 6L, None, None, None, None), (1L, 1L, 'order\xe4\xb8\xadid\xe4\xb8\xba1', 1L, 1L, 1L, 'manager\xe4\xb8\xadid\xe4\xb8\xba1', 1L), (5L, 5L, 'order...5', 1L, 1L, 1L, 'manager\xe4\xb8\xadid\xe4\xb8\xba1', 1L), (3L, 3L, 'order\xe4\xb8\xadid\xe4\xb8\xba3', 3L, 3L, 3L, 'manager\xe4\xb8\xadid\xe4\xb8\xba3', 3L), (4L, 4L, '$order$4', 4L, 4L, 4L, '$manager$4', 4L))]
