===file:select/join.sql, id:4, sql:[drop table if exists a_test;]===
===file:select/join.sql, id:5, sql:[drop table if exists a_order;]===
===file:select/join.sql, id:6, sql:[drop table if exists a_manager;]===
===file:select/join.sql, id:7, sql:[CREATE TABLE a_test(`id` int(10) unsigned NOT NULL,`t_id` int(10) unsigned NOT NULL DEFAULT '0',`name` char(120) NOT NULL DEFAULT '',`pad` int(11) NOT NULL,PRIMARY KEY (`id`),KEY `k_1` (`t_id`))DEFAULT CHARSET=UTF8;]===
===file:select/join.sql, id:8, sql:[CREATE TABLE a_order(`id` int(10) unsigned NOT NULL,`o_id` int(10) unsigned NOT NULL DEFAULT '0',`name` char(120) NOT NULL DEFAULT '',`pad` int(11) NOT NULL,PRIMARY KEY (`id`),KEY `k_1` (`o_id`))DEFAULT CHARSET=UTF8;]===
===file:select/join.sql, id:9, sql:[CREATE TABLE a_manager(`id` int(10) unsigned NOT NULL,`m_id` int(10) unsigned NOT NULL DEFAULT '0',`name` char(120) NOT NULL DEFAULT '',`pad` int(11) NOT NULL,PRIMARY KEY (`id`),KEY `k_1` (`m_id`))DEFAULT CHARSET=UTF8;]===
===file:select/join.sql, id:10, sql:[insert into a_test values(1,1,'test中id为1',1),(2,2,'test_2',2),(3,3,'test中id为3',4),(4,4,'$test$4',3),(5,5,'test...5',1),(6,6,'test6',6);]===
===file:select/join.sql, id:11, sql:[insert into a_order values(1,1,'order中id为1',1),(2,2,'test_2',2),(3,3,'order中id为3',3),(4,4,'$order$4',4),(5,5,'order...5',1);]===
===file:select/join.sql, id:12, sql:[insert into a_manager values(1,1,'manager中id为1',1),(2,2,'test_2',2),(3,3,'manager中id为3',3),(4,4,'$manager$4',4),(5,5,'manager...5',6);]===
===file:select/join.sql, id:16, sql:[select * from a_test,a_order where a_test.pad=a_order.pad]===
===file:select/join.sql, id:17, sql:[select * from a_test a,a_order b where a.pad=b.pad]===
===file:select/join.sql, id:18, sql:[select distinct a_test.id from a_test,a_order where a_test.pad=a_order.pad;]===
===file:select/join.sql, id:19, sql:[select a.id,b.id,b.pad,a.t_id from a_test a,(select * from a_order where pad>3) b where a.t_id=b.o_id]===
===file:select/join.sql, id:20, sql:[select a.id,b.id,b.pad,a.t_id from (select id,t_id from a_test) a,(select * from a_order) b where a.t_id=b.o_id]===
===file:select/join.sql, id:21, sql:[select a.id,b.id,b.pad,a.t_id from (select a_test.id,a_test.pad,a_test.t_id from a_test join a_order where a_test.pad=a_order.pad ) a,(select a_manager.id,a_manager.pad from a_test join a_manager where a_test.pad=a_manager.pad) b where a.pad=b.pad]===
===file:select/join.sql, id:22, sql:[select a_test.id,a_test.name,a.name from a_test,(select name from a_order) a]===
===file:select/join.sql, id:26, sql:[select * from a_test inner join a_order order by a_test.id,a_order.id]===
===file:select/join.sql, id:27, sql:[select * from a_test cross join a_order order by a_test.id,a_order.id]===
===file:select/join.sql, id:28, sql:[select * from a_test join a_order order by a_test.id,a_order.id]===
===file:select/join.sql, id:29, sql:[select a.id,a.name,a.pad,b.name from a_test a inner join a_order b order by a.id,b.id]===
===file:select/join.sql, id:30, sql:[select a.id,a.name,a.pad,b.name from a_test a cross join a_order b order by a.id,b.id]===
===file:select/join.sql, id:31, sql:[select a.id,a.name,a.pad,b.name from a_test a join a_order b order by a.id,b.id]===
===file:select/join.sql, id:32, sql:[select * from a_test a inner join (select * from a_order where pad>2) b order by a.id,b.id]===
===file:select/join.sql, id:33, sql:[select * from a_test a cross join (select * from a_order where pad>2) b order by a.id,b.id]===
===file:select/join.sql, id:34, sql:[select * from a_test a join (select * from a_order where pad>2) b order by a.id,b.id]===
===file:select/join.sql, id:35, sql:[select * from (select * from a_test where pad>2) a inner join (select * from a_order where pad>2) b order by a.id,b.id]===
===file:select/join.sql, id:36, sql:[select * from (select * from a_test where pad>2) a cross join (select * from a_order where pad>2) b order by a.id,b.id]===
===file:select/join.sql, id:37, sql:[select * from (select * from a_test where pad>2) a join (select * from a_order where pad>2) b order by a.id,b.id]===
===file:select/join.sql, id:38, sql:[select * from a_test a join (select * from a_order where pad>2) b on a.id<b.id and a.pad=b.pad order by a.id,b.id]===
===file:select/join.sql, id:39, sql:[select * from a_test a join (select * from a_order where pad>2) b  using(pad) order by a.id,b.id]===
===file:select/join.sql, id:40, sql:[select * from a_test a join a_order as b order by a.id,b.id;]===
===file:select/join.sql, id:41, sql:[select * from a_test a inner join a_order b order by a.id,b.id;]===
===file:select/join.sql, id:42, sql:[select * from a_test a cross join a_order b order by a.id,b.id;]===
===file:select/join.sql, id:43, sql:[select * from a_test straight_join a_order order by a_test.id,a_order.id;]===
===file:select/join.sql, id:44, sql:[select a.id,a.name,a.pad,b.name from a_test a straight_join a_order b order by a.id,b.id;]===
===file:select/join.sql, id:48, sql:[select * from a_test straight_join a_order order by a_test.id,a_order.id]===
===file:select/join.sql, id:49, sql:[select a.id,a.name,a.pad,b.name from a_test a straight_join a_order b order by a.id,b.id]===
===file:select/join.sql, id:50, sql:[select * from a_test a straight_join (select * from a_order where pad>0) b order by a.id,b.id]===
===file:select/join.sql, id:51, sql:[select * from (select * from a_test where pad>0) a straight_join (select * from a_order where pad>0) b order by a.id,b.id]===
===file:select/join.sql, id:52, sql:[select * from a_test a straight_join (select * from a_order where pad>0) b on a.id<b.id and a.pad=b.pad order by a.id,b.id]===
===file:select/join.sql, id:53, sql:[select a.id,a.name,a.pad,b.name from a_test a straight_join a_order b on a.pad=b.pad;]===
===file:select/join.sql, id:57, sql:[select * from a_test left join a_order on a_test.pad=a_order.pad order by a_test.id,a_order.id]===
===file:select/join.sql, id:58, sql:[select * from a_test right join a_order on a_test.pad=a_order.pad order by a_test.id,a_order.id]===
===file:select/join.sql, id:59, sql:[select * from a_test left outer join a_order on a_test.pad=a_order.pad order by a_test.id,a_order.id]===
===file:select/join.sql, id:60, sql:[select * from a_test right outer join a_order on a_test.pad=a_order.pad order by a_test.id,a_order.id]===
===file:select/join.sql, id:61, sql:[select * from a_test left join a_order using(pad) order by a_test.id,a_order.id]===
===file:select/join.sql, id:62, sql:[select * from a_test a left join a_order b on a.pad=b.pad order by a.id,b.id]===
===file:select/join.sql, id:63, sql:[select * from a_test a right join a_order b on a.pad=b.pad order by a.id,b.id]===
===file:select/join.sql, id:64, sql:[select * from a_test a left outer join a_order b on a.pad=b.pad order by a.id,b.id]===
===file:select/join.sql, id:65, sql:[select * from a_test a right outer join a_order b on a.pad=b.pad order by a.id,b.id]===
===file:select/join.sql, id:66, sql:[select * from a_test a left join a_order b using(pad) order by a.id,b.id]===
===file:select/join.sql, id:67, sql:[select * from a_test a left join (select * from a_order where pad>2) b on a.pad=b.pad order by a.id,b.id]===
===file:select/join.sql, id:68, sql:[select * from a_test a right join (select * from a_order where pad>2) b on a.pad=b.pad order by a.id,b.id]===
===file:select/join.sql, id:69, sql:[select * from a_test a left outer join (select * from a_order where pad>2) b on a.pad=b.pad order by a.id,b.id]===
===file:select/join.sql, id:70, sql:[select * from a_test a right outer join (select * from a_order where pad>2) b on a.pad=b.pad order by a.id,b.id]===
===file:select/join.sql, id:71, sql:[select * from a_test a left join (select * from a_order where pad>2) b using(pad) order by a.id,b.id]===
===file:select/join.sql, id:72, sql:[select * from (select * from a_test where pad>1) a left join (select * from a_order where pad>3) b on a.pad=b.pad order by a.id,b.id]===
===file:select/join.sql, id:73, sql:[select * from (select * from a_test where pad>1) a right join (select * from a_order where pad>3) b on a.pad=b.pad order by a.id,b.id]===
===file:select/join.sql, id:74, sql:[select * from (select * from a_test where pad>1) a left outer join (select * from a_order where pad>3) b on a.pad=b.pad order by a.id,b.id]===
===file:select/join.sql, id:75, sql:[select * from (select * from a_test where pad>1) a right outer join (select * from a_order where pad>3) b on a.pad=b.pad order by a.id,b.id]===
===file:select/join.sql, id:76, sql:[select * from (select * from a_test where pad>1) a left join (select * from a_order where pad>3) b using(pad) order by a.id,b.id]===
===file:select/join.sql, id:80, sql:[select * from a_test natural left join a_order]===
===file:select/join.sql, id:81, sql:[select * from a_test natural right join a_order]===
===file:select/join.sql, id:82, sql:[select * from a_test natural left outer join a_order]===
===file:select/join.sql, id:83, sql:[select * from a_test natural right outer join a_order]===
===file:select/join.sql, id:84, sql:[select * from a_test a natural left join a_order b order by a.id,b.id]===
===file:select/join.sql, id:85, sql:[select * from a_test a natural right join a_order b order by a.id,b.id]===
===file:select/join.sql, id:86, sql:[select * from a_test a natural left outer join a_order b order by a.id,b.id]===
===file:select/join.sql, id:87, sql:[select * from a_test a natural right outer join a_order b order by a.id,b.id]===
===file:select/join.sql, id:88, sql:[select * from a_test a natural left join (select * from a_order where pad>2) b order by a.id,b.id]===
===file:select/join.sql, id:89, sql:[select * from a_test a natural right join (select * from a_order where pad>2) b order by a.id,b.id]===
===file:select/join.sql, id:90, sql:[select * from a_test a natural left outer join (select * from a_order where pad>2) b order by a.id,b.id]===
===file:select/join.sql, id:91, sql:[select * from a_test a natural right outer join (select * from a_order where pad>2) b order by a.id,b.id]===
===file:select/join.sql, id:92, sql:[select * from (select * from a_test where pad>1) a natural left join (select * from a_order where pad>3) b order by a.id,b.id]===
===file:select/join.sql, id:93, sql:[select * from (select * from a_test where pad>1) a natural right join (select * from a_order where pad>3) b order by a.id,b.id]===
===file:select/join.sql, id:94, sql:[select * from (select * from a_test where pad>1) a natural left outer join (select * from a_order where pad>3) b order by a.id,b.id]===
===file:select/join.sql, id:95, sql:[select * from (select * from a_test where pad>1) a natural right outer join (select * from a_order where pad>3) b order by a.id,b.id]===
===file:select/join.sql, id:99, sql:[select * from a_test left join a_order on a_test.pad=a_order.pad and a_test.id>3 order by a_test.id,a_order.id]===
===file:select/join.sql, id:103, sql:[SELECT DISTINCT a_test.id FROM a_test,a_order where a_test.pad=a_order.pad;]===
===file:select/join.sql, id:107, sql:[select  * from a_test a left join a_order b on a.pad=b.pad where b.pad is null;]===
===file:select/join.sql, id:108, sql:[select  * from a_test a left join a_order b on a.pad=b.pad where b.pad is not null;]===
===file:select/join.sql, id:109, sql:[select  * from a_test a left join a_order b on a.pad=b.pad where b.pad in(2,3,null);]===
===file:select/join.sql, id:110, sql:[select * from a_test a left join a_order b on a.pad=b.pad where a.t_id>b.o_id;]===
===file:select/join.sql, id:111, sql:[select * from a_test a left join a_order b on a.pad=b.pad where a.t_id<b.o_id;]===
===file:select/join.sql, id:112, sql:[select * from a_test a left join a_order b on a.pad=b.pad where a.t_id=b.o_id;]===
===file:select/join.sql, id:116, sql:[select  count(*) from a_test a left join a_order b on a.pad=b.pad group by b.pad;]===
===file:select/join.sql, id:117, sql:[select * from a_test a left join (select * from a_order where pad>2 order by id) b on a.pad=b.pad;]===
===file:select/join.sql, id:118, sql:[select * from a_test a left join (select pad,count(*) from a_order group by pad) b on a.pad=b.pad;]===
===file:select/join.sql, id:122, sql:[select * from a_test union select * from a_order;]===
===file:select/join.sql, id:123, sql:[select * from a_test union all select * from a_order;]===
===file:select/join.sql, id:124, sql:[select * from a_test union distinct select * from a_order;]===
===file:select/join.sql, id:125, sql:[select * from a_test union (select * from a_order);]===
===file:select/join.sql, id:126, sql:[(select * from a_test) union (select * from a_order);]===
===file:select/join.sql, id:127, sql:[select * from a_test union select * from a_order;]===
===file:select/join.sql, id:128, sql:[(select * from a_test order by id)union select * from a_order;]===
===file:select/join.sql, id:129, sql:[select * from a_test union (select * from a_order order by id);]===
===file:select/join.sql, id:130, sql:[select * from a_test union select * from a_order order by id;]===
===file:select/join.sql, id:131, sql:[(select * from a_test) union (select * from a_order) order by id;]===
===file:select/join.sql, id:132, sql:[(select pad from a_test) union distinct (select pad from a_order)]===
===file:select/join.sql, id:133, sql:[select distinct a.pad from a_test a,a_order b where a.pad=b.pad;]===
===file:select/join.sql, id:134, sql:[(select * from a_test where id=2) union distinct (select * from a_order where id=2)]===
===file:select/join.sql, id:135, sql:[select distinct a.pad from a_test a,a_order b where a.pad=b.pad]===
===file:select/join.sql, id:136, sql:[select distinct b.pad,a.pad from a_test a,(select * from a_order where pad=1) b where a.t_id=b.o_id]===
===file:select/join.sql, id:137, sql:[select count(distinct pad,name),avg(distinct t_id) from a_test]===
===file:select/join.sql, id:138, sql:[select count(distinct id),sum(distinct name) from a_test where id=3 or id=7]===
===file:select/join.sql, id:139, sql:[select * from a_test union all select * from a_manager union all select * from a_order;]===
===file:select/join.sql, id:140, sql:[select * from a_test union distinct select * from a_manager union distinct select * from a_order;]===
===file:select/join.sql, id:141, sql:[(select name from a_test where pad=1 order by id limit 10) union all (select name from a_order where pad=1 order by id limit 10);]===
===file:select/join.sql, id:142, sql:[(select name from a_test where pad=1 order by id limit 10) union distinct (select name from a_order where pad=1 order by id limit 10);]===
===file:select/join.sql, id:143, sql:[(select * from a_test where pad=1) union (select * from a_order where pad=1) order by id limit 10;]===
===file:select/join.sql, id:144, sql:[(select name as sort_a from a_test where pad=1) union (select name from a_order where pad=1) order by sort_a limit 10;]===
===file:select/join.sql, id:145, sql:[(select name as sort_a,pad from a_test where pad=1) union (select name,pad from a_order where pad=1) order by sort_a,pad limit 10;]===
===file:select/join.sql, id:146, sql:[select 1 union select 1;]===
===file:select/join.sql, id:147, sql:[(select * from a_test left join a_order on a_test.pad=a_order.pad order by a_test.id,a_order.id)union (select * from a_order left join a_manager on a_order.pad=a_manager.pad);]===
===file:select/join.sql, id:148, sql:[select * from a_manager,(select * from a_test where id>3 union select * from a_order where id<2) a ;]===
===file:select/join.sql, id:149, sql:[(select * from a_test order by id limit 0,3) union (select * from a_manager order by id limit 10,3) union (select * from a_order order by id limit 20,3);]===
===file:select/join.sql, id:153, sql:[select a.id,b.id,c.pad from a_test a,a_order b,a_manager c where a.id=b.id and a.id=c.pad]===
===file:select/join.sql, id:154, sql:[drop table if exists a_test]===
===file:select/join.sql, id:155, sql:[drop table if exists a_order]===
===file:select/join.sql, id:156, sql:[drop table if exists a_manager]===
