===file:select/join_no_er.sql, id:59, sql:[select * from a_test natural right join a_two]===
dble:[[(1L, 'order\xe4\xb8\xadid\xe4\xb8\xba1', 1L, None, 1L), (2L, 'test_2', 2L, 2L, 2L), (3L, 'order\xe4\xb8\xadid\xe4\xb8\xba3', 3L, None, 3L), (4L, '$order$4', 4L, None, 4L), (5L, 'order...5', 1L, None, 5L)]]
mysql:[[(1L, 'order\xe4\xb8\xadid\xe4\xb8\xba1', 1L, 1L, None), (2L, 'test_2', 2L, 2L, 2L), (3L, 'order\xe4\xb8\xadid\xe4\xb8\xba3', 3L, 3L, None), (4L, '$order$4', 4L, 4L, None), (5L, 'order...5', 1L, 5L, None)]]
===file:select/join_no_er.sql, id:61, sql:[select * from a_test natural right outer join a_two]===
dble:[[(1L, 'order\xe4\xb8\xadid\xe4\xb8\xba1', 1L, None, 1L), (2L, 'test_2', 2L, 2L, 2L), (3L, 'order\xe4\xb8\xadid\xe4\xb8\xba3', 3L, None, 3L), (4L, '$order$4', 4L, None, 4L), (5L, 'order...5', 1L, None, 5L)]]
mysql:[[(1L, 'order\xe4\xb8\xadid\xe4\xb8\xba1', 1L, 1L, None), (2L, 'test_2', 2L, 2L, 2L), (3L, 'order\xe4\xb8\xadid\xe4\xb8\xba3', 3L, 3L, None), (4L, '$order$4', 4L, 4L, None), (5L, 'order...5', 1L, 5L, None)]]
===file:select/join_no_er.sql, id:63, sql:[select * from a_test a natural right join a_two b order by a.id,b.id]===
dble:[((1L, 'order\xe4\xb8\xadid\xe4\xb8\xba1', 1L, None, 1L), (3L, 'order\xe4\xb8\xadid\xe4\xb8\xba3', 3L, None, 3L), (4L, '$order$4', 4L, None, 4L), (5L, 'order...5', 1L, None, 5L), (2L, 'test_2', 2L, 2L, 2L))]
mysql:[((1L, 'order\xe4\xb8\xadid\xe4\xb8\xba1', 1L, 1L, None), (3L, 'order\xe4\xb8\xadid\xe4\xb8\xba3', 3L, 3L, None), (4L, '$order$4', 4L, 4L, None), (5L, 'order...5', 1L, 5L, None), (2L, 'test_2', 2L, 2L, 2L))]
===file:select/join_no_er.sql, id:65, sql:[select * from a_test a natural right outer join a_two b order by a.id,b.id]===
dble:[((1L, 'order\xe4\xb8\xadid\xe4\xb8\xba1', 1L, None, 1L), (3L, 'order\xe4\xb8\xadid\xe4\xb8\xba3', 3L, None, 3L), (4L, '$order$4', 4L, None, 4L), (5L, 'order...5', 1L, None, 5L), (2L, 'test_2', 2L, 2L, 2L))]
mysql:[((1L, 'order\xe4\xb8\xadid\xe4\xb8\xba1', 1L, 1L, None), (3L, 'order\xe4\xb8\xadid\xe4\xb8\xba3', 3L, 3L, None), (4L, '$order$4', 4L, 4L, None), (5L, 'order...5', 1L, 5L, None), (2L, 'test_2', 2L, 2L, 2L))]
===file:select/join_no_er.sql, id:67, sql:[select * from a_test a natural right join (select * from a_two where pad>2) b order by a.id,b.id]===
dble:[((3L, 'order\xe4\xb8\xadid\xe4\xb8\xba3', 3L, None, 3L), (4L, '$order$4', 4L, None, 4L))]
mysql:[((3L, 'order\xe4\xb8\xadid\xe4\xb8\xba3', 3L, 3L, None), (4L, '$order$4', 4L, 4L, None))]
===file:select/join_no_er.sql, id:69, sql:[select * from a_test a natural right outer join (select * from a_two where pad>2) b order by a.id,b.id]===
dble:[((3L, 'order\xe4\xb8\xadid\xe4\xb8\xba3', 3L, None, 3L), (4L, '$order$4', 4L, None, 4L))]
mysql:[((3L, 'order\xe4\xb8\xadid\xe4\xb8\xba3', 3L, 3L, None), (4L, '$order$4', 4L, 4L, None))]
===file:select/join_no_er.sql, id:71, sql:[select * from (select * from a_test where pad>1) a natural right join (select * from a_two where pad>3) b order by a.id,b.id]===
dble:[((4L, '$order$4', 4L, None, 4L),)]
mysql:[((4L, '$order$4', 4L, 4L, None),)]
===file:select/join_no_er.sql, id:73, sql:[select * from (select * from a_test where pad>1) a natural right outer join (select * from a_two where pad>3) b order by a.id,b.id]===
dble:[((4L, '$order$4', 4L, None, 4L),)]
mysql:[((4L, '$order$4', 4L, 4L, None),)]
