===file:select/reference.sql, id:14, sql:[select * from a_test t use index()]===
dble:[None]
mysql:[((1L, 1L, 'test\xe4\xb8\xadid\xe4\xb8\xba1', 1L), (2L, 2L, 'test_2', 2L), (3L, 3L, 'test\xe4\xb8\xadid\xe4\xb8\xba3', 4L), (4L, 4L, '$test$4', 3L), (5L, 5L, 'test...5', 1L), (6L, 6L, 'test6', 6L))]
[05:51:44.644924]dble err :(1064, 'error RPAREN index')
===file:select/reference.sql, id:15, sql:[select * from a_test t use key()]===
dble:[None]
mysql:[((1L, 1L, 'test\xe4\xb8\xadid\xe4\xb8\xba1', 1L), (2L, 2L, 'test_2', 2L), (3L, 3L, 'test\xe4\xb8\xadid\xe4\xb8\xba3', 4L), (4L, 4L, '$test$4', 3L), (5L, 5L, 'test...5', 1L), (6L, 6L, 'test6', 6L))]
[05:51:44.747230]dble err :(1064, 'error RPAREN key')
===file:select/reference.sql, id:26, sql:[select * from a_test ignore key for order by(k_1)]===
dble:[((4L, 4L, '$test$4', 3L), (3L, 3L, 'test\xe4\xb8\xadid\xe4\xb8\xba3', 4L), (2L, 2L, 'test_2', 2L), (6L, 6L, 'test6', 6L), (1L, 1L, 'test\xe4\xb8\xadid\xe4\xb8\xba1', 1L), (5L, 5L, 'test...5', 1L))]
mysql:[((1L, 1L, 'test\xe4\xb8\xadid\xe4\xb8\xba1', 1L), (2L, 2L, 'test_2', 2L), (3L, 3L, 'test\xe4\xb8\xadid\xe4\xb8\xba3', 4L), (4L, 4L, '$test$4', 3L), (5L, 5L, 'test...5', 1L), (6L, 6L, 'test6', 6L))]
===file:select/reference.sql, id:37, sql:[select * from a_test t use key(k_1) use index(pad_index) use index()]===
dble:[None]
mysql:[((1L, 1L, 'test\xe4\xb8\xadid\xe4\xb8\xba1', 1L), (2L, 2L, 'test_2', 2L), (3L, 3L, 'test\xe4\xb8\xadid\xe4\xb8\xba3', 4L), (4L, 4L, '$test$4', 3L), (5L, 5L, 'test...5', 1L), (6L, 6L, 'test6', 6L))]
[05:51:46.873405]dble err :(1064, 'error INDEX index')
===file:select/reference.sql, id:38, sql:[select * from a_test t ignore key(k_1) use index(pad_index) use index()]===
dble:[None]
mysql:[((1L, 1L, 'test\xe4\xb8\xadid\xe4\xb8\xba1', 1L), (2L, 2L, 'test_2', 2L), (3L, 3L, 'test\xe4\xb8\xadid\xe4\xb8\xba3', 4L), (4L, 4L, '$test$4', 3L), (5L, 5L, 'test...5', 1L), (6L, 6L, 'test6', 6L))]
[05:51:46.975414]dble err :(1064, 'error INDEX index')
===file:select/reference.sql, id:39, sql:[select * from a_test t ignore key(k_1) ignore index(pad_index) use index()]===
dble:[None]
mysql:[((1L, 1L, 'test\xe4\xb8\xadid\xe4\xb8\xba1', 1L), (2L, 2L, 'test_2', 2L), (3L, 3L, 'test\xe4\xb8\xadid\xe4\xb8\xba3', 4L), (4L, 4L, '$test$4', 3L), (5L, 5L, 'test...5', 1L), (6L, 6L, 'test6', 6L))]
[05:51:47.078497]dble err :(1064, "syntax error, error in :'k_1) ignore index(pad_index) use in',expect IDENTIFIER, actual IDENTIFIER ignore")
===file:select/reference.sql, id:40, sql:[select * from a_test t force key(k_1) force index(pad_index)]===
dble:[None]
mysql:[((1L, 1L, 'test\xe4\xb8\xadid\xe4\xb8\xba1', 1L), (2L, 2L, 'test_2', 2L), (3L, 3L, 'test\xe4\xb8\xadid\xe4\xb8\xba3', 4L), (4L, 4L, '$test$4', 3L), (5L, 5L, 'test...5', 1L), (6L, 6L, 'test6', 6L))]
[05:51:47.181676]dble err :(1064, "syntax error, error in :'k_1) force index(pad_index)',expect IDENTIFIER, actual IDENTIFIER force")
===file:select/reference.sql, id:58, sql:[(select name from a_test where pad=1 order by id limit 10) union distinct (select name from a_order where pad=1 order by id limit 10)]===
dble:[(('order\xe4\xb8\xadid\xe4\xb8\xba1',), ('order...5',), ('test\xe4\xb8\xadid\xe4\xb8\xba1',), ('test...5',))]
mysql:[(('test\xe4\xb8\xadid\xe4\xb8\xba1',), ('test...5',), ('order\xe4\xb8\xadid\xe4\xb8\xba1',), ('order...5',))]
