===file:select/reference_shard_global.sql, id:14, sql:[select id,t_id,name,pad from a_test t use index()]===
dble:[None]
mysql:[((1L, 1L, 'test\xe4\xb8\xadid\xe4\xb8\xba1', 1L), (2L, 2L, 'test_2', 2L), (3L, 3L, 'test\xe4\xb8\xadid\xe4\xb8\xba3', 4L), (4L, 4L, '$test$4', 3L), (5L, 5L, 'test...5', 1L), (6L, 6L, 'test6', 6L))]
[01:54:56.953518]dble err :(1064, 'error RPAREN index')
===file:select/reference_shard_global.sql, id:15, sql:[select id,t_id,name,pad from a_test t use key()]===
dble:[None]
mysql:[((1L, 1L, 'test\xe4\xb8\xadid\xe4\xb8\xba1', 1L), (2L, 2L, 'test_2', 2L), (3L, 3L, 'test\xe4\xb8\xadid\xe4\xb8\xba3', 4L), (4L, 4L, '$test$4', 3L), (5L, 5L, 'test...5', 1L), (6L, 6L, 'test6', 6L))]
[01:54:57.057296]dble err :(1064, 'error RPAREN key')
===file:select/reference_shard_global.sql, id:26, sql:[select id,t_id,name,pad from a_test ignore key for order by(k_1)]===
dble:[((2L, 2L, 'test_2', 2L), (6L, 6L, 'test6', 6L), (1L, 1L, 'test\xe4\xb8\xadid\xe4\xb8\xba1', 1L), (5L, 5L, 'test...5', 1L), (3L, 3L, 'test\xe4\xb8\xadid\xe4\xb8\xba3', 4L), (4L, 4L, '$test$4', 3L))]
mysql:[((1L, 1L, 'test\xe4\xb8\xadid\xe4\xb8\xba1', 1L), (2L, 2L, 'test_2', 2L), (3L, 3L, 'test\xe4\xb8\xadid\xe4\xb8\xba3', 4L), (4L, 4L, '$test$4', 3L), (5L, 5L, 'test...5', 1L), (6L, 6L, 'test6', 6L))]
===file:select/reference_shard_global.sql, id:37, sql:[select id,t_id,name,pad from a_test t use key(k_1) use index(pad_index) use index()]===
dble:[None]
mysql:[((1L, 1L, 'test\xe4\xb8\xadid\xe4\xb8\xba1', 1L), (2L, 2L, 'test_2', 2L), (3L, 3L, 'test\xe4\xb8\xadid\xe4\xb8\xba3', 4L), (4L, 4L, '$test$4', 3L), (5L, 5L, 'test...5', 1L), (6L, 6L, 'test6', 6L))]
[01:54:59.152374]dble err :(1064, 'error INDEX index')
===file:select/reference_shard_global.sql, id:38, sql:[select id,t_id,name,pad from a_test t ignore key(k_1) use index(pad_index) use index()]===
dble:[None]
mysql:[((1L, 1L, 'test\xe4\xb8\xadid\xe4\xb8\xba1', 1L), (2L, 2L, 'test_2', 2L), (3L, 3L, 'test\xe4\xb8\xadid\xe4\xb8\xba3', 4L), (4L, 4L, '$test$4', 3L), (5L, 5L, 'test...5', 1L), (6L, 6L, 'test6', 6L))]
[01:54:59.255305]dble err :(1064, 'error INDEX index')
===file:select/reference_shard_global.sql, id:39, sql:[select id,t_id,name,pad from a_test t ignore key(k_1) ignore index(pad_index) use index()]===
dble:[None]
mysql:[((1L, 1L, 'test\xe4\xb8\xadid\xe4\xb8\xba1', 1L), (2L, 2L, 'test_2', 2L), (3L, 3L, 'test\xe4\xb8\xadid\xe4\xb8\xba3', 4L), (4L, 4L, '$test$4', 3L), (5L, 5L, 'test...5', 1L), (6L, 6L, 'test6', 6L))]
[01:54:59.359605]dble err :(1064, "syntax error, error in :'k_1) ignore index(pad_index) use in',expect IDENTIFIER, actual IDENTIFIER ignore")
===file:select/reference_shard_global.sql, id:40, sql:[select id,t_id,name,pad from a_test t force key(k_1) force index(pad_index)]===
dble:[None]
mysql:[((1L, 1L, 'test\xe4\xb8\xadid\xe4\xb8\xba1', 1L), (2L, 2L, 'test_2', 2L), (3L, 3L, 'test\xe4\xb8\xadid\xe4\xb8\xba3', 4L), (4L, 4L, '$test$4', 3L), (5L, 5L, 'test...5', 1L), (6L, 6L, 'test6', 6L))]
[01:54:59.465138]dble err :(1064, "syntax error, error in :'k_1) force index(pad_index)',expect IDENTIFIER, actual IDENTIFIER force")
