===file:select/reference_global_noshard.sql, id:4, sql:[drop table if exists test_global]===
dble:[[]]
===file:select/reference_global_noshard.sql, id:5, sql:[drop table if exists a_order_no_shard]===
dble:[[]]
===file:select/reference_global_noshard.sql, id:6, sql:[drop table if exists a_manager]===
dble:[[]]
===file:select/reference_global_noshard.sql, id:7, sql:[CREATE TABLE test_global(`id` int(10) unsigned NOT NULL,`t_id` int(10) unsigned NOT NULL DEFAULT '0',`name` char(120) NOT NULL DEFAULT '',`pad` int(11) NOT NULL,PRIMARY KEY (`id`),KEY `k_1` (`t_id`))DEFAULT CHARSET=UTF8]===
dble:[[]]
===file:select/reference_global_noshard.sql, id:8, sql:[CREATE TABLE a_order_no_shard(`id` int(10) unsigned NOT NULL,`o_id` int(10) unsigned NOT NULL DEFAULT '0',`name` char(120) NOT NULL DEFAULT '',`pad` int(11) NOT NULL,PRIMARY KEY (`id`),KEY `k_1` (`o_id`))DEFAULT CHARSET=UTF8]===
dble:[[]]
===file:select/reference_global_noshard.sql, id:9, sql:[CREATE TABLE a_manager(`id` int(10) unsigned NOT NULL,`m_id` int(10) unsigned NOT NULL DEFAULT '0',`name` char(120) NOT NULL DEFAULT '',`pad` int(11) NOT NULL,PRIMARY KEY (`id`),KEY `k_1` (`m_id`))DEFAULT CHARSET=UTF8]===
dble:[[]]
===file:select/reference_global_noshard.sql, id:10, sql:[insert into test_global values(1,1,'test中id为1',1),(2,2,'test_2',2),(3,3,'test中id为3',4),(4,4,'$test$4',3),(5,5,'test...5',1),(6,6,'test6',6)]===
dble:[[]]
===file:select/reference_global_noshard.sql, id:11, sql:[insert into a_order_no_shard values(1,1,'order中id为1',1),(2,2,'test_2',2),(3,3,'order中id为3',3),(4,4,'$order$4',4),(5,5,'order...5',1)]===
dble:[[]]
===file:select/reference_global_noshard.sql, id:12, sql:[insert into a_manager values(1,1,'manager中id为1',1),(2,2,'test_2',2),(3,3,'manager中id为3',3),(4,4,'$manager$4',4),(5,5,'manager...5',6)]===
dble:[[]]
===file:select/reference_global_noshard.sql, id:13, sql:[create index pad_index on test_global(pad)]===
dble:[[]]
===file:select/reference_global_noshard.sql, id:16, sql:[select id,t_id,name,pad from test_global use index(k_1)]===
dble:[[(1L, 1L, 'test\xe4\xb8\xadid\xe4\xb8\xba1', 1L), (2L, 2L, 'test_2', 2L), (3L, 3L, 'test\xe4\xb8\xadid\xe4\xb8\xba3', 4L), (4L, 4L, '$test$4', 3L), (5L, 5L, 'test...5', 1L), (6L, 6L, 'test6', 6L)]]
===file:select/reference_global_noshard.sql, id:17, sql:[select id,t_id,name,pad from test_global ignore index(k_1)]===
dble:[[(1L, 1L, 'test\xe4\xb8\xadid\xe4\xb8\xba1', 1L), (2L, 2L, 'test_2', 2L), (3L, 3L, 'test\xe4\xb8\xadid\xe4\xb8\xba3', 4L), (4L, 4L, '$test$4', 3L), (5L, 5L, 'test...5', 1L), (6L, 6L, 'test6', 6L)]]
===file:select/reference_global_noshard.sql, id:18, sql:[select id,t_id,name,pad from test_global force index(k_1)]===
dble:[[(1L, 1L, 'test\xe4\xb8\xadid\xe4\xb8\xba1', 1L), (2L, 2L, 'test_2', 2L), (3L, 3L, 'test\xe4\xb8\xadid\xe4\xb8\xba3', 4L), (4L, 4L, '$test$4', 3L), (5L, 5L, 'test...5', 1L), (6L, 6L, 'test6', 6L)]]
===file:select/reference_global_noshard.sql, id:19, sql:[select id,t_id,name,pad from test_global use index(pad_index,k_1)]===
dble:[[(1L, 1L, 'test\xe4\xb8\xadid\xe4\xb8\xba1', 1L), (2L, 2L, 'test_2', 2L), (3L, 3L, 'test\xe4\xb8\xadid\xe4\xb8\xba3', 4L), (4L, 4L, '$test$4', 3L), (5L, 5L, 'test...5', 1L), (6L, 6L, 'test6', 6L)]]
===file:select/reference_global_noshard.sql, id:20, sql:[select id,t_id,name,pad from test_global ignore index(pad_index,k_1)]===
dble:[[(1L, 1L, 'test\xe4\xb8\xadid\xe4\xb8\xba1', 1L), (2L, 2L, 'test_2', 2L), (3L, 3L, 'test\xe4\xb8\xadid\xe4\xb8\xba3', 4L), (4L, 4L, '$test$4', 3L), (5L, 5L, 'test...5', 1L), (6L, 6L, 'test6', 6L)]]
===file:select/reference_global_noshard.sql, id:21, sql:[select id,t_id,name,pad from test_global force index(pad_index,k_1)]===
dble:[[(1L, 1L, 'test\xe4\xb8\xadid\xe4\xb8\xba1', 1L), (2L, 2L, 'test_2', 2L), (3L, 3L, 'test\xe4\xb8\xadid\xe4\xb8\xba3', 4L), (4L, 4L, '$test$4', 3L), (5L, 5L, 'test...5', 1L), (6L, 6L, 'test6', 6L)]]
===file:select/reference_global_noshard.sql, id:22, sql:[select id,t_id,name,pad from test_global use key for join(k_1)]===
dble:[[(1L, 1L, 'test\xe4\xb8\xadid\xe4\xb8\xba1', 1L), (2L, 2L, 'test_2', 2L), (3L, 3L, 'test\xe4\xb8\xadid\xe4\xb8\xba3', 4L), (4L, 4L, '$test$4', 3L), (5L, 5L, 'test...5', 1L), (6L, 6L, 'test6', 6L)]]
===file:select/reference_global_noshard.sql, id:23, sql:[select id,t_id,name,pad from test_global ignore key for join(k_1)]===
dble:[[(1L, 1L, 'test\xe4\xb8\xadid\xe4\xb8\xba1', 1L), (2L, 2L, 'test_2', 2L), (3L, 3L, 'test\xe4\xb8\xadid\xe4\xb8\xba3', 4L), (4L, 4L, '$test$4', 3L), (5L, 5L, 'test...5', 1L), (6L, 6L, 'test6', 6L)]]
===file:select/reference_global_noshard.sql, id:24, sql:[select id,t_id,name,pad from test_global force key for join(k_1)]===
dble:[[(1L, 1L, 'test\xe4\xb8\xadid\xe4\xb8\xba1', 1L), (2L, 2L, 'test_2', 2L), (3L, 3L, 'test\xe4\xb8\xadid\xe4\xb8\xba3', 4L), (4L, 4L, '$test$4', 3L), (5L, 5L, 'test...5', 1L), (6L, 6L, 'test6', 6L)]]
===file:select/reference_global_noshard.sql, id:25, sql:[select id,t_id,name,pad from test_global use key for order by(k_1) order by t_id]===
dble:[((1L, 1L, 'test\xe4\xb8\xadid\xe4\xb8\xba1', 1L), (2L, 2L, 'test_2', 2L), (3L, 3L, 'test\xe4\xb8\xadid\xe4\xb8\xba3', 4L), (4L, 4L, '$test$4', 3L), (5L, 5L, 'test...5', 1L), (6L, 6L, 'test6', 6L))]
===file:select/reference_global_noshard.sql, id:26, sql:[select id,t_id,name,pad from test_global ignore key for order by(k_1)]===
dble:[((1L, 1L, 'test\xe4\xb8\xadid\xe4\xb8\xba1', 1L), (2L, 2L, 'test_2', 2L), (3L, 3L, 'test\xe4\xb8\xadid\xe4\xb8\xba3', 4L), (4L, 4L, '$test$4', 3L), (5L, 5L, 'test...5', 1L), (6L, 6L, 'test6', 6L))]
===file:select/reference_global_noshard.sql, id:27, sql:[select id,t_id,name,pad from test_global force key for order by(k_1) order by t_id]===
dble:[((1L, 1L, 'test\xe4\xb8\xadid\xe4\xb8\xba1', 1L), (2L, 2L, 'test_2', 2L), (3L, 3L, 'test\xe4\xb8\xadid\xe4\xb8\xba3', 4L), (4L, 4L, '$test$4', 3L), (5L, 5L, 'test...5', 1L), (6L, 6L, 'test6', 6L))]
===file:select/reference_global_noshard.sql, id:28, sql:[select count(*) from test_global use key for group by(k_1)]===
dble:[[(6L,)]]
===file:select/reference_global_noshard.sql, id:29, sql:[select count(*) from test_global ignore key  for group by(k_1)]===
dble:[[(6L,)]]
===file:select/reference_global_noshard.sql, id:30, sql:[select count(*) from test_global force key for group by(k_1)]===
dble:[[(6L,)]]
===file:select/reference_global_noshard.sql, id:31, sql:[select id,t_id,name,pad from test_global use index for join(pad_index,k_1)]===
dble:[[(1L, 1L, 'test\xe4\xb8\xadid\xe4\xb8\xba1', 1L), (2L, 2L, 'test_2', 2L), (3L, 3L, 'test\xe4\xb8\xadid\xe4\xb8\xba3', 4L), (4L, 4L, '$test$4', 3L), (5L, 5L, 'test...5', 1L), (6L, 6L, 'test6', 6L)]]
===file:select/reference_global_noshard.sql, id:32, sql:[select id,t_id,name,pad from test_global ignore index for join(pad_index,k_1)]===
dble:[[(1L, 1L, 'test\xe4\xb8\xadid\xe4\xb8\xba1', 1L), (2L, 2L, 'test_2', 2L), (3L, 3L, 'test\xe4\xb8\xadid\xe4\xb8\xba3', 4L), (4L, 4L, '$test$4', 3L), (5L, 5L, 'test...5', 1L), (6L, 6L, 'test6', 6L)]]
===file:select/reference_global_noshard.sql, id:33, sql:[select id,t_id,name,pad from test_global force index for join(pad_index,k_1)]===
dble:[[(1L, 1L, 'test\xe4\xb8\xadid\xe4\xb8\xba1', 1L), (2L, 2L, 'test_2', 2L), (3L, 3L, 'test\xe4\xb8\xadid\xe4\xb8\xba3', 4L), (4L, 4L, '$test$4', 3L), (5L, 5L, 'test...5', 1L), (6L, 6L, 'test6', 6L)]]
===file:select/reference_global_noshard.sql, id:34, sql:[select id,t_id,name,pad from test_global use key(k_1)]===
dble:[[(1L, 1L, 'test\xe4\xb8\xadid\xe4\xb8\xba1', 1L), (2L, 2L, 'test_2', 2L), (3L, 3L, 'test\xe4\xb8\xadid\xe4\xb8\xba3', 4L), (4L, 4L, '$test$4', 3L), (5L, 5L, 'test...5', 1L), (6L, 6L, 'test6', 6L)]]
===file:select/reference_global_noshard.sql, id:35, sql:[select id,t_id,name,pad from test_global ignore key(k_1)]===
dble:[[(1L, 1L, 'test\xe4\xb8\xadid\xe4\xb8\xba1', 1L), (2L, 2L, 'test_2', 2L), (3L, 3L, 'test\xe4\xb8\xadid\xe4\xb8\xba3', 4L), (4L, 4L, '$test$4', 3L), (5L, 5L, 'test...5', 1L), (6L, 6L, 'test6', 6L)]]
===file:select/reference_global_noshard.sql, id:36, sql:[select id,t_id,name,pad from test_global force key(k_1)]===
dble:[[(1L, 1L, 'test\xe4\xb8\xadid\xe4\xb8\xba1', 1L), (2L, 2L, 'test_2', 2L), (3L, 3L, 'test\xe4\xb8\xadid\xe4\xb8\xba3', 4L), (4L, 4L, '$test$4', 3L), (5L, 5L, 'test...5', 1L), (6L, 6L, 'test6', 6L)]]
===file:select/reference_global_noshard.sql, id:41, sql:[select id,t_id,name,pad from test_global t ignore key(k_1) force index(pad_index)]===
dble:[[(1L, 1L, 'test\xe4\xb8\xadid\xe4\xb8\xba1', 1L), (2L, 2L, 'test_2', 2L), (3L, 3L, 'test\xe4\xb8\xadid\xe4\xb8\xba3', 4L), (4L, 4L, '$test$4', 3L), (5L, 5L, 'test...5', 1L), (6L, 6L, 'test6', 6L)]]
===file:select/reference_global_noshard.sql, id:42, sql:[select id,pad,name from (select * from test_global where pad>2) as a]===
dble:[[(3L, 4L, 'test\xe4\xb8\xadid\xe4\xb8\xba3'), (4L, 3L, '$test$4'), (6L, 6L, 'test6')]]
===file:select/reference_global_noshard.sql, id:43, sql:[select a.id,a.t_id,b.o_id,b.name from test_global a,a_order_no_shard b]===
dble:[[(1L, 1L, 1L, 'order\xe4\xb8\xadid\xe4\xb8\xba1'), (1L, 1L, 2L, 'test_2'), (1L, 1L, 3L, 'order\xe4\xb8\xadid\xe4\xb8\xba3'), (1L, 1L, 4L, '$order$4'), (1L, 1L, 5L, 'order...5'), (2L, 2L, 1L, 'order\xe4\xb8\xadid\xe4\xb8\xba1'), (2L, 2L, 2L, 'test_2'), (2L, 2L, 3L, 'order\xe4\xb8\xadid\xe4\xb8\xba3'), (2L, 2L, 4L, '$order$4'), (2L, 2L, 5L, 'order...5'), (3L, 3L, 1L, 'order\xe4\xb8\xadid\xe4\xb8\xba1'), (3L, 3L, 2L, 'test_2'), (3L, 3L, 3L, 'order\xe4\xb8\xadid\xe4\xb8\xba3'), (3L, 3L, 4L, '$order$4'), (3L, 3L, 5L, 'order...5'), (4L, 4L, 1L, 'order\xe4\xb8\xadid\xe4\xb8\xba1'), (4L, 4L, 2L, 'test_2'), (4L, 4L, 3L, 'order\xe4\xb8\xadid\xe4\xb8\xba3'), (4L, 4L, 4L, '$order$4'), (4L, 4L, 5L, 'order...5'), (5L, 5L, 1L, 'order\xe4\xb8\xadid\xe4\xb8\xba1'), (5L, 5L, 2L, 'test_2'), (5L, 5L, 3L, 'order\xe4\xb8\xadid\xe4\xb8\xba3'), (5L, 5L, 4L, '$order$4'), (5L, 5L, 5L, 'order...5'), (6L, 6L, 1L, 'order\xe4\xb8\xadid\xe4\xb8\xba1'), (6L, 6L, 2L, 'test_2'), (6L, 6L, 3L, 'order\xe4\xb8\xadid\xe4\xb8\xba3'), (6L, 6L, 4L, '$order$4'), (6L, 6L, 5L, 'order...5')]]
===file:select/reference_global_noshard.sql, id:44, sql:[select a.id,a.t_id,b.o_id,b.name from (select * from test_global where id<3) a,(select * from a_order_no_shard where id>3) b]===
dble:[[(1L, 1L, 4L, '$order$4'), (1L, 1L, 5L, 'order...5'), (2L, 2L, 4L, '$order$4'), (2L, 2L, 5L, 'order...5')]]
===file:select/reference_global_noshard.sql, id:45, sql:[select a.id,b.id,b.pad,a.t_id from test_global a,(select a_manager.id,a_manager.pad from test_global join a_manager where test_global.pad=a_manager.pad) b,(select * from a_order_no_shard where id>3) c where a.pad=b.pad and c.pad=b.pad]===
dble:[[(1L, 1L, 1L, 1L), (1L, 1L, 1L, 1L), (3L, 4L, 4L, 3L), (5L, 1L, 1L, 5L), (5L, 1L, 1L, 5L)]]
===file:select/reference_global_noshard.sql, id:49, sql:[select a.id,a.t_id,a.name,a.pad,b.id,b.o_id,b.name,b.pad from test_global a join a_order_no_shard as b order by a.id,b.id]===
dble:[((1L, 1L, 'test\xe4\xb8\xadid\xe4\xb8\xba1', 1L, 1L, 1L, 'order\xe4\xb8\xadid\xe4\xb8\xba1', 1L), (1L, 1L, 'test\xe4\xb8\xadid\xe4\xb8\xba1', 1L, 2L, 2L, 'test_2', 2L), (1L, 1L, 'test\xe4\xb8\xadid\xe4\xb8\xba1', 1L, 3L, 3L, 'order\xe4\xb8\xadid\xe4\xb8\xba3', 3L), (1L, 1L, 'test\xe4\xb8\xadid\xe4\xb8\xba1', 1L, 4L, 4L, '$order$4', 4L), (1L, 1L, 'test\xe4\xb8\xadid\xe4\xb8\xba1', 1L, 5L, 5L, 'order...5', 1L), (2L, 2L, 'test_2', 2L, 1L, 1L, 'order\xe4\xb8\xadid\xe4\xb8\xba1', 1L), (2L, 2L, 'test_2', 2L, 2L, 2L, 'test_2', 2L), (2L, 2L, 'test_2', 2L, 3L, 3L, 'order\xe4\xb8\xadid\xe4\xb8\xba3', 3L), (2L, 2L, 'test_2', 2L, 4L, 4L, '$order$4', 4L), (2L, 2L, 'test_2', 2L, 5L, 5L, 'order...5', 1L), (3L, 3L, 'test\xe4\xb8\xadid\xe4\xb8\xba3', 4L, 1L, 1L, 'order\xe4\xb8\xadid\xe4\xb8\xba1', 1L), (3L, 3L, 'test\xe4\xb8\xadid\xe4\xb8\xba3', 4L, 2L, 2L, 'test_2', 2L), (3L, 3L, 'test\xe4\xb8\xadid\xe4\xb8\xba3', 4L, 3L, 3L, 'order\xe4\xb8\xadid\xe4\xb8\xba3', 3L), (3L, 3L, 'test\xe4\xb8\xadid\xe4\xb8\xba3', 4L, 4L, 4L, '$order$4', 4L), (3L, 3L, 'test\xe4\xb8\xadid\xe4\xb8\xba3', 4L, 5L, 5L, 'order...5', 1L), (4L, 4L, '$test$4', 3L, 1L, 1L, 'order\xe4\xb8\xadid\xe4\xb8\xba1', 1L), (4L, 4L, '$test$4', 3L, 2L, 2L, 'test_2', 2L), (4L, 4L, '$test$4', 3L, 3L, 3L, 'order\xe4\xb8\xadid\xe4\xb8\xba3', 3L), (4L, 4L, '$test$4', 3L, 4L, 4L, '$order$4', 4L), (4L, 4L, '$test$4', 3L, 5L, 5L, 'order...5', 1L), (5L, 5L, 'test...5', 1L, 1L, 1L, 'order\xe4\xb8\xadid\xe4\xb8\xba1', 1L), (5L, 5L, 'test...5', 1L, 2L, 2L, 'test_2', 2L), (5L, 5L, 'test...5', 1L, 3L, 3L, 'order\xe4\xb8\xadid\xe4\xb8\xba3', 3L), (5L, 5L, 'test...5', 1L, 4L, 4L, '$order$4', 4L), (5L, 5L, 'test...5', 1L, 5L, 5L, 'order...5', 1L), (6L, 6L, 'test6', 6L, 1L, 1L, 'order\xe4\xb8\xadid\xe4\xb8\xba1', 1L), (6L, 6L, 'test6', 6L, 2L, 2L, 'test_2', 2L), (6L, 6L, 'test6', 6L, 3L, 3L, 'order\xe4\xb8\xadid\xe4\xb8\xba3', 3L), (6L, 6L, 'test6', 6L, 4L, 4L, '$order$4', 4L), (6L, 6L, 'test6', 6L, 5L, 5L, 'order...5', 1L))]
===file:select/reference_global_noshard.sql, id:50, sql:[select a.id,a.t_id,a.name,a.pad,b.id,b.o_id,b.name,b.pad from test_global a inner join a_order_no_shard b order by a.id,b.id]===
dble:[((1L, 1L, 'test\xe4\xb8\xadid\xe4\xb8\xba1', 1L, 1L, 1L, 'order\xe4\xb8\xadid\xe4\xb8\xba1', 1L), (1L, 1L, 'test\xe4\xb8\xadid\xe4\xb8\xba1', 1L, 2L, 2L, 'test_2', 2L), (1L, 1L, 'test\xe4\xb8\xadid\xe4\xb8\xba1', 1L, 3L, 3L, 'order\xe4\xb8\xadid\xe4\xb8\xba3', 3L), (1L, 1L, 'test\xe4\xb8\xadid\xe4\xb8\xba1', 1L, 4L, 4L, '$order$4', 4L), (1L, 1L, 'test\xe4\xb8\xadid\xe4\xb8\xba1', 1L, 5L, 5L, 'order...5', 1L), (2L, 2L, 'test_2', 2L, 1L, 1L, 'order\xe4\xb8\xadid\xe4\xb8\xba1', 1L), (2L, 2L, 'test_2', 2L, 2L, 2L, 'test_2', 2L), (2L, 2L, 'test_2', 2L, 3L, 3L, 'order\xe4\xb8\xadid\xe4\xb8\xba3', 3L), (2L, 2L, 'test_2', 2L, 4L, 4L, '$order$4', 4L), (2L, 2L, 'test_2', 2L, 5L, 5L, 'order...5', 1L), (3L, 3L, 'test\xe4\xb8\xadid\xe4\xb8\xba3', 4L, 1L, 1L, 'order\xe4\xb8\xadid\xe4\xb8\xba1', 1L), (3L, 3L, 'test\xe4\xb8\xadid\xe4\xb8\xba3', 4L, 2L, 2L, 'test_2', 2L), (3L, 3L, 'test\xe4\xb8\xadid\xe4\xb8\xba3', 4L, 3L, 3L, 'order\xe4\xb8\xadid\xe4\xb8\xba3', 3L), (3L, 3L, 'test\xe4\xb8\xadid\xe4\xb8\xba3', 4L, 4L, 4L, '$order$4', 4L), (3L, 3L, 'test\xe4\xb8\xadid\xe4\xb8\xba3', 4L, 5L, 5L, 'order...5', 1L), (4L, 4L, '$test$4', 3L, 1L, 1L, 'order\xe4\xb8\xadid\xe4\xb8\xba1', 1L), (4L, 4L, '$test$4', 3L, 2L, 2L, 'test_2', 2L), (4L, 4L, '$test$4', 3L, 3L, 3L, 'order\xe4\xb8\xadid\xe4\xb8\xba3', 3L), (4L, 4L, '$test$4', 3L, 4L, 4L, '$order$4', 4L), (4L, 4L, '$test$4', 3L, 5L, 5L, 'order...5', 1L), (5L, 5L, 'test...5', 1L, 1L, 1L, 'order\xe4\xb8\xadid\xe4\xb8\xba1', 1L), (5L, 5L, 'test...5', 1L, 2L, 2L, 'test_2', 2L), (5L, 5L, 'test...5', 1L, 3L, 3L, 'order\xe4\xb8\xadid\xe4\xb8\xba3', 3L), (5L, 5L, 'test...5', 1L, 4L, 4L, '$order$4', 4L), (5L, 5L, 'test...5', 1L, 5L, 5L, 'order...5', 1L), (6L, 6L, 'test6', 6L, 1L, 1L, 'order\xe4\xb8\xadid\xe4\xb8\xba1', 1L), (6L, 6L, 'test6', 6L, 2L, 2L, 'test_2', 2L), (6L, 6L, 'test6', 6L, 3L, 3L, 'order\xe4\xb8\xadid\xe4\xb8\xba3', 3L), (6L, 6L, 'test6', 6L, 4L, 4L, '$order$4', 4L), (6L, 6L, 'test6', 6L, 5L, 5L, 'order...5', 1L))]
===file:select/reference_global_noshard.sql, id:51, sql:[select a.id,a.t_id,a.name,a.pad,b.id,b.o_id,b.name,b.pad from test_global a cross join a_order_no_shard b order by a.id,b.id]===
dble:[((1L, 1L, 'test\xe4\xb8\xadid\xe4\xb8\xba1', 1L, 1L, 1L, 'order\xe4\xb8\xadid\xe4\xb8\xba1', 1L), (1L, 1L, 'test\xe4\xb8\xadid\xe4\xb8\xba1', 1L, 2L, 2L, 'test_2', 2L), (1L, 1L, 'test\xe4\xb8\xadid\xe4\xb8\xba1', 1L, 3L, 3L, 'order\xe4\xb8\xadid\xe4\xb8\xba3', 3L), (1L, 1L, 'test\xe4\xb8\xadid\xe4\xb8\xba1', 1L, 4L, 4L, '$order$4', 4L), (1L, 1L, 'test\xe4\xb8\xadid\xe4\xb8\xba1', 1L, 5L, 5L, 'order...5', 1L), (2L, 2L, 'test_2', 2L, 1L, 1L, 'order\xe4\xb8\xadid\xe4\xb8\xba1', 1L), (2L, 2L, 'test_2', 2L, 2L, 2L, 'test_2', 2L), (2L, 2L, 'test_2', 2L, 3L, 3L, 'order\xe4\xb8\xadid\xe4\xb8\xba3', 3L), (2L, 2L, 'test_2', 2L, 4L, 4L, '$order$4', 4L), (2L, 2L, 'test_2', 2L, 5L, 5L, 'order...5', 1L), (3L, 3L, 'test\xe4\xb8\xadid\xe4\xb8\xba3', 4L, 1L, 1L, 'order\xe4\xb8\xadid\xe4\xb8\xba1', 1L), (3L, 3L, 'test\xe4\xb8\xadid\xe4\xb8\xba3', 4L, 2L, 2L, 'test_2', 2L), (3L, 3L, 'test\xe4\xb8\xadid\xe4\xb8\xba3', 4L, 3L, 3L, 'order\xe4\xb8\xadid\xe4\xb8\xba3', 3L), (3L, 3L, 'test\xe4\xb8\xadid\xe4\xb8\xba3', 4L, 4L, 4L, '$order$4', 4L), (3L, 3L, 'test\xe4\xb8\xadid\xe4\xb8\xba3', 4L, 5L, 5L, 'order...5', 1L), (4L, 4L, '$test$4', 3L, 1L, 1L, 'order\xe4\xb8\xadid\xe4\xb8\xba1', 1L), (4L, 4L, '$test$4', 3L, 2L, 2L, 'test_2', 2L), (4L, 4L, '$test$4', 3L, 3L, 3L, 'order\xe4\xb8\xadid\xe4\xb8\xba3', 3L), (4L, 4L, '$test$4', 3L, 4L, 4L, '$order$4', 4L), (4L, 4L, '$test$4', 3L, 5L, 5L, 'order...5', 1L), (5L, 5L, 'test...5', 1L, 1L, 1L, 'order\xe4\xb8\xadid\xe4\xb8\xba1', 1L), (5L, 5L, 'test...5', 1L, 2L, 2L, 'test_2', 2L), (5L, 5L, 'test...5', 1L, 3L, 3L, 'order\xe4\xb8\xadid\xe4\xb8\xba3', 3L), (5L, 5L, 'test...5', 1L, 4L, 4L, '$order$4', 4L), (5L, 5L, 'test...5', 1L, 5L, 5L, 'order...5', 1L), (6L, 6L, 'test6', 6L, 1L, 1L, 'order\xe4\xb8\xadid\xe4\xb8\xba1', 1L), (6L, 6L, 'test6', 6L, 2L, 2L, 'test_2', 2L), (6L, 6L, 'test6', 6L, 3L, 3L, 'order\xe4\xb8\xadid\xe4\xb8\xba3', 3L), (6L, 6L, 'test6', 6L, 4L, 4L, '$order$4', 4L), (6L, 6L, 'test6', 6L, 5L, 5L, 'order...5', 1L))]
===file:select/reference_global_noshard.sql, id:52, sql:[select a.id,a.name,a.pad,b.name from test_global a straight_join a_order_no_shard b on a.pad=b.pad]===
dble:[[(1L, 'test\xe4\xb8\xadid\xe4\xb8\xba1', 1L, 'order...5'), (1L, 'test\xe4\xb8\xadid\xe4\xb8\xba1', 1L, 'order\xe4\xb8\xadid\xe4\xb8\xba1'), (2L, 'test_2', 2L, 'test_2'), (3L, 'test\xe4\xb8\xadid\xe4\xb8\xba3', 4L, '$order$4'), (4L, '$test$4', 3L, 'order\xe4\xb8\xadid\xe4\xb8\xba3'), (5L, 'test...5', 1L, 'order...5'), (5L, 'test...5', 1L, 'order\xe4\xb8\xadid\xe4\xb8\xba1')]]
===file:select/reference_global_noshard.sql, id:56, sql:[select a.id,a.t_id,a.name,a.pad from test_global a union all select b.id,b.m_id,b.name,b.pad from a_manager b union all select c.id,c.o_id,c.name,c.pad from a_order_no_shard c]===
dble:[[(1L, 1L, 'manager\xe4\xb8\xadid\xe4\xb8\xba1', 1L), (1L, 1L, 'order\xe4\xb8\xadid\xe4\xb8\xba1', 1L), (1L, 1L, 'test\xe4\xb8\xadid\xe4\xb8\xba1', 1L), (2L, 2L, 'test_2', 2L), (2L, 2L, 'test_2', 2L), (2L, 2L, 'test_2', 2L), (3L, 3L, 'manager\xe4\xb8\xadid\xe4\xb8\xba3', 3L), (3L, 3L, 'order\xe4\xb8\xadid\xe4\xb8\xba3', 3L), (3L, 3L, 'test\xe4\xb8\xadid\xe4\xb8\xba3', 4L), (4L, 4L, '$manager$4', 4L), (4L, 4L, '$order$4', 4L), (4L, 4L, '$test$4', 3L), (5L, 5L, 'manager...5', 6L), (5L, 5L, 'order...5', 1L), (5L, 5L, 'test...5', 1L), (6L, 6L, 'test6', 6L)]]
===file:select/reference_global_noshard.sql, id:57, sql:[select a.id,a.t_id,a.name,a.pad from test_global a union distinct select b.id,b.m_id,b.name,b.pad from a_manager b union distinct select c.id,c.o_id,c.name,c.pad from a_order_no_shard c]===
dble:[[(1L, 1L, 'manager\xe4\xb8\xadid\xe4\xb8\xba1', 1L), (1L, 1L, 'order\xe4\xb8\xadid\xe4\xb8\xba1', 1L), (1L, 1L, 'test\xe4\xb8\xadid\xe4\xb8\xba1', 1L), (2L, 2L, 'test_2', 2L), (3L, 3L, 'manager\xe4\xb8\xadid\xe4\xb8\xba3', 3L), (3L, 3L, 'order\xe4\xb8\xadid\xe4\xb8\xba3', 3L), (3L, 3L, 'test\xe4\xb8\xadid\xe4\xb8\xba3', 4L), (4L, 4L, '$manager$4', 4L), (4L, 4L, '$order$4', 4L), (4L, 4L, '$test$4', 3L), (5L, 5L, 'manager...5', 6L), (5L, 5L, 'order...5', 1L), (5L, 5L, 'test...5', 1L), (6L, 6L, 'test6', 6L)]]
===file:select/reference_global_noshard.sql, id:58, sql:[(select name from test_global where pad=1 order by id limit 10) union all (select name from a_order_no_shard where pad=1 order by id limit 10) order by name]===
dble:[(('order...5',), ('order\xe4\xb8\xadid\xe4\xb8\xba1',), ('test...5',), ('test\xe4\xb8\xadid\xe4\xb8\xba1',))]
===file:select/reference_global_noshard.sql, id:59, sql:[(select name from test_global where pad=1 order by id limit 10) union distinct (select name from a_order_no_shard where pad=1 order by id limit 10) order by name]===
dble:[(('order...5',), ('order\xe4\xb8\xadid\xe4\xb8\xba1',), ('test...5',), ('test\xe4\xb8\xadid\xe4\xb8\xba1',))]
===file:select/reference_global_noshard.sql, id:61, sql:[(select name as sort_a from test_global where pad=1) union (select name from a_order_no_shard where pad=1) order by sort_a limit 10]===
dble:[(('order...5',), ('order\xe4\xb8\xadid\xe4\xb8\xba1',), ('test...5',), ('test\xe4\xb8\xadid\xe4\xb8\xba1',))]
===file:select/reference_global_noshard.sql, id:62, sql:[(select name as sort_a,pad from test_global where pad=1) union (select name,pad from a_order_no_shard where pad=1) order by sort_a,pad limit 10]===
dble:[(('order...5', 1L), ('order\xe4\xb8\xadid\xe4\xb8\xba1', 1L), ('test...5', 1L), ('test\xe4\xb8\xadid\xe4\xb8\xba1', 1L))]
