===file:select/reference_no_sharding.sql, id:14, sql:[select * from a_test_no_shard t use index()]===
dble:[None]
mysql:[((1L, 1L, 'test\xe4\xb8\xadid\xe4\xb8\xba1', 1L), (2L, 2L, 'test_2', 2L), (3L, 3L, 'test\xe4\xb8\xadid\xe4\xb8\xba3', 4L), (4L, 4L, '$test$4', 3L), (5L, 5L, 'test...5', 1L), (6L, 6L, 'test6', 6L))]
[05:28:48.389207]dble err :(1064, 'error RPAREN index')
===file:select/reference_no_sharding.sql, id:15, sql:[select * from a_test_no_shard t use key()]===
dble:[None]
mysql:[((1L, 1L, 'test\xe4\xb8\xadid\xe4\xb8\xba1', 1L), (2L, 2L, 'test_2', 2L), (3L, 3L, 'test\xe4\xb8\xadid\xe4\xb8\xba3', 4L), (4L, 4L, '$test$4', 3L), (5L, 5L, 'test...5', 1L), (6L, 6L, 'test6', 6L))]
[05:28:48.476114]dble err :(1064, 'error RPAREN key')
===file:select/reference_no_sharding.sql, id:37, sql:[select * from a_test_no_shard t use key(k_1) use index(pad_index) use index()]===
dble:[None]
mysql:[((1L, 1L, 'test\xe4\xb8\xadid\xe4\xb8\xba1', 1L), (2L, 2L, 'test_2', 2L), (3L, 3L, 'test\xe4\xb8\xadid\xe4\xb8\xba3', 4L), (4L, 4L, '$test$4', 3L), (5L, 5L, 'test...5', 1L), (6L, 6L, 'test6', 6L))]
[05:28:50.340026]dble err :(1064, 'error INDEX index')
===file:select/reference_no_sharding.sql, id:38, sql:[select * from a_test_no_shard t ignore key(k_1) use index(pad_index) use index()]===
dble:[None]
mysql:[((1L, 1L, 'test\xe4\xb8\xadid\xe4\xb8\xba1', 1L), (2L, 2L, 'test_2', 2L), (3L, 3L, 'test\xe4\xb8\xadid\xe4\xb8\xba3', 4L), (4L, 4L, '$test$4', 3L), (5L, 5L, 'test...5', 1L), (6L, 6L, 'test6', 6L))]
[05:28:50.426147]dble err :(1064, 'error INDEX index')
===file:select/reference_no_sharding.sql, id:39, sql:[select * from a_test_no_shard t ignore key(k_1) ignore index(pad_index) use index()]===
dble:[None]
mysql:[((1L, 1L, 'test\xe4\xb8\xadid\xe4\xb8\xba1', 1L), (2L, 2L, 'test_2', 2L), (3L, 3L, 'test\xe4\xb8\xadid\xe4\xb8\xba3', 4L), (4L, 4L, '$test$4', 3L), (5L, 5L, 'test...5', 1L), (6L, 6L, 'test6', 6L))]
[05:28:50.513124]dble err :(1064, "syntax error, error in :'k_1) ignore index(pad_index) use in',expect IDENTIFIER, actual IDENTIFIER ignore")
===file:select/reference_no_sharding.sql, id:40, sql:[select * from a_test_no_shard t force key(k_1) force index(pad_index)]===
dble:[None]
mysql:[((1L, 1L, 'test\xe4\xb8\xadid\xe4\xb8\xba1', 1L), (2L, 2L, 'test_2', 2L), (3L, 3L, 'test\xe4\xb8\xadid\xe4\xb8\xba3', 4L), (4L, 4L, '$test$4', 3L), (5L, 5L, 'test...5', 1L), (6L, 6L, 'test6', 6L))]
[05:28:50.599559]dble err :(1064, "syntax error, error in :'k_1) force index(pad_index)',expect IDENTIFIER, actual IDENTIFIER force")
===file:select/reference_no_sharding.sql, id:60, sql:[(select * from a_test_no_shard where pad=1) union (select * from a_order_no_shard where pad=1) order by id limit 10]===
dble:[((1L, 1L, 'test\xe4\xb8\xadid\xe4\xb8\xba1', 1L), (1L, 1L, 'order\xe4\xb8\xadid\xe4\xb8\xba1', 1L), (5L, 5L, 'order...5', 1L), (5L, 5L, 'test...5', 1L))]
mysql:[((1L, 1L, 'order\xe4\xb8\xadid\xe4\xb8\xba1', 1L), (1L, 1L, 'test\xe4\xb8\xadid\xe4\xb8\xba1', 1L), (5L, 5L, 'order...5', 1L), (5L, 5L, 'test...5', 1L))]
