===file:select/reference_global.sql, id:4, sql:[drop table if exists test_global]===
===file:select/reference_global.sql, id:5, sql:[drop table if exists global_table2]===
===file:select/reference_global.sql, id:6, sql:[drop table if exists global_table3]===
===file:select/reference_global.sql, id:7, sql:[CREATE TABLE test_global(`id` int(10) unsigned NOT NULL,`t_id` int(10) unsigned NOT NULL DEFAULT '0',`name` char(120) NOT NULL DEFAULT '',`pad` int(11) NOT NULL,PRIMARY KEY (`id`),KEY `k_1` (`t_id`))DEFAULT CHARSET=UTF8]===
===file:select/reference_global.sql, id:8, sql:[CREATE TABLE global_table2(`id` int(10) unsigned NOT NULL,`o_id` int(10) unsigned NOT NULL DEFAULT '0',`name` char(120) NOT NULL DEFAULT '',`pad` int(11) NOT NULL,PRIMARY KEY (`id`),KEY `k_1` (`o_id`))DEFAULT CHARSET=UTF8]===
===file:select/reference_global.sql, id:9, sql:[CREATE TABLE global_table3(`id` int(10) unsigned NOT NULL,`m_id` int(10) unsigned NOT NULL DEFAULT '0',`name` char(120) NOT NULL DEFAULT '',`pad` int(11) NOT NULL,PRIMARY KEY (`id`),KEY `k_1` (`m_id`))DEFAULT CHARSET=UTF8]===
===file:select/reference_global.sql, id:10, sql:[insert into test_global values(1,1,'test中id为1',1),(2,2,'test_2',2),(3,3,'test中id为3',4),(4,4,'$test$4',3),(5,5,'test...5',1),(6,6,'test6',6)]===
===file:select/reference_global.sql, id:11, sql:[insert into global_table2 values(1,1,'order中id为1',1),(2,2,'test_2',2),(3,3,'order中id为3',3),(4,4,'$order$4',4),(5,5,'order...5',1)]===
===file:select/reference_global.sql, id:12, sql:[insert into global_table3 values(1,1,'manager中id为1',1),(2,2,'test_2',2),(3,3,'manager中id为3',3),(4,4,'$manager$4',4),(5,5,'manager...5',6)]===
===file:select/reference_global.sql, id:13, sql:[create index pad_index on test_global(pad)]===
===file:select/reference_global.sql, id:16, sql:[select * from test_global use index(k_1)]===
===file:select/reference_global.sql, id:17, sql:[select * from test_global ignore index(k_1)]===
===file:select/reference_global.sql, id:18, sql:[select * from test_global force index(k_1)]===
===file:select/reference_global.sql, id:19, sql:[select * from test_global use index(pad_index,k_1)]===
===file:select/reference_global.sql, id:20, sql:[select * from test_global ignore index(pad_index,k_1)]===
===file:select/reference_global.sql, id:21, sql:[select * from test_global force index(pad_index,k_1)]===
===file:select/reference_global.sql, id:22, sql:[select * from test_global use key for join(k_1)]===
===file:select/reference_global.sql, id:23, sql:[select * from test_global ignore key for join(k_1)]===
===file:select/reference_global.sql, id:24, sql:[select * from test_global force key for join(k_1)]===
===file:select/reference_global.sql, id:25, sql:[select * from test_global use key for order by(k_1)]===
===file:select/reference_global.sql, id:26, sql:[select * from test_global ignore key for order by(k_1)]===
===file:select/reference_global.sql, id:27, sql:[select * from test_global force key for order by(k_1)]===
===file:select/reference_global.sql, id:28, sql:[select count(*) from test_global use key for group by(k_1)]===
===file:select/reference_global.sql, id:29, sql:[select count(*) from test_global ignore key  for group by(k_1)]===
===file:select/reference_global.sql, id:30, sql:[select count(*) from test_global force key for group by(k_1)]===
===file:select/reference_global.sql, id:31, sql:[select * from test_global use index for join(pad_index,k_1)]===
===file:select/reference_global.sql, id:32, sql:[select * from test_global ignore index for join(pad_index,k_1)]===
===file:select/reference_global.sql, id:33, sql:[select * from test_global force index for join(pad_index,k_1)]===
===file:select/reference_global.sql, id:34, sql:[select * from test_global use key(k_1)]===
===file:select/reference_global.sql, id:35, sql:[select * from test_global ignore key(k_1)]===
===file:select/reference_global.sql, id:36, sql:[select * from test_global force key(k_1)]===
===file:select/reference_global.sql, id:41, sql:[select * from test_global t ignore key(k_1) force index(pad_index)]===
===file:select/reference_global.sql, id:42, sql:[select id,pad,name from (select * from test_global where pad>2) as a]===
===file:select/reference_global.sql, id:43, sql:[select * from test_global a,global_table2 b]===
===file:select/reference_global.sql, id:44, sql:[select * from (select * from test_global where id<3) a,(select * from global_table2 where id>3) b]===
===file:select/reference_global.sql, id:45, sql:[select a.id,b.id,b.pad,a.t_id from test_global a,(select global_table3.id,global_table3.pad from test_global join global_table3 where test_global.pad=global_table3.pad) b,(select * from global_table2 where id>3) c where a.pad=b.pad and c.pad=b.pad]===
===file:select/reference_global.sql, id:49, sql:[select * from test_global a join global_table2 as b order by a.id,b.id]===
===file:select/reference_global.sql, id:50, sql:[select * from test_global a inner join global_table2 b order by a.id,b.id]===
===file:select/reference_global.sql, id:51, sql:[select * from test_global a cross join global_table2 b order by a.id,b.id]===
===file:select/reference_global.sql, id:52, sql:[select a.id,a.name,a.pad,b.name from test_global a straight_join global_table2 b on a.pad=b.pad]===
===file:select/reference_global.sql, id:56, sql:[select * from test_global union all select * from global_table3 union all select * from global_table2]===
===file:select/reference_global.sql, id:58, sql:[(select name from test_global where pad=1 order by id limit 10) union all (select name from global_table2 where pad=1 order by id limit 10)]===
===file:select/reference_global.sql, id:59, sql:[(select name from test_global where pad=1 order by id limit 10) union distinct (select name from global_table2 where pad=1 order by id limit 10)]===
===file:select/reference_global.sql, id:60, sql:[(select * from test_global where pad=1) union (select * from global_table2 where pad=1) order by id limit 10]===
===file:select/reference_global.sql, id:61, sql:[(select name as sort_a from test_global where pad=1) union (select name from global_table2 where pad=1) order by sort_a limit 10]===
===file:select/reference_global.sql, id:62, sql:[(select name as sort_a,pad from test_global where pad=1) union (select name,pad from global_table2 where pad=1) order by sort_a,pad limit 10]===
