===file:select/subquery_shard_noshard.sql, id:63, sql:[select * from a_test where (id,pad)=(select id,pad from a_order_no_shard limit 1)]===
dble:[None]
mysql:[((1L, 1L, 'test\xe4\xb8\xadid\xe4\xb8\xba1', 1L),)]
[13:41:59.789834]dble err :(1064, 'Row Subqueries is not supported')
===file:select/subquery_shard_noshard.sql, id:64, sql:[select * from a_test where row(id,pad)=(select id,pad from a_order_no_shard limit 1)]===
dble:[None]
mysql:[((1L, 1L, 'test\xe4\xb8\xadid\xe4\xb8\xba1', 1L),)]
[13:41:59.864927]dble err :(1241, 'Operand should contain 1 column(s)')
===file:select/subquery_shard_noshard.sql, id:65, sql:[select id,name,pad from a_test where (id,pad)in(select id,pad from a_order_no_shard)]===
dble:[None]
mysql:[((1L, 'test\xe4\xb8\xadid\xe4\xb8\xba1', 1L), (2L, 'test_2', 2L), (5L, 'test...5', 1L))]
[13:41:59.941616]dble err :(1064, 'Row Subqueries is not supported')
===file:select/subquery_shard_noshard.sql, id:66, sql:[select id,name,pad from a_test where (1,1)in(select id,pad from a_order_no_shard)]===
dble:[None]
mysql:[((1L, 'test\xe4\xb8\xadid\xe4\xb8\xba1', 1L), (2L, 'test_2', 2L), (3L, 'test\xe4\xb8\xadid\xe4\xb8\xba3', 4L), (4L, '$test$4', 3L), (5L, 'test...5', 1L), (6L, 'test6', 6L))]
[13:42:00.001548]dble err :(1064, 'Row Subqueries is not supported')
===file:select/subquery_shard_noshard.sql, id:67, sql:[SELECT pad FROM a_test AS x WHERE x.id = (SELECT pad FROM a_order_no_shard AS y WHERE x.id = (SELECT pad FROM a_manager WHERE y.id = a_manager.id))]===
dble:[None]
mysql:[((1L,), (2L,), (4L,), (3L,))]
[13:42:00.091160]dble err :(1105, 'Correlated Sub Queries is not supported ')
