===file:select/subquery_shard_noshard.sql, id:4, sql:[drop table if exists a_test]===
===file:select/subquery_shard_noshard.sql, id:5, sql:[drop table if exists a_order_no_shard]===
===file:select/subquery_shard_noshard.sql, id:6, sql:[drop table if exists a_manager]===
===file:select/subquery_shard_noshard.sql, id:7, sql:[CREATE TABLE a_test(`id` int(10) unsigned NOT NULL,`t_id` int(10) unsigned NOT NULL DEFAULT '0',`name` char(120) NOT NULL DEFAULT '',`pad` int(11) NOT NULL,PRIMARY KEY (`id`),KEY `k_1` (`t_id`))DEFAULT CHARSET=UTF8]===
===file:select/subquery_shard_noshard.sql, id:8, sql:[CREATE TABLE a_order_no_shard(`id` int(10) unsigned NOT NULL,`o_id` int(10) unsigned NOT NULL DEFAULT '0',`name` char(120) NOT NULL DEFAULT '',`pad` int(11) NOT NULL,PRIMARY KEY (`id`),KEY `k_1` (`o_id`))DEFAULT CHARSET=UTF8]===
===file:select/subquery_shard_noshard.sql, id:9, sql:[CREATE TABLE a_manager(`id` int(10) unsigned NOT NULL,`m_id` int(10) unsigned NOT NULL DEFAULT '0',`name` char(120) NOT NULL DEFAULT '',`pad` int(11) NOT NULL,PRIMARY KEY (`id`),KEY `k_1` (`m_id`))DEFAULT CHARSET=UTF8]===
===file:select/subquery_shard_noshard.sql, id:10, sql:[insert into a_test values(1,1,'test中id为1',1),(2,2,'test_2',2),(3,3,'test中id为3',4),(4,4,'$test$4',3),(5,5,'test...5',1),(6,6,'test6',6)]===
===file:select/subquery_shard_noshard.sql, id:11, sql:[insert into a_order_no_shard values(1,1,'order中id为1',1),(2,2,'test_2',2),(3,3,'order中id为3',3),(4,4,'$order$4',4),(5,5,'order...5',1)]===
===file:select/subquery_shard_noshard.sql, id:12, sql:[insert into a_manager values(1,1,'manager中id为1',1),(2,2,'test_2',2),(3,3,'manager中id为3',3),(4,4,'$manager$4',4),(5,5,'manager...5',6)]===
===file:select/subquery_shard_noshard.sql, id:13, sql:[select a.id,b.id,b.pad,a.t_id from a_test a,(select all * from a_order_no_shard) b where a.t_id=b.o_id;]===
===file:select/subquery_shard_noshard.sql, id:14, sql:[select a.id,b.id,b.pad,a.t_id from a_test a,(select distinct * from a_order_no_shard) b where a.t_id=b.o_id;]===
===file:select/subquery_shard_noshard.sql, id:15, sql:[select * from (select * from a_order_no_shard a group by a.id) a;]===
===file:select/subquery_shard_noshard.sql, id:16, sql:[select * from (select pad,count(*) from a_order_no_shard a group by pad) a;]===
===file:select/subquery_shard_noshard.sql, id:17, sql:[select a.id,b.id,b.pad,a.t_id from a_test a,(select * from a_order_no_shard having pad>3) b where a.t_id=b.o_id;]===
===file:select/subquery_shard_noshard.sql, id:18, sql:[select a.id,b.id,b.pad,a.t_id from a_test a,(select * from a_order_no_shard where pad>3 order by id) b where a.t_id=b.o_id;]===
===file:select/subquery_shard_noshard.sql, id:19, sql:[select a.id,b.id,b.pad,a.t_id from a_test a,(select * from a_order_no_shard order by id limit 3) b where a.t_id=b.o_id;]===
===file:select/subquery_shard_noshard.sql, id:20, sql:[select a.id,b.id,b.pad,a.t_id from a_test a,(select * from a_order_no_shard order by id limit 3) b where a.t_id=b.o_id limit 2;]===
===file:select/subquery_shard_noshard.sql, id:21, sql:[select a.id,b.id,b.pad,a.t_id from a_test a,(select * from a_order_no_shard where pad>3) b where a.t_id=b.o_id;]===
===file:select/subquery_shard_noshard.sql, id:22, sql:[select * from (select a_order_no_shard.pad from a_test left join a_order_no_shard on a_test.pad=a_order_no_shard.pad) a;]===
===file:select/subquery_shard_noshard.sql, id:23, sql:[select * from (select * from a_test union select * from a_order_no_shard) a where a.id >3;]===
===file:select/subquery_shard_noshard.sql, id:24, sql:[select id,pad from a_test where pad=(select min(id) from a_order_no_shard);]===
===file:select/subquery_shard_noshard.sql, id:25, sql:[select id,pad,name from (select * from a_test where pad>2) a where id<5;]===
===file:select/subquery_shard_noshard.sql, id:26, sql:[select pad,count(*) from (select * from a_test where pad>2) a group by pad;]===
===file:select/subquery_shard_noshard.sql, id:27, sql:[select pad,count(*) from (select * from a_test where pad>2) a group by pad order by pad;]===
===file:select/subquery_shard_noshard.sql, id:28, sql:[select count(*) from (select pad,count(*) a from a_test group by pad) a;]===
===file:select/subquery_shard_noshard.sql, id:29, sql:[select * from a_test where pad<(select pad from a_order_no_shard where id=3);]===
===file:select/subquery_shard_noshard.sql, id:30, sql:[select * from a_test having pad<(select pad from a_order_no_shard where id=3);]===
===file:select/subquery_shard_noshard.sql, id:31, sql:[select a.id,b.id,b.pad,a.t_id from a_test a,(select * from a_order_no_shard where pad>3) b where a.t_id=b.o_id;]===
===file:select/subquery_shard_noshard.sql, id:32, sql:[select id,name,(select count(*) from a_order_no_shard) count from a_test;]===
===file:select/subquery_shard_noshard.sql, id:33, sql:[select * from a_test where pad like (select pad from a_order_no_shard where id=3);]===
===file:select/subquery_shard_noshard.sql, id:34, sql:[select id,pad from a_test where pad>(select pad from a_test where id=2);]===
===file:select/subquery_shard_noshard.sql, id:35, sql:[select id,pad from a_test where pad<(select pad from a_test where id=2);]===
===file:select/subquery_shard_noshard.sql, id:36, sql:[select id,pad from a_test where pad=(select pad from a_test where id=2);]===
===file:select/subquery_shard_noshard.sql, id:37, sql:[select id,pad from a_test where pad>=(select pad from a_test where id=2);]===
===file:select/subquery_shard_noshard.sql, id:38, sql:[select id,pad from a_test where pad<=(select pad from a_test where id=2);]===
===file:select/subquery_shard_noshard.sql, id:39, sql:[select id,pad from a_test where pad<>(select pad from a_test where id=2);]===
===file:select/subquery_shard_noshard.sql, id:40, sql:[select id,pad from a_test where pad !=(select pad from a_test where id=2);]===
===file:select/subquery_shard_noshard.sql, id:41, sql:[select * from a_test where exists(select * from a_test where pad>1);]===
===file:select/subquery_shard_noshard.sql, id:42, sql:[select * from a_test where not exists(select * from a_test where pad>1);]===
===file:select/subquery_shard_noshard.sql, id:43, sql:[select * from a_test where pad not in(select id from a_test where pad>1);]===
===file:select/subquery_shard_noshard.sql, id:44, sql:[select * from a_test where pad in(select id from a_test where pad>1);]===
===file:select/subquery_shard_noshard.sql, id:45, sql:[select * from a_test where pad=some(select id from a_test where pad>1);]===
===file:select/subquery_shard_noshard.sql, id:46, sql:[select * from a_test where pad=any(select id from a_test where pad>1);]===
===file:select/subquery_shard_noshard.sql, id:47, sql:[select * from a_test where pad !=any(select id from a_test where pad=3);]===
===file:select/subquery_shard_noshard.sql, id:48, sql:[select a.id,b.id,b.pad,a.t_id from (select a_test.id,a_test.pad,a_test.t_id from a_test join a_order_no_shard where a_test.pad=a_order_no_shard.pad ) a,(select a_manager.id,a_manager.pad from a_test join a_manager where a_test.pad=a_manager.pad) b where a.pad=b.pad;]===
===file:select/subquery_shard_noshard.sql, id:49, sql:[select * from a_test where pad>(select pad from a_test where pad=2);]===
===file:select/subquery_shard_noshard.sql, id:50, sql:[select * from a_test,(select * from a_test where id>3 union select * from a_order_no_shard where id<2) a where a.id >3 and a_test.pad=a.pad;]===
===file:select/subquery_shard_noshard.sql, id:51, sql:[select count(*) from (select * from a_test where pad=(select pad from a_order_no_shard where id=1)) a;]===
===file:select/subquery_shard_noshard.sql, id:55, sql:[select (select name from a_test limit 1)]===
===file:select/subquery_shard_noshard.sql, id:56, sql:[select * from a_test where 'test_2'=(select name from a_order_no_shard where id=2)]===
===file:select/subquery_shard_noshard.sql, id:57, sql:[select * from a_test where 5=(select count(*) from a_order_no_shard)]===
===file:select/subquery_shard_noshard.sql, id:58, sql:[select * from a_test where 'test_2' like(select name from a_order_no_shard where id=2)]===
===file:select/subquery_shard_noshard.sql, id:59, sql:[select * from a_test where 2 >any(select id from a_test where pad>1)]===
===file:select/subquery_shard_noshard.sql, id:60, sql:[select * from a_test where 2 in(select id from a_test where pad>1)]===
===file:select/subquery_shard_noshard.sql, id:61, sql:[select * from a_test where 2<>some(select id from a_test where pad>1)]===
===file:select/subquery_shard_noshard.sql, id:62, sql:[select * from a_test where 2>all(select id from a_test where pad<1)]===
===file:select/subquery_shard_noshard.sql, id:68, sql:[select co1,co2,co3 from (select id as co1,name as co2,pad as co3 from a_test)as tb where co1>1]===
===file:select/subquery_shard_noshard.sql, id:69, sql:[select avg(sum_column1) from (select sum(id) as sum_column1 from a_test group by pad) as t1]===
