===file:select/subquery_shard_global.sql, id:23, sql:[select * from (select * from a_test union select * from test_global) a where a.id >3;]===
dble:[None]
mysql:[((4L, 4L, '$test$4', 3L), (5L, 5L, 'test...5', 1L), (6L, 6L, 'test6', 6L), (4L, 4L, '$order$4', 4L), (5L, 5L, 'order...5', 1L))]
[16:59:19.689082]dble err :(1222, 'The used SELECT statements have a different number of columns')
===file:select/subquery_shard_global.sql, id:50, sql:[select * from a_test,(select * from a_test where id>3 union select * from test_global where id<2) a where a.id >3 and a_test.pad=a.pad;]===
dble:[None]
mysql:[((1L, 1L, 'test\xe4\xb8\xadid\xe4\xb8\xba1', 1L, 5L, 5L, 'test...5', 1L), (4L, 4L, '$test$4', 3L, 4L, 4L, '$test$4', 3L), (5L, 5L, 'test...5', 1L, 5L, 5L, 'test...5', 1L), (6L, 6L, 'test6', 6L, 6L, 6L, 'test6', 6L))]
[16:59:21.561563]dble err :(1222, 'The used SELECT statements have a different number of columns')
===file:select/subquery_shard_global.sql, id:63, sql:[select * from a_test where (id,pad)=(select id,pad from test_global limit 1)]===
dble:[None]
mysql:[((1L, 1L, 'test\xe4\xb8\xadid\xe4\xb8\xba1', 1L),)]
[16:59:22.317717]dble err :(1064, 'Row Subqueries is not supported')
===file:select/subquery_shard_global.sql, id:64, sql:[select * from a_test where row(id,pad)=(select id,pad from test_global limit 1)]===
dble:[None]
mysql:[((1L, 1L, 'test\xe4\xb8\xadid\xe4\xb8\xba1', 1L),)]
[16:59:22.404317]dble err :(1241, 'Operand should contain 1 column(s)')
===file:select/subquery_shard_global.sql, id:65, sql:[select id,name,pad from a_test where (id,pad)in(select id,pad from test_global)]===
dble:[None]
mysql:[((1L, 'test\xe4\xb8\xadid\xe4\xb8\xba1', 1L), (2L, 'test_2', 2L), (5L, 'test...5', 1L))]
[16:59:22.490230]dble err :(1064, 'Row Subqueries is not supported')
===file:select/subquery_shard_global.sql, id:66, sql:[select id,name,pad from a_test where (1,1)in(select id,pad from test_global)]===
dble:[None]
mysql:[((1L, 'test\xe4\xb8\xadid\xe4\xb8\xba1', 1L), (2L, 'test_2', 2L), (3L, 'test\xe4\xb8\xadid\xe4\xb8\xba3', 4L), (4L, '$test$4', 3L), (5L, 'test...5', 1L), (6L, 'test6', 6L))]
[16:59:22.577812]dble err :(1064, 'Row Subqueries is not supported')
===file:select/subquery_shard_global.sql, id:67, sql:[SELECT pad FROM a_test AS x WHERE x.id = (SELECT pad FROM test_global AS y WHERE x.id = (SELECT pad FROM a_manager WHERE y.id = a_manager.id))]===
dble:[None]
mysql:[((1L,), (2L,), (4L,), (3L,))]
[16:59:22.664913]dble err :(1105, 'Correlated Sub Queries is not supported ')
