===file:select/subquery_global_noshard.sql, id:23, sql:[select * from (select * from test_global union select * from a_order_no_shard) a where a.id >3;]===
dble:[None]
mysql:[((4L, 4L, '$test$4', 3L), (5L, 5L, 'test...5', 1L), (6L, 6L, 'test6', 6L), (4L, 4L, '$order$4', 4L), (5L, 5L, 'order...5', 1L))]
[16:59:05.625968]dble err :(1222, 'The used SELECT statements have a different number of columns')
===file:select/subquery_global_noshard.sql, id:50, sql:[select * from test_global,(select * from test_global where id>3 union select * from a_order_no_shard where id<2) a where a.id >3 and test_global.pad=a.pad;]===
dble:[None]
mysql:[((1L, 1L, 'test\xe4\xb8\xadid\xe4\xb8\xba1', 1L, 5L, 5L, 'test...5', 1L), (4L, 4L, '$test$4', 3L, 4L, 4L, '$test$4', 3L), (5L, 5L, 'test...5', 1L, 5L, 5L, 'test...5', 1L), (6L, 6L, 'test6', 6L, 6L, 6L, 'test6', 6L))]
[16:59:07.675642]dble err :(1222, 'The used SELECT statements have a different number of columns')
===file:select/subquery_global_noshard.sql, id:63, sql:[select * from test_global where (id,pad)=(select id,pad from a_order_no_shard limit 1)]===
dble:[None]
mysql:[((1L, 1L, 'test\xe4\xb8\xadid\xe4\xb8\xba1', 1L),)]
[16:59:08.459146]dble err :(1064, 'Row Subqueries is not supported')
===file:select/subquery_global_noshard.sql, id:64, sql:[select * from test_global where row(id,pad)=(select id,pad from a_order_no_shard limit 1)]===
dble:[None]
mysql:[((1L, 1L, 'test\xe4\xb8\xadid\xe4\xb8\xba1', 1L),)]
[16:59:08.544710]dble err :(1241, 'Operand should contain 1 column(s)')
===file:select/subquery_global_noshard.sql, id:65, sql:[select id,name,pad from test_global where (id,pad)in(select id,pad from a_order_no_shard)]===
dble:[None]
mysql:[((1L, 'test\xe4\xb8\xadid\xe4\xb8\xba1', 1L), (2L, 'test_2', 2L), (5L, 'test...5', 1L))]
[16:59:08.630835]dble err :(1064, 'Row Subqueries is not supported')
===file:select/subquery_global_noshard.sql, id:66, sql:[select id,name,pad from test_global where (1,1)in(select id,pad from a_order_no_shard)]===
dble:[None]
mysql:[((1L, 'test\xe4\xb8\xadid\xe4\xb8\xba1', 1L), (2L, 'test_2', 2L), (3L, 'test\xe4\xb8\xadid\xe4\xb8\xba3', 4L), (4L, '$test$4', 3L), (5L, 'test...5', 1L), (6L, 'test6', 6L))]
[16:59:08.717476]dble err :(1064, 'Row Subqueries is not supported')
===file:select/subquery_global_noshard.sql, id:67, sql:[SELECT pad FROM test_global AS x WHERE x.id = (SELECT pad FROM a_order_no_shard AS y WHERE x.id = (SELECT pad FROM a_manager WHERE y.id = a_manager.id))]===
dble:[None]
mysql:[((1L,), (2L,), (4L,), (3L,))]
[16:59:08.804845]dble err :(1105, 'Correlated Sub Queries is not supported ')
