===file:select/subquery_global.sql, id:4, sql:[drop table if exists test_global]===
===file:select/subquery_global.sql, id:5, sql:[drop table if exists global_table3]===
===file:select/subquery_global.sql, id:6, sql:[drop table if exists global_table2]===
===file:select/subquery_global.sql, id:7, sql:[CREATE TABLE test_global(`id` int(10) unsigned NOT NULL,`t_id` int(10) unsigned NOT NULL DEFAULT '0',`name` char(120) NOT NULL DEFAULT '',`pad` int(11) NOT NULL,PRIMARY KEY (`id`),KEY `k_1` (`t_id`))DEFAULT CHARSET=UTF8]===
===file:select/subquery_global.sql, id:8, sql:[CREATE TABLE global_table3(`id` int(10) unsigned NOT NULL,`o_id` int(10) unsigned NOT NULL DEFAULT '0',`name` char(120) NOT NULL DEFAULT '',`pad` int(11) NOT NULL,PRIMARY KEY (`id`),KEY `k_1` (`o_id`))DEFAULT CHARSET=UTF8]===
===file:select/subquery_global.sql, id:9, sql:[CREATE TABLE global_table2(`id` int(10) unsigned NOT NULL,`m_id` int(10) unsigned NOT NULL DEFAULT '0',`name` char(120) NOT NULL DEFAULT '',`pad` int(11) NOT NULL,PRIMARY KEY (`id`),KEY `k_1` (`m_id`))DEFAULT CHARSET=UTF8]===
===file:select/subquery_global.sql, id:10, sql:[insert into test_global values(1,1,'test中id为1',1),(2,2,'test_2',2),(3,3,'test中id为3',4),(4,4,'$test$4',3),(5,5,'test...5',1),(6,6,'test6',6)]===
===file:select/subquery_global.sql, id:11, sql:[insert into global_table3 values(1,1,'order中id为1',1),(2,2,'test_2',2),(3,3,'order中id为3',3),(4,4,'$order$4',4),(5,5,'order...5',1)]===
===file:select/subquery_global.sql, id:12, sql:[insert into global_table2 values(1,1,'manager中id为1',1),(2,2,'test_2',2),(3,3,'manager中id为3',3),(4,4,'$manager$4',4),(5,5,'manager...5',6)]===
===file:select/subquery_global.sql, id:13, sql:[select a.id,b.id,b.pad,a.t_id from test_global a,(select all * from global_table3) b where a.t_id=b.o_id;]===
===file:select/subquery_global.sql, id:14, sql:[select a.id,b.id,b.pad,a.t_id from test_global a,(select distinct * from global_table3) b where a.t_id=b.o_id;]===
===file:select/subquery_global.sql, id:15, sql:[select * from (select * from global_table3 a group by a.id) a;]===
===file:select/subquery_global.sql, id:16, sql:[select * from (select pad,count(*) from global_table3 a group by pad) a;]===
===file:select/subquery_global.sql, id:17, sql:[select a.id,b.id,b.pad,a.t_id from test_global a,(select * from global_table3 having pad>3) b where a.t_id=b.o_id;]===
===file:select/subquery_global.sql, id:18, sql:[select a.id,b.id,b.pad,a.t_id from test_global a,(select * from global_table3 where pad>3 order by id) b where a.t_id=b.o_id;]===
===file:select/subquery_global.sql, id:19, sql:[select a.id,b.id,b.pad,a.t_id from test_global a,(select * from global_table3 order by id limit 3) b where a.t_id=b.o_id;]===
===file:select/subquery_global.sql, id:20, sql:[select a.id,b.id,b.pad,a.t_id from test_global a,(select * from global_table3 order by id limit 3) b where a.t_id=b.o_id limit 2;]===
===file:select/subquery_global.sql, id:21, sql:[select a.id,b.id,b.pad,a.t_id from test_global a,(select * from global_table3 where pad>3) b where a.t_id=b.o_id;]===
===file:select/subquery_global.sql, id:22, sql:[select * from (select global_table3.pad from test_global left join global_table3 on test_global.pad=global_table3.pad) a;]===
===file:select/subquery_global.sql, id:23, sql:[select * from (select * from test_global union select * from global_table3) a where a.id >3;]===
===file:select/subquery_global.sql, id:24, sql:[select id,pad from test_global where pad=(select min(id) from global_table3);]===
===file:select/subquery_global.sql, id:25, sql:[select id,pad,name from (select * from test_global where pad>2) a where id<5;]===
===file:select/subquery_global.sql, id:26, sql:[select pad,count(*) from (select * from test_global where pad>2) a group by pad;]===
===file:select/subquery_global.sql, id:27, sql:[select pad,count(*) from (select * from test_global where pad>2) a group by pad order by pad;]===
===file:select/subquery_global.sql, id:28, sql:[select count(*) from (select pad,count(*) a from test_global group by pad) a;]===
===file:select/subquery_global.sql, id:29, sql:[select * from test_global where pad<(select pad from global_table3 where id=3);]===
===file:select/subquery_global.sql, id:30, sql:[select * from test_global having pad<(select pad from global_table3 where id=3);]===
===file:select/subquery_global.sql, id:31, sql:[select a.id,b.id,b.pad,a.t_id from test_global a,(select * from global_table3 where pad>3) b where a.t_id=b.o_id;]===
===file:select/subquery_global.sql, id:35, sql:[select id,pad from test_global where pad>(select pad from test_global where id=2);]===
===file:select/subquery_global.sql, id:36, sql:[select id,pad from test_global where pad<(select pad from test_global where id=2);]===
===file:select/subquery_global.sql, id:37, sql:[select id,pad from test_global where pad=(select pad from test_global where id=2);]===
===file:select/subquery_global.sql, id:38, sql:[select id,pad from test_global where pad>=(select pad from test_global where id=2);]===
===file:select/subquery_global.sql, id:39, sql:[select id,pad from test_global where pad<=(select pad from test_global where id=2);]===
===file:select/subquery_global.sql, id:40, sql:[select id,pad from test_global where pad<>(select pad from test_global where id=2);]===
===file:select/subquery_global.sql, id:41, sql:[select id,pad from test_global where pad !=(select pad from test_global where id=2);]===
===file:select/subquery_global.sql, id:42, sql:[select * from test_global where exists(select * from test_global where pad>1);]===
===file:select/subquery_global.sql, id:43, sql:[select * from test_global where not exists(select * from test_global where pad>1);]===
===file:select/subquery_global.sql, id:44, sql:[select * from test_global where pad not in(select id from test_global where pad>1);]===
===file:select/subquery_global.sql, id:45, sql:[select * from test_global where pad in(select id from test_global where pad>1);]===
===file:select/subquery_global.sql, id:46, sql:[select * from test_global where pad=some(select id from test_global where pad>1);]===
===file:select/subquery_global.sql, id:47, sql:[select * from test_global where pad=any(select id from test_global where pad>1);]===
===file:select/subquery_global.sql, id:48, sql:[select * from test_global where pad !=any(select id from test_global where pad=3);]===
===file:select/subquery_global.sql, id:49, sql:[select a.id,b.id,b.pad,a.t_id from (select test_global.id,test_global.pad,test_global.t_id from test_global join global_table3 where test_global.pad=global_table3.pad ) a,(select global_table2.id,global_table2.pad from test_global join global_table2 where test_global.pad=global_table2.pad) b where a.pad=b.pad;]===
===file:select/subquery_global.sql, id:50, sql:[select * from test_global where pad>(select pad from test_global where pad=2);]===
===file:select/subquery_global.sql, id:51, sql:[select * from test_global,(select * from test_global where id>3 union select * from global_table3 where id<2) a where a.id >3 and test_global.pad=a.pad;]===
===file:select/subquery_global.sql, id:52, sql:[select count(*) from (select * from test_global where pad=(select pad from global_table3 where id=1)) a;]===
===file:select/subquery_global.sql, id:56, sql:[select (select name from test_global limit 1)]===
===file:select/subquery_global.sql, id:57, sql:[select * from test_global where 'test_2'=(select name from global_table3 where id=2)]===
===file:select/subquery_global.sql, id:58, sql:[select * from test_global where 5=(select count(*) from global_table3)]===
===file:select/subquery_global.sql, id:59, sql:[select * from test_global where 'test_2' like(select name from global_table3 where id=2)]===
===file:select/subquery_global.sql, id:60, sql:[select * from test_global where 2 >any(select id from test_global where pad>1)]===
===file:select/subquery_global.sql, id:61, sql:[select * from test_global where 2 in(select id from test_global where pad>1)]===
===file:select/subquery_global.sql, id:62, sql:[select * from test_global where 2<>some(select id from test_global where pad>1)]===
===file:select/subquery_global.sql, id:63, sql:[select * from test_global where 2>all(select id from test_global where pad<1)]===
===file:select/subquery_global.sql, id:69, sql:[select co1,co2,co3 from (select id as co1,name as co2,pad as co3 from test_global)as tb where co1>1]===
===file:select/subquery_global.sql, id:70, sql:[select avg(sum_column1) from (select sum(id) as sum_column1 from test_global group by pad) as t1]===
