===file:select/subquery.sql, id:4, sql:[drop table if exists aly_test]===
dble:[[]]
===file:select/subquery.sql, id:5, sql:[drop table if exists aly_order]===
dble:[[]]
===file:select/subquery.sql, id:6, sql:[drop table if exists a_manager]===
dble:[[]]
===file:select/subquery.sql, id:7, sql:[CREATE TABLE aly_test(`id` int(10) unsigned NOT NULL,`t_id` int(10) unsigned NOT NULL DEFAULT '0',`name` char(120) NOT NULL DEFAULT '',`pad` int(11) NOT NULL,PRIMARY KEY (`id`),KEY `k_1` (`t_id`))DEFAULT CHARSET=UTF8]===
dble:[[]]
===file:select/subquery.sql, id:8, sql:[CREATE TABLE aly_order(`id` int(10) unsigned NOT NULL,`o_id` int(10) unsigned NOT NULL DEFAULT '0',`name` char(120) NOT NULL DEFAULT '',`pad` int(11) NOT NULL,PRIMARY KEY (`id`),KEY `k_1` (`o_id`))DEFAULT CHARSET=UTF8]===
dble:[[]]
===file:select/subquery.sql, id:9, sql:[CREATE TABLE a_manager(`id` int(10) unsigned NOT NULL,`m_id` int(10) unsigned NOT NULL DEFAULT '0',`name` char(120) NOT NULL DEFAULT '',`pad` int(11) NOT NULL,PRIMARY KEY (`id`),KEY `k_1` (`m_id`))DEFAULT CHARSET=UTF8]===
dble:[[]]
===file:select/subquery.sql, id:10, sql:[insert into aly_test values(1,1,'test中id为1',1),(2,2,'test_2',2),(3,3,'test中id为3',4),(4,4,'$test$4',3),(5,5,'test...5',1),(6,6,'test6',6)]===
dble:[[]]
===file:select/subquery.sql, id:11, sql:[insert into aly_order values(1,1,'order中id为1',1),(2,2,'test_2',2),(3,3,'order中id为3',3),(4,4,'$order$4',4),(5,5,'order...5',1)]===
dble:[[]]
===file:select/subquery.sql, id:12, sql:[insert into a_manager values(1,1,'manager中id为1',1),(2,2,'test_2',2),(3,3,'manager中id为3',3),(4,4,'$manager$4',4),(5,5,'manager...5',6)]===
dble:[[]]
===file:select/subquery.sql, id:13, sql:[select a.id,b.id,b.pad,a.t_id from aly_test a,(select all * from aly_order) b where a.t_id=b.o_id]===
dble:[[(1L, 1L, 1L, 1L), (2L, 2L, 2L, 2L), (3L, 3L, 3L, 3L), (4L, 4L, 4L, 4L), (5L, 5L, 1L, 5L)]]
===file:select/subquery.sql, id:14, sql:[select a.id,b.id,b.pad,a.t_id from aly_test a,(select distinct * from aly_order) b where a.t_id=b.o_id]===
dble:[[(1L, 1L, 1L, 1L), (2L, 2L, 2L, 2L), (3L, 3L, 3L, 3L), (4L, 4L, 4L, 4L), (5L, 5L, 1L, 5L)]]
===file:select/subquery.sql, id:15, sql:[select * from (select * from aly_order a group by a.id) a]===
dble:[[(1L, 1L, 'order\xe4\xb8\xadid\xe4\xb8\xba1', 1L), (2L, 2L, 'test_2', 2L), (3L, 3L, 'order\xe4\xb8\xadid\xe4\xb8\xba3', 3L), (4L, 4L, '$order$4', 4L), (5L, 5L, 'order...5', 1L)]]
===file:select/subquery.sql, id:16, sql:[select * from (select pad,count(*) from aly_order a group by pad) a]===
dble:[[(1L, 2L), (2L, 1L), (3L, 1L), (4L, 1L)]]
===file:select/subquery.sql, id:17, sql:[select a.id,b.id,b.pad,a.t_id from aly_test a,(select * from aly_order having pad>3) b where a.t_id=b.o_id]===
dble:[[(4L, 4L, 4L, 4L)]]
===file:select/subquery.sql, id:18, sql:[select a.id,b.id,b.pad,a.t_id from aly_test a,(select * from aly_order where pad>3 order by id) b where a.t_id=b.o_id]===
dble:[((4L, 4L, 4L, 4L),)]
===file:select/subquery.sql, id:19, sql:[select a.id,b.id,b.pad,a.t_id from aly_test a,(select * from aly_order order by id limit 3) b where a.t_id=b.o_id]===
dble:[((1L, 1L, 1L, 1L), (2L, 2L, 2L, 2L), (3L, 3L, 3L, 3L))]
===file:select/subquery.sql, id:20, sql:[select a.id,b.id,b.pad,a.t_id from aly_test a,(select * from aly_order order by id limit 3) b where a.t_id=b.o_id limit 2]===
dble:[((1L, 1L, 1L, 1L), (2L, 2L, 2L, 2L))]
===file:select/subquery.sql, id:21, sql:[select a.id,b.id,b.pad,a.t_id from aly_test a,(select * from aly_order where pad>3) b where a.t_id=b.o_id]===
dble:[[(4L, 4L, 4L, 4L)]]
===file:select/subquery.sql, id:22, sql:[select * from (select aly_order.pad from aly_test left join aly_order on aly_test.pad=aly_order.pad) a]===
dble:[[(None,), (1L,), (1L,), (1L,), (1L,), (2L,), (3L,), (4L,)]]
===file:select/subquery.sql, id:23, sql:[select * from (select * from aly_test union select * from aly_order) a where a.id >3]===
dble:[[(4L, 4L, '$order$4', 4L), (4L, 4L, '$test$4', 3L), (5L, 5L, 'order...5', 1L), (5L, 5L, 'test...5', 1L), (6L, 6L, 'test6', 6L)]]
===file:select/subquery.sql, id:24, sql:[select id,pad from aly_test where pad=(select min(id) from aly_order)]===
dble:[[(1L, 1L), (5L, 1L)]]
===file:select/subquery.sql, id:26, sql:[select (select name from aly_test order by id limit 1),id from aly_order order by id]===
dble:[(('test\xe4\xb8\xadid\xe4\xb8\xba1', 1L), ('test\xe4\xb8\xadid\xe4\xb8\xba1', 2L), ('test\xe4\xb8\xadid\xe4\xb8\xba1', 3L), ('test\xe4\xb8\xadid\xe4\xb8\xba1', 4L), ('test\xe4\xb8\xadid\xe4\xb8\xba1', 5L))]
===file:select/subquery.sql, id:27, sql:[select upper('test'),id from aly_order]===
dble:[[('TEST', 1L), ('TEST', 2L), ('TEST', 3L), ('TEST', 4L), ('TEST', 5L)]]
===file:select/subquery.sql, id:28, sql:[select id,pad,name from (select * from aly_test where pad>2) a where id<5]===
dble:[[(3L, 4L, 'test\xe4\xb8\xadid\xe4\xb8\xba3'), (4L, 3L, '$test$4')]]
===file:select/subquery.sql, id:29, sql:[select pad,count(*) from (select * from aly_test where pad>2) a group by pad]===
dble:[[(3L, 1L), (4L, 1L), (6L, 1L)]]
===file:select/subquery.sql, id:30, sql:[select pad,count(*) from (select * from aly_test where pad>2) a group by pad order by pad]===
dble:[((3L, 1L), (4L, 1L), (6L, 1L))]
===file:select/subquery.sql, id:31, sql:[select count(*) from (select pad,count(*) a from aly_test group by pad) a]===
dble:[[(5L,)]]
===file:select/subquery.sql, id:32, sql:[select * from aly_test where pad<(select pad from aly_order where id=3)]===
dble:[[(1L, 1L, 'test\xe4\xb8\xadid\xe4\xb8\xba1', 1L), (2L, 2L, 'test_2', 2L), (5L, 5L, 'test...5', 1L)]]
===file:select/subquery.sql, id:33, sql:[select * from aly_test having pad<(select pad from aly_order where id=3)]===
dble:[[(1L, 1L, 'test\xe4\xb8\xadid\xe4\xb8\xba1', 1L), (2L, 2L, 'test_2', 2L), (5L, 5L, 'test...5', 1L)]]
===file:select/subquery.sql, id:34, sql:[select a.id,b.id,b.pad,a.t_id from aly_test a,(select * from aly_order where pad>3) b where a.t_id=b.o_id]===
dble:[[(4L, 4L, 4L, 4L)]]
===file:select/subquery.sql, id:35, sql:[select id,pad,name from (select * from aly_test where pad>2) as a]===
dble:[[(3L, 4L, 'test\xe4\xb8\xadid\xe4\xb8\xba3'), (4L, 3L, '$test$4'), (6L, 6L, 'test6')]]
===file:select/subquery.sql, id:36, sql:[select * from (select * from aly_test where id<3) a,(select * from aly_order where id>3) b]===
dble:[[(1L, 1L, 'test\xe4\xb8\xadid\xe4\xb8\xba1', 1L, 4L, 4L, '$order$4', 4L), (1L, 1L, 'test\xe4\xb8\xadid\xe4\xb8\xba1', 1L, 5L, 5L, 'order...5', 1L), (2L, 2L, 'test_2', 2L, 4L, 4L, '$order$4', 4L), (2L, 2L, 'test_2', 2L, 5L, 5L, 'order...5', 1L)]]
===file:select/subquery.sql, id:37, sql:[select a.id,b.id,b.pad,a.t_id from aly_test a,(select a_manager.id,a_manager.pad from aly_test join a_manager where aly_test.pad=a_manager.pad) b,(select * from aly_order where id>3) c where a.pad=b.pad and c.pad=b.pad]===
dble:[[(1L, 1L, 1L, 1L), (1L, 1L, 1L, 1L), (3L, 4L, 4L, 3L), (5L, 1L, 1L, 5L), (5L, 1L, 1L, 5L)]]
===file:select/subquery.sql, id:38, sql:[select id,name,(select count(*) from aly_order) count from aly_test]===
dble:[[(1L, 'test\xe4\xb8\xadid\xe4\xb8\xba1', 5L), (2L, 'test_2', 5L), (3L, 'test\xe4\xb8\xadid\xe4\xb8\xba3', 5L), (4L, '$test$4', 5L), (5L, 'test...5', 5L), (6L, 'test6', 5L)]]
===file:select/subquery.sql, id:39, sql:[select * from aly_test where pad like (select pad from aly_order where id=3)]===
dble:[[(4L, 4L, '$test$4', 3L)]]
===file:select/subquery.sql, id:40, sql:[select id,pad from aly_test where pad>(select pad from aly_test where id=2)]===
dble:[[(3L, 4L), (4L, 3L), (6L, 6L)]]
===file:select/subquery.sql, id:41, sql:[select * from aly_test where 2 >any(select id from aly_test where pad>1)]===
dble:[[]]
===file:select/subquery.sql, id:42, sql:[select id,pad from aly_test where pad<(select pad from aly_test where id=2)]===
dble:[[(1L, 1L), (5L, 1L)]]
===file:select/subquery.sql, id:43, sql:[select * from aly_test where 'test_2'=(select name from aly_order where id=2)]===
dble:[[(1L, 1L, 'test\xe4\xb8\xadid\xe4\xb8\xba1', 1L), (2L, 2L, 'test_2', 2L), (3L, 3L, 'test\xe4\xb8\xadid\xe4\xb8\xba3', 4L), (4L, 4L, '$test$4', 3L), (5L, 5L, 'test...5', 1L), (6L, 6L, 'test6', 6L)]]
===file:select/subquery.sql, id:44, sql:[select * from aly_test where 5=(select count(*) from aly_order)]===
dble:[[(1L, 1L, 'test\xe4\xb8\xadid\xe4\xb8\xba1', 1L), (2L, 2L, 'test_2', 2L), (3L, 3L, 'test\xe4\xb8\xadid\xe4\xb8\xba3', 4L), (4L, 4L, '$test$4', 3L), (5L, 5L, 'test...5', 1L), (6L, 6L, 'test6', 6L)]]
===file:select/subquery.sql, id:45, sql:[select id,pad from aly_test where pad=(select pad from aly_test where id=2)]===
dble:[[(2L, 2L)]]
===file:select/subquery.sql, id:46, sql:[select id,pad from aly_test where pad>=(select pad from aly_test where id=2)]===
dble:[[(2L, 2L), (3L, 4L), (4L, 3L), (6L, 6L)]]
===file:select/subquery.sql, id:47, sql:[select id,pad from aly_test where pad<=(select pad from aly_test where id=2)]===
dble:[[(1L, 1L), (2L, 2L), (5L, 1L)]]
===file:select/subquery.sql, id:48, sql:[select id,pad from aly_test where pad<>(select pad from aly_test where id=2)]===
dble:[[(1L, 1L), (3L, 4L), (4L, 3L), (5L, 1L), (6L, 6L)]]
===file:select/subquery.sql, id:49, sql:[select id,pad from aly_test where pad !=(select pad from aly_test where id=2)]===
dble:[[(1L, 1L), (3L, 4L), (4L, 3L), (5L, 1L), (6L, 6L)]]
===file:select/subquery.sql, id:50, sql:[select * from aly_test where exists(select * from aly_test where pad>1)]===
dble:[[(1L, 1L, 'test\xe4\xb8\xadid\xe4\xb8\xba1', 1L), (2L, 2L, 'test_2', 2L), (3L, 3L, 'test\xe4\xb8\xadid\xe4\xb8\xba3', 4L), (4L, 4L, '$test$4', 3L), (5L, 5L, 'test...5', 1L), (6L, 6L, 'test6', 6L)]]
===file:select/subquery.sql, id:51, sql:[select * from aly_test where not exists(select * from aly_test where pad>1)]===
dble:[[]]
===file:select/subquery.sql, id:52, sql:[select * from aly_test where pad not in(select id from aly_test where pad>1)]===
dble:[[(1L, 1L, 'test\xe4\xb8\xadid\xe4\xb8\xba1', 1L), (5L, 5L, 'test...5', 1L)]]
===file:select/subquery.sql, id:53, sql:[select * from aly_test where 2 in(select id from aly_test where pad>1)]===
dble:[[(1L, 1L, 'test\xe4\xb8\xadid\xe4\xb8\xba1', 1L), (2L, 2L, 'test_2', 2L), (3L, 3L, 'test\xe4\xb8\xadid\xe4\xb8\xba3', 4L), (4L, 4L, '$test$4', 3L), (5L, 5L, 'test...5', 1L), (6L, 6L, 'test6', 6L)]]
===file:select/subquery.sql, id:54, sql:[select * from aly_test where pad in(select id from aly_test where pad>1)]===
dble:[[(2L, 2L, 'test_2', 2L), (3L, 3L, 'test\xe4\xb8\xadid\xe4\xb8\xba3', 4L), (4L, 4L, '$test$4', 3L), (6L, 6L, 'test6', 6L)]]
===file:select/subquery.sql, id:55, sql:[select * from aly_test where pad=some(select id from aly_test where pad>1)]===
dble:[[(2L, 2L, 'test_2', 2L), (3L, 3L, 'test\xe4\xb8\xadid\xe4\xb8\xba3', 4L), (4L, 4L, '$test$4', 3L), (6L, 6L, 'test6', 6L)]]
===file:select/subquery.sql, id:56, sql:[select * from aly_test where 2<>some(select id from aly_test where pad>1)]===
dble:[[(1L, 1L, 'test\xe4\xb8\xadid\xe4\xb8\xba1', 1L), (2L, 2L, 'test_2', 2L), (3L, 3L, 'test\xe4\xb8\xadid\xe4\xb8\xba3', 4L), (4L, 4L, '$test$4', 3L), (5L, 5L, 'test...5', 1L), (6L, 6L, 'test6', 6L)]]
===file:select/subquery.sql, id:57, sql:[select * from aly_test where pad=any(select id from aly_test where pad>1)]===
dble:[[(2L, 2L, 'test_2', 2L), (3L, 3L, 'test\xe4\xb8\xadid\xe4\xb8\xba3', 4L), (4L, 4L, '$test$4', 3L), (6L, 6L, 'test6', 6L)]]
===file:select/subquery.sql, id:58, sql:[select * from aly_test where pad !=any(select id from aly_test where pad=3)]===
dble:[[(1L, 1L, 'test\xe4\xb8\xadid\xe4\xb8\xba1', 1L), (2L, 2L, 'test_2', 2L), (4L, 4L, '$test$4', 3L), (5L, 5L, 'test...5', 1L), (6L, 6L, 'test6', 6L)]]
===file:select/subquery.sql, id:59, sql:[select * from aly_test where pad>all(select id from aly_test where pad<1)]===
dble:[[(1L, 1L, 'test\xe4\xb8\xadid\xe4\xb8\xba1', 1L), (2L, 2L, 'test_2', 2L), (3L, 3L, 'test\xe4\xb8\xadid\xe4\xb8\xba3', 4L), (4L, 4L, '$test$4', 3L), (5L, 5L, 'test...5', 1L), (6L, 6L, 'test6', 6L)]]
===file:select/subquery.sql, id:60, sql:[select * from aly_test where 2>all(select id from aly_test where pad<1)]===
dble:[[(1L, 1L, 'test\xe4\xb8\xadid\xe4\xb8\xba1', 1L), (2L, 2L, 'test_2', 2L), (3L, 3L, 'test\xe4\xb8\xadid\xe4\xb8\xba3', 4L), (4L, 4L, '$test$4', 3L), (5L, 5L, 'test...5', 1L), (6L, 6L, 'test6', 6L)]]
===file:select/subquery.sql, id:61, sql:[select * from aly_test where 'test_2' like(select name from aly_order where id=2)]===
dble:[[(1L, 1L, 'test\xe4\xb8\xadid\xe4\xb8\xba1', 1L), (2L, 2L, 'test_2', 2L), (3L, 3L, 'test\xe4\xb8\xadid\xe4\xb8\xba3', 4L), (4L, 4L, '$test$4', 3L), (5L, 5L, 'test...5', 1L), (6L, 6L, 'test6', 6L)]]
===file:select/subquery.sql, id:62, sql:[select * from aly_test where name like(select name from aly_order where id=2)]===
dble:[[(2L, 2L, 'test_2', 2L)]]
===file:select/subquery.sql, id:63, sql:[select a.id,b.id,b.pad,a.t_id from (select aly_test.id,aly_test.pad,aly_test.t_id from aly_test join aly_order where aly_test.pad=aly_order.pad ) a,(select a_manager.id,a_manager.pad from aly_test join a_manager where aly_test.pad=a_manager.pad) b where a.pad=b.pad]===
dble:[[(1L, 1L, 1L, 1L), (1L, 1L, 1L, 1L), (1L, 1L, 1L, 1L), (1L, 1L, 1L, 1L), (2L, 2L, 2L, 2L), (3L, 4L, 4L, 3L), (4L, 3L, 3L, 4L), (5L, 1L, 1L, 5L), (5L, 1L, 1L, 5L), (5L, 1L, 1L, 5L), (5L, 1L, 1L, 5L)]]
===file:select/subquery.sql, id:64, sql:[select * from aly_test where pad>(select pad from aly_test where pad=2)]===
dble:[[(3L, 3L, 'test\xe4\xb8\xadid\xe4\xb8\xba3', 4L), (4L, 4L, '$test$4', 3L), (6L, 6L, 'test6', 6L)]]
===file:select/subquery.sql, id:65, sql:[select * from aly_test,(select * from aly_test where id>3 union select * from aly_order where id<2) a where a.id >3 and aly_test.pad=a.pad]===
dble:[[(1L, 1L, 'test\xe4\xb8\xadid\xe4\xb8\xba1', 1L, 5L, 5L, 'test...5', 1L), (4L, 4L, '$test$4', 3L, 4L, 4L, '$test$4', 3L), (5L, 5L, 'test...5', 1L, 5L, 5L, 'test...5', 1L), (6L, 6L, 'test6', 6L, 6L, 6L, 'test6', 6L)]]
===file:select/subquery.sql, id:66, sql:[select count(*) from (select * from aly_test where pad=(select pad from aly_order where id=1)) a]===
dble:[[(2L,)]]
===file:select/subquery.sql, id:67, sql:[select co1,co2,co3 from (select id as co1,name as co2,pad as co3 from aly_test)as tb where co1>1]===
dble:[[(2L, 'test_2', 2L), (3L, 'test\xe4\xb8\xadid\xe4\xb8\xba3', 4L), (4L, '$test$4', 3L), (5L, 'test...5', 1L), (6L, 'test6', 6L)]]
===file:select/subquery.sql, id:78, sql:[drop table if exists test_shard]===
dble:[[]]
===file:select/subquery.sql, id:79, sql:[CREATE TABLE test_shard(`id` int(10) unsigned NOT NULL,`k` int(10) unsigned NOT NULL DEFAULT '0',`c` char(120),`pad` int(11) NOT NULL,PRIMARY KEY (`id`),UNIQUE KEY (`k`))]===
dble:[[]]
===file:select/subquery.sql, id:80, sql:[insert into test_shard values(1,1,'id1',1),(2,2,'id2',2),(3,3,'id3',3),(4,4,'id4',4),(5,5,'id5',1),(6,6,'id6',2),(7,7,'id7',3),(8,8,'$id8$',4),(9,9,'test',3),(10,10,'中',3),(11,11,'i_',4),(12,12,'_g',5),(13,13,'y_u',6),(14,14,'20%',14),(15,15,'a_1',15),(16,16,16,-1),(0,0,0,0),(17,17,'new*\n*line',17),(18,18,'a',18)]===
dble:[[]]
===file:select/subquery.sql, id:81, sql:[insert into test_shard(id,k,pad) values(19,19,19)]===
dble:[[]]
===file:select/subquery.sql, id:82, sql:[select pad,count(id) t from test_shard group by pad having t>1]===
dble:[[(1L, 2L), (2L, 2L), (3L, 4L), (4L, 3L)]]
===file:select/subquery.sql, id:83, sql:[select pad,count(id) t from test_shard group by pad order by pad]===
dble:[((-1L, 1L), (0L, 1L), (1L, 2L), (2L, 2L), (3L, 4L), (4L, 3L), (5L, 1L), (6L, 1L), (14L, 1L), (15L, 1L), (17L, 1L), (18L, 1L), (19L, 1L))]
===file:select/subquery.sql, id:84, sql:[select pad,count(id) t from test_shard group by pad having t>1 order by id/*allow_diff_sequence*/]===
dble:[[(1L, 2L), (2L, 2L), (3L, 4L), (4L, 3L)]]
===file:select/subquery.sql, id:85, sql:[select count(distinct id),pad from test_shard group by pad having pad >0 order by pad]===
dble:[((2L, 1L), (2L, 2L), (4L, 3L), (3L, 4L), (1L, 5L), (1L, 6L), (1L, 14L), (1L, 15L), (1L, 17L), (1L, 18L), (1L, 19L))]
===file:select/subquery.sql, id:86, sql:[select * from test_shard where pad >(select count(id) t from test_shard group by pad having t>3)]===
dble:[[(12L, 12L, '_g', 5L), (13L, 13L, 'y_u', 6L), (14L, 14L, '20%', 14L), (15L, 15L, 'a_1', 15L), (17L, 17L, 'new*\n*line', 17L), (18L, 18L, 'a', 18L), (19L, 19L, None, 19L)]]
===file:select/subquery.sql, id:87, sql:[select * from test_shard where pad >(select count(id) t from test_shard group by pad order by pad limit 1) order by id]===
dble:[((2L, 2L, 'id2', 2L), (3L, 3L, 'id3', 3L), (4L, 4L, 'id4', 4L), (6L, 6L, 'id6', 2L), (7L, 7L, 'id7', 3L), (8L, 8L, '$id8$', 4L), (9L, 9L, 'test', 3L), (10L, 10L, '\xe4\xb8\xad', 3L), (11L, 11L, 'i_', 4L), (12L, 12L, '_g', 5L), (13L, 13L, 'y_u', 6L), (14L, 14L, '20%', 14L), (15L, 15L, 'a_1', 15L), (17L, 17L, 'new*\n*line', 17L), (18L, 18L, 'a', 18L), (19L, 19L, None, 19L))]
===file:select/subquery.sql, id:88, sql:[select * from test_shard where pad>(select count(id) t from test_shard group by pad having t>3 order by id) order by id]===
dble:[((12L, 12L, '_g', 5L), (13L, 13L, 'y_u', 6L), (14L, 14L, '20%', 14L), (15L, 15L, 'a_1', 15L), (17L, 17L, 'new*\n*line', 17L), (18L, 18L, 'a', 18L), (19L, 19L, None, 19L))]
===file:select/subquery.sql, id:89, sql:[select * from test_shard where pad>(select count(distinct id)t from test_shard group by pad having t >3) order by pad]===
dble:[((12L, 12L, '_g', 5L), (13L, 13L, 'y_u', 6L), (14L, 14L, '20%', 14L), (15L, 15L, 'a_1', 15L), (17L, 17L, 'new*\n*line', 17L), (18L, 18L, 'a', 18L), (19L, 19L, None, 19L))]
===file:select/subquery.sql, id:90, sql:[select * from (select pad,count(id) t from test_shard group by pad having t>1) a where a.pad>3]===
dble:[[(4L, 3L)]]
===file:select/subquery.sql, id:91, sql:[select * from (select pad,count(id) t from test_shard group by pad order by pad)a where a.pad>1]===
dble:[((2L, 2L), (3L, 4L), (4L, 3L), (5L, 1L), (6L, 1L), (14L, 1L), (15L, 1L), (17L, 1L), (18L, 1L), (19L, 1L))]
===file:select/subquery.sql, id:92, sql:[select * from (select pad,count(id) t from test_shard group by pad having t>1 order by id)a where a.pad>1/*allow_diff_sequence*/]===
dble:[[(2L, 2L), (3L, 4L), (4L, 3L)]]
===file:select/subquery.sql, id:93, sql:[select * from (select count(distinct id),pad from test_shard group by pad having pad >0 order by pad)a where a.pad>2]===
dble:[((4L, 3L), (3L, 4L), (1L, 5L), (1L, 6L), (1L, 14L), (1L, 15L), (1L, 17L), (1L, 18L), (1L, 19L))]
===file:select/subquery.sql, id:94, sql:[select (select count(id) t from test_shard group by pad having t>3) from test_shard]===
dble:[[(4L,), (4L,), (4L,), (4L,), (4L,), (4L,), (4L,), (4L,), (4L,), (4L,), (4L,), (4L,), (4L,), (4L,), (4L,), (4L,), (4L,), (4L,), (4L,), (4L,)]]
===file:select/subquery.sql, id:95, sql:[select (select count(id) t from test_shard group by pad order by pad limit 1) from test_shard]===
dble:[((1L,), (1L,), (1L,), (1L,), (1L,), (1L,), (1L,), (1L,), (1L,), (1L,), (1L,), (1L,), (1L,), (1L,), (1L,), (1L,), (1L,), (1L,), (1L,), (1L,))]
===file:select/subquery.sql, id:96, sql:[select (select count(id) t from test_shard group by pad having t>3 order by id) from test_shard]===
dble:[((4L,), (4L,), (4L,), (4L,), (4L,), (4L,), (4L,), (4L,), (4L,), (4L,), (4L,), (4L,), (4L,), (4L,), (4L,), (4L,), (4L,), (4L,), (4L,), (4L,))]
===file:select/subquery.sql, id:97, sql:[select (select count(distinct id)t from test_shard group by pad having t >3 order by pad) from test_shard]===
dble:[((4L,), (4L,), (4L,), (4L,), (4L,), (4L,), (4L,), (4L,), (4L,), (4L,), (4L,), (4L,), (4L,), (4L,), (4L,), (4L,), (4L,), (4L,), (4L,), (4L,))]
===file:select/subquery.sql, id:98, sql:[select * from (select pad,count(id) t from aly_test group by pad having t>1)a join (select pad,count(id) t from aly_order group by pad order by pad)b]===
dble:[((1L, 2L, 1L, 2L), (1L, 2L, 2L, 1L), (1L, 2L, 3L, 1L), (1L, 2L, 4L, 1L))]
===file:select/subquery.sql, id:99, sql:[select * from (select pad,count(id) t from aly_test group by pad having t>1)a join (select pad,count(id) t from aly_order group by pad order by pad)b where a.t>b.t]===
dble:[((1L, 2L, 2L, 1L), (1L, 2L, 3L, 1L), (1L, 2L, 4L, 1L))]
===file:select/subquery.sql, id:101, sql:[(select pad,count(id) t from aly_test group by pad having t>1)union(select pad,count(id) t from aly_order group by pad order by pad)]===
dble:[((1L, 2L), (2L, 1L), (3L, 1L), (4L, 1L))]
