===file:sqls_util/syntax/alter_table.sql, id:23, sql:[ALTER TABLE test1 KEY_BLOCK_SIZE = 1000;]===
mysql err:(1478, "Table storage engine 'InnoDB' does not support the create option 'COMPRESSION'")
dble err:(1478, "Table storage engine 'InnoDB' does not support the create option 'COMPRESSION'")
===file:sqls_util/syntax/alter_table.sql, id:28, sql:[ALTER TABLE test1 ROW_FORMAT = COMPRESSED;]===
mysql err:(1478, "Table storage engine 'InnoDB' does not support the create option 'COMPRESSION'")
dble err:(1478, "Table storage engine 'InnoDB' does not support the create option 'COMPRESSION'")
===file:sqls_util/syntax/alter_table.sql, id:32, sql:[ALTER TABLE test1 TABLESPACE aly_test1 STORAGE DISK;]===
mysql err:(1812, 'InnoDB: A general tablespace named `aly_test1` cannot be found.')
dble err:(1812, 'InnoDB: A general tablespace named `aly_test1` cannot be found.')
===file:sqls_util/syntax/alter_table.sql, id:47, sql:[ALTER TABLE test1 ADD INDEX idx (id,R_COMMENT,R_NAME) USING BTREE]===
mysql err:(1061, "Duplicate key name 'idx'")
dble err:(1061, "Duplicate key name 'idx'")
===file:sqls_util/syntax/alter_table.sql, id:51, sql:[ALTER TABLE test1 ADD INDEX idx (id,R_COMMENT,R_NAME) with parser parser_name]===
mysql err:(1064, "You have an error in your SQL syntax; check the manual that corresponds to your MySQL server version for the right syntax to use near 'parser parser_name' at line 1")
dble err:(1064, "You have an error in your SQL syntax; check the manual that corresponds to your MySQL server version for the right syntax to use near 'parser parser_name' at line 1")
===file:sqls_util/syntax/alter_table.sql, id:52, sql:[drop index idx on test1]===
mysql err:(1091, "Can't DROP 'idx'; check that column/key exists")
dble err:(1091, "Can't DROP 'idx'; check that column/key exists")
===file:sqls_util/syntax/alter_table.sql, id:155, sql:[ALTER TABLE test1 ADD CONSTRAINT PRIMARY KEY (id)]===
mysql err:(1068, 'Multiple primary key defined')
dble err:(1068, 'Multiple primary key defined')
===file:sqls_util/syntax/alter_table.sql, id:156, sql:[ALTER TABLE test1 ADD CONSTRAINT PRIMARY KEY (id asc,code DESC)]===
mysql err:(1068, 'Multiple primary key defined')
dble err:(1068, 'Multiple primary key defined')