===file:sqls_util/syntax/data_types_2.sql, id:8, sql:[INSERT INTO test1 ( id,data) VALUES (2,10)]===
mysql err:(1406, "Data too long for column 'data' at row 1")
dble err[17:21:27.726746] :(1406, "Data too long for column 'data' at row 1")
===file:sqls_util/syntax/data_types_2.sql, id:10, sql:[INSERT INTO test1 ( id,data) VALUES (3,'aaaaaaaaaaaa,aaaaaaaaaaaa_aaaaaaaaa%%aaaaaaaaaaaaaaaaaaaaaaaaaaaaaa*aa')]===
mysql err:(1406, "Data too long for column 'data' at row 1")
dble err[17:21:27.947334] :(1406, "Data too long for column 'data' at row 1")
===file:sqls_util/syntax/data_types_2.sql, id:16, sql:[INSERT INTO test1 ( id,data) VALUES (2,10)]===
mysql err:(1406, "Data too long for column 'data' at row 1")
dble err[17:21:28.593587] :(1406, "Data too long for column 'data' at row 1")
===file:sqls_util/syntax/data_types_2.sql, id:22, sql:[INSERT INTO test1 ( id,data) VALUES (1,123456)]===
mysql err:(1406, "Data too long for column 'data' at row 1")
dble err[17:21:29.293382] :(1406, "Data too long for column 'data' at row 1")
===file:sqls_util/syntax/data_types_2.sql, id:23, sql:[INSERT INTO test1 ( id,data) VALUES (1,'abcdef')]===
mysql err:(1406, "Data too long for column 'data' at row 1")
dble err[17:21:29.392246] :(1406, "Data too long for column 'data' at row 1")
===file:sqls_util/syntax/data_types_2.sql, id:40, sql:[INSERT INTO test1 ( id,data) VALUES (1,123456)]===
mysql err:(1406, "Data too long for column 'data' at row 1")
dble err[17:21:31.326065] :(1406, "Data too long for column 'data' at row 1")
===file:sqls_util/syntax/data_types_2.sql, id:41, sql:[INSERT INTO test1 ( id,data) VALUES (1,'abcdef')]===
mysql err:(1406, "Data too long for column 'data' at row 1")
dble err[17:21:31.422160] :(1406, "Data too long for column 'data' at row 1")
===file:sqls_util/syntax/data_types_2.sql, id:42, sql:[INSERT INTO test1 ( id,data) VALUES (1,'abcde')]===
mysql err:(1406, "Data too long for column 'data' at row 1")
dble err[17:21:31.528347] :(1406, "Data too long for column 'data' at row 1")
===file:sqls_util/syntax/data_types_2.sql, id:46, sql:[INSERT INTO test1 ( id,data) VALUES (1,123456)]===
mysql err:(1406, "Data too long for column 'data' at row 1")
dble err[17:21:32.066739] :(1406, "Data too long for column 'data' at row 1")
===file:sqls_util/syntax/data_types_2.sql, id:47, sql:[INSERT INTO test1 ( id,data) VALUES (1,'abcdef')]===
mysql err:(1406, "Data too long for column 'data' at row 1")
dble err[17:21:32.193494] :(1406, "Data too long for column 'data' at row 1")
===file:sqls_util/syntax/data_types_2.sql, id:48, sql:[INSERT INTO test1 ( id,data) VALUES (1,'abcde')]===
mysql err:(1406, "Data too long for column 'data' at row 1")
dble err[17:21:32.305838] :(1406, "Data too long for column 'data' at row 1")
===file:sqls_util/syntax/data_types_2.sql, id:53, sql:[INSERT INTO test1 ( id,data) VALUES (1,'aaaaaaaaaaaaaaaaaaaaaaaaabcdefg')]===
mysql err:(1406, "Data too long for column 'data' at row 1")
dble err[17:21:32.854867] :(1406, "Data too long for column 'data' at row 1")
===file:sqls_util/syntax/data_types_2.sql, id:59, sql:[INSERT INTO test1 ( id,data) VALUES (1,'aaaaaaaaaaaaaaaaaaaaaaaaabcdefg')]===
mysql err:(1406, "Data too long for column 'data' at row 1")
dble err[17:21:33.517762] :(1406, "Data too long for column 'data' at row 1")
===file:sqls_util/syntax/data_types_2.sql, id:81, sql:[INSERT INTO test1 ( id,data) VALUES (1,'201411-11')]===
mysql err:(1292, "Incorrect date value: '201411-11' for column 'data' at row 1")
dble err[17:21:35.745084] :(1292, "Incorrect date value: '201411-11' for column 'data' at row 1")
===file:sqls_util/syntax/data_types_2.sql, id:86, sql:[INSERT INTO test1 ( id,data) VALUES (6,'aaaa-01-01')]===
mysql err:(1292, "Incorrect date value: 'aaaa-01-01' for column 'data' at row 1")
dble err[17:21:36.337024] :(1292, "Incorrect date value: 'aaaa-01-01' for column 'data' at row 1")
===file:sqls_util/syntax/data_types_2.sql, id:89, sql:[INSERT INTO test1 ( id,data) VALUES (9,'10000-01-01')]===
mysql err:(1292, "Incorrect date value: '10000-01-01' for column 'data' at row 1")
dble err[17:21:36.651525] :(1292, "Incorrect date value: '10000-01-01' for column 'data' at row 1")
===file:sqls_util/syntax/data_types_2.sql, id:90, sql:[INSERT INTO test1 ( id,data) VALUES (10,'9999-01-100')]===
mysql err:(1292, "Incorrect date value: '9999-01-100' for column 'data' at row 1")
dble err[17:21:36.765980] :(1292, "Incorrect date value: '9999-01-100' for column 'data' at row 1")
===file:sqls_util/syntax/data_types_2.sql, id:101, sql:[INSERT INTO test1 ( id,data) VALUES (1,'201411-11')]===
mysql err:(1292, "Incorrect time value: '201411-11' for column 'data' at row 1")
dble err[17:21:37.756542] :(1292, "Incorrect time value: '201411-11' for column 'data' at row 1")
===file:sqls_util/syntax/data_types_2.sql, id:117, sql:[INSERT INTO test1 ( id,data) VALUES (1,'1970-01-01 00:00:01'),(2,'2038-01-19 03:14:07')]===
mysql err:(1292, "Incorrect datetime value: '1970-01-01 00:00:01' for column 'data' at row 1")
dble err[17:21:39.284742] :(1292, "Incorrect datetime value: '1970-01-01 00:00:01' for column 'data' at row 1")
===file:sqls_util/syntax/data_types_2.sql, id:136, sql:[INSERT INTO test1 ( id,data) VALUES (1,1900)]===
mysql err:(1264, "Out of range value for column 'data' at row 1")
dble err[17:21:41.008196] :(1264, "Out of range value for column 'data' at row 1")
===file:sqls_util/syntax/data_types_2.sql, id:137, sql:[INSERT INTO test1 ( id,data) VALUES (2,2156)]===
mysql err:(1264, "Out of range value for column 'data' at row 1")
dble err[17:21:41.125013] :(1264, "Out of range value for column 'data' at row 1")
===file:sqls_util/syntax/data_types_2.sql, id:138, sql:[INSERT INTO test1 ( id,data) VALUES (3,'2038-01-19 03:14:07')]===
mysql err:(1265, "Data truncated for column 'data' at row 1")
dble err[17:21:41.219194] :(1265, "Data truncated for column 'data' at row 1")
===file:sqls_util/syntax/data_types_2.sql, id:139, sql:[INSERT INTO test1 ( id,data) VALUES (4,1901),(5,2156),(6,0000)]===
mysql err:(1264, "Out of range value for column 'data' at row 2")
dble err[17:21:41.338940] :(1264, "Out of range value for column 'data' at row 2")
===file:sqls_util/syntax/data_types_2.sql, id:233, sql:[INSERT INTO test1 ( id,data) VALUES (1,'abcdef')]===
mysql err:(1406, "Data too long for column 'data' at row 1")
dble err[17:21:48.551042] :(1406, "Data too long for column 'data' at row 1")
===file:sqls_util/syntax/data_types_2.sql, id:241, sql:[INSERT INTO test1 ( id,data) VALUES (1,'abcdef')]===
mysql err:(1406, "Data too long for column 'data' at row 1")
dble err[17:21:49.234772] :(1406, "Data too long for column 'data' at row 1")
