===file:sqls_util/syntax/set_names_character.sql, id:10, sql:[set names 'utf8']===
dble:[[]]
===file:sqls_util/syntax/set_names_character.sql, id:11, sql:[select @@character_set_client,@@character_set_connection,@@character_set_results]===
dble:[[('latin1', 'latin1', 'latin1')]]
===file:sqls_util/syntax/set_names_character.sql, id:12, sql:[drop table if exists test1]===
dble:[[]]
===file:sqls_util/syntax/set_names_character.sql, id:13, sql:[create table test1(id int,data varchar(10))]===
dble:[[]]
===file:sqls_util/syntax/set_names_character.sql, id:14, sql:[insert into test1 values (1,'测试1'),(2,'测试2'),(3,'测试3'),(4,'测试4')]===
dble:[[]]
===file:sqls_util/syntax/set_names_character.sql, id:15, sql:[select * from test1]===
dble:[[(1L, '\xe6\xb5\x8b\xe8\xaf\x951'), (2L, '\xe6\xb5\x8b\xe8\xaf\x952'), (3L, '\xe6\xb5\x8b\xe8\xaf\x953'), (4L, '\xe6\xb5\x8b\xe8\xaf\x954')]]
===file:sqls_util/syntax/set_names_character.sql, id:16, sql:[set @@character_set_client='gbk']===
dble:[[]]
===file:sqls_util/syntax/set_names_character.sql, id:17, sql:[select * from test1]===
dble:[[(1L, '\xe6\xb5\x8b\xe8\xaf\x951'), (2L, '\xe6\xb5\x8b\xe8\xaf\x952'), (3L, '\xe6\xb5\x8b\xe8\xaf\x953'), (4L, '\xe6\xb5\x8b\xe8\xaf\x954')]]
===file:sqls_util/syntax/set_names_character.sql, id:18, sql:[set @@character_set_results='gbk']===
dble:[[]]
===file:sqls_util/syntax/set_names_character.sql, id:19, sql:[select * from test1]===
dble:[[(1L, '\xe6\xb5\x8b\xe8\xaf\x951'), (2L, '\xe6\xb5\x8b\xe8\xaf\x952'), (3L, '\xe6\xb5\x8b\xe8\xaf\x953'), (4L, '\xe6\xb5\x8b\xe8\xaf\x954')]]
===file:sqls_util/syntax/set_names_character.sql, id:20, sql:[select concat('123','测试2')]===
dble:[[('123\xe6\xb5\x8b\xe8\xaf\x952',)]]
===file:sqls_util/syntax/set_names_character.sql, id:25, sql:[set names 'utf8']===
dble:[[]]
===file:sqls_util/syntax/set_names_character.sql, id:26, sql:[select @@character_set_client,@@character_set_connection,@@character_set_results]===
dble:[[('utf8', 'utf8', 'utf8')]]
===file:sqls_util/syntax/set_names_character.sql, id:27, sql:[drop table if exists test1]===
dble:[[]]
===file:sqls_util/syntax/set_names_character.sql, id:28, sql:[create table test1(id int,data varchar(10))]===
dble:[[]]
===file:sqls_util/syntax/set_names_character.sql, id:30, sql:[select * from test1]===
dble:[[]]
===file:sqls_util/syntax/set_names_character.sql, id:31, sql:[set @@character_set_connection='gbk']===
dble:[[]]
===file:sqls_util/syntax/set_names_character.sql, id:33, sql:[select * from test1]===
dble:[[]]
===file:sqls_util/syntax/set_names_character.sql, id:34, sql:[set @@character_set_connection='ascii']===
dble:[[]]
===file:sqls_util/syntax/set_names_character.sql, id:35, sql:[insert into test1 values (3,'测试3')]===
dble:[[]]
===file:sqls_util/syntax/set_names_character.sql, id:36, sql:[select * from test1]===
dble:[[(3L, '??3')]]
===file:sqls_util/syntax/set_names_character.sql, id:37, sql:[set @@character_set_connection='utf8']===
dble:[[]]
===file:sqls_util/syntax/set_names_character.sql, id:38, sql:[select @@character_set_connection]===
dble:[[('utf8',)]]
===file:sqls_util/syntax/set_names_character.sql, id:39, sql:[set @@character_set_client='gbk']===
dble:[[]]
===file:sqls_util/syntax/set_names_character.sql, id:40, sql:[select @@character_set_client]===
dble:[[('gbk',)]]
===file:sqls_util/syntax/set_names_character.sql, id:42, sql:[select * from test1]===
dble:[[(3L, '??3')]]
===file:sqls_util/syntax/set_names_character.sql, id:43, sql:[set @@character_set_client='utf8']===
dble:[[]]
===file:sqls_util/syntax/set_names_character.sql, id:44, sql:[select * from test1]===
dble:[[(3L, '??3')]]
===file:sqls_util/syntax/set_names_character.sql, id:45, sql:[set @@character_set_results='gbk']===
dble:[[]]
===file:sqls_util/syntax/set_names_character.sql, id:47, sql:[select * from test1]===
dble:[[(3L, '??3')]]
===file:sqls_util/syntax/set_names_character.sql, id:48, sql:[set @@character_set_results='utf8']===
dble:[[]]
===file:sqls_util/syntax/set_names_character.sql, id:49, sql:[set @@character_set_client='utf8']===
dble:[[]]
===file:sqls_util/syntax/set_names_character.sql, id:50, sql:[select @@character_set_client,@@character_set_connection,@@character_set_results]===
dble:[[('utf8', 'utf8', 'utf8')]]
===file:sqls_util/syntax/set_names_character.sql, id:52, sql:[select * from test1]===
dble:[[(3L, '??3')]]
===file:sqls_util/syntax/set_names_character.sql, id:56, sql:[drop table if exists test1]===
dble:[[]]
