===file:sqls_util/syntax/set_server_var_util.sql, id:4, sql:[select @@insert_id]===
dble:[[(0L,)]]
===file:sqls_util/syntax/set_server_var_util.sql, id:5, sql:[drop table if exists test1]===
dble:[[]]
===file:sqls_util/syntax/set_server_var_util.sql, id:6, sql:[create table test1(id int not null primary key auto_increment)]===
dble:[[]]
===file:sqls_util/syntax/set_server_var_util.sql, id:7, sql:[set @@insert_id=10]===
dble:[[]]
===file:sqls_util/syntax/set_server_var_util.sql, id:8, sql:[insert into test1 (id) values (null)]===
dble:[[]]
===file:sqls_util/syntax/set_server_var_util.sql, id:9, sql:[select id from test1]===
dble:[[(10L,)]]
===file:sqls_util/syntax/set_server_var_util.sql, id:10, sql:[set @@session.insert_id=11]===
dble:[[]]
===file:sqls_util/syntax/set_server_var_util.sql, id:11, sql:[insert into test1 (id) values (null)]===
dble:[[]]
===file:sqls_util/syntax/set_server_var_util.sql, id:12, sql:[select id from test1]===
dble:[[(10L,), (11L,)]]
===file:sqls_util/syntax/set_server_var_util.sql, id:13, sql:[set session insert_id=12]===
dble:[[]]
===file:sqls_util/syntax/set_server_var_util.sql, id:14, sql:[insert into test1 (id) values (null)]===
dble:[[]]
===file:sqls_util/syntax/set_server_var_util.sql, id:15, sql:[select id from test1]===
dble:[[(10L,), (11L,), (12L,)]]
===file:sqls_util/syntax/set_server_var_util.sql, id:19, sql:[drop table if exists test1]===
dble:[[]]
===file:sqls_util/syntax/set_server_var_util.sql, id:20, sql:[create table test1(id int primary key auto_increment,data varchar(10))]===
dble:[[]]
===file:sqls_util/syntax/set_server_var_util.sql, id:21, sql:[insert into test1 (data) values ('aaa')]===
dble:[[]]
===file:sqls_util/syntax/set_server_var_util.sql, id:22, sql:[select id,data from test1 where id is null]===
dble:[[]]
===file:sqls_util/syntax/set_server_var_util.sql, id:23, sql:[set @@sql_auto_is_null=on]===
dble:[[]]
===file:sqls_util/syntax/set_server_var_util.sql, id:24, sql:[select @@sql_auto_is_null]===
dble:[[(1L,)]]
===file:sqls_util/syntax/set_server_var_util.sql, id:25, sql:[insert into test1 (data) values ('bbb')]===
dble:[[]]
===file:sqls_util/syntax/set_server_var_util.sql, id:27, sql:[set @@session.sql_auto_is_null=off]===
dble:[[]]
===file:sqls_util/syntax/set_server_var_util.sql, id:28, sql:[select @@sql_auto_is_null]===
dble:[[(0L,)]]
===file:sqls_util/syntax/set_server_var_util.sql, id:32, sql:[drop table if exists test1]===
dble:[[]]
