===file:sqls_util/syntax/show.sql, id:12, sql:[show tables]===
dble:[[('test1',), ('test2',)]]
mysql:[[('test1',)]]
===file:sqls_util/syntax/show.sql, id:13, sql:[show full tables]===
dble:[[('test1', 'BASE TABLE'), ('test2', 'BASE TABLE')]]
mysql:[[('test1', 'BASE TABLE')]]
===file:sqls_util/syntax/show.sql, id:14, sql:[show tables from schema1]===
dble:[[('test1',), ('test2',)]]
mysql:[[('test1',)]]
===file:sqls_util/syntax/show.sql, id:15, sql:[show tables in schema1]===
dble:[[('test1',), ('test2',)]]
mysql:[[('test1',)]]
===file:sqls_util/syntax/show.sql, id:16, sql:[show full tables from schema1]===
dble:[[('test1', 'BASE TABLE'), ('test2', 'BASE TABLE')]]
mysql:[[('test1', 'BASE TABLE')]]
===file:sqls_util/syntax/show.sql, id:17, sql:[show full tables in schema1]===
dble:[[('test1', 'BASE TABLE'), ('test2', 'BASE TABLE')]]
mysql:[[('test1', 'BASE TABLE')]]
===file:sqls_util/syntax/show.sql, id:20, sql:[show full tables in schema1 where table_type like 'base%']===
dble:[[('test1', 'BASE TABLE'), ('test2', 'BASE TABLE')]]
mysql:[[('test1', 'BASE TABLE')]]
===file:sqls_util/syntax/show.sql, id:36, sql:[show create database schema1]===
dble:[[('schema1', 'CREATE DATABASE `schema1`')]]
mysql:[[('schema1', 'CREATE DATABASE `schema1` /*!40100 DEFAULT CHARACTER SET latin1 */')]]
===file:sqls_util/syntax/show.sql, id:37, sql:[show create schema schema1]===
dble:[None]
mysql:[(('schema1', 'CREATE DATABASE `schema1` /*!40100 DEFAULT CHARACTER SET latin1 */'),)]
dble err:(1049, "Unknown database 'schema1'")
===file:sqls_util/syntax/show.sql, id:38, sql:[show create schema if not exists schema1]===
dble:[None]
mysql:[(('schema1', 'CREATE DATABASE /*!32312 IF NOT EXISTS*/ `schema1` /*!40100 DEFAULT CHARACTER SET latin1 */'),)]
dble err:(1049, "Unknown database 'schema1'")
===file:sqls_util/syntax/show.sql, id:39, sql:[show create database if not exists schema1]===
dble:[None]
mysql:[(('schema1', 'CREATE DATABASE /*!32312 IF NOT EXISTS*/ `schema1` /*!40100 DEFAULT CHARACTER SET latin1 */'),)]
dble err:(1064, 'error pos 23, line 1, column 21, token IF')
===file:sqls_util/syntax/show.sql, id:40, sql:[show databases]===
dble:[[('schema1',), ('schema2',), ('schema3',)]]
mysql:[[('db1',), ('db2',), ('db3',), ('db4',), ('information_schema',), ('mysql',), ('performance_schema',), ('schema1',), ('schema2',), ('schema3',), ('sys',), ('testdb',)]]
===file:sqls_util/syntax/show.sql, id:41, sql:[show schemas]===
dble:[[('schema1',), ('schema2',), ('schema3',)]]
mysql:[[('db1',), ('db2',), ('db3',), ('db4',), ('information_schema',), ('mysql',), ('performance_schema',), ('schema1',), ('schema2',), ('schema3',), ('sys',), ('testdb',)]]
===file:sqls_util/syntax/show.sql, id:42, sql:[show databases like 'schema1']===
dble:[[]]
mysql:[[('schema1',)]]
===file:sqls_util/syntax/show.sql, id:43, sql:[show schemas like 'schema1']===
dble:[[]]
mysql:[[('schema1',)]]
===file:sqls_util/syntax/show.sql, id:44, sql:[show open tables]===
dble:[[('db3', 'test1', 0L, 0L), ('db3', 'test2', 0L, 0L), ('mysql', 'columns_priv', 0L, 0L), ('mysql', 'db', 0L, 0L), ('mysql', 'engine_cost', 0L, 0L), ('mysql', 'event', 0L, 0L), ('mysql', 'func', 0L, 0L), ('mysql', 'gtid_executed', 0L, 0L), ('mysql', 'plugin', 0L, 0L), ('mysql', 'proc', 0L, 0L), ('mysql', 'procs_priv', 0L, 0L), ('mysql', 'proxies_priv', 0L, 0L), ('mysql', 'server_cost', 0L, 0L), ('mysql', 'servers', 0L, 0L), ('mysql', 'slave_master_info', 0L, 0L), ('mysql', 'slave_relay_log_info', 0L, 0L), ('mysql', 'slave_worker_info', 0L, 0L), ('mysql', 'tables_priv', 0L, 0L), ('mysql', 'time_zone', 0L, 0L), ('mysql', 'time_zone_leap_second', 0L, 0L), ('mysql', 'time_zone_name', 0L, 0L), ('mysql', 'time_zone_transition', 0L, 0L), ('mysql', 'time_zone_transition_type', 0L, 0L), ('mysql', 'user', 0L, 0L), ('performance_schema', 'accounts', 0L, 0L), ('performance_schema', 'cond_instances', 0L, 0L), ('performance_schema', 'events_stages_current', 0L, 0L), ('performance_schema', 'events_stages_history', 0L, 0L), ('performance_schema', 'events_stages_history_long', 0L, 0L), ('performance_schema', 'events_stages_summary_by_account_by_event_name', 0L, 0L), ('performance_schema', 'events_stages_summary_by_host_by_event_name', 0L, 0L), ('performance_schema', 'events_stages_summary_by_thread_by_event_name', 0L, 0L), ('performance_schema', 'events_stages_summary_by_user_by_event_name', 0L, 0L), ('performance_schema', 'events_stages_summary_global_by_event_name', 0L, 0L), ('performance_schema', 'events_statements_current', 0L, 0L), ('performance_schema', 'events_statements_history', 0L, 0L), ('performance_schema', 'events_statements_history_long', 0L, 0L), ('performance_schema', 'events_statements_summary_by_account_by_event_name', 0L, 0L), ('performance_schema', 'events_statements_summary_by_digest', 0L, 0L), ('performance_schema', 'events_statements_summary_by_host_by_event_name', 0L, 0L), ('performance_schema', 'events_statements_summary_by_program', 0L, 0L), ('performance_schema', 'events_statements_summary_by_thread_by_event_name', 0L, 0L), ('performance_schema', 'events_statements_summary_by_user_by_event_name', 0L, 0L), ('performance_schema', 'events_statements_summary_global_by_event_name', 0L, 0L), ('performance_schema', 'events_transactions_current', 0L, 0L), ('performance_schema', 'events_transactions_history', 0L, 0L), ('performance_schema', 'events_transactions_history_long', 0L, 0L), ('performance_schema', 'events_transactions_summary_by_account_by_event_name', 0L, 0L), ('performance_schema', 'events_transactions_summary_by_host_by_event_name', 0L, 0L), ('performance_schema', 'events_transactions_summary_by_thread_by_event_name', 0L, 0L), ('performance_schema', 'events_transactions_summary_by_user_by_event_name', 0L, 0L), ('performance_schema', 'events_transactions_summary_global_by_event_name', 0L, 0L), ('performance_schema', 'events_waits_current', 0L, 0L), ('performance_schema', 'events_waits_history', 0L, 0L), ('performance_schema', 'events_waits_history_long', 0L, 0L), ('performance_schema', 'events_waits_summary_by_account_by_event_name', 0L, 0L), ('performance_schema', 'events_waits_summary_by_host_by_event_name', 0L, 0L), ('performance_schema', 'events_waits_summary_by_instance', 0L, 0L), ('performance_schema', 'events_waits_summary_by_thread_by_event_name', 0L, 0L), ('performance_schema', 'events_waits_summary_by_user_by_event_name', 0L, 0L), ('performance_schema', 'events_waits_summary_global_by_event_name', 0L, 0L), ('performance_schema', 'file_instances', 0L, 0L), ('performance_schema', 'file_summary_by_event_name', 0L, 0L), ('performance_schema', 'file_summary_by_instance', 0L, 0L), ('performance_schema', 'global_status', 0L, 0L), ('performance_schema', 'global_variables', 0L, 0L), ('performance_schema', 'host_cache', 0L, 0L), ('performance_schema', 'hosts', 0L, 0L), ('performance_schema', 'memory_summary_by_account_by_event_name', 0L, 0L), ('performance_schema', 'memory_summary_by_host_by_event_name', 0L, 0L), ('performance_schema', 'memory_summary_by_thread_by_event_name', 0L, 0L), ('performance_schema', 'memory_summary_by_user_by_event_name', 0L, 0L), ('performance_schema', 'memory_summary_global_by_event_name', 0L, 0L), ('performance_schema', 'metadata_locks', 0L, 0L), ('performance_schema', 'mutex_instances', 0L, 0L), ('performance_schema', 'objects_summary_global_by_type', 0L, 0L), ('performance_schema', 'performance_timers', 0L, 0L), ('performance_schema', 'prepared_statements_instances', 0L, 0L), ('performance_schema', 'replication_applier_configuration', 0L, 0L), ('performance_schema', 'replication_applier_status', 0L, 0L), ('performance_schema', 'replication_applier_status_by_coordinator', 0L, 0L), ('performance_schema', 'replication_applier_status_by_worker', 0L, 0L), ('performance_schema', 'replication_connection_configuration', 0L, 0L), ('performance_schema', 'replication_connection_status', 0L, 0L), ('performance_schema', 'replication_group_member_stats', 0L, 0L), ('performance_schema', 'replication_group_members', 0L, 0L), ('performance_schema', 'rwlock_instances', 0L, 0L), ('performance_schema', 'session_account_connect_attrs', 0L, 0L), ('performance_schema', 'session_connect_attrs', 0L, 0L), ('performance_schema', 'session_status', 0L, 0L), ('performance_schema', 'session_variables', 0L, 0L), ('performance_schema', 'setup_actors', 0L, 0L), ('performance_schema', 'setup_consumers', 0L, 0L), ('performance_schema', 'setup_instruments', 0L, 0L), ('performance_schema', 'setup_objects', 0L, 0L), ('performance_schema', 'setup_timers', 0L, 0L), ('performance_schema', 'socket_instances', 0L, 0L), ('performance_schema', 'socket_summary_by_event_name', 0L, 0L), ('performance_schema', 'socket_summary_by_instance', 0L, 0L), ('performance_schema', 'status_by_account', 0L, 0L), ('performance_schema', 'status_by_host', 0L, 0L), ('performance_schema', 'status_by_thread', 0L, 0L), ('performance_schema', 'status_by_user', 0L, 0L), ('performance_schema', 'table_handles', 0L, 0L), ('performance_schema', 'table_io_waits_summary_by_index_usage', 0L, 0L), ('performance_schema', 'table_io_waits_summary_by_table', 0L, 0L), ('performance_schema', 'table_lock_waits_summary_by_table', 0L, 0L), ('performance_schema', 'threads', 0L, 0L), ('performance_schema', 'user_variables_by_thread', 0L, 0L), ('performance_schema', 'users', 0L, 0L), ('performance_schema', 'variables_by_thread', 0L, 0L)]]
mysql:[[('mysql', 'columns_priv', 0L, 0L), ('mysql', 'db', 0L, 0L), ('mysql', 'engine_cost', 0L, 0L), ('mysql', 'event', 0L, 0L), ('mysql', 'func', 0L, 0L), ('mysql', 'gtid_executed', 0L, 0L), ('mysql', 'plugin', 0L, 0L), ('mysql', 'proc', 0L, 0L), ('mysql', 'procs_priv', 0L, 0L), ('mysql', 'proxies_priv', 0L, 0L), ('mysql', 'server_cost', 0L, 0L), ('mysql', 'servers', 0L, 0L), ('mysql', 'slave_master_info', 0L, 0L), ('mysql', 'slave_relay_log_info', 0L, 0L), ('mysql', 'slave_worker_info', 0L, 0L), ('mysql', 'tables_priv', 0L, 0L), ('mysql', 'time_zone', 0L, 0L), ('mysql', 'time_zone_leap_second', 0L, 0L), ('mysql', 'time_zone_name', 0L, 0L), ('mysql', 'time_zone_transition', 0L, 0L), ('mysql', 'time_zone_transition_type', 0L, 0L), ('mysql', 'user', 0L, 0L), ('performance_schema', 'accounts', 0L, 0L), ('performance_schema', 'cond_instances', 0L, 0L), ('performance_schema', 'events_stages_current', 0L, 0L), ('performance_schema', 'events_stages_history', 0L, 0L), ('performance_schema', 'events_stages_history_long', 0L, 0L), ('performance_schema', 'events_stages_summary_by_account_by_event_name', 0L, 0L), ('performance_schema', 'events_stages_summary_by_host_by_event_name', 0L, 0L), ('performance_schema', 'events_stages_summary_by_thread_by_event_name', 0L, 0L), ('performance_schema', 'events_stages_summary_by_user_by_event_name', 0L, 0L), ('performance_schema', 'events_stages_summary_global_by_event_name', 0L, 0L), ('performance_schema', 'events_statements_current', 0L, 0L), ('performance_schema', 'events_statements_history', 0L, 0L), ('performance_schema', 'events_statements_history_long', 0L, 0L), ('performance_schema', 'events_statements_summary_by_account_by_event_name', 0L, 0L), ('performance_schema', 'events_statements_summary_by_digest', 0L, 0L), ('performance_schema', 'events_statements_summary_by_host_by_event_name', 0L, 0L), ('performance_schema', 'events_statements_summary_by_program', 0L, 0L), ('performance_schema', 'events_statements_summary_by_thread_by_event_name', 0L, 0L), ('performance_schema', 'events_statements_summary_by_user_by_event_name', 0L, 0L), ('performance_schema', 'events_statements_summary_global_by_event_name', 0L, 0L), ('performance_schema', 'events_transactions_current', 0L, 0L), ('performance_schema', 'events_transactions_history', 0L, 0L), ('performance_schema', 'events_transactions_history_long', 0L, 0L), ('performance_schema', 'events_transactions_summary_by_account_by_event_name', 0L, 0L), ('performance_schema', 'events_transactions_summary_by_host_by_event_name', 0L, 0L), ('performance_schema', 'events_transactions_summary_by_thread_by_event_name', 0L, 0L), ('performance_schema', 'events_transactions_summary_by_user_by_event_name', 0L, 0L), ('performance_schema', 'events_transactions_summary_global_by_event_name', 0L, 0L), ('performance_schema', 'events_waits_current', 0L, 0L), ('performance_schema', 'events_waits_history', 0L, 0L), ('performance_schema', 'events_waits_history_long', 0L, 0L), ('performance_schema', 'events_waits_summary_by_account_by_event_name', 0L, 0L), ('performance_schema', 'events_waits_summary_by_host_by_event_name', 0L, 0L), ('performance_schema', 'events_waits_summary_by_instance', 0L, 0L), ('performance_schema', 'events_waits_summary_by_thread_by_event_name', 0L, 0L), ('performance_schema', 'events_waits_summary_by_user_by_event_name', 0L, 0L), ('performance_schema', 'events_waits_summary_global_by_event_name', 0L, 0L), ('performance_schema', 'file_instances', 0L, 0L), ('performance_schema', 'file_summary_by_event_name', 0L, 0L), ('performance_schema', 'file_summary_by_instance', 0L, 0L), ('performance_schema', 'global_status', 0L, 0L), ('performance_schema', 'global_variables', 0L, 0L), ('performance_schema', 'host_cache', 0L, 0L), ('performance_schema', 'hosts', 0L, 0L), ('performance_schema', 'memory_summary_by_account_by_event_name', 0L, 0L), ('performance_schema', 'memory_summary_by_host_by_event_name', 0L, 0L), ('performance_schema', 'memory_summary_by_thread_by_event_name', 0L, 0L), ('performance_schema', 'memory_summary_by_user_by_event_name', 0L, 0L), ('performance_schema', 'memory_summary_global_by_event_name', 0L, 0L), ('performance_schema', 'metadata_locks', 0L, 0L), ('performance_schema', 'mutex_instances', 0L, 0L), ('performance_schema', 'objects_summary_global_by_type', 0L, 0L), ('performance_schema', 'performance_timers', 0L, 0L), ('performance_schema', 'prepared_statements_instances', 0L, 0L), ('performance_schema', 'replication_applier_configuration', 0L, 0L), ('performance_schema', 'replication_applier_status', 0L, 0L), ('performance_schema', 'replication_applier_status_by_coordinator', 0L, 0L), ('performance_schema', 'replication_applier_status_by_worker', 0L, 0L), ('performance_schema', 'replication_connection_configuration', 0L, 0L), ('performance_schema', 'replication_connection_status', 0L, 0L), ('performance_schema', 'replication_group_member_stats', 0L, 0L), ('performance_schema', 'replication_group_members', 0L, 0L), ('performance_schema', 'rwlock_instances', 0L, 0L), ('performance_schema', 'session_account_connect_attrs', 0L, 0L), ('performance_schema', 'session_connect_attrs', 0L, 0L), ('performance_schema', 'session_status', 0L, 0L), ('performance_schema', 'session_variables', 0L, 0L), ('performance_schema', 'setup_actors', 0L, 0L), ('performance_schema', 'setup_consumers', 0L, 0L), ('performance_schema', 'setup_instruments', 0L, 0L), ('performance_schema', 'setup_objects', 0L, 0L), ('performance_schema', 'setup_timers', 0L, 0L), ('performance_schema', 'socket_instances', 0L, 0L), ('performance_schema', 'socket_summary_by_event_name', 0L, 0L), ('performance_schema', 'socket_summary_by_instance', 0L, 0L), ('performance_schema', 'status_by_account', 0L, 0L), ('performance_schema', 'status_by_host', 0L, 0L), ('performance_schema', 'status_by_thread', 0L, 0L), ('performance_schema', 'status_by_user', 0L, 0L), ('performance_schema', 'table_handles', 0L, 0L), ('performance_schema', 'table_io_waits_summary_by_index_usage', 0L, 0L), ('performance_schema', 'table_io_waits_summary_by_table', 0L, 0L), ('performance_schema', 'table_lock_waits_summary_by_table', 0L, 0L), ('performance_schema', 'threads', 0L, 0L), ('performance_schema', 'user_variables_by_thread', 0L, 0L), ('performance_schema', 'users', 0L, 0L), ('performance_schema', 'variables_by_thread', 0L, 0L), ('schema1', 'test1', 0L, 0L), ('schema2', 'test2', 0L, 0L), ('schema3', 'test3', 0L, 0L)]]
===file:sqls_util/syntax/show.sql, id:45, sql:[show open tables from schema1]===
dble:[[]]
mysql:[[('schema1', 'test1', 0, 0)]]
===file:sqls_util/syntax/show.sql, id:46, sql:[show open tables in schema1]===
dble:[[]]
mysql:[[('schema1', 'test1', 0, 0)]]
