===file:sqls_util/syntax/show_dble.sql, id:6, sql:[show databases]===
dble:[[('schema1',), ('schema2',), ('schema3',)]]
mysql:[[('db1',), ('db2',), ('db3',), ('db4',), ('information_schema',), ('mysql',), ('performance_schema',), ('schema1',), ('schema2',), ('schema3',), ('sys',), ('testdb',)]]
===file:sqls_util/syntax/show_dble.sql, id:7, sql:[show schemas]===
dble:[[('schema1',), ('schema2',), ('schema3',)]]
mysql:[[('db1',), ('db2',), ('db3',), ('db4',), ('information_schema',), ('mysql',), ('performance_schema',), ('schema1',), ('schema2',), ('schema3',), ('sys',), ('testdb',)]]
===file:sqls_util/syntax/show_dble.sql, id:8, sql:[show tables]===
dble:[[('test1',), ('test2',)]]
mysql:[[('test1',)]]
===file:sqls_util/syntax/show_dble.sql, id:9, sql:[show full tables]===
dble:[[('test1', 'BASE TABLE'), ('test2', 'BASE TABLE')]]
mysql:[[('test1', 'BASE TABLE')]]
===file:sqls_util/syntax/show_dble.sql, id:10, sql:[show tables from schema1]===
dble:[[('test1',), ('test2',)]]
mysql:[[('test1',)]]
===file:sqls_util/syntax/show_dble.sql, id:11, sql:[show full tables from schema1 like 'test%']===
dble:[[('test1', 'BASE TABLE'), ('test2', 'BASE TABLE')]]
mysql:[[('test1', 'BASE TABLE')]]
===file:sqls_util/syntax/show_dble.sql, id:12, sql:[show table status]===
dble:[[('test1', 'InnoDB', '10', 'Compact', '0', '0', '16384', '0', '0', '0', '', None, None, None, 'utf8_general_ci', '', '', ''), ('test2', 'InnoDB', '10', 'Compact', '0', '0', '16384', '0', '0', '0', '', None, None, None, 'utf8_general_ci', '', '', '')]]
mysql:[[('test1', 'InnoDB', 10L, 'Dynamic', 0L, 0L, 16384L, 0L, 16384L, 0L, None, datetime.datetime(2019, 3, 8, 17, 27, 54), None, None, 'utf8_general_ci', None, '', '')]]
===file:sqls_util/syntax/show_dble.sql, id:19, sql:[show columns from test1 from schema2]===
dble:[(('id', 'int(10) unsigned', 'NO', 'PRI', None, ''), ('k', 'int(10) unsigned', 'NO', 'UNI', '0', ''), ('c', 'char(120)', 'YES', '', None, ''), ('pad', 'int(11)', 'NO', '', None, ''))]
mysql:[None]
mysql err:(1146, "Table 'schema2.test1' doesn't exist")
===file:sqls_util/syntax/show_dble.sql, id:27, sql:[show all tables]===
dble:[(('test1', 'BASE TABLE'), ('test2', 'BASE TABLE'))]
mysql:[None]
mysql err:(1064, "You have an error in your SQL syntax; check the manual that corresponds to your MySQL server version for the right syntax to use near 'all tables' at line 1")
