===file:sqls_util/syntax/union.sql, id:277, sql:[select id from  test1 union SELECT CONNECTION_id()]===
dble:[[(0,), (1,), (10,), (11,), (12,), (13,), (14,), (15,), (16,), (17,), (18,), (19,), (2,), (3,), (4,), (474,), (5,), (6,), (7,), (8,), (9,)]]
mysql:[[(0,), (1,), (10,), (11,), (12,), (13,), (14,), (15,), (16,), (17,), (18,), (19,), (2,), (3,), (4,), (4526,), (5,), (6,), (7,), (8,), (9,)]]
===file:sqls_util/syntax/union.sql, id:281, sql:[select id from  test1 union select schema()]===
dble:[[('0',), ('1',), ('10',), ('11',), ('12',), ('13',), ('14',), ('15',), ('16',), ('17',), ('18',), ('19',), ('2',), ('3',), ('4',), ('5',), ('6',), ('7',), ('8',), ('9',), ('db3',)]]
mysql:[[('0',), ('1',), ('10',), ('11',), ('12',), ('13',), ('14',), ('15',), ('16',), ('17',), ('18',), ('19',), ('2',), ('3',), ('4',), ('5',), ('6',), ('7',), ('8',), ('9',), ('schema1',)]]
===file:sqls_util/syntax/union.sql, id:282, sql:[select id from  test1 union SELECT SESSION_USER()]===
dble:[[('0',), ('1',), ('10',), ('11',), ('12',), ('13',), ('14',), ('15',), ('16',), ('17',), ('18',), ('19',), ('2',), ('3',), ('4',), ('5',), ('6',), ('7',), ('8',), ('9',), ('test@172.100.9.1',)]]
mysql:[[('0',), ('1',), ('10',), ('11',), ('12',), ('13',), ('14',), ('15',), ('16',), ('17',), ('18',), ('19',), ('2',), ('3',), ('4',), ('5',), ('6',), ('7',), ('8',), ('9',), ('test@172.100.9.8',)]]
===file:sqls_util/syntax/union.sql, id:303, sql:[select id from  test1 union SELECT UUid()]===
dble:[[('0',), ('1',), ('10',), ('11',), ('12',), ('13',), ('14',), ('15',), ('16',), ('17',), ('18',), ('19',), ('2',), ('3',), ('4',), ('5',), ('6',), ('7',), ('8',), ('9',), ('fb2ddec7-1f9e-11ee-8296-0242ac640905',)]]
mysql:[[('0',), ('1',), ('10',), ('11',), ('12',), ('13',), ('14',), ('15',), ('16',), ('17',), ('18',), ('19',), ('2',), ('3',), ('4',), ('5',), ('6',), ('7',), ('8',), ('9',), ('fb2d713a-1f9e-11ee-9bf2-0242ac640904',)]]
===file:sqls_util/syntax/union.sql, id:326, sql:[SELECT CONNECTION_id() union select id from  test1]===
dble:[[(0,), (1,), (10,), (11,), (12,), (13,), (14,), (15,), (16,), (17,), (18,), (19,), (2,), (3,), (4,), (474,), (5,), (6,), (7,), (8,), (9,)]]
mysql:[[(0,), (1,), (10,), (11,), (12,), (13,), (14,), (15,), (16,), (17,), (18,), (19,), (2,), (3,), (4,), (4572,), (5,), (6,), (7,), (8,), (9,)]]
===file:sqls_util/syntax/union.sql, id:330, sql:[select schema() union select id from  test1]===
dble:[[('0',), ('1',), ('10',), ('11',), ('12',), ('13',), ('14',), ('15',), ('16',), ('17',), ('18',), ('19',), ('2',), ('3',), ('4',), ('5',), ('6',), ('7',), ('8',), ('9',), ('db3',)]]
mysql:[[('0',), ('1',), ('10',), ('11',), ('12',), ('13',), ('14',), ('15',), ('16',), ('17',), ('18',), ('19',), ('2',), ('3',), ('4',), ('5',), ('6',), ('7',), ('8',), ('9',), ('schema1',)]]
===file:sqls_util/syntax/union.sql, id:331, sql:[SELECT SESSION_USER() union select id from  test1]===
dble:[[('0',), ('1',), ('10',), ('11',), ('12',), ('13',), ('14',), ('15',), ('16',), ('17',), ('18',), ('19',), ('2',), ('3',), ('4',), ('5',), ('6',), ('7',), ('8',), ('9',), ('test@172.100.9.1',)]]
mysql:[[('0',), ('1',), ('10',), ('11',), ('12',), ('13',), ('14',), ('15',), ('16',), ('17',), ('18',), ('19',), ('2',), ('3',), ('4',), ('5',), ('6',), ('7',), ('8',), ('9',), ('test@172.100.9.8',)]]
===file:sqls_util/syntax/union.sql, id:334, sql:[SELECT ROW_COUNT() union select id from  test1]===
dble:[[(-1,), (0,), (1,), (10,), (11,), (12,), (13,), (14,), (15,), (16,), (17,), (18,), (19,), (2,), (3,), (4,), (5,), (6,), (7,), (8,), (9,)]]
mysql:[[(0,), (1,), (10,), (11,), (12,), (13,), (14,), (15,), (16,), (17,), (18,), (19,), (2,), (3,), (4,), (5,), (6,), (7,), (8,), (9,)]]
===file:sqls_util/syntax/union.sql, id:352, sql:[SELECT UUid() union select id from  test1]===
dble:[[('0',), ('1',), ('10',), ('11',), ('12',), ('13',), ('14',), ('15',), ('16',), ('17',), ('18',), ('19',), ('2',), ('3',), ('4',), ('5',), ('6',), ('7',), ('8',), ('9',), ('fe4b8cd4-1f9e-11ee-8296-0242ac640905',)]]
mysql:[[('0',), ('1',), ('10',), ('11',), ('12',), ('13',), ('14',), ('15',), ('16',), ('17',), ('18',), ('19',), ('2',), ('3',), ('4',), ('5',), ('6',), ('7',), ('8',), ('9',), ('fe4b2f35-1f9e-11ee-9bf2-0242ac640904',)]]