===file:special_nosharding/select/join_union_subquery_mixed.sql, id:1, sql:[drop table if exists noshard_t1;]===
dble:[[]]
===file:special_nosharding/select/join_union_subquery_mixed.sql, id:2, sql:[drop table if exists noshard_t2;]===
dble:[[]]
===file:special_nosharding/select/join_union_subquery_mixed.sql, id:3, sql:[drop table if exists noshard_t3;]===
dble:[[]]
===file:special_nosharding/select/join_union_subquery_mixed.sql, id:4, sql:[CREATE TABLE noshard_t1(`id` int(10) unsigned NOT NULL,`t_id` int(10) unsigned NOT NULL DEFAULT '0',`name` char(120) NOT NULL DEFAULT '',`pad` int(11) NOT NULL,PRIMARY KEY (`id`),KEY `k_1` (`t_id`))DEFAULT CHARSET=UTF8;]===
dble:[[]]
===file:special_nosharding/select/join_union_subquery_mixed.sql, id:5, sql:[CREATE TABLE noshard_t2(`id` int(10) unsigned NOT NULL,`o_id` int(10) unsigned NOT NULL DEFAULT '0',`name` char(120) NOT NULL DEFAULT '',`pad` int(11) NOT NULL,PRIMARY KEY (`id`),KEY `k_1` (`o_id`))DEFAULT CHARSET=UTF8;]===
dble:[[]]
===file:special_nosharding/select/join_union_subquery_mixed.sql, id:6, sql:[CREATE TABLE noshard_t3(`id` int(10) unsigned NOT NULL,`m_id` int(10) unsigned NOT NULL DEFAULT '0',`name` char(120) NOT NULL DEFAULT '',`pad` int(11) NOT NULL,PRIMARY KEY (`id`),KEY `k_1` (`m_id`))DEFAULT CHARSET=UTF8;]===
dble:[[]]
===file:special_nosharding/select/join_union_subquery_mixed.sql, id:7, sql:[insert into noshard_t1 values(1,1,'test中id为1',1),(2,2,'test_2',2),(3,3,'test中id为3',4),(4,4,'$test$4',3),(5,5,'test...5',1),(6,6,'test6',6);]===
dble:[[]]
===file:special_nosharding/select/join_union_subquery_mixed.sql, id:8, sql:[insert into noshard_t2 values(1,1,'order中id为1',1),(2,2,'test_2',2),(3,3,'order中id为3',3),(4,4,'$order$4',4),(5,5,'order...5',1);]===
dble:[[]]
===file:special_nosharding/select/join_union_subquery_mixed.sql, id:9, sql:[insert into noshard_t3 values(1,1,'manager中id为1',1),(2,2,'test_2',2),(3,3,'manager中id为3',3),(4,4,'$manager$4',4),(5,5,'manager...5',6);]===
dble:[[]]
===file:special_nosharding/select/join_union_subquery_mixed.sql, id:11, sql:[select * from (select a.id, t_id, a.name, a.pad from noshard_t1 a join noshard_t3 b on a.id = b.id union select * from  noshard_t2) as c order by id,name;]===
dble:[((1L, 1L, 'order\xe4\xb8\xadid\xe4\xb8\xba1', 1L), (1L, 1L, 'test\xe4\xb8\xadid\xe4\xb8\xba1', 1L), (2L, 2L, 'test_2', 2L), (3L, 3L, 'order\xe4\xb8\xadid\xe4\xb8\xba3', 3L), (3L, 3L, 'test\xe4\xb8\xadid\xe4\xb8\xba3', 4L), (4L, 4L, '$order$4', 4L), (4L, 4L, '$test$4', 3L), (5L, 5L, 'order...5', 1L), (5L, 5L, 'test...5', 1L))]
===file:special_nosharding/select/join_union_subquery_mixed.sql, id:12, sql:[select id, t_id, name,pad from (select a.id,t_id, b.name,b.pad from noshard_t1 a join noshard_t3 b on a.id = b.id) as c union select * from noshard_t2 order by id, name;]===
dble:[((1L, 1L, 'manager\xe4\xb8\xadid\xe4\xb8\xba1', 1L), (1L, 1L, 'order\xe4\xb8\xadid\xe4\xb8\xba1', 1L), (2L, 2L, 'test_2', 2L), (3L, 3L, 'manager\xe4\xb8\xadid\xe4\xb8\xba3', 3L), (3L, 3L, 'order\xe4\xb8\xadid\xe4\xb8\xba3', 3L), (4L, 4L, '$manager$4', 4L), (4L, 4L, '$order$4', 4L), (5L, 5L, 'manager...5', 6L), (5L, 5L, 'order...5', 1L))]
===file:special_nosharding/select/join_union_subquery_mixed.sql, id:13, sql:[select * from (select * from ( select a.id, t_id, a.name,a.pad from noshard_t1 a join noshard_t2 b on a.id=b.id union (select * from  noshard_t2 where id in (select id from noshard_t3))) as d UNION select * from noshard_t3) as c order by c.id,c.name;]===
dble:[((1L, 1L, 'manager\xe4\xb8\xadid\xe4\xb8\xba1', 1L), (1L, 1L, 'order\xe4\xb8\xadid\xe4\xb8\xba1', 1L), (1L, 1L, 'test\xe4\xb8\xadid\xe4\xb8\xba1', 1L), (2L, 2L, 'test_2', 2L), (3L, 3L, 'manager\xe4\xb8\xadid\xe4\xb8\xba3', 3L), (3L, 3L, 'order\xe4\xb8\xadid\xe4\xb8\xba3', 3L), (3L, 3L, 'test\xe4\xb8\xadid\xe4\xb8\xba3', 4L), (4L, 4L, '$manager$4', 4L), (4L, 4L, '$order$4', 4L), (4L, 4L, '$test$4', 3L), (5L, 5L, 'manager...5', 6L), (5L, 5L, 'order...5', 1L), (5L, 5L, 'test...5', 1L))]
