===file:special_nosharding/select/reference_no_sharding.sql, id:5, sql:[drop table if exists noshard_t1]===
dble:[[]]
===file:special_nosharding/select/reference_no_sharding.sql, id:6, sql:[drop table if exists noshard_t2]===
dble:[[]]
===file:special_nosharding/select/reference_no_sharding.sql, id:7, sql:[drop table if exists noshard_t3]===
dble:[[]]
===file:special_nosharding/select/reference_no_sharding.sql, id:8, sql:[CREATE TABLE noshard_t1(`id` int(10) unsigned NOT NULL,`t_id` int(10) unsigned NOT NULL DEFAULT '0',`name` char(120) NOT NULL DEFAULT '',`pad` int(11) NOT NULL,PRIMARY KEY (`id`),KEY `k_1` (`t_id`))DEFAULT CHARSET=UTF8]===
dble:[[]]
===file:special_nosharding/select/reference_no_sharding.sql, id:9, sql:[CREATE TABLE noshard_t2(`id` int(10) unsigned NOT NULL,`o_id` int(10) unsigned NOT NULL DEFAULT '0',`name` char(120) NOT NULL DEFAULT '',`pad` int(11) NOT NULL,PRIMARY KEY (`id`),KEY `k_1` (`o_id`))DEFAULT CHARSET=UTF8]===
dble:[[]]
===file:special_nosharding/select/reference_no_sharding.sql, id:10, sql:[CREATE TABLE noshard_t3(`id` int(10) unsigned NOT NULL,`m_id` int(10) unsigned NOT NULL DEFAULT '0',`name` char(120) NOT NULL DEFAULT '',`pad` int(11) NOT NULL,PRIMARY KEY (`id`),KEY `k_1` (`m_id`))DEFAULT CHARSET=UTF8]===
dble:[[]]
===file:special_nosharding/select/reference_no_sharding.sql, id:11, sql:[insert into noshard_t1 values(1,1,'test中id为1',1),(2,2,'test_2',2),(3,3,'test中id为3',4),(4,4,'$test$4',3),(5,5,'test...5',1),(6,6,'test6',6)]===
dble:[[]]
===file:special_nosharding/select/reference_no_sharding.sql, id:12, sql:[insert into noshard_t2 values(1,1,'order中id为1',1),(2,2,'test_2',2),(3,3,'order中id为3',3),(4,4,'$order$4',4),(5,5,'order...5',1)]===
dble:[[]]
===file:special_nosharding/select/reference_no_sharding.sql, id:13, sql:[insert into noshard_t3 values(1,1,'manager中id为1',1),(2,2,'test_2',2),(3,3,'manager中id为3',3),(4,4,'$manager$4',4),(5,5,'manager...5',6)]===
dble:[[]]
===file:special_nosharding/select/reference_no_sharding.sql, id:14, sql:[select * from noshard_t1 a,noshard_t2 b]===
dble:[[(1L, 1L, 'test\xe4\xb8\xadid\xe4\xb8\xba1', 1L, 1L, 1L, 'order\xe4\xb8\xadid\xe4\xb8\xba1', 1L), (1L, 1L, 'test\xe4\xb8\xadid\xe4\xb8\xba1', 1L, 2L, 2L, 'test_2', 2L), (1L, 1L, 'test\xe4\xb8\xadid\xe4\xb8\xba1', 1L, 3L, 3L, 'order\xe4\xb8\xadid\xe4\xb8\xba3', 3L), (1L, 1L, 'test\xe4\xb8\xadid\xe4\xb8\xba1', 1L, 4L, 4L, '$order$4', 4L), (1L, 1L, 'test\xe4\xb8\xadid\xe4\xb8\xba1', 1L, 5L, 5L, 'order...5', 1L), (2L, 2L, 'test_2', 2L, 1L, 1L, 'order\xe4\xb8\xadid\xe4\xb8\xba1', 1L), (2L, 2L, 'test_2', 2L, 2L, 2L, 'test_2', 2L), (2L, 2L, 'test_2', 2L, 3L, 3L, 'order\xe4\xb8\xadid\xe4\xb8\xba3', 3L), (2L, 2L, 'test_2', 2L, 4L, 4L, '$order$4', 4L), (2L, 2L, 'test_2', 2L, 5L, 5L, 'order...5', 1L), (3L, 3L, 'test\xe4\xb8\xadid\xe4\xb8\xba3', 4L, 1L, 1L, 'order\xe4\xb8\xadid\xe4\xb8\xba1', 1L), (3L, 3L, 'test\xe4\xb8\xadid\xe4\xb8\xba3', 4L, 2L, 2L, 'test_2', 2L), (3L, 3L, 'test\xe4\xb8\xadid\xe4\xb8\xba3', 4L, 3L, 3L, 'order\xe4\xb8\xadid\xe4\xb8\xba3', 3L), (3L, 3L, 'test\xe4\xb8\xadid\xe4\xb8\xba3', 4L, 4L, 4L, '$order$4', 4L), (3L, 3L, 'test\xe4\xb8\xadid\xe4\xb8\xba3', 4L, 5L, 5L, 'order...5', 1L), (4L, 4L, '$test$4', 3L, 1L, 1L, 'order\xe4\xb8\xadid\xe4\xb8\xba1', 1L), (4L, 4L, '$test$4', 3L, 2L, 2L, 'test_2', 2L), (4L, 4L, '$test$4', 3L, 3L, 3L, 'order\xe4\xb8\xadid\xe4\xb8\xba3', 3L), (4L, 4L, '$test$4', 3L, 4L, 4L, '$order$4', 4L), (4L, 4L, '$test$4', 3L, 5L, 5L, 'order...5', 1L), (5L, 5L, 'test...5', 1L, 1L, 1L, 'order\xe4\xb8\xadid\xe4\xb8\xba1', 1L), (5L, 5L, 'test...5', 1L, 2L, 2L, 'test_2', 2L), (5L, 5L, 'test...5', 1L, 3L, 3L, 'order\xe4\xb8\xadid\xe4\xb8\xba3', 3L), (5L, 5L, 'test...5', 1L, 4L, 4L, '$order$4', 4L), (5L, 5L, 'test...5', 1L, 5L, 5L, 'order...5', 1L), (6L, 6L, 'test6', 6L, 1L, 1L, 'order\xe4\xb8\xadid\xe4\xb8\xba1', 1L), (6L, 6L, 'test6', 6L, 2L, 2L, 'test_2', 2L), (6L, 6L, 'test6', 6L, 3L, 3L, 'order\xe4\xb8\xadid\xe4\xb8\xba3', 3L), (6L, 6L, 'test6', 6L, 4L, 4L, '$order$4', 4L), (6L, 6L, 'test6', 6L, 5L, 5L, 'order...5', 1L)]]
===file:special_nosharding/select/reference_no_sharding.sql, id:15, sql:[select * from (select * from noshard_t1 where id<3) a,(select * from noshard_t2 where id>3) b]===
dble:[[(1L, 1L, 'test\xe4\xb8\xadid\xe4\xb8\xba1', 1L, 4L, 4L, '$order$4', 4L), (1L, 1L, 'test\xe4\xb8\xadid\xe4\xb8\xba1', 1L, 5L, 5L, 'order...5', 1L), (2L, 2L, 'test_2', 2L, 4L, 4L, '$order$4', 4L), (2L, 2L, 'test_2', 2L, 5L, 5L, 'order...5', 1L)]]
===file:special_nosharding/select/reference_no_sharding.sql, id:16, sql:[select a.id,b.id,b.pad,a.t_id from noshard_t1 a,(select noshard_t3.id,noshard_t3.pad from noshard_t1 join noshard_t3 where noshard_t1.pad=noshard_t3.pad) b,(select * from noshard_t2 where id>3) c where a.pad=b.pad and c.pad=b.pad]===
dble:[[(1L, 1L, 1L, 1L), (1L, 1L, 1L, 1L), (3L, 4L, 4L, 3L), (5L, 1L, 1L, 5L), (5L, 1L, 1L, 5L)]]
===file:special_nosharding/select/reference_no_sharding.sql, id:20, sql:[select * from noshard_t1 a join noshard_t2 as b order by a.id,b.id]===
dble:[((1L, 1L, 'test\xe4\xb8\xadid\xe4\xb8\xba1', 1L, 1L, 1L, 'order\xe4\xb8\xadid\xe4\xb8\xba1', 1L), (1L, 1L, 'test\xe4\xb8\xadid\xe4\xb8\xba1', 1L, 2L, 2L, 'test_2', 2L), (1L, 1L, 'test\xe4\xb8\xadid\xe4\xb8\xba1', 1L, 3L, 3L, 'order\xe4\xb8\xadid\xe4\xb8\xba3', 3L), (1L, 1L, 'test\xe4\xb8\xadid\xe4\xb8\xba1', 1L, 4L, 4L, '$order$4', 4L), (1L, 1L, 'test\xe4\xb8\xadid\xe4\xb8\xba1', 1L, 5L, 5L, 'order...5', 1L), (2L, 2L, 'test_2', 2L, 1L, 1L, 'order\xe4\xb8\xadid\xe4\xb8\xba1', 1L), (2L, 2L, 'test_2', 2L, 2L, 2L, 'test_2', 2L), (2L, 2L, 'test_2', 2L, 3L, 3L, 'order\xe4\xb8\xadid\xe4\xb8\xba3', 3L), (2L, 2L, 'test_2', 2L, 4L, 4L, '$order$4', 4L), (2L, 2L, 'test_2', 2L, 5L, 5L, 'order...5', 1L), (3L, 3L, 'test\xe4\xb8\xadid\xe4\xb8\xba3', 4L, 1L, 1L, 'order\xe4\xb8\xadid\xe4\xb8\xba1', 1L), (3L, 3L, 'test\xe4\xb8\xadid\xe4\xb8\xba3', 4L, 2L, 2L, 'test_2', 2L), (3L, 3L, 'test\xe4\xb8\xadid\xe4\xb8\xba3', 4L, 3L, 3L, 'order\xe4\xb8\xadid\xe4\xb8\xba3', 3L), (3L, 3L, 'test\xe4\xb8\xadid\xe4\xb8\xba3', 4L, 4L, 4L, '$order$4', 4L), (3L, 3L, 'test\xe4\xb8\xadid\xe4\xb8\xba3', 4L, 5L, 5L, 'order...5', 1L), (4L, 4L, '$test$4', 3L, 1L, 1L, 'order\xe4\xb8\xadid\xe4\xb8\xba1', 1L), (4L, 4L, '$test$4', 3L, 2L, 2L, 'test_2', 2L), (4L, 4L, '$test$4', 3L, 3L, 3L, 'order\xe4\xb8\xadid\xe4\xb8\xba3', 3L), (4L, 4L, '$test$4', 3L, 4L, 4L, '$order$4', 4L), (4L, 4L, '$test$4', 3L, 5L, 5L, 'order...5', 1L), (5L, 5L, 'test...5', 1L, 1L, 1L, 'order\xe4\xb8\xadid\xe4\xb8\xba1', 1L), (5L, 5L, 'test...5', 1L, 2L, 2L, 'test_2', 2L), (5L, 5L, 'test...5', 1L, 3L, 3L, 'order\xe4\xb8\xadid\xe4\xb8\xba3', 3L), (5L, 5L, 'test...5', 1L, 4L, 4L, '$order$4', 4L), (5L, 5L, 'test...5', 1L, 5L, 5L, 'order...5', 1L), (6L, 6L, 'test6', 6L, 1L, 1L, 'order\xe4\xb8\xadid\xe4\xb8\xba1', 1L), (6L, 6L, 'test6', 6L, 2L, 2L, 'test_2', 2L), (6L, 6L, 'test6', 6L, 3L, 3L, 'order\xe4\xb8\xadid\xe4\xb8\xba3', 3L), (6L, 6L, 'test6', 6L, 4L, 4L, '$order$4', 4L), (6L, 6L, 'test6', 6L, 5L, 5L, 'order...5', 1L))]
===file:special_nosharding/select/reference_no_sharding.sql, id:21, sql:[select * from noshard_t1 a inner join noshard_t2 b order by a.id,b.id]===
dble:[((1L, 1L, 'test\xe4\xb8\xadid\xe4\xb8\xba1', 1L, 1L, 1L, 'order\xe4\xb8\xadid\xe4\xb8\xba1', 1L), (1L, 1L, 'test\xe4\xb8\xadid\xe4\xb8\xba1', 1L, 2L, 2L, 'test_2', 2L), (1L, 1L, 'test\xe4\xb8\xadid\xe4\xb8\xba1', 1L, 3L, 3L, 'order\xe4\xb8\xadid\xe4\xb8\xba3', 3L), (1L, 1L, 'test\xe4\xb8\xadid\xe4\xb8\xba1', 1L, 4L, 4L, '$order$4', 4L), (1L, 1L, 'test\xe4\xb8\xadid\xe4\xb8\xba1', 1L, 5L, 5L, 'order...5', 1L), (2L, 2L, 'test_2', 2L, 1L, 1L, 'order\xe4\xb8\xadid\xe4\xb8\xba1', 1L), (2L, 2L, 'test_2', 2L, 2L, 2L, 'test_2', 2L), (2L, 2L, 'test_2', 2L, 3L, 3L, 'order\xe4\xb8\xadid\xe4\xb8\xba3', 3L), (2L, 2L, 'test_2', 2L, 4L, 4L, '$order$4', 4L), (2L, 2L, 'test_2', 2L, 5L, 5L, 'order...5', 1L), (3L, 3L, 'test\xe4\xb8\xadid\xe4\xb8\xba3', 4L, 1L, 1L, 'order\xe4\xb8\xadid\xe4\xb8\xba1', 1L), (3L, 3L, 'test\xe4\xb8\xadid\xe4\xb8\xba3', 4L, 2L, 2L, 'test_2', 2L), (3L, 3L, 'test\xe4\xb8\xadid\xe4\xb8\xba3', 4L, 3L, 3L, 'order\xe4\xb8\xadid\xe4\xb8\xba3', 3L), (3L, 3L, 'test\xe4\xb8\xadid\xe4\xb8\xba3', 4L, 4L, 4L, '$order$4', 4L), (3L, 3L, 'test\xe4\xb8\xadid\xe4\xb8\xba3', 4L, 5L, 5L, 'order...5', 1L), (4L, 4L, '$test$4', 3L, 1L, 1L, 'order\xe4\xb8\xadid\xe4\xb8\xba1', 1L), (4L, 4L, '$test$4', 3L, 2L, 2L, 'test_2', 2L), (4L, 4L, '$test$4', 3L, 3L, 3L, 'order\xe4\xb8\xadid\xe4\xb8\xba3', 3L), (4L, 4L, '$test$4', 3L, 4L, 4L, '$order$4', 4L), (4L, 4L, '$test$4', 3L, 5L, 5L, 'order...5', 1L), (5L, 5L, 'test...5', 1L, 1L, 1L, 'order\xe4\xb8\xadid\xe4\xb8\xba1', 1L), (5L, 5L, 'test...5', 1L, 2L, 2L, 'test_2', 2L), (5L, 5L, 'test...5', 1L, 3L, 3L, 'order\xe4\xb8\xadid\xe4\xb8\xba3', 3L), (5L, 5L, 'test...5', 1L, 4L, 4L, '$order$4', 4L), (5L, 5L, 'test...5', 1L, 5L, 5L, 'order...5', 1L), (6L, 6L, 'test6', 6L, 1L, 1L, 'order\xe4\xb8\xadid\xe4\xb8\xba1', 1L), (6L, 6L, 'test6', 6L, 2L, 2L, 'test_2', 2L), (6L, 6L, 'test6', 6L, 3L, 3L, 'order\xe4\xb8\xadid\xe4\xb8\xba3', 3L), (6L, 6L, 'test6', 6L, 4L, 4L, '$order$4', 4L), (6L, 6L, 'test6', 6L, 5L, 5L, 'order...5', 1L))]
===file:special_nosharding/select/reference_no_sharding.sql, id:22, sql:[select * from noshard_t1 a cross join noshard_t2 b order by a.id,b.id]===
dble:[((1L, 1L, 'test\xe4\xb8\xadid\xe4\xb8\xba1', 1L, 1L, 1L, 'order\xe4\xb8\xadid\xe4\xb8\xba1', 1L), (1L, 1L, 'test\xe4\xb8\xadid\xe4\xb8\xba1', 1L, 2L, 2L, 'test_2', 2L), (1L, 1L, 'test\xe4\xb8\xadid\xe4\xb8\xba1', 1L, 3L, 3L, 'order\xe4\xb8\xadid\xe4\xb8\xba3', 3L), (1L, 1L, 'test\xe4\xb8\xadid\xe4\xb8\xba1', 1L, 4L, 4L, '$order$4', 4L), (1L, 1L, 'test\xe4\xb8\xadid\xe4\xb8\xba1', 1L, 5L, 5L, 'order...5', 1L), (2L, 2L, 'test_2', 2L, 1L, 1L, 'order\xe4\xb8\xadid\xe4\xb8\xba1', 1L), (2L, 2L, 'test_2', 2L, 2L, 2L, 'test_2', 2L), (2L, 2L, 'test_2', 2L, 3L, 3L, 'order\xe4\xb8\xadid\xe4\xb8\xba3', 3L), (2L, 2L, 'test_2', 2L, 4L, 4L, '$order$4', 4L), (2L, 2L, 'test_2', 2L, 5L, 5L, 'order...5', 1L), (3L, 3L, 'test\xe4\xb8\xadid\xe4\xb8\xba3', 4L, 1L, 1L, 'order\xe4\xb8\xadid\xe4\xb8\xba1', 1L), (3L, 3L, 'test\xe4\xb8\xadid\xe4\xb8\xba3', 4L, 2L, 2L, 'test_2', 2L), (3L, 3L, 'test\xe4\xb8\xadid\xe4\xb8\xba3', 4L, 3L, 3L, 'order\xe4\xb8\xadid\xe4\xb8\xba3', 3L), (3L, 3L, 'test\xe4\xb8\xadid\xe4\xb8\xba3', 4L, 4L, 4L, '$order$4', 4L), (3L, 3L, 'test\xe4\xb8\xadid\xe4\xb8\xba3', 4L, 5L, 5L, 'order...5', 1L), (4L, 4L, '$test$4', 3L, 1L, 1L, 'order\xe4\xb8\xadid\xe4\xb8\xba1', 1L), (4L, 4L, '$test$4', 3L, 2L, 2L, 'test_2', 2L), (4L, 4L, '$test$4', 3L, 3L, 3L, 'order\xe4\xb8\xadid\xe4\xb8\xba3', 3L), (4L, 4L, '$test$4', 3L, 4L, 4L, '$order$4', 4L), (4L, 4L, '$test$4', 3L, 5L, 5L, 'order...5', 1L), (5L, 5L, 'test...5', 1L, 1L, 1L, 'order\xe4\xb8\xadid\xe4\xb8\xba1', 1L), (5L, 5L, 'test...5', 1L, 2L, 2L, 'test_2', 2L), (5L, 5L, 'test...5', 1L, 3L, 3L, 'order\xe4\xb8\xadid\xe4\xb8\xba3', 3L), (5L, 5L, 'test...5', 1L, 4L, 4L, '$order$4', 4L), (5L, 5L, 'test...5', 1L, 5L, 5L, 'order...5', 1L), (6L, 6L, 'test6', 6L, 1L, 1L, 'order\xe4\xb8\xadid\xe4\xb8\xba1', 1L), (6L, 6L, 'test6', 6L, 2L, 2L, 'test_2', 2L), (6L, 6L, 'test6', 6L, 3L, 3L, 'order\xe4\xb8\xadid\xe4\xb8\xba3', 3L), (6L, 6L, 'test6', 6L, 4L, 4L, '$order$4', 4L), (6L, 6L, 'test6', 6L, 5L, 5L, 'order...5', 1L))]
===file:special_nosharding/select/reference_no_sharding.sql, id:23, sql:[select a.id,a.name,a.pad,b.name from noshard_t1 a straight_join noshard_t2 b on a.pad=b.pad]===
dble:[[(1L, 'test\xe4\xb8\xadid\xe4\xb8\xba1', 1L, 'order...5'), (1L, 'test\xe4\xb8\xadid\xe4\xb8\xba1', 1L, 'order\xe4\xb8\xadid\xe4\xb8\xba1'), (2L, 'test_2', 2L, 'test_2'), (3L, 'test\xe4\xb8\xadid\xe4\xb8\xba3', 4L, '$order$4'), (4L, '$test$4', 3L, 'order\xe4\xb8\xadid\xe4\xb8\xba3'), (5L, 'test...5', 1L, 'order...5'), (5L, 'test...5', 1L, 'order\xe4\xb8\xadid\xe4\xb8\xba1')]]
===file:special_nosharding/select/reference_no_sharding.sql, id:27, sql:[select * from noshard_t1 union all select * from noshard_t3 union all select * from noshard_t2]===
dble:[[(1L, 1L, 'manager\xe4\xb8\xadid\xe4\xb8\xba1', 1L), (1L, 1L, 'order\xe4\xb8\xadid\xe4\xb8\xba1', 1L), (1L, 1L, 'test\xe4\xb8\xadid\xe4\xb8\xba1', 1L), (2L, 2L, 'test_2', 2L), (2L, 2L, 'test_2', 2L), (2L, 2L, 'test_2', 2L), (3L, 3L, 'manager\xe4\xb8\xadid\xe4\xb8\xba3', 3L), (3L, 3L, 'order\xe4\xb8\xadid\xe4\xb8\xba3', 3L), (3L, 3L, 'test\xe4\xb8\xadid\xe4\xb8\xba3', 4L), (4L, 4L, '$manager$4', 4L), (4L, 4L, '$order$4', 4L), (4L, 4L, '$test$4', 3L), (5L, 5L, 'manager...5', 6L), (5L, 5L, 'order...5', 1L), (5L, 5L, 'test...5', 1L), (6L, 6L, 'test6', 6L)]]
===file:special_nosharding/select/reference_no_sharding.sql, id:28, sql:[select * from noshard_t1 union distinct select * from noshard_t3 union distinct select * from noshard_t2]===
dble:[[(1L, 1L, 'manager\xe4\xb8\xadid\xe4\xb8\xba1', 1L), (1L, 1L, 'order\xe4\xb8\xadid\xe4\xb8\xba1', 1L), (1L, 1L, 'test\xe4\xb8\xadid\xe4\xb8\xba1', 1L), (2L, 2L, 'test_2', 2L), (3L, 3L, 'manager\xe4\xb8\xadid\xe4\xb8\xba3', 3L), (3L, 3L, 'order\xe4\xb8\xadid\xe4\xb8\xba3', 3L), (3L, 3L, 'test\xe4\xb8\xadid\xe4\xb8\xba3', 4L), (4L, 4L, '$manager$4', 4L), (4L, 4L, '$order$4', 4L), (4L, 4L, '$test$4', 3L), (5L, 5L, 'manager...5', 6L), (5L, 5L, 'order...5', 1L), (5L, 5L, 'test...5', 1L), (6L, 6L, 'test6', 6L)]]
===file:special_nosharding/select/reference_no_sharding.sql, id:29, sql:[(select name from noshard_t1 where pad=1 order by id limit 10) union all (select name from noshard_t2 where pad=1 order by id limit 10)/*allow_diff_sequence*/]===
dble:[[('order...5',), ('order\xe4\xb8\xadid\xe4\xb8\xba1',), ('test...5',), ('test\xe4\xb8\xadid\xe4\xb8\xba1',)]]
===file:special_nosharding/select/reference_no_sharding.sql, id:30, sql:[(select name from noshard_t1 where pad=1 order by id limit 10) union distinct (select name from noshard_t2 where pad=1 order by id limit 10)/*allow_diff_sequence*/]===
dble:[[('order...5',), ('order\xe4\xb8\xadid\xe4\xb8\xba1',), ('test...5',), ('test\xe4\xb8\xadid\xe4\xb8\xba1',)]]
===file:special_nosharding/select/reference_no_sharding.sql, id:31, sql:[(select * from noshard_t1 where pad=1) union (select * from noshard_t2 where pad=1) order by name limit 10]===
dble:[((5L, 5L, 'order...5', 1L), (1L, 1L, 'order\xe4\xb8\xadid\xe4\xb8\xba1', 1L), (5L, 5L, 'test...5', 1L), (1L, 1L, 'test\xe4\xb8\xadid\xe4\xb8\xba1', 1L))]
===file:special_nosharding/select/reference_no_sharding.sql, id:32, sql:[(select name as sort_a from noshard_t1 where pad=1) union (select name from noshard_t2 where pad=1) order by sort_a limit 10]===
dble:[(('order...5',), ('order\xe4\xb8\xadid\xe4\xb8\xba1',), ('test...5',), ('test\xe4\xb8\xadid\xe4\xb8\xba1',))]
===file:special_nosharding/select/reference_no_sharding.sql, id:33, sql:[(select name as sort_a,pad from noshard_t1 where pad=1) union (select name,pad from noshard_t2 where pad=1) order by sort_a,pad limit 10]===
dble:[(('order...5', 1L), ('order\xe4\xb8\xadid\xe4\xb8\xba1', 1L), ('test...5', 1L), ('test\xe4\xb8\xadid\xe4\xb8\xba1', 1L))]
===file:special_nosharding/select/reference_no_sharding.sql, id:37, sql:[drop table if exists noshard_t1]===
dble:[[]]
===file:special_nosharding/select/reference_no_sharding.sql, id:38, sql:[drop table if exists noshard_t2]===
dble:[[]]
===file:special_nosharding/select/reference_no_sharding.sql, id:39, sql:[drop table if exists noshard_t3]===
dble:[[]]
