===file:sqls_mixed/syntax/character.sql, id:15, sql:[select CONCAT(_ucs2 X'0041', _ucs2 X'0042')]===
dble:[None]
mysql:[(('AB',),)]
dble err:(1064, 'syntax error, expect RPAREN, actual IDENTIFIER pos 21, line 1, column 20, token IDENTIFIER X')
===file:sqls_mixed/syntax/character.sql, id:33, sql:[SELECT HEX('à\n'), HEX(_latin1'à\n')]===
dble:[[('C33F0A', 'C33F0A')]]
mysql:[[('C3A00A', 'C3A00A')]]
===file:sqls_mixed/syntax/character.sql, id:50, sql:[alter table sharding_4_t1 change c c national character varying(20)]===
dble:[None]
mysql:[()]
dble err:(1064, 'syntax error, expect SET, actual IDENTIFIER pos 63, line 1, column 56, token IDENTIFIER varying')
===file:sqls_mixed/syntax/character.sql, id:76, sql:[select * from sharding_4_t1;]===
dble:[[(6, '??')]]
mysql:[[(6, '?')]]
===file:sqls_mixed/syntax/character.sql, id:79, sql:[select * from sharding_4_t1;]===
dble:[[(6, '??')]]
mysql:[[(6, '?')]]
===file:sqls_mixed/syntax/character.sql, id:82, sql:[select * from sharding_4_t1;]===
dble:[[(6, '??'), (8, '???a')]]
mysql:[[(6, '?'), (8, '???a')]]
===file:sqls_mixed/syntax/character.sql, id:85, sql:[select * from sharding_4_t1;]===
dble:[[(6, '??'), (8, '???a'), (9, '??a')]]
mysql:[[(6, '?'), (8, '???a'), (9, '??')]]