===file:sqls_mixed/syntax/select_literals.sql, id:5, sql:[select _latin1'a string']===
dble:[[('a string',)]]
===file:sqls_mixed/syntax/select_literals.sql, id:7, sql:[select _latin1'a string' COLLATE latin1_danish_ci]===
dble:[[('a string',)]]
===file:sqls_mixed/syntax/select_literals.sql, id:8, sql:[select _utf8'a' ' ' 'string']===
dble:[[('a string',)]]
===file:sqls_mixed/syntax/select_literals.sql, id:10, sql:[select 'a\'b', 'a\"b', 'a\0b', 'a\bb', 'a\nb', 'a\rb', 'a\tb', 'a\Zb', 'a\\b', 'a\%b', 'a\_b']===
dble:[[("a'b", 'a"b', 'a\x00b', 'a\x08b', 'a\nb', 'a\rb', 'a\tb', 'a\x1ab', 'a\\b', 'a\\%b', 'a\\_b')]]
===file:sqls_mixed/syntax/select_literals.sql, id:11, sql:[SELECT 'hello', '"hello"', '""hello""', 'hel''lo', '\'hello']===
dble:[[('hello', '"hello"', '""hello""', "hel'lo", "'hello")]]
===file:sqls_mixed/syntax/select_literals.sql, id:12, sql:[SELECT "hello", "'hello'", "''hello''", "hel""lo", "\"hello"]===
dble:[[('hello', "'hello'", "''hello''", 'hel"lo', '"hello')]]
===file:sqls_mixed/syntax/select_literals.sql, id:13, sql:[SELECT 'This\nIs\nFour\nLines']===
dble:[[('This\nIs\nFour\nLines',)]]
===file:sqls_mixed/syntax/select_literals.sql, id:14, sql:[SELECT 'disappearing\ backslash']===
dble:[[('disappearing backslash',)]]
===file:sqls_mixed/syntax/select_literals.sql, id:16, sql:[select 1, .2, 3.4, -5, -.8, -6.78, +9, +.55, +9.10]===
dble:[[(1L, Decimal('0.2'), Decimal('3.4'), -5L, Decimal('-0.8'), Decimal('-6.78'), 9L, Decimal('0.55'), Decimal('9.10'))]]
===file:sqls_mixed/syntax/select_literals.sql, id:17, sql:[select 1.2E3, 1.2E-3, -1.2E3, -1.2E-3]===
dble:[[(1200.0, 0.0012, -1200.0, -0.0012)]]
===file:sqls_mixed/syntax/select_literals.sql, id:19, sql:[select DATE'2012^12^31']===
dble:[[(datetime.date(2012, 12, 31),)]]
===file:sqls_mixed/syntax/select_literals.sql, id:20, sql:[select DATE '2012-12-31']===
dble:[[(datetime.date(2012, 12, 31),)]]
===file:sqls_mixed/syntax/select_literals.sql, id:38, sql:[select DATE'20131231']===
dble:[[(datetime.date(2013, 12, 31),)]]
===file:sqls_mixed/syntax/select_literals.sql, id:39, sql:[select DATE'00121231']===
dble:[[(datetime.date(12, 12, 31),)]]
===file:sqls_mixed/syntax/select_literals.sql, id:40, sql:[select DATE'121231']===
dble:[[(datetime.date(2012, 12, 31),)]]
===file:sqls_mixed/syntax/select_literals.sql, id:41, sql:[select TIMESTAMP'2012-12-31 11:30:45']===
dble:[[(datetime.datetime(2012, 12, 31, 11, 30, 45),)]]
===file:sqls_mixed/syntax/select_literals.sql, id:42, sql:[select TIMESTAMP '2012^12^31 11+30+45']===
dble:[[(datetime.datetime(2012, 12, 31, 11, 30, 45),)]]
===file:sqls_mixed/syntax/select_literals.sql, id:43, sql:[select TIMESTAMP'2012/12/31 11*30*45']===
dble:[[(datetime.datetime(2012, 12, 31, 11, 30, 45),)]]
===file:sqls_mixed/syntax/select_literals.sql, id:44, sql:[select TIMESTAMP'2012@12@31 11^30^45']===
dble:[[(datetime.datetime(2012, 12, 31, 11, 30, 45),)]]
===file:sqls_mixed/syntax/select_literals.sql, id:45, sql:[select TIMESTAMP'20121231113045']===
dble:[[(datetime.datetime(2012, 12, 31, 11, 30, 45),)]]
===file:sqls_mixed/syntax/select_literals.sql, id:46, sql:[select TIMESTAMP'121231113045']===
dble:[[(datetime.datetime(2012, 12, 31, 11, 30, 45),)]]
===file:sqls_mixed/syntax/select_literals.sql, id:47, sql:[select TIME'0 10:11:12']===
dble:[[(datetime.timedelta(0, 36672),)]]
===file:sqls_mixed/syntax/select_literals.sql, id:48, sql:[select TIME'34 10:11:12']===
dble:[[(datetime.timedelta(34, 36672),)]]
===file:sqls_mixed/syntax/select_literals.sql, id:51, sql:[select X'4D7953514C', x'4D7953514C', 0x4D7953514C]===
dble:[[('MySQL', 'MySQL', 'MySQL')]]
===file:sqls_mixed/syntax/select_literals.sql, id:52, sql:[select X'4d7953514c', x'4d7953514c', 0x4d7953514c]===
dble:[[('MySQL', 'MySQL', 'MySQL')]]
===file:sqls_mixed/syntax/select_literals.sql, id:53, sql:[select x'0a'+0, X'0a'+0, 0x0a+0]===
dble:[[(10L, 10L, 10L)]]
===file:sqls_mixed/syntax/select_literals.sql, id:54, sql:[select 0xa, 0x0a, x'0a', X'0a']===
dble:[[('\n', '\n', '\n', '\n')]]
===file:sqls_mixed/syntax/select_literals.sql, id:55, sql:[select 0x0A, x'0A', X'0A']===
dble:[[('\n', '\n', '\n')]]
===file:sqls_mixed/syntax/select_literals.sql, id:56, sql:[select x'41', X'41', 0x41]===
dble:[[('A', 'A', 'A')]]
===file:sqls_mixed/syntax/select_literals.sql, id:57, sql:[select x'ac', X'AC', 0xAc]===
dble:[[('\xac', '\xac', '\xac')]]
===file:sqls_mixed/syntax/select_literals.sql, id:58, sql:[select X'41', CAST(X'41' AS UNSIGNED)]===
dble:[[('A', 65L)]]
===file:sqls_mixed/syntax/select_literals.sql, id:59, sql:[select X'41', CAST(x'41' AS UNSIGNED)]===
dble:[[('A', 65L)]]
===file:sqls_mixed/syntax/select_literals.sql, id:60, sql:[select 0x41, CAST(0x41 AS UNSIGNED)]===
dble:[[('A', 65L)]]
===file:sqls_mixed/syntax/select_literals.sql, id:61, sql:[select HEX('cat')]===
dble:[[('636174',)]]
===file:sqls_mixed/syntax/select_literals.sql, id:63, sql:[select TRUE, True, true, trUe]===
dble:[[(1L, 1L, 1L, 1L)]]
===file:sqls_mixed/syntax/select_literals.sql, id:64, sql:[select FALSE, False, fAlSe, false]===
dble:[[(0L, 0L, 0L, 0L)]]
===file:sqls_mixed/syntax/select_literals.sql, id:65, sql:[select 0]===
dble:[[(0L,)]]
===file:sqls_mixed/syntax/select_literals.sql, id:66, sql:[select 1]===
dble:[[(1L,)]]
===file:sqls_mixed/syntax/select_literals.sql, id:68, sql:[SET @v1 = 0b1000001]===
dble:[[]]
===file:sqls_mixed/syntax/select_literals.sql, id:69, sql:[SET @v2 = CAST(0b1000001 AS UNSIGNED), @v3 = 0b1000001+0]===
dble:[[]]
===file:sqls_mixed/syntax/select_literals.sql, id:70, sql:[SELECT @v1, @v2, @v3]===
dble:[[(None, None, None)]]
===file:sqls_mixed/syntax/select_literals.sql, id:71, sql:[SET @v1 = b'1000001']===
dble:[[]]
===file:sqls_mixed/syntax/select_literals.sql, id:72, sql:[SET @v2 = CAST(b'1000001' AS UNSIGNED), @v3 = b'1000001'+0]===
dble:[[]]
===file:sqls_mixed/syntax/select_literals.sql, id:73, sql:[SELECT @v1, @v2, @v3]===
dble:[[(None, None, None)]]
===file:sqls_mixed/syntax/select_literals.sql, id:75, sql:[select null]===
dble:[[(None,)]]
===file:sqls_mixed/syntax/select_literals.sql, id:76, sql:[select NULL]===
dble:[[(None,)]]
===file:sqls_mixed/syntax/select_literals.sql, id:77, sql:[select \N]===
dble:[[(None,)]]
===file:sqls_mixed/syntax/select_literals.sql, id:80, sql:[select '\ba\bb\b']===
dble:[[('\x08a\x08b\x08',)]]
===file:sqls_mixed/syntax/select_literals.sql, id:81, sql:[select '\ta\tb\t']===
dble:[[('\ta\tb\t',)]]
===file:sqls_mixed/syntax/select_literals.sql, id:82, sql:[select '\ra\rb\r']===
dble:[[('\ra\rb\r',)]]
===file:sqls_mixed/syntax/select_literals.sql, id:83, sql:[select '\na\nb\n']===
dble:[[('\na\nb\n',)]]
===file:sqls_mixed/syntax/select_literals.sql, id:84, sql:[select '\fa\fb\f']===
dble:[[('fafbf',)]]
===file:sqls_mixed/syntax/select_literals.sql, id:87, sql:[use schema1]===
dble:[[]]
===file:sqls_mixed/syntax/select_literals.sql, id:88, sql:[select 1]===
dble:[[(1L,)]]
