===file:sqls_mixed/syntax/set_user_var.sql, id:22, sql:[set @$=5]===
dble:[None]
mysql:[()]
[02:23:40.434550]dble err :(1064, 'java.sql.SQLSyntaxErrorException: syntax error, expect EQ, actual IDENTIFIER pos 6, line 1, column 6, token IDENTIFIER $')
===file:sqls_mixed/syntax/set_user_var.sql, id:23, sql:[set @.=6]===
dble:[None]
mysql:[()]
[02:23:40.483088]dble err :(1064, 'java.sql.SQLSyntaxErrorException: error : pos 7, line 1, column 7, token EQ')
===file:sqls_mixed/syntax/set_user_var.sql, id:25, sql:[set @.abc_123$=8]===
dble:[None]
mysql:[()]
[02:23:40.643641]dble err :(1064, 'java.sql.SQLSyntaxErrorException: syntax error, expect EQ, actual IDENTIFIER pos 14, line 1, column 14, token IDENTIFIER $')
===file:sqls_mixed/syntax/set_user_var.sql, id:31, sql:[set @b='str', @c=4.4, @d={d'2012@12@31'}]===
dble:[None]
mysql:[()]
[02:23:41.042171]dble err :(1064, 'java.sql.SQLSyntaxErrorException: ERROR. pos 26, line 1, column 26, token LBRACE')
===file:sqls_mixed/syntax/set_user_var.sql, id:32, sql:[SELECT @abc123, @123abc, @row_format=1, @$ := @t1+@t2+@t3]===
dble:[None]
mysql:[((None, None, None, None),)]
[02:23:41.123726]dble err :(1064, 'sql syntax error, no terminated. COLONEQ')
===file:sqls_mixed/syntax/set_user_var.sql, id:34, sql:[set @cnt = (select 1);]===
dble:[None]
mysql:[()]
[02:23:41.203483]dble err :(-1, 'error totally whack')
===file:sqls_mixed/syntax/set_user_var.sql, id:56, sql:[set @a=(select 'abc')]===
dble:[None]
mysql:[()]
[02:23:42.571657]dble err :(-1, 'error totally whack')
