===file:sqls_mixed/syntax/sysfunction2.sql, id:29, sql:[SELECT BINARY 'a' = 'A']===
dble:[[(0L,)]]
===file:sqls_mixed/syntax/sysfunction2.sql, id:30, sql:[select cast('a'='A' as binary)]===
dble:[[('1',)]]
===file:sqls_mixed/syntax/sysfunction2.sql, id:31, sql:[SELECT CONCAT('hello you ',2)]===
dble:[[('hello you 2',)]]
===file:sqls_mixed/syntax/sysfunction2.sql, id:32, sql:[SELECT _binary 'a' = 'A']===
dble:[[(0L,)]]
===file:sqls_mixed/syntax/sysfunction2.sql, id:36, sql:[SET @xml = '<a><b>X</b><b>Y</b></a>']===
dble:[[]]
===file:sqls_mixed/syntax/sysfunction2.sql, id:37, sql:[SET @i =1, @j = 2]===
dble:[[]]
===file:sqls_mixed/syntax/sysfunction2.sql, id:40, sql:[SELECT @k, ExtractValue(@xml, '//b[$@k]')]===
dble:[[(None, '')]]
===file:sqls_mixed/syntax/sysfunction2.sql, id:41, sql:[SELECT ExtractValue('<a><b/></a>', 'count(/a/b)')]===
dble:[[('1',)]]
===file:sqls_mixed/syntax/sysfunction2.sql, id:42, sql:[SELECT UpdateXML('<a><b>ccc</b><d></d></a>', '/a', '<e>fff</e>') AS val1, UpdateXML('<a><b>ccc</b><d></d></a>', '/b', '<e>fff</e>') AS val2,UpdateXML('<a><b>ccc</b><d></d></a>', '//b', '<e>fff</e>') AS val3, UpdateXML('<a><b>ccc</b><d></d></a>', '/a/d', '<e>fff</e>') AS val4,UpdateXML('<a><d></d><b>ccc</b><d></d></a>', '/a/d', '<e>fff</e>') AS val5]===
dble:[[('<e>fff</e>', '<a><b>ccc</b><d></d></a>', '<a><e>fff</e><d></d></a>', '<a><b>ccc</b><e>fff</e></a>', '<a><d></d><b>ccc</b><d></d></a>')]]
===file:sqls_mixed/syntax/sysfunction2.sql, id:43, sql:[SELECT ExtractValue('<a><b c="1"><d>X</d></b><b c="2"><d>X</d></b></a>','a/b/d[../@c="1"]') AS result]===
dble:[[('X',)]]
===file:sqls_mixed/syntax/sysfunction2.sql, id:44, sql:[SELECT @id = ExtractValue(LOAD_FILE('users.xml'),'//user[login/text()="" or 1=1 and password/text()="" or 1=1]/attribute::id' )]===
dble:[[(None,)]]
===file:sqls_mixed/syntax/sysfunction2.sql, id:47, sql:[SELECT BIT_COUNT(29), BIT_COUNT(b'101010')]===
dble:[[(4L, 3L)]]
===file:sqls_mixed/syntax/sysfunction2.sql, id:48, sql:[SELECT 29 & 15]===
dble:[[(13L,)]]
===file:sqls_mixed/syntax/sysfunction2.sql, id:49, sql:[SELECT 5 & ~1]===
dble:[[(4L,)]]
===file:sqls_mixed/syntax/sysfunction2.sql, id:50, sql:[SELECT 29 | 15]===
dble:[[(31L,)]]
===file:sqls_mixed/syntax/sysfunction2.sql, id:51, sql:[SELECT 1 ^ 0]===
dble:[[(1L,)]]
===file:sqls_mixed/syntax/sysfunction2.sql, id:52, sql:[SELECT 1 << 2]===
dble:[[(4L,)]]
===file:sqls_mixed/syntax/sysfunction2.sql, id:53, sql:[SELECT 4 >> 2]===
dble:[[(1L,)]]
===file:sqls_mixed/syntax/sysfunction2.sql, id:59, sql:[SELECT AES_DECRYPT('text',UNHEX('F3229A0B371ED2D9441B830D21A390C3'))]===
dble:[[(None,)]]
===file:sqls_mixed/syntax/sysfunction2.sql, id:60, sql:[SELECT LENGTH(COMPRESS(REPEAT('a',1000)))]===
dble:[[(21L,)]]
===file:sqls_mixed/syntax/sysfunction2.sql, id:61, sql:[select decode(ENCODE('cleartext', CONCAT('my_random_salt','my_secret_password')), 'abc')]===
dble:[[('\xff\xe5a,\xf0\xc90eF',)]]
===file:sqls_mixed/syntax/sysfunction2.sql, id:62, sql:[SELECT ENCRYPT('hello')/*allow_diff*/]===
dble:[[('nn1oeh0XjS2yY',)]]
mysql:[[('nn1oeh0XjS2yY',)]]
===file:sqls_mixed/syntax/sysfunction2.sql, id:63, sql:[SELECT ENCRYPT('hello','abc')]===
dble:[[('abl0JrMf6tlhw',)]]
===file:sqls_mixed/syntax/sysfunction2.sql, id:64, sql:[SELECT MD5('testing')]===
dble:[[('ae2b1fca515949e5d54fb22b8ed95575',)]]
===file:sqls_mixed/syntax/sysfunction2.sql, id:65, sql:[SELECT PASSWORD('mypass')]===
dble:[[('*6C8989366EAF75BB670AD8EA7A7FC1176A95CEF4',)]]
===file:sqls_mixed/syntax/sysfunction2.sql, id:67, sql:[SELECT SHA('abc')]===
dble:[[('a9993e364706816aba3e25717850c26c9cd0d89d',)]]
===file:sqls_mixed/syntax/sysfunction2.sql, id:68, sql:[SELECT SHA1('abc')]===
dble:[[('a9993e364706816aba3e25717850c26c9cd0d89d',)]]
===file:sqls_mixed/syntax/sysfunction2.sql, id:69, sql:[SELECT SHA2('abc', 224)]===
dble:[[('23097d223405d8228642a477bda255b32aadbce4bda0b3f7e36c9da7',)]]
===file:sqls_mixed/syntax/sysfunction2.sql, id:70, sql:[SELECT UNCOMPRESS(COMPRESS('any string'))]===
dble:[[('any string',)]]
===file:sqls_mixed/syntax/sysfunction2.sql, id:71, sql:[SELECT UNCOMPRESSED_LENGTH(COMPRESS(REPEAT('a',30)))]===
dble:[[(30L,)]]
===file:sqls_mixed/syntax/sysfunction2.sql, id:74, sql:[SELECT CHARSET('abc')]===
dble:[[('latin1',)]]
===file:sqls_mixed/syntax/sysfunction2.sql, id:76, sql:[SELECT COLLATION('abc')]===
dble:[[('latin1_swedish_ci',)]]
===file:sqls_mixed/syntax/sysfunction2.sql, id:79, sql:[SELECT CURRENT_USER]===
dble:[[('test@%',)]]
===file:sqls_mixed/syntax/sysfunction2.sql, id:80, sql:[SELECT DATABASE()]===
dble:[[('schema1',)]]
===file:sqls_mixed/syntax/sysfunction2.sql, id:84, sql:[SELECT LAST_INSERT_ID()]===
dble:[[(0L,)]]
===file:sqls_mixed/syntax/sysfunction2.sql, id:236, sql:[SELECT JSON_ARRAY_APPEND('["a", ["b", "c"], "d"]', '$[1]', 1)]===
dble:[[('["a", ["b", "c", 1], "d"]',)]]
===file:sqls_mixed/syntax/sysfunction2.sql, id:237, sql:[SELECT JSON_ARRAY(1, "abc", NULL, TRUE, CURTIME())/*allow_10%_diff*/]===
dble:[[('[1, "abc", null, true, "11:50:13.000000"]',)]]
===file:sqls_mixed/syntax/sysfunction2.sql, id:238, sql:[SELECT JSON_ARRAY_INSERT('["a", ["b", "c"], "d"]', '$[100]', 'x')]===
dble:[[('["a", ["b", "c"], "d", "x"]',)]]
===file:sqls_mixed/syntax/sysfunction2.sql, id:239, sql:[SELECT JSON_INSERT('{ "a": 1, "b": [2, 3]}', '$.a', 10, '$.c', '[true, false]')]===
dble:[[('{"a": 1, "b": [2, 3], "c": "[true, false]"}',)]]
===file:sqls_mixed/syntax/sysfunction2.sql, id:240, sql:[SELECT JSON_MERGE('[1 ,2]', '[true ,false]')]===
dble:[[('[1, 2, true, false]',)]]
===file:sqls_mixed/syntax/sysfunction2.sql, id:241, sql:[SELECT JSON_MERGE('{"name": "x"}', '{"id": 47}')]===
dble:[[('{"id": 47, "name": "x"}',)]]
===file:sqls_mixed/syntax/sysfunction2.sql, id:242, sql:[SELECT JSON_MERGE('1' ,'true')]===
dble:[[('[1, true]',)]]
===file:sqls_mixed/syntax/sysfunction2.sql, id:243, sql:[SELECT JSON_REMOVE('["a", ["b", "c"], "d"]', '$[1]')]===
dble:[[('["a", "d"]',)]]
===file:sqls_mixed/syntax/sysfunction2.sql, id:244, sql:[SELECT JSON_REPLACE('{ "a": 1, "b": [2, 3]}', '$.a', 10, '$.c', '[true, false]')]===
dble:[[('{"a": 10, "b": [2, 3]}',)]]
===file:sqls_mixed/syntax/sysfunction2.sql, id:245, sql:[SELECT JSON_SET('{ "a": 1, "b": [2, 3]}', '$.a', 10, '$.c', '[true, false]')]===
dble:[[('{"a": 10, "b": [2, 3], "c": "[true, false]"}',)]]
===file:sqls_mixed/syntax/sysfunction2.sql, id:246, sql:[SELECT JSON_UNQUOTE('"abc"')]===
dble:[[('abc',)]]
===file:sqls_mixed/syntax/sysfunction2.sql, id:247, sql:[SELECT JSON_UNQUOTE('"\\t\\u0032"')]===
dble:[[('\t2',)]]
===file:sqls_mixed/syntax/sysfunction2.sql, id:248, sql:[SELECT JSON_DEPTH('{}'), JSON_DEPTH('[]'), JSON_DEPTH('true')]===
dble:[[(1L, 1L, 1L)]]
===file:sqls_mixed/syntax/sysfunction2.sql, id:249, sql:[SELECT JSON_DEPTH('[10, 20]'), JSON_DEPTH('[[] ,{}]')]===
dble:[[(2L, 2L)]]
===file:sqls_mixed/syntax/sysfunction2.sql, id:250, sql:[SELECT JSON_DEPTH('[10, {"a": 20}]')]===
dble:[[(3L,)]]
===file:sqls_mixed/syntax/sysfunction2.sql, id:251, sql:[SELECT JSON_EXTRACT('[10 ,20, [30, 40]]', '$[1]')]===
dble:[[('20',)]]
===file:sqls_mixed/syntax/sysfunction2.sql, id:253, sql:[SELECT JSON_VALID('hello'), JSON_VALID('"hello"')]===
dble:[[(0L, 1L)]]
===file:sqls_mixed/syntax/sysfunction2.sql, id:254, sql:[SELECT JSON_EXTRACT('[10, 20, [30, 40]]', '$[1]', '$[0]')]===
dble:[[('[20, 10]',)]]
===file:sqls_mixed/syntax/sysfunction2.sql, id:255, sql:[SELECT JSON_EXTRACT('[10, 20, [30, 40]]', '$[2][*]')]===
dble:[[('[30, 40]',)]]
===file:sqls_mixed/syntax/sysfunction2.sql, id:256, sql:[SELECT JSON_OBJECT('id', 87, 'name', 'carrot')]===
dble:[[('{"id": 87, "name": "carrot"}',)]]
===file:sqls_mixed/syntax/sysfunction2.sql, id:257, sql:[SELECT JSON_QUOTE('null'), JSON_QUOTE('"null"')]===
dble:[[('"null"', '"\\"null\\""')]]
===file:sqls_mixed/syntax/sysfunction2.sql, id:258, sql:[SELECT JSON_QUOTE('[1, 2, 3]')]===
dble:[[('"[1, 2, 3]"',)]]
===file:sqls_mixed/syntax/sysfunction2.sql, id:259, sql:[SELECT JSON_KEYS('{"a": 1, "b": {"c": 30}}')]===
dble:[[('["a", "b"]',)]]
===file:sqls_mixed/syntax/sysfunction2.sql, id:260, sql:[SELECT JSON_KEYS('{"a": 1, "b": {"c": 30}}', '$.b')]===
dble:[[('["c"]',)]]
===file:sqls_mixed/syntax/sysfunction2.sql, id:261, sql:[SELECT JSON_LENGTH('[1, 2, {"a": 3}]')]===
dble:[[(3L,)]]
===file:sqls_mixed/syntax/sysfunction2.sql, id:262, sql:[SELECT JSON_LENGTH('{"a": 1, "b": {"c": 30}}')]===
dble:[[(2L,)]]
===file:sqls_mixed/syntax/sysfunction2.sql, id:263, sql:[SELECT JSON_LENGTH('{"a": 1, "b": {"c": 30}}', '$.b')]===
dble:[[(1L,)]]
===file:sqls_mixed/syntax/sysfunction2.sql, id:264, sql:[SELECT JSON_MERGE('[1, 2]', '[true, false]')]===
dble:[[('[1, 2, true, false]',)]]
===file:sqls_mixed/syntax/sysfunction2.sql, id:265, sql:[SELECT JSON_MERGE('{"name": "x"}', '{"id": 47}')]===
dble:[[('{"id": 47, "name": "x"}',)]]
===file:sqls_mixed/syntax/sysfunction2.sql, id:266, sql:[SELECT JSON_MERGE('1', 'true')]===
dble:[[('[1, true]',)]]
===file:sqls_mixed/syntax/sysfunction2.sql, id:267, sql:[SELECT JSON_OBJECT('id', 87, 'name', 'carrot')]===
dble:[[('{"id": 87, "name": "carrot"}',)]]
===file:sqls_mixed/syntax/sysfunction2.sql, id:268, sql:[SELECT JSON_QUOTE('null'), JSON_QUOTE('"null"')]===
dble:[[('"null"', '"\\"null\\""')]]
===file:sqls_mixed/syntax/sysfunction2.sql, id:269, sql:[SELECT JSON_VALID('hello'), JSON_VALID('"hello"')]===
dble:[[(0L, 1L)]]
===file:sqls_mixed/syntax/sysfunction2.sql, id:273, sql:[drop table if exists aly_test]===
dble:[[]]
===file:sqls_mixed/syntax/sysfunction2.sql, id:274, sql:[drop table if exists global_table1]===
dble:[[]]
===file:sqls_mixed/syntax/sysfunction2.sql, id:275, sql:[drop table if exists normal_table1]===
dble:[[]]
