IS_DEBUG: 0, argc:1
    create new conn!
    host:172.100.9.1, use:test, passwd:111111, port:8066
==>mysql_change_user test suits
    pass! execute ps created before change user failed. Error: Incorrect arguments to EXECUTE
    pass! after change user, show tables failed. Error: No database selected
    pass! execute ps created before reset connection failed. Error: Incorrect arguments to EXECUTE
    pass! no default db, 'show tables' get Error:No database selected, Error no: 1046
    pass! mysql_real_escape_string, Failed to insert row, Error: druid not support sql syntax, the reason is syntax error, error in :'What is this','binary data: \0\r\n', pos 4, line 1, column 6, token IDENTIFIER is
debug 1
    *****pass! change user success during read ps statement!*****
    pass! After change user, the new db has no table 'sharding_4_t1'
    pass! After change user, uv set before is no longer available.
    *****pass! change user success at no default db conn during trx!*****
    pass! select x from a_table_rows_filled_in_uncommited_trx get 0 rows.
    pass! before change user the conn is in CM stat, after change user, the stat over
    pass! after change user,the autocommit is reset as well
    *****pass! change user success after lock table!*****
    pass! after change user, the lock on the table before change user is released!
    pass! before change user the conn is in CM stat, after change user, the stat over
    *****pass! change user success after set session system variables!*****
    pass! after change user,a session variable changed before change user is reset to default value
==>mysql_reset_connection test suites
    *****pass! mysql_reset_connection success!*****
    pass! after reset conn, insert in uncommited trx before is not readable: select count(*) from sharding_4_t1
    pass! after reset conn, session variables set before is reset to default!
    *****pass! reset connection success after lock table!*****
    pass! after reset connection, the lock on the table before reset connection is released!
debug 1
    *****pass! reset connection success during read ps statement!*****
    pass! After reset connection, uv set before is no longer available.
==>mysql_set_server_option test suites
    pass! after mysql_set_server_option MYSQL_OPTION_MULTI_STATEMENTS_ON, execute mult-query success!
==>mysql_field_count test suits
    pass! drop table does not return data, mysql_field_count gets 0.
==>mysql_get_host_info && mysql_get_options && mysql_get_proto_info test suits
    pass! mysql_get_host_info,host info: 172.100.9.1 via TCP/IP
    pass! mysql_get_options
    pass! mysql_get_proto_info, protocol version: 10d
    pass! mysql_get_ssl_cipher,conn cipher: (null)
==>mysql_insert_id test suites
    pass! mysql_insert_id:1
==>mysql_list_dbs && mysql_list_tables test suites
    pass! mysql_list_dbs
    pass! mysql_list_tables:
==>mysql_options4 && mysql_ping test suites
    pass! mysql_options4 passed.
    pass! mysql_ping passed!
==>mysql_real_connect && mysql_character_set_name && mysql_data_seek && mysql_info && mysql_dump_debug_info test suites
connect success    *****pass! mysql_real_connect create conn with no default db allow multi-statements success*****
    pass! single sql success
    pass! multi sqls success
        print multi resultsets:
        0 rows affected
        More results exist
        0 rows affected
        More results exist
        0 rows affected
        More results exist
        1 rows affected
        More results exist
        1 rows affected
        More results exist
        1 rows affected
        More results exist
    *****pass! mysql_character_set_name, character set: latin1*****
    *****pass! mysql_data_seek*****
    *****pass! mysql_info*****
        mysql_info: (null)
==>mysql_real_escape_string test suites
    pass! mysql_real_escape_string_quote
==> mysql_real_query test suites
0 rows affected
0 rows affected
1 rows affected
    pass! mysql_real_query mult-query success
==>case: mysql_row_seek test suits
    pass! mysql_row_seek pass
==>mysql_select_db test suites
    pass! create a table after mysql_select_db, then select from new_db.new_table success!
==>mysql_set_character_set && mysql_get_character_set_info test suites
    pass! mysql_set_character_set set charset utf8 .
    pass! mysql_get_character_set_info character set name: utf8_general_ci
==>mysql_session_track_get_first && mysql_session_track_get_next test suites
    query 'use dbname', Number of rows affected: 0
    call mysql_session_track_get_first:
    mysql_session_track_get_first failed, type:0
    mysql_session_track_get_first failed, type:1
    mysql_session_track_get_first failed, type:2
    mysql_session_track_get_first failed, type:3
    mysql_session_track_get_first failed, type:4    pass! after mysql_set_local_infile_handler, query 'load data local infile ...' ,stat: 2000     read() error on reading line 3

    mysql_session_track_get_first failed, type:5
==>mysql_set_local_infile_handler test suites
    local_infile_init 'infile_source.txt' ('(null)')
    local_infile_read line 1 (buf_len: 8192)
    local_infile_read line 2 (buf_len: 8192)
    local_infile_read line 3 (buf_len: 8192)
    forcing error
    local_infile_error
    local_infile_end
==>mysql_sqlstate test suites
    pass! query 'use schema1/*a*/', success
    pass! send query 'show databases' to admin port, success
==> mysql_stat test suites
    pass! mysql_stat: Unknown command
==>mysql_use_result && mysql_field_count && mysql_fetch_row && mysql_fetch_field_direct && mysql_free_result test suites
    pass! mysql_use_result
    pass! mysql_field_count:1
    pass! mysql_fetch_row:
    id: 1,
    id: 2,
    id: 3,
    pass! mysql_free_result:
==>mysql_real_query send queries end with null test suites
    pass! multi-queries without ';' in the last query success
    print multi resultsets:
    0 rows affected
    More results exist
    Could not execute statement
    pass! multi-queries without ';' in the last query, and queries before the last end with a \0 fail, err: druid not support sql syntax, the reason is sql syntax error, no terminated. ERROR
    pass! multi-queries without ';' in the last query, and last query start with \0 success.
    print multi resultsets:
    0 rows affected
    More results exist
    0 rows affected
    More results exist
    Could not execute statement
    pass! 'select 1\0,2', err: druid not support sql syntax, the reason is syntax error. pos 9, line 1, column 9, token ERROR
    pass! 'select 1,\02', err: druid not support sql syntax, the reason is ERROR. pos 10, line 1, column 10, token ERROR
    pass! 'select '1,\02'', err: druid not support sql syntax, the reason is sql syntax error, no terminated. IDENTIFIER
    pass! '\0select '1'', err: druid not support sql syntax, the reason is syntax error, error in :'\0select '1'
==>write prepare statement related test suites
    create new conn!
    host:172.100.9.1, use:test, passwd:111111, port:8066
    prepare INSERT statement successful
    total parameters in INSERT: 3
    pass! write ps execute get the same result as expect.
    pass! execute write prepare success.
==>read prepare statement related test suites
    create new conn!
    host:172.100.9.1, use:test, passwd:111111, port:8066
    create new ps success!
    pass! execute ps get the same result as expect.
    pass! read prepare execute correctly
    *****two read ps should not affact each other*****
    create new ps success!
    pass! execute ps get the same result as expect.
    close one ps.
    pass! execute ps get the same result as expect.
    *****read ps should correctly in transaction*****
    start transaction.
    pass! execute ps get the same result as expect.
    commit.
!!!Test Over!!!
