===file:transaction/D_langues.sql, id:1, sql:[drop table if exists aly_test]===
dble:[[]]
===file:transaction/D_langues.sql, id:2, sql:[CREATE TABLE aly_test(`id` int(10) unsigned NOT NULL,`k` int(10) unsigned NOT NULL DEFAULT '0',`c` char(120) NOT NULL DEFAULT '',`pad` int(11) NOT NULL,PRIMARY KEY (`id`),UNIQUE KEY (`k`))]===
dble:[[]]
===file:transaction/D_langues.sql, id:3, sql:[drop table if exists aly_order]===
dble:[[]]
===file:transaction/D_langues.sql, id:4, sql:[CREATE TABLE aly_order(`id` int(10) unsigned NOT NULL,`k` int(10) unsigned NOT NULL DEFAULT '0',`c` char(120) NOT NULL DEFAULT '',`pad` int(11) NOT NULL,PRIMARY KEY (`id`),UNIQUE KEY (`k`))]===
dble:[[]]
===file:transaction/D_langues.sql, id:5, sql:[drop table if exists testdb.tb_test]===
dble:[[]]
===file:transaction/D_langues.sql, id:6, sql:[CREATE TABLE testdb.tb_test(`id` int(10) unsigned NOT NULL,`k` int(10) unsigned NOT NULL DEFAULT '0',`c` char(120) NOT NULL DEFAULT '',`pad` int(11) NOT NULL,PRIMARY KEY (`id`),UNIQUE KEY (`k`))]===
dble:[[]]
===file:transaction/D_langues.sql, id:9, sql:[SET @@session.autocommit = ON]===
dble:[[]]
===file:transaction/D_langues.sql, id:10, sql:[delete from aly_test]===
dble:[[]]
===file:transaction/D_langues.sql, id:11, sql:[start transaction]===
dble:[[]]
===file:transaction/D_langues.sql, id:12, sql:[select * from aly_test order by id]===
dble:[()]
===file:transaction/D_langues.sql, id:13, sql:[insert into aly_test value(1,1,1,1)]===
dble:[[]]
===file:transaction/D_langues.sql, id:14, sql:[commit]===
dble:[[]]
===file:transaction/D_langues.sql, id:15, sql:[select * from aly_test order by id]===
dble:[((1L, 1L, '1', 1L),)]
===file:transaction/D_langues.sql, id:16, sql:[update aly_test set pad=10]===
dble:[[]]
===file:transaction/D_langues.sql, id:17, sql:[select * from aly_test order by id]===
dble:[((1L, 1L, '1', 10L),)]
===file:transaction/D_langues.sql, id:20, sql:[delete from aly_test]===
dble:[[]]
===file:transaction/D_langues.sql, id:21, sql:[start transaction]===
dble:[[]]
===file:transaction/D_langues.sql, id:22, sql:[select * from aly_test order by id]===
dble:[()]
===file:transaction/D_langues.sql, id:23, sql:[insert into aly_test value(1,1,1,1)]===
dble:[[]]
===file:transaction/D_langues.sql, id:24, sql:[rollback]===
dble:[[]]
===file:transaction/D_langues.sql, id:25, sql:[select * from aly_test order by id]===
dble:[()]
===file:transaction/D_langues.sql, id:26, sql:[insert into aly_test values(1,1,1,1)]===
dble:[[]]
===file:transaction/D_langues.sql, id:27, sql:[select * from aly_test order by id]===
dble:[((1L, 1L, '1', 1L),)]
===file:transaction/D_langues.sql, id:30, sql:[delete from aly_test]===
dble:[[]]
===file:transaction/D_langues.sql, id:31, sql:[start transaction]===
dble:[[]]
===file:transaction/D_langues.sql, id:32, sql:[select * from aly_test order by id]===
dble:[()]
===file:transaction/D_langues.sql, id:33, sql:[insert into aly_test value(1,1,1,1)]===
dble:[[]]
===file:transaction/D_langues.sql, id:34, sql:[insert into aly_test value(2,2,2,2)]===
dble:[[]]
===file:transaction/D_langues.sql, id:35, sql:[commit]===
dble:[[]]
===file:transaction/D_langues.sql, id:36, sql:[select * from aly_test order by id]===
dble:[((1L, 1L, '1', 1L), (2L, 2L, '2', 2L))]
===file:transaction/D_langues.sql, id:37, sql:[update aly_test set pad=10]===
dble:[[]]
===file:transaction/D_langues.sql, id:38, sql:[select * from aly_test order by id]===
dble:[((1L, 1L, '1', 10L), (2L, 2L, '2', 10L))]
===file:transaction/D_langues.sql, id:41, sql:[delete from aly_test]===
dble:[[]]
===file:transaction/D_langues.sql, id:42, sql:[start transaction]===
dble:[[]]
===file:transaction/D_langues.sql, id:43, sql:[select * from aly_test order by id]===
dble:[()]
===file:transaction/D_langues.sql, id:44, sql:[insert into aly_test value(1,1,1,1)]===
dble:[[]]
===file:transaction/D_langues.sql, id:45, sql:[insert into aly_test value(2,2,2,2)]===
dble:[[]]
===file:transaction/D_langues.sql, id:46, sql:[rollback]===
dble:[[]]
===file:transaction/D_langues.sql, id:47, sql:[select * from aly_test order by id]===
dble:[()]
===file:transaction/D_langues.sql, id:48, sql:[insert into aly_test value(1,1,1,1)]===
dble:[[]]
===file:transaction/D_langues.sql, id:49, sql:[select * from aly_test order by id]===
dble:[((1L, 1L, '1', 1L),)]
===file:transaction/D_langues.sql, id:52, sql:[delete from aly_test]===
dble:[[]]
===file:transaction/D_langues.sql, id:53, sql:[start transaction]===
dble:[[]]
===file:transaction/D_langues.sql, id:54, sql:[select * from aly_test order by id]===
dble:[()]
===file:transaction/D_langues.sql, id:55, sql:[insert into aly_test value(1,1,1,1)]===
dble:[[]]
===file:transaction/D_langues.sql, id:56, sql:[insert into aly_test value(2,2,2,2)]===
dble:[[]]
===file:transaction/D_langues.sql, id:57, sql:[insert into aly_test value(3,3,3,3)]===
dble:[[]]
===file:transaction/D_langues.sql, id:58, sql:[commit]===
dble:[[]]
===file:transaction/D_langues.sql, id:59, sql:[select * from aly_test order by id]===
dble:[((1L, 1L, '1', 1L), (2L, 2L, '2', 2L), (3L, 3L, '3', 3L))]
===file:transaction/D_langues.sql, id:60, sql:[update aly_test set pad=10]===
dble:[[]]
===file:transaction/D_langues.sql, id:61, sql:[select * from aly_test order by id]===
dble:[((1L, 1L, '1', 10L), (2L, 2L, '2', 10L), (3L, 3L, '3', 10L))]
===file:transaction/D_langues.sql, id:64, sql:[delete from aly_test]===
dble:[[]]
===file:transaction/D_langues.sql, id:65, sql:[start transaction]===
dble:[[]]
===file:transaction/D_langues.sql, id:66, sql:[select * from aly_test order by id]===
dble:[()]
===file:transaction/D_langues.sql, id:67, sql:[insert into aly_test value(1,1,1,1)]===
dble:[[]]
===file:transaction/D_langues.sql, id:68, sql:[insert into aly_test value(2,2,2,2)]===
dble:[[]]
===file:transaction/D_langues.sql, id:69, sql:[insert into aly_test value(3,3,3,3)]===
dble:[[]]
===file:transaction/D_langues.sql, id:70, sql:[rollback]===
dble:[[]]
===file:transaction/D_langues.sql, id:71, sql:[select * from aly_test order by id]===
dble:[()]
===file:transaction/D_langues.sql, id:72, sql:[insert into aly_test value(1,1,1,1)]===
dble:[[]]
===file:transaction/D_langues.sql, id:73, sql:[select * from aly_test order by id]===
dble:[((1L, 1L, '1', 1L),)]
===file:transaction/D_langues.sql, id:76, sql:[delete from aly_test]===
dble:[[]]
===file:transaction/D_langues.sql, id:77, sql:[start transaction]===
dble:[[]]
===file:transaction/D_langues.sql, id:78, sql:[select * from aly_test order by id]===
dble:[()]
===file:transaction/D_langues.sql, id:79, sql:[insert into aly_test value(1,1,1,1)]===
dble:[[]]
===file:transaction/D_langues.sql, id:80, sql:[insert into aly_test value(2,2,2,2)]===
dble:[[]]
===file:transaction/D_langues.sql, id:81, sql:[insert into aly_test value(3,3,3,3)]===
dble:[[]]
===file:transaction/D_langues.sql, id:82, sql:[insert into aly_test value(4,4,4,4)]===
dble:[[]]
===file:transaction/D_langues.sql, id:83, sql:[commit]===
dble:[[]]
===file:transaction/D_langues.sql, id:84, sql:[select * from aly_test order by id]===
dble:[((1L, 1L, '1', 1L), (2L, 2L, '2', 2L), (3L, 3L, '3', 3L), (4L, 4L, '4', 4L))]
===file:transaction/D_langues.sql, id:85, sql:[update aly_test set pad=10]===
dble:[[]]
===file:transaction/D_langues.sql, id:86, sql:[select * from aly_test order by id]===
dble:[((1L, 1L, '1', 10L), (2L, 2L, '2', 10L), (3L, 3L, '3', 10L), (4L, 4L, '4', 10L))]
===file:transaction/D_langues.sql, id:89, sql:[delete from aly_test]===
dble:[[]]
===file:transaction/D_langues.sql, id:90, sql:[start transaction]===
dble:[[]]
===file:transaction/D_langues.sql, id:91, sql:[select * from aly_test order by id]===
dble:[()]
===file:transaction/D_langues.sql, id:92, sql:[insert into aly_test value(1,1,1,1)]===
dble:[[]]
===file:transaction/D_langues.sql, id:93, sql:[insert into aly_test value(2,2,2,2)]===
dble:[[]]
===file:transaction/D_langues.sql, id:94, sql:[insert into aly_test value(3,3,3,3)]===
dble:[[]]
===file:transaction/D_langues.sql, id:95, sql:[insert into aly_test value(4,4,4,4)]===
dble:[[]]
===file:transaction/D_langues.sql, id:96, sql:[rollback]===
dble:[[]]
===file:transaction/D_langues.sql, id:97, sql:[select * from aly_test order by id]===
dble:[()]
===file:transaction/D_langues.sql, id:98, sql:[insert into aly_test value(1,1,1,1)]===
dble:[[]]
===file:transaction/D_langues.sql, id:99, sql:[select * from aly_test order by id]===
dble:[((1L, 1L, '1', 1L),)]
===file:transaction/D_langues.sql, id:102, sql:[delete from aly_test]===
dble:[[]]
===file:transaction/D_langues.sql, id:103, sql:[start transaction]===
dble:[[]]
===file:transaction/D_langues.sql, id:104, sql:[select * from aly_test order by id]===
dble:[()]
===file:transaction/D_langues.sql, id:105, sql:[insert into aly_test values(1,1,1,1),(5,5,5,5)]===
dble:[[]]
===file:transaction/D_langues.sql, id:106, sql:[commit]===
dble:[[]]
===file:transaction/D_langues.sql, id:107, sql:[select * from aly_test order by id]===
dble:[((1L, 1L, '1', 1L), (5L, 5L, '5', 5L))]
===file:transaction/D_langues.sql, id:108, sql:[update aly_test set pad=10]===
dble:[[]]
===file:transaction/D_langues.sql, id:109, sql:[select * from aly_test order by id]===
dble:[((1L, 1L, '1', 10L), (5L, 5L, '5', 10L))]
===file:transaction/D_langues.sql, id:112, sql:[delete from aly_test]===
dble:[[]]
===file:transaction/D_langues.sql, id:113, sql:[start transaction]===
dble:[[]]
===file:transaction/D_langues.sql, id:114, sql:[select * from aly_test order by id]===
dble:[()]
===file:transaction/D_langues.sql, id:115, sql:[insert into aly_test values(1,1,1,1),(5,5,5,5)]===
dble:[[]]
===file:transaction/D_langues.sql, id:116, sql:[rollback]===
dble:[[]]
===file:transaction/D_langues.sql, id:117, sql:[select * from aly_test order by id]===
dble:[()]
===file:transaction/D_langues.sql, id:118, sql:[insert into aly_test values(1,1,1,1)]===
dble:[[]]
===file:transaction/D_langues.sql, id:119, sql:[select * from aly_test order by id]===
dble:[((1L, 1L, '1', 1L),)]
===file:transaction/D_langues.sql, id:122, sql:[delete from aly_test]===
dble:[[]]
===file:transaction/D_langues.sql, id:123, sql:[start transaction]===
dble:[[]]
===file:transaction/D_langues.sql, id:124, sql:[select * from aly_test order by id]===
dble:[()]
===file:transaction/D_langues.sql, id:125, sql:[insert into aly_test values(1,1,1,1),(2,2,2,2)]===
dble:[[]]
===file:transaction/D_langues.sql, id:126, sql:[commit]===
dble:[[]]
===file:transaction/D_langues.sql, id:127, sql:[select * from aly_test order by id]===
dble:[((1L, 1L, '1', 1L), (2L, 2L, '2', 2L))]
===file:transaction/D_langues.sql, id:128, sql:[update aly_test set pad=10]===
dble:[[]]
===file:transaction/D_langues.sql, id:129, sql:[select * from aly_test order by id]===
dble:[((1L, 1L, '1', 10L), (2L, 2L, '2', 10L))]
===file:transaction/D_langues.sql, id:132, sql:[delete from aly_test]===
dble:[[]]
===file:transaction/D_langues.sql, id:133, sql:[start transaction]===
dble:[[]]
===file:transaction/D_langues.sql, id:134, sql:[select * from aly_test order by id]===
dble:[()]
===file:transaction/D_langues.sql, id:135, sql:[insert into aly_test values(1,1,1,1),(2,2,2,2)]===
dble:[[]]
===file:transaction/D_langues.sql, id:136, sql:[rollback]===
dble:[[]]
===file:transaction/D_langues.sql, id:137, sql:[select * from aly_test order by id]===
dble:[()]
===file:transaction/D_langues.sql, id:138, sql:[insert into aly_test values(1,1,1,1)]===
dble:[[]]
===file:transaction/D_langues.sql, id:139, sql:[select * from aly_test order by id]===
dble:[((1L, 1L, '1', 1L),)]
===file:transaction/D_langues.sql, id:142, sql:[delete from aly_test]===
dble:[[]]
===file:transaction/D_langues.sql, id:143, sql:[start transaction]===
dble:[[]]
===file:transaction/D_langues.sql, id:144, sql:[select * from aly_test order by id]===
dble:[()]
===file:transaction/D_langues.sql, id:145, sql:[insert into aly_test values(1,1,1,1),(2,2,2,2),(3,3,3,3)]===
dble:[[]]
===file:transaction/D_langues.sql, id:146, sql:[commit]===
dble:[[]]
===file:transaction/D_langues.sql, id:147, sql:[select * from aly_test order by id]===
dble:[((1L, 1L, '1', 1L), (2L, 2L, '2', 2L), (3L, 3L, '3', 3L))]
===file:transaction/D_langues.sql, id:148, sql:[update aly_test set pad=10]===
dble:[[]]
===file:transaction/D_langues.sql, id:149, sql:[select * from aly_test order by id]===
dble:[((1L, 1L, '1', 10L), (2L, 2L, '2', 10L), (3L, 3L, '3', 10L))]
===file:transaction/D_langues.sql, id:152, sql:[delete from aly_test]===
dble:[[]]
===file:transaction/D_langues.sql, id:153, sql:[start transaction]===
dble:[[]]
===file:transaction/D_langues.sql, id:154, sql:[select * from aly_test order by id]===
dble:[()]
===file:transaction/D_langues.sql, id:155, sql:[insert into aly_test values(1,1,1,1),(2,2,2,2),(3,3,3,3)]===
dble:[[]]
===file:transaction/D_langues.sql, id:156, sql:[rollback]===
dble:[[]]
===file:transaction/D_langues.sql, id:157, sql:[select * from aly_test order by id]===
dble:[()]
===file:transaction/D_langues.sql, id:158, sql:[insert into aly_test values(1,1,1,1)]===
dble:[[]]
===file:transaction/D_langues.sql, id:159, sql:[select * from aly_test order by id]===
dble:[((1L, 1L, '1', 1L),)]
===file:transaction/D_langues.sql, id:162, sql:[delete from aly_test]===
dble:[[]]
===file:transaction/D_langues.sql, id:163, sql:[start transaction]===
dble:[[]]
===file:transaction/D_langues.sql, id:164, sql:[select * from aly_test order by id]===
dble:[()]
===file:transaction/D_langues.sql, id:165, sql:[insert into aly_test values(1,1,1,1),(2,2,2,2),(3,3,3,3),(4,4,4,4)]===
dble:[[]]
===file:transaction/D_langues.sql, id:166, sql:[commit]===
dble:[[]]
===file:transaction/D_langues.sql, id:167, sql:[select * from aly_test order by id]===
dble:[((1L, 1L, '1', 1L), (2L, 2L, '2', 2L), (3L, 3L, '3', 3L), (4L, 4L, '4', 4L))]
===file:transaction/D_langues.sql, id:168, sql:[update aly_test set pad=10]===
dble:[[]]
===file:transaction/D_langues.sql, id:169, sql:[select * from aly_test order by id]===
dble:[((1L, 1L, '1', 10L), (2L, 2L, '2', 10L), (3L, 3L, '3', 10L), (4L, 4L, '4', 10L))]
===file:transaction/D_langues.sql, id:172, sql:[delete from aly_test]===
dble:[[]]
===file:transaction/D_langues.sql, id:173, sql:[start transaction]===
dble:[[]]
===file:transaction/D_langues.sql, id:174, sql:[select * from aly_test order by id]===
dble:[()]
===file:transaction/D_langues.sql, id:175, sql:[insert into aly_test values(1,1,1,1),(2,2,2,2),(3,3,3,3),(4,4,4,4)]===
dble:[[]]
===file:transaction/D_langues.sql, id:176, sql:[rollback]===
dble:[[]]
===file:transaction/D_langues.sql, id:177, sql:[select * from aly_test order by id]===
dble:[()]
===file:transaction/D_langues.sql, id:178, sql:[insert into aly_test values(1,1,1,1)]===
dble:[[]]
===file:transaction/D_langues.sql, id:179, sql:[select * from aly_test order by id]===
dble:[((1L, 1L, '1', 1L),)]
===file:transaction/D_langues.sql, id:182, sql:[delete from aly_test]===
dble:[[]]
===file:transaction/D_langues.sql, id:183, sql:[insert into aly_test values(1,1,1,1),(2,2,2,2),(3,3,3,3),(4,4,4,4)]===
dble:[[]]
===file:transaction/D_langues.sql, id:184, sql:[start transaction]===
dble:[[]]
===file:transaction/D_langues.sql, id:185, sql:[select * from aly_test order by id]===
dble:[((1L, 1L, '1', 1L), (2L, 2L, '2', 2L), (3L, 3L, '3', 3L), (4L, 4L, '4', 4L))]
===file:transaction/D_langues.sql, id:186, sql:[update aly_test set pad=10 where id =1]===
dble:[[]]
===file:transaction/D_langues.sql, id:187, sql:[commit]===
dble:[[]]
===file:transaction/D_langues.sql, id:188, sql:[select * from aly_test order by id]===
dble:[((1L, 1L, '1', 10L), (2L, 2L, '2', 2L), (3L, 3L, '3', 3L), (4L, 4L, '4', 4L))]
===file:transaction/D_langues.sql, id:189, sql:[update aly_test set pad=10]===
dble:[[]]
===file:transaction/D_langues.sql, id:190, sql:[select * from aly_test order by id]===
dble:[((1L, 1L, '1', 10L), (2L, 2L, '2', 10L), (3L, 3L, '3', 10L), (4L, 4L, '4', 10L))]
===file:transaction/D_langues.sql, id:193, sql:[delete from aly_test]===
dble:[[]]
===file:transaction/D_langues.sql, id:194, sql:[insert into aly_test values(1,1,1,1),(2,2,2,2),(3,3,3,3),(4,4,4,4)]===
dble:[[]]
===file:transaction/D_langues.sql, id:195, sql:[start transaction]===
dble:[[]]
===file:transaction/D_langues.sql, id:196, sql:[select * from aly_test order by id]===
dble:[((1L, 1L, '1', 1L), (2L, 2L, '2', 2L), (3L, 3L, '3', 3L), (4L, 4L, '4', 4L))]
===file:transaction/D_langues.sql, id:197, sql:[update aly_test set pad=10 where id =1]===
dble:[[]]
===file:transaction/D_langues.sql, id:198, sql:[rollback]===
dble:[[]]
===file:transaction/D_langues.sql, id:199, sql:[select * from aly_test order by id]===
dble:[((1L, 1L, '1', 1L), (2L, 2L, '2', 2L), (3L, 3L, '3', 3L), (4L, 4L, '4', 4L))]
===file:transaction/D_langues.sql, id:200, sql:[update aly_test set pad=10]===
dble:[[]]
===file:transaction/D_langues.sql, id:201, sql:[select * from aly_test order by id]===
dble:[((1L, 1L, '1', 10L), (2L, 2L, '2', 10L), (3L, 3L, '3', 10L), (4L, 4L, '4', 10L))]
===file:transaction/D_langues.sql, id:204, sql:[delete from aly_test]===
dble:[[]]
===file:transaction/D_langues.sql, id:205, sql:[insert into aly_test values(1,1,1,1),(2,2,2,2),(3,3,3,3),(4,4,4,4)]===
dble:[[]]
===file:transaction/D_langues.sql, id:206, sql:[start transaction]===
dble:[[]]
===file:transaction/D_langues.sql, id:207, sql:[select * from aly_test order by id]===
dble:[((1L, 1L, '1', 1L), (2L, 2L, '2', 2L), (3L, 3L, '3', 3L), (4L, 4L, '4', 4L))]
===file:transaction/D_langues.sql, id:208, sql:[update aly_test set pad=10 where id =1]===
dble:[[]]
===file:transaction/D_langues.sql, id:209, sql:[update aly_test set pad=10 where id =2]===
dble:[[]]
===file:transaction/D_langues.sql, id:210, sql:[commit]===
dble:[[]]
===file:transaction/D_langues.sql, id:211, sql:[select * from aly_test order by id]===
dble:[((1L, 1L, '1', 10L), (2L, 2L, '2', 10L), (3L, 3L, '3', 3L), (4L, 4L, '4', 4L))]
===file:transaction/D_langues.sql, id:212, sql:[update aly_test set pad=10]===
dble:[[]]
===file:transaction/D_langues.sql, id:213, sql:[select * from aly_test order by id]===
dble:[((1L, 1L, '1', 10L), (2L, 2L, '2', 10L), (3L, 3L, '3', 10L), (4L, 4L, '4', 10L))]
===file:transaction/D_langues.sql, id:216, sql:[delete from aly_test]===
dble:[[]]
===file:transaction/D_langues.sql, id:217, sql:[insert into aly_test values(1,1,1,1),(2,2,2,2),(3,3,3,3),(4,4,4,4)]===
dble:[[]]
===file:transaction/D_langues.sql, id:218, sql:[start transaction]===
dble:[[]]
===file:transaction/D_langues.sql, id:219, sql:[select * from aly_test order by id]===
dble:[((1L, 1L, '1', 1L), (2L, 2L, '2', 2L), (3L, 3L, '3', 3L), (4L, 4L, '4', 4L))]
===file:transaction/D_langues.sql, id:220, sql:[update aly_test set pad=10 where id =1]===
dble:[[]]
===file:transaction/D_langues.sql, id:221, sql:[update aly_test set pad=10 where id =2]===
dble:[[]]
===file:transaction/D_langues.sql, id:222, sql:[rollback]===
dble:[[]]
===file:transaction/D_langues.sql, id:223, sql:[select * from aly_test order by id]===
dble:[((1L, 1L, '1', 1L), (2L, 2L, '2', 2L), (3L, 3L, '3', 3L), (4L, 4L, '4', 4L))]
===file:transaction/D_langues.sql, id:224, sql:[update aly_test set pad=10]===
dble:[[]]
===file:transaction/D_langues.sql, id:225, sql:[select * from aly_test order by id]===
dble:[((1L, 1L, '1', 10L), (2L, 2L, '2', 10L), (3L, 3L, '3', 10L), (4L, 4L, '4', 10L))]
===file:transaction/D_langues.sql, id:228, sql:[delete from aly_test]===
dble:[[]]
===file:transaction/D_langues.sql, id:229, sql:[insert into aly_test values(1,1,1,1),(2,2,2,2),(3,3,3,3),(4,4,4,4)]===
dble:[[]]
===file:transaction/D_langues.sql, id:230, sql:[start transaction]===
dble:[[]]
===file:transaction/D_langues.sql, id:231, sql:[select * from aly_test order by id]===
dble:[((1L, 1L, '1', 1L), (2L, 2L, '2', 2L), (3L, 3L, '3', 3L), (4L, 4L, '4', 4L))]
===file:transaction/D_langues.sql, id:232, sql:[update aly_test set pad=10 where id =1]===
dble:[[]]
===file:transaction/D_langues.sql, id:233, sql:[update aly_test set pad=10 where id =2]===
dble:[[]]
===file:transaction/D_langues.sql, id:234, sql:[update aly_test set pad=10 where id =3]===
dble:[[]]
===file:transaction/D_langues.sql, id:235, sql:[commit]===
dble:[[]]
===file:transaction/D_langues.sql, id:236, sql:[select * from aly_test order by id]===
dble:[((1L, 1L, '1', 10L), (2L, 2L, '2', 10L), (3L, 3L, '3', 10L), (4L, 4L, '4', 4L))]
===file:transaction/D_langues.sql, id:237, sql:[update aly_test set pad=10]===
dble:[[]]
===file:transaction/D_langues.sql, id:238, sql:[select * from aly_test order by id]===
dble:[((1L, 1L, '1', 10L), (2L, 2L, '2', 10L), (3L, 3L, '3', 10L), (4L, 4L, '4', 10L))]
===file:transaction/D_langues.sql, id:241, sql:[delete from aly_test]===
dble:[[]]
===file:transaction/D_langues.sql, id:242, sql:[insert into aly_test values(1,1,1,1),(2,2,2,2),(3,3,3,3),(4,4,4,4)]===
dble:[[]]
===file:transaction/D_langues.sql, id:243, sql:[start transaction]===
dble:[[]]
===file:transaction/D_langues.sql, id:244, sql:[select * from aly_test order by id]===
dble:[((1L, 1L, '1', 1L), (2L, 2L, '2', 2L), (3L, 3L, '3', 3L), (4L, 4L, '4', 4L))]
===file:transaction/D_langues.sql, id:245, sql:[update aly_test set pad=10 where id =1]===
dble:[[]]
===file:transaction/D_langues.sql, id:246, sql:[update aly_test set pad=10 where id =2]===
dble:[[]]
===file:transaction/D_langues.sql, id:247, sql:[update aly_test set pad=10 where id =3]===
dble:[[]]
===file:transaction/D_langues.sql, id:248, sql:[rollback]===
dble:[[]]
===file:transaction/D_langues.sql, id:249, sql:[select * from aly_test order by id]===
dble:[((1L, 1L, '1', 1L), (2L, 2L, '2', 2L), (3L, 3L, '3', 3L), (4L, 4L, '4', 4L))]
===file:transaction/D_langues.sql, id:250, sql:[update aly_test set pad=10]===
dble:[[]]
===file:transaction/D_langues.sql, id:251, sql:[select * from aly_test order by id]===
dble:[((1L, 1L, '1', 10L), (2L, 2L, '2', 10L), (3L, 3L, '3', 10L), (4L, 4L, '4', 10L))]
===file:transaction/D_langues.sql, id:254, sql:[delete from aly_test]===
dble:[[]]
===file:transaction/D_langues.sql, id:255, sql:[insert into aly_test values(1,1,1,1),(2,2,2,2),(3,3,3,3),(4,4,4,4)]===
dble:[[]]
===file:transaction/D_langues.sql, id:256, sql:[start transaction]===
dble:[[]]
===file:transaction/D_langues.sql, id:257, sql:[select * from aly_test order by id]===
dble:[((1L, 1L, '1', 1L), (2L, 2L, '2', 2L), (3L, 3L, '3', 3L), (4L, 4L, '4', 4L))]
===file:transaction/D_langues.sql, id:258, sql:[update aly_test set pad=10 where id =1]===
dble:[[]]
===file:transaction/D_langues.sql, id:259, sql:[update aly_test set pad=10 where id =2]===
dble:[[]]
===file:transaction/D_langues.sql, id:260, sql:[update aly_test set pad=10 where id =3]===
dble:[[]]
===file:transaction/D_langues.sql, id:261, sql:[update aly_test set pad=10 where id =4]===
dble:[[]]
===file:transaction/D_langues.sql, id:262, sql:[commit]===
dble:[[]]
===file:transaction/D_langues.sql, id:263, sql:[select * from aly_test order by id]===
dble:[((1L, 1L, '1', 10L), (2L, 2L, '2', 10L), (3L, 3L, '3', 10L), (4L, 4L, '4', 10L))]
===file:transaction/D_langues.sql, id:264, sql:[update aly_test set pad=10]===
dble:[[]]
===file:transaction/D_langues.sql, id:265, sql:[select * from aly_test order by id]===
dble:[((1L, 1L, '1', 10L), (2L, 2L, '2', 10L), (3L, 3L, '3', 10L), (4L, 4L, '4', 10L))]
===file:transaction/D_langues.sql, id:268, sql:[delete from aly_test]===
dble:[[]]
===file:transaction/D_langues.sql, id:269, sql:[insert into aly_test values(1,1,1,1),(2,2,2,2),(3,3,3,3),(4,4,4,4)]===
dble:[[]]
===file:transaction/D_langues.sql, id:270, sql:[start transaction]===
dble:[[]]
===file:transaction/D_langues.sql, id:271, sql:[select * from aly_test order by id]===
dble:[((1L, 1L, '1', 1L), (2L, 2L, '2', 2L), (3L, 3L, '3', 3L), (4L, 4L, '4', 4L))]
===file:transaction/D_langues.sql, id:272, sql:[update aly_test set pad=10 where id =1]===
dble:[[]]
===file:transaction/D_langues.sql, id:273, sql:[update aly_test set pad=10 where id =2]===
dble:[[]]
===file:transaction/D_langues.sql, id:274, sql:[update aly_test set pad=10 where id =3]===
dble:[[]]
===file:transaction/D_langues.sql, id:275, sql:[update aly_test set pad=10 where id =4]===
dble:[[]]
===file:transaction/D_langues.sql, id:276, sql:[rollback]===
dble:[[]]
===file:transaction/D_langues.sql, id:277, sql:[select * from aly_test order by id]===
dble:[((1L, 1L, '1', 1L), (2L, 2L, '2', 2L), (3L, 3L, '3', 3L), (4L, 4L, '4', 4L))]
===file:transaction/D_langues.sql, id:278, sql:[update aly_test set pad=10]===
dble:[[]]
===file:transaction/D_langues.sql, id:279, sql:[select * from aly_test order by id]===
dble:[((1L, 1L, '1', 10L), (2L, 2L, '2', 10L), (3L, 3L, '3', 10L), (4L, 4L, '4', 10L))]
===file:transaction/D_langues.sql, id:282, sql:[delete from aly_test]===
dble:[[]]
===file:transaction/D_langues.sql, id:283, sql:[insert into aly_test values(1,1,1,1),(2,2,2,2),(3,3,3,3),(4,4,4,4)]===
dble:[[]]
===file:transaction/D_langues.sql, id:284, sql:[start transaction]===
dble:[[]]
===file:transaction/D_langues.sql, id:285, sql:[select * from aly_test order by id]===
dble:[((1L, 1L, '1', 1L), (2L, 2L, '2', 2L), (3L, 3L, '3', 3L), (4L, 4L, '4', 4L))]
===file:transaction/D_langues.sql, id:286, sql:[update aly_test set pad =100]===
dble:[[]]
===file:transaction/D_langues.sql, id:287, sql:[commit]===
dble:[[]]
===file:transaction/D_langues.sql, id:288, sql:[select * from aly_test order by id]===
dble:[((1L, 1L, '1', 100L), (2L, 2L, '2', 100L), (3L, 3L, '3', 100L), (4L, 4L, '4', 100L))]
===file:transaction/D_langues.sql, id:289, sql:[update aly_test set pad=10]===
dble:[[]]
===file:transaction/D_langues.sql, id:290, sql:[select * from aly_test order by id]===
dble:[((1L, 1L, '1', 10L), (2L, 2L, '2', 10L), (3L, 3L, '3', 10L), (4L, 4L, '4', 10L))]
===file:transaction/D_langues.sql, id:293, sql:[delete from aly_test]===
dble:[[]]
===file:transaction/D_langues.sql, id:294, sql:[insert into aly_test values(1,1,1,1),(2,2,2,2),(3,3,3,3),(4,4,4,4)]===
dble:[[]]
===file:transaction/D_langues.sql, id:295, sql:[start transaction]===
dble:[[]]
===file:transaction/D_langues.sql, id:296, sql:[select * from aly_test order by id]===
dble:[((1L, 1L, '1', 1L), (2L, 2L, '2', 2L), (3L, 3L, '3', 3L), (4L, 4L, '4', 4L))]
===file:transaction/D_langues.sql, id:297, sql:[update aly_test set pad =100]===
dble:[[]]
===file:transaction/D_langues.sql, id:298, sql:[rollback]===
dble:[[]]
===file:transaction/D_langues.sql, id:299, sql:[select * from aly_test order by id]===
dble:[((1L, 1L, '1', 1L), (2L, 2L, '2', 2L), (3L, 3L, '3', 3L), (4L, 4L, '4', 4L))]
===file:transaction/D_langues.sql, id:300, sql:[update aly_test set pad=10]===
dble:[[]]
===file:transaction/D_langues.sql, id:301, sql:[select * from aly_test order by id]===
dble:[((1L, 1L, '1', 10L), (2L, 2L, '2', 10L), (3L, 3L, '3', 10L), (4L, 4L, '4', 10L))]
===file:transaction/D_langues.sql, id:304, sql:[delete from aly_test]===
dble:[[]]
===file:transaction/D_langues.sql, id:305, sql:[insert into aly_test values(1,1,1,1),(2,2,2,2),(3,3,3,3),(4,4,4,4)]===
dble:[[]]
===file:transaction/D_langues.sql, id:306, sql:[start transaction]===
dble:[[]]
===file:transaction/D_langues.sql, id:307, sql:[select * from aly_test order by id]===
dble:[((1L, 1L, '1', 1L), (2L, 2L, '2', 2L), (3L, 3L, '3', 3L), (4L, 4L, '4', 4L))]
===file:transaction/D_langues.sql, id:308, sql:[delete from aly_test where id=1]===
dble:[[]]
===file:transaction/D_langues.sql, id:309, sql:[commit]===
dble:[[]]
===file:transaction/D_langues.sql, id:310, sql:[select * from aly_test order by id]===
dble:[((2L, 2L, '2', 2L), (3L, 3L, '3', 3L), (4L, 4L, '4', 4L))]
===file:transaction/D_langues.sql, id:311, sql:[delete from aly_test where id=2]===
dble:[[]]
===file:transaction/D_langues.sql, id:312, sql:[select * from aly_test order by id]===
dble:[((3L, 3L, '3', 3L), (4L, 4L, '4', 4L))]
===file:transaction/D_langues.sql, id:315, sql:[delete from aly_test]===
dble:[[]]
===file:transaction/D_langues.sql, id:316, sql:[insert into aly_test values(1,1,1,1),(2,2,2,2),(3,3,3,3),(4,4,4,4)]===
dble:[[]]
===file:transaction/D_langues.sql, id:317, sql:[start transaction]===
dble:[[]]
===file:transaction/D_langues.sql, id:318, sql:[select * from aly_test order by id]===
dble:[((1L, 1L, '1', 1L), (2L, 2L, '2', 2L), (3L, 3L, '3', 3L), (4L, 4L, '4', 4L))]
===file:transaction/D_langues.sql, id:319, sql:[delete from aly_test where id=1]===
dble:[[]]
===file:transaction/D_langues.sql, id:320, sql:[rollback]===
dble:[[]]
===file:transaction/D_langues.sql, id:321, sql:[select * from aly_test order by id]===
dble:[((1L, 1L, '1', 1L), (2L, 2L, '2', 2L), (3L, 3L, '3', 3L), (4L, 4L, '4', 4L))]
===file:transaction/D_langues.sql, id:322, sql:[delete from aly_test where id=2]===
dble:[[]]
===file:transaction/D_langues.sql, id:323, sql:[select * from aly_test order by id]===
dble:[((1L, 1L, '1', 1L), (3L, 3L, '3', 3L), (4L, 4L, '4', 4L))]
===file:transaction/D_langues.sql, id:326, sql:[delete from aly_test]===
dble:[[]]
===file:transaction/D_langues.sql, id:327, sql:[insert into aly_test values(1,1,1,1),(2,2,2,2),(3,3,3,3),(4,4,4,4)]===
dble:[[]]
===file:transaction/D_langues.sql, id:328, sql:[start transaction]===
dble:[[]]
===file:transaction/D_langues.sql, id:329, sql:[select * from aly_test order by id]===
dble:[((1L, 1L, '1', 1L), (2L, 2L, '2', 2L), (3L, 3L, '3', 3L), (4L, 4L, '4', 4L))]
===file:transaction/D_langues.sql, id:330, sql:[delete from aly_test where id=1]===
dble:[[]]
===file:transaction/D_langues.sql, id:331, sql:[delete from aly_test where id=2]===
dble:[[]]
===file:transaction/D_langues.sql, id:332, sql:[commit]===
dble:[[]]
===file:transaction/D_langues.sql, id:333, sql:[select * from aly_test order by id]===
dble:[((3L, 3L, '3', 3L), (4L, 4L, '4', 4L))]
===file:transaction/D_langues.sql, id:334, sql:[delete from aly_test where id=3]===
dble:[[]]
===file:transaction/D_langues.sql, id:335, sql:[select * from aly_test order by id]===
dble:[((4L, 4L, '4', 4L),)]
===file:transaction/D_langues.sql, id:338, sql:[delete from aly_test]===
dble:[[]]
===file:transaction/D_langues.sql, id:339, sql:[insert into aly_test values(1,1,1,1),(2,2,2,2),(3,3,3,3),(4,4,4,4)]===
dble:[[]]
===file:transaction/D_langues.sql, id:340, sql:[start transaction]===
dble:[[]]
===file:transaction/D_langues.sql, id:341, sql:[select * from aly_test order by id]===
dble:[((1L, 1L, '1', 1L), (2L, 2L, '2', 2L), (3L, 3L, '3', 3L), (4L, 4L, '4', 4L))]
===file:transaction/D_langues.sql, id:342, sql:[delete from aly_test where id=1]===
dble:[[]]
===file:transaction/D_langues.sql, id:343, sql:[delete from aly_test where id=2]===
dble:[[]]
===file:transaction/D_langues.sql, id:344, sql:[rollback]===
dble:[[]]
===file:transaction/D_langues.sql, id:345, sql:[select * from aly_test order by id]===
dble:[((1L, 1L, '1', 1L), (2L, 2L, '2', 2L), (3L, 3L, '3', 3L), (4L, 4L, '4', 4L))]
===file:transaction/D_langues.sql, id:346, sql:[delete from aly_test where id=3]===
dble:[[]]
===file:transaction/D_langues.sql, id:347, sql:[select * from aly_test order by id]===
dble:[((1L, 1L, '1', 1L), (2L, 2L, '2', 2L), (4L, 4L, '4', 4L))]
===file:transaction/D_langues.sql, id:350, sql:[delete from aly_test]===
dble:[[]]
===file:transaction/D_langues.sql, id:351, sql:[insert into aly_test values(1,1,1,1),(2,2,2,2),(3,3,3,3),(4,4,4,4)]===
dble:[[]]
===file:transaction/D_langues.sql, id:352, sql:[start transaction]===
dble:[[]]
===file:transaction/D_langues.sql, id:353, sql:[select * from aly_test order by id]===
dble:[((1L, 1L, '1', 1L), (2L, 2L, '2', 2L), (3L, 3L, '3', 3L), (4L, 4L, '4', 4L))]
===file:transaction/D_langues.sql, id:354, sql:[delete from aly_test where id=1]===
dble:[[]]
===file:transaction/D_langues.sql, id:355, sql:[delete from aly_test where id=2]===
dble:[[]]
===file:transaction/D_langues.sql, id:356, sql:[delete from aly_test where id=3]===
dble:[[]]
===file:transaction/D_langues.sql, id:357, sql:[commit]===
dble:[[]]
===file:transaction/D_langues.sql, id:358, sql:[select * from aly_test order by id]===
dble:[((4L, 4L, '4', 4L),)]
===file:transaction/D_langues.sql, id:359, sql:[delete from aly_test where id=4]===
dble:[[]]
===file:transaction/D_langues.sql, id:360, sql:[select * from aly_test order by id]===
dble:[()]
===file:transaction/D_langues.sql, id:363, sql:[delete from aly_test]===
dble:[[]]
===file:transaction/D_langues.sql, id:364, sql:[insert into aly_test values(1,1,1,1),(2,2,2,2),(3,3,3,3),(4,4,4,4)]===
dble:[[]]
===file:transaction/D_langues.sql, id:365, sql:[start transaction]===
dble:[[]]
===file:transaction/D_langues.sql, id:366, sql:[select * from aly_test order by id]===
dble:[((1L, 1L, '1', 1L), (2L, 2L, '2', 2L), (3L, 3L, '3', 3L), (4L, 4L, '4', 4L))]
===file:transaction/D_langues.sql, id:367, sql:[delete from aly_test where id=1]===
dble:[[]]
===file:transaction/D_langues.sql, id:368, sql:[delete from aly_test where id=2]===
dble:[[]]
===file:transaction/D_langues.sql, id:369, sql:[delete from aly_test where id=3]===
dble:[[]]
===file:transaction/D_langues.sql, id:370, sql:[rollback]===
dble:[[]]
===file:transaction/D_langues.sql, id:371, sql:[select * from aly_test order by id]===
dble:[((1L, 1L, '1', 1L), (2L, 2L, '2', 2L), (3L, 3L, '3', 3L), (4L, 4L, '4', 4L))]
===file:transaction/D_langues.sql, id:372, sql:[delete from aly_test where id=4]===
dble:[[]]
===file:transaction/D_langues.sql, id:373, sql:[select * from aly_test order by id]===
dble:[((1L, 1L, '1', 1L), (2L, 2L, '2', 2L), (3L, 3L, '3', 3L))]
===file:transaction/D_langues.sql, id:376, sql:[delete from aly_test]===
dble:[[]]
===file:transaction/D_langues.sql, id:377, sql:[insert into aly_test values(1,1,1,1),(2,2,2,2),(3,3,3,3),(4,4,4,4)]===
dble:[[]]
===file:transaction/D_langues.sql, id:378, sql:[start transaction]===
dble:[[]]
===file:transaction/D_langues.sql, id:379, sql:[select * from aly_test order by id]===
dble:[((1L, 1L, '1', 1L), (2L, 2L, '2', 2L), (3L, 3L, '3', 3L), (4L, 4L, '4', 4L))]
===file:transaction/D_langues.sql, id:380, sql:[delete from aly_test where id=1]===
dble:[[]]
===file:transaction/D_langues.sql, id:381, sql:[delete from aly_test where id=2]===
dble:[[]]
===file:transaction/D_langues.sql, id:382, sql:[delete from aly_test where id=3]===
dble:[[]]
===file:transaction/D_langues.sql, id:383, sql:[delete from aly_test where id=4]===
dble:[[]]
===file:transaction/D_langues.sql, id:384, sql:[commit]===
dble:[[]]
===file:transaction/D_langues.sql, id:385, sql:[select * from aly_test order by id]===
dble:[()]
===file:transaction/D_langues.sql, id:386, sql:[delete from aly_test where id=3]===
dble:[[]]
===file:transaction/D_langues.sql, id:387, sql:[select * from aly_test order by id]===
dble:[()]
===file:transaction/D_langues.sql, id:390, sql:[delete from aly_test]===
dble:[[]]
===file:transaction/D_langues.sql, id:391, sql:[insert into aly_test values(1,1,1,1),(2,2,2,2),(3,3,3,3),(4,4,4,4)]===
dble:[[]]
===file:transaction/D_langues.sql, id:392, sql:[start transaction]===
dble:[[]]
===file:transaction/D_langues.sql, id:393, sql:[select * from aly_test order by id]===
dble:[((1L, 1L, '1', 1L), (2L, 2L, '2', 2L), (3L, 3L, '3', 3L), (4L, 4L, '4', 4L))]
===file:transaction/D_langues.sql, id:394, sql:[delete from aly_test where id=1]===
dble:[[]]
===file:transaction/D_langues.sql, id:395, sql:[delete from aly_test where id=2]===
dble:[[]]
===file:transaction/D_langues.sql, id:396, sql:[delete from aly_test where id=3]===
dble:[[]]
===file:transaction/D_langues.sql, id:397, sql:[delete from aly_test where id=4]===
dble:[[]]
===file:transaction/D_langues.sql, id:398, sql:[rollback]===
dble:[[]]
===file:transaction/D_langues.sql, id:399, sql:[select * from aly_test order by id]===
dble:[((1L, 1L, '1', 1L), (2L, 2L, '2', 2L), (3L, 3L, '3', 3L), (4L, 4L, '4', 4L))]
===file:transaction/D_langues.sql, id:400, sql:[delete from aly_test where id=3]===
dble:[[]]
===file:transaction/D_langues.sql, id:401, sql:[select * from aly_test order by id]===
dble:[((1L, 1L, '1', 1L), (2L, 2L, '2', 2L), (4L, 4L, '4', 4L))]
===file:transaction/D_langues.sql, id:404, sql:[delete from aly_test]===
dble:[[]]
===file:transaction/D_langues.sql, id:405, sql:[insert into aly_test values(1,1,1,1),(2,2,2,2),(3,3,3,3),(4,4,4,4)]===
dble:[[]]
===file:transaction/D_langues.sql, id:406, sql:[start transaction]===
dble:[[]]
===file:transaction/D_langues.sql, id:407, sql:[select * from aly_test order by id]===
dble:[((1L, 1L, '1', 1L), (2L, 2L, '2', 2L), (3L, 3L, '3', 3L), (4L, 4L, '4', 4L))]
===file:transaction/D_langues.sql, id:408, sql:[delete from aly_test]===
dble:[[]]
===file:transaction/D_langues.sql, id:409, sql:[commit]===
dble:[[]]
===file:transaction/D_langues.sql, id:410, sql:[select * from aly_test order by id]===
dble:[()]
===file:transaction/D_langues.sql, id:411, sql:[delete from aly_test]===
dble:[[]]
===file:transaction/D_langues.sql, id:412, sql:[select * from aly_test order by id]===
dble:[()]
===file:transaction/D_langues.sql, id:415, sql:[delete from aly_test]===
dble:[[]]
===file:transaction/D_langues.sql, id:416, sql:[insert into aly_test values(1,1,1,1),(2,2,2,2),(3,3,3,3),(4,4,4,4)]===
dble:[[]]
===file:transaction/D_langues.sql, id:417, sql:[start transaction]===
dble:[[]]
===file:transaction/D_langues.sql, id:418, sql:[select * from aly_test order by id]===
dble:[((1L, 1L, '1', 1L), (2L, 2L, '2', 2L), (3L, 3L, '3', 3L), (4L, 4L, '4', 4L))]
===file:transaction/D_langues.sql, id:419, sql:[delete from aly_test]===
dble:[[]]
===file:transaction/D_langues.sql, id:420, sql:[rollback]===
dble:[[]]
===file:transaction/D_langues.sql, id:421, sql:[select * from aly_test order by id]===
dble:[((1L, 1L, '1', 1L), (2L, 2L, '2', 2L), (3L, 3L, '3', 3L), (4L, 4L, '4', 4L))]
===file:transaction/D_langues.sql, id:422, sql:[delete from aly_test]===
dble:[[]]
===file:transaction/D_langues.sql, id:423, sql:[select * from aly_test order by id]===
dble:[()]
===file:transaction/D_langues.sql, id:426, sql:[delete from aly_test]===
dble:[[]]
===file:transaction/D_langues.sql, id:427, sql:[begin]===
dble:[[]]
===file:transaction/D_langues.sql, id:428, sql:[insert into aly_test values(1,1,1,1)]===
dble:[[]]
===file:transaction/D_langues.sql, id:429, sql:[update aly_test set pad=10 where id =1]===
dble:[[]]
===file:transaction/D_langues.sql, id:430, sql:[delete from aly_test where id=1]===
dble:[[]]
===file:transaction/D_langues.sql, id:431, sql:[select * from aly_test order by id]===
dble:[()]
===file:transaction/D_langues.sql, id:432, sql:[commit]===
dble:[[]]
===file:transaction/D_langues.sql, id:433, sql:[insert into aly_test values(1,1,1,1)]===
dble:[[]]
===file:transaction/D_langues.sql, id:434, sql:[rollback]===
dble:[[]]
===file:transaction/D_langues.sql, id:435, sql:[select * from aly_test order by id]===
dble:[((1L, 1L, '1', 1L),)]
===file:transaction/D_langues.sql, id:438, sql:[delete from aly_test]===
dble:[[]]
===file:transaction/D_langues.sql, id:439, sql:[begin]===
dble:[[]]
===file:transaction/D_langues.sql, id:440, sql:[insert into aly_test values(1,1,1,1)]===
dble:[[]]
===file:transaction/D_langues.sql, id:441, sql:[update aly_test set pad=10 where id =1]===
dble:[[]]
===file:transaction/D_langues.sql, id:442, sql:[delete from aly_test where id=1]===
dble:[[]]
===file:transaction/D_langues.sql, id:443, sql:[select * from aly_test order by id]===
dble:[()]
===file:transaction/D_langues.sql, id:444, sql:[rollback]===
dble:[[]]
===file:transaction/D_langues.sql, id:445, sql:[insert into aly_test values(2,1,1,1)]===
dble:[[]]
===file:transaction/D_langues.sql, id:446, sql:[rollback]===
dble:[[]]
===file:transaction/D_langues.sql, id:447, sql:[select * from aly_test order by id]===
dble:[((2L, 1L, '1', 1L),)]
===file:transaction/D_langues.sql, id:450, sql:[delete from aly_test]===
dble:[[]]
===file:transaction/D_langues.sql, id:451, sql:[begin]===
dble:[[]]
===file:transaction/D_langues.sql, id:452, sql:[insert into aly_test values(1,1,1,1),(2,2,2,2)]===
dble:[[]]
===file:transaction/D_langues.sql, id:453, sql:[update aly_test set pad=10 where id =1]===
dble:[[]]
===file:transaction/D_langues.sql, id:454, sql:[delete from aly_test where id=2]===
dble:[[]]
===file:transaction/D_langues.sql, id:455, sql:[select * from aly_test order by id]===
dble:[((1L, 1L, '1', 10L),)]
===file:transaction/D_langues.sql, id:456, sql:[commit]===
dble:[[]]
===file:transaction/D_langues.sql, id:457, sql:[update aly_test set pad =100]===
dble:[[]]
===file:transaction/D_langues.sql, id:458, sql:[rollback]===
dble:[[]]
===file:transaction/D_langues.sql, id:459, sql:[select * from aly_test order by id]===
dble:[((1L, 1L, '1', 100L),)]
===file:transaction/D_langues.sql, id:462, sql:[delete from aly_test]===
dble:[[]]
===file:transaction/D_langues.sql, id:463, sql:[begin]===
dble:[[]]
===file:transaction/D_langues.sql, id:464, sql:[insert into aly_test values(1,1,1,1),(2,2,2,2)]===
dble:[[]]
===file:transaction/D_langues.sql, id:465, sql:[update aly_test set pad=10 where id =1]===
dble:[[]]
===file:transaction/D_langues.sql, id:466, sql:[delete from aly_test where id=2]===
dble:[[]]
===file:transaction/D_langues.sql, id:467, sql:[select * from aly_test order by id]===
dble:[((1L, 1L, '1', 10L),)]
===file:transaction/D_langues.sql, id:468, sql:[rollback]===
dble:[[]]
===file:transaction/D_langues.sql, id:469, sql:[update aly_test set pad =100]===
dble:[[]]
===file:transaction/D_langues.sql, id:470, sql:[rollback]===
dble:[[]]
===file:transaction/D_langues.sql, id:471, sql:[select * from aly_test order by id]===
dble:[()]
===file:transaction/D_langues.sql, id:474, sql:[delete from aly_test]===
dble:[[]]
===file:transaction/D_langues.sql, id:475, sql:[begin]===
dble:[[]]
===file:transaction/D_langues.sql, id:476, sql:[insert into aly_test values(1,1,1,1),(2,2,2,2),(3,3,3,3)]===
dble:[[]]
===file:transaction/D_langues.sql, id:477, sql:[update aly_test set pad=10 where id =1]===
dble:[[]]
===file:transaction/D_langues.sql, id:478, sql:[delete from aly_test where id=3]===
dble:[[]]
===file:transaction/D_langues.sql, id:479, sql:[select * from aly_test where id=2]===
dble:[[(2L, 2L, '2', 2L)]]
===file:transaction/D_langues.sql, id:480, sql:[commit]===
dble:[[]]
===file:transaction/D_langues.sql, id:481, sql:[update aly_test set pad =100]===
dble:[[]]
===file:transaction/D_langues.sql, id:482, sql:[rollback]===
dble:[[]]
===file:transaction/D_langues.sql, id:483, sql:[select * from aly_test order by id]===
dble:[((1L, 1L, '1', 100L), (2L, 2L, '2', 100L))]
===file:transaction/D_langues.sql, id:486, sql:[delete from aly_test]===
dble:[[]]
===file:transaction/D_langues.sql, id:487, sql:[begin]===
dble:[[]]
===file:transaction/D_langues.sql, id:488, sql:[insert into aly_test values(1,1,1,1),(2,2,2,2),(3,3,3,3)]===
dble:[[]]
===file:transaction/D_langues.sql, id:489, sql:[update aly_test set pad=10 where id =1]===
dble:[[]]
===file:transaction/D_langues.sql, id:490, sql:[delete from aly_test where id=3]===
dble:[[]]
===file:transaction/D_langues.sql, id:491, sql:[select * from aly_test where id=2]===
dble:[[(2L, 2L, '2', 2L)]]
===file:transaction/D_langues.sql, id:492, sql:[rollback]===
dble:[[]]
===file:transaction/D_langues.sql, id:493, sql:[update aly_test set pad =100]===
dble:[[]]
===file:transaction/D_langues.sql, id:494, sql:[rollback]===
dble:[[]]
===file:transaction/D_langues.sql, id:495, sql:[select * from aly_test order by id]===
dble:[()]
===file:transaction/D_langues.sql, id:498, sql:[delete from aly_test]===
dble:[[]]
===file:transaction/D_langues.sql, id:499, sql:[begin]===
dble:[[]]
===file:transaction/D_langues.sql, id:500, sql:[insert into aly_test values(1,1,1,1),(2,2,2,2),(3,3,3,3),(4,4,4,4)]===
dble:[[]]
===file:transaction/D_langues.sql, id:501, sql:[update aly_test set pad=10 where id =1]===
dble:[[]]
===file:transaction/D_langues.sql, id:502, sql:[delete from aly_test where id=3]===
dble:[[]]
===file:transaction/D_langues.sql, id:503, sql:[select * from aly_test where id=4]===
dble:[[(4L, 4L, '4', 4L)]]
===file:transaction/D_langues.sql, id:504, sql:[commit]===
dble:[[]]
===file:transaction/D_langues.sql, id:505, sql:[update aly_test set pad =100 where id =1]===
dble:[[]]
===file:transaction/D_langues.sql, id:506, sql:[rollback]===
dble:[[]]
===file:transaction/D_langues.sql, id:507, sql:[select * from aly_test order by id]===
dble:[((1L, 1L, '1', 100L), (2L, 2L, '2', 2L), (4L, 4L, '4', 4L))]
===file:transaction/D_langues.sql, id:510, sql:[delete from aly_test]===
dble:[[]]
===file:transaction/D_langues.sql, id:511, sql:[begin]===
dble:[[]]
===file:transaction/D_langues.sql, id:512, sql:[insert into aly_test values(1,1,1,1),(2,2,2,2),(3,3,3,3),(4,4,4,4)]===
dble:[[]]
===file:transaction/D_langues.sql, id:513, sql:[update aly_test set pad=10 where id =1]===
dble:[[]]
===file:transaction/D_langues.sql, id:514, sql:[delete from aly_test where id=3]===
dble:[[]]
===file:transaction/D_langues.sql, id:515, sql:[select * from aly_test where id=4]===
dble:[[(4L, 4L, '4', 4L)]]
===file:transaction/D_langues.sql, id:516, sql:[rollback]===
dble:[[]]
===file:transaction/D_langues.sql, id:517, sql:[update aly_test set pad =100 where id=4]===
dble:[[]]
===file:transaction/D_langues.sql, id:518, sql:[rollback]===
dble:[[]]
===file:transaction/D_langues.sql, id:519, sql:[select * from aly_test order by id]===
dble:[()]
===file:transaction/D_langues.sql, id:522, sql:[delete from aly_test]===
dble:[[]]
===file:transaction/D_langues.sql, id:523, sql:[begin]===
dble:[[]]
===file:transaction/D_langues.sql, id:524, sql:[alter table aly_test add name char(5)]===
dble:[[]]
===file:transaction/D_langues.sql, id:525, sql:[insert into aly_test values(1,1,1,1,1)]===
dble:[[]]
===file:transaction/D_langues.sql, id:526, sql:[commit]===
dble:[[]]
===file:transaction/D_langues.sql, id:527, sql:[insert into aly_test values(2,2,1,1,1)]===
dble:[[]]
===file:transaction/D_langues.sql, id:528, sql:[select * from aly_test order by id]===
dble:[((1L, 1L, '1', 1L, '1'), (2L, 2L, '1', 1L, '1'))]
===file:transaction/D_langues.sql, id:529, sql:[drop table aly_test]===
dble:[[]]
===file:transaction/D_langues.sql, id:530, sql:[CREATE TABLE aly_test(`id` int(10) unsigned NOT NULL,`k` int(10) unsigned NOT NULL DEFAULT '0',`c` char(120) NOT NULL DEFAULT '',`pad` int(11) NOT NULL,PRIMARY KEY (`id`),KEY `k_1` (`k`))]===
dble:[[]]
===file:transaction/D_langues.sql, id:531, sql:[select * from aly_test order by id]===
dble:[()]
===file:transaction/D_langues.sql, id:534, sql:[delete from aly_test]===
dble:[[]]
===file:transaction/D_langues.sql, id:535, sql:[begin]===
dble:[[]]
===file:transaction/D_langues.sql, id:536, sql:[alter table aly_test add name char(5)]===
dble:[[]]
===file:transaction/D_langues.sql, id:537, sql:[insert into aly_test values(1,1,1,1,1)]===
dble:[[]]
===file:transaction/D_langues.sql, id:538, sql:[rollback]===
dble:[[]]
===file:transaction/D_langues.sql, id:539, sql:[insert into aly_test values(2,1,1,1,1)]===
dble:[[]]
===file:transaction/D_langues.sql, id:540, sql:[select * from aly_test order by id]===
dble:[((1L, 1L, '1', 1L, '1'), (2L, 1L, '1', 1L, '1'))]
===file:transaction/D_langues.sql, id:541, sql:[drop table aly_test]===
dble:[[]]
===file:transaction/D_langues.sql, id:542, sql:[CREATE TABLE aly_test(`id` int(10) unsigned NOT NULL,`k` int(10) unsigned NOT NULL DEFAULT '0',`c` char(120) NOT NULL DEFAULT '',`pad` int(11) NOT NULL,PRIMARY KEY (`id`),KEY `k_1` (`k`))]===
dble:[[]]
===file:transaction/D_langues.sql, id:543, sql:[select * from aly_test order by id]===
dble:[()]
===file:transaction/D_langues.sql, id:546, sql:[drop table aly_test]===
dble:[[]]
===file:transaction/D_langues.sql, id:547, sql:[begin]===
dble:[[]]
===file:transaction/D_langues.sql, id:548, sql:[CREATE TABLE aly_test(`id` int(10) unsigned NOT NULL,`k` int(10) unsigned NOT NULL DEFAULT '0',`c` char(120) NOT NULL DEFAULT '',`pad` int(11) NOT NULL,PRIMARY KEY (`id`),KEY `k_1` (`k`))]===
dble:[[]]
===file:transaction/D_langues.sql, id:549, sql:[insert into aly_test values(1,1,1,1)]===
dble:[[]]
===file:transaction/D_langues.sql, id:550, sql:[select * from aly_test order by id]===
dble:[((1L, 1L, '1', 1L),)]
===file:transaction/D_langues.sql, id:551, sql:[commit]===
dble:[[]]
===file:transaction/D_langues.sql, id:552, sql:[select * from aly_test order by id]===
dble:[((1L, 1L, '1', 1L),)]
===file:transaction/D_langues.sql, id:555, sql:[drop table aly_test]===
dble:[[]]
===file:transaction/D_langues.sql, id:556, sql:[begin]===
dble:[[]]
===file:transaction/D_langues.sql, id:557, sql:[CREATE TABLE aly_test(`id` int(10) unsigned NOT NULL,`k` int(10) unsigned NOT NULL DEFAULT '0',`c` char(120) NOT NULL DEFAULT '',`pad` int(11) NOT NULL,PRIMARY KEY (`id`),KEY `k_1` (`k`))]===
dble:[[]]
===file:transaction/D_langues.sql, id:558, sql:[insert into aly_test values(1,1,1,1)]===
dble:[[]]
===file:transaction/D_langues.sql, id:559, sql:[select * from aly_test order by id]===
dble:[((1L, 1L, '1', 1L),)]
===file:transaction/D_langues.sql, id:560, sql:[rollback]===
dble:[[]]
===file:transaction/D_langues.sql, id:561, sql:[select * from aly_test order by id]===
dble:[((1L, 1L, '1', 1L),)]
===file:transaction/D_langues.sql, id:564, sql:[delete from aly_test]===
dble:[[]]
===file:transaction/D_langues.sql, id:565, sql:[insert into aly_test values(1,1,1,1)]===
dble:[[]]
===file:transaction/D_langues.sql, id:566, sql:[begin]===
dble:[[]]
===file:transaction/D_langues.sql, id:567, sql:[truncate table aly_test]===
dble:[[]]
===file:transaction/D_langues.sql, id:568, sql:[commit]===
dble:[[]]
===file:transaction/D_langues.sql, id:569, sql:[select * from aly_test order by id]===
dble:[()]
===file:transaction/D_langues.sql, id:572, sql:[delete from aly_test]===
dble:[[]]
===file:transaction/D_langues.sql, id:573, sql:[insert into aly_test values(1,1,1,1)]===
dble:[[]]
===file:transaction/D_langues.sql, id:574, sql:[begin]===
dble:[[]]
===file:transaction/D_langues.sql, id:575, sql:[truncate table aly_test]===
dble:[[]]
===file:transaction/D_langues.sql, id:576, sql:[rollback]===
dble:[[]]
===file:transaction/D_langues.sql, id:577, sql:[select * from aly_test order by id]===
dble:[()]
===file:transaction/D_langues.sql, id:580, sql:[delete from aly_test]===
dble:[[]]
===file:transaction/D_langues.sql, id:581, sql:[insert into aly_test values(1,1,1,1),(2,2,2,2)]===
dble:[[]]
===file:transaction/D_langues.sql, id:582, sql:[begin]===
dble:[[]]
===file:transaction/D_langues.sql, id:583, sql:[truncate table aly_test]===
dble:[[]]
===file:transaction/D_langues.sql, id:584, sql:[commit]===
dble:[[]]
===file:transaction/D_langues.sql, id:585, sql:[select * from aly_test order by id]===
dble:[()]
===file:transaction/D_langues.sql, id:588, sql:[delete from aly_test]===
dble:[[]]
===file:transaction/D_langues.sql, id:589, sql:[insert into aly_test values(1,1,1,1),(2,2,2,2)]===
dble:[[]]
===file:transaction/D_langues.sql, id:590, sql:[begin]===
dble:[[]]
===file:transaction/D_langues.sql, id:591, sql:[truncate table aly_test]===
dble:[[]]
===file:transaction/D_langues.sql, id:592, sql:[rollback]===
dble:[[]]
===file:transaction/D_langues.sql, id:593, sql:[select * from aly_test order by id]===
dble:[()]
===file:transaction/D_langues.sql, id:596, sql:[delete from aly_test]===
dble:[[]]
===file:transaction/D_langues.sql, id:597, sql:[insert into aly_test values(1,1,1,1)]===
dble:[[]]
===file:transaction/D_langues.sql, id:598, sql:[begin]===
dble:[[]]
===file:transaction/D_langues.sql, id:599, sql:[truncate table aly_test]===
dble:[[]]
===file:transaction/D_langues.sql, id:600, sql:[rollback]===
dble:[[]]
===file:transaction/D_langues.sql, id:601, sql:[select * from aly_test order by id]===
dble:[()]
===file:transaction/D_langues.sql, id:604, sql:[delete from aly_test]===
dble:[[]]
===file:transaction/D_langues.sql, id:605, sql:[insert into aly_test values(1,1,1,1),(2,2,2,2),(3,3,3,3)]===
dble:[[]]
===file:transaction/D_langues.sql, id:606, sql:[begin]===
dble:[[]]
===file:transaction/D_langues.sql, id:607, sql:[truncate table aly_test]===
dble:[[]]
===file:transaction/D_langues.sql, id:608, sql:[commit]===
dble:[[]]
===file:transaction/D_langues.sql, id:609, sql:[select * from aly_test order by id]===
dble:[()]
===file:transaction/D_langues.sql, id:612, sql:[delete from aly_test]===
dble:[[]]
===file:transaction/D_langues.sql, id:613, sql:[insert into aly_test values(1,1,1,1),(2,2,2,2),(3,3,3,3)]===
dble:[[]]
===file:transaction/D_langues.sql, id:614, sql:[begin]===
dble:[[]]
===file:transaction/D_langues.sql, id:615, sql:[truncate table aly_test]===
dble:[[]]
===file:transaction/D_langues.sql, id:616, sql:[rollback]===
dble:[[]]
===file:transaction/D_langues.sql, id:617, sql:[select * from aly_test order by id]===
dble:[()]
===file:transaction/D_langues.sql, id:620, sql:[delete from aly_test]===
dble:[[]]
===file:transaction/D_langues.sql, id:621, sql:[insert into aly_test values(1,1,1,1),(2,2,2,2),(3,3,3,3),(4,4,4,4)]===
dble:[[]]
===file:transaction/D_langues.sql, id:622, sql:[begin]===
dble:[[]]
===file:transaction/D_langues.sql, id:623, sql:[truncate table aly_test]===
dble:[[]]
===file:transaction/D_langues.sql, id:624, sql:[commit]===
dble:[[]]
===file:transaction/D_langues.sql, id:625, sql:[select * from aly_test order by id]===
dble:[()]
===file:transaction/D_langues.sql, id:628, sql:[delete from aly_test]===
dble:[[]]
===file:transaction/D_langues.sql, id:629, sql:[insert into aly_test values(1,1,1,1),(2,2,2,2),(3,3,3,3),(4,4,4,4)]===
dble:[[]]
===file:transaction/D_langues.sql, id:630, sql:[begin]===
dble:[[]]
===file:transaction/D_langues.sql, id:631, sql:[truncate table aly_test]===
dble:[[]]
===file:transaction/D_langues.sql, id:632, sql:[rollback]===
dble:[[]]
===file:transaction/D_langues.sql, id:633, sql:[select * from aly_test order by id]===
dble:[()]
===file:transaction/D_langues.sql, id:636, sql:[begin]===
dble:[[]]
===file:transaction/D_langues.sql, id:637, sql:[drop table aly_test]===
dble:[[]]
===file:transaction/D_langues.sql, id:638, sql:[CREATE TABLE aly_test(`id` int(10) unsigned NOT NULL,`k` int(10) unsigned NOT NULL DEFAULT '0',`c` char(120) NOT NULL DEFAULT '',`pad` int(11) NOT NULL,PRIMARY KEY (`id`),KEY `k_1` (`k`))]===
dble:[[]]
===file:transaction/D_langues.sql, id:639, sql:[alter table aly_test add name char(5)]===
dble:[[]]
===file:transaction/D_langues.sql, id:640, sql:[insert into aly_test values(1,1,1,1,1)]===
dble:[[]]
===file:transaction/D_langues.sql, id:641, sql:[select * from aly_test order by id]===
dble:[((1L, 1L, '1', 1L, '1'),)]
===file:transaction/D_langues.sql, id:642, sql:[commit]===
dble:[[]]
===file:transaction/D_langues.sql, id:643, sql:[insert into aly_test values(2,1,1,1,1)]===
dble:[[]]
===file:transaction/D_langues.sql, id:644, sql:[select * from aly_test order by id]===
dble:[((1L, 1L, '1', 1L, '1'), (2L, 1L, '1', 1L, '1'))]
===file:transaction/D_langues.sql, id:645, sql:[drop table aly_test]===
dble:[[]]
===file:transaction/D_langues.sql, id:646, sql:[CREATE TABLE aly_test(`id` int(10) unsigned NOT NULL,`k` int(10) unsigned NOT NULL DEFAULT '0',`c` char(120) NOT NULL DEFAULT '',`pad` int(11) NOT NULL,PRIMARY KEY (`id`),KEY `k_1` (`k`))]===
dble:[[]]
===file:transaction/D_langues.sql, id:649, sql:[drop table aly_test]===
dble:[[]]
===file:transaction/D_langues.sql, id:650, sql:[begin]===
dble:[[]]
===file:transaction/D_langues.sql, id:651, sql:[CREATE TABLE aly_test(`id` int(10) unsigned NOT NULL,`k` int(10) unsigned NOT NULL DEFAULT '0',`c` char(120) NOT NULL DEFAULT '',`pad` int(11) NOT NULL,PRIMARY KEY (`id`),KEY `k_1` (`k`))]===
dble:[[]]
===file:transaction/D_langues.sql, id:652, sql:[insert into aly_test values(1,1,1,1),(2,2,2,2),(3,3,3,3),(4,4,4,4),(5,5,5,5)]===
dble:[[]]
===file:transaction/D_langues.sql, id:653, sql:[truncate table aly_test]===
dble:[[]]
===file:transaction/D_langues.sql, id:654, sql:[insert into aly_test values(1,1,1,1),(2,2,2,2),(3,3,3,3)]===
dble:[[]]
===file:transaction/D_langues.sql, id:655, sql:[update aly_test set pad='20' where id=1]===
dble:[[]]
===file:transaction/D_langues.sql, id:656, sql:[commit]===
dble:[[]]
===file:transaction/D_langues.sql, id:657, sql:[select * from aly_test order by id]===
dble:[((1L, 1L, '1', 20L), (2L, 2L, '2', 2L), (3L, 3L, '3', 3L))]
===file:transaction/D_langues.sql, id:660, sql:[drop table aly_test]===
dble:[[]]
===file:transaction/D_langues.sql, id:661, sql:[begin]===
dble:[[]]
===file:transaction/D_langues.sql, id:662, sql:[CREATE TABLE aly_test(`id` int(10) unsigned NOT NULL,`k` int(10) unsigned NOT NULL DEFAULT '0',`c` char(120) NOT NULL DEFAULT '',`pad` int(11) NOT NULL,PRIMARY KEY (`id`),KEY `k_1` (`k`))]===
dble:[[]]
===file:transaction/D_langues.sql, id:663, sql:[insert into aly_test values(1,1,1,1),(2,2,2,2),(3,3,3,3),(4,4,4,4),(5,5,5,5)]===
dble:[[]]
===file:transaction/D_langues.sql, id:664, sql:[truncate table aly_test]===
dble:[[]]
===file:transaction/D_langues.sql, id:665, sql:[insert into aly_test values(1,1,1,1),(2,2,2,2),(3,3,3,3)]===
dble:[[]]
===file:transaction/D_langues.sql, id:666, sql:[update aly_test set pad='20' where id=1]===
dble:[[]]
===file:transaction/D_langues.sql, id:667, sql:[rollback]===
dble:[[]]
===file:transaction/D_langues.sql, id:668, sql:[select * from aly_test order by id]===
dble:[((1L, 1L, '1', 20L), (2L, 2L, '2', 2L), (3L, 3L, '3', 3L))]
===file:transaction/D_langues.sql, id:671, sql:[delete from aly_test]===
dble:[[]]
===file:transaction/D_langues.sql, id:672, sql:[insert into aly_test values(1,1,1,1),(2,2,2,2),(3,3,3,3),(4,4,4,4),(5,5,5,5),(6,6,6,6)]===
dble:[[]]
===file:transaction/D_langues.sql, id:673, sql:[begin]===
dble:[[]]
===file:transaction/D_langues.sql, id:674, sql:[insert into aly_test values(7,1,'test',1) on duplicate key update k=k*2]===
dble:[[]]
===file:transaction/D_langues.sql, id:676, sql:[SET @@session.autocommit = ON]===
dble:[[]]
===file:transaction/D_langues.sql, id:677, sql:[begin]===
dble:[[]]
===file:transaction/D_langues.sql, id:678, sql:[insert into aly_test values(1,1,'test',1) on duplicate key update k=k*2]===
dble:[[]]
===file:transaction/D_langues.sql, id:680, sql:[commit]===
dble:[[]]
===file:transaction/D_langues.sql, id:682, sql:[commit]===
dble:[[]]
===file:transaction/D_langues.sql, id:684, sql:[select * from aly_test order by id]===
dble:[((1L, 2L, '1', 1L), (2L, 2L, '2', 2L), (3L, 3L, '3', 3L), (4L, 4L, '4', 4L), (5L, 5L, '5', 5L), (6L, 6L, '6', 6L), (7L, 1L, 'test', 1L))]
===file:transaction/D_langues.sql, id:687, sql:[delete from aly_test]===
dble:[[]]
===file:transaction/D_langues.sql, id:688, sql:[insert into aly_test values(1,1,1,1),(2,2,2,2),(3,3,3,3),(4,4,4,4),(5,5,5,5),(6,6,6,6)]===
dble:[[]]
===file:transaction/D_langues.sql, id:689, sql:[begin]===
dble:[[]]
===file:transaction/D_langues.sql, id:690, sql:[insert into aly_test values(7,1,'test',1) on duplicate key update k=k*2]===
dble:[[]]
===file:transaction/D_langues.sql, id:692, sql:[begin]===
dble:[[]]
===file:transaction/D_langues.sql, id:693, sql:[insert into aly_test values(1,1,'test',1) on duplicate key update k=k*2]===
dble:[[]]
===file:transaction/D_langues.sql, id:695, sql:[rollback]===
dble:[[]]
===file:transaction/D_langues.sql, id:697, sql:[commit]===
dble:[[]]
===file:transaction/D_langues.sql, id:699, sql:[select * from aly_test order by id]===
dble:[((1L, 2L, '1', 1L), (2L, 2L, '2', 2L), (3L, 3L, '3', 3L), (4L, 4L, '4', 4L), (5L, 5L, '5', 5L), (6L, 6L, '6', 6L))]
===file:transaction/D_langues.sql, id:702, sql:[delete from aly_test]===
dble:[[]]
===file:transaction/D_langues.sql, id:703, sql:[delete from aly_order]===
dble:[[]]
===file:transaction/D_langues.sql, id:704, sql:[insert into aly_test values(1,1,1,1),(2,2,2,2),(3,3,3,3),(4,4,4,4),(5,5,5,5),(6,6,6,6)]===
dble:[[]]
===file:transaction/D_langues.sql, id:705, sql:[insert into aly_order values(1,1,1,1),(2,2,2,2),(3,3,3,3),(4,4,4,4),(5,5,5,5),(6,6,6,6)]===
dble:[[]]
===file:transaction/D_langues.sql, id:706, sql:[begin]===
dble:[[]]
===file:transaction/D_langues.sql, id:707, sql:[update aly_test set pad=200 where id=1]===
dble:[[]]
===file:transaction/D_langues.sql, id:708, sql:[select a.* from aly_test a,aly_order b where a.pad=b.pad order by id]===
dble:[((2L, 2L, '2', 2L), (3L, 3L, '3', 3L), (4L, 4L, '4', 4L), (5L, 5L, '5', 5L), (6L, 6L, '6', 6L))]
===file:transaction/D_langues.sql, id:709, sql:[commit]===
dble:[[]]
===file:transaction/D_langues.sql, id:710, sql:[select * from aly_test order by id]===
dble:[((1L, 1L, '1', 200L), (2L, 2L, '2', 2L), (3L, 3L, '3', 3L), (4L, 4L, '4', 4L), (5L, 5L, '5', 5L), (6L, 6L, '6', 6L))]
===file:transaction/D_langues.sql, id:713, sql:[delete from aly_test]===
dble:[[]]
===file:transaction/D_langues.sql, id:714, sql:[delete from aly_order]===
dble:[[]]
===file:transaction/D_langues.sql, id:715, sql:[insert into aly_test values(1,1,1,1),(2,2,2,2),(3,3,3,3),(4,4,4,4),(5,5,5,5),(6,6,6,6)]===
dble:[[]]
===file:transaction/D_langues.sql, id:716, sql:[insert into aly_order values(1,1,1,1),(2,2,2,2),(3,3,3,3),(4,4,4,4),(5,5,5,5),(6,6,6,6)]===
dble:[[]]
===file:transaction/D_langues.sql, id:717, sql:[begin]===
dble:[[]]
===file:transaction/D_langues.sql, id:718, sql:[update aly_test set pad=200 where id=1]===
dble:[[]]
===file:transaction/D_langues.sql, id:719, sql:[select a.* from aly_test a,aly_order b where a.pad=b.pad order by id]===
dble:[((2L, 2L, '2', 2L), (3L, 3L, '3', 3L), (4L, 4L, '4', 4L), (5L, 5L, '5', 5L), (6L, 6L, '6', 6L))]
===file:transaction/D_langues.sql, id:720, sql:[rollback]===
dble:[[]]
===file:transaction/D_langues.sql, id:721, sql:[select * from aly_test order by id]===
dble:[((1L, 1L, '1', 1L), (2L, 2L, '2', 2L), (3L, 3L, '3', 3L), (4L, 4L, '4', 4L), (5L, 5L, '5', 5L), (6L, 6L, '6', 6L))]
===file:transaction/D_langues.sql, id:724, sql:[delete from aly_test]===
dble:[[]]
===file:transaction/D_langues.sql, id:725, sql:[delete from aly_order]===
dble:[[]]
===file:transaction/D_langues.sql, id:726, sql:[insert into aly_test values(1,1,1,1),(2,2,2,2),(3,3,3,3),(4,4,4,4),(5,5,5,5),(6,6,6,6)]===
dble:[[]]
===file:transaction/D_langues.sql, id:727, sql:[insert into aly_order values(1,1,1,1),(2,2,2,2),(3,3,3,3),(4,4,4,4),(5,5,5,5),(6,6,6,6)]===
dble:[[]]
===file:transaction/D_langues.sql, id:728, sql:[begin]===
dble:[[]]
===file:transaction/D_langues.sql, id:729, sql:[update aly_test set pad=200 where id=1]===
dble:[[]]
===file:transaction/D_langues.sql, id:730, sql:[update aly_order set pad=200 where id=4]===
dble:[[]]
===file:transaction/D_langues.sql, id:731, sql:[select * from aly_test order by id]===
dble:[((1L, 1L, '1', 200L), (2L, 2L, '2', 2L), (3L, 3L, '3', 3L), (4L, 4L, '4', 4L), (5L, 5L, '5', 5L), (6L, 6L, '6', 6L))]
===file:transaction/D_langues.sql, id:732, sql:[select * from aly_order order by id]===
dble:[((1L, 1L, '1', 1L), (2L, 2L, '2', 2L), (3L, 3L, '3', 3L), (4L, 4L, '4', 200L), (5L, 5L, '5', 5L), (6L, 6L, '6', 6L))]
===file:transaction/D_langues.sql, id:733, sql:[commit]===
dble:[[]]
===file:transaction/D_langues.sql, id:734, sql:[select * from aly_test order by id]===
dble:[((1L, 1L, '1', 200L), (2L, 2L, '2', 2L), (3L, 3L, '3', 3L), (4L, 4L, '4', 4L), (5L, 5L, '5', 5L), (6L, 6L, '6', 6L))]
===file:transaction/D_langues.sql, id:735, sql:[select * from aly_order order by id]===
dble:[((1L, 1L, '1', 1L), (2L, 2L, '2', 2L), (3L, 3L, '3', 3L), (4L, 4L, '4', 200L), (5L, 5L, '5', 5L), (6L, 6L, '6', 6L))]
===file:transaction/D_langues.sql, id:738, sql:[delete from aly_test]===
dble:[[]]
===file:transaction/D_langues.sql, id:739, sql:[delete from aly_order]===
dble:[[]]
===file:transaction/D_langues.sql, id:740, sql:[insert into aly_test values(1,1,1,1),(2,2,2,2),(3,3,3,3),(4,4,4,4),(5,5,5,5),(6,6,6,6)]===
dble:[[]]
===file:transaction/D_langues.sql, id:741, sql:[insert into aly_order values(1,1,1,1),(2,2,2,2),(3,3,3,3),(4,4,4,4),(5,5,5,5),(6,6,6,6)]===
dble:[[]]
===file:transaction/D_langues.sql, id:742, sql:[begin]===
dble:[[]]
===file:transaction/D_langues.sql, id:743, sql:[update aly_test set pad=200 where id=1]===
dble:[[]]
===file:transaction/D_langues.sql, id:744, sql:[update aly_order set pad=200 where id=4]===
dble:[[]]
===file:transaction/D_langues.sql, id:745, sql:[select * from aly_test order by id]===
dble:[((1L, 1L, '1', 200L), (2L, 2L, '2', 2L), (3L, 3L, '3', 3L), (4L, 4L, '4', 4L), (5L, 5L, '5', 5L), (6L, 6L, '6', 6L))]
===file:transaction/D_langues.sql, id:746, sql:[select * from aly_order order by id]===
dble:[((1L, 1L, '1', 1L), (2L, 2L, '2', 2L), (3L, 3L, '3', 3L), (4L, 4L, '4', 200L), (5L, 5L, '5', 5L), (6L, 6L, '6', 6L))]
===file:transaction/D_langues.sql, id:747, sql:[rollback]===
dble:[[]]
===file:transaction/D_langues.sql, id:748, sql:[select * from aly_test order by id]===
dble:[((1L, 1L, '1', 1L), (2L, 2L, '2', 2L), (3L, 3L, '3', 3L), (4L, 4L, '4', 4L), (5L, 5L, '5', 5L), (6L, 6L, '6', 6L))]
===file:transaction/D_langues.sql, id:749, sql:[select * from aly_order order by id]===
dble:[((1L, 1L, '1', 1L), (2L, 2L, '2', 2L), (3L, 3L, '3', 3L), (4L, 4L, '4', 4L), (5L, 5L, '5', 5L), (6L, 6L, '6', 6L))]
===file:transaction/D_langues.sql, id:752, sql:[delete from aly_test]===
dble:[[]]
===file:transaction/D_langues.sql, id:753, sql:[insert into aly_test values(1,1,1,1),(2,2,2,2),(3,3,3,3),(4,4,4,4),(5,5,5,5),(6,6,6,6)]===
dble:[[]]
===file:transaction/D_langues.sql, id:754, sql:[use testdb]===
dble:[[]]
===file:transaction/D_langues.sql, id:755, sql:[delete from tb_test]===
dble:[[]]
===file:transaction/D_langues.sql, id:756, sql:[insert into tb_test values(1,1,1,1),(2,2,2,2),(3,3,3,3),(4,4,4,4),(5,5,5,5),(6,6,6,6)]===
dble:[[]]
===file:transaction/D_langues.sql, id:757, sql:[begin]===
dble:[[]]
===file:transaction/D_langues.sql, id:758, sql:[select a.*,b.* from tb_test a,schema1.aly_test b where a.pad=b.pad]===
dble:[[(1L, 1L, '1', 1L, 1L, 1L, '1', 1L), (2L, 2L, '2', 2L, 2L, 2L, '2', 2L), (3L, 3L, '3', 3L, 3L, 3L, '3', 3L), (4L, 4L, '4', 4L, 4L, 4L, '4', 4L), (5L, 5L, '5', 5L, 5L, 5L, '5', 5L), (6L, 6L, '6', 6L, 6L, 6L, '6', 6L)]]
===file:transaction/D_langues.sql, id:759, sql:[update tb_test set c='test']===
dble:[[]]
===file:transaction/D_langues.sql, id:760, sql:[select * from tb_test order by id]===
dble:[((1L, 1L, 'test', 1L), (2L, 2L, 'test', 2L), (3L, 3L, 'test', 3L), (4L, 4L, 'test', 4L), (5L, 5L, 'test', 5L), (6L, 6L, 'test', 6L))]
===file:transaction/D_langues.sql, id:761, sql:[select * from schema1.aly_test order by id]===
dble:[((1L, 1L, '1', 1L), (2L, 2L, '2', 2L), (3L, 3L, '3', 3L), (4L, 4L, '4', 4L), (5L, 5L, '5', 5L), (6L, 6L, '6', 6L))]
===file:transaction/D_langues.sql, id:762, sql:[commit]===
dble:[[]]
===file:transaction/D_langues.sql, id:763, sql:[select * from tb_test order by id]===
dble:[((1L, 1L, 'test', 1L), (2L, 2L, 'test', 2L), (3L, 3L, 'test', 3L), (4L, 4L, 'test', 4L), (5L, 5L, 'test', 5L), (6L, 6L, 'test', 6L))]
===file:transaction/D_langues.sql, id:764, sql:[select * from schema1.aly_test order by id]===
dble:[((1L, 1L, '1', 1L), (2L, 2L, '2', 2L), (3L, 3L, '3', 3L), (4L, 4L, '4', 4L), (5L, 5L, '5', 5L), (6L, 6L, '6', 6L))]
===file:transaction/D_langues.sql, id:765, sql:[use auto]===
dble:[[]]
===file:transaction/D_langues.sql, id:768, sql:[delete from aly_test]===
dble:[[]]
===file:transaction/D_langues.sql, id:769, sql:[insert into aly_test values(1,1,1,1),(2,2,2,2),(3,3,3,3),(4,4,4,4),(5,5,5,5),(6,6,6,6)]===
dble:[[]]
===file:transaction/D_langues.sql, id:770, sql:[use testdb]===
dble:[[]]
===file:transaction/D_langues.sql, id:771, sql:[delete from tb_test]===
dble:[[]]
===file:transaction/D_langues.sql, id:772, sql:[insert into tb_test values(1,1,1,1),(2,2,2,2),(3,3,3,3),(4,4,4,4),(5,5,5,5),(6,6,6,6)]===
dble:[[]]
===file:transaction/D_langues.sql, id:773, sql:[begin]===
dble:[[]]
===file:transaction/D_langues.sql, id:774, sql:[select a.*,b.* from tb_test a,schema1.aly_test b where a.pad=b.pad]===
dble:[[(1L, 1L, '1', 1L, 1L, 1L, '1', 1L), (2L, 2L, '2', 2L, 2L, 2L, '2', 2L), (3L, 3L, '3', 3L, 3L, 3L, '3', 3L), (4L, 4L, '4', 4L, 4L, 4L, '4', 4L), (5L, 5L, '5', 5L, 5L, 5L, '5', 5L), (6L, 6L, '6', 6L, 6L, 6L, '6', 6L)]]
===file:transaction/D_langues.sql, id:775, sql:[update tb_test set c='test']===
dble:[[]]
===file:transaction/D_langues.sql, id:776, sql:[select * from tb_test order by id]===
dble:[((1L, 1L, 'test', 1L), (2L, 2L, 'test', 2L), (3L, 3L, 'test', 3L), (4L, 4L, 'test', 4L), (5L, 5L, 'test', 5L), (6L, 6L, 'test', 6L))]
===file:transaction/D_langues.sql, id:777, sql:[select * from schema1.aly_test order by id]===
dble:[((1L, 1L, '1', 1L), (2L, 2L, '2', 2L), (3L, 3L, '3', 3L), (4L, 4L, '4', 4L), (5L, 5L, '5', 5L), (6L, 6L, '6', 6L))]
===file:transaction/D_langues.sql, id:778, sql:[rollback]===
dble:[[]]
===file:transaction/D_langues.sql, id:779, sql:[select * from tb_test order by id]===
dble:[((1L, 1L, '1', 1L), (2L, 2L, '2', 2L), (3L, 3L, '3', 3L), (4L, 4L, '4', 4L), (5L, 5L, '5', 5L), (6L, 6L, '6', 6L))]
===file:transaction/D_langues.sql, id:780, sql:[select * from schema1.aly_test order by id]===
dble:[((1L, 1L, '1', 1L), (2L, 2L, '2', 2L), (3L, 3L, '3', 3L), (4L, 4L, '4', 4L), (5L, 5L, '5', 5L), (6L, 6L, '6', 6L))]
===file:transaction/D_langues.sql, id:781, sql:[use schema1]===
dble:[[]]
===file:transaction/D_langues.sql, id:784, sql:[delete from aly_test]===
dble:[[]]
===file:transaction/D_langues.sql, id:785, sql:[insert into aly_test values(1,1,1,1),(2,2,2,2),(3,3,3,3),(4,4,4,4),(5,5,5,5),(6,6,6,6)]===
dble:[[]]
===file:transaction/D_langues.sql, id:786, sql:[use testdb]===
dble:[[]]
===file:transaction/D_langues.sql, id:787, sql:[delete from tb_test]===
dble:[[]]
===file:transaction/D_langues.sql, id:788, sql:[insert into tb_test values(1,1,1,1),(2,2,2,2),(3,3,3,3),(4,4,4,4),(5,5,5,5),(6,6,6,6)]===
dble:[[]]
===file:transaction/D_langues.sql, id:789, sql:[begin]===
dble:[[]]
===file:transaction/D_langues.sql, id:790, sql:[update schema1.aly_test set pad=200]===
dble:[[]]
===file:transaction/D_langues.sql, id:791, sql:[update tb_test set c='test']===
dble:[[]]
===file:transaction/D_langues.sql, id:792, sql:[select * from tb_test order by id]===
dble:[((1L, 1L, 'test', 1L), (2L, 2L, 'test', 2L), (3L, 3L, 'test', 3L), (4L, 4L, 'test', 4L), (5L, 5L, 'test', 5L), (6L, 6L, 'test', 6L))]
===file:transaction/D_langues.sql, id:793, sql:[select * from schema1.aly_test order by id]===
dble:[((1L, 1L, '1', 200L), (2L, 2L, '2', 200L), (3L, 3L, '3', 200L), (4L, 4L, '4', 200L), (5L, 5L, '5', 200L), (6L, 6L, '6', 200L))]
===file:transaction/D_langues.sql, id:794, sql:[commit]===
dble:[[]]
===file:transaction/D_langues.sql, id:795, sql:[select * from tb_test order by id]===
dble:[((1L, 1L, 'test', 1L), (2L, 2L, 'test', 2L), (3L, 3L, 'test', 3L), (4L, 4L, 'test', 4L), (5L, 5L, 'test', 5L), (6L, 6L, 'test', 6L))]
===file:transaction/D_langues.sql, id:796, sql:[select * from schema1.aly_test order by id]===
dble:[((1L, 1L, '1', 200L), (2L, 2L, '2', 200L), (3L, 3L, '3', 200L), (4L, 4L, '4', 200L), (5L, 5L, '5', 200L), (6L, 6L, '6', 200L))]
===file:transaction/D_langues.sql, id:797, sql:[use schema1]===
dble:[[]]
===file:transaction/D_langues.sql, id:800, sql:[delete from aly_test]===
dble:[[]]
===file:transaction/D_langues.sql, id:801, sql:[insert into aly_test values(1,1,1,1),(2,2,2,2),(3,3,3,3),(4,4,4,4),(5,5,5,5),(6,6,6,6)]===
dble:[[]]
===file:transaction/D_langues.sql, id:802, sql:[use testdb]===
dble:[[]]
===file:transaction/D_langues.sql, id:803, sql:[delete from tb_test]===
dble:[[]]
===file:transaction/D_langues.sql, id:804, sql:[insert into tb_test values(1,1,1,1),(2,2,2,2),(3,3,3,3),(4,4,4,4),(5,5,5,5),(6,6,6,6)]===
dble:[[]]
===file:transaction/D_langues.sql, id:805, sql:[begin]===
dble:[[]]
===file:transaction/D_langues.sql, id:806, sql:[update schema1.aly_test set pad=200]===
dble:[[]]
===file:transaction/D_langues.sql, id:807, sql:[update tb_test set c='test']===
dble:[[]]
===file:transaction/D_langues.sql, id:808, sql:[select * from tb_test order by id]===
dble:[((1L, 1L, 'test', 1L), (2L, 2L, 'test', 2L), (3L, 3L, 'test', 3L), (4L, 4L, 'test', 4L), (5L, 5L, 'test', 5L), (6L, 6L, 'test', 6L))]
===file:transaction/D_langues.sql, id:809, sql:[select * from schema1.aly_test order by id]===
dble:[((1L, 1L, '1', 200L), (2L, 2L, '2', 200L), (3L, 3L, '3', 200L), (4L, 4L, '4', 200L), (5L, 5L, '5', 200L), (6L, 6L, '6', 200L))]
===file:transaction/D_langues.sql, id:810, sql:[rollback]===
dble:[[]]
===file:transaction/D_langues.sql, id:811, sql:[select * from tb_test order by id]===
dble:[((1L, 1L, '1', 1L), (2L, 2L, '2', 2L), (3L, 3L, '3', 3L), (4L, 4L, '4', 4L), (5L, 5L, '5', 5L), (6L, 6L, '6', 6L))]
===file:transaction/D_langues.sql, id:812, sql:[select * from schema1.aly_test order by id]===
dble:[((1L, 1L, '1', 1L), (2L, 2L, '2', 2L), (3L, 3L, '3', 3L), (4L, 4L, '4', 4L), (5L, 5L, '5', 5L), (6L, 6L, '6', 6L))]
===file:transaction/D_langues.sql, id:813, sql:[use schema1]===
dble:[[]]
===file:transaction/D_langues.sql, id:816, sql:[begin]===
dble:[[]]
===file:transaction/D_langues.sql, id:817, sql:[drop table aly_test]===
dble:[[]]
===file:transaction/D_langues.sql, id:818, sql:[commit]===
dble:[[]]
===file:transaction/D_langues.sql, id:820, sql:[CREATE TABLE aly_test(`id` int(10) unsigned NOT NULL,`k` int(10) unsigned NOT NULL DEFAULT '0',`c` char(120) NOT NULL DEFAULT '',`pad` int(11) NOT NULL,PRIMARY KEY (`id`),KEY `k_1` (`k`))]===
dble:[[]]
===file:transaction/D_langues.sql, id:821, sql:[select * from aly_test order by id]===
dble:[()]
===file:transaction/D_langues.sql, id:824, sql:[begin]===
dble:[[]]
===file:transaction/D_langues.sql, id:825, sql:[drop table aly_test]===
dble:[[]]
===file:transaction/D_langues.sql, id:826, sql:[rollback]===
dble:[[]]
===file:transaction/D_langues.sql, id:828, sql:[CREATE TABLE aly_test(`id` int(10) unsigned NOT NULL,`k` int(10) unsigned NOT NULL DEFAULT '0',`c` char(120) NOT NULL DEFAULT '',`pad` int(11) NOT NULL,PRIMARY KEY (`id`),KEY `k_1` (`k`))]===
dble:[[]]
===file:transaction/D_langues.sql, id:829, sql:[select * from aly_test order by id]===
dble:[()]
===file:transaction/D_langues.sql, id:830, sql:[drop table if exists aly_test]===
dble:[[]]
===file:transaction/D_langues.sql, id:831, sql:[drop table if exists aly_order]===
dble:[[]]
