===file:transaction/lock.sql, id:1, sql:[drop table if exists aly_test;]===
dble:[[]]
===file:transaction/lock.sql, id:2, sql:[CREATE TABLE aly_test(`id` int(10) unsigned NOT NULL,`k` int(10) unsigned NOT NULL DEFAULT '0',`c` char(120) NOT NULL DEFAULT '',`pad` int(11) NOT NULL,PRIMARY KEY (`id`),UNIQUE KEY (`k`));]===
dble:[[]]
===file:transaction/lock.sql, id:3, sql:[drop table if exists aly_order;]===
dble:[[]]
===file:transaction/lock.sql, id:4, sql:[CREATE TABLE aly_order(`id` int(10) unsigned NOT NULL,`k` int(10) unsigned NOT NULL DEFAULT '0',`c` char(120) NOT NULL DEFAULT '',`pad` int(11) NOT NULL,PRIMARY KEY (`id`),UNIQUE KEY (`k`));]===
dble:[[]]
===file:transaction/lock.sql, id:7, sql:[set @@session.innodb_lock_wait_timeout=10000;]===
dble:[[]]
===file:transaction/lock.sql, id:8, sql:[SET @@session.autocommit = ON;]===
dble:[[]]
===file:transaction/lock.sql, id:9, sql:[delete from aly_test;]===
dble:[[]]
===file:transaction/lock.sql, id:10, sql:[insert into aly_test values(1,1,1,1),(2,2,2,2),(3,3,3,3),(4,4,4,4),(5,5,5,5),(6,6,6,6);]===
dble:[[]]
===file:transaction/lock.sql, id:11, sql:[begin;]===
dble:[[]]
===file:transaction/lock.sql, id:12, sql:[select * from aly_test order by id lock in share mode;]===
dble:[((1L, 1L, '1', 1L), (2L, 2L, '2', 2L), (3L, 3L, '3', 3L), (4L, 4L, '4', 4L), (5L, 5L, '5', 5L), (6L, 6L, '6', 6L))]
===file:transaction/lock.sql, id:14, sql:[set @@session.innodb_lock_wait_timeout=10000;]===
dble:[[]]
===file:transaction/lock.sql, id:15, sql:[SET @@session.autocommit = ON;]===
dble:[[]]
===file:transaction/lock.sql, id:16, sql:[begin;]===
dble:[[]]
===file:transaction/lock.sql, id:17, sql:[select * from aly_test order by id lock in share mode;]===
dble:[((1L, 1L, '1', 1L), (2L, 2L, '2', 2L), (3L, 3L, '3', 3L), (4L, 4L, '4', 4L), (5L, 5L, '5', 5L), (6L, 6L, '6', 6L))]
===file:transaction/lock.sql, id:19, sql:[commit;]===
dble:[[]]
===file:transaction/lock.sql, id:21, sql:[select * from aly_test order by id;]===
dble:[((1L, 1L, '1', 1L), (2L, 2L, '2', 2L), (3L, 3L, '3', 3L), (4L, 4L, '4', 4L), (5L, 5L, '5', 5L), (6L, 6L, '6', 6L))]
===file:transaction/lock.sql, id:22, sql:[commit;]===
dble:[[]]
===file:transaction/lock.sql, id:23, sql:[select * from aly_test order by id;]===
dble:[((1L, 1L, '1', 1L), (2L, 2L, '2', 2L), (3L, 3L, '3', 3L), (4L, 4L, '4', 4L), (5L, 5L, '5', 5L), (6L, 6L, '6', 6L))]
===file:transaction/lock.sql, id:26, sql:[delete from aly_test;]===
dble:[[]]
===file:transaction/lock.sql, id:27, sql:[insert into aly_test values(1,1,1,1),(2,2,2,2),(3,3,3,3),(4,4,4,4),(5,5,5,5),(6,6,6,6);]===
dble:[[]]
===file:transaction/lock.sql, id:28, sql:[begin;]===
dble:[[]]
===file:transaction/lock.sql, id:29, sql:[select * from aly_test order by id lock in share mode;]===
dble:[((1L, 1L, '1', 1L), (2L, 2L, '2', 2L), (3L, 3L, '3', 3L), (4L, 4L, '4', 4L), (5L, 5L, '5', 5L), (6L, 6L, '6', 6L))]
===file:transaction/lock.sql, id:31, sql:[begin;]===
dble:[[]]
===file:transaction/lock.sql, id:32, sql:[select * from aly_test order by id lock in share mode;]===
dble:[((1L, 1L, '1', 1L), (2L, 2L, '2', 2L), (3L, 3L, '3', 3L), (4L, 4L, '4', 4L), (5L, 5L, '5', 5L), (6L, 6L, '6', 6L))]
===file:transaction/lock.sql, id:34, sql:[rollback ;]===
dble:[[]]
===file:transaction/lock.sql, id:36, sql:[select * from aly_test order by id;]===
dble:[((1L, 1L, '1', 1L), (2L, 2L, '2', 2L), (3L, 3L, '3', 3L), (4L, 4L, '4', 4L), (5L, 5L, '5', 5L), (6L, 6L, '6', 6L))]
===file:transaction/lock.sql, id:37, sql:[commit;]===
dble:[[]]
===file:transaction/lock.sql, id:38, sql:[select * from aly_test order by id;]===
dble:[((1L, 1L, '1', 1L), (2L, 2L, '2', 2L), (3L, 3L, '3', 3L), (4L, 4L, '4', 4L), (5L, 5L, '5', 5L), (6L, 6L, '6', 6L))]
===file:transaction/lock.sql, id:41, sql:[delete from aly_test;]===
dble:[[]]
===file:transaction/lock.sql, id:42, sql:[insert into aly_test values(1,1,1,1),(2,2,2,2),(3,3,3,3),(4,4,4,4),(5,5,5,5),(6,6,6,6);]===
dble:[[]]
===file:transaction/lock.sql, id:43, sql:[begin;]===
dble:[[]]
===file:transaction/lock.sql, id:44, sql:[select * from aly_test order by id lock in share mode;]===
dble:[((1L, 1L, '1', 1L), (2L, 2L, '2', 2L), (3L, 3L, '3', 3L), (4L, 4L, '4', 4L), (5L, 5L, '5', 5L), (6L, 6L, '6', 6L))]
===file:transaction/lock.sql, id:46, sql:[begin;]===
dble:[[]]
===file:transaction/lock.sql, id:47, sql:[update aly_test set pad=22 where id=1 /*hang*/ ;]===
dble:[[]]
===file:transaction/lock.sql, id:49, sql:[commit;]===
dble:[[]]
===file:transaction/lock.sql, id:51, sql:[update aly_test set pad=22 where id=2;]===
dble:[[]]
===file:transaction/lock.sql, id:52, sql:[select * from aly_test order by id;]===
dble:[((1L, 1L, '1', 22L), (2L, 2L, '2', 22L), (3L, 3L, '3', 3L), (4L, 4L, '4', 4L), (5L, 5L, '5', 5L), (6L, 6L, '6', 6L))]
===file:transaction/lock.sql, id:53, sql:[commit;]===
dble:[[]]
===file:transaction/lock.sql, id:54, sql:[select * from aly_test order by id;]===
dble:[((1L, 1L, '1', 22L), (2L, 2L, '2', 22L), (3L, 3L, '3', 3L), (4L, 4L, '4', 4L), (5L, 5L, '5', 5L), (6L, 6L, '6', 6L))]
===file:transaction/lock.sql, id:57, sql:[delete from aly_test;]===
dble:[[]]
===file:transaction/lock.sql, id:58, sql:[insert into aly_test values(1,1,1,1),(2,2,2,2),(3,3,3,3),(4,4,4,4),(5,5,5,5),(6,6,6,6);]===
dble:[[]]
===file:transaction/lock.sql, id:59, sql:[begin;]===
dble:[[]]
===file:transaction/lock.sql, id:60, sql:[select * from aly_test order by id lock in share mode;]===
dble:[((1L, 1L, '1', 1L), (2L, 2L, '2', 2L), (3L, 3L, '3', 3L), (4L, 4L, '4', 4L), (5L, 5L, '5', 5L), (6L, 6L, '6', 6L))]
===file:transaction/lock.sql, id:62, sql:[begin;]===
dble:[[]]
===file:transaction/lock.sql, id:63, sql:[update aly_test set pad=22 where id=1;]===
dble:[[]]
===file:transaction/lock.sql, id:65, sql:[rollback;]===
dble:[[]]
===file:transaction/lock.sql, id:67, sql:[update aly_test set pad=22 where id=2;]===
dble:[[]]
===file:transaction/lock.sql, id:68, sql:[select * from aly_test order by id;]===
dble:[((1L, 1L, '1', 22L), (2L, 2L, '2', 22L), (3L, 3L, '3', 3L), (4L, 4L, '4', 4L), (5L, 5L, '5', 5L), (6L, 6L, '6', 6L))]
===file:transaction/lock.sql, id:69, sql:[commit;]===
dble:[[]]
===file:transaction/lock.sql, id:70, sql:[select * from aly_test order by id;]===
dble:[((1L, 1L, '1', 22L), (2L, 2L, '2', 22L), (3L, 3L, '3', 3L), (4L, 4L, '4', 4L), (5L, 5L, '5', 5L), (6L, 6L, '6', 6L))]
===file:transaction/lock.sql, id:73, sql:[delete from aly_test;]===
dble:[[]]
===file:transaction/lock.sql, id:74, sql:[delete from aly_order;]===
dble:[[]]
===file:transaction/lock.sql, id:75, sql:[insert into aly_test values(1,1,1,1),(2,2,2,2),(3,3,3,3),(4,4,4,4),(5,5,5,5),(6,6,6,6);]===
dble:[[]]
===file:transaction/lock.sql, id:76, sql:[insert into aly_order values(1,1,1,1),(2,2,2,2),(3,3,3,3),(4,4,4,4),(5,5,5,5),(6,6,6,6);]===
dble:[[]]
===file:transaction/lock.sql, id:77, sql:[begin;]===
dble:[[]]
===file:transaction/lock.sql, id:78, sql:[select * from aly_test a,(select * from aly_order lock in share mode)b where a.pad=b.pad order by a.id;]===
dble:[((1L, 1L, '1', 1L, 1L, 1L, '1', 1L), (2L, 2L, '2', 2L, 2L, 2L, '2', 2L), (3L, 3L, '3', 3L, 3L, 3L, '3', 3L), (4L, 4L, '4', 4L, 4L, 4L, '4', 4L), (5L, 5L, '5', 5L, 5L, 5L, '5', 5L), (6L, 6L, '6', 6L, 6L, 6L, '6', 6L))]
===file:transaction/lock.sql, id:80, sql:[begin;]===
dble:[[]]
===file:transaction/lock.sql, id:81, sql:[update aly_test set pad=22 where id=1;]===
dble:[[]]
===file:transaction/lock.sql, id:82, sql:[update aly_order set pad=22 where id=1/*hang*/;]===
dble:[[]]
===file:transaction/lock.sql, id:84, sql:[commit;]===
dble:[[]]
===file:transaction/lock.sql, id:86, sql:[update aly_test set pad=22 where id=2;]===
dble:[[]]
===file:transaction/lock.sql, id:87, sql:[select * from aly_test order by id;]===
dble:[((1L, 1L, '1', 22L), (2L, 2L, '2', 22L), (3L, 3L, '3', 3L), (4L, 4L, '4', 4L), (5L, 5L, '5', 5L), (6L, 6L, '6', 6L))]
===file:transaction/lock.sql, id:88, sql:[commit;]===
dble:[[]]
===file:transaction/lock.sql, id:89, sql:[select * from aly_test order by id;]===
dble:[((1L, 1L, '1', 22L), (2L, 2L, '2', 22L), (3L, 3L, '3', 3L), (4L, 4L, '4', 4L), (5L, 5L, '5', 5L), (6L, 6L, '6', 6L))]
===file:transaction/lock.sql, id:92, sql:[delete from aly_test;]===
dble:[[]]
===file:transaction/lock.sql, id:93, sql:[delete from aly_order;]===
dble:[[]]
===file:transaction/lock.sql, id:94, sql:[insert into aly_test values(1,1,1,1),(2,2,2,2),(3,3,3,3),(4,4,4,4),(5,5,5,5),(6,6,6,6);]===
dble:[[]]
===file:transaction/lock.sql, id:95, sql:[insert into aly_order values(1,1,1,1),(2,2,2,2),(3,3,3,3),(4,4,4,4),(5,5,5,5),(6,6,6,6);]===
dble:[[]]
===file:transaction/lock.sql, id:96, sql:[begin;]===
dble:[[]]
===file:transaction/lock.sql, id:97, sql:[select * from aly_test a,(select * from aly_order lock in share mode)b where a.pad=b.pad order by a.id;]===
dble:[((1L, 1L, '1', 1L, 1L, 1L, '1', 1L), (2L, 2L, '2', 2L, 2L, 2L, '2', 2L), (3L, 3L, '3', 3L, 3L, 3L, '3', 3L), (4L, 4L, '4', 4L, 4L, 4L, '4', 4L), (5L, 5L, '5', 5L, 5L, 5L, '5', 5L), (6L, 6L, '6', 6L, 6L, 6L, '6', 6L))]
===file:transaction/lock.sql, id:99, sql:[begin;]===
dble:[[]]
===file:transaction/lock.sql, id:100, sql:[update aly_test set pad=22 where id=1;]===
dble:[[]]
===file:transaction/lock.sql, id:101, sql:[update aly_order set pad=22 where id=1/*hang*/;]===
dble:[[]]
===file:transaction/lock.sql, id:103, sql:[rollback;]===
dble:[[]]
===file:transaction/lock.sql, id:105, sql:[update aly_test set pad=22 where id=2;]===
dble:[[]]
===file:transaction/lock.sql, id:106, sql:[select * from aly_test order by id;]===
dble:[((1L, 1L, '1', 22L), (2L, 2L, '2', 22L), (3L, 3L, '3', 3L), (4L, 4L, '4', 4L), (5L, 5L, '5', 5L), (6L, 6L, '6', 6L))]
===file:transaction/lock.sql, id:107, sql:[commit;]===
dble:[[]]
===file:transaction/lock.sql, id:108, sql:[select * from aly_test order by id;]===
dble:[((1L, 1L, '1', 22L), (2L, 2L, '2', 22L), (3L, 3L, '3', 3L), (4L, 4L, '4', 4L), (5L, 5L, '5', 5L), (6L, 6L, '6', 6L))]
===file:transaction/lock.sql, id:111, sql:[delete from aly_test;]===
dble:[[]]
===file:transaction/lock.sql, id:112, sql:[insert into aly_test values(1,1,1,1),(2,2,2,2),(3,3,3,3),(4,4,4,4),(5,5,5,5),(6,6,6,6);]===
dble:[[]]
===file:transaction/lock.sql, id:113, sql:[begin;]===
dble:[[]]
===file:transaction/lock.sql, id:114, sql:[select * from aly_test order by id for update;]===
dble:[((1L, 1L, '1', 1L), (2L, 2L, '2', 2L), (3L, 3L, '3', 3L), (4L, 4L, '4', 4L), (5L, 5L, '5', 5L), (6L, 6L, '6', 6L))]
===file:transaction/lock.sql, id:116, sql:[begin;]===
dble:[[]]
===file:transaction/lock.sql, id:117, sql:[select * from aly_test for update/*hang*/;]===
dble:[[(1L, 1L, '1', 1L), (2L, 2L, '2', 2L), (3L, 3L, '3', 3L), (4L, 4L, '4', 4L), (5L, 5L, '5', 5L), (6L, 6L, '6', 6L)]]
===file:transaction/lock.sql, id:119, sql:[commit;]===
dble:[[]]
===file:transaction/lock.sql, id:121, sql:[select * from aly_test order by id;]===
dble:[((1L, 1L, '1', 1L), (2L, 2L, '2', 2L), (3L, 3L, '3', 3L), (4L, 4L, '4', 4L), (5L, 5L, '5', 5L), (6L, 6L, '6', 6L))]
===file:transaction/lock.sql, id:122, sql:[commit;]===
dble:[[]]
===file:transaction/lock.sql, id:123, sql:[select * from aly_test order by id;]===
dble:[((1L, 1L, '1', 1L), (2L, 2L, '2', 2L), (3L, 3L, '3', 3L), (4L, 4L, '4', 4L), (5L, 5L, '5', 5L), (6L, 6L, '6', 6L))]
===file:transaction/lock.sql, id:126, sql:[delete from aly_test;]===
dble:[[]]
===file:transaction/lock.sql, id:127, sql:[insert into aly_test values(1,1,1,1),(2,2,2,2),(3,3,3,3),(4,4,4,4),(5,5,5,5),(6,6,6,6);]===
dble:[[]]
===file:transaction/lock.sql, id:128, sql:[begin;]===
dble:[[]]
===file:transaction/lock.sql, id:129, sql:[select * from aly_test order by id for update;]===
dble:[((1L, 1L, '1', 1L), (2L, 2L, '2', 2L), (3L, 3L, '3', 3L), (4L, 4L, '4', 4L), (5L, 5L, '5', 5L), (6L, 6L, '6', 6L))]
===file:transaction/lock.sql, id:131, sql:[begin;]===
dble:[[]]
===file:transaction/lock.sql, id:132, sql:[select * from aly_test for update/*hang*/;]===
dble:[[(1L, 1L, '1', 1L), (2L, 2L, '2', 2L), (3L, 3L, '3', 3L), (4L, 4L, '4', 4L), (5L, 5L, '5', 5L), (6L, 6L, '6', 6L)]]
===file:transaction/lock.sql, id:134, sql:[rollback ;]===
dble:[[]]
===file:transaction/lock.sql, id:136, sql:[select * from aly_test order by id;]===
dble:[((1L, 1L, '1', 1L), (2L, 2L, '2', 2L), (3L, 3L, '3', 3L), (4L, 4L, '4', 4L), (5L, 5L, '5', 5L), (6L, 6L, '6', 6L))]
===file:transaction/lock.sql, id:137, sql:[commit;]===
dble:[[]]
===file:transaction/lock.sql, id:138, sql:[select * from aly_test order by id;]===
dble:[((1L, 1L, '1', 1L), (2L, 2L, '2', 2L), (3L, 3L, '3', 3L), (4L, 4L, '4', 4L), (5L, 5L, '5', 5L), (6L, 6L, '6', 6L))]
===file:transaction/lock.sql, id:141, sql:[delete from aly_test;]===
dble:[[]]
===file:transaction/lock.sql, id:142, sql:[insert into aly_test values(1,1,1,1),(2,2,2,2),(3,3,3,3),(4,4,4,4),(5,5,5,5),(6,6,6,6);]===
dble:[[]]
===file:transaction/lock.sql, id:143, sql:[begin;]===
dble:[[]]
===file:transaction/lock.sql, id:144, sql:[select * from aly_test order by id for update;]===
dble:[((1L, 1L, '1', 1L), (2L, 2L, '2', 2L), (3L, 3L, '3', 3L), (4L, 4L, '4', 4L), (5L, 5L, '5', 5L), (6L, 6L, '6', 6L))]
===file:transaction/lock.sql, id:146, sql:[begin;]===
dble:[[]]
===file:transaction/lock.sql, id:147, sql:[update aly_test set pad=22 where id=1/*hang*/;]===
dble:[[]]
===file:transaction/lock.sql, id:149, sql:[commit;]===
dble:[[]]
===file:transaction/lock.sql, id:151, sql:[update aly_test set pad=22 where id=2;]===
dble:[[]]
===file:transaction/lock.sql, id:152, sql:[select * from aly_test order by id;]===
dble:[((1L, 1L, '1', 22L), (2L, 2L, '2', 22L), (3L, 3L, '3', 3L), (4L, 4L, '4', 4L), (5L, 5L, '5', 5L), (6L, 6L, '6', 6L))]
===file:transaction/lock.sql, id:153, sql:[commit;]===
dble:[[]]
===file:transaction/lock.sql, id:154, sql:[select * from aly_test order by id;]===
dble:[((1L, 1L, '1', 22L), (2L, 2L, '2', 22L), (3L, 3L, '3', 3L), (4L, 4L, '4', 4L), (5L, 5L, '5', 5L), (6L, 6L, '6', 6L))]
===file:transaction/lock.sql, id:157, sql:[delete from aly_test;]===
dble:[[]]
===file:transaction/lock.sql, id:158, sql:[insert into aly_test values(1,1,1,1),(2,2,2,2),(3,3,3,3),(4,4,4,4),(5,5,5,5),(6,6,6,6);]===
dble:[[]]
===file:transaction/lock.sql, id:159, sql:[begin;]===
dble:[[]]
===file:transaction/lock.sql, id:160, sql:[select * from aly_test order by id for update;]===
dble:[((1L, 1L, '1', 1L), (2L, 2L, '2', 2L), (3L, 3L, '3', 3L), (4L, 4L, '4', 4L), (5L, 5L, '5', 5L), (6L, 6L, '6', 6L))]
===file:transaction/lock.sql, id:162, sql:[begin;]===
dble:[[]]
===file:transaction/lock.sql, id:163, sql:[update aly_test set pad=22 where id=1/*hang*/;]===
dble:[[]]
===file:transaction/lock.sql, id:165, sql:[rollback;]===
dble:[[]]
===file:transaction/lock.sql, id:167, sql:[update aly_test set pad=22 where id=2;]===
dble:[[]]
===file:transaction/lock.sql, id:168, sql:[select * from aly_test order by id;]===
dble:[((1L, 1L, '1', 22L), (2L, 2L, '2', 22L), (3L, 3L, '3', 3L), (4L, 4L, '4', 4L), (5L, 5L, '5', 5L), (6L, 6L, '6', 6L))]
===file:transaction/lock.sql, id:169, sql:[commit;]===
dble:[[]]
===file:transaction/lock.sql, id:170, sql:[select * from aly_test order by id;]===
dble:[((1L, 1L, '1', 22L), (2L, 2L, '2', 22L), (3L, 3L, '3', 3L), (4L, 4L, '4', 4L), (5L, 5L, '5', 5L), (6L, 6L, '6', 6L))]
===file:transaction/lock.sql, id:173, sql:[delete from aly_test;]===
dble:[[]]
===file:transaction/lock.sql, id:174, sql:[delete from aly_order;]===
dble:[[]]
===file:transaction/lock.sql, id:175, sql:[insert into aly_test values(1,1,1,1),(2,2,2,2),(3,3,3,3),(4,4,4,4),(5,5,5,5),(6,6,6,6);]===
dble:[[]]
===file:transaction/lock.sql, id:176, sql:[insert into aly_order values(1,1,1,1),(2,2,2,2),(3,3,3,3),(4,4,4,4),(5,5,5,5),(6,6,6,6);]===
dble:[[]]
===file:transaction/lock.sql, id:177, sql:[begin;]===
dble:[[]]
===file:transaction/lock.sql, id:178, sql:[select * from aly_test a,(select * from aly_order for update)b where a.pad=b.pad order by a.id;]===
dble:[((1L, 1L, '1', 1L, 1L, 1L, '1', 1L), (2L, 2L, '2', 2L, 2L, 2L, '2', 2L), (3L, 3L, '3', 3L, 3L, 3L, '3', 3L), (4L, 4L, '4', 4L, 4L, 4L, '4', 4L), (5L, 5L, '5', 5L, 5L, 5L, '5', 5L), (6L, 6L, '6', 6L, 6L, 6L, '6', 6L))]
===file:transaction/lock.sql, id:180, sql:[begin;]===
dble:[[]]
===file:transaction/lock.sql, id:181, sql:[update aly_test set pad=22 where id=1;]===
dble:[[]]
===file:transaction/lock.sql, id:182, sql:[update aly_order set pad=22 where id=1/*hang*/;]===
dble:[[]]
===file:transaction/lock.sql, id:184, sql:[commit]===
dble:[[]]
===file:transaction/lock.sql, id:186, sql:[update aly_test set pad=22 where id=2;]===
dble:[[]]
===file:transaction/lock.sql, id:187, sql:[select * from aly_test order by id;]===
dble:[((1L, 1L, '1', 22L), (2L, 2L, '2', 22L), (3L, 3L, '3', 3L), (4L, 4L, '4', 4L), (5L, 5L, '5', 5L), (6L, 6L, '6', 6L))]
===file:transaction/lock.sql, id:188, sql:[commit;]===
dble:[[]]
===file:transaction/lock.sql, id:189, sql:[select * from aly_test order by id;]===
dble:[((1L, 1L, '1', 22L), (2L, 2L, '2', 22L), (3L, 3L, '3', 3L), (4L, 4L, '4', 4L), (5L, 5L, '5', 5L), (6L, 6L, '6', 6L))]
===file:transaction/lock.sql, id:192, sql:[delete from aly_test;]===
dble:[[]]
===file:transaction/lock.sql, id:193, sql:[delete from aly_order;]===
dble:[[]]
===file:transaction/lock.sql, id:194, sql:[insert into aly_test values(1,1,1,1),(2,2,2,2),(3,3,3,3),(4,4,4,4),(5,5,5,5),(6,6,6,6);]===
dble:[[]]
===file:transaction/lock.sql, id:195, sql:[insert into aly_order values(1,1,1,1),(2,2,2,2),(3,3,3,3),(4,4,4,4),(5,5,5,5),(6,6,6,6);]===
dble:[[]]
===file:transaction/lock.sql, id:196, sql:[begin;]===
dble:[[]]
===file:transaction/lock.sql, id:197, sql:[select * from aly_test a,(select * from aly_order for update)b where a.pad=b.pad order by a.id;]===
dble:[((1L, 1L, '1', 1L, 1L, 1L, '1', 1L), (2L, 2L, '2', 2L, 2L, 2L, '2', 2L), (3L, 3L, '3', 3L, 3L, 3L, '3', 3L), (4L, 4L, '4', 4L, 4L, 4L, '4', 4L), (5L, 5L, '5', 5L, 5L, 5L, '5', 5L), (6L, 6L, '6', 6L, 6L, 6L, '6', 6L))]
===file:transaction/lock.sql, id:199, sql:[begin;]===
dble:[[]]
===file:transaction/lock.sql, id:200, sql:[update aly_test set pad=22 where id=1;]===
dble:[[]]
===file:transaction/lock.sql, id:201, sql:[update aly_order set pad=22 where id=1/*hang*/;]===
dble:[[]]
===file:transaction/lock.sql, id:203, sql:[rollback]===
dble:[[]]
===file:transaction/lock.sql, id:205, sql:[update aly_test set pad=22 where id=2;]===
dble:[[]]
===file:transaction/lock.sql, id:206, sql:[select * from aly_test order by id;]===
dble:[((1L, 1L, '1', 22L), (2L, 2L, '2', 22L), (3L, 3L, '3', 3L), (4L, 4L, '4', 4L), (5L, 5L, '5', 5L), (6L, 6L, '6', 6L))]
===file:transaction/lock.sql, id:207, sql:[commit;]===
dble:[[]]
===file:transaction/lock.sql, id:208, sql:[select * from aly_test order by id;]===
dble:[((1L, 1L, '1', 22L), (2L, 2L, '2', 22L), (3L, 3L, '3', 3L), (4L, 4L, '4', 4L), (5L, 5L, '5', 5L), (6L, 6L, '6', 6L))]
===file:transaction/lock.sql, id:211, sql:[delete from aly_test;]===
dble:[[]]
===file:transaction/lock.sql, id:212, sql:[insert into aly_test values(1,1,1,1),(2,2,2,2),(3,3,3,3),(4,4,4,4),(5,5,5,5),(6,6,6,6);]===
dble:[[]]
===file:transaction/lock.sql, id:213, sql:[begin;]===
dble:[[]]
===file:transaction/lock.sql, id:214, sql:[select * from aly_test where k=2 for update;]===
dble:[[(2L, 2L, '2', 2L)]]
===file:transaction/lock.sql, id:216, sql:[begin;]===
dble:[[]]
===file:transaction/lock.sql, id:217, sql:[update aly_test set pad=22 where id=1;]===
dble:[[]]
===file:transaction/lock.sql, id:218, sql:[update aly_test set pad=22 where id=2;]===
dble:[[]]
===file:transaction/lock.sql, id:220, sql:[commit]===
dble:[[]]
===file:transaction/lock.sql, id:222, sql:[select * from aly_test order by id;]===
dble:[((1L, 1L, '1', 22L), (2L, 2L, '2', 22L), (3L, 3L, '3', 3L), (4L, 4L, '4', 4L), (5L, 5L, '5', 5L), (6L, 6L, '6', 6L))]
===file:transaction/lock.sql, id:223, sql:[commit;]===
dble:[[]]
===file:transaction/lock.sql, id:224, sql:[select * from aly_test order by id;]===
dble:[((1L, 1L, '1', 22L), (2L, 2L, '2', 22L), (3L, 3L, '3', 3L), (4L, 4L, '4', 4L), (5L, 5L, '5', 5L), (6L, 6L, '6', 6L))]
===file:transaction/lock.sql, id:227, sql:[delete from aly_test;]===
dble:[[]]
===file:transaction/lock.sql, id:228, sql:[insert into aly_test values(1,1,1,1),(2,2,2,2),(3,3,3,3),(4,4,4,4),(5,5,5,5),(6,6,6,6);]===
dble:[[]]
===file:transaction/lock.sql, id:229, sql:[begin;]===
dble:[[]]
===file:transaction/lock.sql, id:230, sql:[select * from aly_test where k=2 for update;]===
dble:[[(2L, 2L, '2', 2L)]]
===file:transaction/lock.sql, id:232, sql:[begin;]===
dble:[[]]
===file:transaction/lock.sql, id:233, sql:[update aly_test set pad=22 where id=1;]===
dble:[[]]
===file:transaction/lock.sql, id:234, sql:[update aly_test set pad=22 where id=2;]===
dble:[[]]
===file:transaction/lock.sql, id:236, sql:[rollback]===
dble:[[]]
===file:transaction/lock.sql, id:238, sql:[select * from aly_test order by id;]===
dble:[((1L, 1L, '1', 22L), (2L, 2L, '2', 22L), (3L, 3L, '3', 3L), (4L, 4L, '4', 4L), (5L, 5L, '5', 5L), (6L, 6L, '6', 6L))]
===file:transaction/lock.sql, id:239, sql:[commit;]===
dble:[[]]
===file:transaction/lock.sql, id:240, sql:[select * from aly_test order by id;]===
dble:[((1L, 1L, '1', 22L), (2L, 2L, '2', 22L), (3L, 3L, '3', 3L), (4L, 4L, '4', 4L), (5L, 5L, '5', 5L), (6L, 6L, '6', 6L))]
===file:transaction/lock.sql, id:243, sql:[delete from aly_test;]===
dble:[[]]
===file:transaction/lock.sql, id:244, sql:[insert into aly_test values(1,1,1,1),(2,2,2,2),(3,3,3,3),(4,4,4,4),(5,5,5,5),(6,6,6,6);]===
dble:[[]]
===file:transaction/lock.sql, id:245, sql:[begin;]===
dble:[[]]
===file:transaction/lock.sql, id:246, sql:[select * from aly_test where pad=2 for update;]===
dble:[[(2L, 2L, '2', 2L)]]
===file:transaction/lock.sql, id:248, sql:[begin;]===
dble:[[]]
===file:transaction/lock.sql, id:249, sql:[update aly_test set pad=22 where id=1;]===
dble:[[]]
===file:transaction/lock.sql, id:251, sql:[commit]===
dble:[[]]
===file:transaction/lock.sql, id:253, sql:[select * from aly_test order by id;]===
dble:[((1L, 1L, '1', 22L), (2L, 2L, '2', 2L), (3L, 3L, '3', 3L), (4L, 4L, '4', 4L), (5L, 5L, '5', 5L), (6L, 6L, '6', 6L))]
===file:transaction/lock.sql, id:254, sql:[commit;]===
dble:[[]]
===file:transaction/lock.sql, id:255, sql:[select * from aly_test order by id;]===
dble:[((1L, 1L, '1', 22L), (2L, 2L, '2', 2L), (3L, 3L, '3', 3L), (4L, 4L, '4', 4L), (5L, 5L, '5', 5L), (6L, 6L, '6', 6L))]
===file:transaction/lock.sql, id:258, sql:[delete from aly_test;]===
dble:[[]]
===file:transaction/lock.sql, id:259, sql:[insert into aly_test values(1,1,1,1),(2,2,2,2),(3,3,3,3),(4,4,4,4),(5,5,5,5),(6,6,6,6);]===
dble:[[]]
===file:transaction/lock.sql, id:260, sql:[begin;]===
dble:[[]]
===file:transaction/lock.sql, id:261, sql:[select * from aly_test where pad=2 for update;]===
dble:[[(2L, 2L, '2', 2L)]]
===file:transaction/lock.sql, id:263, sql:[begin;]===
dble:[[]]
===file:transaction/lock.sql, id:264, sql:[update aly_test set pad=22 where id=1;]===
dble:[[]]
===file:transaction/lock.sql, id:266, sql:[rollback]===
dble:[[]]
===file:transaction/lock.sql, id:268, sql:[select * from aly_test order by id;]===
dble:[((1L, 1L, '1', 22L), (2L, 2L, '2', 2L), (3L, 3L, '3', 3L), (4L, 4L, '4', 4L), (5L, 5L, '5', 5L), (6L, 6L, '6', 6L))]
===file:transaction/lock.sql, id:269, sql:[commit;]===
dble:[[]]
===file:transaction/lock.sql, id:270, sql:[select * from aly_test order by id;]===
dble:[((1L, 1L, '1', 22L), (2L, 2L, '2', 2L), (3L, 3L, '3', 3L), (4L, 4L, '4', 4L), (5L, 5L, '5', 5L), (6L, 6L, '6', 6L))]
