===file:transaction/t_langues.sql, id:103, sql:[begin work]===
dble:[None]
mysql:[()]
[02:05:53.422625]dble err :(1064, 'TODO : IDENTIFIER work')
===file:transaction/t_langues.sql, id:115, sql:[begin work]===
dble:[None]
mysql:[()]
[02:05:54.760025]dble err :(1064, 'TODO : IDENTIFIER work')
===file:transaction/t_langues.sql, id:120, sql:[select * from aly_test order by id]===
dble:[((1L, 1L, '1', 1L),)]
mysql:[()]
===file:transaction/t_langues.sql, id:123, sql:[select * from aly_test order by id]===
dble:[((1L, 1L, '1', 10L),)]
mysql:[()]
===file:transaction/t_langues.sql, id:127, sql:[begin work]===
dble:[None]
mysql:[()]
[02:06:00.732207]dble err :(1064, 'TODO : IDENTIFIER work')
===file:transaction/t_langues.sql, id:139, sql:[begin work]===
dble:[None]
mysql:[()]
[02:06:01.939407]dble err :(1064, 'TODO : IDENTIFIER work')
===file:transaction/t_langues.sql, id:144, sql:[select * from aly_test order by id]===
dble:[((1L, 1L, '1', 1L), (2L, 2L, '2', 2L))]
mysql:[()]
===file:transaction/t_langues.sql, id:147, sql:[select * from aly_test order by id]===
dble:[((1L, 1L, '1', 10L), (2L, 2L, '2', 10L))]
mysql:[()]
===file:transaction/t_langues.sql, id:151, sql:[begin work]===
dble:[None]
mysql:[()]
[02:06:03.071838]dble err :(1064, 'TODO : IDENTIFIER work')
===file:transaction/t_langues.sql, id:163, sql:[begin work]===
dble:[None]
mysql:[()]
[02:06:04.170671]dble err :(1064, 'TODO : IDENTIFIER work')
===file:transaction/t_langues.sql, id:168, sql:[select * from aly_test order by id]===
dble:[((1L, 1L, '1', 1L), (2L, 2L, '2', 2L), (3L, 3L, '3', 3L))]
mysql:[()]
===file:transaction/t_langues.sql, id:171, sql:[select * from aly_test order by id]===
dble:[((1L, 1L, '1', 10L), (2L, 2L, '2', 10L), (3L, 3L, '3', 10L))]
mysql:[()]
===file:transaction/t_langues.sql, id:175, sql:[begin work]===
dble:[None]
mysql:[()]
[02:06:05.427504]dble err :(1064, 'TODO : IDENTIFIER work')
===file:transaction/t_langues.sql, id:187, sql:[begin work]===
dble:[None]
mysql:[()]
[02:06:06.551986]dble err :(1064, 'TODO : IDENTIFIER work')
===file:transaction/t_langues.sql, id:192, sql:[select * from aly_test order by id]===
dble:[((1L, 1L, '1', 1L), (2L, 2L, '2', 2L), (3L, 3L, '3', 3L), (4L, 4L, '4', 4L))]
mysql:[()]
===file:transaction/t_langues.sql, id:195, sql:[select * from aly_test order by id]===
dble:[((1L, 1L, '1', 10L), (2L, 2L, '2', 10L), (3L, 3L, '3', 10L), (4L, 4L, '4', 10L))]
mysql:[()]
===file:transaction/t_langues.sql, id:503, sql:[start transaction read write]===
dble:[None]
mysql:[()]
[02:06:43.107849]dble err :(1003, 'Unsupported statement')
===file:transaction/t_langues.sql, id:508, sql:[start transaction read write]===
dble:[None]
mysql:[()]
[02:06:43.538281]dble err :(1003, 'Unsupported statement')
===file:transaction/t_langues.sql, id:509, sql:[select * from aly_test order by id]===
dble:[((1L, 1L, '1', 1L),)]
mysql:[()]
===file:transaction/t_langues.sql, id:514, sql:[select * from aly_test order by id]===
dble:[((1L, 1L, '1', 10L), (5L, 5L, '5', 5L))]
mysql:[((5L, 5L, '5', 5L),)]
===file:transaction/t_langues.sql, id:517, sql:[select * from aly_test order by id]===
dble:[((1L, 1L, '1', 10L), (5L, 5L, '5', 5L))]
mysql:[((5L, 5L, '5', 5L),)]
===file:transaction/t_langues.sql, id:521, sql:[start transaction read write]===
dble:[None]
mysql:[()]
[02:06:44.531050]dble err :(1003, 'Unsupported statement')
===file:transaction/t_langues.sql, id:525, sql:[start transaction read write]===
dble:[None]
mysql:[()]
[02:06:44.871167]dble err :(1003, 'Unsupported statement')
===file:transaction/t_langues.sql, id:526, sql:[select * from aly_test order by id]===
dble:[((1L, 1L, '1', 1L),)]
mysql:[()]
===file:transaction/t_langues.sql, id:530, sql:[insert into aly_test values(1,1,1,1)]===
dble:[None]
mysql:[()]
[02:06:45.300260]dble err :(1062, "Duplicate entry '1' for key 'PRIMARY'")
===file:transaction/t_langues.sql, id:538, sql:[start transaction read write]===
dble:[None]
mysql:[()]
[02:06:45.807414]dble err :(1003, 'Unsupported statement')
===file:transaction/t_langues.sql, id:542, sql:[start transaction read write]===
dble:[None]
mysql:[()]
[02:06:46.144386]dble err :(1003, 'Unsupported statement')
===file:transaction/t_langues.sql, id:543, sql:[select * from aly_test order by id]===
dble:[((1L, 1L, '1', 1L), (2L, 2L, '2', 2L))]
mysql:[()]
===file:transaction/t_langues.sql, id:548, sql:[select * from aly_test order by id]===
dble:[((1L, 1L, '1', 10L), (2L, 2L, '2', 2L), (5L, 5L, '5', 5L), (6L, 6L, '6', 6L))]
mysql:[((5L, 5L, '5', 5L), (6L, 6L, '6', 6L))]
===file:transaction/t_langues.sql, id:551, sql:[select * from aly_test order by id]===
dble:[((1L, 1L, '1', 10L), (2L, 2L, '2', 2L), (5L, 5L, '5', 5L), (6L, 6L, '6', 6L))]
mysql:[((5L, 5L, '5', 5L), (6L, 6L, '6', 6L))]
===file:transaction/t_langues.sql, id:555, sql:[start transaction read write]===
dble:[None]
mysql:[()]
[02:06:47.077768]dble err :(1003, 'Unsupported statement')
===file:transaction/t_langues.sql, id:559, sql:[start transaction read write]===
dble:[None]
mysql:[()]
[02:06:47.416668]dble err :(1003, 'Unsupported statement')
===file:transaction/t_langues.sql, id:560, sql:[select * from aly_test order by id]===
dble:[((1L, 1L, '1', 1L), (2L, 2L, '2', 2L))]
mysql:[()]
===file:transaction/t_langues.sql, id:564, sql:[insert into aly_test values(1,1,1,1)]===
dble:[None]
mysql:[()]
[02:06:47.849867]dble err :(1062, "Duplicate entry '1' for key 'PRIMARY'")
===file:transaction/t_langues.sql, id:565, sql:[select * from aly_test order by id]===
dble:[((1L, 1L, '1', 1L), (2L, 2L, '2', 2L), (5L, 5L, '5', 5L), (6L, 6L, '6', 6L))]
mysql:[((1L, 1L, '1', 1L), (5L, 5L, '5', 5L), (6L, 6L, '6', 6L))]
===file:transaction/t_langues.sql, id:568, sql:[select * from aly_test order by id]===
dble:[((1L, 1L, '1', 1L), (2L, 2L, '2', 2L), (5L, 5L, '5', 5L), (6L, 6L, '6', 6L))]
mysql:[((1L, 1L, '1', 1L), (5L, 5L, '5', 5L), (6L, 6L, '6', 6L))]
===file:transaction/t_langues.sql, id:572, sql:[start transaction read write]===
dble:[None]
mysql:[()]
[02:06:48.438453]dble err :(1003, 'Unsupported statement')
===file:transaction/t_langues.sql, id:576, sql:[start transaction read write]===
dble:[None]
mysql:[()]
[02:06:48.773501]dble err :(1003, 'Unsupported statement')
===file:transaction/t_langues.sql, id:577, sql:[select * from aly_test order by id]===
dble:[((1L, 1L, '1', 1L), (2L, 2L, '2', 2L), (3L, 3L, '3', 3L))]
mysql:[()]
===file:transaction/t_langues.sql, id:582, sql:[select * from aly_test order by id]===
dble:[((1L, 1L, '1', 10L), (2L, 2L, '2', 2L), (3L, 3L, '3', 3L), (5L, 5L, '5', 5L), (6L, 6L, '6', 6L), (7L, 7L, '7', 7L))]
mysql:[((5L, 5L, '5', 5L), (6L, 6L, '6', 6L), (7L, 7L, '7', 7L))]
===file:transaction/t_langues.sql, id:585, sql:[select * from aly_test order by id]===
dble:[((1L, 1L, '1', 10L), (2L, 2L, '2', 2L), (3L, 3L, '3', 3L), (5L, 5L, '5', 5L), (6L, 6L, '6', 6L), (7L, 7L, '7', 7L))]
mysql:[((5L, 5L, '5', 5L), (6L, 6L, '6', 6L), (7L, 7L, '7', 7L))]
===file:transaction/t_langues.sql, id:589, sql:[start transaction read write]===
dble:[None]
mysql:[()]
[02:06:49.714676]dble err :(1003, 'Unsupported statement')
===file:transaction/t_langues.sql, id:593, sql:[start transaction read write]===
dble:[None]
mysql:[()]
[02:06:50.063556]dble err :(1003, 'Unsupported statement')
===file:transaction/t_langues.sql, id:594, sql:[select * from aly_test order by id]===
dble:[((1L, 1L, '1', 1L), (2L, 2L, '2', 2L), (3L, 3L, '3', 3L))]
mysql:[()]
===file:transaction/t_langues.sql, id:598, sql:[insert into aly_test values(1,1,1,1)]===
dble:[None]
mysql:[()]
[02:06:50.541013]dble err :(1062, "Duplicate entry '1' for key 'PRIMARY'")
===file:transaction/t_langues.sql, id:599, sql:[select * from aly_test order by id]===
dble:[((1L, 1L, '1', 1L), (2L, 2L, '2', 2L), (3L, 3L, '3', 3L), (5L, 5L, '5', 5L), (6L, 6L, '6', 6L), (7L, 7L, '7', 7L))]
mysql:[((1L, 1L, '1', 1L), (5L, 5L, '5', 5L), (6L, 6L, '6', 6L), (7L, 7L, '7', 7L))]
===file:transaction/t_langues.sql, id:602, sql:[select * from aly_test order by id]===
dble:[((1L, 1L, '1', 1L), (2L, 2L, '2', 2L), (3L, 3L, '3', 3L), (5L, 5L, '5', 5L), (6L, 6L, '6', 6L), (7L, 7L, '7', 7L))]
mysql:[((1L, 1L, '1', 1L), (5L, 5L, '5', 5L), (6L, 6L, '6', 6L), (7L, 7L, '7', 7L))]
===file:transaction/t_langues.sql, id:606, sql:[start transaction read write]===
dble:[None]
mysql:[()]
[02:06:51.033433]dble err :(1003, 'Unsupported statement')
===file:transaction/t_langues.sql, id:610, sql:[start transaction read write]===
dble:[None]
mysql:[()]
[02:06:51.377651]dble err :(1003, 'Unsupported statement')
===file:transaction/t_langues.sql, id:611, sql:[select * from aly_test order by id]===
dble:[((1L, 1L, '1', 1L), (2L, 2L, '2', 2L), (3L, 3L, '3', 3L), (4L, 4L, '4', 4L))]
mysql:[()]
===file:transaction/t_langues.sql, id:616, sql:[select * from aly_test order by id]===
dble:[((1L, 1L, '1', 10L), (2L, 2L, '2', 2L), (3L, 3L, '3', 3L), (4L, 4L, '4', 4L), (5L, 5L, '5', 5L), (6L, 6L, '6', 6L), (7L, 7L, '7', 7L), (8L, 8L, '8', 8L))]
mysql:[((5L, 5L, '5', 5L), (6L, 6L, '6', 6L), (7L, 7L, '7', 7L), (8L, 8L, '8', 8L))]
===file:transaction/t_langues.sql, id:619, sql:[select * from aly_test order by id]===
dble:[((1L, 1L, '1', 10L), (2L, 2L, '2', 2L), (3L, 3L, '3', 3L), (4L, 4L, '4', 4L), (5L, 5L, '5', 5L), (6L, 6L, '6', 6L), (7L, 7L, '7', 7L), (8L, 8L, '8', 8L))]
mysql:[((5L, 5L, '5', 5L), (6L, 6L, '6', 6L), (7L, 7L, '7', 7L), (8L, 8L, '8', 8L))]
===file:transaction/t_langues.sql, id:623, sql:[start transaction read write]===
dble:[None]
mysql:[()]
[02:06:52.480123]dble err :(1003, 'Unsupported statement')
===file:transaction/t_langues.sql, id:627, sql:[start transaction read write]===
dble:[None]
mysql:[()]
[02:07:00.365302]dble err :(1003, 'Unsupported statement')
===file:transaction/t_langues.sql, id:628, sql:[select * from aly_test order by id]===
dble:[((1L, 1L, '1', 1L), (2L, 2L, '2', 2L), (3L, 3L, '3', 3L), (4L, 4L, '4', 4L))]
mysql:[()]
===file:transaction/t_langues.sql, id:632, sql:[insert into aly_test values(1,1,1,1)]===
dble:[None]
mysql:[()]
[02:07:01.036878]dble err :(1062, "Duplicate entry '1' for key 'PRIMARY'")
===file:transaction/t_langues.sql, id:633, sql:[select * from aly_test order by id]===
dble:[((1L, 1L, '1', 1L), (2L, 2L, '2', 2L), (3L, 3L, '3', 3L), (4L, 4L, '4', 4L), (5L, 5L, '5', 5L), (6L, 6L, '6', 6L), (7L, 7L, '7', 7L), (8L, 8L, '8', 8L))]
mysql:[((1L, 1L, '1', 1L), (5L, 5L, '5', 5L), (6L, 6L, '6', 6L), (7L, 7L, '7', 7L), (8L, 8L, '8', 8L))]
===file:transaction/t_langues.sql, id:636, sql:[select * from aly_test order by id]===
dble:[((1L, 1L, '1', 1L), (2L, 2L, '2', 2L), (3L, 3L, '3', 3L), (4L, 4L, '4', 4L), (5L, 5L, '5', 5L), (6L, 6L, '6', 6L), (7L, 7L, '7', 7L), (8L, 8L, '8', 8L))]
mysql:[((1L, 1L, '1', 1L), (5L, 5L, '5', 5L), (6L, 6L, '6', 6L), (7L, 7L, '7', 7L), (8L, 8L, '8', 8L))]
