===file:sqls_util/select/reference.sql, id:10, sql:[select id,t_id,name,pad from test1 t use index()]===
dble:[None]
mysql:[((1, 1, 'test中id为1', 1), (2, 2, 'test_2', 2), (3, 3, 'test中id为3', 4), (4, 4, '$test$4', 3), (5, 5, 'test...5', 1), (6, 6, 'test6', 6))]
dble err:(1064, 'error pos 48, line 1, column 48, token RPAREN')
===file:sqls_util/select/reference.sql, id:11, sql:[select id,t_id,name,pad from test1 t use key()]===
dble:[None]
mysql:[((1, 1, 'test中id为1', 1), (2, 2, 'test_2', 2), (3, 3, 'test中id为3', 4), (4, 4, '$test$4', 3), (5, 5, 'test...5', 1), (6, 6, 'test6', 6))]
dble err:(1064, 'error pos 46, line 1, column 46, token RPAREN')
===file:sqls_util/select/reference.sql, id:34, sql:[select id,t_id,name,pad from test1 t use key(k_1) use index(pad_index) use index()]===
dble:[None]
mysql:[((1, 1, 'test中id为1', 1), (2, 2, 'test_2', 2), (3, 3, 'test中id为3', 4), (4, 4, '$test$4', 3), (5, 5, 'test...5', 1), (6, 6, 'test6', 6))]
dble err:(1064, 'error pos 82, line 1, column 82, token RPAREN')
===file:sqls_util/select/reference.sql, id:35, sql:[select id,t_id,name,pad from test1 t ignore key(k_1) use index(pad_index) use index()]===
dble:[None]
mysql:[((1, 1, 'test中id为1', 1), (2, 2, 'test_2', 2), (3, 3, 'test中id为3', 4), (4, 4, '$test$4', 3), (5, 5, 'test...5', 1), (6, 6, 'test6', 6))]
dble err:(1064, 'error pos 85, line 1, column 85, token RPAREN')
===file:sqls_util/select/reference.sql, id:36, sql:[select id,t_id,name,pad from test1 t ignore key(k_1) ignore index(pad_index) use index()]===
dble:[None]
mysql:[((1, 1, 'test中id为1', 1), (2, 2, 'test_2', 2), (3, 3, 'test中id为3', 4), (4, 4, '$test$4', 3), (5, 5, 'test...5', 1), (6, 6, 'test6', 6))]
dble err:(1064, 'error pos 88, line 1, column 88, token RPAREN')