===file:sqls_util/transaction/lock.sql, id:2, sql:[drop table if exists test1;]===
dble:[[]]
===file:sqls_util/transaction/lock.sql, id:3, sql:[CREATE TABLE test1(`id` int(10) unsigned NOT NULL,`k` int(10) unsigned NOT NULL DEFAULT '0',`c` char(120) NOT NULL DEFAULT '',`pad` int(11) NOT NULL,PRIMARY KEY (`id`),UNIQUE KEY (`k`));]===
dble:[[]]
===file:sqls_util/transaction/lock.sql, id:4, sql:[drop table if exists schema2.test2;]===
dble:[[]]
===file:sqls_util/transaction/lock.sql, id:5, sql:[CREATE TABLE schema2.test2(`id` int(10) unsigned NOT NULL,`k` int(10) unsigned NOT NULL DEFAULT '0',`c` char(120) NOT NULL DEFAULT '',`pad` int(11) NOT NULL,PRIMARY KEY (`id`),UNIQUE KEY (`k`));]===
dble:[[]]
===file:sqls_util/transaction/lock.sql, id:8, sql:[set @@session.innodb_lock_wait_timeout=10000;]===
dble:[[]]
===file:sqls_util/transaction/lock.sql, id:9, sql:[SET @@session.autocommit = ON;]===
dble:[[]]
===file:sqls_util/transaction/lock.sql, id:10, sql:[delete from test1;]===
dble:[[]]
===file:sqls_util/transaction/lock.sql, id:11, sql:[insert into test1 values(1,1,1,1),(2,2,2,2),(3,3,3,3),(4,4,4,4),(5,5,5,5),(6,6,6,6);]===
dble:[[]]
===file:sqls_util/transaction/lock.sql, id:12, sql:[begin;]===
dble:[[]]
===file:sqls_util/transaction/lock.sql, id:13, sql:[select * from test1 order by id lock in share mode;]===
dble:[((1L, 1L, '1', 1L, 1551964380503L), (2L, 2L, '2', 2L, 1551964380503L), (3L, 3L, '3', 3L, 1551964380503L), (4L, 4L, '4', 4L, 1551964380503L), (5L, 5L, '5', 5L, 1551964380503L), (6L, 6L, '6', 6L, 1551964380503L))]
===file:sqls_util/transaction/lock.sql, id:15, sql:[set @@session.innodb_lock_wait_timeout=10000;]===
dble:[[]]
===file:sqls_util/transaction/lock.sql, id:16, sql:[SET @@session.autocommit = ON;]===
dble:[[]]
===file:sqls_util/transaction/lock.sql, id:17, sql:[begin;]===
dble:[[]]
===file:sqls_util/transaction/lock.sql, id:18, sql:[select * from test1 order by id lock in share mode;]===
dble:[((1L, 1L, '1', 1L), (2L, 2L, '2', 2L), (3L, 3L, '3', 3L), (4L, 4L, '4', 4L), (5L, 5L, '5', 5L), (6L, 6L, '6', 6L))]
===file:sqls_util/transaction/lock.sql, id:20, sql:[commit;]===
dble:[[]]
===file:sqls_util/transaction/lock.sql, id:22, sql:[select * from test1 order by id;]===
dble:[((1L, 1L, '1', 1L), (2L, 2L, '2', 2L), (3L, 3L, '3', 3L), (4L, 4L, '4', 4L), (5L, 5L, '5', 5L), (6L, 6L, '6', 6L))]
===file:sqls_util/transaction/lock.sql, id:23, sql:[commit;]===
dble:[[]]
===file:sqls_util/transaction/lock.sql, id:24, sql:[select * from test1 order by id;]===
dble:[((1L, 1L, '1', 1L, 1551964380503L), (2L, 2L, '2', 2L, 1551964380503L), (3L, 3L, '3', 3L, 1551964380503L), (4L, 4L, '4', 4L, 1551964380503L), (5L, 5L, '5', 5L, 1551964380503L), (6L, 6L, '6', 6L, 1551964380503L))]
===file:sqls_util/transaction/lock.sql, id:27, sql:[delete from test1;]===
dble:[[]]
===file:sqls_util/transaction/lock.sql, id:28, sql:[insert into test1 values(1,1,1,1),(2,2,2,2),(3,3,3,3),(4,4,4,4),(5,5,5,5),(6,6,6,6);]===
dble:[[]]
===file:sqls_util/transaction/lock.sql, id:29, sql:[begin;]===
dble:[[]]
===file:sqls_util/transaction/lock.sql, id:30, sql:[select * from test1 order by id lock in share mode;]===
dble:[((1L, 1L, '1', 1L, 1551964390844L), (2L, 2L, '2', 2L, 1551964390844L), (3L, 3L, '3', 3L, 1551964390844L), (4L, 4L, '4', 4L, 1551964390844L), (5L, 5L, '5', 5L, 1551964390844L), (6L, 6L, '6', 6L, 1551964390844L))]
===file:sqls_util/transaction/lock.sql, id:32, sql:[begin;]===
dble:[[]]
===file:sqls_util/transaction/lock.sql, id:33, sql:[select * from test1 order by id lock in share mode;]===
dble:[((1L, 1L, '1', 1L, 1551964390844L), (2L, 2L, '2', 2L, 1551964390844L), (3L, 3L, '3', 3L, 1551964390844L), (4L, 4L, '4', 4L, 1551964390844L), (5L, 5L, '5', 5L, 1551964390844L), (6L, 6L, '6', 6L, 1551964390844L))]
===file:sqls_util/transaction/lock.sql, id:35, sql:[rollback ;]===
dble:[[]]
===file:sqls_util/transaction/lock.sql, id:37, sql:[select * from test1 order by id;]===
dble:[((1L, 1L, '1', 1L), (2L, 2L, '2', 2L), (3L, 3L, '3', 3L), (4L, 4L, '4', 4L), (5L, 5L, '5', 5L), (6L, 6L, '6', 6L))]
===file:sqls_util/transaction/lock.sql, id:38, sql:[commit;]===
dble:[[]]
===file:sqls_util/transaction/lock.sql, id:39, sql:[select * from test1 order by id;]===
dble:[((1L, 1L, '1', 1L), (2L, 2L, '2', 2L), (3L, 3L, '3', 3L), (4L, 4L, '4', 4L), (5L, 5L, '5', 5L), (6L, 6L, '6', 6L))]
===file:sqls_util/transaction/lock.sql, id:42, sql:[delete from test1;]===
dble:[[]]
===file:sqls_util/transaction/lock.sql, id:43, sql:[insert into test1 values(1,1,1,1),(2,2,2,2),(3,3,3,3),(4,4,4,4),(5,5,5,5),(6,6,6,6);]===
dble:[[]]
===file:sqls_util/transaction/lock.sql, id:44, sql:[begin;]===
dble:[[]]
===file:sqls_util/transaction/lock.sql, id:45, sql:[select * from test1 order by id lock in share mode;]===
dble:[((1L, 1L, '1', 1L, 1551964400775L), (2L, 2L, '2', 2L, 1551964400775L), (3L, 3L, '3', 3L, 1551964400775L), (4L, 4L, '4', 4L, 1551964400775L), (5L, 5L, '5', 5L, 1551964400775L), (6L, 6L, '6', 6L, 1551964400775L))]
===file:sqls_util/transaction/lock.sql, id:47, sql:[begin;]===
dble:[[]]
===file:sqls_util/transaction/lock.sql, id:48, sql:[update test1 set pad=22 where id=1 /*hang*/;]===
dble:[[]]
===file:sqls_util/transaction/lock.sql, id:50, sql:[commit;]===
dble:[[]]
===file:sqls_util/transaction/lock.sql, id:52, sql:[update test1 set pad=22 where id=2;]===
dble:[[]]
===file:sqls_util/transaction/lock.sql, id:53, sql:[select * from test1 order by id;]===
dble:[((1L, 1L, '1', 22L, 1551964402912L), (2L, 2L, '2', 22L, 1551964416939L), (3L, 3L, '3', 3L, 1551964400775L), (4L, 4L, '4', 4L, 1551964400775L), (5L, 5L, '5', 5L, 1551964400775L), (6L, 6L, '6', 6L, 1551964400775L))]
===file:sqls_util/transaction/lock.sql, id:54, sql:[commit;]===
dble:[[]]
===file:sqls_util/transaction/lock.sql, id:55, sql:[select * from test1 order by id;]===
dble:[((1L, 1L, '1', 22L, 1551964402912L), (2L, 2L, '2', 22L, 1551964416939L), (3L, 3L, '3', 3L, 1551964400775L), (4L, 4L, '4', 4L, 1551964400775L), (5L, 5L, '5', 5L, 1551964400775L), (6L, 6L, '6', 6L, 1551964400775L))]
===file:sqls_util/transaction/lock.sql, id:58, sql:[delete from test1;]===
dble:[[]]
===file:sqls_util/transaction/lock.sql, id:59, sql:[insert into test1 values(1,1,1,1),(2,2,2,2),(3,3,3,3),(4,4,4,4),(5,5,5,5),(6,6,6,6);]===
dble:[[]]
===file:sqls_util/transaction/lock.sql, id:60, sql:[begin;]===
dble:[[]]
===file:sqls_util/transaction/lock.sql, id:61, sql:[select * from test1 order by id lock in share mode;]===
dble:[((1L, 1L, '1', 1L), (2L, 2L, '2', 2L), (3L, 3L, '3', 3L), (4L, 4L, '4', 4L), (5L, 5L, '5', 5L), (6L, 6L, '6', 6L))]
===file:sqls_util/transaction/lock.sql, id:63, sql:[begin;]===
dble:[[]]
===file:sqls_util/transaction/lock.sql, id:64, sql:[update test1 set pad=22 where id=1;]===
dble:[[]]
===file:sqls_util/transaction/lock.sql, id:66, sql:[rollback;]===
dble:[[]]
===file:sqls_util/transaction/lock.sql, id:68, sql:[update test1 set pad=22 where id=2;]===
dble:[[]]
===file:sqls_util/transaction/lock.sql, id:69, sql:[select * from test1 order by id;]===
dble:[((1L, 1L, '1', 22L), (2L, 2L, '2', 22L), (3L, 3L, '3', 3L), (4L, 4L, '4', 4L), (5L, 5L, '5', 5L), (6L, 6L, '6', 6L))]
===file:sqls_util/transaction/lock.sql, id:70, sql:[commit;]===
dble:[[]]
===file:sqls_util/transaction/lock.sql, id:71, sql:[select * from test1 order by id;]===
dble:[((1L, 1L, '1', 22L), (2L, 2L, '2', 22L), (3L, 3L, '3', 3L), (4L, 4L, '4', 4L), (5L, 5L, '5', 5L), (6L, 6L, '6', 6L))]
===file:sqls_util/transaction/lock.sql, id:74, sql:[delete from test1;]===
dble:[[]]
===file:sqls_util/transaction/lock.sql, id:75, sql:[delete from schema2.test2;]===
dble:[[]]
===file:sqls_util/transaction/lock.sql, id:76, sql:[insert into test1 values(1,1,1,1),(2,2,2,2),(3,3,3,3),(4,4,4,4),(5,5,5,5),(6,6,6,6);]===
dble:[[]]
===file:sqls_util/transaction/lock.sql, id:77, sql:[insert into schema2.test2 values(1,1,1,1),(2,2,2,2),(3,3,3,3),(4,4,4,4),(5,5,5,5),(6,6,6,6);]===
dble:[[]]
===file:sqls_util/transaction/lock.sql, id:78, sql:[begin;]===
dble:[[]]
===file:sqls_util/transaction/lock.sql, id:79, sql:[select * from test1 a,(select * from schema2.test2 lock in share mode)b where a.pad=b.pad order by a.id;]===
dble:[((1L, 1L, '1', 1L, 1551964437405L, 1L, 1L, '1', 1L, 1551964437469L), (2L, 2L, '2', 2L, 1551964437405L, 2L, 2L, '2', 2L, 1551964437469L), (3L, 3L, '3', 3L, 1551964437405L, 3L, 3L, '3', 3L, 1551964437469L), (4L, 4L, '4', 4L, 1551964437405L, 4L, 4L, '4', 4L, 1551964437469L), (5L, 5L, '5', 5L, 1551964437405L, 5L, 5L, '5', 5L, 1551964437469L), (6L, 6L, '6', 6L, 1551964437405L, 6L, 6L, '6', 6L, 1551964437469L))]
===file:sqls_util/transaction/lock.sql, id:81, sql:[begin;]===
dble:[[]]
===file:sqls_util/transaction/lock.sql, id:82, sql:[update test1 set pad=22 where id=1;]===
dble:[[]]
===file:sqls_util/transaction/lock.sql, id:83, sql:[update schema2.test2 set pad=22 where id=1/*hang*/;]===
dble:[[]]
===file:sqls_util/transaction/lock.sql, id:85, sql:[commit;]===
dble:[[]]
===file:sqls_util/transaction/lock.sql, id:87, sql:[update test1 set pad=22 where id=2;]===
dble:[[]]
===file:sqls_util/transaction/lock.sql, id:88, sql:[select * from test1 order by id;]===
dble:[((1L, 1L, '1', 22L), (2L, 2L, '2', 22L), (3L, 3L, '3', 3L), (4L, 4L, '4', 4L), (5L, 5L, '5', 5L), (6L, 6L, '6', 6L))]
===file:sqls_util/transaction/lock.sql, id:89, sql:[commit;]===
dble:[[]]
===file:sqls_util/transaction/lock.sql, id:90, sql:[select * from test1 order by id;]===
dble:[((1L, 1L, '1', 22L, 1551964439697L), (2L, 2L, '2', 22L, 1551964459560L), (3L, 3L, '3', 3L, 1551964437405L), (4L, 4L, '4', 4L, 1551964437405L), (5L, 5L, '5', 5L, 1551964437405L), (6L, 6L, '6', 6L, 1551964437405L))]
===file:sqls_util/transaction/lock.sql, id:93, sql:[delete from test1;]===
dble:[[]]
===file:sqls_util/transaction/lock.sql, id:94, sql:[delete from schema2.test2;]===
dble:[[]]
===file:sqls_util/transaction/lock.sql, id:95, sql:[insert into test1 values(1,1,1,1),(2,2,2,2),(3,3,3,3),(4,4,4,4),(5,5,5,5),(6,6,6,6);]===
dble:[[]]
===file:sqls_util/transaction/lock.sql, id:96, sql:[insert into schema2.test2 values(1,1,1,1),(2,2,2,2),(3,3,3,3),(4,4,4,4),(5,5,5,5),(6,6,6,6);]===
dble:[[]]
===file:sqls_util/transaction/lock.sql, id:97, sql:[begin;]===
dble:[[]]
===file:sqls_util/transaction/lock.sql, id:98, sql:[select * from test1 a,(select * from schema2.test2 lock in share mode)b where a.pad=b.pad order by a.id;]===
dble:[((1L, 1L, '1', 1L, 1551964462397L, 1L, 1L, '1', 1L, 1551964462478L), (2L, 2L, '2', 2L, 1551964462397L, 2L, 2L, '2', 2L, 1551964462478L), (3L, 3L, '3', 3L, 1551964462397L, 3L, 3L, '3', 3L, 1551964462478L), (4L, 4L, '4', 4L, 1551964462397L, 4L, 4L, '4', 4L, 1551964462478L), (5L, 5L, '5', 5L, 1551964462397L, 5L, 5L, '5', 5L, 1551964462478L), (6L, 6L, '6', 6L, 1551964462397L, 6L, 6L, '6', 6L, 1551964462478L))]
===file:sqls_util/transaction/lock.sql, id:100, sql:[begin;]===
dble:[[]]
===file:sqls_util/transaction/lock.sql, id:101, sql:[update test1 set pad=22 where id=1;]===
dble:[[]]
===file:sqls_util/transaction/lock.sql, id:102, sql:[update schema2.test2 set pad=22 where id=1/*hang*/;]===
dble:[[]]
===file:sqls_util/transaction/lock.sql, id:104, sql:[rollback;]===
dble:[[]]
===file:sqls_util/transaction/lock.sql, id:106, sql:[update test1 set pad=22 where id=2;]===
dble:[[]]
===file:sqls_util/transaction/lock.sql, id:107, sql:[select * from test1 order by id;]===
dble:[((1L, 1L, '1', 22L, 1551964464546L), (2L, 2L, '2', 22L, 1551964483940L), (3L, 3L, '3', 3L, 1551964462397L), (4L, 4L, '4', 4L, 1551964462397L), (5L, 5L, '5', 5L, 1551964462397L), (6L, 6L, '6', 6L, 1551964462397L))]
===file:sqls_util/transaction/lock.sql, id:108, sql:[commit;]===
dble:[[]]
===file:sqls_util/transaction/lock.sql, id:109, sql:[select * from test1 order by id;]===
dble:[((1L, 1L, '1', 22L, 1551964464546L), (2L, 2L, '2', 22L, 1551964483940L), (3L, 3L, '3', 3L, 1551964462397L), (4L, 4L, '4', 4L, 1551964462397L), (5L, 5L, '5', 5L, 1551964462397L), (6L, 6L, '6', 6L, 1551964462397L))]
===file:sqls_util/transaction/lock.sql, id:112, sql:[delete from test1;]===
dble:[[]]
===file:sqls_util/transaction/lock.sql, id:113, sql:[insert into test1 values(1,1,1,1),(2,2,2,2),(3,3,3,3),(4,4,4,4),(5,5,5,5),(6,6,6,6);]===
dble:[[]]
===file:sqls_util/transaction/lock.sql, id:114, sql:[begin;]===
dble:[[]]
===file:sqls_util/transaction/lock.sql, id:115, sql:[select * from test1 order by id for update;]===
dble:[((1L, 1L, '1', 1L, 1551964486332L), (2L, 2L, '2', 2L, 1551964486332L), (3L, 3L, '3', 3L, 1551964486332L), (4L, 4L, '4', 4L, 1551964486332L), (5L, 5L, '5', 5L, 1551964486332L), (6L, 6L, '6', 6L, 1551964486332L))]
===file:sqls_util/transaction/lock.sql, id:117, sql:[begin;]===
dble:[[]]
===file:sqls_util/transaction/lock.sql, id:118, sql:[select * from test1 for update/*hang*/;]===
dble:[[(1L, 1L, '1', 1L), (2L, 2L, '2', 2L), (3L, 3L, '3', 3L), (4L, 4L, '4', 4L), (5L, 5L, '5', 5L), (6L, 6L, '6', 6L)]]
===file:sqls_util/transaction/lock.sql, id:120, sql:[commit;]===
dble:[[]]
===file:sqls_util/transaction/lock.sql, id:122, sql:[select * from test1 order by id;]===
dble:[((1L, 1L, '1', 1L, 1551964486332L), (2L, 2L, '2', 2L, 1551964486332L), (3L, 3L, '3', 3L, 1551964486332L), (4L, 4L, '4', 4L, 1551964486332L), (5L, 5L, '5', 5L, 1551964486332L), (6L, 6L, '6', 6L, 1551964486332L))]
===file:sqls_util/transaction/lock.sql, id:123, sql:[commit;]===
dble:[[]]
===file:sqls_util/transaction/lock.sql, id:124, sql:[select * from test1 order by id;]===
dble:[((1L, 1L, '1', 1L, 1551964486332L), (2L, 2L, '2', 2L, 1551964486332L), (3L, 3L, '3', 3L, 1551964486332L), (4L, 4L, '4', 4L, 1551964486332L), (5L, 5L, '5', 5L, 1551964486332L), (6L, 6L, '6', 6L, 1551964486332L))]
===file:sqls_util/transaction/lock.sql, id:127, sql:[delete from test1;]===
dble:[[]]
===file:sqls_util/transaction/lock.sql, id:128, sql:[insert into test1 values(1,1,1,1),(2,2,2,2),(3,3,3,3),(4,4,4,4),(5,5,5,5),(6,6,6,6);]===
dble:[[]]
===file:sqls_util/transaction/lock.sql, id:129, sql:[begin;]===
dble:[[]]
===file:sqls_util/transaction/lock.sql, id:130, sql:[select * from test1 order by id for update;]===
dble:[((1L, 1L, '1', 1L, 1551964504529L), (2L, 2L, '2', 2L, 1551964504529L), (3L, 3L, '3', 3L, 1551964504529L), (4L, 4L, '4', 4L, 1551964504529L), (5L, 5L, '5', 5L, 1551964504529L), (6L, 6L, '6', 6L, 1551964504529L))]
===file:sqls_util/transaction/lock.sql, id:132, sql:[begin;]===
dble:[[]]
===file:sqls_util/transaction/lock.sql, id:133, sql:[select * from test1 for update/*hang*/;]===
dble:[[(1L, 1L, '1', 1L), (2L, 2L, '2', 2L), (3L, 3L, '3', 3L), (4L, 4L, '4', 4L), (5L, 5L, '5', 5L), (6L, 6L, '6', 6L)]]
===file:sqls_util/transaction/lock.sql, id:135, sql:[rollback ;]===
dble:[[]]
===file:sqls_util/transaction/lock.sql, id:137, sql:[select * from test1 order by id;]===
dble:[((1L, 1L, '1', 1L, 1551964504529L), (2L, 2L, '2', 2L, 1551964504529L), (3L, 3L, '3', 3L, 1551964504529L), (4L, 4L, '4', 4L, 1551964504529L), (5L, 5L, '5', 5L, 1551964504529L), (6L, 6L, '6', 6L, 1551964504529L))]
===file:sqls_util/transaction/lock.sql, id:138, sql:[commit;]===
dble:[[]]
===file:sqls_util/transaction/lock.sql, id:139, sql:[select * from test1 order by id;]===
dble:[((1L, 1L, '1', 1L, 1551964504529L), (2L, 2L, '2', 2L, 1551964504529L), (3L, 3L, '3', 3L, 1551964504529L), (4L, 4L, '4', 4L, 1551964504529L), (5L, 5L, '5', 5L, 1551964504529L), (6L, 6L, '6', 6L, 1551964504529L))]
===file:sqls_util/transaction/lock.sql, id:142, sql:[delete from test1;]===
dble:[[]]
===file:sqls_util/transaction/lock.sql, id:143, sql:[insert into test1 values(1,1,1,1),(2,2,2,2),(3,3,3,3),(4,4,4,4),(5,5,5,5),(6,6,6,6);]===
dble:[[]]
===file:sqls_util/transaction/lock.sql, id:144, sql:[begin;]===
dble:[[]]
===file:sqls_util/transaction/lock.sql, id:145, sql:[select * from test1 order by id for update;]===
dble:[((1L, 1L, '1', 1L, 1551964523134L), (2L, 2L, '2', 2L, 1551964523134L), (3L, 3L, '3', 3L, 1551964523134L), (4L, 4L, '4', 4L, 1551964523134L), (5L, 5L, '5', 5L, 1551964523134L), (6L, 6L, '6', 6L, 1551964523134L))]
===file:sqls_util/transaction/lock.sql, id:147, sql:[begin;]===
dble:[[]]
===file:sqls_util/transaction/lock.sql, id:148, sql:[update test1 set pad=22 where id=1/*hang*/;]===
dble:[[]]
===file:sqls_util/transaction/lock.sql, id:150, sql:[commit;]===
dble:[[]]
===file:sqls_util/transaction/lock.sql, id:152, sql:[update test1 set pad=22 where id=2;]===
dble:[[]]
===file:sqls_util/transaction/lock.sql, id:153, sql:[select * from test1 order by id;]===
dble:[((1L, 1L, '1', 22L, 1551964525251L), (2L, 2L, '2', 22L, 1551964538611L), (3L, 3L, '3', 3L, 1551964523134L), (4L, 4L, '4', 4L, 1551964523134L), (5L, 5L, '5', 5L, 1551964523134L), (6L, 6L, '6', 6L, 1551964523134L))]
===file:sqls_util/transaction/lock.sql, id:154, sql:[commit;]===
dble:[[]]
===file:sqls_util/transaction/lock.sql, id:155, sql:[select * from test1 order by id;]===
dble:[((1L, 1L, '1', 22L, 1551964525251L), (2L, 2L, '2', 22L, 1551964538611L), (3L, 3L, '3', 3L, 1551964523134L), (4L, 4L, '4', 4L, 1551964523134L), (5L, 5L, '5', 5L, 1551964523134L), (6L, 6L, '6', 6L, 1551964523134L))]
===file:sqls_util/transaction/lock.sql, id:158, sql:[delete from test1;]===
dble:[[]]
===file:sqls_util/transaction/lock.sql, id:159, sql:[insert into test1 values(1,1,1,1),(2,2,2,2),(3,3,3,3),(4,4,4,4),(5,5,5,5),(6,6,6,6);]===
dble:[[]]
===file:sqls_util/transaction/lock.sql, id:160, sql:[begin;]===
dble:[[]]
===file:sqls_util/transaction/lock.sql, id:161, sql:[select * from test1 order by id for update;]===
dble:[((1L, 1L, '1', 1L, 1551964541607L), (2L, 2L, '2', 2L, 1551964541607L), (3L, 3L, '3', 3L, 1551964541607L), (4L, 4L, '4', 4L, 1551964541607L), (5L, 5L, '5', 5L, 1551964541607L), (6L, 6L, '6', 6L, 1551964541607L))]
===file:sqls_util/transaction/lock.sql, id:163, sql:[begin;]===
dble:[[]]
===file:sqls_util/transaction/lock.sql, id:164, sql:[update test1 set pad=22 where id=1/*hang*/;]===
dble:[[]]
===file:sqls_util/transaction/lock.sql, id:166, sql:[rollback;]===
dble:[[]]
===file:sqls_util/transaction/lock.sql, id:168, sql:[update test1 set pad=22 where id=2;]===
dble:[[]]
===file:sqls_util/transaction/lock.sql, id:169, sql:[select * from test1 order by id;]===
dble:[((1L, 1L, '1', 22L), (2L, 2L, '2', 22L), (3L, 3L, '3', 3L), (4L, 4L, '4', 4L), (5L, 5L, '5', 5L), (6L, 6L, '6', 6L))]
===file:sqls_util/transaction/lock.sql, id:170, sql:[commit;]===
dble:[[]]
===file:sqls_util/transaction/lock.sql, id:171, sql:[select * from test1 order by id;]===
dble:[((1L, 1L, '1', 22L), (2L, 2L, '2', 22L), (3L, 3L, '3', 3L), (4L, 4L, '4', 4L), (5L, 5L, '5', 5L), (6L, 6L, '6', 6L))]
===file:sqls_util/transaction/lock.sql, id:174, sql:[delete from test1;]===
dble:[[]]
===file:sqls_util/transaction/lock.sql, id:175, sql:[delete from schema2.test2;]===
dble:[[]]
===file:sqls_util/transaction/lock.sql, id:176, sql:[insert into test1 values(1,1,1,1),(2,2,2,2),(3,3,3,3),(4,4,4,4),(5,5,5,5),(6,6,6,6);]===
dble:[[]]
===file:sqls_util/transaction/lock.sql, id:177, sql:[insert into schema2.test2 values(1,1,1,1),(2,2,2,2),(3,3,3,3),(4,4,4,4),(5,5,5,5),(6,6,6,6);]===
dble:[[]]
===file:sqls_util/transaction/lock.sql, id:178, sql:[begin;]===
dble:[[]]
===file:sqls_util/transaction/lock.sql, id:179, sql:[select * from test1 a,(select * from schema2.test2 for update)b where a.pad=b.pad order by a.id;]===
dble:[((1L, 1L, '1', 1L, 1551964559794L, 1L, 1L, '1', 1L, 1551964559902L), (2L, 2L, '2', 2L, 1551964559794L, 2L, 2L, '2', 2L, 1551964559902L), (3L, 3L, '3', 3L, 1551964559794L, 3L, 3L, '3', 3L, 1551964559902L), (4L, 4L, '4', 4L, 1551964559794L, 4L, 4L, '4', 4L, 1551964559902L), (5L, 5L, '5', 5L, 1551964559794L, 5L, 5L, '5', 5L, 1551964559902L), (6L, 6L, '6', 6L, 1551964559794L, 6L, 6L, '6', 6L, 1551964559902L))]
===file:sqls_util/transaction/lock.sql, id:181, sql:[begin;]===
dble:[[]]
===file:sqls_util/transaction/lock.sql, id:182, sql:[update test1 set pad=22 where id=1;]===
dble:[[]]
===file:sqls_util/transaction/lock.sql, id:183, sql:[update schema2.test2 set pad=22 where id=1/*hang*/;]===
dble:[[]]
===file:sqls_util/transaction/lock.sql, id:185, sql:[commit;]===
dble:[[]]
===file:sqls_util/transaction/lock.sql, id:187, sql:[update test1 set pad=22 where id=2;]===
dble:[[]]
===file:sqls_util/transaction/lock.sql, id:188, sql:[select * from test1 order by id;]===
dble:[((1L, 1L, '1', 22L, 1551964562165L), (2L, 2L, '2', 22L, 1551964582558L), (3L, 3L, '3', 3L, 1551964559794L), (4L, 4L, '4', 4L, 1551964559794L), (5L, 5L, '5', 5L, 1551964559794L), (6L, 6L, '6', 6L, 1551964559794L))]
===file:sqls_util/transaction/lock.sql, id:189, sql:[commit;]===
dble:[[]]
===file:sqls_util/transaction/lock.sql, id:190, sql:[select * from test1 order by id;]===
dble:[((1L, 1L, '1', 22L, 1551964562165L), (2L, 2L, '2', 22L, 1551964582558L), (3L, 3L, '3', 3L, 1551964559794L), (4L, 4L, '4', 4L, 1551964559794L), (5L, 5L, '5', 5L, 1551964559794L), (6L, 6L, '6', 6L, 1551964559794L))]
===file:sqls_util/transaction/lock.sql, id:193, sql:[delete from test1;]===
dble:[[]]
===file:sqls_util/transaction/lock.sql, id:194, sql:[delete from schema2.test2;]===
dble:[[]]
===file:sqls_util/transaction/lock.sql, id:195, sql:[insert into test1 values(1,1,1,1),(2,2,2,2),(3,3,3,3),(4,4,4,4),(5,5,5,5),(6,6,6,6);]===
dble:[[]]
===file:sqls_util/transaction/lock.sql, id:196, sql:[insert into schema2.test2 values(1,1,1,1),(2,2,2,2),(3,3,3,3),(4,4,4,4),(5,5,5,5),(6,6,6,6);]===
dble:[[]]
===file:sqls_util/transaction/lock.sql, id:197, sql:[begin;]===
dble:[[]]
===file:sqls_util/transaction/lock.sql, id:198, sql:[select * from test1 a,(select * from schema2.test2 for update)b where a.pad=b.pad order by a.id;]===
dble:[((1L, 1L, '1', 1L, 1551964585692L, 1L, 1L, '1', 1L, 1551964585733L), (2L, 2L, '2', 2L, 1551964585692L, 2L, 2L, '2', 2L, 1551964585733L), (3L, 3L, '3', 3L, 1551964585692L, 3L, 3L, '3', 3L, 1551964585733L), (4L, 4L, '4', 4L, 1551964585692L, 4L, 4L, '4', 4L, 1551964585734L), (5L, 5L, '5', 5L, 1551964585692L, 5L, 5L, '5', 5L, 1551964585734L), (6L, 6L, '6', 6L, 1551964585692L, 6L, 6L, '6', 6L, 1551964585734L))]
===file:sqls_util/transaction/lock.sql, id:200, sql:[begin;]===
dble:[[]]
===file:sqls_util/transaction/lock.sql, id:201, sql:[update test1 set pad=22 where id=1;]===
dble:[[]]
===file:sqls_util/transaction/lock.sql, id:202, sql:[update schema2.test2 set pad=22 where id=1/*hang*/;]===
dble:[[]]
===file:sqls_util/transaction/lock.sql, id:204, sql:[rollback;]===
dble:[[]]
===file:sqls_util/transaction/lock.sql, id:206, sql:[update test1 set pad=22 where id=2;]===
dble:[[]]
===file:sqls_util/transaction/lock.sql, id:207, sql:[select * from test1 order by id;]===
dble:[((1L, 1L, '1', 22L), (2L, 2L, '2', 22L), (3L, 3L, '3', 3L), (4L, 4L, '4', 4L), (5L, 5L, '5', 5L), (6L, 6L, '6', 6L))]
===file:sqls_util/transaction/lock.sql, id:208, sql:[commit;]===
dble:[[]]
===file:sqls_util/transaction/lock.sql, id:209, sql:[select * from test1 order by id;]===
dble:[((1L, 1L, '1', 22L, 1551964588339L), (2L, 2L, '2', 22L, 1551964607201L), (3L, 3L, '3', 3L, 1551964585692L), (4L, 4L, '4', 4L, 1551964585692L), (5L, 5L, '5', 5L, 1551964585692L), (6L, 6L, '6', 6L, 1551964585692L))]
===file:sqls_util/transaction/lock.sql, id:212, sql:[delete from test1;]===
dble:[[]]
===file:sqls_util/transaction/lock.sql, id:213, sql:[insert into test1 values(1,1,1,1),(2,2,2,2),(3,3,3,3),(4,4,4,4),(5,5,5,5),(6,6,6,6);]===
dble:[[]]
===file:sqls_util/transaction/lock.sql, id:214, sql:[begin;]===
dble:[[]]
===file:sqls_util/transaction/lock.sql, id:215, sql:[select * from test1 where k=2 for update;]===
dble:[[(2L, 2L, '2', 2L, 1551964609640L)]]
===file:sqls_util/transaction/lock.sql, id:217, sql:[begin;]===
dble:[[]]
===file:sqls_util/transaction/lock.sql, id:218, sql:[update test1 set pad=22 where id=1;]===
dble:[[]]
===file:sqls_util/transaction/lock.sql, id:219, sql:[update test1 set pad=22 where id=2;]===
dble:[[]]
===file:sqls_util/transaction/lock.sql, id:221, sql:[commit;]===
dble:[[]]
===file:sqls_util/transaction/lock.sql, id:223, sql:[select * from test1 order by id;]===
dble:[((1L, 1L, '1', 22L), (2L, 2L, '2', 22L), (3L, 3L, '3', 3L), (4L, 4L, '4', 4L), (5L, 5L, '5', 5L), (6L, 6L, '6', 6L))]
===file:sqls_util/transaction/lock.sql, id:224, sql:[commit;]===
dble:[[]]
===file:sqls_util/transaction/lock.sql, id:225, sql:[select * from test1 order by id;]===
dble:[((1L, 1L, '1', 22L, 1551964611845L), (2L, 2L, '2', 22L, 1551964612006L), (3L, 3L, '3', 3L, 1551964609640L), (4L, 4L, '4', 4L, 1551964609640L), (5L, 5L, '5', 5L, 1551964609640L), (6L, 6L, '6', 6L, 1551964609640L))]
===file:sqls_util/transaction/lock.sql, id:228, sql:[delete from test1;]===
dble:[[]]
===file:sqls_util/transaction/lock.sql, id:229, sql:[insert into test1 values(1,1,1,1),(2,2,2,2),(3,3,3,3),(4,4,4,4),(5,5,5,5),(6,6,6,6);]===
dble:[[]]
===file:sqls_util/transaction/lock.sql, id:230, sql:[begin;]===
dble:[[]]
===file:sqls_util/transaction/lock.sql, id:231, sql:[select * from test1 where k=2 for update;]===
dble:[[(2L, 2L, '2', 2L, 1551964634300L)]]
===file:sqls_util/transaction/lock.sql, id:233, sql:[begin;]===
dble:[[]]
===file:sqls_util/transaction/lock.sql, id:234, sql:[update test1 set pad=22 where id=1;]===
dble:[[]]
===file:sqls_util/transaction/lock.sql, id:235, sql:[update test1 set pad=22 where id=2;]===
dble:[[]]
===file:sqls_util/transaction/lock.sql, id:237, sql:[rollback;]===
dble:[[]]
===file:sqls_util/transaction/lock.sql, id:239, sql:[select * from test1 order by id;]===
dble:[((1L, 1L, '1', 22L), (2L, 2L, '2', 22L), (3L, 3L, '3', 3L), (4L, 4L, '4', 4L), (5L, 5L, '5', 5L), (6L, 6L, '6', 6L))]
===file:sqls_util/transaction/lock.sql, id:240, sql:[commit;]===
dble:[[]]
===file:sqls_util/transaction/lock.sql, id:241, sql:[select * from test1 order by id;]===
dble:[((1L, 1L, '1', 22L), (2L, 2L, '2', 22L), (3L, 3L, '3', 3L), (4L, 4L, '4', 4L), (5L, 5L, '5', 5L), (6L, 6L, '6', 6L))]
===file:sqls_util/transaction/lock.sql, id:244, sql:[delete from test1;]===
dble:[[]]
===file:sqls_util/transaction/lock.sql, id:245, sql:[insert into test1 values(1,1,1,1),(2,2,2,2),(3,3,3,3),(4,4,4,4),(5,5,5,5),(6,6,6,6);]===
dble:[[]]
===file:sqls_util/transaction/lock.sql, id:246, sql:[begin;]===
dble:[[]]
===file:sqls_util/transaction/lock.sql, id:247, sql:[select * from test1 where pad=2 for update;]===
dble:[[(2L, 2L, '2', 2L)]]
===file:sqls_util/transaction/lock.sql, id:249, sql:[begin;]===
dble:[[]]
===file:sqls_util/transaction/lock.sql, id:250, sql:[update test1 set pad=22 where id=1;]===
dble:[[]]
===file:sqls_util/transaction/lock.sql, id:252, sql:[commit;]===
dble:[[]]
===file:sqls_util/transaction/lock.sql, id:254, sql:[select * from test1 order by id;]===
dble:[((1L, 1L, '1', 22L, 1551964660401L), (2L, 2L, '2', 2L, 1551964658093L), (3L, 3L, '3', 3L, 1551964658093L), (4L, 4L, '4', 4L, 1551964658093L), (5L, 5L, '5', 5L, 1551964658093L), (6L, 6L, '6', 6L, 1551964658093L))]
===file:sqls_util/transaction/lock.sql, id:255, sql:[commit;]===
dble:[[]]
===file:sqls_util/transaction/lock.sql, id:256, sql:[select * from test1 order by id;]===
dble:[((1L, 1L, '1', 22L, 1551964660401L), (2L, 2L, '2', 2L, 1551964658093L), (3L, 3L, '3', 3L, 1551964658093L), (4L, 4L, '4', 4L, 1551964658093L), (5L, 5L, '5', 5L, 1551964658093L), (6L, 6L, '6', 6L, 1551964658093L))]
===file:sqls_util/transaction/lock.sql, id:259, sql:[delete from test1;]===
dble:[[]]
===file:sqls_util/transaction/lock.sql, id:260, sql:[insert into test1 values(1,1,1,1),(2,2,2,2),(3,3,3,3),(4,4,4,4),(5,5,5,5),(6,6,6,6);]===
dble:[[]]
===file:sqls_util/transaction/lock.sql, id:261, sql:[begin;]===
dble:[[]]
===file:sqls_util/transaction/lock.sql, id:262, sql:[select * from test1 where pad=2 for update;]===
dble:[[(2L, 2L, '2', 2L, 1551964677234L)]]
===file:sqls_util/transaction/lock.sql, id:264, sql:[begin;]===
dble:[[]]
===file:sqls_util/transaction/lock.sql, id:265, sql:[update test1 set pad=22 where id=1;]===
dble:[[]]
===file:sqls_util/transaction/lock.sql, id:267, sql:[rollback;]===
dble:[[]]
===file:sqls_util/transaction/lock.sql, id:269, sql:[select * from test1 order by id;]===
dble:[((1L, 1L, '1', 22L, 1551964679646L), (2L, 2L, '2', 2L, 1551964677234L), (3L, 3L, '3', 3L, 1551964677234L), (4L, 4L, '4', 4L, 1551964677234L), (5L, 5L, '5', 5L, 1551964677234L), (6L, 6L, '6', 6L, 1551964677234L))]
===file:sqls_util/transaction/lock.sql, id:270, sql:[commit;]===
dble:[[]]
===file:sqls_util/transaction/lock.sql, id:271, sql:[select * from test1 order by id;]===
dble:[((1L, 1L, '1', 22L, 1551964679646L), (2L, 2L, '2', 2L, 1551964677234L), (3L, 3L, '3', 3L, 1551964677234L), (4L, 4L, '4', 4L, 1551964677234L), (5L, 5L, '5', 5L, 1551964677234L), (6L, 6L, '6', 6L, 1551964677234L))]
===file:sqls_util/transaction/lock.sql, id:275, sql:[drop table if exists test1;]===
dble:[[]]
===file:sqls_util/transaction/lock.sql, id:276, sql:[drop table if exists schema2.test2;]===
dble:[[]]
