===file:sqls_util/transaction/trx_syntax.sql, id:11, sql:[select * from test1 order by id]===
dble:[((1L, 1L, '1', 1L, 1550742839143L),)]
mysql:[((1L, 1L, '1', 1L),)]
===file:sqls_util/transaction/trx_syntax.sql, id:13, sql:[select * from test1 order by id]===
dble:[((1L, 1L, '1', 1L, 1550742839143L),)]
mysql:[((1L, 1L, '1', 1L),)]
===file:sqls_util/transaction/trx_syntax.sql, id:16, sql:[select * from test1 order by id]===
dble:[((1L, 1L, '1', 10L, 1550742839436L),)]
mysql:[((1L, 1L, '1', 10L),)]
===file:sqls_util/transaction/trx_syntax.sql, id:23, sql:[select * from test1 order by id]===
dble:[((1L, 1L, '1', 1L, 1550742839861L),)]
mysql:[((1L, 1L, '1', 1L),)]
===file:sqls_util/transaction/trx_syntax.sql, id:35, sql:[select * from test1 order by id]===
dble:[((1L, 1L, '1', 1L, 1550742840632L), (2L, 2L, '2', 2L, 1550742840632L))]
mysql:[((1L, 1L, '1', 1L), (2L, 2L, '2', 2L))]
===file:sqls_util/transaction/trx_syntax.sql, id:37, sql:[select * from test1 order by id]===
dble:[((1L, 1L, '1', 1L, 1550742840632L), (2L, 2L, '2', 2L, 1550742840632L))]
mysql:[((1L, 1L, '1', 1L), (2L, 2L, '2', 2L))]
===file:sqls_util/transaction/trx_syntax.sql, id:40, sql:[select * from test1 order by id]===
dble:[((1L, 1L, '1', 10L, 1550742840960L), (2L, 2L, '2', 10L, 1550742840960L))]
mysql:[((1L, 1L, '1', 10L), (2L, 2L, '2', 10L))]
===file:sqls_util/transaction/trx_syntax.sql, id:47, sql:[select * from test1 order by id]===
dble:[((1L, 1L, '1', 1L, 1550742841383L), (2L, 2L, '2', 2L, 1550742841383L))]
mysql:[((1L, 1L, '1', 1L), (2L, 2L, '2', 2L))]
===file:sqls_util/transaction/trx_syntax.sql, id:59, sql:[select * from test1 order by id]===
dble:[((1L, 1L, '1', 1L, 1550742842180L), (2L, 2L, '2', 2L, 1550742842180L), (3L, 3L, '3', 3L, 1550742842180L))]
mysql:[((1L, 1L, '1', 1L), (2L, 2L, '2', 2L), (3L, 3L, '3', 3L))]
===file:sqls_util/transaction/trx_syntax.sql, id:61, sql:[select * from test1 order by id]===
dble:[((1L, 1L, '1', 1L, 1550742842180L), (2L, 2L, '2', 2L, 1550742842180L), (3L, 3L, '3', 3L, 1550742842180L))]
mysql:[((1L, 1L, '1', 1L), (2L, 2L, '2', 2L), (3L, 3L, '3', 3L))]
===file:sqls_util/transaction/trx_syntax.sql, id:64, sql:[select * from test1 order by id]===
dble:[((1L, 1L, '1', 10L, 1550742842502L), (2L, 2L, '2', 10L, 1550742842502L), (3L, 3L, '3', 10L, 1550742842502L))]
mysql:[((1L, 1L, '1', 10L), (2L, 2L, '2', 10L), (3L, 3L, '3', 10L))]
===file:sqls_util/transaction/trx_syntax.sql, id:71, sql:[select * from test1 order by id]===
dble:[((1L, 1L, '1', 1L, 1550742842924L), (2L, 2L, '2', 2L, 1550742842924L), (3L, 3L, '3', 3L, 1550742842924L))]
mysql:[((1L, 1L, '1', 1L), (2L, 2L, '2', 2L), (3L, 3L, '3', 3L))]
===file:sqls_util/transaction/trx_syntax.sql, id:83, sql:[select * from test1 order by id]===
dble:[((1L, 1L, '1', 1L, 1550742843721L), (2L, 2L, '2', 2L, 1550742843721L), (3L, 3L, '3', 3L, 1550742843721L), (4L, 4L, '4', 4L, 1550742843721L))]
mysql:[((1L, 1L, '1', 1L), (2L, 2L, '2', 2L), (3L, 3L, '3', 3L), (4L, 4L, '4', 4L))]
===file:sqls_util/transaction/trx_syntax.sql, id:85, sql:[select * from test1 order by id]===
dble:[((1L, 1L, '1', 1L, 1550742843721L), (2L, 2L, '2', 2L, 1550742843721L), (3L, 3L, '3', 3L, 1550742843721L), (4L, 4L, '4', 4L, 1550742843721L))]
mysql:[((1L, 1L, '1', 1L), (2L, 2L, '2', 2L), (3L, 3L, '3', 3L), (4L, 4L, '4', 4L))]
===file:sqls_util/transaction/trx_syntax.sql, id:88, sql:[select * from test1 order by id]===
dble:[((1L, 1L, '1', 10L, 1550742844044L), (2L, 2L, '2', 10L, 1550742844044L), (3L, 3L, '3', 10L, 1550742844044L), (4L, 4L, '4', 10L, 1550742844044L))]
mysql:[((1L, 1L, '1', 10L), (2L, 2L, '2', 10L), (3L, 3L, '3', 10L), (4L, 4L, '4', 10L))]
===file:sqls_util/transaction/trx_syntax.sql, id:95, sql:[select * from test1 order by id]===
dble:[((1L, 1L, '1', 1L, 1550742844466L), (2L, 2L, '2', 2L, 1550742844466L), (3L, 3L, '3', 3L, 1550742844466L), (4L, 4L, '4', 4L, 1550742844466L))]
mysql:[((1L, 1L, '1', 1L), (2L, 2L, '2', 2L), (3L, 3L, '3', 3L), (4L, 4L, '4', 4L))]
===file:sqls_util/transaction/trx_syntax.sql, id:104, sql:[begin work]===
dble:[None]
mysql:[()]
[09:54:05.105249]dble err :(1064, "syntax error, error in :'egin work', expect IDENTIFIER, actual IDENTIFIER pos 10, line 1, column 11, token IDENTIFIER work")
===file:sqls_util/transaction/trx_syntax.sql, id:107, sql:[select * from test1 order by id]===
dble:[((1L, 1L, '1', 1L, 1550742845239L),)]
mysql:[((1L, 1L, '1', 1L),)]
===file:sqls_util/transaction/trx_syntax.sql, id:109, sql:[select * from test1 order by id]===
dble:[((1L, 1L, '1', 1L, 1550742845239L),)]
mysql:[((1L, 1L, '1', 1L),)]
===file:sqls_util/transaction/trx_syntax.sql, id:112, sql:[select * from test1 order by id]===
dble:[((1L, 1L, '1', 10L, 1550742845516L),)]
mysql:[((1L, 1L, '1', 10L),)]
===file:sqls_util/transaction/trx_syntax.sql, id:116, sql:[begin work]===
dble:[None]
mysql:[()]
[09:54:05.812772]dble err :(1064, "syntax error, error in :'egin work', expect IDENTIFIER, actual IDENTIFIER pos 10, line 1, column 11, token IDENTIFIER work")
===file:sqls_util/transaction/trx_syntax.sql, id:119, sql:[select * from test1 order by id]===
dble:[((1L, 1L, '1', 1L, 1550742845968L),)]
mysql:[((1L, 1L, '1', 1L),)]
===file:sqls_util/transaction/trx_syntax.sql, id:121, sql:[select * from test1 order by id]===
dble:[((1L, 1L, '1', 1L, 1550742845968L),)]
mysql:[()]
===file:sqls_util/transaction/trx_syntax.sql, id:124, sql:[select * from test1 order by id]===
dble:[((1L, 1L, '1', 10L, 1550742846290L),)]
mysql:[()]
===file:sqls_util/transaction/trx_syntax.sql, id:128, sql:[begin work]===
dble:[None]
mysql:[()]
[09:54:06.616357]dble err :(1064, "syntax error, error in :'egin work', expect IDENTIFIER, actual IDENTIFIER pos 10, line 1, column 11, token IDENTIFIER work")
===file:sqls_util/transaction/trx_syntax.sql, id:131, sql:[select * from test1 order by id]===
dble:[((1L, 1L, '1', 1L, 1550742846773L), (2L, 2L, '2', 2L, 1550742846773L))]
mysql:[((1L, 1L, '1', 1L), (2L, 2L, '2', 2L))]
===file:sqls_util/transaction/trx_syntax.sql, id:133, sql:[select * from test1 order by id]===
dble:[((1L, 1L, '1', 1L, 1550742846773L), (2L, 2L, '2', 2L, 1550742846773L))]
mysql:[((1L, 1L, '1', 1L), (2L, 2L, '2', 2L))]
===file:sqls_util/transaction/trx_syntax.sql, id:136, sql:[select * from test1 order by id]===
dble:[((1L, 1L, '1', 10L, 1550742847093L), (2L, 2L, '2', 10L, 1550742847093L))]
mysql:[((1L, 1L, '1', 10L), (2L, 2L, '2', 10L))]
===file:sqls_util/transaction/trx_syntax.sql, id:140, sql:[begin work]===
dble:[None]
mysql:[()]
[09:54:07.389604]dble err :(1064, "syntax error, error in :'egin work', expect IDENTIFIER, actual IDENTIFIER pos 10, line 1, column 11, token IDENTIFIER work")
===file:sqls_util/transaction/trx_syntax.sql, id:143, sql:[select * from test1 order by id]===
dble:[((1L, 1L, '1', 1L, 1550742847548L), (2L, 2L, '2', 2L, 1550742847548L))]
mysql:[((1L, 1L, '1', 1L), (2L, 2L, '2', 2L))]
===file:sqls_util/transaction/trx_syntax.sql, id:145, sql:[select * from test1 order by id]===
dble:[((1L, 1L, '1', 1L, 1550742847548L), (2L, 2L, '2', 2L, 1550742847548L))]
mysql:[()]
===file:sqls_util/transaction/trx_syntax.sql, id:148, sql:[select * from test1 order by id]===
dble:[((1L, 1L, '1', 10L, 1550742847839L), (2L, 2L, '2', 10L, 1550742847839L))]
mysql:[()]
===file:sqls_util/transaction/trx_syntax.sql, id:152, sql:[begin work]===
dble:[None]
mysql:[()]
[09:54:08.161585]dble err :(1064, "syntax error, error in :'egin work', expect IDENTIFIER, actual IDENTIFIER pos 10, line 1, column 11, token IDENTIFIER work")
===file:sqls_util/transaction/trx_syntax.sql, id:155, sql:[select * from test1 order by id]===
dble:[((1L, 1L, '1', 1L, 1550742848320L), (2L, 2L, '2', 2L, 1550742848320L), (3L, 3L, '3', 3L, 1550742848320L))]
mysql:[((1L, 1L, '1', 1L), (2L, 2L, '2', 2L), (3L, 3L, '3', 3L))]
===file:sqls_util/transaction/trx_syntax.sql, id:157, sql:[select * from test1 order by id]===
dble:[((1L, 1L, '1', 1L, 1550742848320L), (2L, 2L, '2', 2L, 1550742848320L), (3L, 3L, '3', 3L, 1550742848320L))]
mysql:[((1L, 1L, '1', 1L), (2L, 2L, '2', 2L), (3L, 3L, '3', 3L))]
===file:sqls_util/transaction/trx_syntax.sql, id:160, sql:[select * from test1 order by id]===
dble:[((1L, 1L, '1', 10L, 1550742848637L), (2L, 2L, '2', 10L, 1550742848637L), (3L, 3L, '3', 10L, 1550742848637L))]
mysql:[((1L, 1L, '1', 10L), (2L, 2L, '2', 10L), (3L, 3L, '3', 10L))]
===file:sqls_util/transaction/trx_syntax.sql, id:164, sql:[begin work]===
dble:[None]
mysql:[()]
[09:54:08.960154]dble err :(1064, "syntax error, error in :'egin work', expect IDENTIFIER, actual IDENTIFIER pos 10, line 1, column 11, token IDENTIFIER work")
===file:sqls_util/transaction/trx_syntax.sql, id:167, sql:[select * from test1 order by id]===
dble:[((1L, 1L, '1', 1L, 1550742849117L), (2L, 2L, '2', 2L, 1550742849117L), (3L, 3L, '3', 3L, 1550742849117L))]
mysql:[((1L, 1L, '1', 1L), (2L, 2L, '2', 2L), (3L, 3L, '3', 3L))]
===file:sqls_util/transaction/trx_syntax.sql, id:169, sql:[select * from test1 order by id]===
dble:[((1L, 1L, '1', 1L, 1550742849117L), (2L, 2L, '2', 2L, 1550742849117L), (3L, 3L, '3', 3L, 1550742849117L))]
mysql:[()]
===file:sqls_util/transaction/trx_syntax.sql, id:172, sql:[select * from test1 order by id]===
dble:[((1L, 1L, '1', 10L, 1550742849406L), (2L, 2L, '2', 10L, 1550742849406L), (3L, 3L, '3', 10L, 1550742849406L))]
mysql:[()]
===file:sqls_util/transaction/trx_syntax.sql, id:176, sql:[begin work]===
dble:[None]
mysql:[()]
[09:54:09.729493]dble err :(1064, "syntax error, error in :'egin work', expect IDENTIFIER, actual IDENTIFIER pos 10, line 1, column 11, token IDENTIFIER work")
===file:sqls_util/transaction/trx_syntax.sql, id:179, sql:[select * from test1 order by id]===
dble:[((1L, 1L, '1', 1L, 1550742849885L), (2L, 2L, '2', 2L, 1550742849885L), (3L, 3L, '3', 3L, 1550742849885L), (4L, 4L, '4', 4L, 1550742849885L))]
mysql:[((1L, 1L, '1', 1L), (2L, 2L, '2', 2L), (3L, 3L, '3', 3L), (4L, 4L, '4', 4L))]
===file:sqls_util/transaction/trx_syntax.sql, id:181, sql:[select * from test1 order by id]===
dble:[((1L, 1L, '1', 1L, 1550742849885L), (2L, 2L, '2', 2L, 1550742849885L), (3L, 3L, '3', 3L, 1550742849885L), (4L, 4L, '4', 4L, 1550742849885L))]
mysql:[((1L, 1L, '1', 1L), (2L, 2L, '2', 2L), (3L, 3L, '3', 3L), (4L, 4L, '4', 4L))]
===file:sqls_util/transaction/trx_syntax.sql, id:184, sql:[select * from test1 order by id]===
dble:[((1L, 1L, '1', 10L, 1550742850208L), (2L, 2L, '2', 10L, 1550742850208L), (3L, 3L, '3', 10L, 1550742850208L), (4L, 4L, '4', 10L, 1550742850208L))]
mysql:[((1L, 1L, '1', 10L), (2L, 2L, '2', 10L), (3L, 3L, '3', 10L), (4L, 4L, '4', 10L))]
===file:sqls_util/transaction/trx_syntax.sql, id:188, sql:[begin work]===
dble:[None]
mysql:[()]
[09:54:10.470031]dble err :(1064, "syntax error, error in :'egin work', expect IDENTIFIER, actual IDENTIFIER pos 10, line 1, column 11, token IDENTIFIER work")
===file:sqls_util/transaction/trx_syntax.sql, id:191, sql:[select * from test1 order by id]===
dble:[((1L, 1L, '1', 1L, 1550742850633L), (2L, 2L, '2', 2L, 1550742850633L), (3L, 3L, '3', 3L, 1550742850633L), (4L, 4L, '4', 4L, 1550742850633L))]
mysql:[((1L, 1L, '1', 1L), (2L, 2L, '2', 2L), (3L, 3L, '3', 3L), (4L, 4L, '4', 4L))]
===file:sqls_util/transaction/trx_syntax.sql, id:193, sql:[select * from test1 order by id]===
dble:[((1L, 1L, '1', 1L, 1550742850633L), (2L, 2L, '2', 2L, 1550742850633L), (3L, 3L, '3', 3L, 1550742850633L), (4L, 4L, '4', 4L, 1550742850633L))]
mysql:[()]
===file:sqls_util/transaction/trx_syntax.sql, id:196, sql:[select * from test1 order by id]===
dble:[((1L, 1L, '1', 10L, 1550742850927L), (2L, 2L, '2', 10L, 1550742850927L), (3L, 3L, '3', 10L, 1550742850927L), (4L, 4L, '4', 10L, 1550742850927L))]
mysql:[()]
===file:sqls_util/transaction/trx_syntax.sql, id:203, sql:[select * from test1 order by id]===
dble:[((1L, 1L, '1', 1L, 1550742851380L),)]
mysql:[((1L, 1L, '1', 1L),)]
===file:sqls_util/transaction/trx_syntax.sql, id:205, sql:[select * from test1 order by id]===
dble:[((1L, 1L, '1', 1L, 1550742851380L),)]
mysql:[((1L, 1L, '1', 1L),)]
===file:sqls_util/transaction/trx_syntax.sql, id:208, sql:[select * from test1 order by id]===
dble:[((1L, 1L, '1', 10L, 1550742851700L),)]
mysql:[((1L, 1L, '1', 10L),)]
===file:sqls_util/transaction/trx_syntax.sql, id:215, sql:[select * from test1 order by id]===
dble:[((1L, 1L, '1', 1L, 1550742852179L),)]
mysql:[((1L, 1L, '1', 1L),)]
===file:sqls_util/transaction/trx_syntax.sql, id:227, sql:[select * from test1 order by id]===
dble:[((1L, 1L, '1', 1L, 1550742852994L), (2L, 2L, '2', 2L, 1550742852994L))]
mysql:[((1L, 1L, '1', 1L), (2L, 2L, '2', 2L))]
===file:sqls_util/transaction/trx_syntax.sql, id:229, sql:[select * from test1 order by id]===
dble:[((1L, 1L, '1', 1L, 1550742852994L), (2L, 2L, '2', 2L, 1550742852994L))]
mysql:[((1L, 1L, '1', 1L), (2L, 2L, '2', 2L))]
===file:sqls_util/transaction/trx_syntax.sql, id:232, sql:[select * from test1 order by id]===
dble:[((1L, 1L, '1', 10L, 1550742853314L), (2L, 2L, '2', 10L, 1550742853314L))]
mysql:[((1L, 1L, '1', 10L), (2L, 2L, '2', 10L))]
===file:sqls_util/transaction/trx_syntax.sql, id:239, sql:[select * from test1 order by id]===
dble:[((1L, 1L, '1', 1L, 1550742853760L), (2L, 2L, '2', 2L, 1550742853760L))]
mysql:[((1L, 1L, '1', 1L), (2L, 2L, '2', 2L))]
===file:sqls_util/transaction/trx_syntax.sql, id:251, sql:[select * from test1 order by id]===
dble:[((1L, 1L, '1', 1L, 1550742854558L), (2L, 2L, '2', 2L, 1550742854558L), (3L, 3L, '3', 3L, 1550742854558L))]
mysql:[((1L, 1L, '1', 1L), (2L, 2L, '2', 2L), (3L, 3L, '3', 3L))]
===file:sqls_util/transaction/trx_syntax.sql, id:253, sql:[select * from test1 order by id]===
dble:[((1L, 1L, '1', 1L, 1550742854558L), (2L, 2L, '2', 2L, 1550742854558L), (3L, 3L, '3', 3L, 1550742854558L))]
mysql:[((1L, 1L, '1', 1L), (2L, 2L, '2', 2L), (3L, 3L, '3', 3L))]
===file:sqls_util/transaction/trx_syntax.sql, id:256, sql:[select * from test1 order by id]===
dble:[((1L, 1L, '1', 10L, 1550742854884L), (2L, 2L, '2', 10L, 1550742854884L), (3L, 3L, '3', 10L, 1550742854884L))]
mysql:[((1L, 1L, '1', 10L), (2L, 2L, '2', 10L), (3L, 3L, '3', 10L))]
===file:sqls_util/transaction/trx_syntax.sql, id:263, sql:[select * from test1 order by id]===
dble:[((1L, 1L, '1', 1L, 1550742855303L), (2L, 2L, '2', 2L, 1550742855303L), (3L, 3L, '3', 3L, 1550742855303L))]
mysql:[((1L, 1L, '1', 1L), (2L, 2L, '2', 2L), (3L, 3L, '3', 3L))]
===file:sqls_util/transaction/trx_syntax.sql, id:275, sql:[select * from test1 order by id]===
dble:[((1L, 1L, '1', 1L, 1550742856105L), (2L, 2L, '2', 2L, 1550742856105L), (3L, 3L, '3', 3L, 1550742856105L), (4L, 4L, '4', 4L, 1550742856105L))]
mysql:[((1L, 1L, '1', 1L), (2L, 2L, '2', 2L), (3L, 3L, '3', 3L), (4L, 4L, '4', 4L))]
===file:sqls_util/transaction/trx_syntax.sql, id:277, sql:[select * from test1 order by id]===
dble:[((1L, 1L, '1', 1L, 1550742856105L), (2L, 2L, '2', 2L, 1550742856105L), (3L, 3L, '3', 3L, 1550742856105L), (4L, 4L, '4', 4L, 1550742856105L))]
mysql:[((1L, 1L, '1', 1L), (2L, 2L, '2', 2L), (3L, 3L, '3', 3L), (4L, 4L, '4', 4L))]
===file:sqls_util/transaction/trx_syntax.sql, id:280, sql:[select * from test1 order by id]===
dble:[((1L, 1L, '1', 10L, 1550742856426L), (2L, 2L, '2', 10L, 1550742856426L), (3L, 3L, '3', 10L, 1550742856426L), (4L, 4L, '4', 10L, 1550742856426L))]
mysql:[((1L, 1L, '1', 10L), (2L, 2L, '2', 10L), (3L, 3L, '3', 10L), (4L, 4L, '4', 10L))]
===file:sqls_util/transaction/trx_syntax.sql, id:287, sql:[select * from test1 order by id]===
dble:[((1L, 1L, '1', 1L, 1550742856908L), (2L, 2L, '2', 2L, 1550742856908L), (3L, 3L, '3', 3L, 1550742856908L), (4L, 4L, '4', 4L, 1550742856908L))]
mysql:[((1L, 1L, '1', 1L), (2L, 2L, '2', 2L), (3L, 3L, '3', 3L), (4L, 4L, '4', 4L))]
===file:sqls_util/transaction/trx_syntax.sql, id:299, sql:[select * from test1 order by id]===
dble:[((1L, 1L, '1', 1L, 1550742857710L),)]
mysql:[((1L, 1L, '1', 1L),)]
===file:sqls_util/transaction/trx_syntax.sql, id:301, sql:[select * from test1 order by id]===
dble:[((1L, 1L, '1', 1L, 1550742857710L),)]
mysql:[((1L, 1L, '1', 1L),)]
===file:sqls_util/transaction/trx_syntax.sql, id:304, sql:[select * from test1 order by id]===
dble:[((1L, 1L, '1', 1L, 1550742857710L),)]
mysql:[((1L, 1L, '1', 1L),)]
===file:sqls_util/transaction/trx_syntax.sql, id:312, sql:[select * from test1 order by id]===
dble:[((1L, 1L, '1', 1L, 1550742858558L),)]
mysql:[((1L, 1L, '1', 1L),)]
===file:sqls_util/transaction/trx_syntax.sql, id:325, sql:[select * from test1 order by id]===
dble:[((1L, 1L, '1', 1L, 1550742859432L), (2L, 2L, '2', 2L, 1550742859432L))]
mysql:[((1L, 1L, '1', 1L), (2L, 2L, '2', 2L))]
===file:sqls_util/transaction/trx_syntax.sql, id:327, sql:[select * from test1 order by id]===
dble:[((1L, 1L, '1', 1L, 1550742859432L), (2L, 2L, '2', 2L, 1550742859432L))]
mysql:[((1L, 1L, '1', 1L), (2L, 2L, '2', 2L))]
===file:sqls_util/transaction/trx_syntax.sql, id:330, sql:[select * from test1 order by id]===
dble:[((1L, 1L, '1', 1L, 1550742859432L), (2L, 2L, '2', 2L, 1550742859432L))]
mysql:[((1L, 1L, '1', 1L), (2L, 2L, '2', 2L))]
===file:sqls_util/transaction/trx_syntax.sql, id:338, sql:[select * from test1 order by id]===
dble:[((1L, 1L, '1', 1L, 1550742860312L), (2L, 2L, '2', 2L, 1550742860312L))]
mysql:[((1L, 1L, '1', 1L), (2L, 2L, '2', 2L))]
===file:sqls_util/transaction/trx_syntax.sql, id:351, sql:[select * from test1 order by id]===
dble:[((1L, 1L, '1', 1L, 1550742861185L), (2L, 2L, '2', 2L, 1550742861185L), (3L, 3L, '3', 3L, 1550742861185L))]
mysql:[((1L, 1L, '1', 1L), (2L, 2L, '2', 2L), (3L, 3L, '3', 3L))]
===file:sqls_util/transaction/trx_syntax.sql, id:353, sql:[select * from test1 order by id]===
dble:[((1L, 1L, '1', 1L, 1550742861185L), (2L, 2L, '2', 2L, 1550742861185L), (3L, 3L, '3', 3L, 1550742861185L))]
mysql:[((1L, 1L, '1', 1L), (2L, 2L, '2', 2L), (3L, 3L, '3', 3L))]
===file:sqls_util/transaction/trx_syntax.sql, id:356, sql:[select * from test1 order by id]===
dble:[((1L, 1L, '1', 1L, 1550742861185L), (2L, 2L, '2', 2L, 1550742861185L), (3L, 3L, '3', 3L, 1550742861185L))]
mysql:[((1L, 1L, '1', 1L), (2L, 2L, '2', 2L), (3L, 3L, '3', 3L))]
===file:sqls_util/transaction/trx_syntax.sql, id:364, sql:[select * from test1 order by id]===
dble:[((1L, 1L, '1', 1L, 1550742862040L), (2L, 2L, '2', 2L, 1550742862040L), (3L, 3L, '3', 3L, 1550742862040L))]
mysql:[((1L, 1L, '1', 1L), (2L, 2L, '2', 2L), (3L, 3L, '3', 3L))]
===file:sqls_util/transaction/trx_syntax.sql, id:377, sql:[select * from test1 order by id]===
dble:[((1L, 1L, '1', 1L, 1550742862932L), (2L, 2L, '2', 2L, 1550742862932L), (3L, 3L, '3', 3L, 1550742862932L), (4L, 4L, '4', 4L, 1550742862932L))]
mysql:[((1L, 1L, '1', 1L), (2L, 2L, '2', 2L), (3L, 3L, '3', 3L), (4L, 4L, '4', 4L))]
===file:sqls_util/transaction/trx_syntax.sql, id:379, sql:[select * from test1 order by id]===
dble:[((1L, 1L, '1', 1L, 1550742862932L), (2L, 2L, '2', 2L, 1550742862932L), (3L, 3L, '3', 3L, 1550742862932L), (4L, 4L, '4', 4L, 1550742862932L))]
mysql:[((1L, 1L, '1', 1L), (2L, 2L, '2', 2L), (3L, 3L, '3', 3L), (4L, 4L, '4', 4L))]
===file:sqls_util/transaction/trx_syntax.sql, id:382, sql:[select * from test1 order by id]===
dble:[((1L, 1L, '1', 1L, 1550742862932L), (2L, 2L, '2', 2L, 1550742862932L), (3L, 3L, '3', 3L, 1550742862932L), (4L, 4L, '4', 4L, 1550742862932L))]
mysql:[((1L, 1L, '1', 1L), (2L, 2L, '2', 2L), (3L, 3L, '3', 3L), (4L, 4L, '4', 4L))]
===file:sqls_util/transaction/trx_syntax.sql, id:390, sql:[select * from test1 order by id]===
dble:[((1L, 1L, '1', 1L, 1550742863789L), (2L, 2L, '2', 2L, 1550742863789L), (3L, 3L, '3', 3L, 1550742863789L), (4L, 4L, '4', 4L, 1550742863789L))]
mysql:[((1L, 1L, '1', 1L), (2L, 2L, '2', 2L), (3L, 3L, '3', 3L), (4L, 4L, '4', 4L))]
===file:sqls_util/transaction/trx_syntax.sql, id:403, sql:[select * from test1 order by id]===
dble:[((1L, 1L, '1', 1L, 1550742864664L),)]
mysql:[((1L, 1L, '1', 1L),)]
===file:sqls_util/transaction/trx_syntax.sql, id:405, sql:[select * from test1 order by id]===
dble:[((1L, 1L, '1', 1L, 1550742864664L),)]
mysql:[((1L, 1L, '1', 1L),)]
===file:sqls_util/transaction/trx_syntax.sql, id:408, sql:[select * from test1 order by id]===
dble:[((1L, 1L, '1', 1L, 1550742864664L),)]
mysql:[((1L, 1L, '1', 1L),)]
===file:sqls_util/transaction/trx_syntax.sql, id:416, sql:[select * from test1 order by id]===
dble:[((1L, 1L, '1', 1L, 1550742865550L),)]
mysql:[((1L, 1L, '1', 1L),)]
===file:sqls_util/transaction/trx_syntax.sql, id:429, sql:[select * from test1 order by id]===
dble:[((1L, 1L, '1', 1L, 1550742866399L), (2L, 2L, '2', 2L, 1550742866399L))]
mysql:[((1L, 1L, '1', 1L), (2L, 2L, '2', 2L))]
===file:sqls_util/transaction/trx_syntax.sql, id:431, sql:[select * from test1 order by id]===
dble:[((1L, 1L, '1', 1L, 1550742866399L), (2L, 2L, '2', 2L, 1550742866399L))]
mysql:[((1L, 1L, '1', 1L), (2L, 2L, '2', 2L))]
===file:sqls_util/transaction/trx_syntax.sql, id:434, sql:[select * from test1 order by id]===
dble:[((1L, 1L, '1', 1L, 1550742866399L), (2L, 2L, '2', 2L, 1550742866399L))]
mysql:[((1L, 1L, '1', 1L), (2L, 2L, '2', 2L))]
===file:sqls_util/transaction/trx_syntax.sql, id:442, sql:[select * from test1 order by id]===
dble:[((1L, 1L, '1', 1L, 1550742867234L), (2L, 2L, '2', 2L, 1550742867234L))]
mysql:[((1L, 1L, '1', 1L), (2L, 2L, '2', 2L))]
===file:sqls_util/transaction/trx_syntax.sql, id:455, sql:[select * from test1 order by id]===
dble:[((1L, 1L, '1', 1L, 1550742868111L), (2L, 2L, '2', 2L, 1550742868111L), (3L, 3L, '3', 3L, 1550742868111L))]
mysql:[((1L, 1L, '1', 1L), (2L, 2L, '2', 2L), (3L, 3L, '3', 3L))]
===file:sqls_util/transaction/trx_syntax.sql, id:457, sql:[select * from test1 order by id]===
dble:[((1L, 1L, '1', 1L, 1550742868111L), (2L, 2L, '2', 2L, 1550742868111L), (3L, 3L, '3', 3L, 1550742868111L))]
mysql:[((1L, 1L, '1', 1L), (2L, 2L, '2', 2L), (3L, 3L, '3', 3L))]
===file:sqls_util/transaction/trx_syntax.sql, id:460, sql:[select * from test1 order by id]===
dble:[((1L, 1L, '1', 1L, 1550742868111L), (2L, 2L, '2', 2L, 1550742868111L), (3L, 3L, '3', 3L, 1550742868111L))]
mysql:[((1L, 1L, '1', 1L), (2L, 2L, '2', 2L), (3L, 3L, '3', 3L))]
===file:sqls_util/transaction/trx_syntax.sql, id:468, sql:[select * from test1 order by id]===
dble:[((1L, 1L, '1', 1L, 1550742868996L), (2L, 2L, '2', 2L, 1550742868996L), (3L, 3L, '3', 3L, 1550742868996L))]
mysql:[((1L, 1L, '1', 1L), (2L, 2L, '2', 2L), (3L, 3L, '3', 3L))]
===file:sqls_util/transaction/trx_syntax.sql, id:481, sql:[select * from test1 order by id]===
dble:[((1L, 1L, '1', 1L, 1550742869870L), (2L, 2L, '2', 2L, 1550742869870L), (3L, 3L, '3', 3L, 1550742869871L), (4L, 4L, '4', 4L, 1550742869871L))]
mysql:[((1L, 1L, '1', 1L), (2L, 2L, '2', 2L), (3L, 3L, '3', 3L), (4L, 4L, '4', 4L))]
===file:sqls_util/transaction/trx_syntax.sql, id:483, sql:[select * from test1 order by id]===
dble:[((1L, 1L, '1', 1L, 1550742869870L), (2L, 2L, '2', 2L, 1550742869870L), (3L, 3L, '3', 3L, 1550742869871L), (4L, 4L, '4', 4L, 1550742869871L))]
mysql:[((1L, 1L, '1', 1L), (2L, 2L, '2', 2L), (3L, 3L, '3', 3L), (4L, 4L, '4', 4L))]
===file:sqls_util/transaction/trx_syntax.sql, id:486, sql:[select * from test1 order by id]===
dble:[((1L, 1L, '1', 1L, 1550742869870L), (2L, 2L, '2', 2L, 1550742869870L), (3L, 3L, '3', 3L, 1550742869871L), (4L, 4L, '4', 4L, 1550742869871L))]
mysql:[((1L, 1L, '1', 1L), (2L, 2L, '2', 2L), (3L, 3L, '3', 3L), (4L, 4L, '4', 4L))]
===file:sqls_util/transaction/trx_syntax.sql, id:494, sql:[select * from test1 order by id]===
dble:[((1L, 1L, '1', 1L, 1550742870747L), (2L, 2L, '2', 2L, 1550742870747L), (3L, 3L, '3', 3L, 1550742870747L), (4L, 4L, '4', 4L, 1550742870747L))]
mysql:[((1L, 1L, '1', 1L), (2L, 2L, '2', 2L), (3L, 3L, '3', 3L), (4L, 4L, '4', 4L))]
===file:sqls_util/transaction/trx_syntax.sql, id:504, sql:[start transaction read write]===
dble:[None]
mysql:[()]
[09:54:31.467312]dble err :(1003, 'Unsupported statement')
===file:sqls_util/transaction/trx_syntax.sql, id:509, sql:[start transaction read write]===
dble:[None]
mysql:[()]
[09:54:31.755836]dble err :(1003, 'Unsupported statement')
===file:sqls_util/transaction/trx_syntax.sql, id:510, sql:[select * from test1 order by id]===
dble:[((1L, 1L, '1', 1L, 1550742871626L),)]
mysql:[()]
===file:sqls_util/transaction/trx_syntax.sql, id:515, sql:[select * from test1 order by id]===
dble:[((1L, 1L, '1', 10L, 1550742872093L), (5L, 5L, '5', 5L, 1550742871913L))]
mysql:[((1L, 1L, '1', 10L),)]
===file:sqls_util/transaction/trx_syntax.sql, id:518, sql:[select * from test1 order by id]===
dble:[((1L, 1L, '1', 10L, 1550742872093L), (5L, 5L, '5', 5L, 1550742871913L))]
mysql:[((1L, 1L, '1', 10L), (5L, 5L, '5', 5L))]
===file:sqls_util/transaction/trx_syntax.sql, id:522, sql:[start transaction read write]===
dble:[None]
mysql:[()]
[09:54:32.472662]dble err :(1003, 'Unsupported statement')
===file:sqls_util/transaction/trx_syntax.sql, id:526, sql:[start transaction read write]===
dble:[None]
mysql:[()]
[09:54:32.691044]dble err :(1003, 'Unsupported statement')
===file:sqls_util/transaction/trx_syntax.sql, id:527, sql:[select * from test1 order by id]===
dble:[((1L, 1L, '1', 1L, 1550742872637L),)]
mysql:[()]
===file:sqls_util/transaction/trx_syntax.sql, id:531, sql:[insert into test1 values(1,1,1,1)]===
dble:[None]
mysql:[()]
[09:54:32.984936]dble err :(1062, "Duplicate entry '1' for key 'PRIMARY'")
===file:sqls_util/transaction/trx_syntax.sql, id:532, sql:[select * from test1 order by id]===
dble:[((1L, 1L, '1', 1L, 1550742872637L), (5L, 5L, '5', 5L, 1550742872848L))]
mysql:[((1L, 1L, '1', 1L),)]
===file:sqls_util/transaction/trx_syntax.sql, id:535, sql:[select * from test1 order by id]===
dble:[((1L, 1L, '1', 1L, 1550742872637L), (5L, 5L, '5', 5L, 1550742872848L))]
mysql:[((1L, 1L, '1', 1L), (5L, 5L, '5', 5L))]
===file:sqls_util/transaction/trx_syntax.sql, id:539, sql:[start transaction read write]===
dble:[None]
mysql:[()]
[09:54:33.385049]dble err :(1003, 'Unsupported statement')
===file:sqls_util/transaction/trx_syntax.sql, id:543, sql:[start transaction read write]===
dble:[None]
mysql:[()]
[09:54:33.595516]dble err :(1003, 'Unsupported statement')
===file:sqls_util/transaction/trx_syntax.sql, id:544, sql:[select * from test1 order by id]===
dble:[((1L, 1L, '1', 1L, 1550742873544L), (2L, 2L, '2', 2L, 1550742873544L))]
mysql:[()]
===file:sqls_util/transaction/trx_syntax.sql, id:549, sql:[select * from test1 order by id]===
dble:[((1L, 1L, '1', 10L, 1550742873919L), (2L, 2L, '2', 2L, 1550742873544L), (5L, 5L, '5', 5L, 1550742873753L), (6L, 6L, '6', 6L, 1550742873753L))]
mysql:[((1L, 1L, '1', 10L), (2L, 2L, '2', 2L))]
===file:sqls_util/transaction/trx_syntax.sql, id:552, sql:[select * from test1 order by id]===
dble:[((1L, 1L, '1', 10L, 1550742873919L), (2L, 2L, '2', 2L, 1550742873544L), (5L, 5L, '5', 5L, 1550742873753L), (6L, 6L, '6', 6L, 1550742873753L))]
mysql:[((1L, 1L, '1', 10L), (2L, 2L, '2', 2L), (5L, 5L, '5', 5L), (6L, 6L, '6', 6L))]
===file:sqls_util/transaction/trx_syntax.sql, id:556, sql:[start transaction read write]===
dble:[None]
mysql:[()]
[09:54:34.294087]dble err :(1003, 'Unsupported statement')
===file:sqls_util/transaction/trx_syntax.sql, id:560, sql:[start transaction read write]===
dble:[None]
mysql:[()]
[09:54:34.537109]dble err :(1003, 'Unsupported statement')
===file:sqls_util/transaction/trx_syntax.sql, id:561, sql:[select * from test1 order by id]===
dble:[((1L, 1L, '1', 1L, 1550742874453L), (2L, 2L, '2', 2L, 1550742874453L))]
mysql:[()]
===file:sqls_util/transaction/trx_syntax.sql, id:565, sql:[insert into test1 values(1,1,1,1)]===
dble:[None]
mysql:[()]
[09:54:34.859904]dble err :(1062, "Duplicate entry '1' for key 'PRIMARY'")
===file:sqls_util/transaction/trx_syntax.sql, id:566, sql:[select * from test1 order by id]===
dble:[((1L, 1L, '1', 1L, 1550742874453L), (2L, 2L, '2', 2L, 1550742874453L), (5L, 5L, '5', 5L, 1550742874695L), (6L, 6L, '6', 6L, 1550742874695L))]
mysql:[((1L, 1L, '1', 1L),)]
===file:sqls_util/transaction/trx_syntax.sql, id:569, sql:[select * from test1 order by id]===
dble:[((1L, 1L, '1', 1L, 1550742874453L), (2L, 2L, '2', 2L, 1550742874453L), (5L, 5L, '5', 5L, 1550742874695L), (6L, 6L, '6', 6L, 1550742874695L))]
mysql:[((1L, 1L, '1', 1L), (5L, 5L, '5', 5L), (6L, 6L, '6', 6L))]
===file:sqls_util/transaction/trx_syntax.sql, id:573, sql:[start transaction read write]===
dble:[None]
mysql:[()]
[09:54:35.230132]dble err :(1003, 'Unsupported statement')
===file:sqls_util/transaction/trx_syntax.sql, id:577, sql:[start transaction read write]===
dble:[None]
mysql:[()]
[09:54:35.510718]dble err :(1003, 'Unsupported statement')
===file:sqls_util/transaction/trx_syntax.sql, id:578, sql:[select * from test1 order by id]===
dble:[((1L, 1L, '1', 1L, 1550742875386L), (2L, 2L, '2', 2L, 1550742875386L), (3L, 3L, '3', 3L, 1550742875386L))]
mysql:[()]
===file:sqls_util/transaction/trx_syntax.sql, id:583, sql:[select * from test1 order by id]===
dble:[((1L, 1L, '1', 10L, 1550742875834L), (2L, 2L, '2', 2L, 1550742875386L), (3L, 3L, '3', 3L, 1550742875386L), (5L, 5L, '5', 5L, 1550742875670L), (6L, 6L, '6', 6L, 1550742875670L), (7L, 7L, '7', 7L, 1550742875670L))]
mysql:[((1L, 1L, '1', 10L), (2L, 2L, '2', 2L), (3L, 3L, '3', 3L))]
===file:sqls_util/transaction/trx_syntax.sql, id:586, sql:[select * from test1 order by id]===
dble:[((1L, 1L, '1', 10L, 1550742875834L), (2L, 2L, '2', 2L, 1550742875386L), (3L, 3L, '3', 3L, 1550742875386L), (5L, 5L, '5', 5L, 1550742875670L), (6L, 6L, '6', 6L, 1550742875670L), (7L, 7L, '7', 7L, 1550742875670L))]
mysql:[((1L, 1L, '1', 10L), (2L, 2L, '2', 2L), (3L, 3L, '3', 3L), (5L, 5L, '5', 5L), (6L, 6L, '6', 6L), (7L, 7L, '7', 7L))]
===file:sqls_util/transaction/trx_syntax.sql, id:590, sql:[start transaction read write]===
dble:[None]
mysql:[()]
[09:54:36.208724]dble err :(1003, 'Unsupported statement')
===file:sqls_util/transaction/trx_syntax.sql, id:594, sql:[start transaction read write]===
dble:[None]
mysql:[()]
[09:54:36.449081]dble err :(1003, 'Unsupported statement')
===file:sqls_util/transaction/trx_syntax.sql, id:595, sql:[select * from test1 order by id]===
dble:[((1L, 1L, '1', 1L, 1550742876366L), (2L, 2L, '2', 2L, 1550742876366L), (3L, 3L, '3', 3L, 1550742876366L))]
mysql:[()]
===file:sqls_util/transaction/trx_syntax.sql, id:599, sql:[insert into test1 values(1,1,1,1)]===
dble:[None]
mysql:[()]
[09:54:36.770497]dble err :(1062, "Duplicate entry '1' for key 'PRIMARY'")
===file:sqls_util/transaction/trx_syntax.sql, id:600, sql:[select * from test1 order by id]===
dble:[((1L, 1L, '1', 1L, 1550742876366L), (2L, 2L, '2', 2L, 1550742876366L), (3L, 3L, '3', 3L, 1550742876366L), (5L, 5L, '5', 5L, 1550742876606L), (6L, 6L, '6', 6L, 1550742876606L), (7L, 7L, '7', 7L, 1550742876606L))]
mysql:[((1L, 1L, '1', 1L),)]
===file:sqls_util/transaction/trx_syntax.sql, id:603, sql:[select * from test1 order by id]===
dble:[((1L, 1L, '1', 1L, 1550742876366L), (2L, 2L, '2', 2L, 1550742876366L), (3L, 3L, '3', 3L, 1550742876366L), (5L, 5L, '5', 5L, 1550742876606L), (6L, 6L, '6', 6L, 1550742876606L), (7L, 7L, '7', 7L, 1550742876606L))]
mysql:[((1L, 1L, '1', 1L), (5L, 5L, '5', 5L), (6L, 6L, '6', 6L), (7L, 7L, '7', 7L))]
===file:sqls_util/transaction/trx_syntax.sql, id:607, sql:[start transaction read write]===
dble:[None]
mysql:[()]
[09:54:37.139287]dble err :(1003, 'Unsupported statement')
===file:sqls_util/transaction/trx_syntax.sql, id:611, sql:[start transaction read write]===
dble:[None]
mysql:[()]
[09:54:37.382582]dble err :(1003, 'Unsupported statement')
===file:sqls_util/transaction/trx_syntax.sql, id:612, sql:[select * from test1 order by id]===
dble:[((1L, 1L, '1', 1L, 1550742877298L), (2L, 2L, '2', 2L, 1550742877298L), (3L, 3L, '3', 3L, 1550742877298L), (4L, 4L, '4', 4L, 1550742877298L))]
mysql:[()]
===file:sqls_util/transaction/trx_syntax.sql, id:617, sql:[select * from test1 order by id]===
dble:[((1L, 1L, '1', 10L, 1550742877703L), (2L, 2L, '2', 2L, 1550742877298L), (3L, 3L, '3', 3L, 1550742877298L), (4L, 4L, '4', 4L, 1550742877298L), (5L, 5L, '5', 5L, 1550742877540L), (6L, 6L, '6', 6L, 1550742877540L), (7L, 7L, '7', 7L, 1550742877540L), (8L, 8L, '8', 8L, 1550742877540L))]
mysql:[((1L, 1L, '1', 10L), (2L, 2L, '2', 2L), (3L, 3L, '3', 3L), (4L, 4L, '4', 4L))]
===file:sqls_util/transaction/trx_syntax.sql, id:620, sql:[select * from test1 order by id]===
dble:[((1L, 1L, '1', 10L, 1550742877703L), (2L, 2L, '2', 2L, 1550742877298L), (3L, 3L, '3', 3L, 1550742877298L), (4L, 4L, '4', 4L, 1550742877298L), (5L, 5L, '5', 5L, 1550742877540L), (6L, 6L, '6', 6L, 1550742877540L), (7L, 7L, '7', 7L, 1550742877540L), (8L, 8L, '8', 8L, 1550742877540L))]
mysql:[((1L, 1L, '1', 10L), (2L, 2L, '2', 2L), (3L, 3L, '3', 3L), (4L, 4L, '4', 4L), (5L, 5L, '5', 5L), (6L, 6L, '6', 6L), (7L, 7L, '7', 7L), (8L, 8L, '8', 8L))]
===file:sqls_util/transaction/trx_syntax.sql, id:624, sql:[start transaction read write]===
dble:[None]
mysql:[()]
[09:54:38.079434]dble err :(1003, 'Unsupported statement')
===file:sqls_util/transaction/trx_syntax.sql, id:628, sql:[start transaction read write]===
dble:[None]
mysql:[()]
[09:54:38.320893]dble err :(1003, 'Unsupported statement')
===file:sqls_util/transaction/trx_syntax.sql, id:629, sql:[select * from test1 order by id]===
dble:[((1L, 1L, '1', 1L, 1550742878237L), (2L, 2L, '2', 2L, 1550742878237L), (3L, 3L, '3', 3L, 1550742878237L), (4L, 4L, '4', 4L, 1550742878237L))]
mysql:[()]
===file:sqls_util/transaction/trx_syntax.sql, id:633, sql:[insert into test1 values(1,1,1,1)]===
dble:[None]
mysql:[()]
[09:54:38.643394]dble err :(1062, "Duplicate entry '1' for key 'PRIMARY'")
===file:sqls_util/transaction/trx_syntax.sql, id:634, sql:[select * from test1 order by id]===
dble:[((1L, 1L, '1', 1L, 1550742878237L), (2L, 2L, '2', 2L, 1550742878237L), (3L, 3L, '3', 3L, 1550742878237L), (4L, 4L, '4', 4L, 1550742878237L), (5L, 5L, '5', 5L, 1550742878478L), (6L, 6L, '6', 6L, 1550742878478L), (7L, 7L, '7', 7L, 1550742878478L), (8L, 8L, '8', 8L, 1550742878478L))]
mysql:[((1L, 1L, '1', 1L),)]
===file:sqls_util/transaction/trx_syntax.sql, id:637, sql:[select * from test1 order by id]===
dble:[((1L, 1L, '1', 1L, 1550742878237L), (2L, 2L, '2', 2L, 1550742878237L), (3L, 3L, '3', 3L, 1550742878237L), (4L, 4L, '4', 4L, 1550742878237L), (5L, 5L, '5', 5L, 1550742878478L), (6L, 6L, '6', 6L, 1550742878478L), (7L, 7L, '7', 7L, 1550742878478L), (8L, 8L, '8', 8L, 1550742878478L))]
mysql:[((1L, 1L, '1', 1L), (5L, 5L, '5', 5L), (6L, 6L, '6', 6L), (7L, 7L, '7', 7L), (8L, 8L, '8', 8L))]
