===file:sqls_util/transaction/trx_savepoint.sql, id:2, sql:[drop table if exists test1]===
dble:[[]]
===file:sqls_util/transaction/trx_savepoint.sql, id:3, sql:[CREATE TABLE test1(`id` int(10) unsigned NOT NULL,`k` int(10) unsigned NOT NULL DEFAULT '0',`c` char(120) NOT NULL DEFAULT '',`pad` int(11) NOT NULL,PRIMARY KEY (`id`),UNIQUE KEY (`k`))]===
dble:[[]]
===file:sqls_util/transaction/trx_savepoint.sql, id:6, sql:[SET @@session.autocommit = ON]===
dble:[[]]
===file:sqls_util/transaction/trx_savepoint.sql, id:7, sql:[delete from test1]===
dble:[[]]
===file:sqls_util/transaction/trx_savepoint.sql, id:8, sql:[begin]===
dble:[[]]
===file:sqls_util/transaction/trx_savepoint.sql, id:9, sql:[select * from test1 order by id]===
dble:[()]
===file:sqls_util/transaction/trx_savepoint.sql, id:10, sql:[savepoint sp1]===
dble:[[]]
===file:sqls_util/transaction/trx_savepoint.sql, id:11, sql:[insert into test1 values(1,1,1,1)]===
dble:[[]]
===file:sqls_util/transaction/trx_savepoint.sql, id:12, sql:[select * from test1 order by id]===
dble:[((1L, 1L, '1', 1L),)]
===file:sqls_util/transaction/trx_savepoint.sql, id:13, sql:[savepoint sp2]===
dble:[[]]
===file:sqls_util/transaction/trx_savepoint.sql, id:14, sql:[insert into test1 values(2,2,2,2)]===
dble:[[]]
===file:sqls_util/transaction/trx_savepoint.sql, id:15, sql:[select * from test1 order by id]===
dble:[((1L, 1L, '1', 1L), (2L, 2L, '2', 2L))]
===file:sqls_util/transaction/trx_savepoint.sql, id:16, sql:[savepoint sp1]===
dble:[[]]
===file:sqls_util/transaction/trx_savepoint.sql, id:17, sql:[insert into test1 values(3,3,3,3)]===
dble:[[]]
===file:sqls_util/transaction/trx_savepoint.sql, id:18, sql:[select * from test1 order by id]===
dble:[((1L, 1L, '1', 1L), (2L, 2L, '2', 2L), (3L, 3L, '3', 3L))]
===file:sqls_util/transaction/trx_savepoint.sql, id:19, sql:[savepoint sp4]===
dble:[[]]
===file:sqls_util/transaction/trx_savepoint.sql, id:20, sql:[insert into test1 values(4,4,4,4)]===
dble:[[]]
===file:sqls_util/transaction/trx_savepoint.sql, id:21, sql:[select * from test1 order by id]===
dble:[((1L, 1L, '1', 1L), (2L, 2L, '2', 2L), (3L, 3L, '3', 3L), (4L, 4L, '4', 4L))]
===file:sqls_util/transaction/trx_savepoint.sql, id:22, sql:[savepoint sp5]===
dble:[[]]
===file:sqls_util/transaction/trx_savepoint.sql, id:23, sql:[rollback to savepoint sp4]===
dble:[[]]
===file:sqls_util/transaction/trx_savepoint.sql, id:24, sql:[select * from test1 order by id]===
dble:[((1L, 1L, '1', 1L), (2L, 2L, '2', 2L), (3L, 3L, '3', 3L))]
===file:sqls_util/transaction/trx_savepoint.sql, id:26, sql:[select * from test1 order by id]===
dble:[((1L, 1L, '1', 1L), (2L, 2L, '2', 2L), (3L, 3L, '3', 3L))]
===file:sqls_util/transaction/trx_savepoint.sql, id:27, sql:[release savepoint sp4]===
dble:[[]]
===file:sqls_util/transaction/trx_savepoint.sql, id:28, sql:[rollback to savepoint sp1]===
dble:[[]]
===file:sqls_util/transaction/trx_savepoint.sql, id:29, sql:[select * from test1 order by id]===
dble:[((1L, 1L, '1', 1L), (2L, 2L, '2', 2L))]
===file:sqls_util/transaction/trx_savepoint.sql, id:30, sql:[rollback]===
dble:[[]]
===file:sqls_util/transaction/trx_savepoint.sql, id:31, sql:[select * from test1 order by id]===
dble:[()]
===file:sqls_util/transaction/trx_savepoint.sql, id:33, sql:[SET @@session.autocommit = ON]===
dble:[[]]
===file:sqls_util/transaction/trx_savepoint.sql, id:34, sql:[delete from test1]===
dble:[[]]
===file:sqls_util/transaction/trx_savepoint.sql, id:35, sql:[start transaction]===
dble:[[]]
===file:sqls_util/transaction/trx_savepoint.sql, id:36, sql:[select * from test1 order by id]===
dble:[()]
===file:sqls_util/transaction/trx_savepoint.sql, id:37, sql:[savepoint sp1]===
dble:[[]]
===file:sqls_util/transaction/trx_savepoint.sql, id:38, sql:[insert into test1 values(1,1,1,1)]===
dble:[[]]
===file:sqls_util/transaction/trx_savepoint.sql, id:39, sql:[select * from test1 order by id]===
dble:[((1L, 1L, '1', 1L),)]
===file:sqls_util/transaction/trx_savepoint.sql, id:40, sql:[savepoint sp2]===
dble:[[]]
===file:sqls_util/transaction/trx_savepoint.sql, id:41, sql:[insert into test1 values(2,2,2,2)]===
dble:[[]]
===file:sqls_util/transaction/trx_savepoint.sql, id:42, sql:[select * from test1 order by id]===
dble:[((1L, 1L, '1', 1L), (2L, 2L, '2', 2L))]
===file:sqls_util/transaction/trx_savepoint.sql, id:43, sql:[savepoint sp1]===
dble:[[]]
===file:sqls_util/transaction/trx_savepoint.sql, id:44, sql:[insert into test1 values(3,3,3,3)]===
dble:[[]]
===file:sqls_util/transaction/trx_savepoint.sql, id:45, sql:[select * from test1 order by id]===
dble:[((1L, 1L, '1', 1L), (2L, 2L, '2', 2L), (3L, 3L, '3', 3L))]
===file:sqls_util/transaction/trx_savepoint.sql, id:46, sql:[savepoint sp4]===
dble:[[]]
===file:sqls_util/transaction/trx_savepoint.sql, id:47, sql:[insert into test1 values(4,4,4,4)]===
dble:[[]]
===file:sqls_util/transaction/trx_savepoint.sql, id:48, sql:[select * from test1 order by id]===
dble:[((1L, 1L, '1', 1L), (2L, 2L, '2', 2L), (3L, 3L, '3', 3L), (4L, 4L, '4', 4L))]
===file:sqls_util/transaction/trx_savepoint.sql, id:49, sql:[savepoint sp5]===
dble:[[]]
===file:sqls_util/transaction/trx_savepoint.sql, id:50, sql:[rollback to savepoint sp4]===
dble:[[]]
===file:sqls_util/transaction/trx_savepoint.sql, id:51, sql:[select * from test1 order by id]===
dble:[((1L, 1L, '1', 1L), (2L, 2L, '2', 2L), (3L, 3L, '3', 3L))]
===file:sqls_util/transaction/trx_savepoint.sql, id:53, sql:[select * from test1 order by id]===
dble:[((1L, 1L, '1', 1L), (2L, 2L, '2', 2L), (3L, 3L, '3', 3L))]
===file:sqls_util/transaction/trx_savepoint.sql, id:54, sql:[release savepoint sp4]===
dble:[[]]
===file:sqls_util/transaction/trx_savepoint.sql, id:55, sql:[rollback to savepoint sp1]===
dble:[[]]
===file:sqls_util/transaction/trx_savepoint.sql, id:56, sql:[select * from test1 order by id]===
dble:[((1L, 1L, '1', 1L), (2L, 2L, '2', 2L))]
===file:sqls_util/transaction/trx_savepoint.sql, id:57, sql:[commit]===
dble:[[]]
===file:sqls_util/transaction/trx_savepoint.sql, id:58, sql:[select * from test1 order by id]===
dble:[((1L, 1L, '1', 1L), (2L, 2L, '2', 2L))]
===file:sqls_util/transaction/trx_savepoint.sql, id:61, sql:[SET @@session.autocommit = OFF]===
dble:[[]]
===file:sqls_util/transaction/trx_savepoint.sql, id:62, sql:[delete from test1]===
dble:[[]]
===file:sqls_util/transaction/trx_savepoint.sql, id:63, sql:[begin]===
dble:[[]]
===file:sqls_util/transaction/trx_savepoint.sql, id:64, sql:[select * from test1 order by id]===
dble:[()]
===file:sqls_util/transaction/trx_savepoint.sql, id:65, sql:[savepoint sp1]===
dble:[[]]
===file:sqls_util/transaction/trx_savepoint.sql, id:66, sql:[insert into test1 values(1,1,1,1)]===
dble:[[]]
===file:sqls_util/transaction/trx_savepoint.sql, id:67, sql:[select * from test1 order by id]===
dble:[((1L, 1L, '1', 1L),)]
===file:sqls_util/transaction/trx_savepoint.sql, id:68, sql:[savepoint sp2]===
dble:[[]]
===file:sqls_util/transaction/trx_savepoint.sql, id:69, sql:[insert into test1 values(2,2,2,2)]===
dble:[[]]
===file:sqls_util/transaction/trx_savepoint.sql, id:70, sql:[select * from test1 order by id]===
dble:[((1L, 1L, '1', 1L), (2L, 2L, '2', 2L))]
===file:sqls_util/transaction/trx_savepoint.sql, id:71, sql:[savepoint sp1]===
dble:[[]]
===file:sqls_util/transaction/trx_savepoint.sql, id:72, sql:[insert into test1 values(3,3,3,3)]===
dble:[[]]
===file:sqls_util/transaction/trx_savepoint.sql, id:73, sql:[select * from test1 order by id]===
dble:[((1L, 1L, '1', 1L), (2L, 2L, '2', 2L), (3L, 3L, '3', 3L))]
===file:sqls_util/transaction/trx_savepoint.sql, id:74, sql:[savepoint sp4]===
dble:[[]]
===file:sqls_util/transaction/trx_savepoint.sql, id:75, sql:[insert into test1 values(4,4,4,4)]===
dble:[[]]
===file:sqls_util/transaction/trx_savepoint.sql, id:76, sql:[select * from test1 order by id]===
dble:[((1L, 1L, '1', 1L), (2L, 2L, '2', 2L), (3L, 3L, '3', 3L), (4L, 4L, '4', 4L))]
===file:sqls_util/transaction/trx_savepoint.sql, id:77, sql:[savepoint sp5]===
dble:[[]]
===file:sqls_util/transaction/trx_savepoint.sql, id:78, sql:[rollback to savepoint sp4]===
dble:[[]]
===file:sqls_util/transaction/trx_savepoint.sql, id:79, sql:[select * from test1 order by id]===
dble:[((1L, 1L, '1', 1L), (2L, 2L, '2', 2L), (3L, 3L, '3', 3L))]
===file:sqls_util/transaction/trx_savepoint.sql, id:81, sql:[select * from test1 order by id]===
dble:[((1L, 1L, '1', 1L), (2L, 2L, '2', 2L), (3L, 3L, '3', 3L))]
===file:sqls_util/transaction/trx_savepoint.sql, id:82, sql:[release savepoint sp4]===
dble:[[]]
===file:sqls_util/transaction/trx_savepoint.sql, id:83, sql:[rollback to savepoint sp1]===
dble:[[]]
===file:sqls_util/transaction/trx_savepoint.sql, id:84, sql:[select * from test1 order by id]===
dble:[((1L, 1L, '1', 1L), (2L, 2L, '2', 2L))]
===file:sqls_util/transaction/trx_savepoint.sql, id:85, sql:[rollback]===
dble:[[]]
===file:sqls_util/transaction/trx_savepoint.sql, id:86, sql:[select * from test1 order by id]===
dble:[()]
===file:sqls_util/transaction/trx_savepoint.sql, id:88, sql:[SET @@session.autocommit = OFF]===
dble:[[]]
===file:sqls_util/transaction/trx_savepoint.sql, id:89, sql:[delete from test1]===
dble:[[]]
===file:sqls_util/transaction/trx_savepoint.sql, id:90, sql:[start transaction]===
dble:[[]]
===file:sqls_util/transaction/trx_savepoint.sql, id:91, sql:[select * from test1 order by id]===
dble:[()]
===file:sqls_util/transaction/trx_savepoint.sql, id:92, sql:[savepoint sp1]===
dble:[[]]
===file:sqls_util/transaction/trx_savepoint.sql, id:93, sql:[insert into test1 values(1,1,1,1)]===
dble:[[]]
===file:sqls_util/transaction/trx_savepoint.sql, id:94, sql:[select * from test1 order by id]===
dble:[((1L, 1L, '1', 1L),)]
===file:sqls_util/transaction/trx_savepoint.sql, id:95, sql:[savepoint sp2]===
dble:[[]]
===file:sqls_util/transaction/trx_savepoint.sql, id:96, sql:[insert into test1 values(2,2,2,2)]===
dble:[[]]
===file:sqls_util/transaction/trx_savepoint.sql, id:97, sql:[select * from test1 order by id]===
dble:[((1L, 1L, '1', 1L), (2L, 2L, '2', 2L))]
===file:sqls_util/transaction/trx_savepoint.sql, id:98, sql:[savepoint sp1]===
dble:[[]]
===file:sqls_util/transaction/trx_savepoint.sql, id:99, sql:[insert into test1 values(3,3,3,3)]===
dble:[[]]
===file:sqls_util/transaction/trx_savepoint.sql, id:100, sql:[select * from test1 order by id]===
dble:[((1L, 1L, '1', 1L), (2L, 2L, '2', 2L), (3L, 3L, '3', 3L))]
===file:sqls_util/transaction/trx_savepoint.sql, id:101, sql:[savepoint sp4]===
dble:[[]]
===file:sqls_util/transaction/trx_savepoint.sql, id:102, sql:[insert into test1 values(4,4,4,4)]===
dble:[[]]
===file:sqls_util/transaction/trx_savepoint.sql, id:103, sql:[select * from test1 order by id]===
dble:[((1L, 1L, '1', 1L), (2L, 2L, '2', 2L), (3L, 3L, '3', 3L), (4L, 4L, '4', 4L))]
===file:sqls_util/transaction/trx_savepoint.sql, id:104, sql:[savepoint sp5]===
dble:[[]]
===file:sqls_util/transaction/trx_savepoint.sql, id:105, sql:[rollback to savepoint sp4]===
dble:[[]]
===file:sqls_util/transaction/trx_savepoint.sql, id:106, sql:[select * from test1 order by id]===
dble:[((1L, 1L, '1', 1L), (2L, 2L, '2', 2L), (3L, 3L, '3', 3L))]
===file:sqls_util/transaction/trx_savepoint.sql, id:108, sql:[select * from test1 order by id]===
dble:[((1L, 1L, '1', 1L), (2L, 2L, '2', 2L), (3L, 3L, '3', 3L))]
===file:sqls_util/transaction/trx_savepoint.sql, id:109, sql:[release savepoint sp4]===
dble:[[]]
===file:sqls_util/transaction/trx_savepoint.sql, id:110, sql:[rollback to savepoint sp1]===
dble:[[]]
===file:sqls_util/transaction/trx_savepoint.sql, id:111, sql:[select * from test1 order by id]===
dble:[((1L, 1L, '1', 1L), (2L, 2L, '2', 2L))]
===file:sqls_util/transaction/trx_savepoint.sql, id:112, sql:[commit]===
dble:[[]]
===file:sqls_util/transaction/trx_savepoint.sql, id:113, sql:[select * from test1 order by id]===
dble:[((1L, 1L, '1', 1L), (2L, 2L, '2', 2L))]
===file:sqls_util/transaction/trx_savepoint.sql, id:116, sql:[SET @@autocommit = 0]===
dble:[[]]
===file:sqls_util/transaction/trx_savepoint.sql, id:117, sql:[delete from test1]===
dble:[[]]
===file:sqls_util/transaction/trx_savepoint.sql, id:118, sql:[begin]===
dble:[[]]
===file:sqls_util/transaction/trx_savepoint.sql, id:119, sql:[select * from test1 order by id]===
dble:[()]
===file:sqls_util/transaction/trx_savepoint.sql, id:120, sql:[savepoint sp1]===
dble:[[]]
===file:sqls_util/transaction/trx_savepoint.sql, id:121, sql:[insert into test1 values(1,1,1,1)]===
dble:[[]]
===file:sqls_util/transaction/trx_savepoint.sql, id:122, sql:[select * from test1 order by id]===
dble:[((1L, 1L, '1', 1L),)]
===file:sqls_util/transaction/trx_savepoint.sql, id:123, sql:[savepoint sp2]===
dble:[[]]
===file:sqls_util/transaction/trx_savepoint.sql, id:124, sql:[insert into test1 values(2,2,2,2)]===
dble:[[]]
===file:sqls_util/transaction/trx_savepoint.sql, id:125, sql:[select * from test1 order by id]===
dble:[((1L, 1L, '1', 1L), (2L, 2L, '2', 2L))]
===file:sqls_util/transaction/trx_savepoint.sql, id:126, sql:[savepoint sp1]===
dble:[[]]
===file:sqls_util/transaction/trx_savepoint.sql, id:127, sql:[insert into test1 values(3,3,3,3)]===
dble:[[]]
===file:sqls_util/transaction/trx_savepoint.sql, id:128, sql:[select * from test1 order by id]===
dble:[((1L, 1L, '1', 1L), (2L, 2L, '2', 2L), (3L, 3L, '3', 3L))]
===file:sqls_util/transaction/trx_savepoint.sql, id:129, sql:[savepoint sp4]===
dble:[[]]
===file:sqls_util/transaction/trx_savepoint.sql, id:130, sql:[insert into test1 values(4,4,4,4)]===
dble:[[]]
===file:sqls_util/transaction/trx_savepoint.sql, id:131, sql:[select * from test1 order by id]===
dble:[((1L, 1L, '1', 1L), (2L, 2L, '2', 2L), (3L, 3L, '3', 3L), (4L, 4L, '4', 4L))]
===file:sqls_util/transaction/trx_savepoint.sql, id:132, sql:[savepoint sp5]===
dble:[[]]
===file:sqls_util/transaction/trx_savepoint.sql, id:133, sql:[rollback to savepoint sp4]===
dble:[[]]
===file:sqls_util/transaction/trx_savepoint.sql, id:134, sql:[select * from test1 order by id]===
dble:[((1L, 1L, '1', 1L), (2L, 2L, '2', 2L), (3L, 3L, '3', 3L))]
===file:sqls_util/transaction/trx_savepoint.sql, id:136, sql:[select * from test1 order by id]===
dble:[((1L, 1L, '1', 1L), (2L, 2L, '2', 2L), (3L, 3L, '3', 3L))]
===file:sqls_util/transaction/trx_savepoint.sql, id:137, sql:[release savepoint sp4]===
dble:[[]]
===file:sqls_util/transaction/trx_savepoint.sql, id:138, sql:[rollback to savepoint sp1]===
dble:[[]]
===file:sqls_util/transaction/trx_savepoint.sql, id:139, sql:[select * from test1 order by id]===
dble:[((1L, 1L, '1', 1L), (2L, 2L, '2', 2L))]
===file:sqls_util/transaction/trx_savepoint.sql, id:140, sql:[rollback]===
dble:[[]]
===file:sqls_util/transaction/trx_savepoint.sql, id:141, sql:[select * from test1 order by id]===
dble:[()]
===file:sqls_util/transaction/trx_savepoint.sql, id:143, sql:[SET @@autocommit = 0]===
dble:[[]]
===file:sqls_util/transaction/trx_savepoint.sql, id:144, sql:[delete from test1]===
dble:[[]]
===file:sqls_util/transaction/trx_savepoint.sql, id:145, sql:[start transaction]===
dble:[[]]
===file:sqls_util/transaction/trx_savepoint.sql, id:146, sql:[select * from test1 order by id]===
dble:[()]
===file:sqls_util/transaction/trx_savepoint.sql, id:147, sql:[savepoint sp1]===
dble:[[]]
===file:sqls_util/transaction/trx_savepoint.sql, id:148, sql:[insert into test1 values(1,1,1,1)]===
dble:[[]]
===file:sqls_util/transaction/trx_savepoint.sql, id:149, sql:[select * from test1 order by id]===
dble:[((1L, 1L, '1', 1L),)]
===file:sqls_util/transaction/trx_savepoint.sql, id:150, sql:[savepoint sp2]===
dble:[[]]
===file:sqls_util/transaction/trx_savepoint.sql, id:151, sql:[insert into test1 values(2,2,2,2)]===
dble:[[]]
===file:sqls_util/transaction/trx_savepoint.sql, id:152, sql:[select * from test1 order by id]===
dble:[((1L, 1L, '1', 1L), (2L, 2L, '2', 2L))]
===file:sqls_util/transaction/trx_savepoint.sql, id:153, sql:[savepoint sp1]===
dble:[[]]
===file:sqls_util/transaction/trx_savepoint.sql, id:154, sql:[insert into test1 values(3,3,3,3)]===
dble:[[]]
===file:sqls_util/transaction/trx_savepoint.sql, id:155, sql:[select * from test1 order by id]===
dble:[((1L, 1L, '1', 1L), (2L, 2L, '2', 2L), (3L, 3L, '3', 3L))]
===file:sqls_util/transaction/trx_savepoint.sql, id:156, sql:[savepoint sp4]===
dble:[[]]
===file:sqls_util/transaction/trx_savepoint.sql, id:157, sql:[insert into test1 values(4,4,4,4)]===
dble:[[]]
===file:sqls_util/transaction/trx_savepoint.sql, id:158, sql:[select * from test1 order by id]===
dble:[((1L, 1L, '1', 1L), (2L, 2L, '2', 2L), (3L, 3L, '3', 3L), (4L, 4L, '4', 4L))]
===file:sqls_util/transaction/trx_savepoint.sql, id:159, sql:[savepoint sp5]===
dble:[[]]
===file:sqls_util/transaction/trx_savepoint.sql, id:160, sql:[rollback to savepoint sp4]===
dble:[[]]
===file:sqls_util/transaction/trx_savepoint.sql, id:161, sql:[select * from test1 order by id]===
dble:[((1L, 1L, '1', 1L), (2L, 2L, '2', 2L), (3L, 3L, '3', 3L))]
===file:sqls_util/transaction/trx_savepoint.sql, id:163, sql:[select * from test1 order by id]===
dble:[((1L, 1L, '1', 1L), (2L, 2L, '2', 2L), (3L, 3L, '3', 3L))]
===file:sqls_util/transaction/trx_savepoint.sql, id:164, sql:[release savepoint sp4]===
dble:[[]]
===file:sqls_util/transaction/trx_savepoint.sql, id:165, sql:[rollback to savepoint sp1]===
dble:[[]]
===file:sqls_util/transaction/trx_savepoint.sql, id:166, sql:[select * from test1 order by id]===
dble:[((1L, 1L, '1', 1L), (2L, 2L, '2', 2L))]
===file:sqls_util/transaction/trx_savepoint.sql, id:167, sql:[commit]===
dble:[[]]
===file:sqls_util/transaction/trx_savepoint.sql, id:168, sql:[select * from test1 order by id]===
dble:[((1L, 1L, '1', 1L), (2L, 2L, '2', 2L))]
===file:sqls_util/transaction/trx_savepoint.sql, id:171, sql:[SET @@autocommit = 1]===
dble:[[]]
===file:sqls_util/transaction/trx_savepoint.sql, id:172, sql:[delete from test1]===
dble:[[]]
===file:sqls_util/transaction/trx_savepoint.sql, id:173, sql:[begin]===
dble:[[]]
===file:sqls_util/transaction/trx_savepoint.sql, id:174, sql:[select * from test1 order by id]===
dble:[()]
===file:sqls_util/transaction/trx_savepoint.sql, id:175, sql:[savepoint sp1]===
dble:[[]]
===file:sqls_util/transaction/trx_savepoint.sql, id:176, sql:[insert into test1 values(1,1,1,1)]===
dble:[[]]
===file:sqls_util/transaction/trx_savepoint.sql, id:177, sql:[select * from test1 order by id]===
dble:[((1L, 1L, '1', 1L),)]
===file:sqls_util/transaction/trx_savepoint.sql, id:178, sql:[savepoint sp2]===
dble:[[]]
===file:sqls_util/transaction/trx_savepoint.sql, id:179, sql:[insert into test1 values(2,2,2,2)]===
dble:[[]]
===file:sqls_util/transaction/trx_savepoint.sql, id:180, sql:[select * from test1 order by id]===
dble:[((1L, 1L, '1', 1L), (2L, 2L, '2', 2L))]
===file:sqls_util/transaction/trx_savepoint.sql, id:181, sql:[savepoint sp1]===
dble:[[]]
===file:sqls_util/transaction/trx_savepoint.sql, id:182, sql:[insert into test1 values(3,3,3,3)]===
dble:[[]]
===file:sqls_util/transaction/trx_savepoint.sql, id:183, sql:[select * from test1 order by id]===
dble:[((1L, 1L, '1', 1L), (2L, 2L, '2', 2L), (3L, 3L, '3', 3L))]
===file:sqls_util/transaction/trx_savepoint.sql, id:184, sql:[savepoint sp4]===
dble:[[]]
===file:sqls_util/transaction/trx_savepoint.sql, id:185, sql:[insert into test1 values(4,4,4,4)]===
dble:[[]]
===file:sqls_util/transaction/trx_savepoint.sql, id:186, sql:[select * from test1 order by id]===
dble:[((1L, 1L, '1', 1L), (2L, 2L, '2', 2L), (3L, 3L, '3', 3L), (4L, 4L, '4', 4L))]
===file:sqls_util/transaction/trx_savepoint.sql, id:187, sql:[savepoint sp5]===
dble:[[]]
===file:sqls_util/transaction/trx_savepoint.sql, id:188, sql:[rollback to savepoint sp4]===
dble:[[]]
===file:sqls_util/transaction/trx_savepoint.sql, id:189, sql:[select * from test1 order by id]===
dble:[((1L, 1L, '1', 1L), (2L, 2L, '2', 2L), (3L, 3L, '3', 3L))]
===file:sqls_util/transaction/trx_savepoint.sql, id:191, sql:[select * from test1 order by id]===
dble:[((1L, 1L, '1', 1L), (2L, 2L, '2', 2L), (3L, 3L, '3', 3L))]
===file:sqls_util/transaction/trx_savepoint.sql, id:192, sql:[release savepoint sp4]===
dble:[[]]
===file:sqls_util/transaction/trx_savepoint.sql, id:193, sql:[rollback to savepoint sp1]===
dble:[[]]
===file:sqls_util/transaction/trx_savepoint.sql, id:194, sql:[select * from test1 order by id]===
dble:[((1L, 1L, '1', 1L), (2L, 2L, '2', 2L))]
===file:sqls_util/transaction/trx_savepoint.sql, id:195, sql:[rollback]===
dble:[[]]
===file:sqls_util/transaction/trx_savepoint.sql, id:196, sql:[select * from test1 order by id]===
dble:[()]
===file:sqls_util/transaction/trx_savepoint.sql, id:198, sql:[SET @@autocommit = 1]===
dble:[[]]
===file:sqls_util/transaction/trx_savepoint.sql, id:199, sql:[delete from test1]===
dble:[[]]
===file:sqls_util/transaction/trx_savepoint.sql, id:200, sql:[start transaction]===
dble:[[]]
===file:sqls_util/transaction/trx_savepoint.sql, id:201, sql:[select * from test1 order by id]===
dble:[()]
===file:sqls_util/transaction/trx_savepoint.sql, id:202, sql:[savepoint sp1]===
dble:[[]]
===file:sqls_util/transaction/trx_savepoint.sql, id:203, sql:[insert into test1 values(1,1,1,1)]===
dble:[[]]
===file:sqls_util/transaction/trx_savepoint.sql, id:204, sql:[select * from test1 order by id]===
dble:[((1L, 1L, '1', 1L),)]
===file:sqls_util/transaction/trx_savepoint.sql, id:205, sql:[savepoint sp2]===
dble:[[]]
===file:sqls_util/transaction/trx_savepoint.sql, id:206, sql:[insert into test1 values(2,2,2,2)]===
dble:[[]]
===file:sqls_util/transaction/trx_savepoint.sql, id:207, sql:[select * from test1 order by id]===
dble:[((1L, 1L, '1', 1L), (2L, 2L, '2', 2L))]
===file:sqls_util/transaction/trx_savepoint.sql, id:208, sql:[savepoint sp1]===
dble:[[]]
===file:sqls_util/transaction/trx_savepoint.sql, id:209, sql:[insert into test1 values(3,3,3,3)]===
dble:[[]]
===file:sqls_util/transaction/trx_savepoint.sql, id:210, sql:[select * from test1 order by id]===
dble:[((1L, 1L, '1', 1L), (2L, 2L, '2', 2L), (3L, 3L, '3', 3L))]
===file:sqls_util/transaction/trx_savepoint.sql, id:211, sql:[savepoint sp4]===
dble:[[]]
===file:sqls_util/transaction/trx_savepoint.sql, id:212, sql:[insert into test1 values(4,4,4,4)]===
dble:[[]]
===file:sqls_util/transaction/trx_savepoint.sql, id:213, sql:[select * from test1 order by id]===
dble:[((1L, 1L, '1', 1L), (2L, 2L, '2', 2L), (3L, 3L, '3', 3L), (4L, 4L, '4', 4L))]
===file:sqls_util/transaction/trx_savepoint.sql, id:214, sql:[savepoint sp5]===
dble:[[]]
===file:sqls_util/transaction/trx_savepoint.sql, id:215, sql:[rollback to savepoint sp4]===
dble:[[]]
===file:sqls_util/transaction/trx_savepoint.sql, id:216, sql:[select * from test1 order by id]===
dble:[((1L, 1L, '1', 1L), (2L, 2L, '2', 2L), (3L, 3L, '3', 3L))]
===file:sqls_util/transaction/trx_savepoint.sql, id:218, sql:[select * from test1 order by id]===
dble:[((1L, 1L, '1', 1L), (2L, 2L, '2', 2L), (3L, 3L, '3', 3L))]
===file:sqls_util/transaction/trx_savepoint.sql, id:219, sql:[release savepoint sp4]===
dble:[[]]
===file:sqls_util/transaction/trx_savepoint.sql, id:220, sql:[rollback to savepoint sp1]===
dble:[[]]
===file:sqls_util/transaction/trx_savepoint.sql, id:221, sql:[select * from test1 order by id]===
dble:[((1L, 1L, '1', 1L), (2L, 2L, '2', 2L))]
===file:sqls_util/transaction/trx_savepoint.sql, id:222, sql:[commit]===
dble:[[]]
===file:sqls_util/transaction/trx_savepoint.sql, id:223, sql:[select * from test1 order by id]===
dble:[((1L, 1L, '1', 1L), (2L, 2L, '2', 2L))]
===file:sqls_util/transaction/trx_savepoint.sql, id:227, sql:[drop table if exists test1]===
dble:[[]]
