===file:sqls_util/transaction/trx_isolation.sql, id:16, sql:[select * from test1]===
dble:[[(1L, 1L, '1', 1L, 1550723471647L)]]
mysql:[[(1L, 1L, '1', 1L)]]
===file:sqls_util/transaction/trx_isolation.sql, id:24, sql:[select * from test1]===
dble:[[(1L, 1L, '1', 1L, 1550723471647L)]]
mysql:[[(1L, 1L, '1', 1L)]]
===file:sqls_util/transaction/trx_isolation.sql, id:35, sql:[select * from test1]===
dble:[[(1L, 1L, '1', 1L, 1550723472585L)]]
mysql:[[(1L, 1L, '1', 1L)]]
===file:sqls_util/transaction/trx_isolation.sql, id:54, sql:[select * from test1 order by id]===
dble:[((1L, 1L, '1', 1L, 1550723473606L), (2L, 2L, '2', 2L, 1550723473606L))]
mysql:[((1L, 1L, '1', 1L), (2L, 2L, '2', 2L))]
===file:sqls_util/transaction/trx_isolation.sql, id:62, sql:[select * from test1 order by id]===
dble:[((1L, 1L, '1', 1L, 1550723473606L), (2L, 2L, '2', 2L, 1550723473606L))]
mysql:[((1L, 1L, '1', 1L), (2L, 2L, '2', 2L))]
===file:sqls_util/transaction/trx_isolation.sql, id:73, sql:[select * from test1 order by id]===
dble:[((1L, 1L, '1', 1L, 1550723474626L), (2L, 2L, '2', 2L, 1550723474626L))]
mysql:[((1L, 1L, '1', 1L), (2L, 2L, '2', 2L))]
===file:sqls_util/transaction/trx_isolation.sql, id:92, sql:[select * from test1 order by id]===
dble:[((1L, 1L, '1', 1L, 1550723475651L), (2L, 2L, '2', 2L, 1550723475651L), (3L, 3L, '3', 3L, 1550723475651L))]
mysql:[((1L, 1L, '1', 1L), (2L, 2L, '2', 2L), (3L, 3L, '3', 3L))]
===file:sqls_util/transaction/trx_isolation.sql, id:100, sql:[select * from test1 order by id]===
dble:[((1L, 1L, '1', 1L, 1550723475651L), (2L, 2L, '2', 2L, 1550723475651L), (3L, 3L, '3', 3L, 1550723475651L))]
mysql:[((1L, 1L, '1', 1L), (2L, 2L, '2', 2L), (3L, 3L, '3', 3L))]
===file:sqls_util/transaction/trx_isolation.sql, id:111, sql:[select * from test1 order by id]===
dble:[((1L, 1L, '1', 1L, 1550723476651L), (2L, 2L, '2', 2L, 1550723476651L), (3L, 3L, '3', 3L, 1550723476651L))]
mysql:[((1L, 1L, '1', 1L), (2L, 2L, '2', 2L), (3L, 3L, '3', 3L))]
===file:sqls_util/transaction/trx_isolation.sql, id:130, sql:[select * from test1 order by id]===
dble:[((1L, 1L, '1', 1L, 1550723477690L), (2L, 2L, '2', 2L, 1550723477690L), (3L, 3L, '3', 3L, 1550723477690L), (4L, 4L, '4', 4L, 1550723477690L))]
mysql:[((1L, 1L, '1', 1L), (2L, 2L, '2', 2L), (3L, 3L, '3', 3L), (4L, 4L, '4', 4L))]
===file:sqls_util/transaction/trx_isolation.sql, id:138, sql:[select * from test1 order by id]===
dble:[((1L, 1L, '1', 1L, 1550723477690L), (2L, 2L, '2', 2L, 1550723477690L), (3L, 3L, '3', 3L, 1550723477690L), (4L, 4L, '4', 4L, 1550723477690L))]
mysql:[((1L, 1L, '1', 1L), (2L, 2L, '2', 2L), (3L, 3L, '3', 3L), (4L, 4L, '4', 4L))]
===file:sqls_util/transaction/trx_isolation.sql, id:149, sql:[select * from test1 order by id]===
dble:[((1L, 1L, '1', 1L, 1550723478686L), (2L, 2L, '2', 2L, 1550723478687L), (3L, 3L, '3', 3L, 1550723478687L), (4L, 4L, '4', 4L, 1550723478687L))]
mysql:[((1L, 1L, '1', 1L), (2L, 2L, '2', 2L), (3L, 3L, '3', 3L), (4L, 4L, '4', 4L))]
===file:sqls_util/transaction/trx_isolation.sql, id:168, sql:[select * from test1 order by id]===
dble:[((1L, 1L, '1', 1L, 1550723479707L),)]
mysql:[((1L, 1L, '1', 1L),)]
===file:sqls_util/transaction/trx_isolation.sql, id:174, sql:[select * from test1 order by id]===
dble:[((1L, 1L, '1', 1L, 1550723479707L),)]
mysql:[((1L, 1L, '1', 1L),)]
===file:sqls_util/transaction/trx_isolation.sql, id:176, sql:[select * from test1 order by id]===
dble:[((1L, 1L, '1', 1L, 1550723479707L),)]
mysql:[((1L, 1L, '1', 1L),)]
===file:sqls_util/transaction/trx_isolation.sql, id:187, sql:[select * from test1 order by id]===
dble:[((1L, 1L, '1', 1L, 1550723480711L),)]
mysql:[((1L, 1L, '1', 1L),)]
===file:sqls_util/transaction/trx_isolation.sql, id:206, sql:[select * from test1 order by id]===
dble:[((1L, 1L, '1', 1L, 1550723481707L), (2L, 2L, '2', 2L, 1550723481707L))]
mysql:[((1L, 1L, '1', 1L), (2L, 2L, '2', 2L))]
===file:sqls_util/transaction/trx_isolation.sql, id:212, sql:[select * from test1 order by id]===
dble:[((1L, 1L, '1', 1L, 1550723481707L), (2L, 2L, '2', 2L, 1550723481707L))]
mysql:[((1L, 1L, '1', 1L), (2L, 2L, '2', 2L))]
===file:sqls_util/transaction/trx_isolation.sql, id:214, sql:[select * from test1 order by id]===
dble:[((1L, 1L, '1', 1L, 1550723481707L), (2L, 2L, '2', 2L, 1550723481707L))]
mysql:[((1L, 1L, '1', 1L), (2L, 2L, '2', 2L))]
===file:sqls_util/transaction/trx_isolation.sql, id:225, sql:[select * from test1 order by id]===
dble:[((1L, 1L, '1', 1L, 1550723482733L), (2L, 2L, '2', 2L, 1550723482733L))]
mysql:[((1L, 1L, '1', 1L), (2L, 2L, '2', 2L))]
===file:sqls_util/transaction/trx_isolation.sql, id:244, sql:[select * from test1 order by id]===
dble:[((1L, 1L, '1', 1L, 1550723483764L), (2L, 2L, '2', 2L, 1550723483764L), (3L, 3L, '3', 3L, 1550723483764L))]
mysql:[((1L, 1L, '1', 1L), (2L, 2L, '2', 2L), (3L, 3L, '3', 3L))]
===file:sqls_util/transaction/trx_isolation.sql, id:250, sql:[select * from test1 order by id]===
dble:[((1L, 1L, '1', 1L, 1550723483764L), (2L, 2L, '2', 2L, 1550723483764L), (3L, 3L, '3', 3L, 1550723483764L))]
mysql:[((1L, 1L, '1', 1L), (2L, 2L, '2', 2L), (3L, 3L, '3', 3L))]
===file:sqls_util/transaction/trx_isolation.sql, id:252, sql:[select * from test1 order by id]===
dble:[((1L, 1L, '1', 1L, 1550723483764L), (2L, 2L, '2', 2L, 1550723483764L), (3L, 3L, '3', 3L, 1550723483764L))]
mysql:[((1L, 1L, '1', 1L), (2L, 2L, '2', 2L), (3L, 3L, '3', 3L))]
===file:sqls_util/transaction/trx_isolation.sql, id:263, sql:[select * from test1 order by id]===
dble:[((1L, 1L, '1', 1L, 1550723484788L), (2L, 2L, '2', 2L, 1550723484788L), (3L, 3L, '3', 3L, 1550723484789L))]
mysql:[((1L, 1L, '1', 1L), (2L, 2L, '2', 2L), (3L, 3L, '3', 3L))]
===file:sqls_util/transaction/trx_isolation.sql, id:282, sql:[select * from test1 order by id]===
dble:[((1L, 1L, '1', 1L, 1550723485808L), (2L, 2L, '2', 2L, 1550723485808L), (3L, 3L, '3', 3L, 1550723485808L), (4L, 4L, '4', 4L, 1550723485808L))]
mysql:[((1L, 1L, '1', 1L), (2L, 2L, '2', 2L), (3L, 3L, '3', 3L), (4L, 4L, '4', 4L))]
===file:sqls_util/transaction/trx_isolation.sql, id:288, sql:[select * from test1 order by id]===
dble:[((1L, 1L, '1', 1L, 1550723485808L), (2L, 2L, '2', 2L, 1550723485808L), (3L, 3L, '3', 3L, 1550723485808L), (4L, 4L, '4', 4L, 1550723485808L))]
mysql:[((1L, 1L, '1', 1L), (2L, 2L, '2', 2L), (3L, 3L, '3', 3L), (4L, 4L, '4', 4L))]
===file:sqls_util/transaction/trx_isolation.sql, id:290, sql:[select * from test1 order by id]===
dble:[((1L, 1L, '1', 1L, 1550723485808L), (2L, 2L, '2', 2L, 1550723485808L), (3L, 3L, '3', 3L, 1550723485808L), (4L, 4L, '4', 4L, 1550723485808L))]
mysql:[((1L, 1L, '1', 1L), (2L, 2L, '2', 2L), (3L, 3L, '3', 3L), (4L, 4L, '4', 4L))]
===file:sqls_util/transaction/trx_isolation.sql, id:301, sql:[select * from test1 order by id]===
dble:[((1L, 1L, '1', 1L, 1550723486800L), (2L, 2L, '2', 2L, 1550723486800L), (3L, 3L, '3', 3L, 1550723486800L), (4L, 4L, '4', 4L, 1550723486800L))]
mysql:[((1L, 1L, '1', 1L), (2L, 2L, '2', 2L), (3L, 3L, '3', 3L), (4L, 4L, '4', 4L))]
===file:sqls_util/transaction/trx_isolation.sql, id:320, sql:[select * from test1 order by id]===
dble:[((1L, 1L, '1', 1L, 1550723487827L),)]
mysql:[((1L, 1L, '1', 1L),)]
===file:sqls_util/transaction/trx_isolation.sql, id:322, sql:[select * from test1 order by id]===
dble:[((1L, 1L, '1', 1L, 1550723487827L),)]
mysql:[((1L, 1L, '1', 1L),)]
===file:sqls_util/transaction/trx_isolation.sql, id:326, sql:[select * from test1 order by id]===
dble:[((1L, 1L, '1', 1L, 1550723487827L),)]
mysql:[((1L, 1L, '1', 1L),)]
===file:sqls_util/transaction/trx_isolation.sql, id:328, sql:[select * from test1 order by id]===
dble:[((1L, 1L, '1', 1L, 1550723487827L),)]
mysql:[((1L, 1L, '1', 1L),)]
===file:sqls_util/transaction/trx_isolation.sql, id:339, sql:[select * from test1 order by id]===
dble:[((1L, 1L, '1', 1L, 1550723488822L),)]
mysql:[((1L, 1L, '1', 1L),)]
===file:sqls_util/transaction/trx_isolation.sql, id:341, sql:[select * from test1 order by id]===
dble:[((1L, 1L, '1', 1L, 1550723488822L),)]
mysql:[((1L, 1L, '1', 1L),)]
===file:sqls_util/transaction/trx_isolation.sql, id:358, sql:[select * from test1 order by id]===
dble:[((1L, 1L, '1', 1L, 1550723489855L), (2L, 2L, '2', 2L, 1550723489855L))]
mysql:[((1L, 1L, '1', 1L), (2L, 2L, '2', 2L))]
===file:sqls_util/transaction/trx_isolation.sql, id:360, sql:[select * from test1 order by id]===
dble:[((1L, 1L, '1', 1L, 1550723489855L), (2L, 2L, '2', 2L, 1550723489855L))]
mysql:[((1L, 1L, '1', 1L), (2L, 2L, '2', 2L))]
===file:sqls_util/transaction/trx_isolation.sql, id:364, sql:[select * from test1 order by id]===
dble:[((1L, 1L, '1', 1L, 1550723489855L), (2L, 2L, '2', 2L, 1550723489855L))]
mysql:[((1L, 1L, '1', 1L), (2L, 2L, '2', 2L))]
===file:sqls_util/transaction/trx_isolation.sql, id:366, sql:[select * from test1 order by id]===
dble:[((1L, 1L, '1', 1L, 1550723489855L), (2L, 2L, '2', 2L, 1550723489855L))]
mysql:[((1L, 1L, '1', 1L), (2L, 2L, '2', 2L))]
===file:sqls_util/transaction/trx_isolation.sql, id:377, sql:[select * from test1 order by id]===
dble:[((1L, 1L, '1', 1L, 1550723490858L), (2L, 2L, '2', 2L, 1550723490858L))]
mysql:[((1L, 1L, '1', 1L), (2L, 2L, '2', 2L))]
===file:sqls_util/transaction/trx_isolation.sql, id:379, sql:[select * from test1 order by id]===
dble:[((1L, 1L, '1', 1L, 1550723490858L), (2L, 2L, '2', 2L, 1550723490858L))]
mysql:[((1L, 1L, '1', 1L), (2L, 2L, '2', 2L))]
===file:sqls_util/transaction/trx_isolation.sql, id:396, sql:[select * from test1 order by id]===
dble:[((1L, 1L, '1', 1L, 1550723491887L), (2L, 2L, '2', 2L, 1550723491887L), (3L, 3L, '3', 3L, 1550723491887L))]
mysql:[((1L, 1L, '1', 1L), (2L, 2L, '2', 2L), (3L, 3L, '3', 3L))]
===file:sqls_util/transaction/trx_isolation.sql, id:398, sql:[select * from test1 order by id]===
dble:[((1L, 1L, '1', 1L, 1550723491887L), (2L, 2L, '2', 2L, 1550723491887L), (3L, 3L, '3', 3L, 1550723491887L))]
mysql:[((1L, 1L, '1', 1L), (2L, 2L, '2', 2L), (3L, 3L, '3', 3L))]
===file:sqls_util/transaction/trx_isolation.sql, id:402, sql:[select * from test1 order by id]===
dble:[((1L, 1L, '1', 1L, 1550723491887L), (2L, 2L, '2', 2L, 1550723491887L), (3L, 3L, '3', 3L, 1550723491887L))]
mysql:[((1L, 1L, '1', 1L), (2L, 2L, '2', 2L), (3L, 3L, '3', 3L))]
===file:sqls_util/transaction/trx_isolation.sql, id:404, sql:[select * from test1 order by id]===
dble:[((1L, 1L, '1', 1L, 1550723491887L), (2L, 2L, '2', 2L, 1550723491887L), (3L, 3L, '3', 3L, 1550723491887L))]
mysql:[((1L, 1L, '1', 1L), (2L, 2L, '2', 2L), (3L, 3L, '3', 3L))]
===file:sqls_util/transaction/trx_isolation.sql, id:415, sql:[select * from test1 order by id]===
dble:[((1L, 1L, '1', 1L, 1550723492896L), (2L, 2L, '2', 2L, 1550723492896L), (3L, 3L, '3', 3L, 1550723492896L))]
mysql:[((1L, 1L, '1', 1L), (2L, 2L, '2', 2L), (3L, 3L, '3', 3L))]
===file:sqls_util/transaction/trx_isolation.sql, id:417, sql:[select * from test1 order by id]===
dble:[((1L, 1L, '1', 1L, 1550723492896L), (2L, 2L, '2', 2L, 1550723492896L), (3L, 3L, '3', 3L, 1550723492896L))]
mysql:[((1L, 1L, '1', 1L), (2L, 2L, '2', 2L), (3L, 3L, '3', 3L))]
===file:sqls_util/transaction/trx_isolation.sql, id:434, sql:[select * from test1 order by id]===
dble:[((1L, 1L, '1', 1L, 1550723493915L), (2L, 2L, '2', 2L, 1550723493915L), (3L, 3L, '3', 3L, 1550723493915L), (4L, 4L, '4', 4L, 1550723493916L))]
mysql:[((1L, 1L, '1', 1L), (2L, 2L, '2', 2L), (3L, 3L, '3', 3L), (4L, 4L, '4', 4L))]
===file:sqls_util/transaction/trx_isolation.sql, id:436, sql:[select * from test1 order by id]===
dble:[((1L, 1L, '1', 1L, 1550723493915L), (2L, 2L, '2', 2L, 1550723493915L), (3L, 3L, '3', 3L, 1550723493915L), (4L, 4L, '4', 4L, 1550723493916L))]
mysql:[((1L, 1L, '1', 1L), (2L, 2L, '2', 2L), (3L, 3L, '3', 3L), (4L, 4L, '4', 4L))]
===file:sqls_util/transaction/trx_isolation.sql, id:440, sql:[select * from test1 order by id]===
dble:[((1L, 1L, '1', 1L, 1550723493915L), (2L, 2L, '2', 2L, 1550723493915L), (3L, 3L, '3', 3L, 1550723493915L), (4L, 4L, '4', 4L, 1550723493916L))]
mysql:[((1L, 1L, '1', 1L), (2L, 2L, '2', 2L), (3L, 3L, '3', 3L), (4L, 4L, '4', 4L))]
===file:sqls_util/transaction/trx_isolation.sql, id:442, sql:[select * from test1 order by id]===
dble:[((1L, 1L, '1', 1L, 1550723493915L), (2L, 2L, '2', 2L, 1550723493915L), (3L, 3L, '3', 3L, 1550723493915L), (4L, 4L, '4', 4L, 1550723493916L))]
mysql:[((1L, 1L, '1', 1L), (2L, 2L, '2', 2L), (3L, 3L, '3', 3L), (4L, 4L, '4', 4L))]
===file:sqls_util/transaction/trx_isolation.sql, id:453, sql:[select * from test1 order by id]===
dble:[((1L, 1L, '1', 1L, 1550723494947L), (2L, 2L, '2', 2L, 1550723494947L), (3L, 3L, '3', 3L, 1550723494947L), (4L, 4L, '4', 4L, 1550723494947L))]
mysql:[((1L, 1L, '1', 1L), (2L, 2L, '2', 2L), (3L, 3L, '3', 3L), (4L, 4L, '4', 4L))]
===file:sqls_util/transaction/trx_isolation.sql, id:455, sql:[select * from test1 order by id]===
dble:[((1L, 1L, '1', 1L, 1550723494947L), (2L, 2L, '2', 2L, 1550723494947L), (3L, 3L, '3', 3L, 1550723494947L), (4L, 4L, '4', 4L, 1550723494947L))]
mysql:[((1L, 1L, '1', 1L), (2L, 2L, '2', 2L), (3L, 3L, '3', 3L), (4L, 4L, '4', 4L))]
===file:sqls_util/transaction/trx_isolation.sql, id:468, sql:[select * from test1 order by id]===
dble:[((1L, 1L, '1', 1L, 1550723495736L), (2L, 2L, '2', 2L, 1550723495736L), (3L, 3L, '3', 3L, 1550723495736L), (4L, 4L, '4', 4L, 1550723495736L))]
mysql:[((1L, 1L, '1', 1L), (2L, 2L, '2', 2L), (3L, 3L, '3', 3L), (4L, 4L, '4', 4L))]
===file:sqls_util/transaction/trx_isolation.sql, id:472, sql:[select * from test1 order by id]===
dble:[((1L, 1L, '1', 1L, 1550723495736L), (2L, 2L, '2', 2L, 1550723495736L), (3L, 3L, '3', 3L, 1550723495736L), (4L, 4L, '4', 4L, 1550723495736L))]
mysql:[((1L, 1L, '1', 1L), (2L, 2L, '2', 2L), (3L, 3L, '3', 3L), (4L, 4L, '4', 4L))]
===file:sqls_util/transaction/trx_isolation.sql, id:475, sql:[select * from test1 order by id]===
dble:[((1L, 1L, '1', 1L, 1550723495736L), (2L, 2L, '2', 2L, 1550723495736L), (3L, 3L, '3', 3L, 1550723495736L), (4L, 4L, '4', 4L, 1550723495736L))]
mysql:[((1L, 1L, '1', 1L), (2L, 2L, '2', 2L), (3L, 3L, '3', 3L), (4L, 4L, '4', 4L))]
===file:sqls_util/transaction/trx_isolation.sql, id:477, sql:[select * from test1 order by id]===
dble:[((1L, 1L, '1', 1L, 1550723495736L), (2L, 2L, '2', 2L, 1550723495736L), (3L, 3L, '3', 3L, 1550723495736L), (4L, 4L, '4', 4L, 1550723495736L))]
mysql:[((1L, 1L, '1', 1L), (2L, 2L, '2', 2L), (3L, 3L, '3', 3L), (4L, 4L, '4', 4L))]
===file:sqls_util/transaction/trx_isolation.sql, id:480, sql:[select * from test1 order by id]===
dble:[((1L, 1L, '1', 1L, 1550723495736L), (2L, 2L, '2', 2L, 1550723495736L), (3L, 3L, '3', 3L, 1550723495736L), (4L, 4L, '4', 4L, 1550723495736L))]
mysql:[((1L, 1L, '1', 1L), (2L, 2L, '2', 2L), (3L, 3L, '3', 3L), (4L, 4L, '4', 4L))]
===file:sqls_util/transaction/trx_isolation.sql, id:482, sql:[select * from test1 order by id]===
dble:[((1L, 1L, '1', 1L, 1550723495736L), (2L, 2L, '2', 2L, 1550723495736L), (3L, 3L, '3', 3L, 1550723495736L), (4L, 4L, '4', 4L, 1550723495736L))]
mysql:[((1L, 1L, '1', 1L), (2L, 2L, '2', 2L), (3L, 3L, '3', 3L), (4L, 4L, '4', 4L))]
