===file:sqls_util/transaction/trx_ddl_dml.sql, id:16, sql:[select * from test1 order by id]===
dble:[((1L, 1L, '1', 1L, 1550742748954L),)]
mysql:[((1L, 1L, '1', 1L),)]
===file:sqls_util/transaction/trx_ddl_dml.sql, id:18, sql:[select * from test1 order by id]===
dble:[((1L, 1L, '1', 10L, 1550742749202L),)]
mysql:[((1L, 1L, '1', 10L),)]
===file:sqls_util/transaction/trx_ddl_dml.sql, id:28, sql:[select * from test1 order by id]===
dble:[((1L, 1L, '1', 1L, 1550742749744L),)]
mysql:[((1L, 1L, '1', 1L),)]
===file:sqls_util/transaction/trx_ddl_dml.sql, id:37, sql:[select * from test1 order by id]===
dble:[((1L, 1L, '1', 1L, 1550742750092L), (2L, 2L, '2', 2L, 1550742750172L))]
mysql:[((1L, 1L, '1', 1L), (2L, 2L, '2', 2L))]
===file:sqls_util/transaction/trx_ddl_dml.sql, id:39, sql:[select * from test1 order by id]===
dble:[((1L, 1L, '1', 10L, 1550742750418L), (2L, 2L, '2', 10L, 1550742750418L))]
mysql:[((1L, 1L, '1', 10L), (2L, 2L, '2', 10L))]
===file:sqls_util/transaction/trx_ddl_dml.sql, id:50, sql:[select * from test1 order by id]===
dble:[((1L, 1L, '1', 1L, 1550742751093L),)]
mysql:[((1L, 1L, '1', 1L),)]
===file:sqls_util/transaction/trx_ddl_dml.sql, id:60, sql:[select * from test1 order by id]===
dble:[((1L, 1L, '1', 1L, 1550742751415L), (2L, 2L, '2', 2L, 1550742751495L), (3L, 3L, '3', 3L, 1550742751575L))]
mysql:[((1L, 1L, '1', 1L), (2L, 2L, '2', 2L), (3L, 3L, '3', 3L))]
===file:sqls_util/transaction/trx_ddl_dml.sql, id:62, sql:[select * from test1 order by id]===
dble:[((1L, 1L, '1', 10L, 1550742751794L), (2L, 2L, '2', 10L, 1550742751794L), (3L, 3L, '3', 10L, 1550742751794L))]
mysql:[((1L, 1L, '1', 10L), (2L, 2L, '2', 10L), (3L, 3L, '3', 10L))]
===file:sqls_util/transaction/trx_ddl_dml.sql, id:74, sql:[select * from test1 order by id]===
dble:[((1L, 1L, '1', 1L, 1550742752555L),)]
mysql:[((1L, 1L, '1', 1L),)]
===file:sqls_util/transaction/trx_ddl_dml.sql, id:85, sql:[select * from test1 order by id]===
dble:[((1L, 1L, '1', 1L, 1550742752902L), (2L, 2L, '2', 2L, 1550742752982L), (3L, 3L, '3', 3L, 1550742753063L), (4L, 4L, '4', 4L, 1550742753143L))]
mysql:[((1L, 1L, '1', 1L), (2L, 2L, '2', 2L), (3L, 3L, '3', 3L), (4L, 4L, '4', 4L))]
===file:sqls_util/transaction/trx_ddl_dml.sql, id:87, sql:[select * from test1 order by id]===
dble:[((1L, 1L, '1', 10L, 1550742753358L), (2L, 2L, '2', 10L, 1550742753358L), (3L, 3L, '3', 10L, 1550742753358L), (4L, 4L, '4', 10L, 1550742753358L))]
mysql:[((1L, 1L, '1', 10L), (2L, 2L, '2', 10L), (3L, 3L, '3', 10L), (4L, 4L, '4', 10L))]
===file:sqls_util/transaction/trx_ddl_dml.sql, id:100, sql:[select * from test1 order by id]===
dble:[((1L, 1L, '1', 1L, 1550742754160L),)]
mysql:[((1L, 1L, '1', 1L),)]
===file:sqls_util/transaction/trx_ddl_dml.sql, id:108, sql:[select * from test1 order by id]===
dble:[((1L, 1L, '1', 1L, 1550742754546L), (5L, 5L, '5', 5L, 1550742754546L))]
mysql:[((1L, 1L, '1', 1L), (5L, 5L, '5', 5L))]
===file:sqls_util/transaction/trx_ddl_dml.sql, id:110, sql:[select * from test1 order by id]===
dble:[((1L, 1L, '1', 10L, 1550742754789L), (5L, 5L, '5', 10L, 1550742754789L))]
mysql:[((1L, 1L, '1', 10L), (5L, 5L, '5', 10L))]
===file:sqls_util/transaction/trx_ddl_dml.sql, id:120, sql:[select * from test1 order by id]===
dble:[((1L, 1L, '1', 1L, 1550742755530L),)]
mysql:[((1L, 1L, '1', 1L),)]
===file:sqls_util/transaction/trx_ddl_dml.sql, id:128, sql:[select * from test1 order by id]===
dble:[((1L, 1L, '1', 1L, 1550742755860L), (2L, 2L, '2', 2L, 1550742755860L))]
mysql:[((1L, 1L, '1', 1L), (2L, 2L, '2', 2L))]
===file:sqls_util/transaction/trx_ddl_dml.sql, id:130, sql:[select * from test1 order by id]===
dble:[((1L, 1L, '1', 10L, 1550742756076L), (2L, 2L, '2', 10L, 1550742756076L))]
mysql:[((1L, 1L, '1', 10L), (2L, 2L, '2', 10L))]
===file:sqls_util/transaction/trx_ddl_dml.sql, id:140, sql:[select * from test1 order by id]===
dble:[((1L, 1L, '1', 1L, 1550742756639L),)]
mysql:[((1L, 1L, '1', 1L),)]
===file:sqls_util/transaction/trx_ddl_dml.sql, id:148, sql:[select * from test1 order by id]===
dble:[((1L, 1L, '1', 1L, 1550742756967L), (2L, 2L, '2', 2L, 1550742756967L), (3L, 3L, '3', 3L, 1550742756967L))]
mysql:[((1L, 1L, '1', 1L), (2L, 2L, '2', 2L), (3L, 3L, '3', 3L))]
===file:sqls_util/transaction/trx_ddl_dml.sql, id:150, sql:[select * from test1 order by id]===
dble:[((1L, 1L, '1', 10L, 1550742757219L), (2L, 2L, '2', 10L, 1550742757219L), (3L, 3L, '3', 10L, 1550742757219L))]
mysql:[((1L, 1L, '1', 10L), (2L, 2L, '2', 10L), (3L, 3L, '3', 10L))]
===file:sqls_util/transaction/trx_ddl_dml.sql, id:160, sql:[select * from test1 order by id]===
dble:[((1L, 1L, '1', 1L, 1550742757789L),)]
mysql:[((1L, 1L, '1', 1L),)]
===file:sqls_util/transaction/trx_ddl_dml.sql, id:168, sql:[select * from test1 order by id]===
dble:[((1L, 1L, '1', 1L, 1550742758134L), (2L, 2L, '2', 2L, 1550742758134L), (3L, 3L, '3', 3L, 1550742758134L), (4L, 4L, '4', 4L, 1550742758134L))]
mysql:[((1L, 1L, '1', 1L), (2L, 2L, '2', 2L), (3L, 3L, '3', 3L), (4L, 4L, '4', 4L))]
===file:sqls_util/transaction/trx_ddl_dml.sql, id:170, sql:[select * from test1 order by id]===
dble:[((1L, 1L, '1', 10L, 1550742758379L), (2L, 2L, '2', 10L, 1550742758379L), (3L, 3L, '3', 10L, 1550742758379L), (4L, 4L, '4', 10L, 1550742758379L))]
mysql:[((1L, 1L, '1', 10L), (2L, 2L, '2', 10L), (3L, 3L, '3', 10L), (4L, 4L, '4', 10L))]
===file:sqls_util/transaction/trx_ddl_dml.sql, id:180, sql:[select * from test1 order by id]===
dble:[((1L, 1L, '1', 1L, 1550742758991L),)]
mysql:[((1L, 1L, '1', 1L),)]
===file:sqls_util/transaction/trx_ddl_dml.sql, id:186, sql:[select * from test1 order by id]===
dble:[((1L, 1L, '1', 1L, 1550742759151L), (2L, 2L, '2', 2L, 1550742759151L), (3L, 3L, '3', 3L, 1550742759151L), (4L, 4L, '4', 4L, 1550742759151L))]
mysql:[((1L, 1L, '1', 1L), (2L, 2L, '2', 2L), (3L, 3L, '3', 3L), (4L, 4L, '4', 4L))]
===file:sqls_util/transaction/trx_ddl_dml.sql, id:189, sql:[select * from test1 order by id]===
dble:[((1L, 1L, '1', 10L, 1550742759387L), (2L, 2L, '2', 2L, 1550742759151L), (3L, 3L, '3', 3L, 1550742759151L), (4L, 4L, '4', 4L, 1550742759151L))]
mysql:[((1L, 1L, '1', 10L), (2L, 2L, '2', 2L), (3L, 3L, '3', 3L), (4L, 4L, '4', 4L))]
===file:sqls_util/transaction/trx_ddl_dml.sql, id:191, sql:[select * from test1 order by id]===
dble:[((1L, 1L, '1', 10L, 1550742759566L), (2L, 2L, '2', 10L, 1550742759566L), (3L, 3L, '3', 10L, 1550742759566L), (4L, 4L, '4', 10L, 1550742759566L))]
mysql:[((1L, 1L, '1', 10L), (2L, 2L, '2', 10L), (3L, 3L, '3', 10L), (4L, 4L, '4', 10L))]
===file:sqls_util/transaction/trx_ddl_dml.sql, id:197, sql:[select * from test1 order by id]===
dble:[((1L, 1L, '1', 1L, 1550742759728L), (2L, 2L, '2', 2L, 1550742759728L), (3L, 3L, '3', 3L, 1550742759728L), (4L, 4L, '4', 4L, 1550742759728L))]
mysql:[((1L, 1L, '1', 1L), (2L, 2L, '2', 2L), (3L, 3L, '3', 3L), (4L, 4L, '4', 4L))]
===file:sqls_util/transaction/trx_ddl_dml.sql, id:200, sql:[select * from test1 order by id]===
dble:[((1L, 1L, '1', 1L, 1550742759728L), (2L, 2L, '2', 2L, 1550742759728L), (3L, 3L, '3', 3L, 1550742759728L), (4L, 4L, '4', 4L, 1550742759728L))]
mysql:[((1L, 1L, '1', 1L), (2L, 2L, '2', 2L), (3L, 3L, '3', 3L), (4L, 4L, '4', 4L))]
===file:sqls_util/transaction/trx_ddl_dml.sql, id:202, sql:[select * from test1 order by id]===
dble:[((1L, 1L, '1', 10L, 1550742760162L), (2L, 2L, '2', 10L, 1550742760162L), (3L, 3L, '3', 10L, 1550742760162L), (4L, 4L, '4', 10L, 1550742760162L))]
mysql:[((1L, 1L, '1', 10L), (2L, 2L, '2', 10L), (3L, 3L, '3', 10L), (4L, 4L, '4', 10L))]
===file:sqls_util/transaction/trx_ddl_dml.sql, id:208, sql:[select * from test1 order by id]===
dble:[((1L, 1L, '1', 1L, 1550742760358L), (2L, 2L, '2', 2L, 1550742760358L), (3L, 3L, '3', 3L, 1550742760358L), (4L, 4L, '4', 4L, 1550742760358L))]
mysql:[((1L, 1L, '1', 1L), (2L, 2L, '2', 2L), (3L, 3L, '3', 3L), (4L, 4L, '4', 4L))]
===file:sqls_util/transaction/trx_ddl_dml.sql, id:212, sql:[select * from test1 order by id]===
dble:[((1L, 1L, '1', 10L, 1550742760573L), (2L, 2L, '2', 10L, 1550742760654L), (3L, 3L, '3', 3L, 1550742760358L), (4L, 4L, '4', 4L, 1550742760358L))]
mysql:[((1L, 1L, '1', 10L), (2L, 2L, '2', 10L), (3L, 3L, '3', 3L), (4L, 4L, '4', 4L))]
===file:sqls_util/transaction/trx_ddl_dml.sql, id:214, sql:[select * from test1 order by id]===
dble:[((1L, 1L, '1', 10L, 1550742760903L), (2L, 2L, '2', 10L, 1550742760903L), (3L, 3L, '3', 10L, 1550742760903L), (4L, 4L, '4', 10L, 1550742760903L))]
mysql:[((1L, 1L, '1', 10L), (2L, 2L, '2', 10L), (3L, 3L, '3', 10L), (4L, 4L, '4', 10L))]
===file:sqls_util/transaction/trx_ddl_dml.sql, id:220, sql:[select * from test1 order by id]===
dble:[((1L, 1L, '1', 1L, 1550742761064L), (2L, 2L, '2', 2L, 1550742761064L), (3L, 3L, '3', 3L, 1550742761064L), (4L, 4L, '4', 4L, 1550742761064L))]
mysql:[((1L, 1L, '1', 1L), (2L, 2L, '2', 2L), (3L, 3L, '3', 3L), (4L, 4L, '4', 4L))]
===file:sqls_util/transaction/trx_ddl_dml.sql, id:224, sql:[select * from test1 order by id]===
dble:[((1L, 1L, '1', 1L, 1550742761064L), (2L, 2L, '2', 2L, 1550742761064L), (3L, 3L, '3', 3L, 1550742761064L), (4L, 4L, '4', 4L, 1550742761064L))]
mysql:[((1L, 1L, '1', 1L), (2L, 2L, '2', 2L), (3L, 3L, '3', 3L), (4L, 4L, '4', 4L))]
===file:sqls_util/transaction/trx_ddl_dml.sql, id:226, sql:[select * from test1 order by id]===
dble:[((1L, 1L, '1', 10L, 1550742761596L), (2L, 2L, '2', 10L, 1550742761596L), (3L, 3L, '3', 10L, 1550742761596L), (4L, 4L, '4', 10L, 1550742761596L))]
mysql:[((1L, 1L, '1', 10L), (2L, 2L, '2', 10L), (3L, 3L, '3', 10L), (4L, 4L, '4', 10L))]
===file:sqls_util/transaction/trx_ddl_dml.sql, id:232, sql:[select * from test1 order by id]===
dble:[((1L, 1L, '1', 1L, 1550742761817L), (2L, 2L, '2', 2L, 1550742761817L), (3L, 3L, '3', 3L, 1550742761817L), (4L, 4L, '4', 4L, 1550742761817L))]
mysql:[((1L, 1L, '1', 1L), (2L, 2L, '2', 2L), (3L, 3L, '3', 3L), (4L, 4L, '4', 4L))]
===file:sqls_util/transaction/trx_ddl_dml.sql, id:237, sql:[select * from test1 order by id]===
dble:[((1L, 1L, '1', 10L, 1550742762032L), (2L, 2L, '2', 10L, 1550742762114L), (3L, 3L, '3', 10L, 1550742762196L), (4L, 4L, '4', 4L, 1550742761817L))]
mysql:[((1L, 1L, '1', 10L), (2L, 2L, '2', 10L), (3L, 3L, '3', 10L), (4L, 4L, '4', 4L))]
===file:sqls_util/transaction/trx_ddl_dml.sql, id:239, sql:[select * from test1 order by id]===
dble:[((1L, 1L, '1', 10L, 1550742762443L), (2L, 2L, '2', 10L, 1550742762443L), (3L, 3L, '3', 10L, 1550742762443L), (4L, 4L, '4', 10L, 1550742762443L))]
mysql:[((1L, 1L, '1', 10L), (2L, 2L, '2', 10L), (3L, 3L, '3', 10L), (4L, 4L, '4', 10L))]
===file:sqls_util/transaction/trx_ddl_dml.sql, id:245, sql:[select * from test1 order by id]===
dble:[((1L, 1L, '1', 1L, 1550742762606L), (2L, 2L, '2', 2L, 1550742762606L), (3L, 3L, '3', 3L, 1550742762606L), (4L, 4L, '4', 4L, 1550742762606L))]
mysql:[((1L, 1L, '1', 1L), (2L, 2L, '2', 2L), (3L, 3L, '3', 3L), (4L, 4L, '4', 4L))]
===file:sqls_util/transaction/trx_ddl_dml.sql, id:250, sql:[select * from test1 order by id]===
dble:[((1L, 1L, '1', 1L, 1550742762606L), (2L, 2L, '2', 2L, 1550742762606L), (3L, 3L, '3', 3L, 1550742762606L), (4L, 4L, '4', 4L, 1550742762606L))]
mysql:[((1L, 1L, '1', 1L), (2L, 2L, '2', 2L), (3L, 3L, '3', 3L), (4L, 4L, '4', 4L))]
===file:sqls_util/transaction/trx_ddl_dml.sql, id:252, sql:[select * from test1 order by id]===
dble:[((1L, 1L, '1', 10L, 1550742763230L), (2L, 2L, '2', 10L, 1550742763230L), (3L, 3L, '3', 10L, 1550742763230L), (4L, 4L, '4', 10L, 1550742763230L))]
mysql:[((1L, 1L, '1', 10L), (2L, 2L, '2', 10L), (3L, 3L, '3', 10L), (4L, 4L, '4', 10L))]
===file:sqls_util/transaction/trx_ddl_dml.sql, id:258, sql:[select * from test1 order by id]===
dble:[((1L, 1L, '1', 1L, 1550742763391L), (2L, 2L, '2', 2L, 1550742763391L), (3L, 3L, '3', 3L, 1550742763391L), (4L, 4L, '4', 4L, 1550742763391L))]
mysql:[((1L, 1L, '1', 1L), (2L, 2L, '2', 2L), (3L, 3L, '3', 3L), (4L, 4L, '4', 4L))]
===file:sqls_util/transaction/trx_ddl_dml.sql, id:264, sql:[select * from test1 order by id]===
dble:[((1L, 1L, '1', 10L, 1550742763631L), (2L, 2L, '2', 10L, 1550742763710L), (3L, 3L, '3', 10L, 1550742763791L), (4L, 4L, '4', 10L, 1550742763874L))]
mysql:[((1L, 1L, '1', 10L), (2L, 2L, '2', 10L), (3L, 3L, '3', 10L), (4L, 4L, '4', 10L))]
===file:sqls_util/transaction/trx_ddl_dml.sql, id:266, sql:[select * from test1 order by id]===
dble:[((1L, 1L, '1', 10L, 1550742764121L), (2L, 2L, '2', 10L, 1550742764121L), (3L, 3L, '3', 10L, 1550742764121L), (4L, 4L, '4', 10L, 1550742764121L))]
mysql:[((1L, 1L, '1', 10L), (2L, 2L, '2', 10L), (3L, 3L, '3', 10L), (4L, 4L, '4', 10L))]
===file:sqls_util/transaction/trx_ddl_dml.sql, id:272, sql:[select * from test1 order by id]===
dble:[((1L, 1L, '1', 1L, 1550742764283L), (2L, 2L, '2', 2L, 1550742764283L), (3L, 3L, '3', 3L, 1550742764283L), (4L, 4L, '4', 4L, 1550742764283L))]
mysql:[((1L, 1L, '1', 1L), (2L, 2L, '2', 2L), (3L, 3L, '3', 3L), (4L, 4L, '4', 4L))]
===file:sqls_util/transaction/trx_ddl_dml.sql, id:278, sql:[select * from test1 order by id]===
dble:[((1L, 1L, '1', 1L, 1550742764283L), (2L, 2L, '2', 2L, 1550742764283L), (3L, 3L, '3', 3L, 1550742764283L), (4L, 4L, '4', 4L, 1550742764283L))]
mysql:[((1L, 1L, '1', 1L), (2L, 2L, '2', 2L), (3L, 3L, '3', 3L), (4L, 4L, '4', 4L))]
===file:sqls_util/transaction/trx_ddl_dml.sql, id:280, sql:[select * from test1 order by id]===
dble:[((1L, 1L, '1', 10L, 1550742764982L), (2L, 2L, '2', 10L, 1550742764982L), (3L, 3L, '3', 10L, 1550742764982L), (4L, 4L, '4', 10L, 1550742764982L))]
mysql:[((1L, 1L, '1', 10L), (2L, 2L, '2', 10L), (3L, 3L, '3', 10L), (4L, 4L, '4', 10L))]
===file:sqls_util/transaction/trx_ddl_dml.sql, id:286, sql:[select * from test1 order by id]===
dble:[((1L, 1L, '1', 1L, 1550742765232L), (2L, 2L, '2', 2L, 1550742765232L), (3L, 3L, '3', 3L, 1550742765232L), (4L, 4L, '4', 4L, 1550742765232L))]
mysql:[((1L, 1L, '1', 1L), (2L, 2L, '2', 2L), (3L, 3L, '3', 3L), (4L, 4L, '4', 4L))]
===file:sqls_util/transaction/trx_ddl_dml.sql, id:289, sql:[select * from test1 order by id]===
dble:[((1L, 1L, '1', 100L, 1550742765479L), (2L, 2L, '2', 100L, 1550742765479L), (3L, 3L, '3', 100L, 1550742765479L), (4L, 4L, '4', 100L, 1550742765479L))]
mysql:[((1L, 1L, '1', 100L), (2L, 2L, '2', 100L), (3L, 3L, '3', 100L), (4L, 4L, '4', 100L))]
===file:sqls_util/transaction/trx_ddl_dml.sql, id:291, sql:[select * from test1 order by id]===
dble:[((1L, 1L, '1', 10L, 1550742765721L), (2L, 2L, '2', 10L, 1550742765721L), (3L, 3L, '3', 10L, 1550742765721L), (4L, 4L, '4', 10L, 1550742765721L))]
mysql:[((1L, 1L, '1', 10L), (2L, 2L, '2', 10L), (3L, 3L, '3', 10L), (4L, 4L, '4', 10L))]
===file:sqls_util/transaction/trx_ddl_dml.sql, id:297, sql:[select * from test1 order by id]===
dble:[((1L, 1L, '1', 1L, 1550742765973L), (2L, 2L, '2', 2L, 1550742765974L), (3L, 3L, '3', 3L, 1550742765974L), (4L, 4L, '4', 4L, 1550742765974L))]
mysql:[((1L, 1L, '1', 1L), (2L, 2L, '2', 2L), (3L, 3L, '3', 3L), (4L, 4L, '4', 4L))]
===file:sqls_util/transaction/trx_ddl_dml.sql, id:300, sql:[select * from test1 order by id]===
dble:[((1L, 1L, '1', 1L, 1550742765973L), (2L, 2L, '2', 2L, 1550742765974L), (3L, 3L, '3', 3L, 1550742765974L), (4L, 4L, '4', 4L, 1550742765974L))]
mysql:[((1L, 1L, '1', 1L), (2L, 2L, '2', 2L), (3L, 3L, '3', 3L), (4L, 4L, '4', 4L))]
===file:sqls_util/transaction/trx_ddl_dml.sql, id:302, sql:[select * from test1 order by id]===
dble:[((1L, 1L, '1', 10L, 1550742766422L), (2L, 2L, '2', 10L, 1550742766422L), (3L, 3L, '3', 10L, 1550742766422L), (4L, 4L, '4', 10L, 1550742766422L))]
mysql:[((1L, 1L, '1', 10L), (2L, 2L, '2', 10L), (3L, 3L, '3', 10L), (4L, 4L, '4', 10L))]
===file:sqls_util/transaction/trx_ddl_dml.sql, id:308, sql:[select * from test1 order by id]===
dble:[((1L, 1L, '1', 1L, 1550742766606L), (2L, 2L, '2', 2L, 1550742766606L), (3L, 3L, '3', 3L, 1550742766606L), (4L, 4L, '4', 4L, 1550742766606L))]
mysql:[((1L, 1L, '1', 1L), (2L, 2L, '2', 2L), (3L, 3L, '3', 3L), (4L, 4L, '4', 4L))]
===file:sqls_util/transaction/trx_ddl_dml.sql, id:311, sql:[select * from test1 order by id]===
dble:[((2L, 2L, '2', 2L, 1550742766606L), (3L, 3L, '3', 3L, 1550742766606L), (4L, 4L, '4', 4L, 1550742766606L))]
mysql:[((2L, 2L, '2', 2L), (3L, 3L, '3', 3L), (4L, 4L, '4', 4L))]
===file:sqls_util/transaction/trx_ddl_dml.sql, id:313, sql:[select * from test1 order by id]===
dble:[((3L, 3L, '3', 3L, 1550742766606L), (4L, 4L, '4', 4L, 1550742766606L))]
mysql:[((3L, 3L, '3', 3L), (4L, 4L, '4', 4L))]
===file:sqls_util/transaction/trx_ddl_dml.sql, id:319, sql:[select * from test1 order by id]===
dble:[((1L, 1L, '1', 1L, 1550742767248L), (2L, 2L, '2', 2L, 1550742767248L), (3L, 3L, '3', 3L, 1550742767248L), (4L, 4L, '4', 4L, 1550742767248L))]
mysql:[((1L, 1L, '1', 1L), (2L, 2L, '2', 2L), (3L, 3L, '3', 3L), (4L, 4L, '4', 4L))]
===file:sqls_util/transaction/trx_ddl_dml.sql, id:322, sql:[select * from test1 order by id]===
dble:[((1L, 1L, '1', 1L, 1550742767248L), (2L, 2L, '2', 2L, 1550742767248L), (3L, 3L, '3', 3L, 1550742767248L), (4L, 4L, '4', 4L, 1550742767248L))]
mysql:[((1L, 1L, '1', 1L), (2L, 2L, '2', 2L), (3L, 3L, '3', 3L), (4L, 4L, '4', 4L))]
===file:sqls_util/transaction/trx_ddl_dml.sql, id:324, sql:[select * from test1 order by id]===
dble:[((1L, 1L, '1', 1L, 1550742767248L), (3L, 3L, '3', 3L, 1550742767248L), (4L, 4L, '4', 4L, 1550742767248L))]
mysql:[((1L, 1L, '1', 1L), (3L, 3L, '3', 3L), (4L, 4L, '4', 4L))]
===file:sqls_util/transaction/trx_ddl_dml.sql, id:330, sql:[select * from test1 order by id]===
dble:[((1L, 1L, '1', 1L, 1550742767917L), (2L, 2L, '2', 2L, 1550742767917L), (3L, 3L, '3', 3L, 1550742767917L), (4L, 4L, '4', 4L, 1550742767917L))]
mysql:[((1L, 1L, '1', 1L), (2L, 2L, '2', 2L), (3L, 3L, '3', 3L), (4L, 4L, '4', 4L))]
===file:sqls_util/transaction/trx_ddl_dml.sql, id:334, sql:[select * from test1 order by id]===
dble:[((3L, 3L, '3', 3L, 1550742767917L), (4L, 4L, '4', 4L, 1550742767917L))]
mysql:[((3L, 3L, '3', 3L), (4L, 4L, '4', 4L))]
===file:sqls_util/transaction/trx_ddl_dml.sql, id:336, sql:[select * from test1 order by id]===
dble:[((4L, 4L, '4', 4L, 1550742767917L),)]
mysql:[((4L, 4L, '4', 4L),)]
===file:sqls_util/transaction/trx_ddl_dml.sql, id:342, sql:[select * from test1 order by id]===
dble:[((1L, 1L, '1', 1L, 1550742768639L), (2L, 2L, '2', 2L, 1550742768639L), (3L, 3L, '3', 3L, 1550742768639L), (4L, 4L, '4', 4L, 1550742768639L))]
mysql:[((1L, 1L, '1', 1L), (2L, 2L, '2', 2L), (3L, 3L, '3', 3L), (4L, 4L, '4', 4L))]
===file:sqls_util/transaction/trx_ddl_dml.sql, id:346, sql:[select * from test1 order by id]===
dble:[((1L, 1L, '1', 1L, 1550742768639L), (2L, 2L, '2', 2L, 1550742768639L), (3L, 3L, '3', 3L, 1550742768639L), (4L, 4L, '4', 4L, 1550742768639L))]
mysql:[((1L, 1L, '1', 1L), (2L, 2L, '2', 2L), (3L, 3L, '3', 3L), (4L, 4L, '4', 4L))]
===file:sqls_util/transaction/trx_ddl_dml.sql, id:348, sql:[select * from test1 order by id]===
dble:[((1L, 1L, '1', 1L, 1550742768639L), (2L, 2L, '2', 2L, 1550742768639L), (4L, 4L, '4', 4L, 1550742768639L))]
mysql:[((1L, 1L, '1', 1L), (2L, 2L, '2', 2L), (4L, 4L, '4', 4L))]
===file:sqls_util/transaction/trx_ddl_dml.sql, id:354, sql:[select * from test1 order by id]===
dble:[((1L, 1L, '1', 1L, 1550742769386L), (2L, 2L, '2', 2L, 1550742769386L), (3L, 3L, '3', 3L, 1550742769386L), (4L, 4L, '4', 4L, 1550742769386L))]
mysql:[((1L, 1L, '1', 1L), (2L, 2L, '2', 2L), (3L, 3L, '3', 3L), (4L, 4L, '4', 4L))]
===file:sqls_util/transaction/trx_ddl_dml.sql, id:359, sql:[select * from test1 order by id]===
dble:[((4L, 4L, '4', 4L, 1550742769386L),)]
mysql:[((4L, 4L, '4', 4L),)]
===file:sqls_util/transaction/trx_ddl_dml.sql, id:367, sql:[select * from test1 order by id]===
dble:[((1L, 1L, '1', 1L, 1550742770219L), (2L, 2L, '2', 2L, 1550742770219L), (3L, 3L, '3', 3L, 1550742770219L), (4L, 4L, '4', 4L, 1550742770219L))]
mysql:[((1L, 1L, '1', 1L), (2L, 2L, '2', 2L), (3L, 3L, '3', 3L), (4L, 4L, '4', 4L))]
===file:sqls_util/transaction/trx_ddl_dml.sql, id:372, sql:[select * from test1 order by id]===
dble:[((1L, 1L, '1', 1L, 1550742770219L), (2L, 2L, '2', 2L, 1550742770219L), (3L, 3L, '3', 3L, 1550742770219L), (4L, 4L, '4', 4L, 1550742770219L))]
mysql:[((1L, 1L, '1', 1L), (2L, 2L, '2', 2L), (3L, 3L, '3', 3L), (4L, 4L, '4', 4L))]
===file:sqls_util/transaction/trx_ddl_dml.sql, id:374, sql:[select * from test1 order by id]===
dble:[((1L, 1L, '1', 1L, 1550742770219L), (2L, 2L, '2', 2L, 1550742770219L), (3L, 3L, '3', 3L, 1550742770219L))]
mysql:[((1L, 1L, '1', 1L), (2L, 2L, '2', 2L), (3L, 3L, '3', 3L))]
===file:sqls_util/transaction/trx_ddl_dml.sql, id:380, sql:[select * from test1 order by id]===
dble:[((1L, 1L, '1', 1L, 1550742771014L), (2L, 2L, '2', 2L, 1550742771014L), (3L, 3L, '3', 3L, 1550742771014L), (4L, 4L, '4', 4L, 1550742771014L))]
mysql:[((1L, 1L, '1', 1L), (2L, 2L, '2', 2L), (3L, 3L, '3', 3L), (4L, 4L, '4', 4L))]
===file:sqls_util/transaction/trx_ddl_dml.sql, id:394, sql:[select * from test1 order by id]===
dble:[((1L, 1L, '1', 1L, 1550742771982L), (2L, 2L, '2', 2L, 1550742771982L), (3L, 3L, '3', 3L, 1550742771982L), (4L, 4L, '4', 4L, 1550742771982L))]
mysql:[((1L, 1L, '1', 1L), (2L, 2L, '2', 2L), (3L, 3L, '3', 3L), (4L, 4L, '4', 4L))]
===file:sqls_util/transaction/trx_ddl_dml.sql, id:400, sql:[select * from test1 order by id]===
dble:[((1L, 1L, '1', 1L, 1550742771982L), (2L, 2L, '2', 2L, 1550742771982L), (3L, 3L, '3', 3L, 1550742771982L), (4L, 4L, '4', 4L, 1550742771982L))]
mysql:[((1L, 1L, '1', 1L), (2L, 2L, '2', 2L), (3L, 3L, '3', 3L), (4L, 4L, '4', 4L))]
===file:sqls_util/transaction/trx_ddl_dml.sql, id:402, sql:[select * from test1 order by id]===
dble:[((1L, 1L, '1', 1L, 1550742771982L), (2L, 2L, '2', 2L, 1550742771982L), (4L, 4L, '4', 4L, 1550742771982L))]
mysql:[((1L, 1L, '1', 1L), (2L, 2L, '2', 2L), (4L, 4L, '4', 4L))]
===file:sqls_util/transaction/trx_ddl_dml.sql, id:408, sql:[select * from test1 order by id]===
dble:[((1L, 1L, '1', 1L, 1550742772959L), (2L, 2L, '2', 2L, 1550742772959L), (3L, 3L, '3', 3L, 1550742772959L), (4L, 4L, '4', 4L, 1550742772959L))]
mysql:[((1L, 1L, '1', 1L), (2L, 2L, '2', 2L), (3L, 3L, '3', 3L), (4L, 4L, '4', 4L))]
===file:sqls_util/transaction/trx_ddl_dml.sql, id:419, sql:[select * from test1 order by id]===
dble:[((1L, 1L, '1', 1L, 1550742773672L), (2L, 2L, '2', 2L, 1550742773672L), (3L, 3L, '3', 3L, 1550742773672L), (4L, 4L, '4', 4L, 1550742773672L))]
mysql:[((1L, 1L, '1', 1L), (2L, 2L, '2', 2L), (3L, 3L, '3', 3L), (4L, 4L, '4', 4L))]
===file:sqls_util/transaction/trx_ddl_dml.sql, id:422, sql:[select * from test1 order by id]===
dble:[((1L, 1L, '1', 1L, 1550742773672L), (2L, 2L, '2', 2L, 1550742773672L), (3L, 3L, '3', 3L, 1550742773672L), (4L, 4L, '4', 4L, 1550742773672L))]
mysql:[((1L, 1L, '1', 1L), (2L, 2L, '2', 2L), (3L, 3L, '3', 3L), (4L, 4L, '4', 4L))]
===file:sqls_util/transaction/trx_ddl_dml.sql, id:436, sql:[select * from test1 order by id]===
dble:[((1L, 1L, '1', 1L, 1550742774891L),)]
mysql:[((1L, 1L, '1', 1L),)]
===file:sqls_util/transaction/trx_ddl_dml.sql, id:448, sql:[select * from test1 order by id]===
dble:[((2L, 1L, '1', 1L, 1550742775716L),)]
mysql:[((2L, 1L, '1', 1L),)]
===file:sqls_util/transaction/trx_ddl_dml.sql, id:456, sql:[select * from test1 order by id]===
dble:[((1L, 1L, '1', 10L, 1550742776179L),)]
mysql:[((1L, 1L, '1', 10L),)]
===file:sqls_util/transaction/trx_ddl_dml.sql, id:460, sql:[select * from test1 order by id]===
dble:[((1L, 1L, '1', 100L, 1550742776505L),)]
mysql:[((1L, 1L, '1', 100L),)]
===file:sqls_util/transaction/trx_ddl_dml.sql, id:468, sql:[select * from test1 order by id]===
dble:[((1L, 1L, '1', 10L, 1550742776959L),)]
mysql:[((1L, 1L, '1', 10L),)]
===file:sqls_util/transaction/trx_ddl_dml.sql, id:480, sql:[select * from test1 where id=2]===
dble:[[(2L, 2L, '2', 2L, 1550742777678L)]]
mysql:[[(2L, 2L, '2', 2L)]]
===file:sqls_util/transaction/trx_ddl_dml.sql, id:484, sql:[select * from test1 order by id]===
dble:[((1L, 1L, '1', 100L, 1550742778083L), (2L, 2L, '2', 100L, 1550742778083L))]
mysql:[((1L, 1L, '1', 100L), (2L, 2L, '2', 100L))]
===file:sqls_util/transaction/trx_ddl_dml.sql, id:492, sql:[select * from test1 where id=2]===
dble:[[(2L, 2L, '2', 2L, 1550742778467L)]]
mysql:[[(2L, 2L, '2', 2L)]]
===file:sqls_util/transaction/trx_ddl_dml.sql, id:504, sql:[select * from test1 where id=4]===
dble:[[(4L, 4L, '4', 4L, 1550742779292L)]]
mysql:[[(4L, 4L, '4', 4L)]]
===file:sqls_util/transaction/trx_ddl_dml.sql, id:508, sql:[select * from test1 order by id]===
dble:[((1L, 1L, '1', 100L, 1550742779698L), (2L, 2L, '2', 2L, 1550742779292L), (4L, 4L, '4', 4L, 1550742779292L))]
mysql:[((1L, 1L, '1', 100L), (2L, 2L, '2', 2L), (4L, 4L, '4', 4L))]
===file:sqls_util/transaction/trx_ddl_dml.sql, id:516, sql:[select * from test1 where id=4]===
dble:[[(4L, 4L, '4', 4L, 1550742780079L)]]
mysql:[[(4L, 4L, '4', 4L)]]
===file:sqls_util/transaction/trx_ddl_dml.sql, id:529, sql:[select * from test1 order by id]===
dble:[((1L, 1L, '1', 1L, '1', 1550742780953L), (2L, 2L, '1', 1L, '1', 1550742781081L))]
mysql:[((1L, 1L, '1', 1L, '1'), (2L, 2L, '1', 1L, '1'))]
===file:sqls_util/transaction/trx_ddl_dml.sql, id:541, sql:[select * from test1 order by id]===
dble:[((1L, 1L, '1', 1L, '1', 1550742781633L), (2L, 1L, '1', 1L, '1', 1550742781765L))]
mysql:[((1L, 1L, '1', 1L, '1'), (2L, 1L, '1', 1L, '1'))]
===file:sqls_util/transaction/trx_ddl_dml.sql, id:551, sql:[select * from test1 order by id]===
dble:[((1L, 1L, '1', 1L, 1550742782315L),)]
mysql:[((1L, 1L, '1', 1L),)]
===file:sqls_util/transaction/trx_ddl_dml.sql, id:553, sql:[select * from test1 order by id]===
dble:[((1L, 1L, '1', 1L, 1550742782315L),)]
mysql:[((1L, 1L, '1', 1L),)]
===file:sqls_util/transaction/trx_ddl_dml.sql, id:560, sql:[select * from test1 order by id]===
dble:[((1L, 1L, '1', 1L, 1550742782809L),)]
mysql:[((1L, 1L, '1', 1L),)]
===file:sqls_util/transaction/trx_ddl_dml.sql, id:562, sql:[select * from test1 order by id]===
dble:[((1L, 1L, '1', 1L, 1550742782809L),)]
mysql:[((1L, 1L, '1', 1L),)]
===file:sqls_util/transaction/trx_ddl_dml.sql, id:642, sql:[select * from test1 order by id]===
dble:[((1L, 1L, '1', 1L, '1', 1550742787545L),)]
mysql:[((1L, 1L, '1', 1L, '1'),)]
===file:sqls_util/transaction/trx_ddl_dml.sql, id:645, sql:[select * from test1 order by id]===
dble:[((1L, 1L, '1', 1L, '1', 1550742787545L), (2L, 1L, '1', 1L, '1', 1550742787785L))]
mysql:[((1L, 1L, '1', 1L, '1'), (2L, 1L, '1', 1L, '1'))]
===file:sqls_util/transaction/trx_ddl_dml.sql, id:658, sql:[select * from test1 order by id]===
dble:[((1L, 1L, '1', 20L, 1550742788454L), (2L, 2L, '2', 2L, 1550742788371L), (3L, 3L, '3', 3L, 1550742788371L))]
mysql:[((1L, 1L, '1', 20L), (2L, 2L, '2', 2L), (3L, 3L, '3', 3L))]
===file:sqls_util/transaction/trx_ddl_dml.sql, id:669, sql:[select * from test1 order by id]===
dble:[((1L, 1L, '1', 20L, 1550742789068L), (2L, 2L, '2', 2L, 1550742788983L), (3L, 3L, '3', 3L, 1550742788983L))]
mysql:[((1L, 1L, '1', 20L), (2L, 2L, '2', 2L), (3L, 3L, '3', 3L))]
===file:sqls_util/transaction/trx_ddl_dml.sql, id:685, sql:[select * from test1 order by id]===
dble:[((1L, 2L, '1', 1L, 1550742789771L), (2L, 2L, '2', 2L, 1550742789368L), (3L, 3L, '3', 3L, 1550742789368L), (4L, 4L, '4', 4L, 1550742789368L), (5L, 5L, '5', 5L, 1550742789368L), (6L, 6L, '6', 6L, 1550742789368L), (7L, 1L, 'test', 1L, 1550742789530L))]
mysql:[((1L, 2L, '1', 1L), (2L, 2L, '2', 2L), (3L, 3L, '3', 3L), (4L, 4L, '4', 4L), (5L, 5L, '5', 5L), (6L, 6L, '6', 6L), (7L, 1L, 'test', 1L))]
===file:sqls_util/transaction/trx_ddl_dml.sql, id:700, sql:[select * from test1 order by id]===
dble:[((1L, 2L, '1', 1L, 1550742790498L), (2L, 2L, '2', 2L, 1550742790180L), (3L, 3L, '3', 3L, 1550742790180L), (4L, 4L, '4', 4L, 1550742790180L), (5L, 5L, '5', 5L, 1550742790180L), (6L, 6L, '6', 6L, 1550742790180L))]
mysql:[((1L, 2L, '1', 1L), (2L, 2L, '2', 2L), (3L, 3L, '3', 3L), (4L, 4L, '4', 4L), (5L, 5L, '5', 5L), (6L, 6L, '6', 6L))]
===file:sqls_util/transaction/trx_ddl_dml.sql, id:709, sql:[select a.* from test1 a,schema2.test2 b where a.pad=b.pad order by id]===
dble:[((2L, 2L, '2', 2L, 1550742790989L), (3L, 3L, '3', 3L, 1550742790989L), (4L, 4L, '4', 4L, 1550742790989L), (5L, 5L, '5', 5L, 1550742790989L), (6L, 6L, '6', 6L, 1550742790989L))]
mysql:[((2L, 2L, '2', 2L), (3L, 3L, '3', 3L), (4L, 4L, '4', 4L), (5L, 5L, '5', 5L), (6L, 6L, '6', 6L))]
===file:sqls_util/transaction/trx_ddl_dml.sql, id:711, sql:[select * from test1 order by id]===
dble:[((1L, 1L, '1', 200L, 1550742791172L), (2L, 2L, '2', 2L, 1550742790989L), (3L, 3L, '3', 3L, 1550742790989L), (4L, 4L, '4', 4L, 1550742790989L), (5L, 5L, '5', 5L, 1550742790989L), (6L, 6L, '6', 6L, 1550742790989L))]
mysql:[((1L, 1L, '1', 200L), (2L, 2L, '2', 2L), (3L, 3L, '3', 3L), (4L, 4L, '4', 4L), (5L, 5L, '5', 5L), (6L, 6L, '6', 6L))]
===file:sqls_util/transaction/trx_ddl_dml.sql, id:720, sql:[select a.* from test1 a,schema2.test2 b where a.pad=b.pad order by id]===
dble:[((2L, 2L, '2', 2L, 1550742791610L), (3L, 3L, '3', 3L, 1550742791610L), (4L, 4L, '4', 4L, 1550742791610L), (5L, 5L, '5', 5L, 1550742791610L), (6L, 6L, '6', 6L, 1550742791610L))]
mysql:[((2L, 2L, '2', 2L), (3L, 3L, '3', 3L), (4L, 4L, '4', 4L), (5L, 5L, '5', 5L), (6L, 6L, '6', 6L))]
===file:sqls_util/transaction/trx_ddl_dml.sql, id:722, sql:[select * from test1 order by id]===
dble:[((1L, 1L, '1', 1L, 1550742791610L), (2L, 2L, '2', 2L, 1550742791610L), (3L, 3L, '3', 3L, 1550742791610L), (4L, 4L, '4', 4L, 1550742791610L), (5L, 5L, '5', 5L, 1550742791610L), (6L, 6L, '6', 6L, 1550742791610L))]
mysql:[((1L, 1L, '1', 1L), (2L, 2L, '2', 2L), (3L, 3L, '3', 3L), (4L, 4L, '4', 4L), (5L, 5L, '5', 5L), (6L, 6L, '6', 6L))]
===file:sqls_util/transaction/trx_ddl_dml.sql, id:732, sql:[select * from test1 order by id]===
dble:[((1L, 1L, '1', 200L, 1550742792514L), (2L, 2L, '2', 2L, 1550742792300L), (3L, 3L, '3', 3L, 1550742792300L), (4L, 4L, '4', 4L, 1550742792300L), (5L, 5L, '5', 5L, 1550742792300L), (6L, 6L, '6', 6L, 1550742792300L))]
mysql:[((1L, 1L, '1', 200L), (2L, 2L, '2', 2L), (3L, 3L, '3', 3L), (4L, 4L, '4', 4L), (5L, 5L, '5', 5L), (6L, 6L, '6', 6L))]
===file:sqls_util/transaction/trx_ddl_dml.sql, id:733, sql:[select * from schema2.test2 order by id]===
dble:[((1L, 1L, '1', 1L, 1550742792354L), (2L, 2L, '2', 2L, 1550742792354L), (3L, 3L, '3', 3L, 1550742792354L), (4L, 4L, '4', 200L, 1550742792594L), (5L, 5L, '5', 5L, 1550742792354L), (6L, 6L, '6', 6L, 1550742792354L))]
mysql:[((1L, 1L, '1', 1L), (2L, 2L, '2', 2L), (3L, 3L, '3', 3L), (4L, 4L, '4', 200L), (5L, 5L, '5', 5L), (6L, 6L, '6', 6L))]
===file:sqls_util/transaction/trx_ddl_dml.sql, id:735, sql:[select * from test1 order by id]===
dble:[((1L, 1L, '1', 200L, 1550742792514L), (2L, 2L, '2', 2L, 1550742792300L), (3L, 3L, '3', 3L, 1550742792300L), (4L, 4L, '4', 4L, 1550742792300L), (5L, 5L, '5', 5L, 1550742792300L), (6L, 6L, '6', 6L, 1550742792300L))]
mysql:[((1L, 1L, '1', 200L), (2L, 2L, '2', 2L), (3L, 3L, '3', 3L), (4L, 4L, '4', 4L), (5L, 5L, '5', 5L), (6L, 6L, '6', 6L))]
===file:sqls_util/transaction/trx_ddl_dml.sql, id:736, sql:[select * from schema2.test2 order by id]===
dble:[((1L, 1L, '1', 1L, 1550742792354L), (2L, 2L, '2', 2L, 1550742792354L), (3L, 3L, '3', 3L, 1550742792354L), (4L, 4L, '4', 200L, 1550742792594L), (5L, 5L, '5', 5L, 1550742792354L), (6L, 6L, '6', 6L, 1550742792354L))]
mysql:[((1L, 1L, '1', 1L), (2L, 2L, '2', 2L), (3L, 3L, '3', 3L), (4L, 4L, '4', 200L), (5L, 5L, '5', 5L), (6L, 6L, '6', 6L))]
===file:sqls_util/transaction/trx_ddl_dml.sql, id:746, sql:[select * from test1 order by id]===
dble:[((1L, 1L, '1', 200L, 1550742793494L), (2L, 2L, '2', 2L, 1550742793248L), (3L, 3L, '3', 3L, 1550742793248L), (4L, 4L, '4', 4L, 1550742793248L), (5L, 5L, '5', 5L, 1550742793248L), (6L, 6L, '6', 6L, 1550742793248L))]
mysql:[((1L, 1L, '1', 200L), (2L, 2L, '2', 2L), (3L, 3L, '3', 3L), (4L, 4L, '4', 4L), (5L, 5L, '5', 5L), (6L, 6L, '6', 6L))]
===file:sqls_util/transaction/trx_ddl_dml.sql, id:747, sql:[select * from schema2.test2 order by id]===
dble:[((1L, 1L, '1', 1L, 1550742793333L), (2L, 2L, '2', 2L, 1550742793333L), (3L, 3L, '3', 3L, 1550742793333L), (4L, 4L, '4', 200L, 1550742793575L), (5L, 5L, '5', 5L, 1550742793333L), (6L, 6L, '6', 6L, 1550742793333L))]
mysql:[((1L, 1L, '1', 1L), (2L, 2L, '2', 2L), (3L, 3L, '3', 3L), (4L, 4L, '4', 200L), (5L, 5L, '5', 5L), (6L, 6L, '6', 6L))]
===file:sqls_util/transaction/trx_ddl_dml.sql, id:749, sql:[select * from test1 order by id]===
dble:[((1L, 1L, '1', 1L, 1550742793248L), (2L, 2L, '2', 2L, 1550742793248L), (3L, 3L, '3', 3L, 1550742793248L), (4L, 4L, '4', 4L, 1550742793248L), (5L, 5L, '5', 5L, 1550742793248L), (6L, 6L, '6', 6L, 1550742793248L))]
mysql:[((1L, 1L, '1', 1L), (2L, 2L, '2', 2L), (3L, 3L, '3', 3L), (4L, 4L, '4', 4L), (5L, 5L, '5', 5L), (6L, 6L, '6', 6L))]
===file:sqls_util/transaction/trx_ddl_dml.sql, id:750, sql:[select * from schema2.test2 order by id]===
dble:[((1L, 1L, '1', 1L, 1550742793333L), (2L, 2L, '2', 2L, 1550742793333L), (3L, 3L, '3', 3L, 1550742793333L), (4L, 4L, '4', 4L, 1550742793333L), (5L, 5L, '5', 5L, 1550742793333L), (6L, 6L, '6', 6L, 1550742793333L))]
mysql:[((1L, 1L, '1', 1L), (2L, 2L, '2', 2L), (3L, 3L, '3', 3L), (4L, 4L, '4', 4L), (5L, 5L, '5', 5L), (6L, 6L, '6', 6L))]
===file:sqls_util/transaction/trx_ddl_dml.sql, id:759, sql:[select a.*,b.* from test3 a,schema1.test1 b where a.pad=b.pad]===
dble:[[(1L, 1L, '1', 1L, 1550742794330L, 1L, 1L, '1', 1L, 1550742794117L), (2L, 2L, '2', 2L, 1550742794330L, 2L, 2L, '2', 2L, 1550742794117L), (3L, 3L, '3', 3L, 1550742794330L, 3L, 3L, '3', 3L, 1550742794117L), (4L, 4L, '4', 4L, 1550742794330L, 4L, 4L, '4', 4L, 1550742794117L), (5L, 5L, '5', 5L, 1550742794330L, 5L, 5L, '5', 5L, 1550742794117L), (6L, 6L, '6', 6L, 1550742794330L, 6L, 6L, '6', 6L, 1550742794117L)]]
mysql:[[(1L, 1L, '1', 1L, 1L, 1L, '1', 1L), (2L, 2L, '2', 2L, 2L, 2L, '2', 2L), (3L, 3L, '3', 3L, 3L, 3L, '3', 3L), (4L, 4L, '4', 4L, 4L, 4L, '4', 4L), (5L, 5L, '5', 5L, 5L, 5L, '5', 5L), (6L, 6L, '6', 6L, 6L, 6L, '6', 6L)]]
===file:sqls_util/transaction/trx_ddl_dml.sql, id:761, sql:[select * from test3 order by id]===
dble:[((1L, 1L, 'test', 1L, 1550742794575L), (2L, 2L, 'test', 2L, 1550742794575L), (3L, 3L, 'test', 3L, 1550742794575L), (4L, 4L, 'test', 4L, 1550742794575L), (5L, 5L, 'test', 5L, 1550742794575L), (6L, 6L, 'test', 6L, 1550742794575L))]
mysql:[((1L, 1L, 'test', 1L), (2L, 2L, 'test', 2L), (3L, 3L, 'test', 3L), (4L, 4L, 'test', 4L), (5L, 5L, 'test', 5L), (6L, 6L, 'test', 6L))]
===file:sqls_util/transaction/trx_ddl_dml.sql, id:762, sql:[select * from schema1.test1 order by id]===
dble:[((1L, 1L, '1', 1L, 1550742794117L), (2L, 2L, '2', 2L, 1550742794117L), (3L, 3L, '3', 3L, 1550742794117L), (4L, 4L, '4', 4L, 1550742794117L), (5L, 5L, '5', 5L, 1550742794117L), (6L, 6L, '6', 6L, 1550742794117L))]
mysql:[((1L, 1L, '1', 1L), (2L, 2L, '2', 2L), (3L, 3L, '3', 3L), (4L, 4L, '4', 4L), (5L, 5L, '5', 5L), (6L, 6L, '6', 6L))]
===file:sqls_util/transaction/trx_ddl_dml.sql, id:764, sql:[select * from test3 order by id]===
dble:[((1L, 1L, 'test', 1L, 1550742794575L), (2L, 2L, 'test', 2L, 1550742794575L), (3L, 3L, 'test', 3L, 1550742794575L), (4L, 4L, 'test', 4L, 1550742794575L), (5L, 5L, 'test', 5L, 1550742794575L), (6L, 6L, 'test', 6L, 1550742794575L))]
mysql:[((1L, 1L, 'test', 1L), (2L, 2L, 'test', 2L), (3L, 3L, 'test', 3L), (4L, 4L, 'test', 4L), (5L, 5L, 'test', 5L), (6L, 6L, 'test', 6L))]
===file:sqls_util/transaction/trx_ddl_dml.sql, id:765, sql:[select * from schema1.test1 order by id]===
dble:[((1L, 1L, '1', 1L, 1550742794117L), (2L, 2L, '2', 2L, 1550742794117L), (3L, 3L, '3', 3L, 1550742794117L), (4L, 4L, '4', 4L, 1550742794117L), (5L, 5L, '5', 5L, 1550742794117L), (6L, 6L, '6', 6L, 1550742794117L))]
mysql:[((1L, 1L, '1', 1L), (2L, 2L, '2', 2L), (3L, 3L, '3', 3L), (4L, 4L, '4', 4L), (5L, 5L, '5', 5L), (6L, 6L, '6', 6L))]
===file:sqls_util/transaction/trx_ddl_dml.sql, id:775, sql:[select a.*,b.* from test3 a,schema1.test1 b where a.pad=b.pad]===
dble:[[(1L, 1L, '1', 1L, 1550742795445L, 1L, 1L, '1', 1L, 1550742795228L), (2L, 2L, '2', 2L, 1550742795445L, 2L, 2L, '2', 2L, 1550742795228L), (3L, 3L, '3', 3L, 1550742795445L, 3L, 3L, '3', 3L, 1550742795228L), (4L, 4L, '4', 4L, 1550742795445L, 4L, 4L, '4', 4L, 1550742795228L), (5L, 5L, '5', 5L, 1550742795445L, 5L, 5L, '5', 5L, 1550742795228L), (6L, 6L, '6', 6L, 1550742795445L, 6L, 6L, '6', 6L, 1550742795228L)]]
mysql:[[(1L, 1L, '1', 1L, 1L, 1L, '1', 1L), (2L, 2L, '2', 2L, 2L, 2L, '2', 2L), (3L, 3L, '3', 3L, 3L, 3L, '3', 3L), (4L, 4L, '4', 4L, 4L, 4L, '4', 4L), (5L, 5L, '5', 5L, 5L, 5L, '5', 5L), (6L, 6L, '6', 6L, 6L, 6L, '6', 6L)]]
===file:sqls_util/transaction/trx_ddl_dml.sql, id:777, sql:[select * from test3 order by id]===
dble:[((1L, 1L, 'test', 1L, 1550742795689L), (2L, 2L, 'test', 2L, 1550742795689L), (3L, 3L, 'test', 3L, 1550742795689L), (4L, 4L, 'test', 4L, 1550742795689L), (5L, 5L, 'test', 5L, 1550742795689L), (6L, 6L, 'test', 6L, 1550742795689L))]
mysql:[((1L, 1L, 'test', 1L), (2L, 2L, 'test', 2L), (3L, 3L, 'test', 3L), (4L, 4L, 'test', 4L), (5L, 5L, 'test', 5L), (6L, 6L, 'test', 6L))]
===file:sqls_util/transaction/trx_ddl_dml.sql, id:778, sql:[select * from schema1.test1 order by id]===
dble:[((1L, 1L, '1', 1L, 1550742795228L), (2L, 2L, '2', 2L, 1550742795228L), (3L, 3L, '3', 3L, 1550742795228L), (4L, 4L, '4', 4L, 1550742795228L), (5L, 5L, '5', 5L, 1550742795228L), (6L, 6L, '6', 6L, 1550742795228L))]
mysql:[((1L, 1L, '1', 1L), (2L, 2L, '2', 2L), (3L, 3L, '3', 3L), (4L, 4L, '4', 4L), (5L, 5L, '5', 5L), (6L, 6L, '6', 6L))]
===file:sqls_util/transaction/trx_ddl_dml.sql, id:780, sql:[select * from test3 order by id]===
dble:[((1L, 1L, '1', 1L, 1550742795445L), (2L, 2L, '2', 2L, 1550742795445L), (3L, 3L, '3', 3L, 1550742795445L), (4L, 4L, '4', 4L, 1550742795445L), (5L, 5L, '5', 5L, 1550742795445L), (6L, 6L, '6', 6L, 1550742795445L))]
mysql:[((1L, 1L, '1', 1L), (2L, 2L, '2', 2L), (3L, 3L, '3', 3L), (4L, 4L, '4', 4L), (5L, 5L, '5', 5L), (6L, 6L, '6', 6L))]
===file:sqls_util/transaction/trx_ddl_dml.sql, id:781, sql:[select * from schema1.test1 order by id]===
dble:[((1L, 1L, '1', 1L, 1550742795228L), (2L, 2L, '2', 2L, 1550742795228L), (3L, 3L, '3', 3L, 1550742795228L), (4L, 4L, '4', 4L, 1550742795228L), (5L, 5L, '5', 5L, 1550742795228L), (6L, 6L, '6', 6L, 1550742795228L))]
mysql:[((1L, 1L, '1', 1L), (2L, 2L, '2', 2L), (3L, 3L, '3', 3L), (4L, 4L, '4', 4L), (5L, 5L, '5', 5L), (6L, 6L, '6', 6L))]
===file:sqls_util/transaction/trx_ddl_dml.sql, id:793, sql:[select * from test3 order by id]===
dble:[((1L, 1L, '1', 1L, 1550742796594L), (2L, 2L, '2', 2L, 1550742796594L), (3L, 3L, '3', 3L, 1550742796594L), (4L, 4L, '4', 4L, 1550742796594L), (5L, 5L, '5', 5L, 1550742796594L), (6L, 6L, '6', 6L, 1550742796594L))]
mysql:[((1L, 1L, '1', 1L), (2L, 2L, '2', 2L), (3L, 3L, '3', 3L), (4L, 4L, '4', 4L), (5L, 5L, '5', 5L), (6L, 6L, '6', 6L))]
===file:sqls_util/transaction/trx_ddl_dml.sql, id:794, sql:[select * from schema1.test1 order by id]===
dble:[((1L, 1L, '1', 200L, 1550742796755L), (2L, 2L, '2', 200L, 1550742796755L), (3L, 3L, '3', 200L, 1550742796755L), (4L, 4L, '4', 200L, 1550742796755L), (5L, 5L, '5', 200L, 1550742796755L), (6L, 6L, '6', 200L, 1550742796755L))]
mysql:[((1L, 1L, '1', 200L), (2L, 2L, '2', 200L), (3L, 3L, '3', 200L), (4L, 4L, '4', 200L), (5L, 5L, '5', 200L), (6L, 6L, '6', 200L))]
===file:sqls_util/transaction/trx_ddl_dml.sql, id:796, sql:[select * from test3 order by id]===
dble:[((1L, 1L, '1', 1L, 1550742796594L), (2L, 2L, '2', 2L, 1550742796594L), (3L, 3L, '3', 3L, 1550742796594L), (4L, 4L, '4', 4L, 1550742796594L), (5L, 5L, '5', 5L, 1550742796594L), (6L, 6L, '6', 6L, 1550742796594L))]
mysql:[((1L, 1L, '1', 1L), (2L, 2L, '2', 2L), (3L, 3L, '3', 3L), (4L, 4L, '4', 4L), (5L, 5L, '5', 5L), (6L, 6L, '6', 6L))]
===file:sqls_util/transaction/trx_ddl_dml.sql, id:797, sql:[select * from schema1.test1 order by id]===
dble:[((1L, 1L, '1', 200L, 1550742796755L), (2L, 2L, '2', 200L, 1550742796755L), (3L, 3L, '3', 200L, 1550742796755L), (4L, 4L, '4', 200L, 1550742796755L), (5L, 5L, '5', 200L, 1550742796755L), (6L, 6L, '6', 200L, 1550742796755L))]
mysql:[((1L, 1L, '1', 200L), (2L, 2L, '2', 200L), (3L, 3L, '3', 200L), (4L, 4L, '4', 200L), (5L, 5L, '5', 200L), (6L, 6L, '6', 200L))]
===file:sqls_util/transaction/trx_ddl_dml.sql, id:809, sql:[select * from test3 order by id]===
dble:[((1L, 1L, 'test', 1L, 1550742797890L), (2L, 2L, 'test', 2L, 1550742797890L), (3L, 3L, 'test', 3L, 1550742797890L), (4L, 4L, 'test', 4L, 1550742797890L), (5L, 5L, 'test', 5L, 1550742797890L), (6L, 6L, 'test', 6L, 1550742797890L))]
mysql:[((1L, 1L, 'test', 1L), (2L, 2L, 'test', 2L), (3L, 3L, 'test', 3L), (4L, 4L, 'test', 4L), (5L, 5L, 'test', 5L), (6L, 6L, 'test', 6L))]
===file:sqls_util/transaction/trx_ddl_dml.sql, id:810, sql:[select * from schema1.test1 order by id]===
dble:[((1L, 1L, '1', 200L, 1550742797809L), (2L, 2L, '2', 200L, 1550742797809L), (3L, 3L, '3', 200L, 1550742797809L), (4L, 4L, '4', 200L, 1550742797809L), (5L, 5L, '5', 200L, 1550742797809L), (6L, 6L, '6', 200L, 1550742797809L))]
mysql:[((1L, 1L, '1', 200L), (2L, 2L, '2', 200L), (3L, 3L, '3', 200L), (4L, 4L, '4', 200L), (5L, 5L, '5', 200L), (6L, 6L, '6', 200L))]
===file:sqls_util/transaction/trx_ddl_dml.sql, id:812, sql:[select * from test3 order by id]===
dble:[((1L, 1L, '1', 1L, 1550742797646L), (2L, 2L, '2', 2L, 1550742797646L), (3L, 3L, '3', 3L, 1550742797646L), (4L, 4L, '4', 4L, 1550742797646L), (5L, 5L, '5', 5L, 1550742797646L), (6L, 6L, '6', 6L, 1550742797646L))]
mysql:[((1L, 1L, '1', 1L), (2L, 2L, '2', 2L), (3L, 3L, '3', 3L), (4L, 4L, '4', 4L), (5L, 5L, '5', 5L), (6L, 6L, '6', 6L))]
===file:sqls_util/transaction/trx_ddl_dml.sql, id:813, sql:[select * from schema1.test1 order by id]===
dble:[((1L, 1L, '1', 1L, 1550742797430L), (2L, 2L, '2', 2L, 1550742797430L), (3L, 3L, '3', 3L, 1550742797430L), (4L, 4L, '4', 4L, 1550742797430L), (5L, 5L, '5', 5L, 1550742797430L), (6L, 6L, '6', 6L, 1550742797430L))]
mysql:[((1L, 1L, '1', 1L), (2L, 2L, '2', 2L), (3L, 3L, '3', 3L), (4L, 4L, '4', 4L), (5L, 5L, '5', 5L), (6L, 6L, '6', 6L))]
