===file:transaction/D_langues.sql, id:1, sql:[drop table if exists sbtest1]===
===file:transaction/D_langues.sql, id:2, sql:[CREATE TABLE sbtest1(`id` int(10) unsigned NOT NULL,`k` int(10) unsigned NOT NULL DEFAULT '0',`c` char(120) NOT NULL DEFAULT '',`pad` int(11) NOT NULL,PRIMARY KEY (`id`),UNIQUE KEY (`k`))]===
===file:transaction/D_langues.sql, id:3, sql:[drop table if exists sbtest2]===
===file:transaction/D_langues.sql, id:4, sql:[CREATE TABLE sbtest2(`id` int(10) unsigned NOT NULL,`k` int(10) unsigned NOT NULL DEFAULT '0',`c` char(120) NOT NULL DEFAULT '',`pad` int(11) NOT NULL,PRIMARY KEY (`id`),UNIQUE KEY (`k`))]===
===file:transaction/D_langues.sql, id:7, sql:[SET @@session.autocommit = ON]===
===file:transaction/D_langues.sql, id:8, sql:[delete from sbtest1]===
===file:transaction/D_langues.sql, id:9, sql:[start transaction]===
===file:transaction/D_langues.sql, id:10, sql:[select * from sbtest1 order by id]===
===file:transaction/D_langues.sql, id:11, sql:[insert into sbtest1 value(1,1,1,1)]===
===file:transaction/D_langues.sql, id:12, sql:[commit]===
===file:transaction/D_langues.sql, id:13, sql:[select * from sbtest1 order by id]===
===file:transaction/D_langues.sql, id:14, sql:[update sbtest1 set pad=10]===
===file:transaction/D_langues.sql, id:15, sql:[select * from sbtest1 order by id]===
===file:transaction/D_langues.sql, id:18, sql:[delete from sbtest1]===
===file:transaction/D_langues.sql, id:19, sql:[start transaction]===
===file:transaction/D_langues.sql, id:20, sql:[select * from sbtest1 order by id]===
===file:transaction/D_langues.sql, id:21, sql:[insert into sbtest1 value(1,1,1,1)]===
===file:transaction/D_langues.sql, id:22, sql:[rollback]===
===file:transaction/D_langues.sql, id:23, sql:[select * from sbtest1 order by id]===
===file:transaction/D_langues.sql, id:24, sql:[insert into sbtest1 values(1,1,1,1)]===
===file:transaction/D_langues.sql, id:25, sql:[select * from sbtest1 order by id]===
===file:transaction/D_langues.sql, id:28, sql:[delete from sbtest1]===
===file:transaction/D_langues.sql, id:29, sql:[start transaction]===
===file:transaction/D_langues.sql, id:30, sql:[select * from sbtest1 order by id]===
===file:transaction/D_langues.sql, id:31, sql:[insert into sbtest1 value(1,1,1,1)]===
===file:transaction/D_langues.sql, id:32, sql:[insert into sbtest1 value(2,2,2,2)]===
===file:transaction/D_langues.sql, id:33, sql:[commit]===
===file:transaction/D_langues.sql, id:34, sql:[select * from sbtest1 order by id]===
===file:transaction/D_langues.sql, id:35, sql:[update sbtest1 set pad=10]===
===file:transaction/D_langues.sql, id:36, sql:[select * from sbtest1 order by id]===
===file:transaction/D_langues.sql, id:39, sql:[delete from sbtest1]===
===file:transaction/D_langues.sql, id:40, sql:[start transaction]===
===file:transaction/D_langues.sql, id:41, sql:[select * from sbtest1 order by id]===
===file:transaction/D_langues.sql, id:42, sql:[insert into sbtest1 value(1,1,1,1)]===
===file:transaction/D_langues.sql, id:43, sql:[insert into sbtest1 value(2,2,2,2)]===
===file:transaction/D_langues.sql, id:44, sql:[rollback]===
===file:transaction/D_langues.sql, id:45, sql:[select * from sbtest1 order by id]===
===file:transaction/D_langues.sql, id:46, sql:[insert into sbtest1 value(1,1,1,1)]===
===file:transaction/D_langues.sql, id:47, sql:[select * from sbtest1 order by id]===
===file:transaction/D_langues.sql, id:50, sql:[delete from sbtest1]===
===file:transaction/D_langues.sql, id:51, sql:[start transaction]===
===file:transaction/D_langues.sql, id:52, sql:[select * from sbtest1 order by id]===
===file:transaction/D_langues.sql, id:53, sql:[insert into sbtest1 value(1,1,1,1)]===
===file:transaction/D_langues.sql, id:54, sql:[insert into sbtest1 value(2,2,2,2)]===
===file:transaction/D_langues.sql, id:55, sql:[insert into sbtest1 value(3,3,3,3)]===
===file:transaction/D_langues.sql, id:56, sql:[commit]===
===file:transaction/D_langues.sql, id:57, sql:[select * from sbtest1 order by id]===
===file:transaction/D_langues.sql, id:58, sql:[update sbtest1 set pad=10]===
===file:transaction/D_langues.sql, id:59, sql:[select * from sbtest1 order by id]===
===file:transaction/D_langues.sql, id:62, sql:[delete from sbtest1]===
===file:transaction/D_langues.sql, id:63, sql:[start transaction]===
===file:transaction/D_langues.sql, id:64, sql:[select * from sbtest1 order by id]===
===file:transaction/D_langues.sql, id:65, sql:[insert into sbtest1 value(1,1,1,1)]===
===file:transaction/D_langues.sql, id:66, sql:[insert into sbtest1 value(2,2,2,2)]===
===file:transaction/D_langues.sql, id:67, sql:[insert into sbtest1 value(3,3,3,3)]===
===file:transaction/D_langues.sql, id:68, sql:[rollback]===
===file:transaction/D_langues.sql, id:69, sql:[select * from sbtest1 order by id]===
===file:transaction/D_langues.sql, id:70, sql:[insert into sbtest1 value(1,1,1,1)]===
===file:transaction/D_langues.sql, id:71, sql:[select * from sbtest1 order by id]===
===file:transaction/D_langues.sql, id:74, sql:[delete from sbtest1]===
===file:transaction/D_langues.sql, id:75, sql:[start transaction]===
===file:transaction/D_langues.sql, id:76, sql:[select * from sbtest1 order by id]===
===file:transaction/D_langues.sql, id:77, sql:[insert into sbtest1 value(1,1,1,1)]===
===file:transaction/D_langues.sql, id:78, sql:[insert into sbtest1 value(2,2,2,2)]===
===file:transaction/D_langues.sql, id:79, sql:[insert into sbtest1 value(3,3,3,3)]===
===file:transaction/D_langues.sql, id:80, sql:[insert into sbtest1 value(4,4,4,4)]===
===file:transaction/D_langues.sql, id:81, sql:[commit]===
===file:transaction/D_langues.sql, id:82, sql:[select * from sbtest1 order by id]===
===file:transaction/D_langues.sql, id:83, sql:[update sbtest1 set pad=10]===
===file:transaction/D_langues.sql, id:84, sql:[select * from sbtest1 order by id]===
===file:transaction/D_langues.sql, id:87, sql:[delete from sbtest1]===
===file:transaction/D_langues.sql, id:88, sql:[start transaction]===
===file:transaction/D_langues.sql, id:89, sql:[select * from sbtest1 order by id]===
===file:transaction/D_langues.sql, id:90, sql:[insert into sbtest1 value(1,1,1,1)]===
===file:transaction/D_langues.sql, id:91, sql:[insert into sbtest1 value(2,2,2,2)]===
===file:transaction/D_langues.sql, id:92, sql:[insert into sbtest1 value(3,3,3,3)]===
===file:transaction/D_langues.sql, id:93, sql:[insert into sbtest1 value(4,4,4,4)]===
===file:transaction/D_langues.sql, id:94, sql:[rollback]===
===file:transaction/D_langues.sql, id:95, sql:[select * from sbtest1 order by id]===
===file:transaction/D_langues.sql, id:96, sql:[insert into sbtest1 value(1,1,1,1)]===
===file:transaction/D_langues.sql, id:97, sql:[select * from sbtest1 order by id]===
===file:transaction/D_langues.sql, id:100, sql:[delete from sbtest1]===
===file:transaction/D_langues.sql, id:101, sql:[start transaction]===
===file:transaction/D_langues.sql, id:102, sql:[select * from sbtest1 order by id]===
===file:transaction/D_langues.sql, id:103, sql:[insert into sbtest1 values(1,1,1,1),(5,5,5,5)]===
===file:transaction/D_langues.sql, id:104, sql:[commit]===
===file:transaction/D_langues.sql, id:105, sql:[select * from sbtest1 order by id]===
===file:transaction/D_langues.sql, id:106, sql:[update sbtest1 set pad=10]===
===file:transaction/D_langues.sql, id:107, sql:[select * from sbtest1 order by id]===
===file:transaction/D_langues.sql, id:110, sql:[delete from sbtest1]===
===file:transaction/D_langues.sql, id:111, sql:[start transaction]===
===file:transaction/D_langues.sql, id:112, sql:[select * from sbtest1 order by id]===
===file:transaction/D_langues.sql, id:113, sql:[insert into sbtest1 values(1,1,1,1),(5,5,5,5)]===
===file:transaction/D_langues.sql, id:114, sql:[rollback]===
===file:transaction/D_langues.sql, id:115, sql:[select * from sbtest1 order by id]===
===file:transaction/D_langues.sql, id:116, sql:[insert into sbtest1 values(1,1,1,1)]===
===file:transaction/D_langues.sql, id:117, sql:[select * from sbtest1 order by id]===
===file:transaction/D_langues.sql, id:120, sql:[delete from sbtest1]===
===file:transaction/D_langues.sql, id:121, sql:[start transaction]===
===file:transaction/D_langues.sql, id:122, sql:[select * from sbtest1 order by id]===
===file:transaction/D_langues.sql, id:123, sql:[insert into sbtest1 values(1,1,1,1),(2,2,2,2)]===
===file:transaction/D_langues.sql, id:124, sql:[commit]===
===file:transaction/D_langues.sql, id:125, sql:[select * from sbtest1 order by id]===
===file:transaction/D_langues.sql, id:126, sql:[update sbtest1 set pad=10]===
===file:transaction/D_langues.sql, id:127, sql:[select * from sbtest1 order by id]===
===file:transaction/D_langues.sql, id:130, sql:[delete from sbtest1]===
===file:transaction/D_langues.sql, id:131, sql:[start transaction]===
===file:transaction/D_langues.sql, id:132, sql:[select * from sbtest1 order by id]===
===file:transaction/D_langues.sql, id:133, sql:[insert into sbtest1 values(1,1,1,1),(2,2,2,2)]===
===file:transaction/D_langues.sql, id:134, sql:[rollback]===
===file:transaction/D_langues.sql, id:135, sql:[select * from sbtest1 order by id]===
===file:transaction/D_langues.sql, id:136, sql:[insert into sbtest1 values(1,1,1,1)]===
===file:transaction/D_langues.sql, id:137, sql:[select * from sbtest1 order by id]===
===file:transaction/D_langues.sql, id:140, sql:[delete from sbtest1]===
===file:transaction/D_langues.sql, id:141, sql:[start transaction]===
===file:transaction/D_langues.sql, id:142, sql:[select * from sbtest1 order by id]===
===file:transaction/D_langues.sql, id:143, sql:[insert into sbtest1 values(1,1,1,1),(2,2,2,2),(3,3,3,3)]===
===file:transaction/D_langues.sql, id:144, sql:[commit]===
===file:transaction/D_langues.sql, id:145, sql:[select * from sbtest1 order by id]===
===file:transaction/D_langues.sql, id:146, sql:[update sbtest1 set pad=10]===
===file:transaction/D_langues.sql, id:147, sql:[select * from sbtest1 order by id]===
===file:transaction/D_langues.sql, id:150, sql:[delete from sbtest1]===
===file:transaction/D_langues.sql, id:151, sql:[start transaction]===
===file:transaction/D_langues.sql, id:152, sql:[select * from sbtest1 order by id]===
===file:transaction/D_langues.sql, id:153, sql:[insert into sbtest1 values(1,1,1,1),(2,2,2,2),(3,3,3,3)]===
===file:transaction/D_langues.sql, id:154, sql:[rollback]===
===file:transaction/D_langues.sql, id:155, sql:[select * from sbtest1 order by id]===
===file:transaction/D_langues.sql, id:156, sql:[insert into sbtest1 values(1,1,1,1)]===
===file:transaction/D_langues.sql, id:157, sql:[select * from sbtest1 order by id]===
===file:transaction/D_langues.sql, id:160, sql:[delete from sbtest1]===
===file:transaction/D_langues.sql, id:161, sql:[start transaction]===
===file:transaction/D_langues.sql, id:162, sql:[select * from sbtest1 order by id]===
===file:transaction/D_langues.sql, id:163, sql:[insert into sbtest1 values(1,1,1,1),(2,2,2,2),(3,3,3,3),(4,4,4,4)]===
===file:transaction/D_langues.sql, id:164, sql:[commit]===
===file:transaction/D_langues.sql, id:165, sql:[select * from sbtest1 order by id]===
===file:transaction/D_langues.sql, id:166, sql:[update sbtest1 set pad=10]===
===file:transaction/D_langues.sql, id:167, sql:[select * from sbtest1 order by id]===
===file:transaction/D_langues.sql, id:170, sql:[delete from sbtest1]===
===file:transaction/D_langues.sql, id:171, sql:[start transaction]===
===file:transaction/D_langues.sql, id:172, sql:[select * from sbtest1 order by id]===
===file:transaction/D_langues.sql, id:173, sql:[insert into sbtest1 values(1,1,1,1),(2,2,2,2),(3,3,3,3),(4,4,4,4)]===
===file:transaction/D_langues.sql, id:174, sql:[rollback]===
===file:transaction/D_langues.sql, id:175, sql:[select * from sbtest1 order by id]===
===file:transaction/D_langues.sql, id:176, sql:[insert into sbtest1 values(1,1,1,1)]===
===file:transaction/D_langues.sql, id:177, sql:[select * from sbtest1 order by id]===
===file:transaction/D_langues.sql, id:180, sql:[delete from sbtest1]===
===file:transaction/D_langues.sql, id:181, sql:[insert into sbtest1 values(1,1,1,1),(2,2,2,2),(3,3,3,3),(4,4,4,4)]===
===file:transaction/D_langues.sql, id:182, sql:[start transaction]===
===file:transaction/D_langues.sql, id:183, sql:[select * from sbtest1 order by id]===
===file:transaction/D_langues.sql, id:184, sql:[update sbtest1 set pad=10 where id =1]===
===file:transaction/D_langues.sql, id:185, sql:[commit]===
===file:transaction/D_langues.sql, id:186, sql:[select * from sbtest1 order by id]===
===file:transaction/D_langues.sql, id:187, sql:[update sbtest1 set pad=10]===
===file:transaction/D_langues.sql, id:188, sql:[select * from sbtest1 order by id]===
===file:transaction/D_langues.sql, id:191, sql:[delete from sbtest1]===
===file:transaction/D_langues.sql, id:192, sql:[insert into sbtest1 values(1,1,1,1),(2,2,2,2),(3,3,3,3),(4,4,4,4)]===
===file:transaction/D_langues.sql, id:193, sql:[start transaction]===
===file:transaction/D_langues.sql, id:194, sql:[select * from sbtest1 order by id]===
===file:transaction/D_langues.sql, id:195, sql:[update sbtest1 set pad=10 where id =1]===
===file:transaction/D_langues.sql, id:196, sql:[rollback]===
===file:transaction/D_langues.sql, id:197, sql:[select * from sbtest1 order by id]===
===file:transaction/D_langues.sql, id:198, sql:[update sbtest1 set pad=10]===
===file:transaction/D_langues.sql, id:199, sql:[select * from sbtest1 order by id]===
===file:transaction/D_langues.sql, id:202, sql:[delete from sbtest1]===
===file:transaction/D_langues.sql, id:203, sql:[insert into sbtest1 values(1,1,1,1),(2,2,2,2),(3,3,3,3),(4,4,4,4)]===
===file:transaction/D_langues.sql, id:204, sql:[start transaction]===
===file:transaction/D_langues.sql, id:205, sql:[select * from sbtest1 order by id]===
===file:transaction/D_langues.sql, id:206, sql:[update sbtest1 set pad=10 where id =1]===
===file:transaction/D_langues.sql, id:207, sql:[update sbtest1 set pad=10 where id =2]===
===file:transaction/D_langues.sql, id:208, sql:[commit]===
===file:transaction/D_langues.sql, id:209, sql:[select * from sbtest1 order by id]===
===file:transaction/D_langues.sql, id:210, sql:[update sbtest1 set pad=10]===
===file:transaction/D_langues.sql, id:211, sql:[select * from sbtest1 order by id]===
===file:transaction/D_langues.sql, id:214, sql:[delete from sbtest1]===
===file:transaction/D_langues.sql, id:215, sql:[insert into sbtest1 values(1,1,1,1),(2,2,2,2),(3,3,3,3),(4,4,4,4)]===
===file:transaction/D_langues.sql, id:216, sql:[start transaction]===
===file:transaction/D_langues.sql, id:217, sql:[select * from sbtest1 order by id]===
===file:transaction/D_langues.sql, id:218, sql:[update sbtest1 set pad=10 where id =1]===
===file:transaction/D_langues.sql, id:219, sql:[update sbtest1 set pad=10 where id =2]===
===file:transaction/D_langues.sql, id:220, sql:[rollback]===
===file:transaction/D_langues.sql, id:221, sql:[select * from sbtest1 order by id]===
===file:transaction/D_langues.sql, id:222, sql:[update sbtest1 set pad=10]===
===file:transaction/D_langues.sql, id:223, sql:[select * from sbtest1 order by id]===
===file:transaction/D_langues.sql, id:226, sql:[delete from sbtest1]===
===file:transaction/D_langues.sql, id:227, sql:[insert into sbtest1 values(1,1,1,1),(2,2,2,2),(3,3,3,3),(4,4,4,4)]===
===file:transaction/D_langues.sql, id:228, sql:[start transaction]===
===file:transaction/D_langues.sql, id:229, sql:[select * from sbtest1 order by id]===
===file:transaction/D_langues.sql, id:230, sql:[update sbtest1 set pad=10 where id =1]===
===file:transaction/D_langues.sql, id:231, sql:[update sbtest1 set pad=10 where id =2]===
===file:transaction/D_langues.sql, id:232, sql:[update sbtest1 set pad=10 where id =3]===
===file:transaction/D_langues.sql, id:233, sql:[commit]===
===file:transaction/D_langues.sql, id:234, sql:[select * from sbtest1 order by id]===
===file:transaction/D_langues.sql, id:235, sql:[update sbtest1 set pad=10]===
===file:transaction/D_langues.sql, id:236, sql:[select * from sbtest1 order by id]===
===file:transaction/D_langues.sql, id:239, sql:[delete from sbtest1]===
===file:transaction/D_langues.sql, id:240, sql:[insert into sbtest1 values(1,1,1,1),(2,2,2,2),(3,3,3,3),(4,4,4,4)]===
===file:transaction/D_langues.sql, id:241, sql:[start transaction]===
===file:transaction/D_langues.sql, id:242, sql:[select * from sbtest1 order by id]===
===file:transaction/D_langues.sql, id:243, sql:[update sbtest1 set pad=10 where id =1]===
===file:transaction/D_langues.sql, id:244, sql:[update sbtest1 set pad=10 where id =2]===
===file:transaction/D_langues.sql, id:245, sql:[update sbtest1 set pad=10 where id =3]===
===file:transaction/D_langues.sql, id:246, sql:[rollback]===
===file:transaction/D_langues.sql, id:247, sql:[select * from sbtest1 order by id]===
===file:transaction/D_langues.sql, id:248, sql:[update sbtest1 set pad=10]===
===file:transaction/D_langues.sql, id:249, sql:[select * from sbtest1 order by id]===
===file:transaction/D_langues.sql, id:252, sql:[delete from sbtest1]===
===file:transaction/D_langues.sql, id:253, sql:[insert into sbtest1 values(1,1,1,1),(2,2,2,2),(3,3,3,3),(4,4,4,4)]===
===file:transaction/D_langues.sql, id:254, sql:[start transaction]===
===file:transaction/D_langues.sql, id:255, sql:[select * from sbtest1 order by id]===
===file:transaction/D_langues.sql, id:256, sql:[update sbtest1 set pad=10 where id =1]===
===file:transaction/D_langues.sql, id:257, sql:[update sbtest1 set pad=10 where id =2]===
===file:transaction/D_langues.sql, id:258, sql:[update sbtest1 set pad=10 where id =3]===
===file:transaction/D_langues.sql, id:259, sql:[update sbtest1 set pad=10 where id =4]===
===file:transaction/D_langues.sql, id:260, sql:[commit]===
===file:transaction/D_langues.sql, id:261, sql:[select * from sbtest1 order by id]===
===file:transaction/D_langues.sql, id:262, sql:[update sbtest1 set pad=10]===
===file:transaction/D_langues.sql, id:263, sql:[select * from sbtest1 order by id]===
===file:transaction/D_langues.sql, id:266, sql:[delete from sbtest1]===
===file:transaction/D_langues.sql, id:267, sql:[insert into sbtest1 values(1,1,1,1),(2,2,2,2),(3,3,3,3),(4,4,4,4)]===
===file:transaction/D_langues.sql, id:268, sql:[start transaction]===
===file:transaction/D_langues.sql, id:269, sql:[select * from sbtest1 order by id]===
===file:transaction/D_langues.sql, id:270, sql:[update sbtest1 set pad=10 where id =1]===
===file:transaction/D_langues.sql, id:271, sql:[update sbtest1 set pad=10 where id =2]===
===file:transaction/D_langues.sql, id:272, sql:[update sbtest1 set pad=10 where id =3]===
===file:transaction/D_langues.sql, id:273, sql:[update sbtest1 set pad=10 where id =4]===
===file:transaction/D_langues.sql, id:274, sql:[rollback]===
===file:transaction/D_langues.sql, id:275, sql:[select * from sbtest1 order by id]===
===file:transaction/D_langues.sql, id:276, sql:[update sbtest1 set pad=10]===
===file:transaction/D_langues.sql, id:277, sql:[select * from sbtest1 order by id]===
===file:transaction/D_langues.sql, id:280, sql:[delete from sbtest1]===
===file:transaction/D_langues.sql, id:281, sql:[insert into sbtest1 values(1,1,1,1),(2,2,2,2),(3,3,3,3),(4,4,4,4)]===
===file:transaction/D_langues.sql, id:282, sql:[start transaction]===
===file:transaction/D_langues.sql, id:283, sql:[select * from sbtest1 order by id]===
===file:transaction/D_langues.sql, id:284, sql:[update sbtest1 set pad =100]===
===file:transaction/D_langues.sql, id:285, sql:[commit]===
===file:transaction/D_langues.sql, id:286, sql:[select * from sbtest1 order by id]===
===file:transaction/D_langues.sql, id:287, sql:[update sbtest1 set pad=10]===
===file:transaction/D_langues.sql, id:288, sql:[select * from sbtest1 order by id]===
===file:transaction/D_langues.sql, id:291, sql:[delete from sbtest1]===
===file:transaction/D_langues.sql, id:292, sql:[insert into sbtest1 values(1,1,1,1),(2,2,2,2),(3,3,3,3),(4,4,4,4)]===
===file:transaction/D_langues.sql, id:293, sql:[start transaction]===
===file:transaction/D_langues.sql, id:294, sql:[select * from sbtest1 order by id]===
===file:transaction/D_langues.sql, id:295, sql:[update sbtest1 set pad =100]===
===file:transaction/D_langues.sql, id:296, sql:[rollback]===
===file:transaction/D_langues.sql, id:297, sql:[select * from sbtest1 order by id]===
===file:transaction/D_langues.sql, id:298, sql:[update sbtest1 set pad=10]===
===file:transaction/D_langues.sql, id:299, sql:[select * from sbtest1 order by id]===
===file:transaction/D_langues.sql, id:302, sql:[delete from sbtest1]===
===file:transaction/D_langues.sql, id:303, sql:[insert into sbtest1 values(1,1,1,1),(2,2,2,2),(3,3,3,3),(4,4,4,4)]===
===file:transaction/D_langues.sql, id:304, sql:[start transaction]===
===file:transaction/D_langues.sql, id:305, sql:[select * from sbtest1 order by id]===
===file:transaction/D_langues.sql, id:306, sql:[delete from sbtest1 where id=1]===
===file:transaction/D_langues.sql, id:307, sql:[commit]===
===file:transaction/D_langues.sql, id:308, sql:[select * from sbtest1 order by id]===
===file:transaction/D_langues.sql, id:309, sql:[delete from sbtest1 where id=2]===
===file:transaction/D_langues.sql, id:310, sql:[select * from sbtest1 order by id]===
===file:transaction/D_langues.sql, id:313, sql:[delete from sbtest1]===
===file:transaction/D_langues.sql, id:314, sql:[insert into sbtest1 values(1,1,1,1),(2,2,2,2),(3,3,3,3),(4,4,4,4)]===
===file:transaction/D_langues.sql, id:315, sql:[start transaction]===
===file:transaction/D_langues.sql, id:316, sql:[select * from sbtest1 order by id]===
===file:transaction/D_langues.sql, id:317, sql:[delete from sbtest1 where id=1]===
===file:transaction/D_langues.sql, id:318, sql:[rollback]===
===file:transaction/D_langues.sql, id:319, sql:[select * from sbtest1 order by id]===
===file:transaction/D_langues.sql, id:320, sql:[delete from sbtest1 where id=2]===
===file:transaction/D_langues.sql, id:321, sql:[select * from sbtest1 order by id]===
===file:transaction/D_langues.sql, id:324, sql:[delete from sbtest1]===
===file:transaction/D_langues.sql, id:325, sql:[insert into sbtest1 values(1,1,1,1),(2,2,2,2),(3,3,3,3),(4,4,4,4)]===
===file:transaction/D_langues.sql, id:326, sql:[start transaction]===
===file:transaction/D_langues.sql, id:327, sql:[select * from sbtest1 order by id]===
===file:transaction/D_langues.sql, id:328, sql:[delete from sbtest1 where id=1]===
===file:transaction/D_langues.sql, id:329, sql:[delete from sbtest1 where id=2]===
===file:transaction/D_langues.sql, id:330, sql:[commit]===
===file:transaction/D_langues.sql, id:331, sql:[select * from sbtest1 order by id]===
===file:transaction/D_langues.sql, id:332, sql:[delete from sbtest1 where id=3]===
===file:transaction/D_langues.sql, id:333, sql:[select * from sbtest1 order by id]===
===file:transaction/D_langues.sql, id:336, sql:[delete from sbtest1]===
===file:transaction/D_langues.sql, id:337, sql:[insert into sbtest1 values(1,1,1,1),(2,2,2,2),(3,3,3,3),(4,4,4,4)]===
===file:transaction/D_langues.sql, id:338, sql:[start transaction]===
===file:transaction/D_langues.sql, id:339, sql:[select * from sbtest1 order by id]===
===file:transaction/D_langues.sql, id:340, sql:[delete from sbtest1 where id=1]===
===file:transaction/D_langues.sql, id:341, sql:[delete from sbtest1 where id=2]===
===file:transaction/D_langues.sql, id:342, sql:[rollback]===
===file:transaction/D_langues.sql, id:343, sql:[select * from sbtest1 order by id]===
===file:transaction/D_langues.sql, id:344, sql:[delete from sbtest1 where id=3]===
===file:transaction/D_langues.sql, id:345, sql:[select * from sbtest1 order by id]===
===file:transaction/D_langues.sql, id:348, sql:[delete from sbtest1]===
===file:transaction/D_langues.sql, id:349, sql:[insert into sbtest1 values(1,1,1,1),(2,2,2,2),(3,3,3,3),(4,4,4,4)]===
===file:transaction/D_langues.sql, id:350, sql:[start transaction]===
===file:transaction/D_langues.sql, id:351, sql:[select * from sbtest1 order by id]===
===file:transaction/D_langues.sql, id:352, sql:[delete from sbtest1 where id=1]===
===file:transaction/D_langues.sql, id:353, sql:[delete from sbtest1 where id=2]===
===file:transaction/D_langues.sql, id:354, sql:[delete from sbtest1 where id=3]===
===file:transaction/D_langues.sql, id:355, sql:[commit]===
===file:transaction/D_langues.sql, id:356, sql:[select * from sbtest1 order by id]===
===file:transaction/D_langues.sql, id:357, sql:[delete from sbtest1 where id=4]===
===file:transaction/D_langues.sql, id:358, sql:[select * from sbtest1 order by id]===
===file:transaction/D_langues.sql, id:361, sql:[delete from sbtest1]===
===file:transaction/D_langues.sql, id:362, sql:[insert into sbtest1 values(1,1,1,1),(2,2,2,2),(3,3,3,3),(4,4,4,4)]===
===file:transaction/D_langues.sql, id:363, sql:[start transaction]===
===file:transaction/D_langues.sql, id:364, sql:[select * from sbtest1 order by id]===
===file:transaction/D_langues.sql, id:365, sql:[delete from sbtest1 where id=1]===
===file:transaction/D_langues.sql, id:366, sql:[delete from sbtest1 where id=2]===
===file:transaction/D_langues.sql, id:367, sql:[delete from sbtest1 where id=3]===
===file:transaction/D_langues.sql, id:368, sql:[rollback]===
===file:transaction/D_langues.sql, id:369, sql:[select * from sbtest1 order by id]===
===file:transaction/D_langues.sql, id:370, sql:[delete from sbtest1 where id=4]===
===file:transaction/D_langues.sql, id:371, sql:[select * from sbtest1 order by id]===
===file:transaction/D_langues.sql, id:374, sql:[delete from sbtest1]===
===file:transaction/D_langues.sql, id:375, sql:[insert into sbtest1 values(1,1,1,1),(2,2,2,2),(3,3,3,3),(4,4,4,4)]===
===file:transaction/D_langues.sql, id:376, sql:[start transaction]===
===file:transaction/D_langues.sql, id:377, sql:[select * from sbtest1 order by id]===
===file:transaction/D_langues.sql, id:378, sql:[delete from sbtest1 where id=1]===
===file:transaction/D_langues.sql, id:379, sql:[delete from sbtest1 where id=2]===
===file:transaction/D_langues.sql, id:380, sql:[delete from sbtest1 where id=3]===
===file:transaction/D_langues.sql, id:381, sql:[delete from sbtest1 where id=4]===
===file:transaction/D_langues.sql, id:382, sql:[commit]===
===file:transaction/D_langues.sql, id:383, sql:[select * from sbtest1 order by id]===
===file:transaction/D_langues.sql, id:384, sql:[delete from sbtest1 where id=3]===
===file:transaction/D_langues.sql, id:385, sql:[select * from sbtest1 order by id]===
===file:transaction/D_langues.sql, id:388, sql:[delete from sbtest1]===
===file:transaction/D_langues.sql, id:389, sql:[insert into sbtest1 values(1,1,1,1),(2,2,2,2),(3,3,3,3),(4,4,4,4)]===
===file:transaction/D_langues.sql, id:390, sql:[start transaction]===
===file:transaction/D_langues.sql, id:391, sql:[select * from sbtest1 order by id]===
===file:transaction/D_langues.sql, id:392, sql:[delete from sbtest1 where id=1]===
===file:transaction/D_langues.sql, id:393, sql:[delete from sbtest1 where id=2]===
===file:transaction/D_langues.sql, id:394, sql:[delete from sbtest1 where id=3]===
===file:transaction/D_langues.sql, id:395, sql:[delete from sbtest1 where id=4]===
===file:transaction/D_langues.sql, id:396, sql:[rollback]===
===file:transaction/D_langues.sql, id:397, sql:[select * from sbtest1 order by id]===
===file:transaction/D_langues.sql, id:398, sql:[delete from sbtest1 where id=3]===
===file:transaction/D_langues.sql, id:399, sql:[select * from sbtest1 order by id]===
===file:transaction/D_langues.sql, id:402, sql:[delete from sbtest1]===
===file:transaction/D_langues.sql, id:403, sql:[insert into sbtest1 values(1,1,1,1),(2,2,2,2),(3,3,3,3),(4,4,4,4)]===
===file:transaction/D_langues.sql, id:404, sql:[start transaction]===
===file:transaction/D_langues.sql, id:405, sql:[select * from sbtest1 order by id]===
===file:transaction/D_langues.sql, id:406, sql:[delete from sbtest1]===
===file:transaction/D_langues.sql, id:407, sql:[commit]===
===file:transaction/D_langues.sql, id:408, sql:[select * from sbtest1 order by id]===
===file:transaction/D_langues.sql, id:409, sql:[delete from sbtest1]===
===file:transaction/D_langues.sql, id:410, sql:[select * from sbtest1 order by id]===
===file:transaction/D_langues.sql, id:413, sql:[delete from sbtest1]===
===file:transaction/D_langues.sql, id:414, sql:[insert into sbtest1 values(1,1,1,1),(2,2,2,2),(3,3,3,3),(4,4,4,4)]===
===file:transaction/D_langues.sql, id:415, sql:[start transaction]===
===file:transaction/D_langues.sql, id:416, sql:[select * from sbtest1 order by id]===
===file:transaction/D_langues.sql, id:417, sql:[delete from sbtest1]===
===file:transaction/D_langues.sql, id:418, sql:[rollback]===
===file:transaction/D_langues.sql, id:419, sql:[select * from sbtest1 order by id]===
===file:transaction/D_langues.sql, id:420, sql:[delete from sbtest1]===
===file:transaction/D_langues.sql, id:421, sql:[select * from sbtest1 order by id]===
===file:transaction/D_langues.sql, id:424, sql:[delete from sbtest1]===
===file:transaction/D_langues.sql, id:425, sql:[begin]===
===file:transaction/D_langues.sql, id:426, sql:[insert into sbtest1 values(1,1,1,1)]===
===file:transaction/D_langues.sql, id:427, sql:[update sbtest1 set pad=10 where id =1]===
===file:transaction/D_langues.sql, id:428, sql:[delete from sbtest1 where id=1]===
===file:transaction/D_langues.sql, id:429, sql:[select * from sbtest1 order by id]===
===file:transaction/D_langues.sql, id:430, sql:[commit]===
===file:transaction/D_langues.sql, id:431, sql:[insert into sbtest1 values(1,1,1,1)]===
===file:transaction/D_langues.sql, id:432, sql:[rollback]===
===file:transaction/D_langues.sql, id:433, sql:[select * from sbtest1 order by id]===
===file:transaction/D_langues.sql, id:436, sql:[delete from sbtest1]===
===file:transaction/D_langues.sql, id:437, sql:[begin]===
===file:transaction/D_langues.sql, id:438, sql:[insert into sbtest1 values(1,1,1,1)]===
===file:transaction/D_langues.sql, id:439, sql:[update sbtest1 set pad=10 where id =1]===
===file:transaction/D_langues.sql, id:440, sql:[delete from sbtest1 where id=1]===
===file:transaction/D_langues.sql, id:441, sql:[select * from sbtest1 order by id]===
===file:transaction/D_langues.sql, id:442, sql:[rollback]===
===file:transaction/D_langues.sql, id:443, sql:[insert into sbtest1 values(2,1,1,1)]===
===file:transaction/D_langues.sql, id:444, sql:[rollback]===
===file:transaction/D_langues.sql, id:445, sql:[select * from sbtest1 order by id]===
===file:transaction/D_langues.sql, id:448, sql:[delete from sbtest1]===
===file:transaction/D_langues.sql, id:449, sql:[begin]===
===file:transaction/D_langues.sql, id:450, sql:[insert into sbtest1 values(1,1,1,1),(2,2,2,2)]===
===file:transaction/D_langues.sql, id:451, sql:[update sbtest1 set pad=10 where id =1]===
===file:transaction/D_langues.sql, id:452, sql:[delete from sbtest1 where id=2]===
===file:transaction/D_langues.sql, id:453, sql:[select * from sbtest1 order by id]===
===file:transaction/D_langues.sql, id:454, sql:[commit]===
===file:transaction/D_langues.sql, id:455, sql:[update sbtest1 set pad =100]===
===file:transaction/D_langues.sql, id:456, sql:[rollback]===
===file:transaction/D_langues.sql, id:457, sql:[select * from sbtest1 order by id]===
===file:transaction/D_langues.sql, id:460, sql:[delete from sbtest1]===
===file:transaction/D_langues.sql, id:461, sql:[begin]===
===file:transaction/D_langues.sql, id:462, sql:[insert into sbtest1 values(1,1,1,1),(2,2,2,2)]===
===file:transaction/D_langues.sql, id:463, sql:[update sbtest1 set pad=10 where id =1]===
===file:transaction/D_langues.sql, id:464, sql:[delete from sbtest1 where id=2]===
===file:transaction/D_langues.sql, id:465, sql:[select * from sbtest1 order by id]===
===file:transaction/D_langues.sql, id:466, sql:[rollback]===
===file:transaction/D_langues.sql, id:467, sql:[update sbtest1 set pad =100]===
===file:transaction/D_langues.sql, id:468, sql:[rollback]===
===file:transaction/D_langues.sql, id:469, sql:[select * from sbtest1 order by id]===
===file:transaction/D_langues.sql, id:472, sql:[delete from sbtest1]===
===file:transaction/D_langues.sql, id:473, sql:[begin]===
===file:transaction/D_langues.sql, id:474, sql:[insert into sbtest1 values(1,1,1,1),(2,2,2,2),(3,3,3,3)]===
===file:transaction/D_langues.sql, id:475, sql:[update sbtest1 set pad=10 where id =1]===
===file:transaction/D_langues.sql, id:476, sql:[delete from sbtest1 where id=3]===
===file:transaction/D_langues.sql, id:477, sql:[select * from sbtest1 where id=2]===
===file:transaction/D_langues.sql, id:478, sql:[commit]===
===file:transaction/D_langues.sql, id:479, sql:[update sbtest1 set pad =100]===
===file:transaction/D_langues.sql, id:480, sql:[rollback]===
===file:transaction/D_langues.sql, id:481, sql:[select * from sbtest1 order by id]===
===file:transaction/D_langues.sql, id:484, sql:[delete from sbtest1]===
===file:transaction/D_langues.sql, id:485, sql:[begin]===
===file:transaction/D_langues.sql, id:486, sql:[insert into sbtest1 values(1,1,1,1),(2,2,2,2),(3,3,3,3)]===
===file:transaction/D_langues.sql, id:487, sql:[update sbtest1 set pad=10 where id =1]===
===file:transaction/D_langues.sql, id:488, sql:[delete from sbtest1 where id=3]===
===file:transaction/D_langues.sql, id:489, sql:[select * from sbtest1 where id=2]===
===file:transaction/D_langues.sql, id:490, sql:[rollback]===
===file:transaction/D_langues.sql, id:491, sql:[update sbtest1 set pad =100]===
===file:transaction/D_langues.sql, id:492, sql:[rollback]===
===file:transaction/D_langues.sql, id:493, sql:[select * from sbtest1 order by id]===
===file:transaction/D_langues.sql, id:496, sql:[delete from sbtest1]===
===file:transaction/D_langues.sql, id:497, sql:[begin]===
===file:transaction/D_langues.sql, id:498, sql:[insert into sbtest1 values(1,1,1,1),(2,2,2,2),(3,3,3,3),(4,4,4,4)]===
===file:transaction/D_langues.sql, id:499, sql:[update sbtest1 set pad=10 where id =1]===
===file:transaction/D_langues.sql, id:500, sql:[delete from sbtest1 where id=3]===
===file:transaction/D_langues.sql, id:501, sql:[select * from sbtest1 where id=4]===
===file:transaction/D_langues.sql, id:502, sql:[commit]===
===file:transaction/D_langues.sql, id:503, sql:[update sbtest1 set pad =100 where id =1]===
===file:transaction/D_langues.sql, id:504, sql:[rollback]===
===file:transaction/D_langues.sql, id:505, sql:[select * from sbtest1 order by id]===
===file:transaction/D_langues.sql, id:508, sql:[delete from sbtest1]===
===file:transaction/D_langues.sql, id:509, sql:[begin]===
===file:transaction/D_langues.sql, id:510, sql:[insert into sbtest1 values(1,1,1,1),(2,2,2,2),(3,3,3,3),(4,4,4,4)]===
===file:transaction/D_langues.sql, id:511, sql:[update sbtest1 set pad=10 where id =1]===
===file:transaction/D_langues.sql, id:512, sql:[delete from sbtest1 where id=3]===
===file:transaction/D_langues.sql, id:513, sql:[select * from sbtest1 where id=4]===
===file:transaction/D_langues.sql, id:514, sql:[rollback]===
===file:transaction/D_langues.sql, id:515, sql:[update sbtest1 set pad =100 where id=4]===
===file:transaction/D_langues.sql, id:516, sql:[rollback]===
===file:transaction/D_langues.sql, id:517, sql:[select * from sbtest1 order by id]===
===file:transaction/D_langues.sql, id:520, sql:[delete from sbtest1]===
===file:transaction/D_langues.sql, id:521, sql:[begin]===
===file:transaction/D_langues.sql, id:522, sql:[alter table sbtest1 add name char(5)]===
===file:transaction/D_langues.sql, id:523, sql:[insert into sbtest1 values(1,1,1,1,1)]===
===file:transaction/D_langues.sql, id:524, sql:[commit]===
===file:transaction/D_langues.sql, id:525, sql:[insert into sbtest1 values(2,2,1,1,1)]===
===file:transaction/D_langues.sql, id:526, sql:[select * from sbtest1 order by id]===
===file:transaction/D_langues.sql, id:527, sql:[drop table sbtest1]===
===file:transaction/D_langues.sql, id:528, sql:[CREATE TABLE sbtest1(`id` int(10) unsigned NOT NULL,`k` int(10) unsigned NOT NULL DEFAULT '0',`c` char(120) NOT NULL DEFAULT '',`pad` int(11) NOT NULL,PRIMARY KEY (`id`),KEY `k_1` (`k`))]===
===file:transaction/D_langues.sql, id:529, sql:[select * from sbtest1 order by id]===
===file:transaction/D_langues.sql, id:532, sql:[delete from sbtest1]===
===file:transaction/D_langues.sql, id:533, sql:[begin]===
===file:transaction/D_langues.sql, id:534, sql:[alter table sbtest1 add name char(5)]===
===file:transaction/D_langues.sql, id:535, sql:[insert into sbtest1 values(1,1,1,1,1)]===
===file:transaction/D_langues.sql, id:536, sql:[rollback]===
===file:transaction/D_langues.sql, id:537, sql:[insert into sbtest1 values(2,1,1,1,1)]===
===file:transaction/D_langues.sql, id:538, sql:[select * from sbtest1 order by id]===
===file:transaction/D_langues.sql, id:539, sql:[drop table sbtest1]===
===file:transaction/D_langues.sql, id:540, sql:[CREATE TABLE sbtest1(`id` int(10) unsigned NOT NULL,`k` int(10) unsigned NOT NULL DEFAULT '0',`c` char(120) NOT NULL DEFAULT '',`pad` int(11) NOT NULL,PRIMARY KEY (`id`),KEY `k_1` (`k`))]===
===file:transaction/D_langues.sql, id:541, sql:[select * from sbtest1 order by id]===
===file:transaction/D_langues.sql, id:544, sql:[drop table sbtest1]===
===file:transaction/D_langues.sql, id:545, sql:[begin]===
===file:transaction/D_langues.sql, id:546, sql:[CREATE TABLE sbtest1(`id` int(10) unsigned NOT NULL,`k` int(10) unsigned NOT NULL DEFAULT '0',`c` char(120) NOT NULL DEFAULT '',`pad` int(11) NOT NULL,PRIMARY KEY (`id`),KEY `k_1` (`k`))]===
===file:transaction/D_langues.sql, id:547, sql:[insert into sbtest1 values(1,1,1,1)]===
===file:transaction/D_langues.sql, id:548, sql:[select * from sbtest1 order by id]===
===file:transaction/D_langues.sql, id:549, sql:[commit]===
===file:transaction/D_langues.sql, id:550, sql:[select * from sbtest1 order by id]===
===file:transaction/D_langues.sql, id:553, sql:[drop table sbtest1]===
===file:transaction/D_langues.sql, id:554, sql:[begin]===
===file:transaction/D_langues.sql, id:555, sql:[CREATE TABLE sbtest1(`id` int(10) unsigned NOT NULL,`k` int(10) unsigned NOT NULL DEFAULT '0',`c` char(120) NOT NULL DEFAULT '',`pad` int(11) NOT NULL,PRIMARY KEY (`id`),KEY `k_1` (`k`))]===
===file:transaction/D_langues.sql, id:556, sql:[insert into sbtest1 values(1,1,1,1)]===
===file:transaction/D_langues.sql, id:557, sql:[select * from sbtest1 order by id]===
===file:transaction/D_langues.sql, id:558, sql:[rollback]===
===file:transaction/D_langues.sql, id:559, sql:[select * from sbtest1 order by id]===
===file:transaction/D_langues.sql, id:562, sql:[delete from sbtest1]===
===file:transaction/D_langues.sql, id:563, sql:[insert into sbtest1 values(1,1,1,1)]===
===file:transaction/D_langues.sql, id:564, sql:[begin]===
===file:transaction/D_langues.sql, id:565, sql:[truncate table sbtest1]===
===file:transaction/D_langues.sql, id:566, sql:[commit]===
===file:transaction/D_langues.sql, id:567, sql:[select * from sbtest1 order by id]===
===file:transaction/D_langues.sql, id:570, sql:[delete from sbtest1]===
===file:transaction/D_langues.sql, id:571, sql:[insert into sbtest1 values(1,1,1,1)]===
===file:transaction/D_langues.sql, id:572, sql:[begin]===
===file:transaction/D_langues.sql, id:573, sql:[truncate table sbtest1]===
===file:transaction/D_langues.sql, id:574, sql:[rollback]===
===file:transaction/D_langues.sql, id:575, sql:[select * from sbtest1 order by id]===
===file:transaction/D_langues.sql, id:578, sql:[delete from sbtest1]===
===file:transaction/D_langues.sql, id:579, sql:[insert into sbtest1 values(1,1,1,1),(2,2,2,2)]===
===file:transaction/D_langues.sql, id:580, sql:[begin]===
===file:transaction/D_langues.sql, id:581, sql:[truncate table sbtest1]===
===file:transaction/D_langues.sql, id:582, sql:[commit]===
===file:transaction/D_langues.sql, id:583, sql:[select * from sbtest1 order by id]===
===file:transaction/D_langues.sql, id:586, sql:[delete from sbtest1]===
===file:transaction/D_langues.sql, id:587, sql:[insert into sbtest1 values(1,1,1,1),(2,2,2,2)]===
===file:transaction/D_langues.sql, id:588, sql:[begin]===
===file:transaction/D_langues.sql, id:589, sql:[truncate table sbtest1]===
===file:transaction/D_langues.sql, id:590, sql:[rollback]===
===file:transaction/D_langues.sql, id:591, sql:[select * from sbtest1 order by id]===
===file:transaction/D_langues.sql, id:594, sql:[delete from sbtest1]===
===file:transaction/D_langues.sql, id:595, sql:[insert into sbtest1 values(1,1,1,1)]===
===file:transaction/D_langues.sql, id:596, sql:[begin]===
===file:transaction/D_langues.sql, id:597, sql:[truncate table sbtest1]===
===file:transaction/D_langues.sql, id:598, sql:[rollback]===
===file:transaction/D_langues.sql, id:599, sql:[select * from sbtest1 order by id]===
===file:transaction/D_langues.sql, id:602, sql:[delete from sbtest1]===
===file:transaction/D_langues.sql, id:603, sql:[insert into sbtest1 values(1,1,1,1),(2,2,2,2),(3,3,3,3)]===
===file:transaction/D_langues.sql, id:604, sql:[begin]===
===file:transaction/D_langues.sql, id:605, sql:[truncate table sbtest1]===
===file:transaction/D_langues.sql, id:606, sql:[commit]===
===file:transaction/D_langues.sql, id:607, sql:[select * from sbtest1 order by id]===
===file:transaction/D_langues.sql, id:610, sql:[delete from sbtest1]===
===file:transaction/D_langues.sql, id:611, sql:[insert into sbtest1 values(1,1,1,1),(2,2,2,2),(3,3,3,3)]===
===file:transaction/D_langues.sql, id:612, sql:[begin]===
===file:transaction/D_langues.sql, id:613, sql:[truncate table sbtest1]===
===file:transaction/D_langues.sql, id:614, sql:[rollback]===
===file:transaction/D_langues.sql, id:615, sql:[select * from sbtest1 order by id]===
===file:transaction/D_langues.sql, id:618, sql:[delete from sbtest1]===
===file:transaction/D_langues.sql, id:619, sql:[insert into sbtest1 values(1,1,1,1),(2,2,2,2),(3,3,3,3),(4,4,4,4)]===
===file:transaction/D_langues.sql, id:620, sql:[begin]===
===file:transaction/D_langues.sql, id:621, sql:[truncate table sbtest1]===
===file:transaction/D_langues.sql, id:622, sql:[commit]===
===file:transaction/D_langues.sql, id:623, sql:[select * from sbtest1 order by id]===
===file:transaction/D_langues.sql, id:626, sql:[delete from sbtest1]===
===file:transaction/D_langues.sql, id:627, sql:[insert into sbtest1 values(1,1,1,1),(2,2,2,2),(3,3,3,3),(4,4,4,4)]===
===file:transaction/D_langues.sql, id:628, sql:[begin]===
===file:transaction/D_langues.sql, id:629, sql:[truncate table sbtest1]===
===file:transaction/D_langues.sql, id:630, sql:[rollback]===
===file:transaction/D_langues.sql, id:631, sql:[select * from sbtest1 order by id]===
===file:transaction/D_langues.sql, id:634, sql:[begin]===
===file:transaction/D_langues.sql, id:635, sql:[drop table sbtest1]===
===file:transaction/D_langues.sql, id:636, sql:[CREATE TABLE sbtest1(`id` int(10) unsigned NOT NULL,`k` int(10) unsigned NOT NULL DEFAULT '0',`c` char(120) NOT NULL DEFAULT '',`pad` int(11) NOT NULL,PRIMARY KEY (`id`),KEY `k_1` (`k`))]===
===file:transaction/D_langues.sql, id:637, sql:[alter table sbtest1 add name char(5)]===
===file:transaction/D_langues.sql, id:638, sql:[insert into sbtest1 values(1,1,1,1,1)]===
===file:transaction/D_langues.sql, id:639, sql:[select * from sbtest1 order by id]===
===file:transaction/D_langues.sql, id:640, sql:[commit]===
===file:transaction/D_langues.sql, id:641, sql:[insert into sbtest1 values(2,1,1,1,1)]===
===file:transaction/D_langues.sql, id:642, sql:[select * from sbtest1 order by id]===
===file:transaction/D_langues.sql, id:643, sql:[drop table sbtest1]===
===file:transaction/D_langues.sql, id:644, sql:[CREATE TABLE sbtest1(`id` int(10) unsigned NOT NULL,`k` int(10) unsigned NOT NULL DEFAULT '0',`c` char(120) NOT NULL DEFAULT '',`pad` int(11) NOT NULL,PRIMARY KEY (`id`),KEY `k_1` (`k`))]===
===file:transaction/D_langues.sql, id:647, sql:[drop table sbtest1]===
===file:transaction/D_langues.sql, id:648, sql:[begin]===
===file:transaction/D_langues.sql, id:649, sql:[CREATE TABLE sbtest1(`id` int(10) unsigned NOT NULL,`k` int(10) unsigned NOT NULL DEFAULT '0',`c` char(120) NOT NULL DEFAULT '',`pad` int(11) NOT NULL,PRIMARY KEY (`id`),KEY `k_1` (`k`))]===
===file:transaction/D_langues.sql, id:650, sql:[insert into sbtest1 values(1,1,1,1),(2,2,2,2),(3,3,3,3),(4,4,4,4),(5,5,5,5)]===
===file:transaction/D_langues.sql, id:651, sql:[truncate table sbtest1]===
===file:transaction/D_langues.sql, id:652, sql:[insert into sbtest1 values(1,1,1,1),(2,2,2,2),(3,3,3,3)]===
===file:transaction/D_langues.sql, id:653, sql:[update sbtest1 set pad='20' where id=1]===
===file:transaction/D_langues.sql, id:654, sql:[commit]===
===file:transaction/D_langues.sql, id:655, sql:[select * from sbtest1 order by id]===
===file:transaction/D_langues.sql, id:658, sql:[drop table sbtest1]===
===file:transaction/D_langues.sql, id:659, sql:[begin]===
===file:transaction/D_langues.sql, id:660, sql:[CREATE TABLE sbtest1(`id` int(10) unsigned NOT NULL,`k` int(10) unsigned NOT NULL DEFAULT '0',`c` char(120) NOT NULL DEFAULT '',`pad` int(11) NOT NULL,PRIMARY KEY (`id`),KEY `k_1` (`k`))]===
===file:transaction/D_langues.sql, id:661, sql:[insert into sbtest1 values(1,1,1,1),(2,2,2,2),(3,3,3,3),(4,4,4,4),(5,5,5,5)]===
===file:transaction/D_langues.sql, id:662, sql:[truncate table sbtest1]===
===file:transaction/D_langues.sql, id:663, sql:[insert into sbtest1 values(1,1,1,1),(2,2,2,2),(3,3,3,3)]===
===file:transaction/D_langues.sql, id:664, sql:[update sbtest1 set pad='20' where id=1]===
===file:transaction/D_langues.sql, id:665, sql:[rollback]===
===file:transaction/D_langues.sql, id:666, sql:[select * from sbtest1 order by id]===
===file:transaction/D_langues.sql, id:669, sql:[delete from sbtest1]===
===file:transaction/D_langues.sql, id:670, sql:[insert into sbtest1 values(1,1,1,1),(2,2,2,2),(3,3,3,3),(4,4,4,4),(5,5,5,5),(6,6,6,6)]===
===file:transaction/D_langues.sql, id:671, sql:[begin]===
===file:transaction/D_langues.sql, id:672, sql:[insert into sbtest1 values(7,1,'test',1) on duplicate key update k=k*2]===
===file:transaction/D_langues.sql, id:674, sql:[SET @@session.autocommit = ON]===
===file:transaction/D_langues.sql, id:675, sql:[begin]===
===file:transaction/D_langues.sql, id:676, sql:[insert into sbtest1 values(1,1,'test',1) on duplicate key update k=k*2]===
===file:transaction/D_langues.sql, id:678, sql:[commit]===
===file:transaction/D_langues.sql, id:680, sql:[commit]===
===file:transaction/D_langues.sql, id:682, sql:[select * from sbtest1 order by id]===
===file:transaction/D_langues.sql, id:685, sql:[delete from sbtest1]===
===file:transaction/D_langues.sql, id:686, sql:[insert into sbtest1 values(1,1,1,1),(2,2,2,2),(3,3,3,3),(4,4,4,4),(5,5,5,5),(6,6,6,6)]===
===file:transaction/D_langues.sql, id:687, sql:[begin]===
===file:transaction/D_langues.sql, id:688, sql:[insert into sbtest1 values(7,1,'test',1) on duplicate key update k=k*2]===
===file:transaction/D_langues.sql, id:690, sql:[begin]===
===file:transaction/D_langues.sql, id:691, sql:[insert into sbtest1 values(1,1,'test',1) on duplicate key update k=k*2]===
===file:transaction/D_langues.sql, id:693, sql:[rollback]===
===file:transaction/D_langues.sql, id:695, sql:[commit]===
===file:transaction/D_langues.sql, id:697, sql:[select * from sbtest1 order by id]===
===file:transaction/D_langues.sql, id:700, sql:[delete from sbtest1]===
===file:transaction/D_langues.sql, id:701, sql:[delete from sbtest2]===
===file:transaction/D_langues.sql, id:702, sql:[insert into sbtest1 values(1,1,1,1),(2,2,2,2),(3,3,3,3),(4,4,4,4),(5,5,5,5),(6,6,6,6)]===
===file:transaction/D_langues.sql, id:703, sql:[insert into sbtest2 values(1,1,1,1),(2,2,2,2),(3,3,3,3),(4,4,4,4),(5,5,5,5),(6,6,6,6)]===
===file:transaction/D_langues.sql, id:704, sql:[begin]===
===file:transaction/D_langues.sql, id:705, sql:[update sbtest1 set pad=200 where id=1]===
===file:transaction/D_langues.sql, id:706, sql:[select a.* from sbtest1 a,sbtest2 b where a.pad=b.pad order by id]===
===file:transaction/D_langues.sql, id:707, sql:[commit]===
===file:transaction/D_langues.sql, id:708, sql:[select * from sbtest1 order by id]===
===file:transaction/D_langues.sql, id:711, sql:[delete from sbtest1]===
===file:transaction/D_langues.sql, id:712, sql:[delete from sbtest2]===
===file:transaction/D_langues.sql, id:713, sql:[insert into sbtest1 values(1,1,1,1),(2,2,2,2),(3,3,3,3),(4,4,4,4),(5,5,5,5),(6,6,6,6)]===
===file:transaction/D_langues.sql, id:714, sql:[insert into sbtest2 values(1,1,1,1),(2,2,2,2),(3,3,3,3),(4,4,4,4),(5,5,5,5),(6,6,6,6)]===
===file:transaction/D_langues.sql, id:715, sql:[begin]===
===file:transaction/D_langues.sql, id:716, sql:[update sbtest1 set pad=200 where id=1]===
===file:transaction/D_langues.sql, id:717, sql:[select a.* from sbtest1 a,sbtest2 b where a.pad=b.pad order by id]===
===file:transaction/D_langues.sql, id:718, sql:[rollback]===
===file:transaction/D_langues.sql, id:719, sql:[select * from sbtest1 order by id]===
===file:transaction/D_langues.sql, id:722, sql:[delete from sbtest1]===
===file:transaction/D_langues.sql, id:723, sql:[delete from sbtest2]===
===file:transaction/D_langues.sql, id:724, sql:[insert into sbtest1 values(1,1,1,1),(2,2,2,2),(3,3,3,3),(4,4,4,4),(5,5,5,5),(6,6,6,6)]===
===file:transaction/D_langues.sql, id:725, sql:[insert into sbtest2 values(1,1,1,1),(2,2,2,2),(3,3,3,3),(4,4,4,4),(5,5,5,5),(6,6,6,6)]===
===file:transaction/D_langues.sql, id:726, sql:[begin]===
===file:transaction/D_langues.sql, id:727, sql:[update sbtest1 set pad=200 where id=1]===
===file:transaction/D_langues.sql, id:728, sql:[update sbtest2 set pad=200 where id=4]===
===file:transaction/D_langues.sql, id:729, sql:[select * from sbtest1 order by id]===
===file:transaction/D_langues.sql, id:730, sql:[select * from sbtest2 order by id]===
===file:transaction/D_langues.sql, id:731, sql:[commit]===
===file:transaction/D_langues.sql, id:732, sql:[select * from sbtest1 order by id]===
===file:transaction/D_langues.sql, id:733, sql:[select * from sbtest2 order by id]===
===file:transaction/D_langues.sql, id:736, sql:[delete from sbtest1]===
===file:transaction/D_langues.sql, id:737, sql:[delete from sbtest2]===
===file:transaction/D_langues.sql, id:738, sql:[insert into sbtest1 values(1,1,1,1),(2,2,2,2),(3,3,3,3),(4,4,4,4),(5,5,5,5),(6,6,6,6)]===
===file:transaction/D_langues.sql, id:739, sql:[insert into sbtest2 values(1,1,1,1),(2,2,2,2),(3,3,3,3),(4,4,4,4),(5,5,5,5),(6,6,6,6)]===
===file:transaction/D_langues.sql, id:740, sql:[begin]===
===file:transaction/D_langues.sql, id:741, sql:[update sbtest1 set pad=200 where id=1]===
===file:transaction/D_langues.sql, id:742, sql:[update sbtest2 set pad=200 where id=4]===
===file:transaction/D_langues.sql, id:743, sql:[select * from sbtest1 order by id]===
===file:transaction/D_langues.sql, id:744, sql:[select * from sbtest2 order by id]===
===file:transaction/D_langues.sql, id:745, sql:[rollback]===
===file:transaction/D_langues.sql, id:746, sql:[select * from sbtest1 order by id]===
===file:transaction/D_langues.sql, id:747, sql:[select * from sbtest2 order by id]===
===file:transaction/D_langues.sql, id:750, sql:[delete from sbtest1]===
===file:transaction/D_langues.sql, id:751, sql:[insert into sbtest1 values(1,1,1,1),(2,2,2,2),(3,3,3,3),(4,4,4,4),(5,5,5,5),(6,6,6,6)]===
===file:transaction/D_langues.sql, id:755, sql:[begin]===
===file:transaction/D_langues.sql, id:766, sql:[delete from sbtest1]===
===file:transaction/D_langues.sql, id:767, sql:[insert into sbtest1 values(1,1,1,1),(2,2,2,2),(3,3,3,3),(4,4,4,4),(5,5,5,5),(6,6,6,6)]===
===file:transaction/D_langues.sql, id:771, sql:[begin]===
===file:transaction/D_langues.sql, id:776, sql:[rollback]===
===file:transaction/D_langues.sql, id:782, sql:[delete from sbtest1]===
===file:transaction/D_langues.sql, id:783, sql:[insert into sbtest1 values(1,1,1,1),(2,2,2,2),(3,3,3,3),(4,4,4,4),(5,5,5,5),(6,6,6,6)]===
===file:transaction/D_langues.sql, id:787, sql:[begin]===
===file:transaction/D_langues.sql, id:798, sql:[delete from sbtest1]===
===file:transaction/D_langues.sql, id:799, sql:[insert into sbtest1 values(1,1,1,1),(2,2,2,2),(3,3,3,3),(4,4,4,4),(5,5,5,5),(6,6,6,6)]===
===file:transaction/D_langues.sql, id:803, sql:[begin]===
===file:transaction/D_langues.sql, id:808, sql:[rollback]===
===file:transaction/D_langues.sql, id:814, sql:[begin]===
===file:transaction/D_langues.sql, id:815, sql:[drop table sbtest1]===
===file:transaction/D_langues.sql, id:816, sql:[commit]===
===file:transaction/D_langues.sql, id:818, sql:[CREATE TABLE sbtest1(`id` int(10) unsigned NOT NULL,`k` int(10) unsigned NOT NULL DEFAULT '0',`c` char(120) NOT NULL DEFAULT '',`pad` int(11) NOT NULL,PRIMARY KEY (`id`),KEY `k_1` (`k`))]===
===file:transaction/D_langues.sql, id:819, sql:[select * from sbtest1 order by id]===
===file:transaction/D_langues.sql, id:822, sql:[begin]===
===file:transaction/D_langues.sql, id:823, sql:[drop table sbtest1]===
===file:transaction/D_langues.sql, id:824, sql:[rollback]===
===file:transaction/D_langues.sql, id:826, sql:[CREATE TABLE sbtest1(`id` int(10) unsigned NOT NULL,`k` int(10) unsigned NOT NULL DEFAULT '0',`c` char(120) NOT NULL DEFAULT '',`pad` int(11) NOT NULL,PRIMARY KEY (`id`),KEY `k_1` (`k`))]===
===file:transaction/D_langues.sql, id:827, sql:[select * from sbtest1 order by id]===
===file:transaction/D_langues.sql, id:828, sql:[drop table if exists sbtest1]===
===file:transaction/D_langues.sql, id:829, sql:[drop table if exists sbtest2]===
