===file:transaction/lock.sql, id:1, sql:[drop table if exists sbtest1]===
===file:transaction/lock.sql, id:2, sql:[CREATE TABLE sbtest1(`id` int(10) unsigned NOT NULL,`k` int(10) unsigned NOT NULL DEFAULT '0',`c` char(120) NOT NULL DEFAULT '',`pad` int(11) NOT NULL,PRIMARY KEY (`id`),UNIQUE KEY (`k`))]===
===file:transaction/lock.sql, id:3, sql:[drop table if exists sbtest2]===
===file:transaction/lock.sql, id:4, sql:[CREATE TABLE sbtest2(`id` int(10) unsigned NOT NULL,`k` int(10) unsigned NOT NULL DEFAULT '0',`c` char(120) NOT NULL DEFAULT '',`pad` int(11) NOT NULL,PRIMARY KEY (`id`),UNIQUE KEY (`k`))]===
===file:transaction/lock.sql, id:8, sql:[SET @@session.autocommit = ON]===
===file:transaction/lock.sql, id:9, sql:[delete from sbtest1;]===
===file:transaction/lock.sql, id:10, sql:[insert into sbtest1 values(1,1,1,1),(2,2,2,2),(3,3,3,3),(4,4,4,4),(5,5,5,5),(6,6,6,6);]===
===file:transaction/lock.sql, id:11, sql:[begin;]===
===file:transaction/lock.sql, id:12, sql:[select * from sbtest1 order by id lock in share mode;]===
===file:transaction/lock.sql, id:14, sql:[SET @@session.autocommit = ON]===
===file:transaction/lock.sql, id:15, sql:[begin;]===
===file:transaction/lock.sql, id:16, sql:[select * from sbtest1 order by id lock in share mode;]===
===file:transaction/lock.sql, id:18, sql:[commit;]===
===file:transaction/lock.sql, id:20, sql:[select * from sbtest1 order by id;]===
===file:transaction/lock.sql, id:21, sql:[commit;]===
===file:transaction/lock.sql, id:22, sql:[select * from sbtest1 order by id;]===
===file:transaction/lock.sql, id:25, sql:[delete from sbtest1;]===
===file:transaction/lock.sql, id:26, sql:[insert into sbtest1 values(1,1,1,1),(2,2,2,2),(3,3,3,3),(4,4,4,4),(5,5,5,5),(6,6,6,6);]===
===file:transaction/lock.sql, id:27, sql:[begin;]===
===file:transaction/lock.sql, id:28, sql:[select * from sbtest1 order by id lock in share mode;]===
===file:transaction/lock.sql, id:30, sql:[begin;]===
===file:transaction/lock.sql, id:31, sql:[select * from sbtest1 order by id lock in share mode;]===
===file:transaction/lock.sql, id:33, sql:[rollback ;]===
===file:transaction/lock.sql, id:35, sql:[select * from sbtest1 order by id;]===
===file:transaction/lock.sql, id:36, sql:[commit;]===
===file:transaction/lock.sql, id:37, sql:[select * from sbtest1 order by id;]===
===file:transaction/lock.sql, id:40, sql:[delete from sbtest1;]===
===file:transaction/lock.sql, id:41, sql:[insert into sbtest1 values(1,1,1,1),(2,2,2,2),(3,3,3,3),(4,4,4,4),(5,5,5,5),(6,6,6,6);]===
===file:transaction/lock.sql, id:42, sql:[begin;]===
===file:transaction/lock.sql, id:43, sql:[select * from sbtest1 order by id lock in share mode;]===
===file:transaction/lock.sql, id:45, sql:[begin;]===
===file:transaction/lock.sql, id:46, sql:[update sbtest1 set pad=22 where id=1 /*hang*/ ;]===
===file:transaction/lock.sql, id:48, sql:[commit;]===
===file:transaction/lock.sql, id:50, sql:[update sbtest1 set pad=22 where id=2;]===
===file:transaction/lock.sql, id:51, sql:[select * from sbtest1 order by id;]===
===file:transaction/lock.sql, id:52, sql:[commit;]===
===file:transaction/lock.sql, id:53, sql:[select * from sbtest1 order by id;]===
===file:transaction/lock.sql, id:56, sql:[delete from sbtest1;]===
===file:transaction/lock.sql, id:57, sql:[insert into sbtest1 values(1,1,1,1),(2,2,2,2),(3,3,3,3),(4,4,4,4),(5,5,5,5),(6,6,6,6);]===
===file:transaction/lock.sql, id:58, sql:[begin;]===
===file:transaction/lock.sql, id:59, sql:[select * from sbtest1 order by id lock in share mode;]===
===file:transaction/lock.sql, id:61, sql:[begin;]===
===file:transaction/lock.sql, id:64, sql:[rollback ;]===
===file:transaction/lock.sql, id:66, sql:[update sbtest1 set pad=22 where id=2;]===
===file:transaction/lock.sql, id:67, sql:[select * from sbtest1 order by id;]===
===file:transaction/lock.sql, id:68, sql:[commit;]===
===file:transaction/lock.sql, id:69, sql:[select * from sbtest1 order by id;]===
===file:transaction/lock.sql, id:72, sql:[delete from sbtest1;]===
===file:transaction/lock.sql, id:73, sql:[insert into sbtest1 values(1,1,1,1),(2,2,2,2),(3,3,3,3),(4,4,4,4),(5,5,5,5),(6,6,6,6);]===
===file:transaction/lock.sql, id:74, sql:[begin;]===
===file:transaction/lock.sql, id:75, sql:[select * from sbtest1 a,(select * from sbtest2 lock in share mode)b where a.pad=b.pad order by a.id;]===
===file:transaction/lock.sql, id:77, sql:[begin;]===
===file:transaction/lock.sql, id:78, sql:[update sbtest1 set pad=22 where id=1;]===
===file:transaction/lock.sql, id:81, sql:[commit;]===
===file:transaction/lock.sql, id:83, sql:[update sbtest1 set pad=22 where id=2;]===
===file:transaction/lock.sql, id:84, sql:[select * from sbtest1 order by id;]===
===file:transaction/lock.sql, id:85, sql:[commit;]===
===file:transaction/lock.sql, id:86, sql:[select * from sbtest1 order by id;]===
===file:transaction/lock.sql, id:89, sql:[delete from sbtest1;]===
===file:transaction/lock.sql, id:90, sql:[insert into sbtest1 values(1,1,1,1),(2,2,2,2),(3,3,3,3),(4,4,4,4),(5,5,5,5),(6,6,6,6);]===
===file:transaction/lock.sql, id:91, sql:[begin;]===
===file:transaction/lock.sql, id:92, sql:[select * from sbtest1 a,(select * from sbtest2 lock in share mode)b where a.pad=b.pad order by a.id;]===
===file:transaction/lock.sql, id:94, sql:[begin;]===
===file:transaction/lock.sql, id:95, sql:[update sbtest1 set pad=22 where id=1;]===
===file:transaction/lock.sql, id:98, sql:[rollback;]===
===file:transaction/lock.sql, id:100, sql:[update sbtest1 set pad=22 where id=2;]===
===file:transaction/lock.sql, id:101, sql:[select * from sbtest1 order by id;]===
===file:transaction/lock.sql, id:102, sql:[commit;]===
===file:transaction/lock.sql, id:103, sql:[select * from sbtest1 order by id;]===
===file:transaction/lock.sql, id:106, sql:[delete from sbtest1;]===
===file:transaction/lock.sql, id:107, sql:[insert into sbtest1 values(1,1,1,1),(2,2,2,2),(3,3,3,3),(4,4,4,4),(5,5,5,5),(6,6,6,6);]===
===file:transaction/lock.sql, id:108, sql:[begin;]===
===file:transaction/lock.sql, id:109, sql:[select * from sbtest1 order by id for update;]===
===file:transaction/lock.sql, id:111, sql:[begin;]===
===file:transaction/lock.sql, id:114, sql:[commit;]===
===file:transaction/lock.sql, id:116, sql:[select * from sbtest1 order by id;]===
===file:transaction/lock.sql, id:117, sql:[commit;]===
===file:transaction/lock.sql, id:118, sql:[select * from sbtest1 order by id;]===
===file:transaction/lock.sql, id:121, sql:[delete from sbtest1;]===
===file:transaction/lock.sql, id:122, sql:[insert into sbtest1 values(1,1,1,1),(2,2,2,2),(3,3,3,3),(4,4,4,4),(5,5,5,5),(6,6,6,6);]===
===file:transaction/lock.sql, id:123, sql:[begin;]===
===file:transaction/lock.sql, id:124, sql:[select * from sbtest1 order by id for update;]===
===file:transaction/lock.sql, id:126, sql:[begin;]===
===file:transaction/lock.sql, id:129, sql:[rollback ;]===
===file:transaction/lock.sql, id:131, sql:[select * from sbtest1 order by id;]===
===file:transaction/lock.sql, id:132, sql:[commit;]===
===file:transaction/lock.sql, id:133, sql:[select * from sbtest1 order by id;]===
===file:transaction/lock.sql, id:136, sql:[delete from sbtest1;]===
===file:transaction/lock.sql, id:137, sql:[insert into sbtest1 values(1,1,1,1),(2,2,2,2),(3,3,3,3),(4,4,4,4),(5,5,5,5),(6,6,6,6);]===
===file:transaction/lock.sql, id:138, sql:[begin;]===
===file:transaction/lock.sql, id:139, sql:[select * from sbtest1 order by id for update;]===
===file:transaction/lock.sql, id:141, sql:[begin;]===
===file:transaction/lock.sql, id:144, sql:[commit;]===
===file:transaction/lock.sql, id:146, sql:[update sbtest1 set pad=22 where id=2;]===
===file:transaction/lock.sql, id:147, sql:[select * from sbtest1 order by id;]===
===file:transaction/lock.sql, id:148, sql:[commit;]===
===file:transaction/lock.sql, id:149, sql:[select * from sbtest1 order by id;]===
===file:transaction/lock.sql, id:152, sql:[delete from sbtest1;]===
===file:transaction/lock.sql, id:153, sql:[insert into sbtest1 values(1,1,1,1),(2,2,2,2),(3,3,3,3),(4,4,4,4),(5,5,5,5),(6,6,6,6);]===
===file:transaction/lock.sql, id:154, sql:[begin;]===
===file:transaction/lock.sql, id:155, sql:[select * from sbtest1 order by id for update;]===
===file:transaction/lock.sql, id:157, sql:[begin;]===
===file:transaction/lock.sql, id:160, sql:[rollback;]===
===file:transaction/lock.sql, id:162, sql:[update sbtest1 set pad=22 where id=2;]===
===file:transaction/lock.sql, id:163, sql:[select * from sbtest1 order by id;]===
===file:transaction/lock.sql, id:164, sql:[commit;]===
===file:transaction/lock.sql, id:165, sql:[select * from sbtest1 order by id;]===
===file:transaction/lock.sql, id:168, sql:[delete from sbtest1;]===
===file:transaction/lock.sql, id:169, sql:[insert into sbtest1 values(1,1,1,1),(2,2,2,2),(3,3,3,3),(4,4,4,4),(5,5,5,5),(6,6,6,6);]===
===file:transaction/lock.sql, id:170, sql:[begin;]===
===file:transaction/lock.sql, id:171, sql:[select * from sbtest1 a,(select * from sbtest2 for update)b where a.pad=b.pad order by a.id;]===
===file:transaction/lock.sql, id:173, sql:[begin;]===
===file:transaction/lock.sql, id:174, sql:[update sbtest1 set pad=22 where id=1;]===
===file:transaction/lock.sql, id:177, sql:[commit]===
===file:transaction/lock.sql, id:179, sql:[update sbtest1 set pad=22 where id=2;]===
===file:transaction/lock.sql, id:180, sql:[select * from sbtest1 order by id;]===
===file:transaction/lock.sql, id:181, sql:[commit;]===
===file:transaction/lock.sql, id:182, sql:[select * from sbtest1 order by id;]===
===file:transaction/lock.sql, id:185, sql:[delete from sbtest1;]===
===file:transaction/lock.sql, id:186, sql:[insert into sbtest1 values(1,1,1,1),(2,2,2,2),(3,3,3,3),(4,4,4,4),(5,5,5,5),(6,6,6,6);]===
===file:transaction/lock.sql, id:187, sql:[begin;]===
===file:transaction/lock.sql, id:188, sql:[select * from sbtest1 a,(select * from sbtest2 for update)b where a.pad=b.pad order by a.id;]===
===file:transaction/lock.sql, id:190, sql:[begin;]===
===file:transaction/lock.sql, id:191, sql:[update sbtest1 set pad=22 where id=1;]===
===file:transaction/lock.sql, id:194, sql:[rollback]===
===file:transaction/lock.sql, id:196, sql:[update sbtest1 set pad=22 where id=2;]===
===file:transaction/lock.sql, id:197, sql:[select * from sbtest1 order by id;]===
===file:transaction/lock.sql, id:198, sql:[commit;]===
===file:transaction/lock.sql, id:199, sql:[select * from sbtest1 order by id;]===
===file:transaction/lock.sql, id:202, sql:[delete from sbtest1;]===
===file:transaction/lock.sql, id:203, sql:[insert into sbtest1 values(1,1,1,1),(2,2,2,2),(3,3,3,3),(4,4,4,4),(5,5,5,5),(6,6,6,6);]===
===file:transaction/lock.sql, id:204, sql:[begin;]===
===file:transaction/lock.sql, id:205, sql:[select * from sbtest1 where k=2 for update;]===
===file:transaction/lock.sql, id:207, sql:[begin;]===
===file:transaction/lock.sql, id:208, sql:[update sbtest1 set pad=22 where id=1;]===
===file:transaction/lock.sql, id:209, sql:[update sbtest1 set pad=22 where id=2;]===
===file:transaction/lock.sql, id:211, sql:[commit]===
===file:transaction/lock.sql, id:213, sql:[select * from sbtest1 order by id;]===
===file:transaction/lock.sql, id:214, sql:[commit;]===
===file:transaction/lock.sql, id:215, sql:[select * from sbtest1 order by id;]===
===file:transaction/lock.sql, id:218, sql:[delete from sbtest1;]===
===file:transaction/lock.sql, id:219, sql:[insert into sbtest1 values(1,1,1,1),(2,2,2,2),(3,3,3,3),(4,4,4,4),(5,5,5,5),(6,6,6,6);]===
===file:transaction/lock.sql, id:220, sql:[begin;]===
===file:transaction/lock.sql, id:221, sql:[select * from sbtest1 where k=2 for update;]===
===file:transaction/lock.sql, id:223, sql:[begin;]===
===file:transaction/lock.sql, id:224, sql:[update sbtest1 set pad=22 where id=1;]===
===file:transaction/lock.sql, id:225, sql:[update sbtest1 set pad=22 where id=2;]===
===file:transaction/lock.sql, id:227, sql:[rollback]===
===file:transaction/lock.sql, id:229, sql:[select * from sbtest1 order by id;]===
===file:transaction/lock.sql, id:230, sql:[commit;]===
===file:transaction/lock.sql, id:231, sql:[select * from sbtest1 order by id;]===
===file:transaction/lock.sql, id:234, sql:[delete from sbtest1;]===
===file:transaction/lock.sql, id:235, sql:[insert into sbtest1 values(1,1,1,1),(2,2,2,2),(3,3,3,3),(4,4,4,4),(5,5,5,5),(6,6,6,6);]===
===file:transaction/lock.sql, id:236, sql:[begin;]===
===file:transaction/lock.sql, id:237, sql:[select * from sbtest1 where pad=2 for update;]===
===file:transaction/lock.sql, id:239, sql:[begin;]===
===file:transaction/lock.sql, id:240, sql:[update sbtest1 set pad=22 where id=1;]===
===file:transaction/lock.sql, id:242, sql:[commit]===
===file:transaction/lock.sql, id:244, sql:[select * from sbtest1 order by id;]===
===file:transaction/lock.sql, id:245, sql:[commit;]===
===file:transaction/lock.sql, id:246, sql:[select * from sbtest1 order by id;]===
===file:transaction/lock.sql, id:249, sql:[delete from sbtest1;]===
===file:transaction/lock.sql, id:250, sql:[insert into sbtest1 values(1,1,1,1),(2,2,2,2),(3,3,3,3),(4,4,4,4),(5,5,5,5),(6,6,6,6);]===
===file:transaction/lock.sql, id:251, sql:[begin;]===
===file:transaction/lock.sql, id:252, sql:[select * from sbtest1 where pad=2 for update;]===
===file:transaction/lock.sql, id:254, sql:[begin;]===
===file:transaction/lock.sql, id:255, sql:[update sbtest1 set pad=22 where id=1;]===
===file:transaction/lock.sql, id:257, sql:[rollback]===
===file:transaction/lock.sql, id:259, sql:[select * from sbtest1 order by id;]===
===file:transaction/lock.sql, id:260, sql:[commit;]===
===file:transaction/lock.sql, id:261, sql:[select * from sbtest1 order by id;]===
