===file:transaction/t_langues.sql, id:1, sql:[drop table if exists aly_test]===
dble:[[]]
===file:transaction/t_langues.sql, id:2, sql:[CREATE TABLE aly_test(`id` int(10) unsigned NOT NULL,`k` int(10) unsigned NOT NULL DEFAULT '0',`c` char(120) NOT NULL DEFAULT '',`pad` int(11) NOT NULL,PRIMARY KEY (`id`),UNIQUE KEY (`k`))]===
dble:[[]]
===file:transaction/t_langues.sql, id:5, sql:[SET @@session.autocommit = ON]===
dble:[[]]
===file:transaction/t_langues.sql, id:6, sql:[delete from aly_test]===
dble:[[]]
===file:transaction/t_langues.sql, id:7, sql:[begin]===
dble:[[]]
===file:transaction/t_langues.sql, id:8, sql:[select * from aly_test order by id]===
dble:[()]
===file:transaction/t_langues.sql, id:9, sql:[insert into aly_test values(1,1,1,1)]===
dble:[[]]
===file:transaction/t_langues.sql, id:10, sql:[select * from aly_test order by id]===
dble:[((1L, 1L, '1', 1L),)]
===file:transaction/t_langues.sql, id:11, sql:[commit]===
dble:[[]]
===file:transaction/t_langues.sql, id:12, sql:[select * from aly_test order by id]===
dble:[((1L, 1L, '1', 1L),)]
===file:transaction/t_langues.sql, id:13, sql:[update aly_test set pad=10]===
dble:[[]]
===file:transaction/t_langues.sql, id:14, sql:[rollback]===
dble:[[]]
===file:transaction/t_langues.sql, id:15, sql:[select * from aly_test order by id]===
dble:[((1L, 1L, '1', 10L),)]
===file:transaction/t_langues.sql, id:18, sql:[delete from aly_test]===
dble:[[]]
===file:transaction/t_langues.sql, id:19, sql:[begin]===
dble:[[]]
===file:transaction/t_langues.sql, id:20, sql:[select * from aly_test order by id]===
dble:[()]
===file:transaction/t_langues.sql, id:21, sql:[insert into aly_test values(1,1,1,1)]===
dble:[[]]
===file:transaction/t_langues.sql, id:22, sql:[select * from aly_test order by id]===
dble:[((1L, 1L, '1', 1L),)]
===file:transaction/t_langues.sql, id:23, sql:[rollback]===
dble:[[]]
===file:transaction/t_langues.sql, id:24, sql:[select * from aly_test order by id]===
dble:[()]
===file:transaction/t_langues.sql, id:25, sql:[update aly_test set pad=10]===
dble:[[]]
===file:transaction/t_langues.sql, id:26, sql:[rollback]===
dble:[[]]
===file:transaction/t_langues.sql, id:27, sql:[select * from aly_test order by id]===
dble:[()]
===file:transaction/t_langues.sql, id:30, sql:[delete from aly_test]===
dble:[[]]
===file:transaction/t_langues.sql, id:31, sql:[begin]===
dble:[[]]
===file:transaction/t_langues.sql, id:32, sql:[select * from aly_test order by id]===
dble:[()]
===file:transaction/t_langues.sql, id:33, sql:[insert into aly_test values(1,1,1,1),(2,2,2,2)]===
dble:[[]]
===file:transaction/t_langues.sql, id:34, sql:[select * from aly_test order by id]===
dble:[((1L, 1L, '1', 1L), (2L, 2L, '2', 2L))]
===file:transaction/t_langues.sql, id:35, sql:[commit]===
dble:[[]]
===file:transaction/t_langues.sql, id:36, sql:[select * from aly_test order by id]===
dble:[((1L, 1L, '1', 1L), (2L, 2L, '2', 2L))]
===file:transaction/t_langues.sql, id:37, sql:[update aly_test set pad=10]===
dble:[[]]
===file:transaction/t_langues.sql, id:38, sql:[rollback]===
dble:[[]]
===file:transaction/t_langues.sql, id:39, sql:[select * from aly_test order by id]===
dble:[((1L, 1L, '1', 10L), (2L, 2L, '2', 10L))]
===file:transaction/t_langues.sql, id:42, sql:[delete from aly_test]===
dble:[[]]
===file:transaction/t_langues.sql, id:43, sql:[begin]===
dble:[[]]
===file:transaction/t_langues.sql, id:44, sql:[select * from aly_test order by id]===
dble:[()]
===file:transaction/t_langues.sql, id:45, sql:[insert into aly_test values(1,1,1,1),(2,2,2,2)]===
dble:[[]]
===file:transaction/t_langues.sql, id:46, sql:[select * from aly_test order by id]===
dble:[((1L, 1L, '1', 1L), (2L, 2L, '2', 2L))]
===file:transaction/t_langues.sql, id:47, sql:[rollback]===
dble:[[]]
===file:transaction/t_langues.sql, id:48, sql:[select * from aly_test order by id]===
dble:[()]
===file:transaction/t_langues.sql, id:49, sql:[update aly_test set pad=10]===
dble:[[]]
===file:transaction/t_langues.sql, id:50, sql:[rollback]===
dble:[[]]
===file:transaction/t_langues.sql, id:51, sql:[select * from aly_test order by id]===
dble:[()]
===file:transaction/t_langues.sql, id:54, sql:[delete from aly_test]===
dble:[[]]
===file:transaction/t_langues.sql, id:55, sql:[begin]===
dble:[[]]
===file:transaction/t_langues.sql, id:56, sql:[select * from aly_test order by id]===
dble:[()]
===file:transaction/t_langues.sql, id:57, sql:[insert into aly_test values(1,1,1,1),(2,2,2,2),(3,3,3,3)]===
dble:[[]]
===file:transaction/t_langues.sql, id:58, sql:[select * from aly_test order by id]===
dble:[((1L, 1L, '1', 1L), (2L, 2L, '2', 2L), (3L, 3L, '3', 3L))]
===file:transaction/t_langues.sql, id:59, sql:[commit]===
dble:[[]]
===file:transaction/t_langues.sql, id:60, sql:[select * from aly_test order by id]===
dble:[((1L, 1L, '1', 1L), (2L, 2L, '2', 2L), (3L, 3L, '3', 3L))]
===file:transaction/t_langues.sql, id:61, sql:[update aly_test set pad=10]===
dble:[[]]
===file:transaction/t_langues.sql, id:62, sql:[rollback]===
dble:[[]]
===file:transaction/t_langues.sql, id:63, sql:[select * from aly_test order by id]===
dble:[((1L, 1L, '1', 10L), (2L, 2L, '2', 10L), (3L, 3L, '3', 10L))]
===file:transaction/t_langues.sql, id:66, sql:[delete from aly_test]===
dble:[[]]
===file:transaction/t_langues.sql, id:67, sql:[begin]===
dble:[[]]
===file:transaction/t_langues.sql, id:68, sql:[select * from aly_test order by id]===
dble:[()]
===file:transaction/t_langues.sql, id:69, sql:[insert into aly_test values(1,1,1,1),(2,2,2,2),(3,3,3,3)]===
dble:[[]]
===file:transaction/t_langues.sql, id:70, sql:[select * from aly_test order by id]===
dble:[((1L, 1L, '1', 1L), (2L, 2L, '2', 2L), (3L, 3L, '3', 3L))]
===file:transaction/t_langues.sql, id:71, sql:[rollback]===
dble:[[]]
===file:transaction/t_langues.sql, id:72, sql:[select * from aly_test order by id]===
dble:[()]
===file:transaction/t_langues.sql, id:73, sql:[update aly_test set pad=10]===
dble:[[]]
===file:transaction/t_langues.sql, id:74, sql:[rollback]===
dble:[[]]
===file:transaction/t_langues.sql, id:75, sql:[select * from aly_test order by id]===
dble:[()]
===file:transaction/t_langues.sql, id:78, sql:[delete from aly_test]===
dble:[[]]
===file:transaction/t_langues.sql, id:79, sql:[begin]===
dble:[[]]
===file:transaction/t_langues.sql, id:80, sql:[select * from aly_test order by id]===
dble:[()]
===file:transaction/t_langues.sql, id:81, sql:[insert into aly_test values(1,1,1,1),(2,2,2,2),(3,3,3,3),(4,4,4,4)]===
dble:[[]]
===file:transaction/t_langues.sql, id:82, sql:[select * from aly_test order by id]===
dble:[((1L, 1L, '1', 1L), (2L, 2L, '2', 2L), (3L, 3L, '3', 3L), (4L, 4L, '4', 4L))]
===file:transaction/t_langues.sql, id:83, sql:[commit]===
dble:[[]]
===file:transaction/t_langues.sql, id:84, sql:[select * from aly_test order by id]===
dble:[((1L, 1L, '1', 1L), (2L, 2L, '2', 2L), (3L, 3L, '3', 3L), (4L, 4L, '4', 4L))]
===file:transaction/t_langues.sql, id:85, sql:[update aly_test set pad=10]===
dble:[[]]
===file:transaction/t_langues.sql, id:86, sql:[rollback]===
dble:[[]]
===file:transaction/t_langues.sql, id:87, sql:[select * from aly_test order by id]===
dble:[((1L, 1L, '1', 10L), (2L, 2L, '2', 10L), (3L, 3L, '3', 10L), (4L, 4L, '4', 10L))]
===file:transaction/t_langues.sql, id:90, sql:[delete from aly_test]===
dble:[[]]
===file:transaction/t_langues.sql, id:91, sql:[begin]===
dble:[[]]
===file:transaction/t_langues.sql, id:92, sql:[select * from aly_test order by id]===
dble:[()]
===file:transaction/t_langues.sql, id:93, sql:[insert into aly_test values(1,1,1,1),(2,2,2,2),(3,3,3,3),(4,4,4,4)]===
dble:[[]]
===file:transaction/t_langues.sql, id:94, sql:[select * from aly_test order by id]===
dble:[((1L, 1L, '1', 1L), (2L, 2L, '2', 2L), (3L, 3L, '3', 3L), (4L, 4L, '4', 4L))]
===file:transaction/t_langues.sql, id:95, sql:[rollback]===
dble:[[]]
===file:transaction/t_langues.sql, id:96, sql:[select * from aly_test order by id]===
dble:[()]
===file:transaction/t_langues.sql, id:97, sql:[update aly_test set pad=10]===
dble:[[]]
===file:transaction/t_langues.sql, id:98, sql:[rollback]===
dble:[[]]
===file:transaction/t_langues.sql, id:99, sql:[select * from aly_test order by id]===
dble:[()]
===file:transaction/t_langues.sql, id:102, sql:[delete from aly_test]===
dble:[[]]
===file:transaction/t_langues.sql, id:104, sql:[select * from aly_test order by id]===
dble:[()]
===file:transaction/t_langues.sql, id:105, sql:[insert into aly_test values(1,1,1,1)]===
dble:[[]]
===file:transaction/t_langues.sql, id:106, sql:[select * from aly_test order by id]===
dble:[((1L, 1L, '1', 1L),)]
===file:transaction/t_langues.sql, id:107, sql:[commit]===
dble:[[]]
===file:transaction/t_langues.sql, id:108, sql:[select * from aly_test order by id]===
dble:[((1L, 1L, '1', 1L),)]
===file:transaction/t_langues.sql, id:109, sql:[update aly_test set pad=10]===
dble:[[]]
===file:transaction/t_langues.sql, id:110, sql:[rollback]===
dble:[[]]
===file:transaction/t_langues.sql, id:111, sql:[select * from aly_test order by id]===
dble:[((1L, 1L, '1', 10L),)]
===file:transaction/t_langues.sql, id:114, sql:[delete from aly_test]===
dble:[[]]
===file:transaction/t_langues.sql, id:116, sql:[select * from aly_test order by id]===
dble:[()]
===file:transaction/t_langues.sql, id:117, sql:[insert into aly_test values(1,1,1,1)]===
dble:[[]]
===file:transaction/t_langues.sql, id:118, sql:[select * from aly_test order by id]===
dble:[((1L, 1L, '1', 1L),)]
===file:transaction/t_langues.sql, id:119, sql:[rollback]===
dble:[[]]
===file:transaction/t_langues.sql, id:121, sql:[update aly_test set pad=10]===
dble:[[]]
===file:transaction/t_langues.sql, id:122, sql:[rollback]===
dble:[[]]
===file:transaction/t_langues.sql, id:126, sql:[delete from aly_test]===
dble:[[]]
===file:transaction/t_langues.sql, id:128, sql:[select * from aly_test order by id]===
dble:[()]
===file:transaction/t_langues.sql, id:129, sql:[insert into aly_test values(1,1,1,1),(2,2,2,2)]===
dble:[[]]
===file:transaction/t_langues.sql, id:130, sql:[select * from aly_test order by id]===
dble:[((1L, 1L, '1', 1L), (2L, 2L, '2', 2L))]
===file:transaction/t_langues.sql, id:131, sql:[commit]===
dble:[[]]
===file:transaction/t_langues.sql, id:132, sql:[select * from aly_test order by id]===
dble:[((1L, 1L, '1', 1L), (2L, 2L, '2', 2L))]
===file:transaction/t_langues.sql, id:133, sql:[update aly_test set pad=10]===
dble:[[]]
===file:transaction/t_langues.sql, id:134, sql:[rollback]===
dble:[[]]
===file:transaction/t_langues.sql, id:135, sql:[select * from aly_test order by id]===
dble:[((1L, 1L, '1', 10L), (2L, 2L, '2', 10L))]
===file:transaction/t_langues.sql, id:138, sql:[delete from aly_test]===
dble:[[]]
===file:transaction/t_langues.sql, id:140, sql:[select * from aly_test order by id]===
dble:[()]
===file:transaction/t_langues.sql, id:141, sql:[insert into aly_test values(1,1,1,1),(2,2,2,2)]===
dble:[[]]
===file:transaction/t_langues.sql, id:142, sql:[select * from aly_test order by id]===
dble:[((1L, 1L, '1', 1L), (2L, 2L, '2', 2L))]
===file:transaction/t_langues.sql, id:143, sql:[rollback]===
dble:[[]]
===file:transaction/t_langues.sql, id:145, sql:[update aly_test set pad=10]===
dble:[[]]
===file:transaction/t_langues.sql, id:146, sql:[rollback]===
dble:[[]]
===file:transaction/t_langues.sql, id:150, sql:[delete from aly_test]===
dble:[[]]
===file:transaction/t_langues.sql, id:152, sql:[select * from aly_test order by id]===
dble:[()]
===file:transaction/t_langues.sql, id:153, sql:[insert into aly_test values(1,1,1,1),(2,2,2,2),(3,3,3,3)]===
dble:[[]]
===file:transaction/t_langues.sql, id:154, sql:[select * from aly_test order by id]===
dble:[((1L, 1L, '1', 1L), (2L, 2L, '2', 2L), (3L, 3L, '3', 3L))]
===file:transaction/t_langues.sql, id:155, sql:[commit]===
dble:[[]]
===file:transaction/t_langues.sql, id:156, sql:[select * from aly_test order by id]===
dble:[((1L, 1L, '1', 1L), (2L, 2L, '2', 2L), (3L, 3L, '3', 3L))]
===file:transaction/t_langues.sql, id:157, sql:[update aly_test set pad=10]===
dble:[[]]
===file:transaction/t_langues.sql, id:158, sql:[rollback]===
dble:[[]]
===file:transaction/t_langues.sql, id:159, sql:[select * from aly_test order by id]===
dble:[((1L, 1L, '1', 10L), (2L, 2L, '2', 10L), (3L, 3L, '3', 10L))]
===file:transaction/t_langues.sql, id:162, sql:[delete from aly_test]===
dble:[[]]
===file:transaction/t_langues.sql, id:164, sql:[select * from aly_test order by id]===
dble:[()]
===file:transaction/t_langues.sql, id:165, sql:[insert into aly_test values(1,1,1,1),(2,2,2,2),(3,3,3,3)]===
dble:[[]]
===file:transaction/t_langues.sql, id:166, sql:[select * from aly_test order by id]===
dble:[((1L, 1L, '1', 1L), (2L, 2L, '2', 2L), (3L, 3L, '3', 3L))]
===file:transaction/t_langues.sql, id:167, sql:[rollback]===
dble:[[]]
===file:transaction/t_langues.sql, id:169, sql:[update aly_test set pad=10]===
dble:[[]]
===file:transaction/t_langues.sql, id:170, sql:[rollback]===
dble:[[]]
===file:transaction/t_langues.sql, id:174, sql:[delete from aly_test]===
dble:[[]]
===file:transaction/t_langues.sql, id:176, sql:[select * from aly_test order by id]===
dble:[()]
===file:transaction/t_langues.sql, id:177, sql:[insert into aly_test values(1,1,1,1),(2,2,2,2),(3,3,3,3),(4,4,4,4)]===
dble:[[]]
===file:transaction/t_langues.sql, id:178, sql:[select * from aly_test order by id]===
dble:[((1L, 1L, '1', 1L), (2L, 2L, '2', 2L), (3L, 3L, '3', 3L), (4L, 4L, '4', 4L))]
===file:transaction/t_langues.sql, id:179, sql:[commit]===
dble:[[]]
===file:transaction/t_langues.sql, id:180, sql:[select * from aly_test order by id]===
dble:[((1L, 1L, '1', 1L), (2L, 2L, '2', 2L), (3L, 3L, '3', 3L), (4L, 4L, '4', 4L))]
===file:transaction/t_langues.sql, id:181, sql:[update aly_test set pad=10]===
dble:[[]]
===file:transaction/t_langues.sql, id:182, sql:[rollback]===
dble:[[]]
===file:transaction/t_langues.sql, id:183, sql:[select * from aly_test order by id]===
dble:[((1L, 1L, '1', 10L), (2L, 2L, '2', 10L), (3L, 3L, '3', 10L), (4L, 4L, '4', 10L))]
===file:transaction/t_langues.sql, id:186, sql:[delete from aly_test]===
dble:[[]]
===file:transaction/t_langues.sql, id:188, sql:[select * from aly_test order by id]===
dble:[()]
===file:transaction/t_langues.sql, id:189, sql:[insert into aly_test values(1,1,1,1),(2,2,2,2),(3,3,3,3),(4,4,4,4)]===
dble:[[]]
===file:transaction/t_langues.sql, id:190, sql:[select * from aly_test order by id]===
dble:[((1L, 1L, '1', 1L), (2L, 2L, '2', 2L), (3L, 3L, '3', 3L), (4L, 4L, '4', 4L))]
===file:transaction/t_langues.sql, id:191, sql:[rollback]===
dble:[[]]
===file:transaction/t_langues.sql, id:193, sql:[update aly_test set pad=10]===
dble:[[]]
===file:transaction/t_langues.sql, id:194, sql:[rollback]===
dble:[[]]
===file:transaction/t_langues.sql, id:198, sql:[delete from aly_test]===
dble:[[]]
===file:transaction/t_langues.sql, id:199, sql:[start transaction]===
dble:[[]]
===file:transaction/t_langues.sql, id:200, sql:[select * from aly_test order by id]===
dble:[()]
===file:transaction/t_langues.sql, id:201, sql:[insert into aly_test values(1,1,1,1)]===
dble:[[]]
===file:transaction/t_langues.sql, id:202, sql:[select * from aly_test order by id]===
dble:[((1L, 1L, '1', 1L),)]
===file:transaction/t_langues.sql, id:203, sql:[commit]===
dble:[[]]
===file:transaction/t_langues.sql, id:204, sql:[select * from aly_test order by id]===
dble:[((1L, 1L, '1', 1L),)]
===file:transaction/t_langues.sql, id:205, sql:[update aly_test set pad=10]===
dble:[[]]
===file:transaction/t_langues.sql, id:206, sql:[rollback]===
dble:[[]]
===file:transaction/t_langues.sql, id:207, sql:[select * from aly_test order by id]===
dble:[((1L, 1L, '1', 10L),)]
===file:transaction/t_langues.sql, id:210, sql:[delete from aly_test]===
dble:[[]]
===file:transaction/t_langues.sql, id:211, sql:[start transaction]===
dble:[[]]
===file:transaction/t_langues.sql, id:212, sql:[select * from aly_test order by id]===
dble:[()]
===file:transaction/t_langues.sql, id:213, sql:[insert into aly_test values(1,1,1,1)]===
dble:[[]]
===file:transaction/t_langues.sql, id:214, sql:[select * from aly_test order by id]===
dble:[((1L, 1L, '1', 1L),)]
===file:transaction/t_langues.sql, id:215, sql:[rollback]===
dble:[[]]
===file:transaction/t_langues.sql, id:216, sql:[select * from aly_test order by id]===
dble:[()]
===file:transaction/t_langues.sql, id:217, sql:[update aly_test set pad=10]===
dble:[[]]
===file:transaction/t_langues.sql, id:218, sql:[rollback]===
dble:[[]]
===file:transaction/t_langues.sql, id:219, sql:[select * from aly_test order by id]===
dble:[()]
===file:transaction/t_langues.sql, id:222, sql:[delete from aly_test]===
dble:[[]]
===file:transaction/t_langues.sql, id:223, sql:[start transaction]===
dble:[[]]
===file:transaction/t_langues.sql, id:224, sql:[select * from aly_test order by id]===
dble:[()]
===file:transaction/t_langues.sql, id:225, sql:[insert into aly_test values(1,1,1,1),(2,2,2,2)]===
dble:[[]]
===file:transaction/t_langues.sql, id:226, sql:[select * from aly_test order by id]===
dble:[((1L, 1L, '1', 1L), (2L, 2L, '2', 2L))]
===file:transaction/t_langues.sql, id:227, sql:[commit]===
dble:[[]]
===file:transaction/t_langues.sql, id:228, sql:[select * from aly_test order by id]===
dble:[((1L, 1L, '1', 1L), (2L, 2L, '2', 2L))]
===file:transaction/t_langues.sql, id:229, sql:[update aly_test set pad=10]===
dble:[[]]
===file:transaction/t_langues.sql, id:230, sql:[rollback]===
dble:[[]]
===file:transaction/t_langues.sql, id:231, sql:[select * from aly_test order by id]===
dble:[((1L, 1L, '1', 10L), (2L, 2L, '2', 10L))]
===file:transaction/t_langues.sql, id:234, sql:[delete from aly_test]===
dble:[[]]
===file:transaction/t_langues.sql, id:235, sql:[start transaction]===
dble:[[]]
===file:transaction/t_langues.sql, id:236, sql:[select * from aly_test order by id]===
dble:[()]
===file:transaction/t_langues.sql, id:237, sql:[insert into aly_test values(1,1,1,1),(2,2,2,2)]===
dble:[[]]
===file:transaction/t_langues.sql, id:238, sql:[select * from aly_test order by id]===
dble:[((1L, 1L, '1', 1L), (2L, 2L, '2', 2L))]
===file:transaction/t_langues.sql, id:239, sql:[rollback]===
dble:[[]]
===file:transaction/t_langues.sql, id:240, sql:[select * from aly_test order by id]===
dble:[()]
===file:transaction/t_langues.sql, id:241, sql:[update aly_test set pad=10]===
dble:[[]]
===file:transaction/t_langues.sql, id:242, sql:[rollback]===
dble:[[]]
===file:transaction/t_langues.sql, id:243, sql:[select * from aly_test order by id]===
dble:[()]
===file:transaction/t_langues.sql, id:246, sql:[delete from aly_test]===
dble:[[]]
===file:transaction/t_langues.sql, id:247, sql:[start transaction]===
dble:[[]]
===file:transaction/t_langues.sql, id:248, sql:[select * from aly_test order by id]===
dble:[()]
===file:transaction/t_langues.sql, id:249, sql:[insert into aly_test values(1,1,1,1),(2,2,2,2),(3,3,3,3)]===
dble:[[]]
===file:transaction/t_langues.sql, id:250, sql:[select * from aly_test order by id]===
dble:[((1L, 1L, '1', 1L), (2L, 2L, '2', 2L), (3L, 3L, '3', 3L))]
===file:transaction/t_langues.sql, id:251, sql:[commit]===
dble:[[]]
===file:transaction/t_langues.sql, id:252, sql:[select * from aly_test order by id]===
dble:[((1L, 1L, '1', 1L), (2L, 2L, '2', 2L), (3L, 3L, '3', 3L))]
===file:transaction/t_langues.sql, id:253, sql:[update aly_test set pad=10]===
dble:[[]]
===file:transaction/t_langues.sql, id:254, sql:[rollback]===
dble:[[]]
===file:transaction/t_langues.sql, id:255, sql:[select * from aly_test order by id]===
dble:[((1L, 1L, '1', 10L), (2L, 2L, '2', 10L), (3L, 3L, '3', 10L))]
===file:transaction/t_langues.sql, id:258, sql:[delete from aly_test]===
dble:[[]]
===file:transaction/t_langues.sql, id:259, sql:[start transaction]===
dble:[[]]
===file:transaction/t_langues.sql, id:260, sql:[select * from aly_test order by id]===
dble:[()]
===file:transaction/t_langues.sql, id:261, sql:[insert into aly_test values(1,1,1,1),(2,2,2,2),(3,3,3,3)]===
dble:[[]]
===file:transaction/t_langues.sql, id:262, sql:[select * from aly_test order by id]===
dble:[((1L, 1L, '1', 1L), (2L, 2L, '2', 2L), (3L, 3L, '3', 3L))]
===file:transaction/t_langues.sql, id:263, sql:[rollback]===
dble:[[]]
===file:transaction/t_langues.sql, id:264, sql:[select * from aly_test order by id]===
dble:[()]
===file:transaction/t_langues.sql, id:265, sql:[update aly_test set pad=10]===
dble:[[]]
===file:transaction/t_langues.sql, id:266, sql:[rollback]===
dble:[[]]
===file:transaction/t_langues.sql, id:267, sql:[select * from aly_test order by id]===
dble:[()]
===file:transaction/t_langues.sql, id:270, sql:[delete from aly_test]===
dble:[[]]
===file:transaction/t_langues.sql, id:271, sql:[start transaction]===
dble:[[]]
===file:transaction/t_langues.sql, id:272, sql:[select * from aly_test order by id]===
dble:[()]
===file:transaction/t_langues.sql, id:273, sql:[insert into aly_test values(1,1,1,1),(2,2,2,2),(3,3,3,3),(4,4,4,4)]===
dble:[[]]
===file:transaction/t_langues.sql, id:274, sql:[select * from aly_test order by id]===
dble:[((1L, 1L, '1', 1L), (2L, 2L, '2', 2L), (3L, 3L, '3', 3L), (4L, 4L, '4', 4L))]
===file:transaction/t_langues.sql, id:275, sql:[commit]===
dble:[[]]
===file:transaction/t_langues.sql, id:276, sql:[select * from aly_test order by id]===
dble:[((1L, 1L, '1', 1L), (2L, 2L, '2', 2L), (3L, 3L, '3', 3L), (4L, 4L, '4', 4L))]
===file:transaction/t_langues.sql, id:277, sql:[update aly_test set pad=10]===
dble:[[]]
===file:transaction/t_langues.sql, id:278, sql:[rollback]===
dble:[[]]
===file:transaction/t_langues.sql, id:279, sql:[select * from aly_test order by id]===
dble:[((1L, 1L, '1', 10L), (2L, 2L, '2', 10L), (3L, 3L, '3', 10L), (4L, 4L, '4', 10L))]
===file:transaction/t_langues.sql, id:282, sql:[delete from aly_test]===
dble:[[]]
===file:transaction/t_langues.sql, id:283, sql:[start transaction]===
dble:[[]]
===file:transaction/t_langues.sql, id:284, sql:[select * from aly_test order by id]===
dble:[()]
===file:transaction/t_langues.sql, id:285, sql:[insert into aly_test values(1,1,1,1),(2,2,2,2),(3,3,3,3),(4,4,4,4)]===
dble:[[]]
===file:transaction/t_langues.sql, id:286, sql:[select * from aly_test order by id]===
dble:[((1L, 1L, '1', 1L), (2L, 2L, '2', 2L), (3L, 3L, '3', 3L), (4L, 4L, '4', 4L))]
===file:transaction/t_langues.sql, id:287, sql:[rollback]===
dble:[[]]
===file:transaction/t_langues.sql, id:288, sql:[select * from aly_test order by id]===
dble:[()]
===file:transaction/t_langues.sql, id:289, sql:[update aly_test set pad=10]===
dble:[[]]
===file:transaction/t_langues.sql, id:290, sql:[rollback]===
dble:[[]]
===file:transaction/t_langues.sql, id:291, sql:[select * from aly_test order by id]===
dble:[()]
===file:transaction/t_langues.sql, id:294, sql:[delete from aly_test]===
dble:[[]]
===file:transaction/t_langues.sql, id:295, sql:[set autocommit=0]===
dble:[[]]
===file:transaction/t_langues.sql, id:296, sql:[select * from aly_test order by id]===
dble:[()]
===file:transaction/t_langues.sql, id:297, sql:[insert into aly_test values(1,1,1,1)]===
dble:[[]]
===file:transaction/t_langues.sql, id:298, sql:[select * from aly_test order by id]===
dble:[((1L, 1L, '1', 1L),)]
===file:transaction/t_langues.sql, id:299, sql:[commit]===
dble:[[]]
===file:transaction/t_langues.sql, id:300, sql:[select * from aly_test order by id]===
dble:[((1L, 1L, '1', 1L),)]
===file:transaction/t_langues.sql, id:301, sql:[update aly_test set pad=10]===
dble:[[]]
===file:transaction/t_langues.sql, id:302, sql:[rollback]===
dble:[[]]
===file:transaction/t_langues.sql, id:303, sql:[select * from aly_test order by id]===
dble:[((1L, 1L, '1', 1L),)]
===file:transaction/t_langues.sql, id:304, sql:[set autocommit=1]===
dble:[[]]
===file:transaction/t_langues.sql, id:307, sql:[delete from aly_test]===
dble:[[]]
===file:transaction/t_langues.sql, id:308, sql:[set autocommit=0]===
dble:[[]]
===file:transaction/t_langues.sql, id:309, sql:[select * from aly_test order by id]===
dble:[()]
===file:transaction/t_langues.sql, id:310, sql:[insert into aly_test values(1,1,1,1)]===
dble:[[]]
===file:transaction/t_langues.sql, id:311, sql:[select * from aly_test order by id]===
dble:[((1L, 1L, '1', 1L),)]
===file:transaction/t_langues.sql, id:312, sql:[rollback]===
dble:[[]]
===file:transaction/t_langues.sql, id:313, sql:[select * from aly_test order by id]===
dble:[()]
===file:transaction/t_langues.sql, id:314, sql:[update aly_test set pad=10]===
dble:[[]]
===file:transaction/t_langues.sql, id:315, sql:[rollback]===
dble:[[]]
===file:transaction/t_langues.sql, id:316, sql:[select * from aly_test order by id]===
dble:[()]
===file:transaction/t_langues.sql, id:317, sql:[set autocommit=1]===
dble:[[]]
===file:transaction/t_langues.sql, id:320, sql:[delete from aly_test]===
dble:[[]]
===file:transaction/t_langues.sql, id:321, sql:[set autocommit=0]===
dble:[[]]
===file:transaction/t_langues.sql, id:322, sql:[select * from aly_test order by id]===
dble:[()]
===file:transaction/t_langues.sql, id:323, sql:[insert into aly_test values(1,1,1,1),(2,2,2,2)]===
dble:[[]]
===file:transaction/t_langues.sql, id:324, sql:[select * from aly_test order by id]===
dble:[((1L, 1L, '1', 1L), (2L, 2L, '2', 2L))]
===file:transaction/t_langues.sql, id:325, sql:[commit]===
dble:[[]]
===file:transaction/t_langues.sql, id:326, sql:[select * from aly_test order by id]===
dble:[((1L, 1L, '1', 1L), (2L, 2L, '2', 2L))]
===file:transaction/t_langues.sql, id:327, sql:[update aly_test set pad=10]===
dble:[[]]
===file:transaction/t_langues.sql, id:328, sql:[rollback]===
dble:[[]]
===file:transaction/t_langues.sql, id:329, sql:[select * from aly_test order by id]===
dble:[((1L, 1L, '1', 1L), (2L, 2L, '2', 2L))]
===file:transaction/t_langues.sql, id:330, sql:[set autocommit=1]===
dble:[[]]
===file:transaction/t_langues.sql, id:333, sql:[delete from aly_test]===
dble:[[]]
===file:transaction/t_langues.sql, id:334, sql:[set autocommit=0]===
dble:[[]]
===file:transaction/t_langues.sql, id:335, sql:[select * from aly_test order by id]===
dble:[()]
===file:transaction/t_langues.sql, id:336, sql:[insert into aly_test values(1,1,1,1),(2,2,2,2)]===
dble:[[]]
===file:transaction/t_langues.sql, id:337, sql:[select * from aly_test order by id]===
dble:[((1L, 1L, '1', 1L), (2L, 2L, '2', 2L))]
===file:transaction/t_langues.sql, id:338, sql:[rollback]===
dble:[[]]
===file:transaction/t_langues.sql, id:339, sql:[select * from aly_test order by id]===
dble:[()]
===file:transaction/t_langues.sql, id:340, sql:[update aly_test set pad=10]===
dble:[[]]
===file:transaction/t_langues.sql, id:341, sql:[rollback]===
dble:[[]]
===file:transaction/t_langues.sql, id:342, sql:[select * from aly_test order by id]===
dble:[()]
===file:transaction/t_langues.sql, id:343, sql:[set autocommit=1]===
dble:[[]]
===file:transaction/t_langues.sql, id:346, sql:[delete from aly_test]===
dble:[[]]
===file:transaction/t_langues.sql, id:347, sql:[set autocommit=0]===
dble:[[]]
===file:transaction/t_langues.sql, id:348, sql:[select * from aly_test order by id]===
dble:[()]
===file:transaction/t_langues.sql, id:349, sql:[insert into aly_test values(1,1,1,1),(2,2,2,2),(3,3,3,3)]===
dble:[[]]
===file:transaction/t_langues.sql, id:350, sql:[select * from aly_test order by id]===
dble:[((1L, 1L, '1', 1L), (2L, 2L, '2', 2L), (3L, 3L, '3', 3L))]
===file:transaction/t_langues.sql, id:351, sql:[commit]===
dble:[[]]
===file:transaction/t_langues.sql, id:352, sql:[select * from aly_test order by id]===
dble:[((1L, 1L, '1', 1L), (2L, 2L, '2', 2L), (3L, 3L, '3', 3L))]
===file:transaction/t_langues.sql, id:353, sql:[update aly_test set pad=10]===
dble:[[]]
===file:transaction/t_langues.sql, id:354, sql:[rollback]===
dble:[[]]
===file:transaction/t_langues.sql, id:355, sql:[select * from aly_test order by id]===
dble:[((1L, 1L, '1', 1L), (2L, 2L, '2', 2L), (3L, 3L, '3', 3L))]
===file:transaction/t_langues.sql, id:356, sql:[set autocommit=1]===
dble:[[]]
===file:transaction/t_langues.sql, id:359, sql:[delete from aly_test]===
dble:[[]]
===file:transaction/t_langues.sql, id:360, sql:[set autocommit=0]===
dble:[[]]
===file:transaction/t_langues.sql, id:361, sql:[select * from aly_test order by id]===
dble:[()]
===file:transaction/t_langues.sql, id:362, sql:[insert into aly_test values(1,1,1,1),(2,2,2,2),(3,3,3,3)]===
dble:[[]]
===file:transaction/t_langues.sql, id:363, sql:[select * from aly_test order by id]===
dble:[((1L, 1L, '1', 1L), (2L, 2L, '2', 2L), (3L, 3L, '3', 3L))]
===file:transaction/t_langues.sql, id:364, sql:[rollback]===
dble:[[]]
===file:transaction/t_langues.sql, id:365, sql:[select * from aly_test order by id]===
dble:[()]
===file:transaction/t_langues.sql, id:366, sql:[update aly_test set pad=10]===
dble:[[]]
===file:transaction/t_langues.sql, id:367, sql:[rollback]===
dble:[[]]
===file:transaction/t_langues.sql, id:368, sql:[select * from aly_test order by id]===
dble:[()]
===file:transaction/t_langues.sql, id:369, sql:[set autocommit=1]===
dble:[[]]
===file:transaction/t_langues.sql, id:372, sql:[delete from aly_test]===
dble:[[]]
===file:transaction/t_langues.sql, id:373, sql:[set autocommit=0]===
dble:[[]]
===file:transaction/t_langues.sql, id:374, sql:[select * from aly_test order by id]===
dble:[()]
===file:transaction/t_langues.sql, id:375, sql:[insert into aly_test values(1,1,1,1),(2,2,2,2),(3,3,3,3),(4,4,4,4)]===
dble:[[]]
===file:transaction/t_langues.sql, id:376, sql:[select * from aly_test order by id]===
dble:[((1L, 1L, '1', 1L), (2L, 2L, '2', 2L), (3L, 3L, '3', 3L), (4L, 4L, '4', 4L))]
===file:transaction/t_langues.sql, id:377, sql:[commit]===
dble:[[]]
===file:transaction/t_langues.sql, id:378, sql:[select * from aly_test order by id]===
dble:[((1L, 1L, '1', 1L), (2L, 2L, '2', 2L), (3L, 3L, '3', 3L), (4L, 4L, '4', 4L))]
===file:transaction/t_langues.sql, id:379, sql:[update aly_test set pad=10]===
dble:[[]]
===file:transaction/t_langues.sql, id:380, sql:[rollback]===
dble:[[]]
===file:transaction/t_langues.sql, id:381, sql:[select * from aly_test order by id]===
dble:[((1L, 1L, '1', 1L), (2L, 2L, '2', 2L), (3L, 3L, '3', 3L), (4L, 4L, '4', 4L))]
===file:transaction/t_langues.sql, id:382, sql:[set autocommit=1]===
dble:[[]]
===file:transaction/t_langues.sql, id:385, sql:[delete from aly_test]===
dble:[[]]
===file:transaction/t_langues.sql, id:386, sql:[set autocommit=0]===
dble:[[]]
===file:transaction/t_langues.sql, id:387, sql:[select * from aly_test order by id]===
dble:[()]
===file:transaction/t_langues.sql, id:388, sql:[insert into aly_test values(1,1,1,1),(2,2,2,2),(3,3,3,3),(4,4,4,4)]===
dble:[[]]
===file:transaction/t_langues.sql, id:389, sql:[select * from aly_test order by id]===
dble:[((1L, 1L, '1', 1L), (2L, 2L, '2', 2L), (3L, 3L, '3', 3L), (4L, 4L, '4', 4L))]
===file:transaction/t_langues.sql, id:390, sql:[rollback]===
dble:[[]]
===file:transaction/t_langues.sql, id:391, sql:[select * from aly_test order by id]===
dble:[()]
===file:transaction/t_langues.sql, id:392, sql:[update aly_test set pad=10]===
dble:[[]]
===file:transaction/t_langues.sql, id:393, sql:[rollback]===
dble:[[]]
===file:transaction/t_langues.sql, id:394, sql:[select * from aly_test order by id]===
dble:[()]
===file:transaction/t_langues.sql, id:395, sql:[set autocommit=1]===
dble:[[]]
===file:transaction/t_langues.sql, id:398, sql:[delete from aly_test]===
dble:[[]]
===file:transaction/t_langues.sql, id:399, sql:[set @@session.autocommit=0]===
dble:[[]]
===file:transaction/t_langues.sql, id:400, sql:[select * from aly_test order by id]===
dble:[()]
===file:transaction/t_langues.sql, id:401, sql:[insert into aly_test values(1,1,1,1)]===
dble:[[]]
===file:transaction/t_langues.sql, id:402, sql:[select * from aly_test order by id]===
dble:[((1L, 1L, '1', 1L),)]
===file:transaction/t_langues.sql, id:403, sql:[commit]===
dble:[[]]
===file:transaction/t_langues.sql, id:404, sql:[select * from aly_test order by id]===
dble:[((1L, 1L, '1', 1L),)]
===file:transaction/t_langues.sql, id:405, sql:[update aly_test set pad=10]===
dble:[[]]
===file:transaction/t_langues.sql, id:406, sql:[rollback]===
dble:[[]]
===file:transaction/t_langues.sql, id:407, sql:[select * from aly_test order by id]===
dble:[((1L, 1L, '1', 1L),)]
===file:transaction/t_langues.sql, id:408, sql:[set @@session.autocommit=1]===
dble:[[]]
===file:transaction/t_langues.sql, id:411, sql:[delete from aly_test]===
dble:[[]]
===file:transaction/t_langues.sql, id:412, sql:[set @@session.autocommit=0]===
dble:[[]]
===file:transaction/t_langues.sql, id:413, sql:[select * from aly_test order by id]===
dble:[()]
===file:transaction/t_langues.sql, id:414, sql:[insert into aly_test values(1,1,1,1)]===
dble:[[]]
===file:transaction/t_langues.sql, id:415, sql:[select * from aly_test order by id]===
dble:[((1L, 1L, '1', 1L),)]
===file:transaction/t_langues.sql, id:416, sql:[rollback]===
dble:[[]]
===file:transaction/t_langues.sql, id:417, sql:[select * from aly_test order by id]===
dble:[()]
===file:transaction/t_langues.sql, id:418, sql:[update aly_test set pad=10]===
dble:[[]]
===file:transaction/t_langues.sql, id:419, sql:[rollback]===
dble:[[]]
===file:transaction/t_langues.sql, id:420, sql:[select * from aly_test order by id]===
dble:[()]
===file:transaction/t_langues.sql, id:421, sql:[set @@session.autocommit=1]===
dble:[[]]
===file:transaction/t_langues.sql, id:424, sql:[delete from aly_test]===
dble:[[]]
===file:transaction/t_langues.sql, id:425, sql:[set @@session.autocommit=0]===
dble:[[]]
===file:transaction/t_langues.sql, id:426, sql:[select * from aly_test order by id]===
dble:[()]
===file:transaction/t_langues.sql, id:427, sql:[insert into aly_test values(1,1,1,1),(2,2,2,2)]===
dble:[[]]
===file:transaction/t_langues.sql, id:428, sql:[select * from aly_test order by id]===
dble:[((1L, 1L, '1', 1L), (2L, 2L, '2', 2L))]
===file:transaction/t_langues.sql, id:429, sql:[commit]===
dble:[[]]
===file:transaction/t_langues.sql, id:430, sql:[select * from aly_test order by id]===
dble:[((1L, 1L, '1', 1L), (2L, 2L, '2', 2L))]
===file:transaction/t_langues.sql, id:431, sql:[update aly_test set pad=10]===
dble:[[]]
===file:transaction/t_langues.sql, id:432, sql:[rollback]===
dble:[[]]
===file:transaction/t_langues.sql, id:433, sql:[select * from aly_test order by id]===
dble:[((1L, 1L, '1', 1L), (2L, 2L, '2', 2L))]
===file:transaction/t_langues.sql, id:434, sql:[set @@session.autocommit=1]===
dble:[[]]
===file:transaction/t_langues.sql, id:437, sql:[delete from aly_test]===
dble:[[]]
===file:transaction/t_langues.sql, id:438, sql:[set @@session.autocommit=0]===
dble:[[]]
===file:transaction/t_langues.sql, id:439, sql:[select * from aly_test order by id]===
dble:[()]
===file:transaction/t_langues.sql, id:440, sql:[insert into aly_test values(1,1,1,1),(2,2,2,2)]===
dble:[[]]
===file:transaction/t_langues.sql, id:441, sql:[select * from aly_test order by id]===
dble:[((1L, 1L, '1', 1L), (2L, 2L, '2', 2L))]
===file:transaction/t_langues.sql, id:442, sql:[rollback]===
dble:[[]]
===file:transaction/t_langues.sql, id:443, sql:[select * from aly_test order by id]===
dble:[()]
===file:transaction/t_langues.sql, id:444, sql:[update aly_test set pad=10]===
dble:[[]]
===file:transaction/t_langues.sql, id:445, sql:[rollback]===
dble:[[]]
===file:transaction/t_langues.sql, id:446, sql:[select * from aly_test order by id]===
dble:[()]
===file:transaction/t_langues.sql, id:447, sql:[set @@session.autocommit=1]===
dble:[[]]
===file:transaction/t_langues.sql, id:450, sql:[delete from aly_test]===
dble:[[]]
===file:transaction/t_langues.sql, id:451, sql:[set @@session.autocommit=0]===
dble:[[]]
===file:transaction/t_langues.sql, id:452, sql:[select * from aly_test order by id]===
dble:[()]
===file:transaction/t_langues.sql, id:453, sql:[insert into aly_test values(1,1,1,1),(2,2,2,2),(3,3,3,3)]===
dble:[[]]
===file:transaction/t_langues.sql, id:454, sql:[select * from aly_test order by id]===
dble:[((1L, 1L, '1', 1L), (2L, 2L, '2', 2L), (3L, 3L, '3', 3L))]
===file:transaction/t_langues.sql, id:455, sql:[commit]===
dble:[[]]
===file:transaction/t_langues.sql, id:456, sql:[select * from aly_test order by id]===
dble:[((1L, 1L, '1', 1L), (2L, 2L, '2', 2L), (3L, 3L, '3', 3L))]
===file:transaction/t_langues.sql, id:457, sql:[update aly_test set pad=10]===
dble:[[]]
===file:transaction/t_langues.sql, id:458, sql:[rollback]===
dble:[[]]
===file:transaction/t_langues.sql, id:459, sql:[select * from aly_test order by id]===
dble:[((1L, 1L, '1', 1L), (2L, 2L, '2', 2L), (3L, 3L, '3', 3L))]
===file:transaction/t_langues.sql, id:460, sql:[set @@session.autocommit=1]===
dble:[[]]
===file:transaction/t_langues.sql, id:463, sql:[delete from aly_test]===
dble:[[]]
===file:transaction/t_langues.sql, id:464, sql:[set @@session.autocommit=0]===
dble:[[]]
===file:transaction/t_langues.sql, id:465, sql:[select * from aly_test order by id]===
dble:[()]
===file:transaction/t_langues.sql, id:466, sql:[insert into aly_test values(1,1,1,1),(2,2,2,2),(3,3,3,3)]===
dble:[[]]
===file:transaction/t_langues.sql, id:467, sql:[select * from aly_test order by id]===
dble:[((1L, 1L, '1', 1L), (2L, 2L, '2', 2L), (3L, 3L, '3', 3L))]
===file:transaction/t_langues.sql, id:468, sql:[rollback]===
dble:[[]]
===file:transaction/t_langues.sql, id:469, sql:[select * from aly_test order by id]===
dble:[()]
===file:transaction/t_langues.sql, id:470, sql:[update aly_test set pad=10]===
dble:[[]]
===file:transaction/t_langues.sql, id:471, sql:[rollback]===
dble:[[]]
===file:transaction/t_langues.sql, id:472, sql:[select * from aly_test order by id]===
dble:[()]
===file:transaction/t_langues.sql, id:473, sql:[set @@session.autocommit=1]===
dble:[[]]
===file:transaction/t_langues.sql, id:476, sql:[delete from aly_test]===
dble:[[]]
===file:transaction/t_langues.sql, id:477, sql:[set @@session.autocommit=0]===
dble:[[]]
===file:transaction/t_langues.sql, id:478, sql:[select * from aly_test order by id]===
dble:[()]
===file:transaction/t_langues.sql, id:479, sql:[insert into aly_test values(1,1,1,1),(2,2,2,2),(3,3,3,3),(4,4,4,4)]===
dble:[[]]
===file:transaction/t_langues.sql, id:480, sql:[select * from aly_test order by id]===
dble:[((1L, 1L, '1', 1L), (2L, 2L, '2', 2L), (3L, 3L, '3', 3L), (4L, 4L, '4', 4L))]
===file:transaction/t_langues.sql, id:481, sql:[commit]===
dble:[[]]
===file:transaction/t_langues.sql, id:482, sql:[select * from aly_test order by id]===
dble:[((1L, 1L, '1', 1L), (2L, 2L, '2', 2L), (3L, 3L, '3', 3L), (4L, 4L, '4', 4L))]
===file:transaction/t_langues.sql, id:483, sql:[update aly_test set pad=10]===
dble:[[]]
===file:transaction/t_langues.sql, id:484, sql:[rollback]===
dble:[[]]
===file:transaction/t_langues.sql, id:485, sql:[select * from aly_test order by id]===
dble:[((1L, 1L, '1', 1L), (2L, 2L, '2', 2L), (3L, 3L, '3', 3L), (4L, 4L, '4', 4L))]
===file:transaction/t_langues.sql, id:486, sql:[set @@session.autocommit=1]===
dble:[[]]
===file:transaction/t_langues.sql, id:489, sql:[delete from aly_test]===
dble:[[]]
===file:transaction/t_langues.sql, id:490, sql:[set @@session.autocommit=0]===
dble:[[]]
===file:transaction/t_langues.sql, id:491, sql:[select * from aly_test order by id]===
dble:[()]
===file:transaction/t_langues.sql, id:492, sql:[insert into aly_test values(1,1,1,1),(2,2,2,2),(3,3,3,3),(4,4,4,4)]===
dble:[[]]
===file:transaction/t_langues.sql, id:493, sql:[select * from aly_test order by id]===
dble:[((1L, 1L, '1', 1L), (2L, 2L, '2', 2L), (3L, 3L, '3', 3L), (4L, 4L, '4', 4L))]
===file:transaction/t_langues.sql, id:494, sql:[rollback]===
dble:[[]]
===file:transaction/t_langues.sql, id:495, sql:[select * from aly_test order by id]===
dble:[()]
===file:transaction/t_langues.sql, id:496, sql:[update aly_test set pad=10]===
dble:[[]]
===file:transaction/t_langues.sql, id:497, sql:[rollback]===
dble:[[]]
===file:transaction/t_langues.sql, id:498, sql:[select * from aly_test order by id]===
dble:[()]
===file:transaction/t_langues.sql, id:499, sql:[set @@session.autocommit=1]===
dble:[[]]
===file:transaction/t_langues.sql, id:502, sql:[delete from aly_test]===
dble:[[]]
===file:transaction/t_langues.sql, id:504, sql:[select * from aly_test order by id]===
dble:[()]
===file:transaction/t_langues.sql, id:505, sql:[insert into aly_test values(1,1,1,1)]===
dble:[[]]
===file:transaction/t_langues.sql, id:507, sql:[SET @@session.autocommit = ON]===
dble:[[]]
===file:transaction/t_langues.sql, id:510, sql:[insert into aly_test values(5,5,5,5)]===
dble:[[]]
===file:transaction/t_langues.sql, id:512, sql:[commit]===
dble:[[]]
===file:transaction/t_langues.sql, id:513, sql:[update aly_test set pad=10 where id =1]===
dble:[[]]
===file:transaction/t_langues.sql, id:516, sql:[commit]===
dble:[[]]
===file:transaction/t_langues.sql, id:520, sql:[delete from aly_test]===
dble:[[]]
===file:transaction/t_langues.sql, id:522, sql:[select * from aly_test order by id]===
dble:[()]
===file:transaction/t_langues.sql, id:523, sql:[insert into aly_test values(1,1,1,1)]===
dble:[[]]
===file:transaction/t_langues.sql, id:527, sql:[insert into aly_test values(5,5,5,5)]===
dble:[[]]
===file:transaction/t_langues.sql, id:529, sql:[rollback]===
dble:[[]]
===file:transaction/t_langues.sql, id:531, sql:[select * from aly_test order by id]===
dble:[((1L, 1L, '1', 1L), (5L, 5L, '5', 5L))]
===file:transaction/t_langues.sql, id:533, sql:[commit]===
dble:[[]]
===file:transaction/t_langues.sql, id:534, sql:[select * from aly_test order by id]===
dble:[((1L, 1L, '1', 1L), (5L, 5L, '5', 5L))]
===file:transaction/t_langues.sql, id:537, sql:[delete from aly_test]===
dble:[[]]
===file:transaction/t_langues.sql, id:539, sql:[select * from aly_test order by id]===
dble:[()]
===file:transaction/t_langues.sql, id:540, sql:[insert into aly_test values(1,1,1,1),(2,2,2,2)]===
dble:[[]]
===file:transaction/t_langues.sql, id:544, sql:[insert into aly_test values(5,5,5,5),(6,6,6,6)]===
dble:[[]]
===file:transaction/t_langues.sql, id:546, sql:[commit]===
dble:[[]]
===file:transaction/t_langues.sql, id:547, sql:[update aly_test set pad=10 where id =1]===
dble:[[]]
===file:transaction/t_langues.sql, id:550, sql:[commit]===
dble:[[]]
===file:transaction/t_langues.sql, id:554, sql:[delete from aly_test]===
dble:[[]]
===file:transaction/t_langues.sql, id:556, sql:[select * from aly_test order by id]===
dble:[()]
===file:transaction/t_langues.sql, id:557, sql:[insert into aly_test values(1,1,1,1),(2,2,2,2)]===
dble:[[]]
===file:transaction/t_langues.sql, id:561, sql:[insert into aly_test values(5,5,5,5),(6,6,6,6)]===
dble:[[]]
===file:transaction/t_langues.sql, id:563, sql:[rollback]===
dble:[[]]
===file:transaction/t_langues.sql, id:567, sql:[commit]===
dble:[[]]
===file:transaction/t_langues.sql, id:571, sql:[delete from aly_test]===
dble:[[]]
===file:transaction/t_langues.sql, id:573, sql:[select * from aly_test order by id]===
dble:[()]
===file:transaction/t_langues.sql, id:574, sql:[insert into aly_test values(1,1,1,1),(2,2,2,2),(3,3,3,3)]===
dble:[[]]
===file:transaction/t_langues.sql, id:578, sql:[insert into aly_test values(5,5,5,5),(6,6,6,6),(7,7,7,7)]===
dble:[[]]
===file:transaction/t_langues.sql, id:580, sql:[commit]===
dble:[[]]
===file:transaction/t_langues.sql, id:581, sql:[update aly_test set pad=10 where id =1]===
dble:[[]]
===file:transaction/t_langues.sql, id:584, sql:[commit]===
dble:[[]]
===file:transaction/t_langues.sql, id:588, sql:[delete from aly_test]===
dble:[[]]
===file:transaction/t_langues.sql, id:590, sql:[select * from aly_test order by id]===
dble:[()]
===file:transaction/t_langues.sql, id:591, sql:[insert into aly_test values(1,1,1,1),(2,2,2,2),(3,3,3,3)]===
dble:[[]]
===file:transaction/t_langues.sql, id:595, sql:[insert into aly_test values(5,5,5,5),(6,6,6,6),(7,7,7,7)]===
dble:[[]]
===file:transaction/t_langues.sql, id:597, sql:[rollback]===
dble:[[]]
===file:transaction/t_langues.sql, id:601, sql:[commit]===
dble:[[]]
===file:transaction/t_langues.sql, id:605, sql:[delete from aly_test]===
dble:[[]]
===file:transaction/t_langues.sql, id:607, sql:[select * from aly_test order by id]===
dble:[()]
===file:transaction/t_langues.sql, id:608, sql:[insert into aly_test values(1,1,1,1),(2,2,2,2),(3,3,3,3),(4,4,4,4)]===
dble:[[]]
===file:transaction/t_langues.sql, id:612, sql:[insert into aly_test values(5,5,5,5),(6,6,6,6),(7,7,7,7),(8,8,8,8)]===
dble:[[]]
===file:transaction/t_langues.sql, id:614, sql:[commit]===
dble:[[]]
===file:transaction/t_langues.sql, id:615, sql:[update aly_test set pad=10 where id =1]===
dble:[[]]
===file:transaction/t_langues.sql, id:618, sql:[commit]===
dble:[[]]
===file:transaction/t_langues.sql, id:622, sql:[delete from aly_test]===
dble:[[]]
===file:transaction/t_langues.sql, id:624, sql:[select * from aly_test order by id]===
dble:[()]
===file:transaction/t_langues.sql, id:625, sql:[insert into aly_test values(1,1,1,1),(2,2,2,2),(3,3,3,3),(4,4,4,4)]===
dble:[[]]
===file:transaction/t_langues.sql, id:629, sql:[insert into aly_test values(5,5,5,5),(6,6,6,6),(7,7,7,7),(8,8,8,8)]===
dble:[[]]
===file:transaction/t_langues.sql, id:631, sql:[rollback]===
dble:[[]]
===file:transaction/t_langues.sql, id:635, sql:[commit]===
dble:[[]]
