===file:transaction/t_langues.sql, id:103, sql:[begin work]===
dble:[None]
mysql:[()]
[06:03:10.255618]dble err :(1064, 'TODO : IDENTIFIER work')
===file:transaction/t_langues.sql, id:115, sql:[begin work]===
dble:[None]
mysql:[()]
[06:03:11.372685]dble err :(1064, 'TODO : IDENTIFIER work')
===file:transaction/t_langues.sql, id:120, sql:[select * from sbtest1 order by id]===
dble:[((1L, 1L, '1', 1L),)]
mysql:[()]
===file:transaction/t_langues.sql, id:123, sql:[select * from sbtest1 order by id]===
dble:[((1L, 1L, '1', 10L),)]
mysql:[()]
===file:transaction/t_langues.sql, id:127, sql:[begin work]===
dble:[None]
mysql:[()]
[06:03:12.505227]dble err :(1064, 'TODO : IDENTIFIER work')
===file:transaction/t_langues.sql, id:139, sql:[begin work]===
dble:[None]
mysql:[()]
[06:03:13.622156]dble err :(1064, 'TODO : IDENTIFIER work')
===file:transaction/t_langues.sql, id:144, sql:[select * from sbtest1 order by id]===
dble:[((1L, 1L, '1', 1L), (2L, 2L, '2', 2L))]
mysql:[()]
===file:transaction/t_langues.sql, id:147, sql:[select * from sbtest1 order by id]===
dble:[((1L, 1L, '1', 10L), (2L, 2L, '2', 10L))]
mysql:[()]
===file:transaction/t_langues.sql, id:151, sql:[begin work]===
dble:[None]
mysql:[()]
[06:03:14.692033]dble err :(1064, 'TODO : IDENTIFIER work')
===file:transaction/t_langues.sql, id:163, sql:[begin work]===
dble:[None]
mysql:[()]
[06:03:15.751291]dble err :(1064, 'TODO : IDENTIFIER work')
===file:transaction/t_langues.sql, id:168, sql:[select * from sbtest1 order by id]===
dble:[((1L, 1L, '1', 1L), (2L, 2L, '2', 2L), (3L, 3L, '3', 3L))]
mysql:[()]
===file:transaction/t_langues.sql, id:171, sql:[select * from sbtest1 order by id]===
dble:[((1L, 1L, '1', 10L), (2L, 2L, '2', 10L), (3L, 3L, '3', 10L))]
mysql:[()]
===file:transaction/t_langues.sql, id:175, sql:[begin work]===
dble:[None]
mysql:[()]
[06:03:16.874616]dble err :(1064, 'TODO : IDENTIFIER work')
===file:transaction/t_langues.sql, id:187, sql:[begin work]===
dble:[None]
mysql:[()]
[06:03:17.949698]dble err :(1064, 'TODO : IDENTIFIER work')
===file:transaction/t_langues.sql, id:192, sql:[select * from sbtest1 order by id]===
dble:[((1L, 1L, '1', 1L), (2L, 2L, '2', 2L), (3L, 3L, '3', 3L), (4L, 4L, '4', 4L))]
mysql:[()]
===file:transaction/t_langues.sql, id:195, sql:[select * from sbtest1 order by id]===
dble:[((1L, 1L, '1', 10L), (2L, 2L, '2', 10L), (3L, 3L, '3', 10L), (4L, 4L, '4', 10L))]
mysql:[()]
===file:transaction/t_langues.sql, id:503, sql:[start transaction read write]===
dble:[None]
mysql:[()]
[06:03:51.242096]dble err :(1003, 'Unsupported statement')
===file:transaction/t_langues.sql, id:508, sql:[start transaction read write]===
dble:[None]
mysql:[()]
[06:03:51.694911]dble err :(1003, 'Unsupported statement')
===file:transaction/t_langues.sql, id:509, sql:[select * from sbtest1 order by id]===
dble:[((1L, 1L, '1', 1L),)]
mysql:[()]
===file:transaction/t_langues.sql, id:514, sql:[select * from sbtest1 order by id]===
dble:[((1L, 1L, '1', 10L), (5L, 5L, '5', 5L))]
mysql:[((5L, 5L, '5', 5L),)]
===file:transaction/t_langues.sql, id:517, sql:[select * from sbtest1 order by id]===
dble:[((1L, 1L, '1', 10L), (5L, 5L, '5', 5L))]
mysql:[((5L, 5L, '5', 5L),)]
===file:transaction/t_langues.sql, id:521, sql:[start transaction read write]===
dble:[None]
mysql:[()]
[06:03:52.644677]dble err :(1003, 'Unsupported statement')
===file:transaction/t_langues.sql, id:525, sql:[start transaction read write]===
dble:[None]
mysql:[()]
[06:03:52.976055]dble err :(1003, 'Unsupported statement')
===file:transaction/t_langues.sql, id:526, sql:[select * from sbtest1 order by id]===
dble:[((1L, 1L, '1', 1L),)]
mysql:[()]
===file:transaction/t_langues.sql, id:530, sql:[insert into sbtest1 values(1,1,1,1)]===
dble:[None]
mysql:[()]
[06:03:53.439936]dble err :(1062, "Duplicate entry '1' for key 'PRIMARY'")
===file:transaction/t_langues.sql, id:538, sql:[start transaction read write]===
dble:[None]
mysql:[()]
[06:03:53.988701]dble err :(1003, 'Unsupported statement')
===file:transaction/t_langues.sql, id:542, sql:[start transaction read write]===
dble:[None]
mysql:[()]
[06:03:54.324415]dble err :(1003, 'Unsupported statement')
===file:transaction/t_langues.sql, id:543, sql:[select * from sbtest1 order by id]===
dble:[((1L, 1L, '1', 1L), (2L, 2L, '2', 2L))]
mysql:[()]
===file:transaction/t_langues.sql, id:548, sql:[select * from sbtest1 order by id]===
dble:[((1L, 1L, '1', 10L), (2L, 2L, '2', 2L), (5L, 5L, '5', 5L), (6L, 6L, '6', 6L))]
mysql:[((5L, 5L, '5', 5L), (6L, 6L, '6', 6L))]
===file:transaction/t_langues.sql, id:551, sql:[select * from sbtest1 order by id]===
dble:[((1L, 1L, '1', 10L), (2L, 2L, '2', 2L), (5L, 5L, '5', 5L), (6L, 6L, '6', 6L))]
mysql:[((5L, 5L, '5', 5L), (6L, 6L, '6', 6L))]
===file:transaction/t_langues.sql, id:555, sql:[start transaction read write]===
dble:[None]
mysql:[()]
[06:03:55.276568]dble err :(1003, 'Unsupported statement')
===file:transaction/t_langues.sql, id:559, sql:[start transaction read write]===
dble:[None]
mysql:[()]
[06:03:55.604283]dble err :(1003, 'Unsupported statement')
===file:transaction/t_langues.sql, id:560, sql:[select * from sbtest1 order by id]===
dble:[((1L, 1L, '1', 1L), (2L, 2L, '2', 2L))]
mysql:[()]
===file:transaction/t_langues.sql, id:564, sql:[insert into sbtest1 values(1,1,1,1)]===
dble:[None]
mysql:[()]
[06:03:56.036147]dble err :(1062, "Duplicate entry '1' for key 'PRIMARY'")
===file:transaction/t_langues.sql, id:565, sql:[select * from sbtest1 order by id]===
dble:[((1L, 1L, '1', 1L), (2L, 2L, '2', 2L), (5L, 5L, '5', 5L), (6L, 6L, '6', 6L))]
mysql:[((1L, 1L, '1', 1L), (5L, 5L, '5', 5L), (6L, 6L, '6', 6L))]
===file:transaction/t_langues.sql, id:568, sql:[select * from sbtest1 order by id]===
dble:[((1L, 1L, '1', 1L), (2L, 2L, '2', 2L), (5L, 5L, '5', 5L), (6L, 6L, '6', 6L))]
mysql:[((1L, 1L, '1', 1L), (5L, 5L, '5', 5L), (6L, 6L, '6', 6L))]
===file:transaction/t_langues.sql, id:572, sql:[start transaction read write]===
dble:[None]
mysql:[()]
[06:03:56.581859]dble err :(1003, 'Unsupported statement')
===file:transaction/t_langues.sql, id:576, sql:[start transaction read write]===
dble:[None]
mysql:[()]
[06:03:56.931090]dble err :(1003, 'Unsupported statement')
===file:transaction/t_langues.sql, id:577, sql:[select * from sbtest1 order by id]===
dble:[((1L, 1L, '1', 1L), (2L, 2L, '2', 2L), (3L, 3L, '3', 3L))]
mysql:[()]
===file:transaction/t_langues.sql, id:582, sql:[select * from sbtest1 order by id]===
dble:[((1L, 1L, '1', 10L), (2L, 2L, '2', 2L), (3L, 3L, '3', 3L), (5L, 5L, '5', 5L), (6L, 6L, '6', 6L), (7L, 7L, '7', 7L))]
mysql:[((5L, 5L, '5', 5L), (6L, 6L, '6', 6L), (7L, 7L, '7', 7L))]
===file:transaction/t_langues.sql, id:585, sql:[select * from sbtest1 order by id]===
dble:[((1L, 1L, '1', 10L), (2L, 2L, '2', 2L), (3L, 3L, '3', 3L), (5L, 5L, '5', 5L), (6L, 6L, '6', 6L), (7L, 7L, '7', 7L))]
mysql:[((5L, 5L, '5', 5L), (6L, 6L, '6', 6L), (7L, 7L, '7', 7L))]
===file:transaction/t_langues.sql, id:589, sql:[start transaction read write]===
dble:[None]
mysql:[()]
[06:03:57.903030]dble err :(1003, 'Unsupported statement')
===file:transaction/t_langues.sql, id:593, sql:[start transaction read write]===
dble:[None]
mysql:[()]
[06:03:58.239576]dble err :(1003, 'Unsupported statement')
===file:transaction/t_langues.sql, id:594, sql:[select * from sbtest1 order by id]===
dble:[((1L, 1L, '1', 1L), (2L, 2L, '2', 2L), (3L, 3L, '3', 3L))]
mysql:[()]
===file:transaction/t_langues.sql, id:598, sql:[insert into sbtest1 values(1,1,1,1)]===
dble:[None]
mysql:[()]
[06:03:58.666441]dble err :(1062, "Duplicate entry '1' for key 'PRIMARY'")
===file:transaction/t_langues.sql, id:599, sql:[select * from sbtest1 order by id]===
dble:[((1L, 1L, '1', 1L), (2L, 2L, '2', 2L), (3L, 3L, '3', 3L), (5L, 5L, '5', 5L), (6L, 6L, '6', 6L), (7L, 7L, '7', 7L))]
mysql:[((1L, 1L, '1', 1L), (5L, 5L, '5', 5L), (6L, 6L, '6', 6L), (7L, 7L, '7', 7L))]
===file:transaction/t_langues.sql, id:602, sql:[select * from sbtest1 order by id]===
dble:[((1L, 1L, '1', 1L), (2L, 2L, '2', 2L), (3L, 3L, '3', 3L), (5L, 5L, '5', 5L), (6L, 6L, '6', 6L), (7L, 7L, '7', 7L))]
mysql:[((1L, 1L, '1', 1L), (5L, 5L, '5', 5L), (6L, 6L, '6', 6L), (7L, 7L, '7', 7L))]
===file:transaction/t_langues.sql, id:606, sql:[start transaction read write]===
dble:[None]
mysql:[()]
[06:03:59.201905]dble err :(1003, 'Unsupported statement')
===file:transaction/t_langues.sql, id:610, sql:[start transaction read write]===
dble:[None]
mysql:[()]
[06:03:59.538951]dble err :(1003, 'Unsupported statement')
===file:transaction/t_langues.sql, id:611, sql:[select * from sbtest1 order by id]===
dble:[((1L, 1L, '1', 1L), (2L, 2L, '2', 2L), (3L, 3L, '3', 3L), (4L, 4L, '4', 4L))]
mysql:[()]
===file:transaction/t_langues.sql, id:616, sql:[select * from sbtest1 order by id]===
dble:[((1L, 1L, '1', 10L), (2L, 2L, '2', 2L), (3L, 3L, '3', 3L), (4L, 4L, '4', 4L), (5L, 5L, '5', 5L), (6L, 6L, '6', 6L), (7L, 7L, '7', 7L), (8L, 8L, '8', 8L))]
mysql:[((5L, 5L, '5', 5L), (6L, 6L, '6', 6L), (7L, 7L, '7', 7L), (8L, 8L, '8', 8L))]
===file:transaction/t_langues.sql, id:619, sql:[select * from sbtest1 order by id]===
dble:[((1L, 1L, '1', 10L), (2L, 2L, '2', 2L), (3L, 3L, '3', 3L), (4L, 4L, '4', 4L), (5L, 5L, '5', 5L), (6L, 6L, '6', 6L), (7L, 7L, '7', 7L), (8L, 8L, '8', 8L))]
mysql:[((5L, 5L, '5', 5L), (6L, 6L, '6', 6L), (7L, 7L, '7', 7L), (8L, 8L, '8', 8L))]
===file:transaction/t_langues.sql, id:623, sql:[start transaction read write]===
dble:[None]
mysql:[()]
[06:04:00.461088]dble err :(1003, 'Unsupported statement')
===file:transaction/t_langues.sql, id:627, sql:[start transaction read write]===
dble:[None]
mysql:[()]
[06:04:00.795518]dble err :(1003, 'Unsupported statement')
===file:transaction/t_langues.sql, id:628, sql:[select * from sbtest1 order by id]===
dble:[((1L, 1L, '1', 1L), (2L, 2L, '2', 2L), (3L, 3L, '3', 3L), (4L, 4L, '4', 4L))]
mysql:[()]
===file:transaction/t_langues.sql, id:632, sql:[insert into sbtest1 values(1,1,1,1)]===
dble:[None]
mysql:[()]
[06:04:01.225600]dble err :(1062, "Duplicate entry '1' for key 'PRIMARY'")
===file:transaction/t_langues.sql, id:633, sql:[select * from sbtest1 order by id]===
dble:[((1L, 1L, '1', 1L), (2L, 2L, '2', 2L), (3L, 3L, '3', 3L), (4L, 4L, '4', 4L), (5L, 5L, '5', 5L), (6L, 6L, '6', 6L), (7L, 7L, '7', 7L), (8L, 8L, '8', 8L))]
mysql:[((1L, 1L, '1', 1L), (5L, 5L, '5', 5L), (6L, 6L, '6', 6L), (7L, 7L, '7', 7L), (8L, 8L, '8', 8L))]
===file:transaction/t_langues.sql, id:636, sql:[select * from sbtest1 order by id]===
dble:[((1L, 1L, '1', 1L), (2L, 2L, '2', 2L), (3L, 3L, '3', 3L), (4L, 4L, '4', 4L), (5L, 5L, '5', 5L), (6L, 6L, '6', 6L), (7L, 7L, '7', 7L), (8L, 8L, '8', 8L))]
mysql:[((1L, 1L, '1', 1L), (5L, 5L, '5', 5L), (6L, 6L, '6', 6L), (7L, 7L, '7', 7L), (8L, 8L, '8', 8L))]
