===file:transaction/transaction.sql, id:1, sql:[drop table if exists test_shard]===
dble:[[]]
===file:transaction/transaction.sql, id:2, sql:[CREATE TABLE test_shard(`id` int(10) unsigned NOT NULL,`k` int(10) unsigned NOT NULL DEFAULT '0',`c` char(120) NOT NULL DEFAULT '',`pad` int(11) NOT NULL,PRIMARY KEY (`id`),UNIQUE KEY (`k`))]===
dble:[[]]
===file:transaction/transaction.sql, id:5, sql:[SET @@session.autocommit = ON]===
dble:[[]]
===file:transaction/transaction.sql, id:6, sql:[delete from test_shard]===
dble:[[]]
===file:transaction/transaction.sql, id:7, sql:[set session transaction isolation level REPEATABLE READ]===
dble:[[]]
===file:transaction/transaction.sql, id:8, sql:[begin]===
dble:[[]]
===file:transaction/transaction.sql, id:9, sql:[select * from test_shard]===
dble:[[]]
===file:transaction/transaction.sql, id:11, sql:[SET @@session.autocommit = ON]===
dble:[[]]
===file:transaction/transaction.sql, id:12, sql:[set session transaction isolation level REPEATABLE READ]===
dble:[[]]
===file:transaction/transaction.sql, id:13, sql:[begin]===
dble:[[]]
===file:transaction/transaction.sql, id:14, sql:[insert into test_shard values(1,1,1,1)]===
dble:[[]]
===file:transaction/transaction.sql, id:15, sql:[select * from test_shard]===
dble:[[(1L, 1L, '1', 1L)]]
===file:transaction/transaction.sql, id:17, sql:[select * from test_shard]===
dble:[[]]
===file:transaction/transaction.sql, id:19, sql:[commit]===
dble:[[]]
===file:transaction/transaction.sql, id:21, sql:[select * from test_shard]===
dble:[[]]
===file:transaction/transaction.sql, id:22, sql:[commit]===
dble:[[]]
===file:transaction/transaction.sql, id:23, sql:[select * from test_shard]===
dble:[[(1L, 1L, '1', 1L)]]
===file:transaction/transaction.sql, id:26, sql:[delete from test_shard]===
dble:[[]]
===file:transaction/transaction.sql, id:27, sql:[set session transaction isolation level REPEATABLE READ]===
dble:[[]]
===file:transaction/transaction.sql, id:28, sql:[begin]===
dble:[[]]
===file:transaction/transaction.sql, id:29, sql:[select * from test_shard]===
dble:[[]]
===file:transaction/transaction.sql, id:31, sql:[set session transaction isolation level REPEATABLE READ]===
dble:[[]]
===file:transaction/transaction.sql, id:32, sql:[begin]===
dble:[[]]
===file:transaction/transaction.sql, id:33, sql:[insert into test_shard values(1,1,1,1)]===
dble:[[]]
===file:transaction/transaction.sql, id:34, sql:[select * from test_shard]===
dble:[[(1L, 1L, '1', 1L)]]
===file:transaction/transaction.sql, id:36, sql:[select * from test_shard]===
dble:[[]]
===file:transaction/transaction.sql, id:38, sql:[rollback]===
dble:[[]]
===file:transaction/transaction.sql, id:40, sql:[select * from test_shard]===
dble:[[]]
===file:transaction/transaction.sql, id:41, sql:[commit]===
dble:[[]]
===file:transaction/transaction.sql, id:42, sql:[select * from test_shard]===
dble:[[]]
===file:transaction/transaction.sql, id:45, sql:[delete from test_shard]===
dble:[[]]
===file:transaction/transaction.sql, id:46, sql:[set session transaction isolation level REPEATABLE READ]===
dble:[[]]
===file:transaction/transaction.sql, id:47, sql:[begin]===
dble:[[]]
===file:transaction/transaction.sql, id:48, sql:[select * from test_shard]===
dble:[[]]
===file:transaction/transaction.sql, id:50, sql:[set session transaction isolation level REPEATABLE READ]===
dble:[[]]
===file:transaction/transaction.sql, id:51, sql:[begin]===
dble:[[]]
===file:transaction/transaction.sql, id:52, sql:[insert into test_shard values(1,1,1,1),(2,2,2,2)]===
dble:[[]]
===file:transaction/transaction.sql, id:53, sql:[select * from test_shard order by id]===
dble:[((1L, 1L, '1', 1L), (2L, 2L, '2', 2L))]
===file:transaction/transaction.sql, id:55, sql:[select * from test_shard]===
dble:[[]]
===file:transaction/transaction.sql, id:57, sql:[commit]===
dble:[[]]
===file:transaction/transaction.sql, id:59, sql:[select * from test_shard]===
dble:[[]]
===file:transaction/transaction.sql, id:60, sql:[commit]===
dble:[[]]
===file:transaction/transaction.sql, id:61, sql:[select * from test_shard order by id]===
dble:[((1L, 1L, '1', 1L), (2L, 2L, '2', 2L))]
===file:transaction/transaction.sql, id:64, sql:[delete from test_shard]===
dble:[[]]
===file:transaction/transaction.sql, id:65, sql:[set session transaction isolation level REPEATABLE READ]===
dble:[[]]
===file:transaction/transaction.sql, id:66, sql:[begin]===
dble:[[]]
===file:transaction/transaction.sql, id:67, sql:[select * from test_shard order by id]===
dble:[()]
===file:transaction/transaction.sql, id:69, sql:[set session transaction isolation level REPEATABLE READ]===
dble:[[]]
===file:transaction/transaction.sql, id:70, sql:[begin]===
dble:[[]]
===file:transaction/transaction.sql, id:71, sql:[insert into test_shard values(1,1,1,1),(2,2,2,2)]===
dble:[[]]
===file:transaction/transaction.sql, id:72, sql:[select * from test_shard order by id]===
dble:[((1L, 1L, '1', 1L), (2L, 2L, '2', 2L))]
===file:transaction/transaction.sql, id:74, sql:[select * from test_shard order by id]===
dble:[()]
===file:transaction/transaction.sql, id:76, sql:[rollback]===
dble:[[]]
===file:transaction/transaction.sql, id:78, sql:[select * from test_shard order by id]===
dble:[()]
===file:transaction/transaction.sql, id:79, sql:[commit]===
dble:[[]]
===file:transaction/transaction.sql, id:80, sql:[select * from test_shard order by id]===
dble:[()]
===file:transaction/transaction.sql, id:83, sql:[delete from test_shard]===
dble:[[]]
===file:transaction/transaction.sql, id:84, sql:[set session transaction isolation level REPEATABLE READ]===
dble:[[]]
===file:transaction/transaction.sql, id:85, sql:[begin]===
dble:[[]]
===file:transaction/transaction.sql, id:86, sql:[select * from test_shard order by id]===
dble:[()]
===file:transaction/transaction.sql, id:88, sql:[set session transaction isolation level REPEATABLE READ]===
dble:[[]]
===file:transaction/transaction.sql, id:89, sql:[begin]===
dble:[[]]
===file:transaction/transaction.sql, id:90, sql:[insert into test_shard values(1,1,1,1),(2,2,2,2),(3,3,3,3)]===
dble:[[]]
===file:transaction/transaction.sql, id:91, sql:[select * from test_shard order by id]===
dble:[((1L, 1L, '1', 1L), (2L, 2L, '2', 2L), (3L, 3L, '3', 3L))]
===file:transaction/transaction.sql, id:93, sql:[select * from test_shard order by id]===
dble:[()]
===file:transaction/transaction.sql, id:95, sql:[commit]===
dble:[[]]
===file:transaction/transaction.sql, id:97, sql:[select * from test_shard order by id]===
dble:[()]
===file:transaction/transaction.sql, id:98, sql:[commit]===
dble:[[]]
===file:transaction/transaction.sql, id:99, sql:[select * from test_shard order by id]===
dble:[((1L, 1L, '1', 1L), (2L, 2L, '2', 2L), (3L, 3L, '3', 3L))]
===file:transaction/transaction.sql, id:102, sql:[delete from test_shard]===
dble:[[]]
===file:transaction/transaction.sql, id:103, sql:[set session transaction isolation level REPEATABLE READ]===
dble:[[]]
===file:transaction/transaction.sql, id:104, sql:[begin]===
dble:[[]]
===file:transaction/transaction.sql, id:105, sql:[select * from test_shard order by id]===
dble:[()]
===file:transaction/transaction.sql, id:107, sql:[set session transaction isolation level REPEATABLE READ]===
dble:[[]]
===file:transaction/transaction.sql, id:108, sql:[begin]===
dble:[[]]
===file:transaction/transaction.sql, id:109, sql:[insert into test_shard values(1,1,1,1),(2,2,2,2),(3,3,3,3)]===
dble:[[]]
===file:transaction/transaction.sql, id:110, sql:[select * from test_shard order by id]===
dble:[((1L, 1L, '1', 1L), (2L, 2L, '2', 2L), (3L, 3L, '3', 3L))]
===file:transaction/transaction.sql, id:112, sql:[select * from test_shard order by id]===
dble:[()]
===file:transaction/transaction.sql, id:114, sql:[rollback]===
dble:[[]]
===file:transaction/transaction.sql, id:116, sql:[select * from test_shard order by id]===
dble:[()]
===file:transaction/transaction.sql, id:117, sql:[commit]===
dble:[[]]
===file:transaction/transaction.sql, id:118, sql:[select * from test_shard order by id]===
dble:[()]
===file:transaction/transaction.sql, id:121, sql:[delete from test_shard]===
dble:[[]]
===file:transaction/transaction.sql, id:122, sql:[set session transaction isolation level REPEATABLE READ]===
dble:[[]]
===file:transaction/transaction.sql, id:123, sql:[begin]===
dble:[[]]
===file:transaction/transaction.sql, id:124, sql:[select * from test_shard order by id]===
dble:[()]
===file:transaction/transaction.sql, id:126, sql:[set session transaction isolation level REPEATABLE READ]===
dble:[[]]
===file:transaction/transaction.sql, id:127, sql:[begin]===
dble:[[]]
===file:transaction/transaction.sql, id:128, sql:[insert into test_shard values(1,1,1,1),(2,2,2,2),(3,3,3,3),(4,4,4,4)]===
dble:[[]]
===file:transaction/transaction.sql, id:129, sql:[select * from test_shard order by id]===
dble:[((1L, 1L, '1', 1L), (2L, 2L, '2', 2L), (3L, 3L, '3', 3L), (4L, 4L, '4', 4L))]
===file:transaction/transaction.sql, id:131, sql:[select * from test_shard order by id]===
dble:[()]
===file:transaction/transaction.sql, id:133, sql:[commit]===
dble:[[]]
===file:transaction/transaction.sql, id:135, sql:[select * from test_shard order by id]===
dble:[()]
===file:transaction/transaction.sql, id:136, sql:[commit]===
dble:[[]]
===file:transaction/transaction.sql, id:137, sql:[select * from test_shard order by id]===
dble:[((1L, 1L, '1', 1L), (2L, 2L, '2', 2L), (3L, 3L, '3', 3L), (4L, 4L, '4', 4L))]
===file:transaction/transaction.sql, id:140, sql:[delete from test_shard]===
dble:[[]]
===file:transaction/transaction.sql, id:141, sql:[set session transaction isolation level REPEATABLE READ]===
dble:[[]]
===file:transaction/transaction.sql, id:142, sql:[begin]===
dble:[[]]
===file:transaction/transaction.sql, id:143, sql:[select * from test_shard order by id]===
dble:[()]
===file:transaction/transaction.sql, id:145, sql:[set session transaction isolation level REPEATABLE READ]===
dble:[[]]
===file:transaction/transaction.sql, id:146, sql:[begin]===
dble:[[]]
===file:transaction/transaction.sql, id:147, sql:[insert into test_shard values(1,1,1,1),(2,2,2,2),(3,3,3,3),(4,4,4,4)]===
dble:[[]]
===file:transaction/transaction.sql, id:148, sql:[select * from test_shard order by id]===
dble:[((1L, 1L, '1', 1L), (2L, 2L, '2', 2L), (3L, 3L, '3', 3L), (4L, 4L, '4', 4L))]
===file:transaction/transaction.sql, id:150, sql:[select * from test_shard order by id]===
dble:[()]
===file:transaction/transaction.sql, id:152, sql:[rollback]===
dble:[[]]
===file:transaction/transaction.sql, id:154, sql:[select * from test_shard order by id]===
dble:[()]
===file:transaction/transaction.sql, id:155, sql:[commit]===
dble:[[]]
===file:transaction/transaction.sql, id:156, sql:[select * from test_shard order by id]===
dble:[()]
===file:transaction/transaction.sql, id:159, sql:[delete from test_shard]===
dble:[[]]
===file:transaction/transaction.sql, id:160, sql:[set session transaction isolation level READ COMMITTED]===
dble:[[]]
===file:transaction/transaction.sql, id:161, sql:[begin]===
dble:[[]]
===file:transaction/transaction.sql, id:162, sql:[select * from test_shard order by id]===
dble:[()]
===file:transaction/transaction.sql, id:164, sql:[set session transaction isolation level READ COMMITTED]===
dble:[[]]
===file:transaction/transaction.sql, id:165, sql:[begin]===
dble:[[]]
===file:transaction/transaction.sql, id:166, sql:[insert into test_shard values(1,1,1,1)]===
dble:[[]]
===file:transaction/transaction.sql, id:167, sql:[select * from test_shard order by id]===
dble:[((1L, 1L, '1', 1L),)]
===file:transaction/transaction.sql, id:169, sql:[select * from test_shard order by id]===
dble:[()]
===file:transaction/transaction.sql, id:171, sql:[commit]===
dble:[[]]
===file:transaction/transaction.sql, id:173, sql:[select * from test_shard order by id]===
dble:[((1L, 1L, '1', 1L),)]
===file:transaction/transaction.sql, id:174, sql:[commit]===
dble:[[]]
===file:transaction/transaction.sql, id:175, sql:[select * from test_shard order by id]===
dble:[((1L, 1L, '1', 1L),)]
===file:transaction/transaction.sql, id:178, sql:[delete from test_shard]===
dble:[[]]
===file:transaction/transaction.sql, id:179, sql:[set session transaction isolation level READ COMMITTED]===
dble:[[]]
===file:transaction/transaction.sql, id:180, sql:[begin]===
dble:[[]]
===file:transaction/transaction.sql, id:181, sql:[select * from test_shard order by id]===
dble:[()]
===file:transaction/transaction.sql, id:183, sql:[set session transaction isolation level READ COMMITTED]===
dble:[[]]
===file:transaction/transaction.sql, id:184, sql:[begin]===
dble:[[]]
===file:transaction/transaction.sql, id:185, sql:[insert into test_shard values(1,1,1,1)]===
dble:[[]]
===file:transaction/transaction.sql, id:186, sql:[select * from test_shard order by id]===
dble:[((1L, 1L, '1', 1L),)]
===file:transaction/transaction.sql, id:188, sql:[select * from test_shard order by id]===
dble:[()]
===file:transaction/transaction.sql, id:190, sql:[rollback]===
dble:[[]]
===file:transaction/transaction.sql, id:192, sql:[select * from test_shard order by id]===
dble:[()]
===file:transaction/transaction.sql, id:193, sql:[commit]===
dble:[[]]
===file:transaction/transaction.sql, id:194, sql:[select * from test_shard order by id]===
dble:[()]
===file:transaction/transaction.sql, id:197, sql:[delete from test_shard]===
dble:[[]]
===file:transaction/transaction.sql, id:198, sql:[set session transaction isolation level READ COMMITTED]===
dble:[[]]
===file:transaction/transaction.sql, id:199, sql:[begin]===
dble:[[]]
===file:transaction/transaction.sql, id:200, sql:[select * from test_shard order by id]===
dble:[()]
===file:transaction/transaction.sql, id:202, sql:[set session transaction isolation level READ COMMITTED]===
dble:[[]]
===file:transaction/transaction.sql, id:203, sql:[begin]===
dble:[[]]
===file:transaction/transaction.sql, id:204, sql:[insert into test_shard values(1,1,1,1),(2,2,2,2)]===
dble:[[]]
===file:transaction/transaction.sql, id:205, sql:[select * from test_shard order by id]===
dble:[((1L, 1L, '1', 1L), (2L, 2L, '2', 2L))]
===file:transaction/transaction.sql, id:207, sql:[select * from test_shard order by id]===
dble:[()]
===file:transaction/transaction.sql, id:209, sql:[commit]===
dble:[[]]
===file:transaction/transaction.sql, id:211, sql:[select * from test_shard order by id]===
dble:[((1L, 1L, '1', 1L), (2L, 2L, '2', 2L))]
===file:transaction/transaction.sql, id:212, sql:[commit]===
dble:[[]]
===file:transaction/transaction.sql, id:213, sql:[select * from test_shard order by id]===
dble:[((1L, 1L, '1', 1L), (2L, 2L, '2', 2L))]
===file:transaction/transaction.sql, id:216, sql:[delete from test_shard]===
dble:[[]]
===file:transaction/transaction.sql, id:217, sql:[set session transaction isolation level READ COMMITTED]===
dble:[[]]
===file:transaction/transaction.sql, id:218, sql:[begin]===
dble:[[]]
===file:transaction/transaction.sql, id:219, sql:[select * from test_shard order by id]===
dble:[()]
===file:transaction/transaction.sql, id:221, sql:[set session transaction isolation level READ COMMITTED]===
dble:[[]]
===file:transaction/transaction.sql, id:222, sql:[begin]===
dble:[[]]
===file:transaction/transaction.sql, id:223, sql:[insert into test_shard values(1,1,1,1),(2,2,2,2)]===
dble:[[]]
===file:transaction/transaction.sql, id:224, sql:[select * from test_shard order by id]===
dble:[((1L, 1L, '1', 1L), (2L, 2L, '2', 2L))]
===file:transaction/transaction.sql, id:226, sql:[select * from test_shard order by id]===
dble:[()]
===file:transaction/transaction.sql, id:228, sql:[rollback]===
dble:[[]]
===file:transaction/transaction.sql, id:230, sql:[select * from test_shard order by id]===
dble:[()]
===file:transaction/transaction.sql, id:231, sql:[commit]===
dble:[[]]
===file:transaction/transaction.sql, id:232, sql:[select * from test_shard order by id]===
dble:[()]
===file:transaction/transaction.sql, id:235, sql:[delete from test_shard]===
dble:[[]]
===file:transaction/transaction.sql, id:236, sql:[set session transaction isolation level READ COMMITTED]===
dble:[[]]
===file:transaction/transaction.sql, id:237, sql:[begin]===
dble:[[]]
===file:transaction/transaction.sql, id:238, sql:[select * from test_shard order by id]===
dble:[()]
===file:transaction/transaction.sql, id:240, sql:[set session transaction isolation level READ COMMITTED]===
dble:[[]]
===file:transaction/transaction.sql, id:241, sql:[begin]===
dble:[[]]
===file:transaction/transaction.sql, id:242, sql:[insert into test_shard values(1,1,1,1),(2,2,2,2),(3,3,3,3)]===
dble:[[]]
===file:transaction/transaction.sql, id:243, sql:[select * from test_shard order by id]===
dble:[((1L, 1L, '1', 1L), (2L, 2L, '2', 2L), (3L, 3L, '3', 3L))]
===file:transaction/transaction.sql, id:245, sql:[select * from test_shard order by id]===
dble:[()]
===file:transaction/transaction.sql, id:247, sql:[commit]===
dble:[[]]
===file:transaction/transaction.sql, id:249, sql:[select * from test_shard order by id]===
dble:[((1L, 1L, '1', 1L), (2L, 2L, '2', 2L), (3L, 3L, '3', 3L))]
===file:transaction/transaction.sql, id:250, sql:[commit]===
dble:[[]]
===file:transaction/transaction.sql, id:251, sql:[select * from test_shard order by id]===
dble:[((1L, 1L, '1', 1L), (2L, 2L, '2', 2L), (3L, 3L, '3', 3L))]
===file:transaction/transaction.sql, id:254, sql:[delete from test_shard]===
dble:[[]]
===file:transaction/transaction.sql, id:255, sql:[set session transaction isolation level READ COMMITTED]===
dble:[[]]
===file:transaction/transaction.sql, id:256, sql:[begin]===
dble:[[]]
===file:transaction/transaction.sql, id:257, sql:[select * from test_shard order by id]===
dble:[()]
===file:transaction/transaction.sql, id:259, sql:[set session transaction isolation level READ COMMITTED]===
dble:[[]]
===file:transaction/transaction.sql, id:260, sql:[begin]===
dble:[[]]
===file:transaction/transaction.sql, id:261, sql:[insert into test_shard values(1,1,1,1),(2,2,2,2),(3,3,3,3)]===
dble:[[]]
===file:transaction/transaction.sql, id:262, sql:[select * from test_shard order by id]===
dble:[((1L, 1L, '1', 1L), (2L, 2L, '2', 2L), (3L, 3L, '3', 3L))]
===file:transaction/transaction.sql, id:264, sql:[select * from test_shard order by id]===
dble:[()]
===file:transaction/transaction.sql, id:266, sql:[rollback]===
dble:[[]]
===file:transaction/transaction.sql, id:268, sql:[select * from test_shard order by id]===
dble:[()]
===file:transaction/transaction.sql, id:269, sql:[commit]===
dble:[[]]
===file:transaction/transaction.sql, id:270, sql:[select * from test_shard order by id]===
dble:[()]
===file:transaction/transaction.sql, id:273, sql:[delete from test_shard]===
dble:[[]]
===file:transaction/transaction.sql, id:274, sql:[set session transaction isolation level READ COMMITTED]===
dble:[[]]
===file:transaction/transaction.sql, id:275, sql:[begin]===
dble:[[]]
===file:transaction/transaction.sql, id:276, sql:[select * from test_shard order by id]===
dble:[()]
===file:transaction/transaction.sql, id:278, sql:[set session transaction isolation level READ COMMITTED]===
dble:[[]]
===file:transaction/transaction.sql, id:279, sql:[begin]===
dble:[[]]
===file:transaction/transaction.sql, id:280, sql:[insert into test_shard values(1,1,1,1),(2,2,2,2),(3,3,3,3),(4,4,4,4)]===
dble:[[]]
===file:transaction/transaction.sql, id:281, sql:[select * from test_shard order by id]===
dble:[((1L, 1L, '1', 1L), (2L, 2L, '2', 2L), (3L, 3L, '3', 3L), (4L, 4L, '4', 4L))]
===file:transaction/transaction.sql, id:283, sql:[select * from test_shard order by id]===
dble:[()]
===file:transaction/transaction.sql, id:285, sql:[commit]===
dble:[[]]
===file:transaction/transaction.sql, id:287, sql:[select * from test_shard order by id]===
dble:[((1L, 1L, '1', 1L), (2L, 2L, '2', 2L), (3L, 3L, '3', 3L), (4L, 4L, '4', 4L))]
===file:transaction/transaction.sql, id:288, sql:[commit]===
dble:[[]]
===file:transaction/transaction.sql, id:289, sql:[select * from test_shard order by id]===
dble:[((1L, 1L, '1', 1L), (2L, 2L, '2', 2L), (3L, 3L, '3', 3L), (4L, 4L, '4', 4L))]
===file:transaction/transaction.sql, id:292, sql:[delete from test_shard]===
dble:[[]]
===file:transaction/transaction.sql, id:293, sql:[set session transaction isolation level READ COMMITTED]===
dble:[[]]
===file:transaction/transaction.sql, id:294, sql:[begin]===
dble:[[]]
===file:transaction/transaction.sql, id:295, sql:[select * from test_shard order by id]===
dble:[()]
===file:transaction/transaction.sql, id:297, sql:[set session transaction isolation level READ COMMITTED]===
dble:[[]]
===file:transaction/transaction.sql, id:298, sql:[begin]===
dble:[[]]
===file:transaction/transaction.sql, id:299, sql:[insert into test_shard values(1,1,1,1),(2,2,2,2),(3,3,3,3),(4,4,4,4)]===
dble:[[]]
===file:transaction/transaction.sql, id:300, sql:[select * from test_shard order by id]===
dble:[((1L, 1L, '1', 1L), (2L, 2L, '2', 2L), (3L, 3L, '3', 3L), (4L, 4L, '4', 4L))]
===file:transaction/transaction.sql, id:302, sql:[select * from test_shard order by id]===
dble:[()]
===file:transaction/transaction.sql, id:304, sql:[rollback]===
dble:[[]]
===file:transaction/transaction.sql, id:306, sql:[select * from test_shard order by id]===
dble:[()]
===file:transaction/transaction.sql, id:307, sql:[commit]===
dble:[[]]
===file:transaction/transaction.sql, id:308, sql:[select * from test_shard order by id]===
dble:[()]
===file:transaction/transaction.sql, id:311, sql:[delete from test_shard]===
dble:[[]]
===file:transaction/transaction.sql, id:312, sql:[set session transaction isolation level READ UNCOMMITTED]===
dble:[[]]
===file:transaction/transaction.sql, id:313, sql:[begin]===
dble:[[]]
===file:transaction/transaction.sql, id:314, sql:[select * from test_shard order by id]===
dble:[()]
===file:transaction/transaction.sql, id:316, sql:[set session transaction isolation level READ UNCOMMITTED]===
dble:[[]]
===file:transaction/transaction.sql, id:317, sql:[begin]===
dble:[[]]
===file:transaction/transaction.sql, id:318, sql:[insert into test_shard values(1,1,1,1)]===
dble:[[]]
===file:transaction/transaction.sql, id:319, sql:[select * from test_shard order by id]===
dble:[((1L, 1L, '1', 1L),)]
===file:transaction/transaction.sql, id:321, sql:[select * from test_shard order by id]===
dble:[((1L, 1L, '1', 1L),)]
===file:transaction/transaction.sql, id:323, sql:[commit]===
dble:[[]]
===file:transaction/transaction.sql, id:325, sql:[select * from test_shard order by id]===
dble:[((1L, 1L, '1', 1L),)]
===file:transaction/transaction.sql, id:326, sql:[commit]===
dble:[[]]
===file:transaction/transaction.sql, id:327, sql:[select * from test_shard order by id]===
dble:[((1L, 1L, '1', 1L),)]
===file:transaction/transaction.sql, id:330, sql:[delete from test_shard]===
dble:[[]]
===file:transaction/transaction.sql, id:331, sql:[set session transaction isolation level READ UNCOMMITTED]===
dble:[[]]
===file:transaction/transaction.sql, id:332, sql:[begin]===
dble:[[]]
===file:transaction/transaction.sql, id:333, sql:[select * from test_shard order by id]===
dble:[()]
===file:transaction/transaction.sql, id:335, sql:[set session transaction isolation level READ UNCOMMITTED]===
dble:[[]]
===file:transaction/transaction.sql, id:336, sql:[begin]===
dble:[[]]
===file:transaction/transaction.sql, id:337, sql:[insert into test_shard values(1,1,1,1)]===
dble:[[]]
===file:transaction/transaction.sql, id:338, sql:[select * from test_shard order by id]===
dble:[((1L, 1L, '1', 1L),)]
===file:transaction/transaction.sql, id:340, sql:[select * from test_shard order by id]===
dble:[((1L, 1L, '1', 1L),)]
===file:transaction/transaction.sql, id:342, sql:[rollback]===
dble:[[]]
===file:transaction/transaction.sql, id:344, sql:[select * from test_shard order by id]===
dble:[()]
===file:transaction/transaction.sql, id:345, sql:[commit]===
dble:[[]]
===file:transaction/transaction.sql, id:346, sql:[select * from test_shard order by id]===
dble:[()]
===file:transaction/transaction.sql, id:349, sql:[delete from test_shard]===
dble:[[]]
===file:transaction/transaction.sql, id:350, sql:[set session transaction isolation level READ UNCOMMITTED]===
dble:[[]]
===file:transaction/transaction.sql, id:351, sql:[begin]===
dble:[[]]
===file:transaction/transaction.sql, id:352, sql:[select * from test_shard order by id]===
dble:[()]
===file:transaction/transaction.sql, id:354, sql:[set session transaction isolation level READ UNCOMMITTED]===
dble:[[]]
===file:transaction/transaction.sql, id:355, sql:[begin]===
dble:[[]]
===file:transaction/transaction.sql, id:356, sql:[insert into test_shard values(1,1,1,1),(2,2,2,2)]===
dble:[[]]
===file:transaction/transaction.sql, id:357, sql:[select * from test_shard order by id]===
dble:[((1L, 1L, '1', 1L), (2L, 2L, '2', 2L))]
===file:transaction/transaction.sql, id:359, sql:[select * from test_shard order by id]===
dble:[((1L, 1L, '1', 1L), (2L, 2L, '2', 2L))]
===file:transaction/transaction.sql, id:361, sql:[commit]===
dble:[[]]
===file:transaction/transaction.sql, id:363, sql:[select * from test_shard order by id]===
dble:[((1L, 1L, '1', 1L), (2L, 2L, '2', 2L))]
===file:transaction/transaction.sql, id:364, sql:[commit]===
dble:[[]]
===file:transaction/transaction.sql, id:365, sql:[select * from test_shard order by id]===
dble:[((1L, 1L, '1', 1L), (2L, 2L, '2', 2L))]
===file:transaction/transaction.sql, id:368, sql:[delete from test_shard]===
dble:[[]]
===file:transaction/transaction.sql, id:369, sql:[set session transaction isolation level READ UNCOMMITTED]===
dble:[[]]
===file:transaction/transaction.sql, id:370, sql:[begin]===
dble:[[]]
===file:transaction/transaction.sql, id:371, sql:[select * from test_shard order by id]===
dble:[()]
===file:transaction/transaction.sql, id:373, sql:[set session transaction isolation level READ UNCOMMITTED]===
dble:[[]]
===file:transaction/transaction.sql, id:374, sql:[begin]===
dble:[[]]
===file:transaction/transaction.sql, id:375, sql:[insert into test_shard values(1,1,1,1),(2,2,2,2)]===
dble:[[]]
===file:transaction/transaction.sql, id:376, sql:[select * from test_shard order by id]===
dble:[((1L, 1L, '1', 1L), (2L, 2L, '2', 2L))]
===file:transaction/transaction.sql, id:378, sql:[select * from test_shard order by id]===
dble:[((1L, 1L, '1', 1L), (2L, 2L, '2', 2L))]
===file:transaction/transaction.sql, id:380, sql:[rollback]===
dble:[[]]
===file:transaction/transaction.sql, id:382, sql:[select * from test_shard order by id]===
dble:[()]
===file:transaction/transaction.sql, id:383, sql:[commit]===
dble:[[]]
===file:transaction/transaction.sql, id:384, sql:[select * from test_shard order by id]===
dble:[()]
===file:transaction/transaction.sql, id:387, sql:[delete from test_shard]===
dble:[[]]
===file:transaction/transaction.sql, id:388, sql:[set session transaction isolation level READ UNCOMMITTED]===
dble:[[]]
===file:transaction/transaction.sql, id:389, sql:[begin]===
dble:[[]]
===file:transaction/transaction.sql, id:390, sql:[select * from test_shard order by id]===
dble:[()]
===file:transaction/transaction.sql, id:392, sql:[set session transaction isolation level READ UNCOMMITTED]===
dble:[[]]
===file:transaction/transaction.sql, id:393, sql:[begin]===
dble:[[]]
===file:transaction/transaction.sql, id:394, sql:[insert into test_shard values(1,1,1,1),(2,2,2,2),(3,3,3,3)]===
dble:[[]]
===file:transaction/transaction.sql, id:395, sql:[select * from test_shard order by id]===
dble:[((1L, 1L, '1', 1L), (2L, 2L, '2', 2L), (3L, 3L, '3', 3L))]
===file:transaction/transaction.sql, id:397, sql:[select * from test_shard order by id]===
dble:[((1L, 1L, '1', 1L), (2L, 2L, '2', 2L), (3L, 3L, '3', 3L))]
===file:transaction/transaction.sql, id:399, sql:[commit]===
dble:[[]]
===file:transaction/transaction.sql, id:401, sql:[select * from test_shard order by id]===
dble:[((1L, 1L, '1', 1L), (2L, 2L, '2', 2L), (3L, 3L, '3', 3L))]
===file:transaction/transaction.sql, id:402, sql:[commit]===
dble:[[]]
===file:transaction/transaction.sql, id:403, sql:[select * from test_shard order by id]===
dble:[((1L, 1L, '1', 1L), (2L, 2L, '2', 2L), (3L, 3L, '3', 3L))]
===file:transaction/transaction.sql, id:406, sql:[delete from test_shard]===
dble:[[]]
===file:transaction/transaction.sql, id:407, sql:[set session transaction isolation level READ UNCOMMITTED]===
dble:[[]]
===file:transaction/transaction.sql, id:408, sql:[begin]===
dble:[[]]
===file:transaction/transaction.sql, id:409, sql:[select * from test_shard order by id]===
dble:[()]
===file:transaction/transaction.sql, id:411, sql:[set session transaction isolation level READ UNCOMMITTED]===
dble:[[]]
===file:transaction/transaction.sql, id:412, sql:[begin]===
dble:[[]]
===file:transaction/transaction.sql, id:413, sql:[insert into test_shard values(1,1,1,1),(2,2,2,2),(3,3,3,3)]===
dble:[[]]
===file:transaction/transaction.sql, id:414, sql:[select * from test_shard order by id]===
dble:[((1L, 1L, '1', 1L), (2L, 2L, '2', 2L), (3L, 3L, '3', 3L))]
===file:transaction/transaction.sql, id:416, sql:[select * from test_shard order by id]===
dble:[((1L, 1L, '1', 1L), (2L, 2L, '2', 2L), (3L, 3L, '3', 3L))]
===file:transaction/transaction.sql, id:418, sql:[rollback]===
dble:[[]]
===file:transaction/transaction.sql, id:420, sql:[select * from test_shard order by id]===
dble:[()]
===file:transaction/transaction.sql, id:421, sql:[commit]===
dble:[[]]
===file:transaction/transaction.sql, id:422, sql:[select * from test_shard order by id]===
dble:[()]
===file:transaction/transaction.sql, id:425, sql:[delete from test_shard]===
dble:[[]]
===file:transaction/transaction.sql, id:426, sql:[set session transaction isolation level READ UNCOMMITTED]===
dble:[[]]
===file:transaction/transaction.sql, id:427, sql:[begin]===
dble:[[]]
===file:transaction/transaction.sql, id:428, sql:[select * from test_shard order by id]===
dble:[()]
===file:transaction/transaction.sql, id:430, sql:[set session transaction isolation level READ UNCOMMITTED]===
dble:[[]]
===file:transaction/transaction.sql, id:431, sql:[begin]===
dble:[[]]
===file:transaction/transaction.sql, id:432, sql:[insert into test_shard values(1,1,1,1),(2,2,2,2),(3,3,3,3),(4,4,4,4)]===
dble:[[]]
===file:transaction/transaction.sql, id:433, sql:[select * from test_shard order by id]===
dble:[((1L, 1L, '1', 1L), (2L, 2L, '2', 2L), (3L, 3L, '3', 3L), (4L, 4L, '4', 4L))]
===file:transaction/transaction.sql, id:435, sql:[select * from test_shard order by id]===
dble:[((1L, 1L, '1', 1L), (2L, 2L, '2', 2L), (3L, 3L, '3', 3L), (4L, 4L, '4', 4L))]
===file:transaction/transaction.sql, id:437, sql:[commit]===
dble:[[]]
===file:transaction/transaction.sql, id:439, sql:[select * from test_shard order by id]===
dble:[((1L, 1L, '1', 1L), (2L, 2L, '2', 2L), (3L, 3L, '3', 3L), (4L, 4L, '4', 4L))]
===file:transaction/transaction.sql, id:440, sql:[commit]===
dble:[[]]
===file:transaction/transaction.sql, id:441, sql:[select * from test_shard order by id]===
dble:[((1L, 1L, '1', 1L), (2L, 2L, '2', 2L), (3L, 3L, '3', 3L), (4L, 4L, '4', 4L))]
===file:transaction/transaction.sql, id:444, sql:[delete from test_shard]===
dble:[[]]
===file:transaction/transaction.sql, id:445, sql:[set session transaction isolation level READ UNCOMMITTED]===
dble:[[]]
===file:transaction/transaction.sql, id:446, sql:[begin]===
dble:[[]]
===file:transaction/transaction.sql, id:447, sql:[select * from test_shard order by id]===
dble:[()]
===file:transaction/transaction.sql, id:449, sql:[set session transaction isolation level READ UNCOMMITTED]===
dble:[[]]
===file:transaction/transaction.sql, id:450, sql:[begin]===
dble:[[]]
===file:transaction/transaction.sql, id:451, sql:[insert into test_shard values(1,1,1,1),(2,2,2,2),(3,3,3,3),(4,4,4,4)]===
dble:[[]]
===file:transaction/transaction.sql, id:452, sql:[select * from test_shard order by id]===
dble:[((1L, 1L, '1', 1L), (2L, 2L, '2', 2L), (3L, 3L, '3', 3L), (4L, 4L, '4', 4L))]
===file:transaction/transaction.sql, id:454, sql:[select * from test_shard order by id]===
dble:[((1L, 1L, '1', 1L), (2L, 2L, '2', 2L), (3L, 3L, '3', 3L), (4L, 4L, '4', 4L))]
===file:transaction/transaction.sql, id:456, sql:[rollback]===
dble:[[]]
===file:transaction/transaction.sql, id:458, sql:[select * from test_shard order by id]===
dble:[()]
===file:transaction/transaction.sql, id:459, sql:[commit]===
dble:[[]]
===file:transaction/transaction.sql, id:460, sql:[select * from test_shard order by id]===
dble:[()]
===file:transaction/transaction.sql, id:463, sql:[delete from test_shard]===
dble:[[]]
===file:transaction/transaction.sql, id:464, sql:[set session transaction isolation level REPEATABLE READ]===
dble:[[]]
===file:transaction/transaction.sql, id:465, sql:[begin]===
dble:[[]]
===file:transaction/transaction.sql, id:466, sql:[insert into test_shard values(1,1,1,1),(2,2,2,2),(3,3,3,3),(4,4,4,4)]===
dble:[[]]
===file:transaction/transaction.sql, id:467, sql:[select * from test_shard order by id]===
dble:[((1L, 1L, '1', 1L), (2L, 2L, '2', 2L), (3L, 3L, '3', 3L), (4L, 4L, '4', 4L))]
===file:transaction/transaction.sql, id:469, sql:[set session transaction isolation level READ UNCOMMITTED]===
dble:[[]]
===file:transaction/transaction.sql, id:470, sql:[begin]===
dble:[[]]
===file:transaction/transaction.sql, id:471, sql:[select * from test_shard order by id]===
dble:[((1L, 1L, '1', 1L), (2L, 2L, '2', 2L), (3L, 3L, '3', 3L), (4L, 4L, '4', 4L))]
===file:transaction/transaction.sql, id:472, sql:[update test_shard set pad='2']===
dble:[[]]
===file:transaction/transaction.sql, id:474, sql:[select * from test_shard order by id]===
dble:[((1L, 1L, '1', 1L), (2L, 2L, '2', 2L), (3L, 3L, '3', 3L), (4L, 4L, '4', 4L))]
===file:transaction/transaction.sql, id:476, sql:[select * from test_shard order by id]===
dble:[((1L, 1L, '1', 1L), (2L, 2L, '2', 2L), (3L, 3L, '3', 3L), (4L, 4L, '4', 4L))]
===file:transaction/transaction.sql, id:477, sql:[commit]===
dble:[[]]
===file:transaction/transaction.sql, id:479, sql:[select * from test_shard order by id]===
dble:[((1L, 1L, '1', 1L), (2L, 2L, '2', 2L), (3L, 3L, '3', 3L), (4L, 4L, '4', 4L))]
===file:transaction/transaction.sql, id:480, sql:[commit]===
dble:[[]]
===file:transaction/transaction.sql, id:481, sql:[select * from test_shard order by id]===
dble:[((1L, 1L, '1', 1L), (2L, 2L, '2', 2L), (3L, 3L, '3', 3L), (4L, 4L, '4', 4L))]
===file:transaction/transaction.sql, id:482, sql:[drop table if exists test_shard]===
dble:[[]]
