===file:sqls_util/select/select.sql, id:62, sql:[select group_concat(id),pad from test1 group by pad order by pad]===
dble:[(('16', -1), ('0', 0), ('1,5', 1), ('2,6', 2), ('10,9,3,7', 3), ('11,4,8', 4), ('12', 5), ('13', 6), ('14', 14), ('15', 15), ('17', 17), ('18', 18), ('19', 19))]
mysql:[(('16', -1), ('0', 0), ('1,5', 1), ('2,6', 2), ('10,9,7,3', 3), ('8,4,11', 4), ('12', 5), ('13', 6), ('14', 14), ('15', 15), ('17', 17), ('18', 18), ('19', 19))]
===file:sqls_util/select/select.sql, id:65, sql:[select std(id),pad from test1 group by pad]===
dble:[[(0.0, -1), (0.0, 0), (0.0, 5), (0.0, 6), (0.0, 14), (0.0, 15), (0.0, 17), (0.0, 18), (0.0, 19), (2.0, 1), (2.0, 2), (2.680951323690902, 3), (2.867441755680875, 4)]]
mysql:[[(0.0, -1), (0.0, 0), (0.0, 5), (0.0, 6), (0.0, 14), (0.0, 15), (0.0, 17), (0.0, 18), (0.0, 19), (2.0, 1), (2.0, 2), (2.680951323690902, 3), (2.8674417556808756, 4)]]
===file:sqls_util/select/select.sql, id:66, sql:[select stddev(id),pad from test1 group by pad]===
dble:[[(0.0, -1), (0.0, 0), (0.0, 5), (0.0, 6), (0.0, 14), (0.0, 15), (0.0, 17), (0.0, 18), (0.0, 19), (2.0, 1), (2.0, 2), (2.680951323690902, 3), (2.867441755680875, 4)]]
mysql:[[(0.0, -1), (0.0, 0), (0.0, 5), (0.0, 6), (0.0, 14), (0.0, 15), (0.0, 17), (0.0, 18), (0.0, 19), (2.0, 1), (2.0, 2), (2.680951323690902, 3), (2.8674417556808756, 4)]]
===file:sqls_util/select/select.sql, id:67, sql:[select stddev_pop(id),pad from test1 group by pad]===
dble:[[(0.0, -1), (0.0, 0), (0.0, 5), (0.0, 6), (0.0, 14), (0.0, 15), (0.0, 17), (0.0, 18), (0.0, 19), (2.0, 1), (2.0, 2), (2.680951323690902, 3), (2.867441755680875, 4)]]
mysql:[[(0.0, -1), (0.0, 0), (0.0, 5), (0.0, 6), (0.0, 14), (0.0, 15), (0.0, 17), (0.0, 18), (0.0, 19), (2.0, 1), (2.0, 2), (2.680951323690902, 3), (2.8674417556808756, 4)]]
===file:sqls_util/select/select.sql, id:68, sql:[select stddev_samp(id),pad from test1 group by pad]===
dble:[[(None, -1), (None, 0), (None, 5), (None, 6), (None, 14), (None, 15), (None, 17), (None, 18), (None, 19), (2.8284271247461903, 1), (2.8284271247461903, 2), (3.095695936834452, 3), (3.5118845842842457, 4)]]
mysql:[[(None, -1), (None, 0), (None, 5), (None, 6), (None, 14), (None, 15), (None, 17), (None, 18), (None, 19), (2.8284271247461903, 1), (2.8284271247461903, 2), (3.095695936834452, 3), (3.511884584284246, 4)]]
===file:sqls_util/select/select.sql, id:70, sql:[select var_pop(id),pad from test1 group by pad]===
dble:[[(0.0, -1), (0.0, 0), (0.0, 5), (0.0, 6), (0.0, 14), (0.0, 15), (0.0, 17), (0.0, 18), (0.0, 19), (4.0, 1), (4.0, 2), (7.1875, 3), (8.22222222222222, 4)]]
mysql:[[(0.0, -1), (0.0, 0), (0.0, 5), (0.0, 6), (0.0, 14), (0.0, 15), (0.0, 17), (0.0, 18), (0.0, 19), (4.0, 1), (4.0, 2), (7.1875, 3), (8.222222222222221, 4)]]
===file:sqls_util/select/select.sql, id:71, sql:[select var_samp(id),pad from test1 group by pad]===
dble:[[(None, -1), (None, 0), (None, 5), (None, 6), (None, 14), (None, 15), (None, 17), (None, 18), (None, 19), (8.0, 1), (8.0, 2), (9.583333333333334, 3), (12.333333333333329, 4)]]
mysql:[[(None, -1), (None, 0), (None, 5), (None, 6), (None, 14), (None, 15), (None, 17), (None, 18), (None, 19), (8.0, 1), (8.0, 2), (9.583333333333334, 3), (12.333333333333332, 4)]]
===file:sqls_util/select/select.sql, id:72, sql:[select variance(id),pad from test1 group by pad]===
dble:[[(0.0, -1), (0.0, 0), (0.0, 5), (0.0, 6), (0.0, 14), (0.0, 15), (0.0, 17), (0.0, 18), (0.0, 19), (4.0, 1), (4.0, 2), (7.1875, 3), (8.22222222222222, 4)]]
mysql:[[(0.0, -1), (0.0, 0), (0.0, 5), (0.0, 6), (0.0, 14), (0.0, 15), (0.0, 17), (0.0, 18), (0.0, 19), (4.0, 1), (4.0, 2), (7.1875, 3), (8.222222222222221, 4)]]
===file:sqls_util/select/select.sql, id:81, sql:[select pad,count(id) t from test1 group by pad with rollup]===
dble:[None]
mysql:[((-1, 1), (0, 1), (1, 2), (2, 2), (3, 4), (4, 3), (5, 1), (6, 1), (14, 1), (15, 1), (17, 1), (18, 1), (19, 1), (None, 20))]
dble err:(4004, 'with rollup is not supported yet!')
===file:sqls_util/select/select.sql, id:91, sql:[select id,k,c,pad from test1 order by null]===
dble:[((2, 2, 'id2', 2), (6, 6, 'id6', 2), (10, 10, '\xe4\xb8\xad', 3), (14, 14, '20%', 14), (18, 18, 'a', 18), (1, 1, 'id1', 1), (5, 5, 'id5', 1), (9, 9, 'test', 3), (13, 13, 'y_u', 6), (17, 17, 'new*\n*line', 17), (0, 0, '0', 0), (4, 4, 'id4', 4), (8, 8, '$id8$', 4), (12, 12, '_g', 5), (16, 16, '16', -1), (3, 3, 'id3', 3), (7, 7, 'id7', 3), (11, 11, 'i_', 4), (15, 15, 'a_1', 15), (19, 19, None, 19))]
mysql:[((0, 0, '0', 0), (1, 1, 'id1', 1), (2, 2, 'id2', 2), (3, 3, 'id3', 3), (4, 4, 'id4', 4), (5, 5, 'id5', 1), (6, 6, 'id6', 2), (7, 7, 'id7', 3), (8, 8, '$id8$', 4), (9, 9, 'test', 3), (10, 10, '\xe4\xb8\xad', 3), (11, 11, 'i_', 4), (12, 12, '_g', 5), (13, 13, 'y_u', 6), (14, 14, '20%', 14), (15, 15, 'a_1', 15), (16, 16, '16', -1), (17, 17, 'new*\n*line', 17), (18, 18, 'a', 18), (19, 19, None, 19))]
===file:sqls_util/select/select.sql, id:95, sql:[select id,pad from test1 order by pad]===
dble:[((16, -1), (0, 0), (1, 1), (5, 1), (2, 2), (6, 2), (10, 3), (9, 3), (3, 3), (7, 3), (11, 4), (4, 4), (8, 4), (12, 5), (13, 6), (14, 14), (15, 15), (17, 17), (18, 18), (19, 19))]
mysql:[((16, -1), (0, 0), (1, 1), (5, 1), (2, 2), (6, 2), (10, 3), (9, 3), (7, 3), (3, 3), (8, 4), (4, 4), (11, 4), (12, 5), (13, 6), (14, 14), (15, 15), (17, 17), (18, 18), (19, 19))]
===file:sqls_util/select/select.sql, id:97, sql:[select id,pad from test1 a order by a.pad]===
dble:[((16, -1), (0, 0), (1, 1), (5, 1), (2, 2), (6, 2), (10, 3), (9, 3), (3, 3), (7, 3), (11, 4), (4, 4), (8, 4), (12, 5), (13, 6), (14, 14), (15, 15), (17, 17), (18, 18), (19, 19))]
mysql:[((16, -1), (0, 0), (1, 1), (5, 1), (2, 2), (6, 2), (10, 3), (9, 3), (7, 3), (3, 3), (8, 4), (4, 4), (11, 4), (12, 5), (13, 6), (14, 14), (15, 15), (17, 17), (18, 18), (19, 19))]
===file:sqls_util/select/select.sql, id:184, sql:[select id,k,c,pad from test1 where id=@var1 := 1]===
dble:[None]
mysql:[((1, 1, 'id1', 1),)]
dble err:(1064, 'sql syntax error, no terminated. COLONEQ')
===file:sqls_util/select/select.sql, id:188, sql:[select id,k,c,pad from test1 where id in(2,3,6.4,7,12)]===
dble:[None]
mysql:[((2, 2, 'id2', 2), (3, 3, 'id3', 3), (7, 7, 'id7', 3), (12, 12, '_g', 5))]
dble err:(1064, 'columnValue:6.4 Please eliminate any quote and non number within it.')
===file:sqls_util/select/select.sql, id:239, sql:[select count(*) from test1 group by R_COMMENT,R_NAME order by null]===
dble:[((3,), (4,), (1,), (1,))]
mysql:[((1,), (1,), (3,), (4,))]
===file:sqls_util/select/select.sql, id:242, sql:[select count(*) from test1 group by R_COMMENT,R_NAME having count(*) order by 1+1]===
dble:[((1,), (1,), (4,), (3,))]
mysql:[((1,), (1,), (3,), (4,))]
===file:sqls_util/select/select.sql, id:244, sql:[select count(*) from test1 where id<8 group by R_COMMENT,R_NAME having count(*) order by 1+1 asc  limit 2 offset 2]===
dble:[((2,), (3,))]
mysql:[((3,), (2,))]
===file:sqls_util/select/select.sql, id:245, sql:[select count(*) from test1 where id<8 group by R_COMMENT,R_NAME having count(*) order by 1+1 limit 2 ,2]===
dble:[((2,), (3,))]
mysql:[((3,), (2,))]
===file:sqls_util/select/select.sql, id:248, sql:[select id,R_REGIONKEY,R_NAME,R_COMMENT from test1 order by R_COMMENT+1 asc]===
dble:[((1, 1.0, 'a sting', None), (2, 1.0, 'a', None), (6, 4.0, 'a', 'b'), (4, 4.0, 'a', 'b'), (8, 4.0, 'a', 'b'), (3, 3.0, '', 'string'), (7, 3.0, '', 'string'), (5, 3.0, '', 'string'), (9, 4.0, 'a', 'b'))]
mysql:[((1, 1.0, 'a sting', None), (2, 1.0, 'a', None), (3, 3.0, '', 'string'), (4, 4.0, 'a', 'b'), (5, 3.0, '', 'string'), (6, 4.0, 'a', 'b'), (7, 3.0, '', 'string'), (8, 4.0, 'a', 'b'), (9, 4.0, 'a', 'b'))]
===file:sqls_util/select/select.sql, id:249, sql:[select id,R_REGIONKEY,R_NAME,R_COMMENT from test1 order by R_COMMENT,1+1]===
dble:[((1, 1.0, 'a sting', None), (2, 1.0, 'a', None), (6, 4.0, 'a', 'b'), (4, 4.0, 'a', 'b'), (8, 4.0, 'a', 'b'), (9, 4.0, 'a', 'b'), (5, 3.0, '', 'string'), (3, 3.0, '', 'string'), (7, 3.0, '', 'string'))]
mysql:[((1, 1.0, 'a sting', None), (2, 1.0, 'a', None), (4, 4.0, 'a', 'b'), (6, 4.0, 'a', 'b'), (8, 4.0, 'a', 'b'), (9, 4.0, 'a', 'b'), (3, 3.0, '', 'string'), (5, 3.0, '', 'string'), (7, 3.0, '', 'string'))]
===file:sqls_util/select/select.sql, id:260, sql:[select id,R_REGIONKEY,R_NAME,R_COMMENT from test1 order by R_comment]===
dble:[((1, 1.0, 'a sting', None), (2, 1.0, 'a', None), (6, 4.0, 'a', 'b'), (4, 4.0, 'a', 'b'), (8, 4.0, 'a', 'b'), (9, 4.0, 'a', 'b'), (5, 3.0, '', 'string'), (3, 3.0, '', 'string'), (7, 3.0, '', 'string'))]
mysql:[((1, 1.0, 'a sting', None), (2, 1.0, 'a', None), (4, 4.0, 'a', 'b'), (6, 4.0, 'a', 'b'), (8, 4.0, 'a', 'b'), (9, 4.0, 'a', 'b'), (3, 3.0, '', 'string'), (5, 3.0, '', 'string'), (7, 3.0, '', 'string'))]