===file:special_sharding/select/er_sharding.sql, id:2, sql:[drop table if exists er_parent]===
dble:[[]]
===file:special_sharding/select/er_sharding.sql, id:3, sql:[drop table if exists er_child]===
dble:[[]]
===file:special_sharding/select/er_sharding.sql, id:4, sql:[create table er_parent(id int,name varchar(40))]===
dble:[[]]
===file:special_sharding/select/er_sharding.sql, id:5, sql:[create table er_child(id int,name varchar(40))]===
dble:[[]]
===file:special_sharding/select/er_sharding.sql, id:6, sql:[insert into er_parent values(1,'a'),(2,'b'),(3,'c'),(6,'f'),(7,'g'),(8,'h')]===
dble:[[]]
===file:special_sharding/select/er_sharding.sql, id:7, sql:[insert into er_child values(1,'a')]===
dble:[[]]
===file:special_sharding/select/er_sharding.sql, id:8, sql:[insert into er_child values(2,'b')]===
dble:[[]]
===file:special_sharding/select/er_sharding.sql, id:9, sql:[select a.id,b.name from er_parent a left join er_child b on a.id=b.id and a.id=1/*allow_diff_sequence*/]===
dble:[[(1L, 'a'), (2L, None), (3L, None), (6L, None), (7L, None), (8L, None)]]
===file:special_sharding/select/er_sharding.sql, id:10, sql:[select a.id,b.name from er_parent a right join er_child b on a.id=b.id and a.id=1/*allow_diff_sequence*/]===
dble:[[(None, 'b'), (1L, 'a')]]
===file:special_sharding/select/er_sharding.sql, id:11, sql:[select a.id,b.name from er_parent a left outer join er_child b on a.id=b.id and a.id=1/*allow_diff_sequence*/]===
dble:[[(1L, 'a'), (2L, None), (3L, None), (6L, None), (7L, None), (8L, None)]]
===file:special_sharding/select/er_sharding.sql, id:12, sql:[select a.id,b.name from er_parent a right outer join er_child b on a.id=b.id and a.id=1/*allow_diff_sequence*/]===
dble:[[(None, 'b'), (1L, 'a')]]
===file:special_sharding/select/er_sharding.sql, id:13, sql:[select a.id,b.name from er_parent a inner join er_child b on a.id=b.id and a.id=1/*allow_diff_sequence*/]===
dble:[[(1L, 'a')]]
===file:special_sharding/select/er_sharding.sql, id:14, sql:[select a.id,b.name from er_parent a cross join er_child b on a.id=b.id and a.id=1/*allow_diff_sequence*/]===
dble:[[(1L, 'a')]]
===file:special_sharding/select/er_sharding.sql, id:15, sql:[select a.id,b.name from er_parent a  straight_join er_child b on a.id=b.id and a.id=1/*allow_diff_sequence*/]===
dble:[[(1L, 'a')]]
===file:special_sharding/select/er_sharding.sql, id:16, sql:[drop table if exists er_parent]===
dble:[[]]
===file:special_sharding/select/er_sharding.sql, id:17, sql:[drop table if exists er_child]===
dble:[[]]
