===file:sqls_util/transaction/lock.sql, id:2, sql:[drop table if exists test1;]===
dble:[[]]
===file:sqls_util/transaction/lock.sql, id:3, sql:[CREATE TABLE test1(`id` int(10) unsigned NOT NULL,`k` int(10) unsigned NOT NULL DEFAULT '0',`c` char(120) NOT NULL DEFAULT '',`pad` int(11) NOT NULL,PRIMARY KEY (`id`),UNIQUE KEY (`k`));]===
dble:[[]]
===file:sqls_util/transaction/lock.sql, id:4, sql:[drop table if exists schema2.test2;]===
dble:[[]]
===file:sqls_util/transaction/lock.sql, id:5, sql:[CREATE TABLE schema2.test2(`id` int(10) unsigned NOT NULL,`k` int(10) unsigned NOT NULL DEFAULT '0',`c` char(120) NOT NULL DEFAULT '',`pad` int(11) NOT NULL,PRIMARY KEY (`id`),UNIQUE KEY (`k`));]===
dble:[[]]
===file:sqls_util/transaction/lock.sql, id:6, sql:[drop view if exists view_test1;]===
dble:[[]]
===file:sqls_util/transaction/lock.sql, id:7, sql:[create view view_test1 as select id,c from test1;]===
dble:[[]]
===file:sqls_util/transaction/lock.sql, id:10, sql:[set @@session.innodb_lock_wait_timeout=10000;]===
dble:[[]]
===file:sqls_util/transaction/lock.sql, id:11, sql:[SET @@session.autocommit = ON;]===
dble:[[]]
===file:sqls_util/transaction/lock.sql, id:12, sql:[delete from test1;]===
dble:[[]]
===file:sqls_util/transaction/lock.sql, id:13, sql:[insert into test1 values(1,1,1,1),(2,2,2,2),(3,3,3,3),(4,4,4,4),(5,5,5,5),(6,6,6,6);]===
dble:[[]]
===file:sqls_util/transaction/lock.sql, id:14, sql:[begin;]===
dble:[[]]
===file:sqls_util/transaction/lock.sql, id:15, sql:[select * from test1 order by id lock in share mode;]===
dble:[((1L, 1L, '1', 1L), (2L, 2L, '2', 2L), (3L, 3L, '3', 3L), (4L, 4L, '4', 4L), (5L, 5L, '5', 5L), (6L, 6L, '6', 6L))]
===file:sqls_util/transaction/lock.sql, id:17, sql:[set @@session.innodb_lock_wait_timeout=10000;]===
dble:[[]]
===file:sqls_util/transaction/lock.sql, id:18, sql:[SET @@session.autocommit = ON;]===
dble:[[]]
===file:sqls_util/transaction/lock.sql, id:19, sql:[begin;]===
dble:[[]]
===file:sqls_util/transaction/lock.sql, id:20, sql:[select * from test1 order by id lock in share mode;]===
dble:[((1L, 1L, '1', 1L), (2L, 2L, '2', 2L), (3L, 3L, '3', 3L), (4L, 4L, '4', 4L), (5L, 5L, '5', 5L), (6L, 6L, '6', 6L))]
===file:sqls_util/transaction/lock.sql, id:22, sql:[commit;]===
dble:[[]]
===file:sqls_util/transaction/lock.sql, id:24, sql:[select * from test1 order by id;]===
dble:[((1L, 1L, '1', 1L), (2L, 2L, '2', 2L), (3L, 3L, '3', 3L), (4L, 4L, '4', 4L), (5L, 5L, '5', 5L), (6L, 6L, '6', 6L))]
===file:sqls_util/transaction/lock.sql, id:25, sql:[commit;]===
dble:[[]]
===file:sqls_util/transaction/lock.sql, id:26, sql:[select * from test1 order by id;]===
dble:[((1L, 1L, '1', 1L), (2L, 2L, '2', 2L), (3L, 3L, '3', 3L), (4L, 4L, '4', 4L), (5L, 5L, '5', 5L), (6L, 6L, '6', 6L))]
===file:sqls_util/transaction/lock.sql, id:29, sql:[delete from test1;]===
dble:[[]]
===file:sqls_util/transaction/lock.sql, id:30, sql:[insert into test1 values(1,1,1,1),(2,2,2,2),(3,3,3,3),(4,4,4,4),(5,5,5,5),(6,6,6,6);]===
dble:[[]]
===file:sqls_util/transaction/lock.sql, id:31, sql:[begin;]===
dble:[[]]
===file:sqls_util/transaction/lock.sql, id:32, sql:[select * from test1 order by id lock in share mode;]===
dble:[((1L, 1L, '1', 1L), (2L, 2L, '2', 2L), (3L, 3L, '3', 3L), (4L, 4L, '4', 4L), (5L, 5L, '5', 5L), (6L, 6L, '6', 6L))]
===file:sqls_util/transaction/lock.sql, id:34, sql:[begin;]===
dble:[[]]
===file:sqls_util/transaction/lock.sql, id:35, sql:[select * from test1 order by id lock in share mode;]===
dble:[((1L, 1L, '1', 1L), (2L, 2L, '2', 2L), (3L, 3L, '3', 3L), (4L, 4L, '4', 4L), (5L, 5L, '5', 5L), (6L, 6L, '6', 6L))]
===file:sqls_util/transaction/lock.sql, id:37, sql:[rollback ;]===
dble:[[]]
===file:sqls_util/transaction/lock.sql, id:39, sql:[select * from test1 order by id;]===
dble:[((1L, 1L, '1', 1L), (2L, 2L, '2', 2L), (3L, 3L, '3', 3L), (4L, 4L, '4', 4L), (5L, 5L, '5', 5L), (6L, 6L, '6', 6L))]
===file:sqls_util/transaction/lock.sql, id:40, sql:[commit;]===
dble:[[]]
===file:sqls_util/transaction/lock.sql, id:41, sql:[select * from test1 order by id;]===
dble:[((1L, 1L, '1', 1L), (2L, 2L, '2', 2L), (3L, 3L, '3', 3L), (4L, 4L, '4', 4L), (5L, 5L, '5', 5L), (6L, 6L, '6', 6L))]
===file:sqls_util/transaction/lock.sql, id:44, sql:[delete from test1;]===
dble:[[]]
===file:sqls_util/transaction/lock.sql, id:45, sql:[insert into test1 values(1,1,1,1),(2,2,2,2),(3,3,3,3),(4,4,4,4),(5,5,5,5),(6,6,6,6);]===
dble:[[]]
===file:sqls_util/transaction/lock.sql, id:46, sql:[begin;]===
dble:[[]]
===file:sqls_util/transaction/lock.sql, id:47, sql:[select * from test1 order by id lock in share mode;]===
dble:[((1L, 1L, '1', 1L), (2L, 2L, '2', 2L), (3L, 3L, '3', 3L), (4L, 4L, '4', 4L), (5L, 5L, '5', 5L), (6L, 6L, '6', 6L))]
===file:sqls_util/transaction/lock.sql, id:49, sql:[begin;]===
dble:[[]]
===file:sqls_util/transaction/lock.sql, id:50, sql:[update test1 set pad=22 where id=1 /*hang*/;]===
dble:[[]]
===file:sqls_util/transaction/lock.sql, id:52, sql:[commit;]===
dble:[[]]
===file:sqls_util/transaction/lock.sql, id:54, sql:[update test1 set pad=22 where id=2;]===
dble:[[]]
===file:sqls_util/transaction/lock.sql, id:55, sql:[select * from test1 order by id;]===
dble:[((1L, 1L, '1', 22L), (2L, 2L, '2', 22L), (3L, 3L, '3', 3L), (4L, 4L, '4', 4L), (5L, 5L, '5', 5L), (6L, 6L, '6', 6L))]
===file:sqls_util/transaction/lock.sql, id:56, sql:[commit;]===
dble:[[]]
===file:sqls_util/transaction/lock.sql, id:57, sql:[select * from test1 order by id;]===
dble:[((1L, 1L, '1', 22L), (2L, 2L, '2', 22L), (3L, 3L, '3', 3L), (4L, 4L, '4', 4L), (5L, 5L, '5', 5L), (6L, 6L, '6', 6L))]
===file:sqls_util/transaction/lock.sql, id:60, sql:[delete from test1;]===
dble:[[]]
===file:sqls_util/transaction/lock.sql, id:61, sql:[insert into test1 values(1,1,1,1),(2,2,2,2),(3,3,3,3),(4,4,4,4),(5,5,5,5),(6,6,6,6);]===
dble:[[]]
===file:sqls_util/transaction/lock.sql, id:62, sql:[begin;]===
dble:[[]]
===file:sqls_util/transaction/lock.sql, id:63, sql:[select * from test1 order by id lock in share mode;]===
dble:[((1L, 1L, '1', 1L), (2L, 2L, '2', 2L), (3L, 3L, '3', 3L), (4L, 4L, '4', 4L), (5L, 5L, '5', 5L), (6L, 6L, '6', 6L))]
===file:sqls_util/transaction/lock.sql, id:65, sql:[begin;]===
dble:[[]]
===file:sqls_util/transaction/lock.sql, id:66, sql:[update test1 set pad=22 where id=1;]===
dble:[[]]
===file:sqls_util/transaction/lock.sql, id:68, sql:[rollback;]===
dble:[[]]
===file:sqls_util/transaction/lock.sql, id:70, sql:[update test1 set pad=22 where id=2;]===
dble:[[]]
===file:sqls_util/transaction/lock.sql, id:71, sql:[select * from test1 order by id;]===
dble:[((1L, 1L, '1', 22L), (2L, 2L, '2', 22L), (3L, 3L, '3', 3L), (4L, 4L, '4', 4L), (5L, 5L, '5', 5L), (6L, 6L, '6', 6L))]
===file:sqls_util/transaction/lock.sql, id:72, sql:[commit;]===
dble:[[]]
===file:sqls_util/transaction/lock.sql, id:73, sql:[select * from test1 order by id;]===
dble:[((1L, 1L, '1', 22L), (2L, 2L, '2', 22L), (3L, 3L, '3', 3L), (4L, 4L, '4', 4L), (5L, 5L, '5', 5L), (6L, 6L, '6', 6L))]
===file:sqls_util/transaction/lock.sql, id:76, sql:[delete from test1;]===
dble:[[]]
===file:sqls_util/transaction/lock.sql, id:77, sql:[delete from schema2.test2;]===
dble:[[]]
===file:sqls_util/transaction/lock.sql, id:78, sql:[insert into test1 values(1,1,1,1),(2,2,2,2),(3,3,3,3),(4,4,4,4),(5,5,5,5),(6,6,6,6);]===
dble:[[]]
===file:sqls_util/transaction/lock.sql, id:79, sql:[insert into schema2.test2 values(1,1,1,1),(2,2,2,2),(3,3,3,3),(4,4,4,4),(5,5,5,5),(6,6,6,6);]===
dble:[[]]
===file:sqls_util/transaction/lock.sql, id:80, sql:[begin;]===
dble:[[]]
===file:sqls_util/transaction/lock.sql, id:81, sql:[select * from test1 a,(select * from schema2.test2 lock in share mode)b where a.pad=b.pad order by a.id;]===
dble:[((1L, 1L, '1', 1L, 1L, 1L, '1', 1L), (2L, 2L, '2', 2L, 2L, 2L, '2', 2L), (3L, 3L, '3', 3L, 3L, 3L, '3', 3L), (4L, 4L, '4', 4L, 4L, 4L, '4', 4L), (5L, 5L, '5', 5L, 5L, 5L, '5', 5L), (6L, 6L, '6', 6L, 6L, 6L, '6', 6L))]
===file:sqls_util/transaction/lock.sql, id:83, sql:[begin;]===
dble:[[]]
===file:sqls_util/transaction/lock.sql, id:84, sql:[update test1 set pad=22 where id=1;]===
dble:[[]]
===file:sqls_util/transaction/lock.sql, id:85, sql:[update schema2.test2 set pad=22 where id=1/*hang*/;]===
dble:[[]]
===file:sqls_util/transaction/lock.sql, id:87, sql:[commit;]===
dble:[[]]
===file:sqls_util/transaction/lock.sql, id:89, sql:[update test1 set pad=22 where id=2;]===
dble:[[]]
===file:sqls_util/transaction/lock.sql, id:90, sql:[select * from test1 order by id;]===
dble:[((1L, 1L, '1', 22L), (2L, 2L, '2', 22L), (3L, 3L, '3', 3L), (4L, 4L, '4', 4L), (5L, 5L, '5', 5L), (6L, 6L, '6', 6L))]
===file:sqls_util/transaction/lock.sql, id:91, sql:[commit;]===
dble:[[]]
===file:sqls_util/transaction/lock.sql, id:92, sql:[select * from test1 order by id;]===
dble:[((1L, 1L, '1', 22L), (2L, 2L, '2', 22L), (3L, 3L, '3', 3L), (4L, 4L, '4', 4L), (5L, 5L, '5', 5L), (6L, 6L, '6', 6L))]
===file:sqls_util/transaction/lock.sql, id:95, sql:[delete from test1;]===
dble:[[]]
===file:sqls_util/transaction/lock.sql, id:96, sql:[delete from schema2.test2;]===
dble:[[]]
===file:sqls_util/transaction/lock.sql, id:97, sql:[insert into test1 values(1,1,1,1),(2,2,2,2),(3,3,3,3),(4,4,4,4),(5,5,5,5),(6,6,6,6);]===
dble:[[]]
===file:sqls_util/transaction/lock.sql, id:98, sql:[insert into schema2.test2 values(1,1,1,1),(2,2,2,2),(3,3,3,3),(4,4,4,4),(5,5,5,5),(6,6,6,6);]===
dble:[[]]
===file:sqls_util/transaction/lock.sql, id:99, sql:[begin;]===
dble:[[]]
===file:sqls_util/transaction/lock.sql, id:100, sql:[select * from test1 a,(select * from schema2.test2 lock in share mode)b where a.pad=b.pad order by a.id;]===
dble:[((1L, 1L, '1', 1L, 1L, 1L, '1', 1L), (2L, 2L, '2', 2L, 2L, 2L, '2', 2L), (3L, 3L, '3', 3L, 3L, 3L, '3', 3L), (4L, 4L, '4', 4L, 4L, 4L, '4', 4L), (5L, 5L, '5', 5L, 5L, 5L, '5', 5L), (6L, 6L, '6', 6L, 6L, 6L, '6', 6L))]
===file:sqls_util/transaction/lock.sql, id:102, sql:[begin;]===
dble:[[]]
===file:sqls_util/transaction/lock.sql, id:103, sql:[update test1 set pad=22 where id=1;]===
dble:[[]]
===file:sqls_util/transaction/lock.sql, id:104, sql:[update schema2.test2 set pad=22 where id=1/*hang*/;]===
dble:[[]]
===file:sqls_util/transaction/lock.sql, id:106, sql:[rollback;]===
dble:[[]]
===file:sqls_util/transaction/lock.sql, id:108, sql:[update test1 set pad=22 where id=2;]===
dble:[[]]
===file:sqls_util/transaction/lock.sql, id:109, sql:[select * from test1 order by id;]===
dble:[((1L, 1L, '1', 22L), (2L, 2L, '2', 22L), (3L, 3L, '3', 3L), (4L, 4L, '4', 4L), (5L, 5L, '5', 5L), (6L, 6L, '6', 6L))]
===file:sqls_util/transaction/lock.sql, id:110, sql:[commit;]===
dble:[[]]
===file:sqls_util/transaction/lock.sql, id:111, sql:[select * from test1 order by id;]===
dble:[((1L, 1L, '1', 22L), (2L, 2L, '2', 22L), (3L, 3L, '3', 3L), (4L, 4L, '4', 4L), (5L, 5L, '5', 5L), (6L, 6L, '6', 6L))]
===file:sqls_util/transaction/lock.sql, id:114, sql:[delete from test1;]===
dble:[[]]
===file:sqls_util/transaction/lock.sql, id:115, sql:[insert into test1 values(1,1,1,1),(2,2,2,2),(3,3,3,3),(4,4,4,4),(5,5,5,5),(6,6,6,6);]===
dble:[[]]
===file:sqls_util/transaction/lock.sql, id:116, sql:[begin;]===
dble:[[]]
===file:sqls_util/transaction/lock.sql, id:117, sql:[select * from test1 order by id for update;]===
dble:[((1L, 1L, '1', 1L), (2L, 2L, '2', 2L), (3L, 3L, '3', 3L), (4L, 4L, '4', 4L), (5L, 5L, '5', 5L), (6L, 6L, '6', 6L))]
===file:sqls_util/transaction/lock.sql, id:119, sql:[begin;]===
dble:[[]]
===file:sqls_util/transaction/lock.sql, id:120, sql:[select * from test1 for update/*hang*/;]===
dble:[[(1L, 1L, '1', 1L), (2L, 2L, '2', 2L), (3L, 3L, '3', 3L), (4L, 4L, '4', 4L), (5L, 5L, '5', 5L), (6L, 6L, '6', 6L)]]
===file:sqls_util/transaction/lock.sql, id:122, sql:[commit;]===
dble:[[]]
===file:sqls_util/transaction/lock.sql, id:124, sql:[select * from test1 order by id;]===
dble:[((1L, 1L, '1', 1L), (2L, 2L, '2', 2L), (3L, 3L, '3', 3L), (4L, 4L, '4', 4L), (5L, 5L, '5', 5L), (6L, 6L, '6', 6L))]
===file:sqls_util/transaction/lock.sql, id:125, sql:[commit;]===
dble:[[]]
===file:sqls_util/transaction/lock.sql, id:126, sql:[select * from test1 order by id;]===
dble:[((1L, 1L, '1', 1L), (2L, 2L, '2', 2L), (3L, 3L, '3', 3L), (4L, 4L, '4', 4L), (5L, 5L, '5', 5L), (6L, 6L, '6', 6L))]
===file:sqls_util/transaction/lock.sql, id:129, sql:[delete from test1;]===
dble:[[]]
===file:sqls_util/transaction/lock.sql, id:130, sql:[insert into test1 values(1,1,1,1),(2,2,2,2),(3,3,3,3),(4,4,4,4),(5,5,5,5),(6,6,6,6);]===
dble:[[]]
===file:sqls_util/transaction/lock.sql, id:131, sql:[begin;]===
dble:[[]]
===file:sqls_util/transaction/lock.sql, id:132, sql:[select * from test1 order by id for update;]===
dble:[((1L, 1L, '1', 1L), (2L, 2L, '2', 2L), (3L, 3L, '3', 3L), (4L, 4L, '4', 4L), (5L, 5L, '5', 5L), (6L, 6L, '6', 6L))]
===file:sqls_util/transaction/lock.sql, id:134, sql:[begin;]===
dble:[[]]
===file:sqls_util/transaction/lock.sql, id:135, sql:[select * from test1 for update/*hang*/;]===
dble:[[(1L, 1L, '1', 1L), (2L, 2L, '2', 2L), (3L, 3L, '3', 3L), (4L, 4L, '4', 4L), (5L, 5L, '5', 5L), (6L, 6L, '6', 6L)]]
===file:sqls_util/transaction/lock.sql, id:137, sql:[rollback ;]===
dble:[[]]
===file:sqls_util/transaction/lock.sql, id:139, sql:[select * from test1 order by id;]===
dble:[((1L, 1L, '1', 1L), (2L, 2L, '2', 2L), (3L, 3L, '3', 3L), (4L, 4L, '4', 4L), (5L, 5L, '5', 5L), (6L, 6L, '6', 6L))]
===file:sqls_util/transaction/lock.sql, id:140, sql:[commit;]===
dble:[[]]
===file:sqls_util/transaction/lock.sql, id:141, sql:[select * from test1 order by id;]===
dble:[((1L, 1L, '1', 1L), (2L, 2L, '2', 2L), (3L, 3L, '3', 3L), (4L, 4L, '4', 4L), (5L, 5L, '5', 5L), (6L, 6L, '6', 6L))]
===file:sqls_util/transaction/lock.sql, id:144, sql:[delete from test1;]===
dble:[[]]
===file:sqls_util/transaction/lock.sql, id:145, sql:[insert into test1 values(1,1,1,1),(2,2,2,2),(3,3,3,3),(4,4,4,4),(5,5,5,5),(6,6,6,6);]===
dble:[[]]
===file:sqls_util/transaction/lock.sql, id:146, sql:[begin;]===
dble:[[]]
===file:sqls_util/transaction/lock.sql, id:147, sql:[select * from test1 order by id for update;]===
dble:[((1L, 1L, '1', 1L), (2L, 2L, '2', 2L), (3L, 3L, '3', 3L), (4L, 4L, '4', 4L), (5L, 5L, '5', 5L), (6L, 6L, '6', 6L))]
===file:sqls_util/transaction/lock.sql, id:149, sql:[begin;]===
dble:[[]]
===file:sqls_util/transaction/lock.sql, id:150, sql:[update test1 set pad=22 where id=1/*hang*/;]===
dble:[[]]
===file:sqls_util/transaction/lock.sql, id:152, sql:[commit;]===
dble:[[]]
===file:sqls_util/transaction/lock.sql, id:154, sql:[update test1 set pad=22 where id=2;]===
dble:[[]]
===file:sqls_util/transaction/lock.sql, id:155, sql:[select * from test1 order by id;]===
dble:[((1L, 1L, '1', 22L), (2L, 2L, '2', 22L), (3L, 3L, '3', 3L), (4L, 4L, '4', 4L), (5L, 5L, '5', 5L), (6L, 6L, '6', 6L))]
===file:sqls_util/transaction/lock.sql, id:156, sql:[commit;]===
dble:[[]]
===file:sqls_util/transaction/lock.sql, id:157, sql:[select * from test1 order by id;]===
dble:[((1L, 1L, '1', 22L), (2L, 2L, '2', 22L), (3L, 3L, '3', 3L), (4L, 4L, '4', 4L), (5L, 5L, '5', 5L), (6L, 6L, '6', 6L))]
===file:sqls_util/transaction/lock.sql, id:160, sql:[delete from test1;]===
dble:[[]]
===file:sqls_util/transaction/lock.sql, id:161, sql:[insert into test1 values(1,1,1,1),(2,2,2,2),(3,3,3,3),(4,4,4,4),(5,5,5,5),(6,6,6,6);]===
dble:[[]]
===file:sqls_util/transaction/lock.sql, id:162, sql:[begin;]===
dble:[[]]
===file:sqls_util/transaction/lock.sql, id:163, sql:[select * from test1 order by id for update;]===
dble:[((1L, 1L, '1', 1L), (2L, 2L, '2', 2L), (3L, 3L, '3', 3L), (4L, 4L, '4', 4L), (5L, 5L, '5', 5L), (6L, 6L, '6', 6L))]
===file:sqls_util/transaction/lock.sql, id:165, sql:[begin;]===
dble:[[]]
===file:sqls_util/transaction/lock.sql, id:166, sql:[update test1 set pad=22 where id=1/*hang*/;]===
dble:[[]]
===file:sqls_util/transaction/lock.sql, id:168, sql:[rollback;]===
dble:[[]]
===file:sqls_util/transaction/lock.sql, id:170, sql:[update test1 set pad=22 where id=2;]===
dble:[[]]
===file:sqls_util/transaction/lock.sql, id:171, sql:[select * from test1 order by id;]===
dble:[((1L, 1L, '1', 22L), (2L, 2L, '2', 22L), (3L, 3L, '3', 3L), (4L, 4L, '4', 4L), (5L, 5L, '5', 5L), (6L, 6L, '6', 6L))]
===file:sqls_util/transaction/lock.sql, id:172, sql:[commit;]===
dble:[[]]
===file:sqls_util/transaction/lock.sql, id:173, sql:[select * from test1 order by id;]===
dble:[((1L, 1L, '1', 22L), (2L, 2L, '2', 22L), (3L, 3L, '3', 3L), (4L, 4L, '4', 4L), (5L, 5L, '5', 5L), (6L, 6L, '6', 6L))]
===file:sqls_util/transaction/lock.sql, id:176, sql:[delete from test1;]===
dble:[[]]
===file:sqls_util/transaction/lock.sql, id:177, sql:[delete from schema2.test2;]===
dble:[[]]
===file:sqls_util/transaction/lock.sql, id:178, sql:[insert into test1 values(1,1,1,1),(2,2,2,2),(3,3,3,3),(4,4,4,4),(5,5,5,5),(6,6,6,6);]===
dble:[[]]
===file:sqls_util/transaction/lock.sql, id:179, sql:[insert into schema2.test2 values(1,1,1,1),(2,2,2,2),(3,3,3,3),(4,4,4,4),(5,5,5,5),(6,6,6,6);]===
dble:[[]]
===file:sqls_util/transaction/lock.sql, id:180, sql:[begin;]===
dble:[[]]
===file:sqls_util/transaction/lock.sql, id:181, sql:[select * from test1 a,(select * from schema2.test2 for update)b where a.pad=b.pad order by a.id;]===
dble:[((1L, 1L, '1', 1L, 1L, 1L, '1', 1L), (2L, 2L, '2', 2L, 2L, 2L, '2', 2L), (3L, 3L, '3', 3L, 3L, 3L, '3', 3L), (4L, 4L, '4', 4L, 4L, 4L, '4', 4L), (5L, 5L, '5', 5L, 5L, 5L, '5', 5L), (6L, 6L, '6', 6L, 6L, 6L, '6', 6L))]
===file:sqls_util/transaction/lock.sql, id:183, sql:[begin;]===
dble:[[]]
===file:sqls_util/transaction/lock.sql, id:184, sql:[update test1 set pad=22 where id=1;]===
dble:[[]]
===file:sqls_util/transaction/lock.sql, id:185, sql:[update schema2.test2 set pad=22 where id=1/*hang*/;]===
dble:[[]]
===file:sqls_util/transaction/lock.sql, id:187, sql:[commit;]===
dble:[[]]
===file:sqls_util/transaction/lock.sql, id:189, sql:[update test1 set pad=22 where id=2;]===
dble:[[]]
===file:sqls_util/transaction/lock.sql, id:190, sql:[select * from test1 order by id;]===
dble:[((1L, 1L, '1', 22L), (2L, 2L, '2', 22L), (3L, 3L, '3', 3L), (4L, 4L, '4', 4L), (5L, 5L, '5', 5L), (6L, 6L, '6', 6L))]
===file:sqls_util/transaction/lock.sql, id:191, sql:[commit;]===
dble:[[]]
===file:sqls_util/transaction/lock.sql, id:192, sql:[select * from test1 order by id;]===
dble:[((1L, 1L, '1', 22L), (2L, 2L, '2', 22L), (3L, 3L, '3', 3L), (4L, 4L, '4', 4L), (5L, 5L, '5', 5L), (6L, 6L, '6', 6L))]
===file:sqls_util/transaction/lock.sql, id:195, sql:[delete from test1;]===
dble:[[]]
===file:sqls_util/transaction/lock.sql, id:196, sql:[delete from schema2.test2;]===
dble:[[]]
===file:sqls_util/transaction/lock.sql, id:197, sql:[insert into test1 values(1,1,1,1),(2,2,2,2),(3,3,3,3),(4,4,4,4),(5,5,5,5),(6,6,6,6);]===
dble:[[]]
===file:sqls_util/transaction/lock.sql, id:198, sql:[insert into schema2.test2 values(1,1,1,1),(2,2,2,2),(3,3,3,3),(4,4,4,4),(5,5,5,5),(6,6,6,6);]===
dble:[[]]
===file:sqls_util/transaction/lock.sql, id:199, sql:[begin;]===
dble:[[]]
===file:sqls_util/transaction/lock.sql, id:200, sql:[select * from test1 a,(select * from schema2.test2 for update)b where a.pad=b.pad order by a.id;]===
dble:[((1L, 1L, '1', 1L, 1L, 1L, '1', 1L), (2L, 2L, '2', 2L, 2L, 2L, '2', 2L), (3L, 3L, '3', 3L, 3L, 3L, '3', 3L), (4L, 4L, '4', 4L, 4L, 4L, '4', 4L), (5L, 5L, '5', 5L, 5L, 5L, '5', 5L), (6L, 6L, '6', 6L, 6L, 6L, '6', 6L))]
===file:sqls_util/transaction/lock.sql, id:202, sql:[begin;]===
dble:[[]]
===file:sqls_util/transaction/lock.sql, id:203, sql:[update test1 set pad=22 where id=1;]===
dble:[[]]
===file:sqls_util/transaction/lock.sql, id:204, sql:[update schema2.test2 set pad=22 where id=1/*hang*/;]===
dble:[[]]
===file:sqls_util/transaction/lock.sql, id:206, sql:[rollback;]===
dble:[[]]
===file:sqls_util/transaction/lock.sql, id:208, sql:[update test1 set pad=22 where id=2;]===
dble:[[]]
===file:sqls_util/transaction/lock.sql, id:209, sql:[select * from test1 order by id;]===
dble:[((1L, 1L, '1', 22L), (2L, 2L, '2', 22L), (3L, 3L, '3', 3L), (4L, 4L, '4', 4L), (5L, 5L, '5', 5L), (6L, 6L, '6', 6L))]
===file:sqls_util/transaction/lock.sql, id:210, sql:[commit;]===
dble:[[]]
===file:sqls_util/transaction/lock.sql, id:211, sql:[select * from test1 order by id;]===
dble:[((1L, 1L, '1', 22L), (2L, 2L, '2', 22L), (3L, 3L, '3', 3L), (4L, 4L, '4', 4L), (5L, 5L, '5', 5L), (6L, 6L, '6', 6L))]
===file:sqls_util/transaction/lock.sql, id:214, sql:[delete from test1;]===
dble:[[]]
===file:sqls_util/transaction/lock.sql, id:215, sql:[insert into test1 values(1,1,1,1),(2,2,2,2),(3,3,3,3),(4,4,4,4),(5,5,5,5),(6,6,6,6);]===
dble:[[]]
===file:sqls_util/transaction/lock.sql, id:216, sql:[begin;]===
dble:[[]]
===file:sqls_util/transaction/lock.sql, id:217, sql:[select * from test1 where k=2 for update;]===
dble:[[(2L, 2L, '2', 2L)]]
===file:sqls_util/transaction/lock.sql, id:219, sql:[begin;]===
dble:[[]]
===file:sqls_util/transaction/lock.sql, id:220, sql:[update test1 set pad=22 where id=1;]===
dble:[[]]
===file:sqls_util/transaction/lock.sql, id:221, sql:[update test1 set pad=22 where id=2;]===
dble:[[]]
===file:sqls_util/transaction/lock.sql, id:223, sql:[commit;]===
dble:[[]]
===file:sqls_util/transaction/lock.sql, id:225, sql:[select * from test1 order by id;]===
dble:[((1L, 1L, '1', 22L), (2L, 2L, '2', 22L), (3L, 3L, '3', 3L), (4L, 4L, '4', 4L), (5L, 5L, '5', 5L), (6L, 6L, '6', 6L))]
===file:sqls_util/transaction/lock.sql, id:226, sql:[commit;]===
dble:[[]]
===file:sqls_util/transaction/lock.sql, id:227, sql:[select * from test1 order by id;]===
dble:[((1L, 1L, '1', 22L), (2L, 2L, '2', 22L), (3L, 3L, '3', 3L), (4L, 4L, '4', 4L), (5L, 5L, '5', 5L), (6L, 6L, '6', 6L))]
===file:sqls_util/transaction/lock.sql, id:230, sql:[delete from test1;]===
dble:[[]]
===file:sqls_util/transaction/lock.sql, id:231, sql:[insert into test1 values(1,1,1,1),(2,2,2,2),(3,3,3,3),(4,4,4,4),(5,5,5,5),(6,6,6,6);]===
dble:[[]]
===file:sqls_util/transaction/lock.sql, id:232, sql:[begin;]===
dble:[[]]
===file:sqls_util/transaction/lock.sql, id:233, sql:[select * from test1 where k=2 for update;]===
dble:[[(2L, 2L, '2', 2L)]]
===file:sqls_util/transaction/lock.sql, id:235, sql:[begin;]===
dble:[[]]
===file:sqls_util/transaction/lock.sql, id:236, sql:[update test1 set pad=22 where id=1;]===
dble:[[]]
===file:sqls_util/transaction/lock.sql, id:237, sql:[update test1 set pad=22 where id=2;]===
dble:[[]]
===file:sqls_util/transaction/lock.sql, id:239, sql:[rollback;]===
dble:[[]]
===file:sqls_util/transaction/lock.sql, id:241, sql:[select * from test1 order by id;]===
dble:[((1L, 1L, '1', 22L), (2L, 2L, '2', 22L), (3L, 3L, '3', 3L), (4L, 4L, '4', 4L), (5L, 5L, '5', 5L), (6L, 6L, '6', 6L))]
===file:sqls_util/transaction/lock.sql, id:242, sql:[commit;]===
dble:[[]]
===file:sqls_util/transaction/lock.sql, id:243, sql:[select * from test1 order by id;]===
dble:[((1L, 1L, '1', 22L), (2L, 2L, '2', 22L), (3L, 3L, '3', 3L), (4L, 4L, '4', 4L), (5L, 5L, '5', 5L), (6L, 6L, '6', 6L))]
===file:sqls_util/transaction/lock.sql, id:246, sql:[delete from test1;]===
dble:[[]]
===file:sqls_util/transaction/lock.sql, id:247, sql:[insert into test1 values(1,1,1,1),(2,2,2,2),(3,3,3,3),(4,4,4,4),(5,5,5,5),(6,6,6,6);]===
dble:[[]]
===file:sqls_util/transaction/lock.sql, id:248, sql:[begin;]===
dble:[[]]
===file:sqls_util/transaction/lock.sql, id:249, sql:[select * from test1 where pad=2 for update;]===
dble:[[(2L, 2L, '2', 2L)]]
===file:sqls_util/transaction/lock.sql, id:251, sql:[begin;]===
dble:[[]]
===file:sqls_util/transaction/lock.sql, id:252, sql:[update test1 set pad=22 where id=1;]===
dble:[[]]
===file:sqls_util/transaction/lock.sql, id:254, sql:[commit;]===
dble:[[]]
===file:sqls_util/transaction/lock.sql, id:256, sql:[select * from test1 order by id;]===
dble:[((1L, 1L, '1', 22L), (2L, 2L, '2', 2L), (3L, 3L, '3', 3L), (4L, 4L, '4', 4L), (5L, 5L, '5', 5L), (6L, 6L, '6', 6L))]
===file:sqls_util/transaction/lock.sql, id:257, sql:[commit;]===
dble:[[]]
===file:sqls_util/transaction/lock.sql, id:258, sql:[select * from test1 order by id;]===
dble:[((1L, 1L, '1', 22L), (2L, 2L, '2', 2L), (3L, 3L, '3', 3L), (4L, 4L, '4', 4L), (5L, 5L, '5', 5L), (6L, 6L, '6', 6L))]
===file:sqls_util/transaction/lock.sql, id:261, sql:[delete from test1;]===
dble:[[]]
===file:sqls_util/transaction/lock.sql, id:262, sql:[insert into test1 values(1,1,1,1),(2,2,2,2),(3,3,3,3),(4,4,4,4),(5,5,5,5),(6,6,6,6);]===
dble:[[]]
===file:sqls_util/transaction/lock.sql, id:263, sql:[begin;]===
dble:[[]]
===file:sqls_util/transaction/lock.sql, id:264, sql:[select * from test1 where pad=2 for update;]===
dble:[[(2L, 2L, '2', 2L)]]
===file:sqls_util/transaction/lock.sql, id:266, sql:[begin;]===
dble:[[]]
===file:sqls_util/transaction/lock.sql, id:267, sql:[update test1 set pad=22 where id=1;]===
dble:[[]]
===file:sqls_util/transaction/lock.sql, id:269, sql:[rollback;]===
dble:[[]]
===file:sqls_util/transaction/lock.sql, id:271, sql:[select * from test1 order by id;]===
dble:[((1L, 1L, '1', 22L), (2L, 2L, '2', 2L), (3L, 3L, '3', 3L), (4L, 4L, '4', 4L), (5L, 5L, '5', 5L), (6L, 6L, '6', 6L))]
===file:sqls_util/transaction/lock.sql, id:272, sql:[commit;]===
dble:[[]]
===file:sqls_util/transaction/lock.sql, id:273, sql:[select * from test1 order by id;]===
dble:[((1L, 1L, '1', 22L), (2L, 2L, '2', 2L), (3L, 3L, '3', 3L), (4L, 4L, '4', 4L), (5L, 5L, '5', 5L), (6L, 6L, '6', 6L))]
===file:sqls_util/transaction/lock.sql, id:276, sql:[delete from test1;]===
dble:[[]]
===file:sqls_util/transaction/lock.sql, id:277, sql:[insert into test1 values(1,1,1,1),(2,2,2,2),(3,3,3,3),(4,4,4,4),(5,5,5,5),(6,6,6,6);]===
dble:[[]]
===file:sqls_util/transaction/lock.sql, id:278, sql:[begin;]===
dble:[[]]
===file:sqls_util/transaction/lock.sql, id:279, sql:[lock table schema1.test1 read;]===
dble:[[]]
===file:sqls_util/transaction/lock.sql, id:281, sql:[begin;]===
dble:[[]]
===file:sqls_util/transaction/lock.sql, id:282, sql:[update test1 set pad=22 where id=1;]===
dble:[[]]
===file:sqls_util/transaction/lock.sql, id:284, sql:[unlock tables;]===
dble:[[]]
===file:sqls_util/transaction/lock.sql, id:286, sql:[select * from test1 order by id;]===
dble:[((1L, 1L, '1', 22L), (2L, 2L, '2', 2L), (3L, 3L, '3', 3L), (4L, 4L, '4', 4L), (5L, 5L, '5', 5L), (6L, 6L, '6', 6L))]
===file:sqls_util/transaction/lock.sql, id:287, sql:[commit;]===
dble:[[]]
===file:sqls_util/transaction/lock.sql, id:288, sql:[select * from test1 order by id;]===
dble:[((1L, 1L, '1', 22L), (2L, 2L, '2', 2L), (3L, 3L, '3', 3L), (4L, 4L, '4', 4L), (5L, 5L, '5', 5L), (6L, 6L, '6', 6L))]
===file:sqls_util/transaction/lock.sql, id:291, sql:[delete from test1;]===
dble:[[]]
===file:sqls_util/transaction/lock.sql, id:292, sql:[insert into test1 values(1,1,1,1),(2,2,2,2),(3,3,3,3),(4,4,4,4),(5,5,5,5),(6,6,6,6);]===
dble:[[]]
===file:sqls_util/transaction/lock.sql, id:293, sql:[use schema2;]===
dble:[[]]
===file:sqls_util/transaction/lock.sql, id:294, sql:[begin;]===
dble:[[]]
===file:sqls_util/transaction/lock.sql, id:295, sql:[lock table schema1.test1 write;]===
dble:[[]]
===file:sqls_util/transaction/lock.sql, id:297, sql:[begin;]===
dble:[[]]
===file:sqls_util/transaction/lock.sql, id:298, sql:[update test1 set pad=22 where id=1;]===
dble:[[]]
===file:sqls_util/transaction/lock.sql, id:300, sql:[unlock tables;]===
dble:[[]]
===file:sqls_util/transaction/lock.sql, id:301, sql:[use schema1;]===
dble:[[]]
===file:sqls_util/transaction/lock.sql, id:303, sql:[select * from test1 order by id;]===
dble:[((1L, 1L, '1', 22L), (2L, 2L, '2', 2L), (3L, 3L, '3', 3L), (4L, 4L, '4', 4L), (5L, 5L, '5', 5L), (6L, 6L, '6', 6L))]
===file:sqls_util/transaction/lock.sql, id:304, sql:[commit;]===
dble:[[]]
===file:sqls_util/transaction/lock.sql, id:305, sql:[select * from test1 order by id;]===
dble:[((1L, 1L, '1', 22L), (2L, 2L, '2', 2L), (3L, 3L, '3', 3L), (4L, 4L, '4', 4L), (5L, 5L, '5', 5L), (6L, 6L, '6', 6L))]
===file:sqls_util/transaction/lock.sql, id:308, sql:[delete from test1;]===
dble:[[]]
===file:sqls_util/transaction/lock.sql, id:309, sql:[insert into test1 values(1,1,1,1),(2,2,2,2),(3,3,3,3),(4,4,4,4),(5,5,5,5),(6,6,6,6);]===
dble:[[]]
===file:sqls_util/transaction/lock.sql, id:310, sql:[use schema2;]===
dble:[[]]
===file:sqls_util/transaction/lock.sql, id:311, sql:[lock tables schema1.test1 read;]===
dble:[[]]
===file:sqls_util/transaction/lock.sql, id:313, sql:[update test1 set pad=22 where id=1;]===
dble:[[]]
===file:sqls_util/transaction/lock.sql, id:315, sql:[unlock tables;]===
dble:[[]]
===file:sqls_util/transaction/lock.sql, id:316, sql:[use schema1;]===
dble:[[]]
===file:sqls_util/transaction/lock.sql, id:318, sql:[select * from test1 order by id;]===
dble:[((1L, 1L, '1', 22L), (2L, 2L, '2', 2L), (3L, 3L, '3', 3L), (4L, 4L, '4', 4L), (5L, 5L, '5', 5L), (6L, 6L, '6', 6L))]
===file:sqls_util/transaction/lock.sql, id:321, sql:[delete from test1;]===
dble:[[]]
===file:sqls_util/transaction/lock.sql, id:322, sql:[insert into test1 values(1,1,1,1),(2,2,2,2),(3,3,3,3),(4,4,4,4),(5,5,5,5),(6,6,6,6);]===
dble:[[]]
===file:sqls_util/transaction/lock.sql, id:323, sql:[lock tables schema1.test1 write;]===
dble:[[]]
===file:sqls_util/transaction/lock.sql, id:325, sql:[update test1 set pad=22 where id=1;]===
dble:[[]]
===file:sqls_util/transaction/lock.sql, id:327, sql:[unlock tables;]===
dble:[[]]
===file:sqls_util/transaction/lock.sql, id:329, sql:[select * from test1 order by id;]===
dble:[((1L, 1L, '1', 22L), (2L, 2L, '2', 2L), (3L, 3L, '3', 3L), (4L, 4L, '4', 4L), (5L, 5L, '5', 5L), (6L, 6L, '6', 6L))]
===file:sqls_util/transaction/lock.sql, id:332, sql:[delete from test1;]===
dble:[[]]
===file:sqls_util/transaction/lock.sql, id:333, sql:[insert into test1 values(1,1,1,1),(2,2,2,2),(3,3,3,3),(4,4,4,4),(5,5,5,5),(6,6,6,6);]===
dble:[[]]
===file:sqls_util/transaction/lock.sql, id:334, sql:[use schema2;]===
dble:[[]]
===file:sqls_util/transaction/lock.sql, id:335, sql:[begin;]===
dble:[[]]
===file:sqls_util/transaction/lock.sql, id:336, sql:[lock tables schema1.view_test1 read;]===
dble:[[]]
===file:sqls_util/transaction/lock.sql, id:338, sql:[begin;]===
dble:[[]]
===file:sqls_util/transaction/lock.sql, id:339, sql:[update test1 set pad=22 where id=1;]===
dble:[[]]
===file:sqls_util/transaction/lock.sql, id:341, sql:[unlock tables;]===
dble:[[]]
===file:sqls_util/transaction/lock.sql, id:342, sql:[use schema1;]===
dble:[[]]
===file:sqls_util/transaction/lock.sql, id:344, sql:[select * from test1 order by id;]===
dble:[((1L, 1L, '1', 22L), (2L, 2L, '2', 2L), (3L, 3L, '3', 3L), (4L, 4L, '4', 4L), (5L, 5L, '5', 5L), (6L, 6L, '6', 6L))]
===file:sqls_util/transaction/lock.sql, id:345, sql:[commit;]===
dble:[[]]
===file:sqls_util/transaction/lock.sql, id:346, sql:[select * from view_test1 order by id;]===
dble:[((1L, '1'), (2L, '2'), (3L, '3'), (4L, '4'), (5L, '5'), (6L, '6'))]
===file:sqls_util/transaction/lock.sql, id:349, sql:[delete from test1;]===
dble:[[]]
===file:sqls_util/transaction/lock.sql, id:350, sql:[insert into test1 values(1,1,1,1),(2,2,2,2),(3,3,3,3),(4,4,4,4),(5,5,5,5),(6,6,6,6);]===
dble:[[]]
===file:sqls_util/transaction/lock.sql, id:351, sql:[begin;]===
dble:[[]]
===file:sqls_util/transaction/lock.sql, id:352, sql:[lock tables view_test1 write;]===
dble:[[]]
===file:sqls_util/transaction/lock.sql, id:354, sql:[begin;]===
dble:[[]]
===file:sqls_util/transaction/lock.sql, id:355, sql:[update test1 set pad=22 where id=1;]===
dble:[[]]
===file:sqls_util/transaction/lock.sql, id:357, sql:[unlock tables;]===
dble:[[]]
===file:sqls_util/transaction/lock.sql, id:359, sql:[select * from test1 order by id;]===
dble:[((1L, 1L, '1', 22L), (2L, 2L, '2', 2L), (3L, 3L, '3', 3L), (4L, 4L, '4', 4L), (5L, 5L, '5', 5L), (6L, 6L, '6', 6L))]
===file:sqls_util/transaction/lock.sql, id:360, sql:[commit;]===
dble:[[]]
===file:sqls_util/transaction/lock.sql, id:361, sql:[select * from view_test1 order by id;]===
dble:[((1L, '1'), (2L, '2'), (3L, '3'), (4L, '4'), (5L, '5'), (6L, '6'))]
===file:sqls_util/transaction/lock.sql, id:364, sql:[delete from test1;]===
dble:[[]]
===file:sqls_util/transaction/lock.sql, id:365, sql:[insert into test1 values(1,1,1,1),(2,2,2,2),(3,3,3,3),(4,4,4,4),(5,5,5,5),(6,6,6,6);]===
dble:[[]]
===file:sqls_util/transaction/lock.sql, id:366, sql:[lock tables schema1.view_test1 read;]===
dble:[[]]
===file:sqls_util/transaction/lock.sql, id:368, sql:[update test1 set pad=22 where id=1;]===
dble:[[]]
===file:sqls_util/transaction/lock.sql, id:370, sql:[unlock tables;]===
dble:[[]]
===file:sqls_util/transaction/lock.sql, id:372, sql:[select * from test1 order by id;]===
dble:[((1L, 1L, '1', 22L), (2L, 2L, '2', 2L), (3L, 3L, '3', 3L), (4L, 4L, '4', 4L), (5L, 5L, '5', 5L), (6L, 6L, '6', 6L))]
===file:sqls_util/transaction/lock.sql, id:373, sql:[select * from view_test1 order by id;]===
dble:[((1L, '1'), (2L, '2'), (3L, '3'), (4L, '4'), (5L, '5'), (6L, '6'))]
===file:sqls_util/transaction/lock.sql, id:376, sql:[delete from test1;]===
dble:[[]]
===file:sqls_util/transaction/lock.sql, id:377, sql:[insert into test1 values(1,1,1,1),(2,2,2,2),(3,3,3,3),(4,4,4,4),(5,5,5,5),(6,6,6,6);]===
dble:[[]]
===file:sqls_util/transaction/lock.sql, id:378, sql:[use schema2;]===
dble:[[]]
===file:sqls_util/transaction/lock.sql, id:379, sql:[lock tables schema1.view_test1 write;]===
dble:[[]]
===file:sqls_util/transaction/lock.sql, id:381, sql:[update test1 set pad=22 where id=1;]===
dble:[[]]
===file:sqls_util/transaction/lock.sql, id:383, sql:[unlock tables;]===
dble:[[]]
===file:sqls_util/transaction/lock.sql, id:384, sql:[use schema1;]===
dble:[[]]
===file:sqls_util/transaction/lock.sql, id:386, sql:[select * from test1 order by id;]===
dble:[((1L, 1L, '1', 22L), (2L, 2L, '2', 2L), (3L, 3L, '3', 3L), (4L, 4L, '4', 4L), (5L, 5L, '5', 5L), (6L, 6L, '6', 6L))]
===file:sqls_util/transaction/lock.sql, id:387, sql:[select * from view_test1 order by id;]===
dble:[((1L, '1'), (2L, '2'), (3L, '3'), (4L, '4'), (5L, '5'), (6L, '6'))]
===file:sqls_util/transaction/lock.sql, id:391, sql:[drop view if exists view_test1;]===
dble:[[]]
===file:sqls_util/transaction/lock.sql, id:392, sql:[drop table if exists test1;]===
dble:[[]]
===file:sqls_util/transaction/lock.sql, id:393, sql:[drop table if exists schema2.test2;]===
dble:[[]]
