===file:syntax/alter_table.sql, id:46, sql:[DROP TABLE IF EXISTS aly_test]===
dble:[[]]
===file:syntax/alter_table.sql, id:47, sql:[CREATE TABLE aly_test (id int(11),R_REGIONKEY int(11),R_NAME varchar(50),R_COMMENT varchar(50))]===
dble:[[]]
===file:syntax/alter_table.sql, id:48, sql:[ALTER TABLE aly_test ADD name CHAR(5)]===
dble:[[]]
===file:syntax/alter_table.sql, id:49, sql:[INSERT INTO aly_test VALUES (1,1,'aaa','aaa','aaa')]===
dble:[[]]
===file:syntax/alter_table.sql, id:50, sql:[DESC aly_test]===
dble:[[('R_COMMENT', 'varchar(50)', 'YES', '', None, ''), ('R_NAME', 'varchar(50)', 'YES', '', None, ''), ('R_REGIONKEY', 'int(11)', 'YES', '', None, ''), ('id', 'int(11)', 'YES', '', None, ''), ('name', 'char(5)', 'YES', '', None, '')]]
===file:syntax/alter_table.sql, id:51, sql:[ALTER TABLE aly_test ADD COLUMN name2 CHAR(5)]===
dble:[[]]
===file:syntax/alter_table.sql, id:52, sql:[INSERT INTO aly_test VALUES (2,1,'aaa','aaa','aaa','aaa')]===
dble:[[]]
===file:syntax/alter_table.sql, id:53, sql:[DESC aly_test]===
dble:[[('R_COMMENT', 'varchar(50)', 'YES', '', None, ''), ('R_NAME', 'varchar(50)', 'YES', '', None, ''), ('R_REGIONKEY', 'int(11)', 'YES', '', None, ''), ('id', 'int(11)', 'YES', '', None, ''), ('name', 'char(5)', 'YES', '', None, ''), ('name2', 'char(5)', 'YES', '', None, '')]]
===file:syntax/alter_table.sql, id:54, sql:[ALTER TABLE aly_test ADD COLUMN name3 CHAR(5) FIRST]===
dble:[[]]
===file:syntax/alter_table.sql, id:55, sql:[INSERT INTO aly_test VALUES ('aaa',3,1,'aaa','aaa','aaa','aaa')]===
dble:[[]]
===file:syntax/alter_table.sql, id:56, sql:[DESC aly_test]===
dble:[[('R_COMMENT', 'varchar(50)', 'YES', '', None, ''), ('R_NAME', 'varchar(50)', 'YES', '', None, ''), ('R_REGIONKEY', 'int(11)', 'YES', '', None, ''), ('id', 'int(11)', 'YES', '', None, ''), ('name', 'char(5)', 'YES', '', None, ''), ('name2', 'char(5)', 'YES', '', None, ''), ('name3', 'char(5)', 'YES', '', None, '')]]
===file:syntax/alter_table.sql, id:57, sql:[ALTER TABLE aly_test ADD COLUMN name4 CHAR(5) AFTER  R_REGIONKEY]===
dble:[[]]
===file:syntax/alter_table.sql, id:58, sql:[INSERT INTO aly_test VALUES ('aaa',4,1,'aaa','aaa','aaa','aaa','aaa')]===
dble:[[]]
===file:syntax/alter_table.sql, id:59, sql:[DESC aly_test]===
dble:[[('R_COMMENT', 'varchar(50)', 'YES', '', None, ''), ('R_NAME', 'varchar(50)', 'YES', '', None, ''), ('R_REGIONKEY', 'int(11)', 'YES', '', None, ''), ('id', 'int(11)', 'YES', '', None, ''), ('name', 'char(5)', 'YES', '', None, ''), ('name2', 'char(5)', 'YES', '', None, ''), ('name3', 'char(5)', 'YES', '', None, ''), ('name4', 'char(5)', 'YES', '', None, '')]]
===file:syntax/alter_table.sql, id:60, sql:[ALTER TABLE aly_test ADD COLUMN (name5 CHAR(5) ,name6 char(6))]===
dble:[[]]
===file:syntax/alter_table.sql, id:61, sql:[INSERT INTO aly_test VALUES ('aaa',5,1,'aaa','aaa','aaa','aaa','aaa','aaa','aaa')]===
dble:[[]]
===file:syntax/alter_table.sql, id:62, sql:[DESC aly_test]===
dble:[[('R_COMMENT', 'varchar(50)', 'YES', '', None, ''), ('R_NAME', 'varchar(50)', 'YES', '', None, ''), ('R_REGIONKEY', 'int(11)', 'YES', '', None, ''), ('id', 'int(11)', 'YES', '', None, ''), ('name', 'char(5)', 'YES', '', None, ''), ('name2', 'char(5)', 'YES', '', None, ''), ('name3', 'char(5)', 'YES', '', None, ''), ('name4', 'char(5)', 'YES', '', None, ''), ('name5', 'char(5)', 'YES', '', None, ''), ('name6', 'char(6)', 'YES', '', None, '')]]
===file:syntax/alter_table.sql, id:63, sql:[ALTER TABLE aly_test ADD COLUMN (name7 enum('node1','node2','node3') DEFAULT 'node3',name8 varchar(6) NOT NULL)]===
dble:[[]]
===file:syntax/alter_table.sql, id:64, sql:[INSERT INTO aly_test VALUES ('aaa',6,1,'aaa','aaa','aaa','aaa','aaa','aaa','aaa','node1','aaa')]===
dble:[[]]
===file:syntax/alter_table.sql, id:65, sql:[DESC aly_test]===
dble:[[('R_COMMENT', 'varchar(50)', 'YES', '', None, ''), ('R_NAME', 'varchar(50)', 'YES', '', None, ''), ('R_REGIONKEY', 'int(11)', 'YES', '', None, ''), ('id', 'int(11)', 'YES', '', None, ''), ('name', 'char(5)', 'YES', '', None, ''), ('name2', 'char(5)', 'YES', '', None, ''), ('name3', 'char(5)', 'YES', '', None, ''), ('name4', 'char(5)', 'YES', '', None, ''), ('name5', 'char(5)', 'YES', '', None, ''), ('name6', 'char(6)', 'YES', '', None, ''), ('name7', "enum('node1','node2','node3')", 'YES', '', 'node3', ''), ('name8', 'varchar(6)', 'NO', '', None, '')]]
===file:syntax/alter_table.sql, id:66, sql:[ALTER TABLE aly_test DROP column name,DROP column name2,DROP column name3,DROP column name4,DROP column name5]===
dble:[[]]
===file:syntax/alter_table.sql, id:67, sql:[INSERT INTO aly_test VALUES (7,1,'aaa','aaa','aaa','node1','aaa')]===
dble:[[]]
===file:syntax/alter_table.sql, id:68, sql:[ALTER TABLE aly_test DROP name6]===
dble:[[]]
===file:syntax/alter_table.sql, id:69, sql:[INSERT INTO aly_test VALUES (8,1,'aaa','aaa','node1','aaa')]===
dble:[[]]
===file:syntax/alter_table.sql, id:70, sql:[ALTER TABLE aly_test DROP COLUMN name7]===
dble:[[]]
===file:syntax/alter_table.sql, id:71, sql:[INSERT INTO aly_test VALUES (9,1,'aaa','aaa','aaa')]===
dble:[[]]
===file:syntax/alter_table.sql, id:72, sql:[ALTER TABLE aly_test DROP COLUMN name8]===
dble:[[]]
===file:syntax/alter_table.sql, id:73, sql:[INSERT INTO aly_test VALUES (10,1,'aaa','aaa')]===
dble:[[]]
===file:syntax/alter_table.sql, id:74, sql:[DESC aly_test]===
dble:[[('R_COMMENT', 'varchar(50)', 'YES', '', None, ''), ('R_NAME', 'varchar(50)', 'YES', '', None, ''), ('R_REGIONKEY', 'int(11)', 'YES', '', None, ''), ('id', 'int(11)', 'YES', '', None, '')]]
===file:syntax/alter_table.sql, id:75, sql:[SELECT id,R_REGIONKEY,R_NAME,R_COMMENT FROM aly_test]===
dble:[[(1L, 1L, 'aaa', 'aaa'), (2L, 1L, 'aaa', 'aaa'), (3L, 1L, 'aaa', 'aaa'), (4L, 1L, 'aaa', 'aaa'), (5L, 1L, 'aaa', 'aaa'), (6L, 1L, 'aaa', 'aaa'), (7L, 1L, 'aaa', 'aaa'), (8L, 1L, 'aaa', 'aaa'), (9L, 1L, 'aaa', 'aaa'), (10L, 1L, 'aaa', 'aaa')]]
===file:syntax/alter_table.sql, id:80, sql:[DROP TABLE IF EXISTS aly_test]===
dble:[[]]
===file:syntax/alter_table.sql, id:81, sql:[CREATE TABLE aly_test (id int(11),R_REGIONKEY int(11),R_NAME varchar(50),R_COMMENT varchar(50))]===
dble:[[]]
===file:syntax/alter_table.sql, id:82, sql:[ALTER TABLE aly_test ADD INDEX (id)]===
dble:[[]]
===file:syntax/alter_table.sql, id:83, sql:[SHOW INDEX FROM aly_test]===
dble:[[('aly_test', 1L, 'id', 1L, 'id', 'A', 0L, None, None, 'YES', 'BTREE', '', '')]]
===file:syntax/alter_table.sql, id:84, sql:[INSERT INTO aly_test VALUES (1,1,'aaa','aaa')]===
dble:[[]]
===file:syntax/alter_table.sql, id:85, sql:[ALTER TABLE aly_test DROP INDEX id]===
dble:[[]]
===file:syntax/alter_table.sql, id:86, sql:[SHOW CREATE TABLE aly_test]===
dble:[[('aly_test', 'CREATE TABLE `aly_test` (\n  `id` int(11) DEFAULT NULL,\n  `R_REGIONKEY` int(11) DEFAULT NULL,\n  `R_NAME` varchar(50) DEFAULT NULL,\n  `R_COMMENT` varchar(50) DEFAULT NULL\n) ENGINE=InnoDB DEFAULT CHARSET=latin1')]]
===file:syntax/alter_table.sql, id:87, sql:[ALTER TABLE aly_test ADD INDEX idx (id)]===
dble:[[]]
===file:syntax/alter_table.sql, id:88, sql:[INSERT INTO aly_test VALUES (2,2,'aaa','aaa')]===
dble:[[]]
===file:syntax/alter_table.sql, id:89, sql:[SHOW CREATE TABLE aly_test]===
dble:[[('aly_test', 'CREATE TABLE `aly_test` (\n  `id` int(11) DEFAULT NULL,\n  `R_REGIONKEY` int(11) DEFAULT NULL,\n  `R_NAME` varchar(50) DEFAULT NULL,\n  `R_COMMENT` varchar(50) DEFAULT NULL,\n  KEY `idx` (`id`)\n) ENGINE=InnoDB DEFAULT CHARSET=latin1')]]
===file:syntax/alter_table.sql, id:90, sql:[ALTER TABLE aly_test DROP KEY idx]===
dble:[[]]
===file:syntax/alter_table.sql, id:91, sql:[SHOW CREATE TABLE aly_test]===
dble:[[('aly_test', 'CREATE TABLE `aly_test` (\n  `id` int(11) DEFAULT NULL,\n  `R_REGIONKEY` int(11) DEFAULT NULL,\n  `R_NAME` varchar(50) DEFAULT NULL,\n  `R_COMMENT` varchar(50) DEFAULT NULL\n) ENGINE=InnoDB DEFAULT CHARSET=latin1')]]
===file:syntax/alter_table.sql, id:92, sql:[ALTER TABLE aly_test ADD INDEX idx (id,R_COMMENT,R_NAME)]===
dble:[[]]
===file:syntax/alter_table.sql, id:93, sql:[INSERT INTO aly_test VALUES (3,3,'aaa','aaa')]===
dble:[[]]
===file:syntax/alter_table.sql, id:94, sql:[SHOW CREATE TABLE aly_test]===
dble:[[('aly_test', 'CREATE TABLE `aly_test` (\n  `id` int(11) DEFAULT NULL,\n  `R_REGIONKEY` int(11) DEFAULT NULL,\n  `R_NAME` varchar(50) DEFAULT NULL,\n  `R_COMMENT` varchar(50) DEFAULT NULL,\n  KEY `idx` (`id`,`R_COMMENT`,`R_NAME`)\n) ENGINE=InnoDB DEFAULT CHARSET=latin1')]]
===file:syntax/alter_table.sql, id:95, sql:[ALTER TABLE aly_test DROP KEY idx]===
dble:[[]]
===file:syntax/alter_table.sql, id:96, sql:[SHOW CREATE TABLE aly_test]===
dble:[[('aly_test', 'CREATE TABLE `aly_test` (\n  `id` int(11) DEFAULT NULL,\n  `R_REGIONKEY` int(11) DEFAULT NULL,\n  `R_NAME` varchar(50) DEFAULT NULL,\n  `R_COMMENT` varchar(50) DEFAULT NULL\n) ENGINE=InnoDB DEFAULT CHARSET=latin1')]]
===file:syntax/alter_table.sql, id:97, sql:[ALTER TABLE aly_test ADD INDEX idx (id ASC,R_COMMENT(2) ASC,R_NAME(2) DESC)]===
dble:[[]]
===file:syntax/alter_table.sql, id:98, sql:[INSERT INTO aly_test VALUES (4,4,'aaa','aaa')]===
dble:[[]]
===file:syntax/alter_table.sql, id:99, sql:[SHOW CREATE TABLE aly_test]===
dble:[[('aly_test', 'CREATE TABLE `aly_test` (\n  `id` int(11) DEFAULT NULL,\n  `R_REGIONKEY` int(11) DEFAULT NULL,\n  `R_NAME` varchar(50) DEFAULT NULL,\n  `R_COMMENT` varchar(50) DEFAULT NULL,\n  KEY `idx` (`id`,`R_COMMENT`(2),`R_NAME`(2))\n) ENGINE=InnoDB DEFAULT CHARSET=latin1')]]
===file:syntax/alter_table.sql, id:100, sql:[ALTER TABLE aly_test DROP KEY idx]===
dble:[[]]
===file:syntax/alter_table.sql, id:101, sql:[SHOW CREATE TABLE aly_test]===
dble:[[('aly_test', 'CREATE TABLE `aly_test` (\n  `id` int(11) DEFAULT NULL,\n  `R_REGIONKEY` int(11) DEFAULT NULL,\n  `R_NAME` varchar(50) DEFAULT NULL,\n  `R_COMMENT` varchar(50) DEFAULT NULL\n) ENGINE=InnoDB DEFAULT CHARSET=latin1')]]
===file:syntax/alter_table.sql, id:102, sql:[ALTER TABLE aly_test ADD KEY (id ASC,R_NAME DESC)]===
dble:[[]]
===file:syntax/alter_table.sql, id:103, sql:[INSERT INTO aly_test VALUES (5,5,'aaa','aaa')]===
dble:[[]]
===file:syntax/alter_table.sql, id:104, sql:[SHOW CREATE TABLE aly_test]===
dble:[[('aly_test', 'CREATE TABLE `aly_test` (\n  `id` int(11) DEFAULT NULL,\n  `R_REGIONKEY` int(11) DEFAULT NULL,\n  `R_NAME` varchar(50) DEFAULT NULL,\n  `R_COMMENT` varchar(50) DEFAULT NULL,\n  KEY `id` (`id`,`R_NAME`)\n) ENGINE=InnoDB DEFAULT CHARSET=latin1')]]
===file:syntax/alter_table.sql, id:106, sql:[ALTER TABLE aly_test ADD KEY idx (id ASC,R_COMMENT(2) ASC,R_NAME(2) DESC)]===
dble:[[]]
===file:syntax/alter_table.sql, id:107, sql:[INSERT INTO aly_test VALUES (6,6,'aaa','aaa')]===
dble:[[]]
===file:syntax/alter_table.sql, id:108, sql:[SHOW CREATE TABLE aly_test]===
dble:[[('aly_test', 'CREATE TABLE `aly_test` (\n  `id` int(11) DEFAULT NULL,\n  `R_REGIONKEY` int(11) DEFAULT NULL,\n  `R_NAME` varchar(50) DEFAULT NULL,\n  `R_COMMENT` varchar(50) DEFAULT NULL,\n  KEY `id` (`id`,`R_NAME`),\n  KEY `idx` (`id`,`R_COMMENT`(2),`R_NAME`(2))\n) ENGINE=InnoDB DEFAULT CHARSET=latin1')]]
===file:syntax/alter_table.sql, id:109, sql:[ALTER TABLE aly_test DROP KEY idx]===
dble:[[]]
===file:syntax/alter_table.sql, id:110, sql:[SHOW CREATE TABLE aly_test]===
dble:[[('aly_test', 'CREATE TABLE `aly_test` (\n  `id` int(11) DEFAULT NULL,\n  `R_REGIONKEY` int(11) DEFAULT NULL,\n  `R_NAME` varchar(50) DEFAULT NULL,\n  `R_COMMENT` varchar(50) DEFAULT NULL,\n  KEY `id` (`id`,`R_NAME`)\n) ENGINE=InnoDB DEFAULT CHARSET=latin1')]]
===file:syntax/alter_table.sql, id:111, sql:[SELECT id,R_REGIONKEY,R_NAME,R_COMMENT FROM aly_test]===
dble:[[(1L, 1L, 'aaa', 'aaa'), (2L, 2L, 'aaa', 'aaa'), (3L, 3L, 'aaa', 'aaa'), (4L, 4L, 'aaa', 'aaa'), (5L, 5L, 'aaa', 'aaa'), (6L, 6L, 'aaa', 'aaa')]]
===file:syntax/alter_table.sql, id:129, sql:[DROP TABLE IF EXISTS aly_test]===
dble:[[]]
===file:syntax/alter_table.sql, id:130, sql:[CREATE TABLE aly_test(id int(11),data int,Code char(3))]===
dble:[[]]
===file:syntax/alter_table.sql, id:131, sql:[ALTER TABLE aly_test ADD PRIMARY KEY (code)]===
dble:[[]]
===file:syntax/alter_table.sql, id:132, sql:[INSERT INTO aly_test VALUES (1,1,'aaa')]===
dble:[[]]
===file:syntax/alter_table.sql, id:133, sql:[SHOW CREATE TABLE aly_test]===
dble:[[('aly_test', 'CREATE TABLE `aly_test` (\n  `id` int(11) DEFAULT NULL,\n  `data` int(11) DEFAULT NULL,\n  `Code` char(3) NOT NULL,\n  PRIMARY KEY (`Code`)\n) ENGINE=InnoDB DEFAULT CHARSET=latin1')]]
===file:syntax/alter_table.sql, id:134, sql:[ALTER TABLE aly_test DROP PRIMARY KEY]===
dble:[[]]
===file:syntax/alter_table.sql, id:135, sql:[ALTER TABLE aly_test ADD PRIMARY KEY (id,data)]===
dble:[[]]
===file:syntax/alter_table.sql, id:136, sql:[INSERT INTO aly_test VALUES (2,2,'bbb')]===
dble:[[]]
===file:syntax/alter_table.sql, id:137, sql:[SHOW CREATE TABLE aly_test]===
dble:[[('aly_test', 'CREATE TABLE `aly_test` (\n  `id` int(11) NOT NULL,\n  `data` int(11) NOT NULL,\n  `Code` char(3) NOT NULL,\n  PRIMARY KEY (`id`,`data`)\n) ENGINE=InnoDB DEFAULT CHARSET=latin1')]]
===file:syntax/alter_table.sql, id:138, sql:[ALTER TABLE aly_test DROP PRIMARY KEY]===
dble:[[]]
===file:syntax/alter_table.sql, id:139, sql:[ALTER TABLE aly_test ADD PRIMARY KEY USING HASH (code)]===
dble:[[]]
===file:syntax/alter_table.sql, id:140, sql:[INSERT INTO aly_test VALUES (4,4,'ddd')]===
dble:[[]]
===file:syntax/alter_table.sql, id:141, sql:[SHOW CREATE TABLE aly_test]===
dble:[[('aly_test', 'CREATE TABLE `aly_test` (\n  `id` int(11) NOT NULL,\n  `data` int(11) NOT NULL,\n  `Code` char(3) NOT NULL,\n  PRIMARY KEY (`Code`) USING HASH\n) ENGINE=InnoDB DEFAULT CHARSET=latin1')]]
===file:syntax/alter_table.sql, id:142, sql:[ALTER TABLE aly_test DROP PRIMARY KEY]===
dble:[[]]
===file:syntax/alter_table.sql, id:143, sql:[ALTER TABLE aly_test ADD PRIMARY KEY USING BTREE (code)]===
dble:[[]]
===file:syntax/alter_table.sql, id:144, sql:[INSERT INTO aly_test VALUES (5,5,'eee')]===
dble:[[]]
===file:syntax/alter_table.sql, id:145, sql:[SHOW CREATE TABLE aly_test]===
dble:[[('aly_test', 'CREATE TABLE `aly_test` (\n  `id` int(11) NOT NULL,\n  `data` int(11) NOT NULL,\n  `Code` char(3) NOT NULL,\n  PRIMARY KEY (`Code`) USING BTREE\n) ENGINE=InnoDB DEFAULT CHARSET=latin1')]]
===file:syntax/alter_table.sql, id:146, sql:[ALTER TABLE aly_test DROP PRIMARY KEY]===
dble:[[]]
===file:syntax/alter_table.sql, id:147, sql:[ALTER TABLE aly_test ADD CONSTRAINT pK_id PRIMARY KEY (id)]===
dble:[[]]
===file:syntax/alter_table.sql, id:148, sql:[INSERT INTO aly_test VALUES (6,6,'fff')]===
dble:[[]]
===file:syntax/alter_table.sql, id:149, sql:[SHOW CREATE TABLE aly_test]===
dble:[[('aly_test', 'CREATE TABLE `aly_test` (\n  `id` int(11) NOT NULL,\n  `data` int(11) NOT NULL,\n  `Code` char(3) NOT NULL,\n  PRIMARY KEY (`id`)\n) ENGINE=InnoDB DEFAULT CHARSET=latin1')]]
===file:syntax/alter_table.sql, id:150, sql:[ALTER TABLE aly_test DROP PRIMARY KEY]===
dble:[[]]
===file:syntax/alter_table.sql, id:151, sql:[SELECT id,data,Code FROM aly_test]===
dble:[[(1L, 1L, 'aaa'), (2L, 2L, 'bbb'), (4L, 4L, 'ddd'), (5L, 5L, 'eee'), (6L, 6L, 'fff')]]
===file:syntax/alter_table.sql, id:152, sql:[SHOW CREATE TABLE aly_test]===
dble:[[('aly_test', 'CREATE TABLE `aly_test` (\n  `id` int(11) NOT NULL,\n  `data` int(11) NOT NULL,\n  `Code` char(3) NOT NULL\n) ENGINE=InnoDB DEFAULT CHARSET=latin1')]]
===file:syntax/alter_table.sql, id:163, sql:[DROP TABLE IF EXISTS aly_test]===
dble:[[]]
===file:syntax/alter_table.sql, id:164, sql:[CREATE TABLE aly_test(id int(11),data int,Code char(3))]===
dble:[[]]
===file:syntax/alter_table.sql, id:165, sql:[ALTER TABLE aly_test ADD UNIQUE (code)]===
dble:[[]]
===file:syntax/alter_table.sql, id:166, sql:[INSERT INTO aly_test VALUES (1,1,'aaa')]===
dble:[[]]
===file:syntax/alter_table.sql, id:167, sql:[SHOW CREATE TABLE aly_test]===
dble:[[('aly_test', 'CREATE TABLE `aly_test` (\n  `id` int(11) DEFAULT NULL,\n  `data` int(11) DEFAULT NULL,\n  `Code` char(3) DEFAULT NULL,\n  UNIQUE KEY `Code` (`Code`)\n) ENGINE=InnoDB DEFAULT CHARSET=latin1')]]
===file:syntax/alter_table.sql, id:168, sql:[ALTER TABLE aly_test DROP KEY Code]===
dble:[[]]
===file:syntax/alter_table.sql, id:169, sql:[ALTER TABLE aly_test ADD UNIQUE up_id (id ASC)]===
dble:[[]]
===file:syntax/alter_table.sql, id:170, sql:[INSERT INTO aly_test VALUES (2,2,'aaa')]===
dble:[[]]
===file:syntax/alter_table.sql, id:171, sql:[SHOW CREATE TABLE aly_test]===
dble:[[('aly_test', 'CREATE TABLE `aly_test` (\n  `id` int(11) DEFAULT NULL,\n  `data` int(11) DEFAULT NULL,\n  `Code` char(3) DEFAULT NULL,\n  UNIQUE KEY `up_id` (`id`)\n) ENGINE=InnoDB DEFAULT CHARSET=latin1')]]
===file:syntax/alter_table.sql, id:172, sql:[ALTER TABLE aly_test DROP KEY up_id]===
dble:[[]]
===file:syntax/alter_table.sql, id:173, sql:[ALTER TABLE aly_test ADD UNIQUE KEY (id)]===
dble:[[]]
===file:syntax/alter_table.sql, id:174, sql:[INSERT INTO aly_test VALUES (3,3,'aaa')]===
dble:[[]]
===file:syntax/alter_table.sql, id:175, sql:[SHOW CREATE TABLE aly_test]===
dble:[[('aly_test', 'CREATE TABLE `aly_test` (\n  `id` int(11) DEFAULT NULL,\n  `data` int(11) DEFAULT NULL,\n  `Code` char(3) DEFAULT NULL,\n  UNIQUE KEY `id` (`id`)\n) ENGINE=InnoDB DEFAULT CHARSET=latin1')]]
===file:syntax/alter_table.sql, id:176, sql:[ALTER TABLE aly_test DROP KEY id]===
dble:[[]]
===file:syntax/alter_table.sql, id:177, sql:[ALTER TABLE aly_test ADD UNIQUE KEY (id,data)]===
dble:[[]]
===file:syntax/alter_table.sql, id:178, sql:[INSERT INTO aly_test VALUES (4,4,'aaa')]===
dble:[[]]
===file:syntax/alter_table.sql, id:179, sql:[SHOW CREATE TABLE aly_test]===
dble:[[('aly_test', 'CREATE TABLE `aly_test` (\n  `id` int(11) DEFAULT NULL,\n  `data` int(11) DEFAULT NULL,\n  `Code` char(3) DEFAULT NULL,\n  UNIQUE KEY `id` (`id`,`data`)\n) ENGINE=InnoDB DEFAULT CHARSET=latin1')]]
===file:syntax/alter_table.sql, id:180, sql:[ALTER TABLE aly_test DROP KEY id]===
dble:[[]]
===file:syntax/alter_table.sql, id:181, sql:[ALTER TABLE aly_test ADD UNIQUE KEY (id ASC,data DESC)]===
dble:[[]]
===file:syntax/alter_table.sql, id:182, sql:[INSERT INTO aly_test VALUES (5,5,'aaa')]===
dble:[[]]
===file:syntax/alter_table.sql, id:183, sql:[SHOW CREATE TABLE aly_test]===
dble:[[('aly_test', 'CREATE TABLE `aly_test` (\n  `id` int(11) DEFAULT NULL,\n  `data` int(11) DEFAULT NULL,\n  `Code` char(3) DEFAULT NULL,\n  UNIQUE KEY `id` (`id`,`data`)\n) ENGINE=InnoDB DEFAULT CHARSET=latin1')]]
===file:syntax/alter_table.sql, id:184, sql:[ALTER TABLE aly_test DROP KEY id]===
dble:[[]]
===file:syntax/alter_table.sql, id:185, sql:[ALTER TABLE aly_test ADD UNIQUE KEY uk_id (id ASC,data DESC)]===
dble:[[]]
===file:syntax/alter_table.sql, id:186, sql:[INSERT INTO aly_test VALUES (6,6,'aaa')]===
dble:[[]]
===file:syntax/alter_table.sql, id:187, sql:[SHOW CREATE TABLE aly_test]===
dble:[[('aly_test', 'CREATE TABLE `aly_test` (\n  `id` int(11) DEFAULT NULL,\n  `data` int(11) DEFAULT NULL,\n  `Code` char(3) DEFAULT NULL,\n  UNIQUE KEY `uk_id` (`id`,`data`)\n) ENGINE=InnoDB DEFAULT CHARSET=latin1')]]
===file:syntax/alter_table.sql, id:188, sql:[ALTER TABLE aly_test DROP KEY uk_id]===
dble:[[]]
===file:syntax/alter_table.sql, id:189, sql:[ALTER TABLE aly_test ADD UNIQUE INDEX (id)]===
dble:[[]]
===file:syntax/alter_table.sql, id:190, sql:[INSERT INTO aly_test VALUES (7,7,'aaa')]===
dble:[[]]
===file:syntax/alter_table.sql, id:191, sql:[SHOW CREATE TABLE aly_test]===
dble:[[('aly_test', 'CREATE TABLE `aly_test` (\n  `id` int(11) DEFAULT NULL,\n  `data` int(11) DEFAULT NULL,\n  `Code` char(3) DEFAULT NULL,\n  UNIQUE KEY `id` (`id`)\n) ENGINE=InnoDB DEFAULT CHARSET=latin1')]]
===file:syntax/alter_table.sql, id:192, sql:[ALTER TABLE aly_test DROP INDEX id]===
dble:[[]]
===file:syntax/alter_table.sql, id:193, sql:[ALTER TABLE aly_test ADD UNIQUE INDEX (id ASC,data DESC)]===
dble:[[]]
===file:syntax/alter_table.sql, id:194, sql:[INSERT INTO aly_test VALUES (8,8,'aaa')]===
dble:[[]]
===file:syntax/alter_table.sql, id:195, sql:[SHOW CREATE TABLE aly_test]===
dble:[[('aly_test', 'CREATE TABLE `aly_test` (\n  `id` int(11) DEFAULT NULL,\n  `data` int(11) DEFAULT NULL,\n  `Code` char(3) DEFAULT NULL,\n  UNIQUE KEY `id` (`id`,`data`)\n) ENGINE=InnoDB DEFAULT CHARSET=latin1')]]
===file:syntax/alter_table.sql, id:196, sql:[ALTER TABLE aly_test DROP INDEX id]===
dble:[[]]
===file:syntax/alter_table.sql, id:197, sql:[ALTER TABLE aly_test ADD UNIQUE INDEX idxs (id asc,code DESC)]===
dble:[[]]
===file:syntax/alter_table.sql, id:198, sql:[INSERT INTO aly_test VALUES (9,9,'aaa')]===
dble:[[]]
===file:syntax/alter_table.sql, id:199, sql:[SHOW CREATE TABLE aly_test]===
dble:[[('aly_test', 'CREATE TABLE `aly_test` (\n  `id` int(11) DEFAULT NULL,\n  `data` int(11) DEFAULT NULL,\n  `Code` char(3) DEFAULT NULL,\n  UNIQUE KEY `idxs` (`id`,`Code`)\n) ENGINE=InnoDB DEFAULT CHARSET=latin1')]]
===file:syntax/alter_table.sql, id:200, sql:[SELECT id,data,code FROM aly_test]===
dble:[[(1L, 1L, 'aaa'), (2L, 2L, 'aaa'), (3L, 3L, 'aaa'), (4L, 4L, 'aaa'), (5L, 5L, 'aaa'), (6L, 6L, 'aaa'), (7L, 7L, 'aaa'), (8L, 8L, 'aaa'), (9L, 9L, 'aaa')]]
===file:syntax/alter_table.sql, id:219, sql:[DROP TABLE IF EXISTS aly_test]===
dble:[[]]
===file:syntax/alter_table.sql, id:220, sql:[CREATE TABLE aly_test (id int(11),col1 varchar(11),col2 int(10),col3 varchar(50),col4 int(10),col5 varchar(50),col6 date,col7 double(12,6))]===
dble:[[]]
===file:syntax/alter_table.sql, id:221, sql:[ALTER TABLE aly_test CHANGE col1 ID1 INTEGER  NOT NULL DEFAULT 10 COMMENT 'my column1']===
dble:[[]]
===file:syntax/alter_table.sql, id:222, sql:[INSERT INTO aly_test VALUES (1,1,1,'aaa',1,'aaa','2017-5-5',12.7)]===
dble:[[]]
===file:syntax/alter_table.sql, id:223, sql:[DESC aly_test]===
dble:[[('ID1', 'int(11)', 'NO', '', '10', ''), ('col2', 'int(10)', 'YES', '', None, ''), ('col3', 'varchar(50)', 'YES', '', None, ''), ('col4', 'int(10)', 'YES', '', None, ''), ('col5', 'varchar(50)', 'YES', '', None, ''), ('col6', 'date', 'YES', '', None, ''), ('col7', 'double(12,6)', 'YES', '', None, ''), ('id', 'int(11)', 'YES', '', None, '')]]
===file:syntax/alter_table.sql, id:224, sql:[ALTER TABLE aly_test CHANGE COLUMN col7 ID2 INTEGER FIRST]===
dble:[[]]
===file:syntax/alter_table.sql, id:225, sql:[INSERT INTO aly_test VALUES (2,2,2,2,'aaa',2,'aaa','2017-5-5')]===
dble:[[]]
===file:syntax/alter_table.sql, id:226, sql:[DESC aly_test]===
dble:[[('ID1', 'int(11)', 'NO', '', '10', ''), ('ID2', 'int(11)', 'YES', '', None, ''), ('col2', 'int(10)', 'YES', '', None, ''), ('col3', 'varchar(50)', 'YES', '', None, ''), ('col4', 'int(10)', 'YES', '', None, ''), ('col5', 'varchar(50)', 'YES', '', None, ''), ('col6', 'date', 'YES', '', None, ''), ('id', 'int(11)', 'YES', '', None, '')]]
===file:syntax/alter_table.sql, id:227, sql:[ALTER TABLE aly_test CHANGE col6 ID4 VARCHAR(10) AFTER id]===
dble:[[]]
===file:syntax/alter_table.sql, id:228, sql:[INSERT INTO aly_test VALUES (3,3,'aaa',3,3,'aaa',3,'aaa')]===
dble:[[]]
===file:syntax/alter_table.sql, id:229, sql:[DESC aly_test]===
dble:[[('ID1', 'int(11)', 'NO', '', '10', ''), ('ID2', 'int(11)', 'YES', '', None, ''), ('ID4', 'varchar(10)', 'YES', '', None, ''), ('col2', 'int(10)', 'YES', '', None, ''), ('col3', 'varchar(50)', 'YES', '', None, ''), ('col4', 'int(10)', 'YES', '', None, ''), ('col5', 'varchar(50)', 'YES', '', None, ''), ('id', 'int(11)', 'YES', '', None, '')]]
===file:syntax/alter_table.sql, id:230, sql:[SELECT * FROM aly_test]===
dble:[[(2L, 2L, '2017-05-05', 2L, 2L, 'aaa', 2L, 'aaa'), (3L, 3L, 'aaa', 3L, 3L, 'aaa', 3L, 'aaa'), (13L, 1L, '2017-05-05', 1L, 1L, 'aaa', 1L, 'aaa')]]
===file:syntax/alter_table.sql, id:231, sql:[DROP TABLE IF EXISTS aly_test]===
dble:[[]]
===file:syntax/alter_table.sql, id:232, sql:[CREATE TABLE aly_test (id int,data int)]===
dble:[[]]
===file:syntax/alter_table.sql, id:233, sql:[ALTER TABLE aly_test CHANGE COLUMN data data VARCHAR(10)]===
dble:[[]]
===file:syntax/alter_table.sql, id:234, sql:[INSERT INTO aly_test VALUES (3,'aaa')]===
dble:[[]]
===file:syntax/alter_table.sql, id:235, sql:[DESC aly_test]===
dble:[[('data', 'varchar(10)', 'YES', '', None, ''), ('id', 'int(11)', 'YES', '', None, '')]]
===file:syntax/alter_table.sql, id:240, sql:[DROP TABLE IF EXISTS aly_test]===
dble:[[]]
===file:syntax/alter_table.sql, id:241, sql:[CREATE TABLE aly_test (id int(11),R_REGIONKEY int(11),R_NAME varchar(50),R_COMMENT varchar(50))]===
dble:[[]]
===file:syntax/alter_table.sql, id:242, sql:[ALTER TABLE aly_test MODIFY R_COMMENT BIGINT NOT NULL]===
dble:[[]]
===file:syntax/alter_table.sql, id:243, sql:[INSERT INTO aly_test VALUES (1,1,'aaa',1)]===
dble:[[]]
===file:syntax/alter_table.sql, id:244, sql:[DESC aly_test]===
dble:[[('R_COMMENT', 'bigint(20)', 'NO', '', None, ''), ('R_NAME', 'varchar(50)', 'YES', '', None, ''), ('R_REGIONKEY', 'int(11)', 'YES', '', None, ''), ('id', 'int(11)', 'YES', '', None, '')]]
===file:syntax/alter_table.sql, id:245, sql:[ALTER TABLE aly_test MODIFY R_COMMENT BIGINT UNSIGNED DEFAULT 1 COMMENT 'my column' AFTER R_REGIONKEY]===
dble:[[]]
===file:syntax/alter_table.sql, id:246, sql:[INSERT INTO aly_test VALUES (2,2,2,'aaa')]===
dble:[[]]
===file:syntax/alter_table.sql, id:247, sql:[DESC aly_test]===
dble:[[('R_COMMENT', 'bigint(20) unsigned', 'YES', '', '1', ''), ('R_NAME', 'varchar(50)', 'YES', '', None, ''), ('R_REGIONKEY', 'int(11)', 'YES', '', None, ''), ('id', 'int(11)', 'YES', '', None, '')]]
===file:syntax/alter_table.sql, id:248, sql:[ALTER TABLE aly_test MODIFY R_REGIONKEY BIGINT UNSIGNED NOT NULL DEFAULT 10 COMMENT 'my column1' FIRST]===
dble:[[]]
===file:syntax/alter_table.sql, id:249, sql:[INSERT INTO aly_test VALUES (3,3,3,'aaa')]===
dble:[[]]
===file:syntax/alter_table.sql, id:250, sql:[DESC aly_test]===
dble:[[('R_COMMENT', 'bigint(20) unsigned', 'YES', '', '1', ''), ('R_NAME', 'varchar(50)', 'YES', '', None, ''), ('R_REGIONKEY', 'bigint(20) unsigned', 'NO', '', '10', ''), ('id', 'int(11)', 'YES', '', None, '')]]
===file:syntax/alter_table.sql, id:251, sql:[ALTER TABLE aly_test MODIFY COLUMN R_COMMENT BIGINT UNSIGNED UNIQUE DEFAULT 1 COMMENT 'my column2' AFTER R_REGIONKEY]===
dble:[[]]
===file:syntax/alter_table.sql, id:252, sql:[INSERT INTO aly_test VALUES (4,4,4,'aaa')]===
dble:[[]]
===file:syntax/alter_table.sql, id:253, sql:[SELECT * FROM aly_test]===
dble:[[(1L, 1L, 1L, 'aaa'), (2L, 2L, 2L, 'aaa'), (3L, 3L, 3L, 'aaa'), (4L, 4L, 4L, 'aaa')]]
===file:syntax/alter_table.sql, id:254, sql:[DESC aly_test]===
dble:[[('R_COMMENT', 'bigint(20) unsigned', 'YES', 'UNI', '1', ''), ('R_NAME', 'varchar(50)', 'YES', '', None, ''), ('R_REGIONKEY', 'bigint(20) unsigned', 'NO', '', '10', ''), ('id', 'int(11)', 'YES', '', None, '')]]
===file:syntax/alter_table.sql, id:255, sql:[DROP TABLE IF EXISTS aly_test]===
dble:[[]]
===file:syntax/alter_table.sql, id:259, sql:[DROP TABLE IF EXISTS normal_table]===
dble:[[]]
===file:syntax/alter_table.sql, id:260, sql:[CREATE TABLE normal_table (id int(11),R_REGIONKEY int(11) PRIMARY KEY,R_NAME varchar(50),R_COMMENT varchar(50))]===
dble:[[]]
===file:syntax/alter_table.sql, id:261, sql:[ALTER TABLE normal_table ADD name CHAR(5)]===
dble:[[]]
===file:syntax/alter_table.sql, id:263, sql:[DESC normal_table]===
dble:[[('R_COMMENT', 'varchar(50)', 'YES', '', None, ''), ('R_NAME', 'varchar(50)', 'YES', '', None, ''), ('R_REGIONKEY', 'int(11)', 'NO', 'PRI', None, ''), ('id', 'int(11)', 'YES', '', None, ''), ('name', 'char(5)', 'YES', '', None, '')]]
===file:syntax/alter_table.sql, id:264, sql:[ALTER TABLE normal_table ADD COLUMN name2 CHAR(5)]===
dble:[[]]
===file:syntax/alter_table.sql, id:265, sql:[DESC normal_table]===
dble:[[('R_COMMENT', 'varchar(50)', 'YES', '', None, ''), ('R_NAME', 'varchar(50)', 'YES', '', None, ''), ('R_REGIONKEY', 'int(11)', 'NO', 'PRI', None, ''), ('id', 'int(11)', 'YES', '', None, ''), ('name', 'char(5)', 'YES', '', None, ''), ('name2', 'char(5)', 'YES', '', None, '')]]
===file:syntax/alter_table.sql, id:266, sql:[ALTER TABLE normal_table ADD COLUMN name3 CHAR(5) FIRST]===
dble:[[]]
===file:syntax/alter_table.sql, id:267, sql:[DESC normal_table]===
dble:[[('R_COMMENT', 'varchar(50)', 'YES', '', None, ''), ('R_NAME', 'varchar(50)', 'YES', '', None, ''), ('R_REGIONKEY', 'int(11)', 'NO', 'PRI', None, ''), ('id', 'int(11)', 'YES', '', None, ''), ('name', 'char(5)', 'YES', '', None, ''), ('name2', 'char(5)', 'YES', '', None, ''), ('name3', 'char(5)', 'YES', '', None, '')]]
===file:syntax/alter_table.sql, id:268, sql:[ALTER TABLE normal_table ADD COLUMN name4 CHAR(5) AFTER  R_REGIONKEY]===
dble:[[]]
===file:syntax/alter_table.sql, id:269, sql:[DESC normal_table]===
dble:[[('R_COMMENT', 'varchar(50)', 'YES', '', None, ''), ('R_NAME', 'varchar(50)', 'YES', '', None, ''), ('R_REGIONKEY', 'int(11)', 'NO', 'PRI', None, ''), ('id', 'int(11)', 'YES', '', None, ''), ('name', 'char(5)', 'YES', '', None, ''), ('name2', 'char(5)', 'YES', '', None, ''), ('name3', 'char(5)', 'YES', '', None, ''), ('name4', 'char(5)', 'YES', '', None, '')]]
===file:syntax/alter_table.sql, id:270, sql:[ALTER TABLE normal_table ADD COLUMN (name5 CHAR(5) ,name6 char(6))]===
dble:[[]]
===file:syntax/alter_table.sql, id:271, sql:[DESC normal_table]===
dble:[[('R_COMMENT', 'varchar(50)', 'YES', '', None, ''), ('R_NAME', 'varchar(50)', 'YES', '', None, ''), ('R_REGIONKEY', 'int(11)', 'NO', 'PRI', None, ''), ('id', 'int(11)', 'YES', '', None, ''), ('name', 'char(5)', 'YES', '', None, ''), ('name2', 'char(5)', 'YES', '', None, ''), ('name3', 'char(5)', 'YES', '', None, ''), ('name4', 'char(5)', 'YES', '', None, ''), ('name5', 'char(5)', 'YES', '', None, ''), ('name6', 'char(6)', 'YES', '', None, '')]]
===file:syntax/alter_table.sql, id:272, sql:[ALTER TABLE normal_table ADD COLUMN (name7 enum('node1','node2','node3') DEFAULT 'node3',name8 varchar(6) NOT NULL)]===
dble:[[]]
===file:syntax/alter_table.sql, id:273, sql:[DESC normal_table]===
dble:[[('R_COMMENT', 'varchar(50)', 'YES', '', None, ''), ('R_NAME', 'varchar(50)', 'YES', '', None, ''), ('R_REGIONKEY', 'int(11)', 'NO', 'PRI', None, ''), ('id', 'int(11)', 'YES', '', None, ''), ('name', 'char(5)', 'YES', '', None, ''), ('name2', 'char(5)', 'YES', '', None, ''), ('name3', 'char(5)', 'YES', '', None, ''), ('name4', 'char(5)', 'YES', '', None, ''), ('name5', 'char(5)', 'YES', '', None, ''), ('name6', 'char(6)', 'YES', '', None, ''), ('name7', "enum('node1','node2','node3')", 'YES', '', 'node3', ''), ('name8', 'varchar(6)', 'NO', '', None, '')]]
===file:syntax/alter_table.sql, id:274, sql:[ALTER TABLE normal_table DROP column name,DROP column name2,DROP column name3,DROP column name4,DROP column name5]===
dble:[[]]
===file:syntax/alter_table.sql, id:275, sql:[ALTER TABLE normal_table DROP name6]===
dble:[[]]
===file:syntax/alter_table.sql, id:276, sql:[ALTER TABLE normal_table DROP COLUMN name7]===
dble:[[]]
===file:syntax/alter_table.sql, id:277, sql:[ALTER TABLE normal_table DROP COLUMN name8]===
dble:[[]]
===file:syntax/alter_table.sql, id:278, sql:[DESC normal_table]===
dble:[[('R_COMMENT', 'varchar(50)', 'YES', '', None, ''), ('R_NAME', 'varchar(50)', 'YES', '', None, ''), ('R_REGIONKEY', 'int(11)', 'NO', 'PRI', None, ''), ('id', 'int(11)', 'YES', '', None, '')]]
===file:syntax/alter_table.sql, id:279, sql:[DROP TABLE IF EXISTS normal_table]===
dble:[[]]
===file:syntax/alter_table.sql, id:280, sql:[CREATE TABLE normal_table (id int(11),R_REGIONKEY int(11) PRIMARY KEY,R_NAME varchar(50),R_COMMENT varchar(50))]===
dble:[[]]
===file:syntax/alter_table.sql, id:281, sql:[ALTER TABLE normal_table ADD INDEX (id)]===
dble:[[]]
===file:syntax/alter_table.sql, id:284, sql:[SHOW INDEX in normal_table]===
dble:[[('normal_table', 0L, 'PRIMARY', 1L, 'R_REGIONKEY', 'A', 0L, None, None, '', 'BTREE', '', ''), ('normal_table', 1L, 'id', 1L, 'id', 'A', 0L, None, None, 'YES', 'BTREE', '', '')]]
===file:syntax/alter_table.sql, id:285, sql:[ALTER TABLE normal_table DROP INDEX id]===
dble:[[]]
===file:syntax/alter_table.sql, id:286, sql:[DROP TABLE IF EXISTS normal_table]===
dble:[[]]
===file:syntax/alter_table.sql, id:287, sql:[CREATE TABLE normal_table(id int(11),Code char(3))]===
dble:[[]]
===file:syntax/alter_table.sql, id:288, sql:[ALTER TABLE normal_table ADD PRIMARY KEY (code)]===
dble:[[]]
===file:syntax/alter_table.sql, id:289, sql:[DESC normal_table]===
dble:[[('Code', 'char(3)', 'NO', 'PRI', None, ''), ('id', 'int(11)', 'YES', '', None, '')]]
===file:syntax/alter_table.sql, id:290, sql:[ALTER TABLE normal_table DROP PRIMARY KEY]===
dble:[[]]
===file:syntax/alter_table.sql, id:291, sql:[DROP TABLE IF EXISTS normal_table]===
dble:[[]]
===file:syntax/alter_table.sql, id:292, sql:[CREATE TABLE normal_table(id int(11),Code char(3))]===
dble:[[]]
===file:syntax/alter_table.sql, id:293, sql:[ALTER TABLE normal_table ADD UNIQUE (code)]===
dble:[[]]
===file:syntax/alter_table.sql, id:294, sql:[DESC normal_table]===
dble:[[('Code', 'char(3)', 'YES', 'UNI', None, ''), ('id', 'int(11)', 'YES', '', None, '')]]
===file:syntax/alter_table.sql, id:295, sql:[ALTER TABLE normal_table DROP KEY Code]===
dble:[[]]
===file:syntax/alter_table.sql, id:296, sql:[DROP TABLE IF EXISTS normal_table]===
dble:[[]]
===file:syntax/alter_table.sql, id:297, sql:[DROP TABLE IF EXISTS aly_order]===
dble:[[]]
===file:syntax/alter_table.sql, id:298, sql:[CREATE TABLE aly_order(id int(11),CountryCode char(3))]===
dble:[[]]
===file:syntax/alter_table.sql, id:299, sql:[CREATE TABLE normal_table (id int(11),col1 varchar(11) PRIMARY KEY,col2 int(10),col3 varchar(50),col4 int(10),col5 varchar(50),col6 date,col7 double(12,6))]===
dble:[[]]
===file:syntax/alter_table.sql, id:300, sql:[ALTER TABLE normal_table CHANGE col1 ID1 INTEGER]===
dble:[[]]
===file:syntax/alter_table.sql, id:301, sql:[DESC normal_table]===
dble:[[('ID1', 'int(11)', 'NO', 'PRI', None, ''), ('col2', 'int(10)', 'YES', '', None, ''), ('col3', 'varchar(50)', 'YES', '', None, ''), ('col4', 'int(10)', 'YES', '', None, ''), ('col5', 'varchar(50)', 'YES', '', None, ''), ('col6', 'date', 'YES', '', None, ''), ('col7', 'double(12,6)', 'YES', '', None, ''), ('id', 'int(11)', 'YES', '', None, '')]]
===file:syntax/alter_table.sql, id:302, sql:[ALTER TABLE normal_table CHANGE COLUMN col7 ID2 INTEGER]===
dble:[[]]
===file:syntax/alter_table.sql, id:303, sql:[DESC normal_table]===
dble:[[('ID1', 'int(11)', 'NO', 'PRI', None, ''), ('ID2', 'int(11)', 'YES', '', None, ''), ('col2', 'int(10)', 'YES', '', None, ''), ('col3', 'varchar(50)', 'YES', '', None, ''), ('col4', 'int(10)', 'YES', '', None, ''), ('col5', 'varchar(50)', 'YES', '', None, ''), ('col6', 'date', 'YES', '', None, ''), ('id', 'int(11)', 'YES', '', None, '')]]
===file:syntax/alter_table.sql, id:304, sql:[ALTER TABLE normal_table CHANGE col6 ID4 enum ('id1','id2','id3','id4') AFTER id]===
dble:[[]]
===file:syntax/alter_table.sql, id:305, sql:[DESC normal_table]===
dble:[[('ID1', 'int(11)', 'NO', 'PRI', None, ''), ('ID2', 'int(11)', 'YES', '', None, ''), ('ID4', "enum('id1','id2','id3','id4')", 'YES', '', None, ''), ('col2', 'int(10)', 'YES', '', None, ''), ('col3', 'varchar(50)', 'YES', '', None, ''), ('col4', 'int(10)', 'YES', '', None, ''), ('col5', 'varchar(50)', 'YES', '', None, ''), ('id', 'int(11)', 'YES', '', None, '')]]
===file:syntax/alter_table.sql, id:306, sql:[DROP TABLE IF EXISTS normal_table]===
dble:[[]]
===file:syntax/alter_table.sql, id:307, sql:[CREATE TABLE normal_table (id int(11),R_REGIONKEY int(11) PRIMARY KEY,R_NAME varchar(50),R_COMMENT varchar(50))]===
dble:[[]]
===file:syntax/alter_table.sql, id:308, sql:[ALTER TABLE normal_table MODIFY R_COMMENT BIGINT NOT NULL]===
dble:[[]]
===file:syntax/alter_table.sql, id:309, sql:[DESC normal_table]===
dble:[[('R_COMMENT', 'bigint(20)', 'NO', '', None, ''), ('R_NAME', 'varchar(50)', 'YES', '', None, ''), ('R_REGIONKEY', 'int(11)', 'NO', 'PRI', None, ''), ('id', 'int(11)', 'YES', '', None, '')]]
===file:syntax/alter_table.sql, id:310, sql:[ALTER TABLE normal_table MODIFY R_COMMENT BIGINT UNSIGNED DEFAULT 1 COMMENT 'my column' AFTER R_REGIONKEY]===
dble:[[]]
===file:syntax/alter_table.sql, id:311, sql:[DESC normal_table]===
dble:[[('R_COMMENT', 'bigint(20) unsigned', 'YES', '', '1', ''), ('R_NAME', 'varchar(50)', 'YES', '', None, ''), ('R_REGIONKEY', 'int(11)', 'NO', 'PRI', None, ''), ('id', 'int(11)', 'YES', '', None, '')]]
===file:syntax/alter_table.sql, id:312, sql:[ALTER TABLE normal_table MODIFY R_REGIONKEY BIGINT UNSIGNED NOT NULL DEFAULT 10 COMMENT 'my column1' FIRST]===
dble:[[]]
===file:syntax/alter_table.sql, id:313, sql:[DESC normal_table]===
dble:[[('R_COMMENT', 'bigint(20) unsigned', 'YES', '', '1', ''), ('R_NAME', 'varchar(50)', 'YES', '', None, ''), ('R_REGIONKEY', 'bigint(20) unsigned', 'NO', 'PRI', '10', ''), ('id', 'int(11)', 'YES', '', None, '')]]
===file:syntax/alter_table.sql, id:314, sql:[ALTER TABLE normal_table MODIFY COLUMN R_COMMENT BIGINT UNSIGNED UNIQUE DEFAULT 1 COMMENT 'my column2' AFTER R_REGIONKEY]===
dble:[[]]
===file:syntax/alter_table.sql, id:315, sql:[DESC normal_table]===
dble:[[('R_COMMENT', 'bigint(20) unsigned', 'YES', 'UNI', '1', ''), ('R_NAME', 'varchar(50)', 'YES', '', None, ''), ('R_REGIONKEY', 'bigint(20) unsigned', 'NO', 'PRI', '10', ''), ('id', 'int(11)', 'YES', '', None, '')]]
===file:syntax/alter_table.sql, id:316, sql:[DROP TABLE IF EXISTS normal_table]===
dble:[[]]
===file:syntax/alter_table.sql, id:318, sql:[DROP TABLE IF EXISTS global_table1]===
dble:[[]]
===file:syntax/alter_table.sql, id:319, sql:[CREATE TABLE global_table1 (id int(11),R_REGIONKEY int(11) PRIMARY KEY,R_NAME varchar(50),R_COMMENT varchar(50))]===
dble:[[]]
===file:syntax/alter_table.sql, id:320, sql:[ALTER TABLE global_table1 ADD name CHAR(5)]===
dble:[[]]
===file:syntax/alter_table.sql, id:321, sql:[DESC global_table1 /* allow_diff */]===
dble:[[('R_COMMENT', 'varchar(50)', 'YES', '', None, ''), ('R_NAME', 'varchar(50)', 'YES', '', None, ''), ('R_REGIONKEY', 'int(11)', 'NO', 'PRI', None, ''), ('_dble_op_time', 'bigint(20)', 'YES', '', None, ''), ('id', 'int(11)', 'YES', '', None, ''), ('name', 'char(5)', 'YES', '', None, '')]]
mysql:[[('R_COMMENT', 'varchar(50)', 'YES', '', None, ''), ('R_NAME', 'varchar(50)', 'YES', '', None, ''), ('R_REGIONKEY', 'int(11)', 'NO', 'PRI', None, ''), ('id', 'int(11)', 'YES', '', None, ''), ('name', 'char(5)', 'YES', '', None, '')]]
===file:syntax/alter_table.sql, id:322, sql:[ALTER TABLE global_table1 ADD COLUMN name2 CHAR(5)]===
dble:[[]]
===file:syntax/alter_table.sql, id:323, sql:[DESC global_table1 /* allow_diff */]===
dble:[[('R_COMMENT', 'varchar(50)', 'YES', '', None, ''), ('R_NAME', 'varchar(50)', 'YES', '', None, ''), ('R_REGIONKEY', 'int(11)', 'NO', 'PRI', None, ''), ('_dble_op_time', 'bigint(20)', 'YES', '', None, ''), ('id', 'int(11)', 'YES', '', None, ''), ('name', 'char(5)', 'YES', '', None, ''), ('name2', 'char(5)', 'YES', '', None, '')]]
mysql:[[('R_COMMENT', 'varchar(50)', 'YES', '', None, ''), ('R_NAME', 'varchar(50)', 'YES', '', None, ''), ('R_REGIONKEY', 'int(11)', 'NO', 'PRI', None, ''), ('id', 'int(11)', 'YES', '', None, ''), ('name', 'char(5)', 'YES', '', None, ''), ('name2', 'char(5)', 'YES', '', None, '')]]
===file:syntax/alter_table.sql, id:324, sql:[ALTER TABLE global_table1 ADD COLUMN name3 CHAR(5) FIRST]===
dble:[[]]
===file:syntax/alter_table.sql, id:325, sql:[DESC global_table1 /* allow_diff */]===
dble:[[('R_COMMENT', 'varchar(50)', 'YES', '', None, ''), ('R_NAME', 'varchar(50)', 'YES', '', None, ''), ('R_REGIONKEY', 'int(11)', 'NO', 'PRI', None, ''), ('_dble_op_time', 'bigint(20)', 'YES', '', None, ''), ('id', 'int(11)', 'YES', '', None, ''), ('name', 'char(5)', 'YES', '', None, ''), ('name2', 'char(5)', 'YES', '', None, ''), ('name3', 'char(5)', 'YES', '', None, '')]]
mysql:[[('R_COMMENT', 'varchar(50)', 'YES', '', None, ''), ('R_NAME', 'varchar(50)', 'YES', '', None, ''), ('R_REGIONKEY', 'int(11)', 'NO', 'PRI', None, ''), ('id', 'int(11)', 'YES', '', None, ''), ('name', 'char(5)', 'YES', '', None, ''), ('name2', 'char(5)', 'YES', '', None, ''), ('name3', 'char(5)', 'YES', '', None, '')]]
===file:syntax/alter_table.sql, id:326, sql:[ALTER TABLE global_table1 ADD COLUMN name4 CHAR(5) AFTER  R_REGIONKEY]===
dble:[[]]
===file:syntax/alter_table.sql, id:327, sql:[DESC global_table1 /* allow_diff */]===
dble:[[('R_COMMENT', 'varchar(50)', 'YES', '', None, ''), ('R_NAME', 'varchar(50)', 'YES', '', None, ''), ('R_REGIONKEY', 'int(11)', 'NO', 'PRI', None, ''), ('_dble_op_time', 'bigint(20)', 'YES', '', None, ''), ('id', 'int(11)', 'YES', '', None, ''), ('name', 'char(5)', 'YES', '', None, ''), ('name2', 'char(5)', 'YES', '', None, ''), ('name3', 'char(5)', 'YES', '', None, ''), ('name4', 'char(5)', 'YES', '', None, '')]]
mysql:[[('R_COMMENT', 'varchar(50)', 'YES', '', None, ''), ('R_NAME', 'varchar(50)', 'YES', '', None, ''), ('R_REGIONKEY', 'int(11)', 'NO', 'PRI', None, ''), ('id', 'int(11)', 'YES', '', None, ''), ('name', 'char(5)', 'YES', '', None, ''), ('name2', 'char(5)', 'YES', '', None, ''), ('name3', 'char(5)', 'YES', '', None, ''), ('name4', 'char(5)', 'YES', '', None, '')]]
===file:syntax/alter_table.sql, id:328, sql:[ALTER TABLE global_table1 ADD COLUMN (name5 CHAR(5) ,name6 char(6))]===
dble:[[]]
===file:syntax/alter_table.sql, id:329, sql:[DESC global_table1 /* allow_diff */]===
dble:[[('R_COMMENT', 'varchar(50)', 'YES', '', None, ''), ('R_NAME', 'varchar(50)', 'YES', '', None, ''), ('R_REGIONKEY', 'int(11)', 'NO', 'PRI', None, ''), ('_dble_op_time', 'bigint(20)', 'YES', '', None, ''), ('id', 'int(11)', 'YES', '', None, ''), ('name', 'char(5)', 'YES', '', None, ''), ('name2', 'char(5)', 'YES', '', None, ''), ('name3', 'char(5)', 'YES', '', None, ''), ('name4', 'char(5)', 'YES', '', None, ''), ('name5', 'char(5)', 'YES', '', None, ''), ('name6', 'char(6)', 'YES', '', None, '')]]
mysql:[[('R_COMMENT', 'varchar(50)', 'YES', '', None, ''), ('R_NAME', 'varchar(50)', 'YES', '', None, ''), ('R_REGIONKEY', 'int(11)', 'NO', 'PRI', None, ''), ('id', 'int(11)', 'YES', '', None, ''), ('name', 'char(5)', 'YES', '', None, ''), ('name2', 'char(5)', 'YES', '', None, ''), ('name3', 'char(5)', 'YES', '', None, ''), ('name4', 'char(5)', 'YES', '', None, ''), ('name5', 'char(5)', 'YES', '', None, ''), ('name6', 'char(6)', 'YES', '', None, '')]]
===file:syntax/alter_table.sql, id:330, sql:[ALTER TABLE global_table1 ADD COLUMN (name7 enum('node1','node2','node3') DEFAULT 'node3',name8 varchar(6) NOT NULL)]===
dble:[[]]
===file:syntax/alter_table.sql, id:331, sql:[DESC global_table1 /* allow_diff */]===
dble:[[('R_COMMENT', 'varchar(50)', 'YES', '', None, ''), ('R_NAME', 'varchar(50)', 'YES', '', None, ''), ('R_REGIONKEY', 'int(11)', 'NO', 'PRI', None, ''), ('_dble_op_time', 'bigint(20)', 'YES', '', None, ''), ('id', 'int(11)', 'YES', '', None, ''), ('name', 'char(5)', 'YES', '', None, ''), ('name2', 'char(5)', 'YES', '', None, ''), ('name3', 'char(5)', 'YES', '', None, ''), ('name4', 'char(5)', 'YES', '', None, ''), ('name5', 'char(5)', 'YES', '', None, ''), ('name6', 'char(6)', 'YES', '', None, ''), ('name7', "enum('node1','node2','node3')", 'YES', '', 'node3', ''), ('name8', 'varchar(6)', 'NO', '', None, '')]]
mysql:[[('R_COMMENT', 'varchar(50)', 'YES', '', None, ''), ('R_NAME', 'varchar(50)', 'YES', '', None, ''), ('R_REGIONKEY', 'int(11)', 'NO', 'PRI', None, ''), ('id', 'int(11)', 'YES', '', None, ''), ('name', 'char(5)', 'YES', '', None, ''), ('name2', 'char(5)', 'YES', '', None, ''), ('name3', 'char(5)', 'YES', '', None, ''), ('name4', 'char(5)', 'YES', '', None, ''), ('name5', 'char(5)', 'YES', '', None, ''), ('name6', 'char(6)', 'YES', '', None, ''), ('name7', "enum('node1','node2','node3')", 'YES', '', 'node3', ''), ('name8', 'varchar(6)', 'NO', '', None, '')]]
===file:syntax/alter_table.sql, id:332, sql:[ALTER TABLE global_table1 DROP column name,DROP column name2,DROP column name3,DROP column name4,DROP column name5]===
dble:[[]]
===file:syntax/alter_table.sql, id:333, sql:[ALTER TABLE global_table1 DROP name6]===
dble:[[]]
===file:syntax/alter_table.sql, id:334, sql:[ALTER TABLE global_table1 DROP COLUMN name7]===
dble:[[]]
===file:syntax/alter_table.sql, id:335, sql:[ALTER TABLE global_table1 DROP COLUMN name8]===
dble:[[]]
===file:syntax/alter_table.sql, id:336, sql:[DESC global_table1  /* allow_diff */]===
dble:[[('R_COMMENT', 'varchar(50)', 'YES', '', None, ''), ('R_NAME', 'varchar(50)', 'YES', '', None, ''), ('R_REGIONKEY', 'int(11)', 'NO', 'PRI', None, ''), ('_dble_op_time', 'bigint(20)', 'YES', '', None, ''), ('id', 'int(11)', 'YES', '', None, '')]]
mysql:[[('R_COMMENT', 'varchar(50)', 'YES', '', None, ''), ('R_NAME', 'varchar(50)', 'YES', '', None, ''), ('R_REGIONKEY', 'int(11)', 'NO', 'PRI', None, ''), ('id', 'int(11)', 'YES', '', None, '')]]
===file:syntax/alter_table.sql, id:337, sql:[DROP TABLE IF EXISTS global_table1]===
dble:[[]]
===file:syntax/alter_table.sql, id:338, sql:[CREATE TABLE global_table1 (id int(11),R_REGIONKEY int(11) PRIMARY KEY,R_NAME varchar(50),R_COMMENT varchar(50))]===
dble:[[]]
===file:syntax/alter_table.sql, id:339, sql:[ALTER TABLE global_table1 ADD INDEX (id)]===
dble:[[]]
===file:syntax/alter_table.sql, id:340, sql:[DROP TABLE IF EXISTS global_table1]===
dble:[[]]
===file:syntax/alter_table.sql, id:341, sql:[CREATE TABLE global_table1(id int(11),Code char(3))]===
dble:[[]]
===file:syntax/alter_table.sql, id:342, sql:[ALTER TABLE global_table1 ADD PRIMARY KEY (code)]===
dble:[[]]
===file:syntax/alter_table.sql, id:343, sql:[DESC global_table1  /* allow_diff */]===
dble:[[('Code', 'char(3)', 'NO', 'PRI', None, ''), ('_dble_op_time', 'bigint(20)', 'YES', '', None, ''), ('id', 'int(11)', 'YES', '', None, '')]]
mysql:[[('Code', 'char(3)', 'NO', 'PRI', None, ''), ('id', 'int(11)', 'YES', '', None, '')]]
===file:syntax/alter_table.sql, id:344, sql:[ALTER TABLE global_table1 DROP PRIMARY KEY]===
dble:[[]]
===file:syntax/alter_table.sql, id:345, sql:[DROP TABLE IF EXISTS global_table1]===
dble:[[]]
===file:syntax/alter_table.sql, id:346, sql:[CREATE TABLE global_table1(id int(11),Code char(3))]===
dble:[[]]
===file:syntax/alter_table.sql, id:347, sql:[ALTER TABLE global_table1 ADD UNIQUE (code)]===
dble:[[]]
===file:syntax/alter_table.sql, id:348, sql:[DESC global_table1 /* allow_diff */]===
dble:[[('Code', 'char(3)', 'YES', 'UNI', None, ''), ('_dble_op_time', 'bigint(20)', 'YES', '', None, ''), ('id', 'int(11)', 'YES', '', None, '')]]
mysql:[[('Code', 'char(3)', 'YES', 'UNI', None, ''), ('id', 'int(11)', 'YES', '', None, '')]]
===file:syntax/alter_table.sql, id:349, sql:[ALTER TABLE global_table1 DROP KEY Code]===
dble:[[]]
===file:syntax/alter_table.sql, id:350, sql:[DROP TABLE IF EXISTS aly_order]===
dble:[[]]
===file:syntax/alter_table.sql, id:351, sql:[DROP TABLE IF EXISTS global_table1]===
dble:[[]]
===file:syntax/alter_table.sql, id:352, sql:[CREATE TABLE aly_order(id int(11),CountryCode char(3))]===
dble:[[]]
===file:syntax/alter_table.sql, id:353, sql:[CREATE TABLE global_table1 (id int(11),col1 varchar(11) PRIMARY KEY,col2 int(10),col3 varchar(50),col4 int(10),col5 varchar(50),col6 date,col7 double(12,6))]===
dble:[[]]
===file:syntax/alter_table.sql, id:354, sql:[ALTER TABLE global_table1 CHANGE col1 ID1 INTEGER]===
dble:[[]]
===file:syntax/alter_table.sql, id:355, sql:[DESC global_table1 /* allow_diff */]===
dble:[[('ID1', 'int(11)', 'NO', 'PRI', None, ''), ('_dble_op_time', 'bigint(20)', 'YES', '', None, ''), ('col2', 'int(10)', 'YES', '', None, ''), ('col3', 'varchar(50)', 'YES', '', None, ''), ('col4', 'int(10)', 'YES', '', None, ''), ('col5', 'varchar(50)', 'YES', '', None, ''), ('col6', 'date', 'YES', '', None, ''), ('col7', 'double(12,6)', 'YES', '', None, ''), ('id', 'int(11)', 'YES', '', None, '')]]
mysql:[[('ID1', 'int(11)', 'NO', 'PRI', None, ''), ('col2', 'int(10)', 'YES', '', None, ''), ('col3', 'varchar(50)', 'YES', '', None, ''), ('col4', 'int(10)', 'YES', '', None, ''), ('col5', 'varchar(50)', 'YES', '', None, ''), ('col6', 'date', 'YES', '', None, ''), ('col7', 'double(12,6)', 'YES', '', None, ''), ('id', 'int(11)', 'YES', '', None, '')]]
===file:syntax/alter_table.sql, id:356, sql:[ALTER TABLE global_table1 CHANGE COLUMN col7 ID2 INTEGER]===
dble:[[]]
===file:syntax/alter_table.sql, id:357, sql:[DESC global_table1 /* allow_diff */]===
dble:[[('ID1', 'int(11)', 'NO', 'PRI', None, ''), ('ID2', 'int(11)', 'YES', '', None, ''), ('_dble_op_time', 'bigint(20)', 'YES', '', None, ''), ('col2', 'int(10)', 'YES', '', None, ''), ('col3', 'varchar(50)', 'YES', '', None, ''), ('col4', 'int(10)', 'YES', '', None, ''), ('col5', 'varchar(50)', 'YES', '', None, ''), ('col6', 'date', 'YES', '', None, ''), ('id', 'int(11)', 'YES', '', None, '')]]
mysql:[[('ID1', 'int(11)', 'NO', 'PRI', None, ''), ('ID2', 'int(11)', 'YES', '', None, ''), ('col2', 'int(10)', 'YES', '', None, ''), ('col3', 'varchar(50)', 'YES', '', None, ''), ('col4', 'int(10)', 'YES', '', None, ''), ('col5', 'varchar(50)', 'YES', '', None, ''), ('col6', 'date', 'YES', '', None, ''), ('id', 'int(11)', 'YES', '', None, '')]]
===file:syntax/alter_table.sql, id:358, sql:[ALTER TABLE global_table1 CHANGE col6 ID4 enum ('id1','id2','id3','id4') AFTER id]===
dble:[[]]
===file:syntax/alter_table.sql, id:359, sql:[DESC global_table1 /* allow_diff */]===
dble:[[('ID1', 'int(11)', 'NO', 'PRI', None, ''), ('ID2', 'int(11)', 'YES', '', None, ''), ('ID4', "enum('id1','id2','id3','id4')", 'YES', '', None, ''), ('_dble_op_time', 'bigint(20)', 'YES', '', None, ''), ('col2', 'int(10)', 'YES', '', None, ''), ('col3', 'varchar(50)', 'YES', '', None, ''), ('col4', 'int(10)', 'YES', '', None, ''), ('col5', 'varchar(50)', 'YES', '', None, ''), ('id', 'int(11)', 'YES', '', None, '')]]
mysql:[[('ID1', 'int(11)', 'NO', 'PRI', None, ''), ('ID2', 'int(11)', 'YES', '', None, ''), ('ID4', "enum('id1','id2','id3','id4')", 'YES', '', None, ''), ('col2', 'int(10)', 'YES', '', None, ''), ('col3', 'varchar(50)', 'YES', '', None, ''), ('col4', 'int(10)', 'YES', '', None, ''), ('col5', 'varchar(50)', 'YES', '', None, ''), ('id', 'int(11)', 'YES', '', None, '')]]
===file:syntax/alter_table.sql, id:360, sql:[DROP TABLE IF EXISTS global_table1]===
dble:[[]]
===file:syntax/alter_table.sql, id:361, sql:[CREATE TABLE global_table1 (id int(11),R_REGIONKEY int(11) PRIMARY KEY,R_NAME varchar(50),R_COMMENT varchar(50))]===
dble:[[]]
===file:syntax/alter_table.sql, id:362, sql:[ALTER TABLE global_table1 MODIFY R_COMMENT BIGINT NOT NULL]===
dble:[[]]
===file:syntax/alter_table.sql, id:363, sql:[DESC global_table1 /* allow_diff */]===
dble:[[('R_COMMENT', 'bigint(20)', 'NO', '', None, ''), ('R_NAME', 'varchar(50)', 'YES', '', None, ''), ('R_REGIONKEY', 'int(11)', 'NO', 'PRI', None, ''), ('_dble_op_time', 'bigint(20)', 'YES', '', None, ''), ('id', 'int(11)', 'YES', '', None, '')]]
mysql:[[('R_COMMENT', 'bigint(20)', 'NO', '', None, ''), ('R_NAME', 'varchar(50)', 'YES', '', None, ''), ('R_REGIONKEY', 'int(11)', 'NO', 'PRI', None, ''), ('id', 'int(11)', 'YES', '', None, '')]]
===file:syntax/alter_table.sql, id:364, sql:[ALTER TABLE global_table1 MODIFY R_COMMENT BIGINT UNSIGNED DEFAULT 1 COMMENT 'my column' AFTER R_REGIONKEY]===
dble:[[]]
===file:syntax/alter_table.sql, id:365, sql:[DESC global_table1 /* allow_diff */]===
dble:[[('R_COMMENT', 'bigint(20) unsigned', 'YES', '', '1', ''), ('R_NAME', 'varchar(50)', 'YES', '', None, ''), ('R_REGIONKEY', 'int(11)', 'NO', 'PRI', None, ''), ('_dble_op_time', 'bigint(20)', 'YES', '', None, ''), ('id', 'int(11)', 'YES', '', None, '')]]
mysql:[[('R_COMMENT', 'bigint(20) unsigned', 'YES', '', '1', ''), ('R_NAME', 'varchar(50)', 'YES', '', None, ''), ('R_REGIONKEY', 'int(11)', 'NO', 'PRI', None, ''), ('id', 'int(11)', 'YES', '', None, '')]]
===file:syntax/alter_table.sql, id:366, sql:[ALTER TABLE global_table1 MODIFY R_REGIONKEY BIGINT UNSIGNED NOT NULL DEFAULT 10 COMMENT 'my column1' FIRST]===
dble:[[]]
===file:syntax/alter_table.sql, id:367, sql:[DESC global_table1 /* allow_diff */]===
dble:[[('R_COMMENT', 'bigint(20) unsigned', 'YES', '', '1', ''), ('R_NAME', 'varchar(50)', 'YES', '', None, ''), ('R_REGIONKEY', 'bigint(20) unsigned', 'NO', 'PRI', '10', ''), ('_dble_op_time', 'bigint(20)', 'YES', '', None, ''), ('id', 'int(11)', 'YES', '', None, '')]]
mysql:[[('R_COMMENT', 'bigint(20) unsigned', 'YES', '', '1', ''), ('R_NAME', 'varchar(50)', 'YES', '', None, ''), ('R_REGIONKEY', 'bigint(20) unsigned', 'NO', 'PRI', '10', ''), ('id', 'int(11)', 'YES', '', None, '')]]
===file:syntax/alter_table.sql, id:368, sql:[ALTER TABLE global_table1 MODIFY COLUMN R_COMMENT BIGINT UNSIGNED UNIQUE DEFAULT 1 COMMENT 'my column2' AFTER R_REGIONKEY]===
dble:[[]]
===file:syntax/alter_table.sql, id:369, sql:[DESC global_table1 /* allow_diff */]===
dble:[[('R_COMMENT', 'bigint(20) unsigned', 'YES', 'UNI', '1', ''), ('R_NAME', 'varchar(50)', 'YES', '', None, ''), ('R_REGIONKEY', 'bigint(20) unsigned', 'NO', 'PRI', '10', ''), ('_dble_op_time', 'bigint(20)', 'YES', '', None, ''), ('id', 'int(11)', 'YES', '', None, '')]]
mysql:[[('R_COMMENT', 'bigint(20) unsigned', 'YES', 'UNI', '1', ''), ('R_NAME', 'varchar(50)', 'YES', '', None, ''), ('R_REGIONKEY', 'bigint(20) unsigned', 'NO', 'PRI', '10', ''), ('id', 'int(11)', 'YES', '', None, '')]]
===file:syntax/alter_table.sql, id:370, sql:[DROP TABLE IF EXISTS global_table1]===
dble:[[]]
