===file:syntax/character.sql, id:14, sql:[select CONCAT(_ucs2 X'0041', _ucs2 X'0042')]===
dble:[None]
mysql:[(('AB',),)]
[01:42:08.362415]dble err :(1064, 'syntax error, expect RPAREN, actual IDENTIFIER X')
===file:syntax/character.sql, id:32, sql:[SELECT HEX('à\n'), HEX(_latin1'à\n')]===
dble:[[('C33F0A', 'C33F0A')]]
mysql:[[('C3A00A', 'C3A00A')]]
===file:syntax/character.sql, id:35, sql:[select '好']===
dble:[[('\xe5\xa5?',)]]
mysql:[[('\xe5\xa5\xbd',)]]
===file:syntax/character.sql, id:36, sql:[SELECT N'hello你']===
dble:[[('hello???',)]]
mysql:[[('hello\xc4\xe3',)]]
===file:syntax/character.sql, id:38, sql:[SELECT _utf8'hello你']===
dble:[[('hello???',)]]
mysql:[[('hello\xc4\xe3',)]]
===file:syntax/character.sql, id:43, sql:[SELECT _utf8'hello你']===
dble:[[('hello\xe4\xbd\xa0',)]]
mysql:[[('hello?',)]]
===file:syntax/character.sql, id:49, sql:[alter table t change c c national character varying(20)]===
dble:[None]
mysql:[()]
[01:42:16.403159]dble err :(1064, 'sql syntax error, no terminated. IDENTIFIER')
===file:syntax/character.sql, id:62, sql:[insert into t values('你')]===
dble:[()]
mysql:[None]
mysql err:(1406, "Data too long for column 'c' at row 1")
===file:syntax/character.sql, id:64, sql:[select * from t;]===
dble:[[('??',)]]
mysql:[[]]
===file:syntax/character.sql, id:68, sql:[select * from t;]===
dble:[[('e',), ('\xe6\x88\x91',), ('\xe6\xb5\xa3?',)]]
mysql:[[('e',), ('\xe6\x88\x91',)]]
===file:syntax/character.sql, id:69, sql:[select * from t]===
dble:[[('e',), ('\xe6\x88\x91',), ('\xe6\xb5\xa3?',)]]
mysql:[[('e',), ('\xe6\x88\x91',)]]
===file:syntax/character.sql, id:71, sql:[insert into t values("他")]===
dble:[()]
mysql:[None]
mysql err:(1406, "Data too long for column 'c' at row 1")
===file:syntax/character.sql, id:72, sql:[select * from t ;]===
dble:[[('e',), ('\xce\xd2',), ('\xe4\xbb?',), ('\xe4\xbd?',)]]
mysql:[[('e',), ('\xce\xd2',)]]
===file:syntax/character.sql, id:75, sql:[select * from t;]===
dble:[[('??',), ('e',), ('\xce\xd2',), ('\xe4\xbb?',), ('\xe4\xbd?',)]]
mysql:[[('?',), ('e',), ('\xce\xd2',)]]
===file:syntax/character.sql, id:78, sql:[select * from t;]===
dble:[[('??',), ('e',), ('\xe5\xae\x83',), ('\xe6\x88\x91',), ('\xe6\xb5\xa0?',), ('\xe6\xb5\xa3?',)]]
mysql:[[('?',), ('e',), ('\xe5\xae\x83',), ('\xe6\x88\x91',)]]
===file:syntax/character.sql, id:81, sql:[select * from t;]===
dble:[[('?',), ('?',), ('??',), ('??',), ('??',), ('???a',), ('e',)]]
mysql:[[('?',), ('?',), ('?',), ('???a',), ('e',)]]
===file:syntax/character.sql, id:84, sql:[select * from t;]===
dble:[[('??',), ('???a',), ('??a',), ('e',), ('\xcb\xfc',), ('\xce\xd2',), ('\xe4\xbb?',), ('\xe4\xbd?',)]]
mysql:[[('?',), ('??',), ('???a',), ('e',), ('\xcb\xfc',), ('\xce\xd2',)]]
