===file:syntax/create_table_type.sql, id:5, sql:[INSERT INTO aly_test VALUES (2,2)]===
mysql err:(1406, "Data too long for column 'data' at row 1")
dble err[01:45:20.858560] :(1406, "Data too long for column 'data' at row 1")
===file:syntax/create_table_type.sql, id:10, sql:[INSERT INTO aly_test VALUES (1,01010)]===
mysql err:(1406, "Data too long for column 'data' at row 1")
dble err[01:45:21.204265] :(1406, "Data too long for column 'data' at row 1")
===file:syntax/create_table_type.sql, id:18, sql:[INSERT INTO aly_test ( id,data) VALUES (1,-129)]===
mysql err:(1264, "Out of range value for column 'data' at row 1")
dble err[01:45:21.615043] :(1264, "Out of range value for column 'data' at row 1")
===file:syntax/create_table_type.sql, id:19, sql:[INSERT INTO aly_test ( id,data) VALUES (2,128)]===
mysql err:(1264, "Out of range value for column 'data' at row 1")
dble err[01:45:21.669177] :(1264, "Out of range value for column 'data' at row 1")
===file:syntax/create_table_type.sql, id:20, sql:[INSERT INTO aly_test ( id,data) VALUES (222,-129),(222,-128),(222,0),(222,127),(222,128)]===
mysql err:(1264, "Out of range value for column 'data' at row 1")
dble err[01:45:21.754200] :(1264, "Out of range value for column 'data' at row 1")
===file:syntax/create_table_type.sql, id:29, sql:[INSERT INTO aly_test ( id,data) VALUES (1,-1)]===
mysql err:(1264, "Out of range value for column 'data' at row 1")
dble err[01:45:22.341650] :(1264, "Out of range value for column 'data' at row 1")
===file:syntax/create_table_type.sql, id:30, sql:[INSERT INTO aly_test ( id,data) VALUES (2,256)]===
mysql err:(1264, "Out of range value for column 'data' at row 1")
dble err[01:45:22.427597] :(1264, "Out of range value for column 'data' at row 1")
===file:syntax/create_table_type.sql, id:31, sql:[INSERT INTO aly_test ( id,data) VALUES (111,-1),(112,0),(113,256)]===
mysql err:(1264, "Out of range value for column 'data' at row 1")
dble err[01:45:22.518422] :(1264, "Out of range value for column 'data' at row 1")
===file:syntax/create_table_type.sql, id:40, sql:[INSERT INTO aly_test ( id,data) VALUES (1,-1),(2,-10000)]===
mysql err:(1264, "Out of range value for column 'data' at row 1")
dble err[01:45:23.064527] :(1264, "Out of range value for column 'data' at row 1")
===file:syntax/create_table_type.sql, id:50, sql:[INSERT INTO aly_test ( id,data) VALUES (1,-1),(2,-10000)]===
mysql err:(1264, "Out of range value for column 'data' at row 1")
dble err[01:45:23.715938] :(1264, "Out of range value for column 'data' at row 1")
===file:syntax/create_table_type.sql, id:62, sql:[INSERT INTO aly_test ( id,data) VALUES (1,-32769)]===
mysql err:(1264, "Out of range value for column 'data' at row 1")
dble err[01:45:24.587492] :(1264, "Out of range value for column 'data' at row 1")
===file:syntax/create_table_type.sql, id:63, sql:[INSERT INTO aly_test ( id,data) VALUES (2,32768)]===
mysql err:(1264, "Out of range value for column 'data' at row 1")
dble err[01:45:24.671183] :(1264, "Out of range value for column 'data' at row 1")
===file:syntax/create_table_type.sql, id:64, sql:[INSERT INTO aly_test ( id,data) VALUES (222,-32769),(222,-32768),(222,0),(222,32767),(222,32768)]===
mysql err:(1264, "Out of range value for column 'data' at row 1")
dble err[01:45:24.754850] :(1264, "Out of range value for column 'data' at row 1")
===file:syntax/create_table_type.sql, id:73, sql:[INSERT INTO aly_test ( id,data) VALUES (1,-1)]===
mysql err:(1264, "Out of range value for column 'data' at row 1")
dble err[01:45:25.338666] :(1264, "Out of range value for column 'data' at row 1")
===file:syntax/create_table_type.sql, id:74, sql:[INSERT INTO aly_test ( id,data) VALUES (2,65536)]===
mysql err:(1264, "Out of range value for column 'data' at row 1")
dble err[01:45:25.392822] :(1264, "Out of range value for column 'data' at row 1")
===file:syntax/create_table_type.sql, id:75, sql:[INSERT INTO aly_test ( id,data) VALUES (111,-1),(112,0),(113,65536)]===
mysql err:(1264, "Out of range value for column 'data' at row 1")
dble err[01:45:25.480427] :(1264, "Out of range value for column 'data' at row 1")
===file:syntax/create_table_type.sql, id:84, sql:[INSERT INTO aly_test ( id,data) VALUES (1,-1),(2,-65536)]===
mysql err:(1264, "Out of range value for column 'data' at row 1")
dble err[01:45:26.014666] :(1264, "Out of range value for column 'data' at row 1")
===file:syntax/create_table_type.sql, id:94, sql:[INSERT INTO aly_test ( id,data) VALUES (1,-1),(2,-65536)]===
mysql err:(1264, "Out of range value for column 'data' at row 1")
dble err[01:45:35.290590] :(1264, "Out of range value for column 'data' at row 1")
===file:syntax/create_table_type.sql, id:106, sql:[INSERT INTO aly_test ( id,data) VALUES (1,-8388609)]===
mysql err:(1264, "Out of range value for column 'data' at row 1")
dble err[01:45:35.914774] :(1264, "Out of range value for column 'data' at row 1")
===file:syntax/create_table_type.sql, id:108, sql:[INSERT INTO aly_test ( id,data) VALUES (222,-8388609),(222,-8388608),(222,0),(222,8388607),(222,8388608)]===
mysql err:(1264, "Out of range value for column 'data' at row 1")
dble err[01:45:36.053176] :(1264, "Out of range value for column 'data' at row 1")
===file:syntax/create_table_type.sql, id:117, sql:[INSERT INTO aly_test ( id,data) VALUES (1,-1)]===
mysql err:(1264, "Out of range value for column 'data' at row 1")
dble err[01:45:36.716190] :(1264, "Out of range value for column 'data' at row 1")
===file:syntax/create_table_type.sql, id:118, sql:[INSERT INTO aly_test ( id,data) VALUES (2,16777216)]===
mysql err:(1264, "Out of range value for column 'data' at row 1")
dble err[01:45:36.800691] :(1264, "Out of range value for column 'data' at row 1")
===file:syntax/create_table_type.sql, id:119, sql:[INSERT INTO aly_test ( id,data) VALUES (111,-1),(112,0),(113,16777216)]===
mysql err:(1264, "Out of range value for column 'data' at row 1")
dble err[01:45:36.890159] :(1264, "Out of range value for column 'data' at row 1")
===file:syntax/create_table_type.sql, id:128, sql:[INSERT INTO aly_test ( id,data) VALUES (1,-1),(2,16777216)]===
mysql err:(1264, "Out of range value for column 'data' at row 1")
dble err[01:45:37.461151] :(1264, "Out of range value for column 'data' at row 1")
===file:syntax/create_table_type.sql, id:138, sql:[INSERT INTO aly_test ( id,data) VALUES (1,-1),(2,16777216)]===
mysql err:(1264, "Out of range value for column 'data' at row 1")
dble err[01:45:38.127413] :(1264, "Out of range value for column 'data' at row 1")
===file:syntax/create_table_type.sql, id:150, sql:[INSERT INTO aly_test ( id,data) VALUES (1,-2147483649)]===
mysql err:(1264, "Out of range value for column 'data' at row 1")
dble err[01:45:38.751196] :(1264, "Out of range value for column 'data' at row 1")
===file:syntax/create_table_type.sql, id:151, sql:[INSERT INTO aly_test ( id,data) VALUES (2,2147483648)]===
mysql err:(1264, "Out of range value for column 'data' at row 1")
dble err[01:45:38.837820] :(1264, "Out of range value for column 'data' at row 1")
===file:syntax/create_table_type.sql, id:152, sql:[INSERT INTO aly_test ( id,data) VALUES (222,-2147483649),(222,-2147483648),(222,0),(222,2147483647),(222,2147483648)]===
mysql err:(1264, "Out of range value for column 'data' at row 1")
dble err[01:45:38.921736] :(1264, "Out of range value for column 'data' at row 1")
===file:syntax/create_table_type.sql, id:161, sql:[INSERT INTO aly_test ( id,data) VALUES (1,-1)]===
mysql err:(1264, "Out of range value for column 'data' at row 1")
dble err[01:45:39.577292] :(1264, "Out of range value for column 'data' at row 1")
===file:syntax/create_table_type.sql, id:162, sql:[INSERT INTO aly_test ( id,data) VALUES (2,4294967296)]===
mysql err:(1264, "Out of range value for column 'data' at row 1")
dble err[01:45:39.663969] :(1264, "Out of range value for column 'data' at row 1")
===file:syntax/create_table_type.sql, id:163, sql:[INSERT INTO aly_test ( id,data) VALUES (111,-1),(112,0),(113,4294967296)]===
mysql err:(1264, "Out of range value for column 'data' at row 1")
dble err[01:45:39.766996] :(1264, "Out of range value for column 'data' at row 1")
===file:syntax/create_table_type.sql, id:172, sql:[INSERT INTO aly_test ( id,data) VALUES (1,-1),(2,-10000)]===
mysql err:(1264, "Out of range value for column 'data' at row 1")
dble err[01:45:40.387048] :(1264, "Out of range value for column 'data' at row 1")
===file:syntax/create_table_type.sql, id:182, sql:[INSERT INTO aly_test ( id,data) VALUES (1,-1)]===
mysql err:(1264, "Out of range value for column 'data' at row 1")
dble err[01:45:41.012722] :(1264, "Out of range value for column 'data' at row 1")
===file:syntax/create_table_type.sql, id:183, sql:[INSERT INTO aly_test ( id,data) VALUES (2,4294967296)]===
mysql err:(1264, "Out of range value for column 'data' at row 1")
dble err[01:45:41.099458] :(1264, "Out of range value for column 'data' at row 1")
===file:syntax/create_table_type.sql, id:184, sql:[INSERT INTO aly_test ( id,data) VALUES (3,-1),(4,0),(5,4294967296)]===
mysql err:(1264, "Out of range value for column 'data' at row 1")
dble err[01:45:41.187921] :(1264, "Out of range value for column 'data' at row 1")
===file:syntax/create_table_type.sql, id:195, sql:[INSERT INTO aly_test ( id,data) VALUES (1,-2147483649)]===
mysql err:(1264, "Out of range value for column 'data' at row 1")
dble err[01:45:41.694369] :(1264, "Out of range value for column 'data' at row 1")
===file:syntax/create_table_type.sql, id:196, sql:[INSERT INTO aly_test ( id,data) VALUES (2,2147483648)]===
mysql err:(1264, "Out of range value for column 'data' at row 1")
dble err[01:45:41.780082] :(1264, "Out of range value for column 'data' at row 1")
===file:syntax/create_table_type.sql, id:197, sql:[INSERT INTO aly_test ( id,data) VALUES (222,-2147483649),(222,-2147483648),(222,0),(222,2147483647),(222,2147483648)]===
mysql err:(1264, "Out of range value for column 'data' at row 1")
dble err[01:45:41.867652] :(1264, "Out of range value for column 'data' at row 1")
===file:syntax/create_table_type.sql, id:206, sql:[INSERT INTO aly_test ( id,data) VALUES (1,-1)]===
mysql err:(1264, "Out of range value for column 'data' at row 1")
dble err[01:45:42.460829] :(1264, "Out of range value for column 'data' at row 1")
===file:syntax/create_table_type.sql, id:207, sql:[INSERT INTO aly_test ( id,data) VALUES (2,4294967296)]===
mysql err:(1264, "Out of range value for column 'data' at row 1")
dble err[01:45:42.546000] :(1264, "Out of range value for column 'data' at row 1")
===file:syntax/create_table_type.sql, id:208, sql:[INSERT INTO aly_test ( id,data) VALUES (111,-1),(112,0),(113,4294967296)]===
mysql err:(1264, "Out of range value for column 'data' at row 1")
dble err[01:45:42.636462] :(1264, "Out of range value for column 'data' at row 1")
===file:syntax/create_table_type.sql, id:217, sql:[INSERT INTO aly_test ( id,data) VALUES (1,-1),(2,-10000)]===
mysql err:(1264, "Out of range value for column 'data' at row 1")
dble err[01:45:43.292534] :(1264, "Out of range value for column 'data' at row 1")
===file:syntax/create_table_type.sql, id:227, sql:[INSERT INTO aly_test ( id,data) VALUES (1,-1)]===
mysql err:(1264, "Out of range value for column 'data' at row 1")
dble err[01:45:43.890879] :(1264, "Out of range value for column 'data' at row 1")
===file:syntax/create_table_type.sql, id:228, sql:[INSERT INTO aly_test ( id,data) VALUES (2,4294967296)]===
mysql err:(1264, "Out of range value for column 'data' at row 1")
dble err[01:45:43.975982] :(1264, "Out of range value for column 'data' at row 1")
===file:syntax/create_table_type.sql, id:229, sql:[INSERT INTO aly_test ( id,data) VALUES (3,-1),(4,0),(5,4294967296)]===
mysql err:(1264, "Out of range value for column 'data' at row 1")
dble err[01:45:44.067470] :(1264, "Out of range value for column 'data' at row 1")
===file:syntax/create_table_type.sql, id:240, sql:[INSERT INTO aly_test ( id,data) VALUES (1,-9223372036854775809)]===
mysql err:(1264, "Out of range value for column 'data' at row 1")
dble err[01:45:44.601095] :(1264, "Out of range value for column 'data' at row 1")
===file:syntax/create_table_type.sql, id:241, sql:[INSERT INTO aly_test ( id,data) VALUES (2,9223372036854775808)]===
mysql err:(1264, "Out of range value for column 'data' at row 1")
dble err[01:45:44.653123] :(1264, "Out of range value for column 'data' at row 1")
===file:syntax/create_table_type.sql, id:242, sql:[INSERT INTO aly_test ( id,data) VALUES (222,-9223372036854775809),(222,-9223372036854775808),(222,0),(222,9223372036854775807),(222,9223372036854775808)]===
mysql err:(1264, "Out of range value for column 'data' at row 1")
dble err[01:45:44.737717] :(1264, "Out of range value for column 'data' at row 1")
===file:syntax/create_table_type.sql, id:251, sql:[INSERT INTO aly_test ( id,data) VALUES (1,-1)]===
mysql err:(1264, "Out of range value for column 'data' at row 1")
dble err[01:45:45.338385] :(1264, "Out of range value for column 'data' at row 1")
===file:syntax/create_table_type.sql, id:252, sql:[INSERT INTO aly_test ( id,data) VALUES (2,18446744073709551616)]===
mysql err:(1264, "Out of range value for column 'data' at row 1")
dble err[01:45:45.424990] :(1264, "Out of range value for column 'data' at row 1")
===file:syntax/create_table_type.sql, id:253, sql:[INSERT INTO aly_test ( id,data) VALUES (111,-1),(112,0),(113,18446744073709551616)]===
mysql err:(1264, "Out of range value for column 'data' at row 1")
dble err[01:45:45.519566] :(1264, "Out of range value for column 'data' at row 1")
===file:syntax/create_table_type.sql, id:262, sql:[INSERT INTO aly_test ( id,data) VALUES (1,-1),(2,18446744073709551615)]===
mysql err:(1264, "Out of range value for column 'data' at row 1")
dble err[01:45:46.151498] :(1264, "Out of range value for column 'data' at row 1")
===file:syntax/create_table_type.sql, id:272, sql:[INSERT INTO aly_test ( id,data) VALUES (1,-1),(2,18446744073709551615)]===
mysql err:(1264, "Out of range value for column 'data' at row 1")
dble err[01:45:47.121469] :(1264, "Out of range value for column 'data' at row 1")
===file:syntax/create_table_type.sql, id:285, sql:[INSERT INTO aly_test ( id,data) VALUES (2,1234567890123456789012345678901234567890.1234567890)]===
mysql err:(1264, "Out of range value for column 'data' at row 1")
dble err[01:45:48.141919] :(1264, "Out of range value for column 'data' at row 1")
===file:syntax/create_table_type.sql, id:286, sql:[INSERT INTO aly_test ( id,data) VALUES (222,-1234567890123456789012345678901234567890.12345678901234),(222,-1234567890123456789012345678901234567890.1234567890123),(222,0),(222,1234567890123456789012345678901234567890.12345678901234),(222,-1234567890123456789012345678901234567890.12345678901234)]===
mysql err:(1264, "Out of range value for column 'data' at row 1")
dble err[01:45:48.207043] :(1264, "Out of range value for column 'data' at row 1")
===file:syntax/create_table_type.sql, id:296, sql:[INSERT INTO aly_test ( id,data) VALUES (1,-1)]===
mysql err:(1264, "Out of range value for column 'data' at row 1")
dble err[01:45:49.493760] :(1264, "Out of range value for column 'data' at row 1")
===file:syntax/create_table_type.sql, id:301, sql:[INSERT INTO aly_test ( id,data) VALUES (2,18446744073709551616)]===
mysql err:(1264, "Out of range value for column 'data' at row 1")
dble err[01:45:50.011639] :(1264, "Out of range value for column 'data' at row 1")
===file:syntax/create_table_type.sql, id:306, sql:[INSERT INTO aly_test ( id,data) VALUES (1,-1)]===
mysql err:(1264, "Out of range value for column 'data' at row 1")
dble err[01:45:50.426714] :(1264, "Out of range value for column 'data' at row 1")
===file:syntax/create_table_type.sql, id:311, sql:[INSERT INTO aly_test ( id,data) VALUES (1,-1)]===
mysql err:(1264, "Out of range value for column 'data' at row 1")
dble err[01:45:50.873382] :(1264, "Out of range value for column 'data' at row 1")
===file:syntax/create_table_type.sql, id:316, sql:[INSERT INTO aly_test ( id,data) VALUES (1,-1)]===
mysql err:(1264, "Out of range value for column 'data' at row 1")
dble err[01:45:51.320500] :(1264, "Out of range value for column 'data' at row 1")
===file:syntax/create_table_type.sql, id:321, sql:[INSERT INTO aly_test ( id,data) VALUES (1,-1)]===
mysql err:(1264, "Out of range value for column 'data' at row 1")
dble err[01:45:51.633263] :(1264, "Out of range value for column 'data' at row 1")
===file:syntax/create_table_type.sql, id:340, sql:[INSERT INTO aly_test ( id,data) VALUES (1,-1)]===
mysql err:(1264, "Out of range value for column 'data' at row 1")
dble err[01:45:52.922815] :(1264, "Out of range value for column 'data' at row 1")
===file:syntax/create_table_type.sql, id:345, sql:[INSERT INTO aly_test ( id,data) VALUES (2,18446744073709551616)]===
mysql err:(1264, "Out of range value for column 'data' at row 1")
dble err[01:45:53.323876] :(1264, "Out of range value for column 'data' at row 1")
===file:syntax/create_table_type.sql, id:351, sql:[INSERT INTO aly_test ( id,data) VALUES (1,-1)]===
mysql err:(1264, "Out of range value for column 'data' at row 1")
dble err[01:45:53.828230] :(1264, "Out of range value for column 'data' at row 1")
===file:syntax/create_table_type.sql, id:357, sql:[INSERT INTO aly_test ( id,data) VALUES (1,-1)]===
mysql err:(1264, "Out of range value for column 'data' at row 1")
dble err[01:45:54.479267] :(1264, "Out of range value for column 'data' at row 1")
===file:syntax/create_table_type.sql, id:363, sql:[INSERT INTO aly_test ( id,data) VALUES (1,-1)]===
mysql err:(1264, "Out of range value for column 'data' at row 1")
dble err[01:45:54.995296] :(1264, "Out of range value for column 'data' at row 1")
===file:syntax/create_table_type.sql, id:369, sql:[INSERT INTO aly_test ( id,data) VALUES (1,-1)]===
mysql err:(1264, "Out of range value for column 'data' at row 1")
dble err[01:45:55.418742] :(1264, "Out of range value for column 'data' at row 1")
===file:syntax/create_table_type.sql, id:377, sql:[INSERT INTO aly_test ( id,data) VALUES (1111,-1234567890123456789012345678901234567890.1234567890123),(1112,0),(1113,1234567890123456789012345678901234567890.1234567890123)]===
mysql err:(1264, "Out of range value for column 'data' at row 1")
dble err[01:45:55.919508] :(1264, "Out of range value for column 'data' at row 1")
===file:syntax/create_table_type.sql, id:388, sql:[INSERT INTO aly_test ( id,data) VALUES (1,-1)]===
mysql err:(1264, "Out of range value for column 'data' at row 1")
dble err[01:45:56.757758] :(1264, "Out of range value for column 'data' at row 1")
===file:syntax/create_table_type.sql, id:389, sql:[INSERT INTO aly_test ( id,data) VALUES (2,18446744073709551616),(3,0)]===
mysql err:(1264, "Out of range value for column 'data' at row 1")
dble err[01:45:56.856126] :(1264, "Out of range value for column 'data' at row 1")
===file:syntax/create_table_type.sql, id:393, sql:[INSERT INTO aly_test ( id,data) VALUES (2,18446744073709551616)]===
mysql err:(1264, "Out of range value for column 'data' at row 1")
dble err[01:45:57.114530] :(1264, "Out of range value for column 'data' at row 1")
===file:syntax/create_table_type.sql, id:399, sql:[INSERT INTO aly_test ( id,data) VALUES (1,-1)]===
mysql err:(1264, "Out of range value for column 'data' at row 1")
dble err[01:45:57.576628] :(1264, "Out of range value for column 'data' at row 1")
===file:syntax/create_table_type.sql, id:405, sql:[INSERT INTO aly_test ( id,data) VALUES (1,-1)]===
mysql err:(1264, "Out of range value for column 'data' at row 1")
dble err[01:45:58.030905] :(1264, "Out of range value for column 'data' at row 1")
===file:syntax/create_table_type.sql, id:411, sql:[INSERT INTO aly_test ( id,data) VALUES (1,-1)]===
mysql err:(1264, "Out of range value for column 'data' at row 1")
dble err[01:45:58.507797] :(1264, "Out of range value for column 'data' at row 1")
===file:syntax/create_table_type.sql, id:417, sql:[INSERT INTO aly_test ( id,data) VALUES (1,-1)]===
mysql err:(1264, "Out of range value for column 'data' at row 1")
dble err[01:45:58.976051] :(1264, "Out of range value for column 'data' at row 1")
===file:syntax/create_table_type.sql, id:425, sql:[INSERT INTO aly_test ( id,data) VALUES (1,'a')]===
mysql err:(1366, "Incorrect decimal value: 'a' for column 'data' at row 1")
dble err[01:45:59.404974] :(1366, "Incorrect decimal value: 'a' for column 'data' at row 1")
===file:syntax/create_table_type.sql, id:426, sql:[INSERT INTO aly_test ( id,data) VALUES (2,1234567890123456789012345678901234567890123456789012345678901234567)]===
mysql err:(1264, "Out of range value for column 'data' at row 1")
dble err[01:45:59.492993] :(1264, "Out of range value for column 'data' at row 1")
===file:syntax/create_table_type.sql, id:428, sql:[INSERT INTO aly_test ( id,data) VALUES (222,-1234567890123456789012345678901234567890.12345678901234),(222,-1234567890123456789012345678901234567890.1234567890123),(222,0),(222,1234567890123456789012345678901234567890.12345678901234),(222,-1234567890123456789012345678901234567890.12345678901234)]===
mysql err:(1264, "Out of range value for column 'data' at row 1")
dble err[01:45:59.638360] :(1264, "Out of range value for column 'data' at row 1")
===file:syntax/create_table_type.sql, id:429, sql:[INSERT INTO aly_test ( id,data) VALUES (1111,-12345678901234567890123.4567890),(1112,0),(1113,12345678901234567890123.4567890)]===
mysql err:(1264, "Out of range value for column 'data' at row 1")
dble err[01:45:59.726567] :(1264, "Out of range value for column 'data' at row 1")
===file:syntax/create_table_type.sql, id:440, sql:[INSERT INTO aly_test ( id,data) VALUES (1,-1)]===
mysql err:(1264, "Out of range value for column 'data' at row 1")
dble err[01:46:00.475105] :(1264, "Out of range value for column 'data' at row 1")
===file:syntax/create_table_type.sql, id:441, sql:[INSERT INTO aly_test ( id,data) VALUES (2,18446744073709551616),(3,0)]===
mysql err:(1264, "Out of range value for column 'data' at row 1")
dble err[01:46:00.533508] :(1264, "Out of range value for column 'data' at row 1")
===file:syntax/create_table_type.sql, id:446, sql:[INSERT INTO aly_test ( id,data) VALUES (2,18446744073709551616)]===
mysql err:(1264, "Out of range value for column 'data' at row 1")
dble err[01:46:00.825209] :(1264, "Out of range value for column 'data' at row 1")
===file:syntax/create_table_type.sql, id:452, sql:[INSERT INTO aly_test ( id,data) VALUES (1,-1)]===
mysql err:(1264, "Out of range value for column 'data' at row 1")
dble err[01:46:01.289355] :(1264, "Out of range value for column 'data' at row 1")
===file:syntax/create_table_type.sql, id:458, sql:[INSERT INTO aly_test ( id,data) VALUES (1,-1)]===
mysql err:(1264, "Out of range value for column 'data' at row 1")
dble err[01:46:01.705024] :(1264, "Out of range value for column 'data' at row 1")
===file:syntax/create_table_type.sql, id:464, sql:[INSERT INTO aly_test ( id,data) VALUES (1,-1)]===
mysql err:(1264, "Out of range value for column 'data' at row 1")
dble err[01:46:02.106837] :(1264, "Out of range value for column 'data' at row 1")
===file:syntax/create_table_type.sql, id:470, sql:[INSERT INTO aly_test ( id,data) VALUES (1,-1)]===
mysql err:(1264, "Out of range value for column 'data' at row 1")
dble err[01:46:02.522138] :(1264, "Out of range value for column 'data' at row 1")
===file:syntax/create_table_type.sql, id:478, sql:[INSERT INTO aly_test ( id,data) VALUES (1,'a')]===
mysql err:(1265, "Data truncated for column 'data' at row 1")
dble err[01:46:02.938631] :(1265, "Data truncated for column 'data' at row 1")
===file:syntax/create_table_type.sql, id:493, sql:[INSERT INTO aly_test ( id,data) VALUES (1,-1)]===
mysql err:(1264, "Out of range value for column 'data' at row 1")
dble err[01:46:03.979546] :(1264, "Out of range value for column 'data' at row 1")
===file:syntax/create_table_type.sql, id:499, sql:[INSERT INTO aly_test ( id,data) VALUES (2,18446744073709551616)]===
mysql err:(1264, "Out of range value for column 'data' at row 1")
dble err[01:46:04.447202] :(1264, "Out of range value for column 'data' at row 1")
===file:syntax/create_table_type.sql, id:505, sql:[INSERT INTO aly_test ( id,data) VALUES (1,-1)]===
mysql err:(1264, "Out of range value for column 'data' at row 1")
dble err[01:46:04.865001] :(1264, "Out of range value for column 'data' at row 1")
===file:syntax/create_table_type.sql, id:511, sql:[INSERT INTO aly_test ( id,data) VALUES (1,-1)]===
mysql err:(1264, "Out of range value for column 'data' at row 1")
dble err[01:46:05.322309] :(1264, "Out of range value for column 'data' at row 1")
===file:syntax/create_table_type.sql, id:517, sql:[INSERT INTO aly_test ( id,data) VALUES (1,-1)]===
mysql err:(1264, "Out of range value for column 'data' at row 1")
dble err[01:46:05.736039] :(1264, "Out of range value for column 'data' at row 1")
===file:syntax/create_table_type.sql, id:523, sql:[INSERT INTO aly_test ( id,data) VALUES (1,-1)]===
mysql err:(1264, "Out of range value for column 'data' at row 1")
dble err[01:46:06.234879] :(1264, "Out of range value for column 'data' at row 1")
===file:syntax/create_table_type.sql, id:532, sql:[INSERT INTO aly_test ( id,data) VALUES (2,10)]===
mysql err:(1406, "Data too long for column 'data' at row 1")
dble err[01:46:06.889850] :(1406, "Data too long for column 'data' at row 1")
===file:syntax/create_table_type.sql, id:534, sql:[INSERT INTO aly_test ( id,data) VALUES (3,'aaaaaaaaaaaa,aaaaaaaaaaaa_aaaaaaaaa%%aaaaaaaaaaaaaaaaaaaaaaaaaaaaaa*aa')]===
mysql err:(1406, "Data too long for column 'data' at row 1")
dble err[01:46:07.030266] :(1406, "Data too long for column 'data' at row 1")
===file:syntax/create_table_type.sql, id:540, sql:[INSERT INTO aly_test ( id,data) VALUES (2,10)]===
mysql err:(1406, "Data too long for column 'data' at row 1")
dble err[01:46:07.546827] :(1406, "Data too long for column 'data' at row 1")
===file:syntax/create_table_type.sql, id:546, sql:[INSERT INTO aly_test ( id,data) VALUES (1,123456)]===
mysql err:(1406, "Data too long for column 'data' at row 1")
dble err[01:46:08.064172] :(1406, "Data too long for column 'data' at row 1")
===file:syntax/create_table_type.sql, id:547, sql:[INSERT INTO aly_test ( id,data) VALUES (1,'abcdef')]===
mysql err:(1406, "Data too long for column 'data' at row 1")
dble err[01:46:08.130778] :(1406, "Data too long for column 'data' at row 1")
===file:syntax/create_table_type.sql, id:564, sql:[INSERT INTO aly_test ( id,data) VALUES (1,123456)]===
mysql err:(1406, "Data too long for column 'data' at row 1")
dble err[01:46:09.443024] :(1406, "Data too long for column 'data' at row 1")
===file:syntax/create_table_type.sql, id:565, sql:[INSERT INTO aly_test ( id,data) VALUES (1,'abcdef')]===
mysql err:(1406, "Data too long for column 'data' at row 1")
dble err[01:46:09.509074] :(1406, "Data too long for column 'data' at row 1")
===file:syntax/create_table_type.sql, id:566, sql:[INSERT INTO aly_test ( id,data) VALUES (1,'abcde')]===
mysql err:(1406, "Data too long for column 'data' at row 1")
dble err[01:46:09.571527] :(1406, "Data too long for column 'data' at row 1")
===file:syntax/create_table_type.sql, id:570, sql:[INSERT INTO aly_test ( id,data) VALUES (1,123456)]===
mysql err:(1406, "Data too long for column 'data' at row 1")
dble err[01:46:10.075835] :(1406, "Data too long for column 'data' at row 1")
===file:syntax/create_table_type.sql, id:571, sql:[INSERT INTO aly_test ( id,data) VALUES (1,'abcdef')]===
mysql err:(1406, "Data too long for column 'data' at row 1")
dble err[01:46:10.139881] :(1406, "Data too long for column 'data' at row 1")
===file:syntax/create_table_type.sql, id:572, sql:[INSERT INTO aly_test ( id,data) VALUES (1,'abcde')]===
mysql err:(1406, "Data too long for column 'data' at row 1")
dble err[01:46:10.201362] :(1406, "Data too long for column 'data' at row 1")
===file:syntax/create_table_type.sql, id:577, sql:[INSERT INTO aly_test ( id,data) VALUES (1,'aaaaaaaaaaaaaaaaaaaaaaaaabcdefg')]===
mysql err:(1406, "Data too long for column 'data' at row 1")
dble err[01:46:10.616241] :(1406, "Data too long for column 'data' at row 1")
===file:syntax/create_table_type.sql, id:583, sql:[INSERT INTO aly_test ( id,data) VALUES (1,'aaaaaaaaaaaaaaaaaaaaaaaaabcdefg')]===
mysql err:(1406, "Data too long for column 'data' at row 1")
dble err[01:46:11.130161] :(1406, "Data too long for column 'data' at row 1")
===file:syntax/create_table_type.sql, id:591, sql:[INSERT INTO aly_test ( id,data) VALUES (1,'201411-11')]===
mysql err:(1292, "Incorrect date value: '201411-11' for column 'data' at row 1")
dble err[01:46:11.568546] :(1292, "Incorrect date value: '201411-11' for column 'data' at row 1")
===file:syntax/create_table_type.sql, id:596, sql:[INSERT INTO aly_test ( id,data) VALUES (6,'aaaa-01-01')]===
mysql err:(1292, "Incorrect date value: 'aaaa-01-01' for column 'data' at row 1")
dble err[01:46:11.889600] :(1292, "Incorrect date value: 'aaaa-01-01' for column 'data' at row 1")
===file:syntax/create_table_type.sql, id:599, sql:[INSERT INTO aly_test ( id,data) VALUES (9,'10000-01-01')]===
mysql err:(1292, "Incorrect date value: '10000-01-01' for column 'data' at row 1")
dble err[01:46:12.093600] :(1292, "Incorrect date value: '10000-01-01' for column 'data' at row 1")
===file:syntax/create_table_type.sql, id:600, sql:[INSERT INTO aly_test ( id,data) VALUES (10,'9999-01-100')]===
mysql err:(1292, "Incorrect date value: '9999-01-100' for column 'data' at row 1")
dble err[01:46:12.181718] :(1292, "Incorrect date value: '9999-01-100' for column 'data' at row 1")
===file:syntax/create_table_type.sql, id:603, sql:[INSERT INTO aly_test( id,date) VALUES (13,'20170201')]===
mysql err:(1054, "Unknown column 'date' in 'field list'")
dble err[01:46:12.380086] :(1054, "Unknown column 'date' in 'field list'")
===file:syntax/create_table_type.sql, id:604, sql:[INSERT INTO aly_test( id,date) VALUES (14,'170202')]===
mysql err:(1054, "Unknown column 'date' in 'field list'")
dble err[01:46:12.466982] :(1054, "Unknown column 'date' in 'field list'")
===file:syntax/create_table_type.sql, id:611, sql:[INSERT INTO aly_test ( id,data) VALUES (1,'201411-11')]===
mysql err:(1292, "Incorrect time value: '201411-11' for column 'data' at row 1")
dble err[01:46:12.815739] :(1292, "Incorrect time value: '201411-11' for column 'data' at row 1")
===file:syntax/create_table_type.sql, id:627, sql:[INSERT INTO aly_test ( id,data) VALUES (1,'1970-01-01 00:00:01'),(2,'2038-01-19 03:14:07')]===
mysql err:(1292, "Incorrect datetime value: '1970-01-01 00:00:01' for column 'data' at row 1")
dble err[01:46:13.944367] :(1292, "Incorrect datetime value: '1970-01-01 00:00:01' for column 'data' at row 1")
===file:syntax/create_table_type.sql, id:646, sql:[INSERT INTO aly_test ( id,data) VALUES (1,1900)]===
mysql err:(1264, "Out of range value for column 'data' at row 1")
dble err[01:46:15.054987] :(1264, "Out of range value for column 'data' at row 1")
===file:syntax/create_table_type.sql, id:647, sql:[INSERT INTO aly_test ( id,data) VALUES (2,2156)]===
mysql err:(1264, "Out of range value for column 'data' at row 1")
dble err[01:46:15.143064] :(1264, "Out of range value for column 'data' at row 1")
===file:syntax/create_table_type.sql, id:648, sql:[INSERT INTO aly_test ( id,data) VALUES (3,'2038-01-19 03:14:07')]===
mysql err:(1265, "Data truncated for column 'data' at row 1")
dble err[01:46:15.228529] :(1265, "Data truncated for column 'data' at row 1")
===file:syntax/create_table_type.sql, id:661, sql:[INSERT INTO aly_test ( id,data) VALUES (1,'abcdef')]===
mysql err:(1406, "Data too long for column 'data' at row 1")
dble err[01:46:16.144416] :(1406, "Data too long for column 'data' at row 1")
===file:syntax/create_table_type.sql, id:669, sql:[INSERT INTO aly_test ( id,data) VALUES (1,'abcdef')]===
mysql err:(1406, "Data too long for column 'data' at row 1")
dble err[01:46:16.600367] :(1406, "Data too long for column 'data' at row 1")
