===file:syntax/create_table_definition_syntax.sql, id:2, sql:[DROP TABLE IF EXISTS aly_test]===
dble:[[]]
===file:syntax/create_table_definition_syntax.sql, id:3, sql:[CREATE TABLE aly_test(id int,data varchar(10))]===
dble:[[]]
===file:syntax/create_table_definition_syntax.sql, id:4, sql:[DESC aly_test]===
dble:[[('data', 'varchar(10)', 'YES', '', None, ''), ('id', 'int(11)', 'YES', '', None, '')]]
===file:syntax/create_table_definition_syntax.sql, id:5, sql:[CREATE TABLE IF NOT EXISTS aly_test(id int,data varchar(10),test varchar(10))]===
dble:[[]]
===file:syntax/create_table_definition_syntax.sql, id:6, sql:[DESC aly_test]===
dble:[[('data', 'varchar(10)', 'YES', '', None, ''), ('id', 'int(11)', 'YES', '', None, '')]]
===file:syntax/create_table_definition_syntax.sql, id:11, sql:[DROP TABLE IF EXISTS aly_test]===
dble:[[]]
===file:syntax/create_table_definition_syntax.sql, id:12, sql:[CREATE TABLE aly_test(id int NOT NULL,data varchar(10))]===
dble:[[]]
===file:syntax/create_table_definition_syntax.sql, id:13, sql:[DESC aly_test]===
dble:[[('data', 'varchar(10)', 'YES', '', None, ''), ('id', 'int(11)', 'NO', '', None, '')]]
===file:syntax/create_table_definition_syntax.sql, id:14, sql:[DROP TABLE IF EXISTS aly_test]===
dble:[[]]
===file:syntax/create_table_definition_syntax.sql, id:15, sql:[CREATE TABLE aly_test(id int,data varchar(10) NULL)]===
dble:[[]]
===file:syntax/create_table_definition_syntax.sql, id:16, sql:[DESC aly_test]===
dble:[[('data', 'varchar(10)', 'YES', '', None, ''), ('id', 'int(11)', 'YES', '', None, '')]]
===file:syntax/create_table_definition_syntax.sql, id:17, sql:[DROP TABLE IF EXISTS aly_test]===
dble:[[]]
===file:syntax/create_table_definition_syntax.sql, id:18, sql:[CREATE TABLE aly_test(id int,data varchar(10) NOT NULL DEFAULT 'abc')]===
dble:[[]]
===file:syntax/create_table_definition_syntax.sql, id:19, sql:[DESC aly_test]===
dble:[[('data', 'varchar(10)', 'NO', '', 'abc', ''), ('id', 'int(11)', 'YES', '', None, '')]]
===file:syntax/create_table_definition_syntax.sql, id:20, sql:[DROP TABLE IF EXISTS aly_test]===
dble:[[]]
===file:syntax/create_table_definition_syntax.sql, id:21, sql:[CREATE TABLE aly_test(id int,data varchar(10) NULL DEFAULT 'abc')]===
dble:[[]]
===file:syntax/create_table_definition_syntax.sql, id:22, sql:[DESC aly_test]===
dble:[[('data', 'varchar(10)', 'YES', '', 'abc', ''), ('id', 'int(11)', 'YES', '', None, '')]]
===file:syntax/create_table_definition_syntax.sql, id:23, sql:[DROP TABLE IF EXISTS aly_test]===
dble:[[]]
===file:syntax/create_table_definition_syntax.sql, id:24, sql:[CREATE TABLE aly_test(id int, data char(20) DEFAULT 'abcde')]===
dble:[[]]
===file:syntax/create_table_definition_syntax.sql, id:25, sql:[DESC aly_test]===
dble:[[('data', 'char(20)', 'YES', '', 'abcde', ''), ('id', 'int(11)', 'YES', '', None, '')]]
===file:syntax/create_table_definition_syntax.sql, id:26, sql:[INSERT INTO aly_test VALUES (1,'a'),(2,DEFAULT),(3,NULL)]===
dble:[[]]
===file:syntax/create_table_definition_syntax.sql, id:27, sql:[SELECT * FROM aly_test]===
dble:[[(1L, 'a'), (2L, 'abcde'), (3L, None)]]
===file:syntax/create_table_definition_syntax.sql, id:37, sql:[DROP TABLE IF EXISTS aly_test]===
dble:[[]]
===file:syntax/create_table_definition_syntax.sql, id:38, sql:[CREATE TABLE aly_test(id int, data char(20) UNIQUE)]===
dble:[[]]
===file:syntax/create_table_definition_syntax.sql, id:39, sql:[INSERT INTO aly_test VALUES (1,'aaa')]===
dble:[[]]
===file:syntax/create_table_definition_syntax.sql, id:40, sql:[DESC aly_test]===
dble:[[('data', 'char(20)', 'YES', 'UNI', None, ''), ('id', 'int(11)', 'YES', '', None, '')]]
===file:syntax/create_table_definition_syntax.sql, id:41, sql:[DROP TABLE IF EXISTS aly_test]===
dble:[[]]
===file:syntax/create_table_definition_syntax.sql, id:42, sql:[CREATE TABLE aly_test(id int, data char(20) UNIQUE KEY)]===
dble:[[]]
===file:syntax/create_table_definition_syntax.sql, id:43, sql:[INSERT INTO aly_test VALUES (2,'bbb')]===
dble:[[]]
===file:syntax/create_table_definition_syntax.sql, id:44, sql:[DESC aly_test]===
dble:[[('data', 'char(20)', 'YES', 'UNI', None, ''), ('id', 'int(11)', 'YES', '', None, '')]]
===file:syntax/create_table_definition_syntax.sql, id:45, sql:[DROP TABLE IF EXISTS aly_test]===
dble:[[]]
===file:syntax/create_table_definition_syntax.sql, id:46, sql:[CREATE TABLE aly_test(id int, data char(20) PRIMARY KEY)]===
dble:[[]]
===file:syntax/create_table_definition_syntax.sql, id:47, sql:[INSERT INTO aly_test VALUES (3,'ccc')]===
dble:[[]]
===file:syntax/create_table_definition_syntax.sql, id:48, sql:[DESC aly_test]===
dble:[[('data', 'char(20)', 'NO', 'PRI', None, ''), ('id', 'int(11)', 'YES', '', None, '')]]
===file:syntax/create_table_definition_syntax.sql, id:49, sql:[SELECT id,data FROM aly_test]===
dble:[[(3L, 'ccc')]]
===file:syntax/create_table_definition_syntax.sql, id:53, sql:[DROP TABLE IF EXISTS aly_test]===
dble:[[]]
===file:syntax/create_table_definition_syntax.sql, id:54, sql:[CREATE TABLE aly_test(id int PRIMARY KEY, data char(20) COMMENT 'test COMMENT')]===
dble:[[]]
===file:syntax/create_table_definition_syntax.sql, id:55, sql:[INSERT INTO aly_test VALUES (1,'aaa')]===
dble:[[]]
===file:syntax/create_table_definition_syntax.sql, id:56, sql:[SHOW CREATE TABLE aly_test]===
dble:[[('aly_test', "CREATE TABLE `aly_test` (\n  `id` int(11) NOT NULL,\n  `data` char(20) DEFAULT NULL COMMENT 'test COMMENT',\n  PRIMARY KEY (`id`)\n) ENGINE=InnoDB DEFAULT CHARSET=latin1")]]
===file:syntax/create_table_definition_syntax.sql, id:57, sql:[SELECT id,data FROM aly_test]===
dble:[[(1L, 'aaa')]]
===file:syntax/create_table_definition_syntax.sql, id:65, sql:[DROP TABLE IF EXISTS aly_test]===
dble:[[]]
===file:syntax/create_table_definition_syntax.sql, id:66, sql:[CREATE TABLE aly_test(id int, data char(20) STORAGE DISK)]===
dble:[[]]
===file:syntax/create_table_definition_syntax.sql, id:67, sql:[INSERT INTO aly_test VALUES (1,'aaa')]===
dble:[[]]
===file:syntax/create_table_definition_syntax.sql, id:68, sql:[DESC aly_test]===
dble:[[('data', 'char(20)', 'YES', '', None, ''), ('id', 'int(11)', 'YES', '', None, '')]]
===file:syntax/create_table_definition_syntax.sql, id:69, sql:[DROP TABLE IF EXISTS aly_test]===
dble:[[]]
===file:syntax/create_table_definition_syntax.sql, id:70, sql:[CREATE TABLE aly_test(id int, data char(20) STORAGE MEMORY)]===
dble:[[]]
===file:syntax/create_table_definition_syntax.sql, id:71, sql:[INSERT INTO aly_test VALUES (2,'bbb')]===
dble:[[]]
===file:syntax/create_table_definition_syntax.sql, id:72, sql:[DESC aly_test]===
dble:[[('data', 'char(20)', 'YES', '', None, ''), ('id', 'int(11)', 'YES', '', None, '')]]
===file:syntax/create_table_definition_syntax.sql, id:73, sql:[DROP TABLE IF EXISTS aly_test]===
dble:[[]]
===file:syntax/create_table_definition_syntax.sql, id:74, sql:[CREATE TABLE aly_test(id int, data char(20) STORAGE DEFAULT)]===
dble:[[]]
===file:syntax/create_table_definition_syntax.sql, id:75, sql:[INSERT INTO aly_test VALUES (3,'ccc')]===
dble:[[]]
===file:syntax/create_table_definition_syntax.sql, id:76, sql:[DESC aly_test]===
dble:[[('data', 'char(20)', 'YES', '', None, ''), ('id', 'int(11)', 'YES', '', None, '')]]
===file:syntax/create_table_definition_syntax.sql, id:77, sql:[SELECT id,data FROM aly_test]===
dble:[[(3L, 'ccc')]]
===file:syntax/create_table_definition_syntax.sql, id:89, sql:[DROP TABLE IF EXISTS aly_test]===
dble:[[]]
===file:syntax/create_table_definition_syntax.sql, id:90, sql:[CREATE TABLE aly_test(id int, data1 varchar(10),data2 varchar(10),data3 varchar(20) as (concat(data1,' ',data2)))]===
dble:[[]]
===file:syntax/create_table_definition_syntax.sql, id:91, sql:[INSERT INTO aly_test (id,data1,data2)  VALUES (1,'aaa1','aaa2')]===
dble:[[]]
===file:syntax/create_table_definition_syntax.sql, id:92, sql:[DESC aly_test]===
dble:[[('data1', 'varchar(10)', 'YES', '', None, ''), ('data2', 'varchar(10)', 'YES', '', None, ''), ('data3', 'varchar(20)', 'YES', '', None, 'VIRTUAL GENERATED'), ('id', 'int(11)', 'YES', '', None, '')]]
===file:syntax/create_table_definition_syntax.sql, id:93, sql:[SELECT id,data1,data2,data3 FROM aly_test]===
dble:[[(1L, 'aaa1', 'aaa2', 'aaa1 aaa2')]]
===file:syntax/create_table_definition_syntax.sql, id:96, sql:[DROP TABLE IF EXISTS aly_test]===
dble:[[]]
===file:syntax/create_table_definition_syntax.sql, id:97, sql:[CREATE TABLE aly_test(id int, data1 int,data2 int,data3 int as (data1+data2) virtual)]===
dble:[[]]
===file:syntax/create_table_definition_syntax.sql, id:98, sql:[INSERT INTO aly_test (id,data1,data2) VALUES (1,1,1)]===
dble:[[]]
===file:syntax/create_table_definition_syntax.sql, id:99, sql:[DESC aly_test]===
dble:[[('data1', 'int(11)', 'YES', '', None, ''), ('data2', 'int(11)', 'YES', '', None, ''), ('data3', 'int(11)', 'YES', '', None, 'VIRTUAL GENERATED'), ('id', 'int(11)', 'YES', '', None, '')]]
===file:syntax/create_table_definition_syntax.sql, id:100, sql:[SELECT id,data1,data2,data3 FROM aly_test]===
dble:[[(1L, 1L, 1L, 2L)]]
===file:syntax/create_table_definition_syntax.sql, id:101, sql:[DROP TABLE IF EXISTS aly_test]===
dble:[[]]
===file:syntax/create_table_definition_syntax.sql, id:102, sql:[CREATE TABLE aly_test(id int, data1 int,data2 int,data3 int as (data1+data2) stored)]===
dble:[[]]
===file:syntax/create_table_definition_syntax.sql, id:103, sql:[INSERT INTO aly_test (id,data1,data2) VALUES (1,1,1)]===
dble:[[]]
===file:syntax/create_table_definition_syntax.sql, id:104, sql:[DESC aly_test]===
dble:[[('data1', 'int(11)', 'YES', '', None, ''), ('data2', 'int(11)', 'YES', '', None, ''), ('data3', 'int(11)', 'YES', '', None, 'STORED GENERATED'), ('id', 'int(11)', 'YES', '', None, '')]]
===file:syntax/create_table_definition_syntax.sql, id:105, sql:[SELECT id,data1,data2,data3 FROM aly_test]===
dble:[[(1L, 1L, 1L, 2L)]]
===file:syntax/create_table_definition_syntax.sql, id:108, sql:[DROP TABLE IF EXISTS aly_test]===
dble:[[]]
===file:syntax/create_table_definition_syntax.sql, id:109, sql:[CREATE TABLE aly_test(id int, data1 int,data2 int,data3 int as (data1+data2) UNIQUE)]===
dble:[[]]
===file:syntax/create_table_definition_syntax.sql, id:110, sql:[INSERT INTO aly_test (id,data1,data2) VALUES (1,1,1)]===
dble:[[]]
===file:syntax/create_table_definition_syntax.sql, id:111, sql:[DESC aly_test]===
dble:[[('data1', 'int(11)', 'YES', '', None, ''), ('data2', 'int(11)', 'YES', '', None, ''), ('data3', 'int(11)', 'YES', 'UNI', None, 'VIRTUAL GENERATED'), ('id', 'int(11)', 'YES', '', None, '')]]
===file:syntax/create_table_definition_syntax.sql, id:112, sql:[SELECT id,data1,data2,data3 FROM aly_test]===
dble:[[(1L, 1L, 1L, 2L)]]
===file:syntax/create_table_definition_syntax.sql, id:113, sql:[DROP TABLE IF EXISTS aly_test]===
dble:[[]]
===file:syntax/create_table_definition_syntax.sql, id:114, sql:[CREATE TABLE aly_test(id int, data1 int,data2 int,data3 int as (data1+data2) UNIQUE KEY)]===
dble:[[]]
===file:syntax/create_table_definition_syntax.sql, id:115, sql:[INSERT INTO aly_test (id,data1,data2) VALUES (1,1,1)]===
dble:[[]]
===file:syntax/create_table_definition_syntax.sql, id:116, sql:[DESC aly_test]===
dble:[[('data1', 'int(11)', 'YES', '', None, ''), ('data2', 'int(11)', 'YES', '', None, ''), ('data3', 'int(11)', 'YES', 'UNI', None, 'VIRTUAL GENERATED'), ('id', 'int(11)', 'YES', '', None, '')]]
===file:syntax/create_table_definition_syntax.sql, id:117, sql:[SELECT id,data1,data2,data3 FROM aly_test]===
dble:[[(1L, 1L, 1L, 2L)]]
===file:syntax/create_table_definition_syntax.sql, id:120, sql:[DROP TABLE IF EXISTS aly_test]===
dble:[[]]
===file:syntax/create_table_definition_syntax.sql, id:121, sql:[CREATE TABLE aly_test(id int, data1 int,data2 int,data3 int as (data1+data2) UNIQUE KEY COMMENT 'test')]===
dble:[[]]
===file:syntax/create_table_definition_syntax.sql, id:122, sql:[INSERT INTO aly_test (id,data1,data2) VALUES (1,1,1)]===
dble:[[]]
===file:syntax/create_table_definition_syntax.sql, id:123, sql:[DESC aly_test]===
dble:[[('data1', 'int(11)', 'YES', '', None, ''), ('data2', 'int(11)', 'YES', '', None, ''), ('data3', 'int(11)', 'YES', 'UNI', None, 'VIRTUAL GENERATED'), ('id', 'int(11)', 'YES', '', None, '')]]
===file:syntax/create_table_definition_syntax.sql, id:124, sql:[SELECT id,data1,data2,data3 FROM aly_test]===
dble:[[(1L, 1L, 1L, 2L)]]
===file:syntax/create_table_definition_syntax.sql, id:127, sql:[DROP TABLE IF EXISTS aly_test]===
dble:[[]]
===file:syntax/create_table_definition_syntax.sql, id:128, sql:[CREATE TABLE aly_test(id int, data1 int,data2 int,data3 int as (data1+data2) NOT NULL)]===
dble:[[]]
===file:syntax/create_table_definition_syntax.sql, id:129, sql:[INSERT INTO aly_test (id,data1,data2) VALUES (1,1,1)]===
dble:[[]]
===file:syntax/create_table_definition_syntax.sql, id:130, sql:[DESC aly_test]===
dble:[[('data1', 'int(11)', 'YES', '', None, ''), ('data2', 'int(11)', 'YES', '', None, ''), ('data3', 'int(11)', 'NO', '', None, 'VIRTUAL GENERATED'), ('id', 'int(11)', 'YES', '', None, '')]]
===file:syntax/create_table_definition_syntax.sql, id:131, sql:[SELECT id,data1,data2,data3 FROM aly_test]===
dble:[[(1L, 1L, 1L, 2L)]]
===file:syntax/create_table_definition_syntax.sql, id:132, sql:[DROP TABLE IF EXISTS aly_test]===
dble:[[]]
===file:syntax/create_table_definition_syntax.sql, id:133, sql:[CREATE TABLE aly_test(id int, data1 int,data2 int,data3 int as (data1+data2) NULL)]===
dble:[[]]
===file:syntax/create_table_definition_syntax.sql, id:134, sql:[INSERT INTO aly_test (id,data1,data2) VALUES (1,1,1)]===
dble:[[]]
===file:syntax/create_table_definition_syntax.sql, id:135, sql:[DESC aly_test]===
dble:[[('data1', 'int(11)', 'YES', '', None, ''), ('data2', 'int(11)', 'YES', '', None, ''), ('data3', 'int(11)', 'YES', '', None, 'VIRTUAL GENERATED'), ('id', 'int(11)', 'YES', '', None, '')]]
===file:syntax/create_table_definition_syntax.sql, id:136, sql:[SELECT id,data1,data2,data3 FROM aly_test]===
dble:[[(1L, 1L, 1L, 2L)]]
===file:syntax/create_table_definition_syntax.sql, id:140, sql:[DROP TABLE IF EXISTS aly_test]===
dble:[[]]
===file:syntax/create_table_definition_syntax.sql, id:141, sql:[CREATE TABLE aly_test(id int, data1 int,data2 int,data3 int as (data1+data2) STORED PRIMARY KEY)]===
dble:[[]]
===file:syntax/create_table_definition_syntax.sql, id:142, sql:[INSERT INTO aly_test (id,data1,data2) VALUES (1,1,1)]===
dble:[[]]
===file:syntax/create_table_definition_syntax.sql, id:143, sql:[DESC aly_test]===
dble:[[('data1', 'int(11)', 'YES', '', None, ''), ('data2', 'int(11)', 'YES', '', None, ''), ('data3', 'int(11)', 'NO', 'PRI', None, 'STORED GENERATED'), ('id', 'int(11)', 'YES', '', None, '')]]
===file:syntax/create_table_definition_syntax.sql, id:150, sql:[DROP TABLE IF EXISTS aly_test]===
dble:[[]]
===file:syntax/create_table_definition_syntax.sql, id:151, sql:[CREATE TABLE aly_test ( id int(11),detail varchar(20),PRIMARY KEY (id))]===
dble:[[]]
===file:syntax/create_table_definition_syntax.sql, id:152, sql:[INSERT INTO aly_test VALUES (1,'aaa')]===
dble:[[]]
===file:syntax/create_table_definition_syntax.sql, id:153, sql:[DESC aly_test]===
dble:[[('detail', 'varchar(20)', 'YES', '', None, ''), ('id', 'int(11)', 'NO', 'PRI', None, '')]]
===file:syntax/create_table_definition_syntax.sql, id:154, sql:[DROP TABLE IF EXISTS aly_test]===
dble:[[]]
===file:syntax/create_table_definition_syntax.sql, id:155, sql:[CREATE TABLE aly_test ( id int(11),test int(11),detail varchar(20),PRIMARY KEY (id,test))]===
dble:[[]]
===file:syntax/create_table_definition_syntax.sql, id:156, sql:[INSERT INTO aly_test VALUES (1,1,'aaa')]===
dble:[[]]
===file:syntax/create_table_definition_syntax.sql, id:157, sql:[DESC aly_test]===
dble:[[('detail', 'varchar(20)', 'YES', '', None, ''), ('id', 'int(11)', 'NO', 'PRI', None, ''), ('test', 'int(11)', 'NO', 'PRI', None, '')]]
===file:syntax/create_table_definition_syntax.sql, id:158, sql:[DROP TABLE IF EXISTS aly_test]===
dble:[[]]
===file:syntax/create_table_definition_syntax.sql, id:159, sql:[CREATE TABLE aly_test ( id int(11),test int,detail varchar(20),CONSTRAINT PK_id PRIMARY KEY (id))]===
dble:[[]]
===file:syntax/create_table_definition_syntax.sql, id:160, sql:[INSERT INTO aly_test VALUES (1,1,'aaa')]===
dble:[[]]
===file:syntax/create_table_definition_syntax.sql, id:161, sql:[DESC aly_test]===
dble:[[('detail', 'varchar(20)', 'YES', '', None, ''), ('id', 'int(11)', 'NO', 'PRI', None, ''), ('test', 'int(11)', 'YES', '', None, '')]]
===file:syntax/create_table_definition_syntax.sql, id:162, sql:[DROP TABLE IF EXISTS aly_test]===
dble:[[]]
===file:syntax/create_table_definition_syntax.sql, id:163, sql:[CREATE TABLE aly_test ( id int(11),test int,detail varchar(20),CONSTRAINT PRIMARY KEY (id))]===
dble:[[]]
===file:syntax/create_table_definition_syntax.sql, id:164, sql:[INSERT INTO aly_test VALUES (1,1,'aaa')]===
dble:[[]]
===file:syntax/create_table_definition_syntax.sql, id:165, sql:[DESC aly_test]===
dble:[[('detail', 'varchar(20)', 'YES', '', None, ''), ('id', 'int(11)', 'NO', 'PRI', None, ''), ('test', 'int(11)', 'YES', '', None, '')]]
===file:syntax/create_table_definition_syntax.sql, id:171, sql:[DROP TABLE IF EXISTS aly_test]===
dble:[[]]
===file:syntax/create_table_definition_syntax.sql, id:172, sql:[CREATE TABLE aly_test ( id int(11),test int,detail varchar(20),PRIMARY KEY USING BTREE (id))]===
dble:[[]]
===file:syntax/create_table_definition_syntax.sql, id:173, sql:[INSERT INTO aly_test VALUES (1,1,'aaa')]===
dble:[[]]
===file:syntax/create_table_definition_syntax.sql, id:174, sql:[DESC aly_test]===
dble:[[('detail', 'varchar(20)', 'YES', '', None, ''), ('id', 'int(11)', 'NO', 'PRI', None, ''), ('test', 'int(11)', 'YES', '', None, '')]]
===file:syntax/create_table_definition_syntax.sql, id:175, sql:[DROP TABLE IF EXISTS aly_test]===
dble:[[]]
===file:syntax/create_table_definition_syntax.sql, id:176, sql:[CREATE TABLE aly_test ( id int(11),test int,detail varchar(20),CONSTRAINT PRIMARY KEY USING BTREE (id))]===
dble:[[]]
===file:syntax/create_table_definition_syntax.sql, id:177, sql:[INSERT INTO aly_test VALUES (1,1,'aaa')]===
dble:[[]]
===file:syntax/create_table_definition_syntax.sql, id:178, sql:[DESC aly_test]===
dble:[[('detail', 'varchar(20)', 'YES', '', None, ''), ('id', 'int(11)', 'NO', 'PRI', None, ''), ('test', 'int(11)', 'YES', '', None, '')]]
===file:syntax/create_table_definition_syntax.sql, id:179, sql:[DROP TABLE IF EXISTS aly_test]===
dble:[[]]
===file:syntax/create_table_definition_syntax.sql, id:180, sql:[CREATE TABLE aly_test ( id int(11),test int,detail varchar(20),CONSTRAINT PRIMARY KEY USING HASH (id))]===
dble:[[]]
===file:syntax/create_table_definition_syntax.sql, id:181, sql:[INSERT INTO aly_test VALUES (1,1,'aaa')]===
dble:[[]]
===file:syntax/create_table_definition_syntax.sql, id:182, sql:[DESC aly_test]===
dble:[[('detail', 'varchar(20)', 'YES', '', None, ''), ('id', 'int(11)', 'NO', 'PRI', None, ''), ('test', 'int(11)', 'YES', '', None, '')]]
===file:syntax/create_table_definition_syntax.sql, id:183, sql:[DROP TABLE IF EXISTS aly_test]===
dble:[[]]
===file:syntax/create_table_definition_syntax.sql, id:184, sql:[CREATE TABLE aly_test ( id int(11),test int,detail varchar(20),CONSTRAINT PK_id PRIMARY KEY USING HASH (id,test))]===
dble:[[]]
===file:syntax/create_table_definition_syntax.sql, id:185, sql:[INSERT INTO aly_test VALUES (1,1,'aaa')]===
dble:[[]]
===file:syntax/create_table_definition_syntax.sql, id:186, sql:[DESC aly_test]===
dble:[[('detail', 'varchar(20)', 'YES', '', None, ''), ('id', 'int(11)', 'NO', 'PRI', None, ''), ('test', 'int(11)', 'NO', 'PRI', None, '')]]
===file:syntax/create_table_definition_syntax.sql, id:199, sql:[DROP TABLE IF EXISTS  aly_test]===
dble:[[]]
===file:syntax/create_table_definition_syntax.sql, id:200, sql:[CREATE TABLE aly_test ( id int(11),detail varchar(20),KEY (id) )]===
dble:[[]]
===file:syntax/create_table_definition_syntax.sql, id:201, sql:[INSERT INTO aly_test VALUES (1,'aaa')]===
dble:[[]]
===file:syntax/create_table_definition_syntax.sql, id:202, sql:[DROP TABLE IF EXISTS  aly_test]===
dble:[[]]
===file:syntax/create_table_definition_syntax.sql, id:203, sql:[CREATE TABLE aly_test ( id int(11),detail varchar(20),KEY key_id (id))]===
dble:[[]]
===file:syntax/create_table_definition_syntax.sql, id:204, sql:[INSERT INTO aly_test VALUES (1,'aaa')]===
dble:[[]]
===file:syntax/create_table_definition_syntax.sql, id:205, sql:[SHOW CREATE TABLE aly_test]===
dble:[[('aly_test', 'CREATE TABLE `aly_test` (\n  `id` int(11) DEFAULT NULL,\n  `detail` varchar(20) DEFAULT NULL,\n  KEY `key_id` (`id`)\n) ENGINE=InnoDB DEFAULT CHARSET=latin1')]]
===file:syntax/create_table_definition_syntax.sql, id:206, sql:[DROP TABLE IF EXISTS  aly_test]===
dble:[[]]
===file:syntax/create_table_definition_syntax.sql, id:207, sql:[CREATE TABLE aly_test ( id int(11),test int,detail varchar(20),KEY key_id (id,test,detail))]===
dble:[[]]
===file:syntax/create_table_definition_syntax.sql, id:208, sql:[INSERT INTO aly_test VALUES (1,1,'aaa')]===
dble:[[]]
===file:syntax/create_table_definition_syntax.sql, id:209, sql:[SHOW CREATE TABLE aly_test]===
dble:[[('aly_test', 'CREATE TABLE `aly_test` (\n  `id` int(11) DEFAULT NULL,\n  `test` int(11) DEFAULT NULL,\n  `detail` varchar(20) DEFAULT NULL,\n  KEY `key_id` (`id`,`test`,`detail`)\n) ENGINE=InnoDB DEFAULT CHARSET=latin1')]]
===file:syntax/create_table_definition_syntax.sql, id:210, sql:[DROP TABLE IF EXISTS  aly_test]===
dble:[[]]
===file:syntax/create_table_definition_syntax.sql, id:211, sql:[CREATE TABLE aly_test ( id int(11),test int,detail varchar(20),KEY key_id (id ASC,test,detail(10) DESC))]===
dble:[[]]
===file:syntax/create_table_definition_syntax.sql, id:213, sql:[SHOW CREATE TABLE aly_test]===
dble:[[('aly_test', 'CREATE TABLE `aly_test` (\n  `id` int(11) DEFAULT NULL,\n  `test` int(11) DEFAULT NULL,\n  `detail` varchar(20) DEFAULT NULL,\n  KEY `key_id` (`id`,`test`,`detail`(10))\n) ENGINE=InnoDB DEFAULT CHARSET=latin1')]]
===file:syntax/create_table_definition_syntax.sql, id:217, sql:[DROP TABLE IF EXISTS  aly_test]===
dble:[[]]
===file:syntax/create_table_definition_syntax.sql, id:218, sql:[CREATE TABLE aly_test ( id int(11),test int,detail varchar(20),KEY key_id using btree (id))]===
dble:[[]]
===file:syntax/create_table_definition_syntax.sql, id:219, sql:[INSERT INTO aly_test VALUES (1,1,'aaa')]===
dble:[[]]
===file:syntax/create_table_definition_syntax.sql, id:220, sql:[SHOW CREATE TABLE aly_test]===
dble:[[('aly_test', 'CREATE TABLE `aly_test` (\n  `id` int(11) DEFAULT NULL,\n  `test` int(11) DEFAULT NULL,\n  `detail` varchar(20) DEFAULT NULL,\n  KEY `key_id` (`id`) USING BTREE\n) ENGINE=InnoDB DEFAULT CHARSET=latin1')]]
===file:syntax/create_table_definition_syntax.sql, id:221, sql:[DROP TABLE IF EXISTS  aly_test]===
dble:[[]]
===file:syntax/create_table_definition_syntax.sql, id:222, sql:[CREATE TABLE aly_test ( id int(11),test int,detail varchar(20),KEY key_id using hash (id))]===
dble:[[]]
===file:syntax/create_table_definition_syntax.sql, id:223, sql:[INSERT INTO aly_test VALUES (1,1,'aaa')]===
dble:[[]]
===file:syntax/create_table_definition_syntax.sql, id:224, sql:[SHOW CREATE TABLE aly_test]===
dble:[[('aly_test', 'CREATE TABLE `aly_test` (\n  `id` int(11) DEFAULT NULL,\n  `test` int(11) DEFAULT NULL,\n  `detail` varchar(20) DEFAULT NULL,\n  KEY `key_id` (`id`) USING HASH\n) ENGINE=InnoDB DEFAULT CHARSET=latin1')]]
===file:syntax/create_table_definition_syntax.sql, id:229, sql:[DROP TABLE IF EXISTS  aly_test]===
dble:[[]]
===file:syntax/create_table_definition_syntax.sql, id:230, sql:[CREATE TABLE aly_test ( id int(11),test int,detail varchar(20),KEY key_id (id) USING BTREE)]===
dble:[[]]
===file:syntax/create_table_definition_syntax.sql, id:231, sql:[INSERT INTO aly_test VALUES (1,1,'aaa')]===
dble:[[]]
===file:syntax/create_table_definition_syntax.sql, id:232, sql:[SHOW CREATE TABLE aly_test]===
dble:[[('aly_test', 'CREATE TABLE `aly_test` (\n  `id` int(11) DEFAULT NULL,\n  `test` int(11) DEFAULT NULL,\n  `detail` varchar(20) DEFAULT NULL,\n  KEY `key_id` (`id`) USING BTREE\n) ENGINE=InnoDB DEFAULT CHARSET=latin1')]]
===file:syntax/create_table_definition_syntax.sql, id:233, sql:[DROP TABLE IF EXISTS  aly_test]===
dble:[[]]
===file:syntax/create_table_definition_syntax.sql, id:234, sql:[CREATE TABLE aly_test ( id int(11),test int,detail varchar(20),KEY key_id (id) USING HASH)]===
dble:[[]]
===file:syntax/create_table_definition_syntax.sql, id:235, sql:[INSERT INTO aly_test VALUES (1,1,'aaa')]===
dble:[[]]
===file:syntax/create_table_definition_syntax.sql, id:236, sql:[SHOW CREATE TABLE aly_test]===
dble:[[('aly_test', 'CREATE TABLE `aly_test` (\n  `id` int(11) DEFAULT NULL,\n  `test` int(11) DEFAULT NULL,\n  `detail` varchar(20) DEFAULT NULL,\n  KEY `key_id` (`id`) USING HASH\n) ENGINE=InnoDB DEFAULT CHARSET=latin1')]]
===file:syntax/create_table_definition_syntax.sql, id:244, sql:[DROP TABLE IF EXISTS  aly_test]===
dble:[[]]
===file:syntax/create_table_definition_syntax.sql, id:245, sql:[CREATE TABLE aly_test ( id int(11) NOT NULL ,index (id))]===
dble:[[]]
===file:syntax/create_table_definition_syntax.sql, id:246, sql:[INSERT INTO aly_test VALUES (1)]===
dble:[[]]
===file:syntax/create_table_definition_syntax.sql, id:247, sql:[SHOW CREATE TABLE aly_test]===
dble:[[('aly_test', 'CREATE TABLE `aly_test` (\n  `id` int(11) NOT NULL,\n  KEY `id` (`id`)\n) ENGINE=InnoDB DEFAULT CHARSET=latin1')]]
===file:syntax/create_table_definition_syntax.sql, id:248, sql:[DROP TABLE IF EXISTS  aly_test]===
dble:[[]]
===file:syntax/create_table_definition_syntax.sql, id:249, sql:[CREATE TABLE aly_test ( id int(11) NOT NULL ,test int,index id_index (id,test))]===
dble:[[]]
===file:syntax/create_table_definition_syntax.sql, id:250, sql:[INSERT INTO aly_test VALUES (1,1)]===
dble:[[]]
===file:syntax/create_table_definition_syntax.sql, id:251, sql:[SHOW CREATE TABLE aly_test]===
dble:[[('aly_test', 'CREATE TABLE `aly_test` (\n  `id` int(11) NOT NULL,\n  `test` int(11) DEFAULT NULL,\n  KEY `id_index` (`id`,`test`)\n) ENGINE=InnoDB DEFAULT CHARSET=latin1')]]
===file:syntax/create_table_definition_syntax.sql, id:255, sql:[DROP TABLE IF EXISTS  aly_test]===
dble:[[]]
===file:syntax/create_table_definition_syntax.sql, id:256, sql:[CREATE TABLE aly_test ( id int(11),test int,detail varchar(20),INDEX key_id USING HASH (id))]===
dble:[[]]
===file:syntax/create_table_definition_syntax.sql, id:257, sql:[INSERT INTO aly_test VALUES (1,1,'aaa')]===
dble:[[]]
===file:syntax/create_table_definition_syntax.sql, id:259, sql:[DROP TABLE IF EXISTS  aly_test]===
dble:[[]]
===file:syntax/create_table_definition_syntax.sql, id:260, sql:[CREATE TABLE aly_test ( id int(11),test int,detail varchar(20),INDEX key_id USING BTREE (id))]===
dble:[[]]
===file:syntax/create_table_definition_syntax.sql, id:261, sql:[INSERT INTO aly_test VALUES (1,1,'aaa')]===
dble:[[]]
===file:syntax/create_table_definition_syntax.sql, id:263, sql:[DROP TABLE IF EXISTS  aly_test]===
dble:[[]]
===file:syntax/create_table_definition_syntax.sql, id:264, sql:[CREATE TABLE aly_test ( id int(11),test int,detail varchar(20),INDEX USING BTREE (id))]===
dble:[[]]
===file:syntax/create_table_definition_syntax.sql, id:265, sql:[INSERT INTO aly_test VALUES (1,1,'aaa')]===
dble:[[]]
===file:syntax/create_table_definition_syntax.sql, id:270, sql:[DROP TABLE IF EXISTS  aly_test]===
dble:[[]]
===file:syntax/create_table_definition_syntax.sql, id:271, sql:[CREATE TABLE aly_test ( id int(11),test int,detail varchar(20),INDEX key_id (id) USING BTREE)]===
dble:[[]]
===file:syntax/create_table_definition_syntax.sql, id:272, sql:[INSERT INTO aly_test VALUES (1,1,'aaa')]===
dble:[[]]
===file:syntax/create_table_definition_syntax.sql, id:274, sql:[DROP TABLE IF EXISTS  aly_test]===
dble:[[]]
===file:syntax/create_table_definition_syntax.sql, id:275, sql:[CREATE TABLE aly_test ( id int(11),test int,detail varchar(20),INDEX key_id (id) USING HASH)]===
dble:[[]]
===file:syntax/create_table_definition_syntax.sql, id:276, sql:[INSERT INTO aly_test VALUES (1,1,'aaa')]===
dble:[[]]
===file:syntax/create_table_definition_syntax.sql, id:277, sql:[SHOW index FROM aly_test]===
dble:[[('aly_test', 1L, 'key_id', 1L, 'id', 'A', 1L, None, None, 'YES', 'BTREE', '', '')]]
===file:syntax/create_table_definition_syntax.sql, id:285, sql:[DROP TABLE IF EXISTS  aly_test]===
dble:[[]]
===file:syntax/create_table_definition_syntax.sql, id:286, sql:[CREATE TABLE aly_test ( id int(11),detail varchar(20),UNIQUE (id))]===
dble:[[]]
===file:syntax/create_table_definition_syntax.sql, id:287, sql:[INSERT INTO aly_test VALUES (1,'aaa')]===
dble:[[]]
===file:syntax/create_table_definition_syntax.sql, id:288, sql:[SHOW CREATE TABLE aly_test]===
dble:[[('aly_test', 'CREATE TABLE `aly_test` (\n  `id` int(11) DEFAULT NULL,\n  `detail` varchar(20) DEFAULT NULL,\n  UNIQUE KEY `id` (`id`)\n) ENGINE=InnoDB DEFAULT CHARSET=latin1')]]
===file:syntax/create_table_definition_syntax.sql, id:289, sql:[DROP TABLE IF EXISTS  aly_test]===
dble:[[]]
===file:syntax/create_table_definition_syntax.sql, id:290, sql:[CREATE TABLE aly_test ( id int(11),detail varchar(20),UNIQUE (id ASC,detail DESC))]===
dble:[[]]
===file:syntax/create_table_definition_syntax.sql, id:291, sql:[INSERT INTO aly_test VALUES (1,'aaa')]===
dble:[[]]
===file:syntax/create_table_definition_syntax.sql, id:292, sql:[SHOW CREATE TABLE aly_test]===
dble:[[('aly_test', 'CREATE TABLE `aly_test` (\n  `id` int(11) DEFAULT NULL,\n  `detail` varchar(20) DEFAULT NULL,\n  UNIQUE KEY `id` (`id`,`detail`)\n) ENGINE=InnoDB DEFAULT CHARSET=latin1')]]
===file:syntax/create_table_definition_syntax.sql, id:293, sql:[DROP TABLE IF EXISTS  aly_test]===
dble:[[]]
===file:syntax/create_table_definition_syntax.sql, id:294, sql:[CREATE TABLE aly_test ( id int(11),detail varchar(20),UNIQUE un_id (id ASC,detail DESC))]===
dble:[[]]
===file:syntax/create_table_definition_syntax.sql, id:295, sql:[INSERT INTO aly_test VALUES (1,'aaa')]===
dble:[[]]
===file:syntax/create_table_definition_syntax.sql, id:296, sql:[SHOW CREATE TABLE aly_test]===
dble:[[('aly_test', 'CREATE TABLE `aly_test` (\n  `id` int(11) DEFAULT NULL,\n  `detail` varchar(20) DEFAULT NULL,\n  UNIQUE KEY `un_id` (`id`,`detail`)\n) ENGINE=InnoDB DEFAULT CHARSET=latin1')]]
===file:syntax/create_table_definition_syntax.sql, id:297, sql:[DROP TABLE IF EXISTS  aly_test]===
dble:[[]]
===file:syntax/create_table_definition_syntax.sql, id:298, sql:[CREATE TABLE aly_test ( id int(11),detail varchar(20),CONSTRAINT UNIQUE un_id (id,detail))]===
dble:[[]]
===file:syntax/create_table_definition_syntax.sql, id:299, sql:[INSERT INTO aly_test VALUES (1,'aaa')]===
dble:[[]]
===file:syntax/create_table_definition_syntax.sql, id:300, sql:[SHOW CREATE TABLE aly_test]===
dble:[[('aly_test', 'CREATE TABLE `aly_test` (\n  `id` int(11) DEFAULT NULL,\n  `detail` varchar(20) DEFAULT NULL,\n  UNIQUE KEY `un_id` (`id`,`detail`)\n) ENGINE=InnoDB DEFAULT CHARSET=latin1')]]
===file:syntax/create_table_definition_syntax.sql, id:301, sql:[DROP TABLE IF EXISTS  aly_test]===
dble:[[]]
===file:syntax/create_table_definition_syntax.sql, id:302, sql:[CREATE TABLE aly_test ( id int(11),detail varchar(20),CONSTRAINT u_id UNIQUE un_id (id,detail))]===
dble:[[]]
===file:syntax/create_table_definition_syntax.sql, id:303, sql:[INSERT INTO aly_test VALUES (1,'aaa')]===
dble:[[]]
===file:syntax/create_table_definition_syntax.sql, id:304, sql:[SHOW CREATE TABLE aly_test]===
dble:[[('aly_test', 'CREATE TABLE `aly_test` (\n  `id` int(11) DEFAULT NULL,\n  `detail` varchar(20) DEFAULT NULL,\n  UNIQUE KEY `un_id` (`id`,`detail`)\n) ENGINE=InnoDB DEFAULT CHARSET=latin1')]]
===file:syntax/create_table_definition_syntax.sql, id:308, sql:[DROP TABLE IF EXISTS  aly_test]===
dble:[[]]
===file:syntax/create_table_definition_syntax.sql, id:309, sql:[CREATE TABLE aly_test ( id int(11),detail varchar(20),UNIQUE un_id USING HASH (id))]===
dble:[[]]
===file:syntax/create_table_definition_syntax.sql, id:310, sql:[INSERT INTO aly_test VALUES (1,'aaa')]===
dble:[[]]
===file:syntax/create_table_definition_syntax.sql, id:311, sql:[SHOW CREATE TABLE aly_test]===
dble:[[('aly_test', 'CREATE TABLE `aly_test` (\n  `id` int(11) DEFAULT NULL,\n  `detail` varchar(20) DEFAULT NULL,\n  UNIQUE KEY `un_id` (`id`) USING HASH\n) ENGINE=InnoDB DEFAULT CHARSET=latin1')]]
===file:syntax/create_table_definition_syntax.sql, id:312, sql:[DROP TABLE IF EXISTS  aly_test]===
dble:[[]]
===file:syntax/create_table_definition_syntax.sql, id:313, sql:[CREATE TABLE aly_test ( id int(11),detail varchar(20),UNIQUE un_id USING BTREE (id))]===
dble:[[]]
===file:syntax/create_table_definition_syntax.sql, id:314, sql:[INSERT INTO aly_test VALUES (1,'aaa')]===
dble:[[]]
===file:syntax/create_table_definition_syntax.sql, id:315, sql:[SHOW CREATE TABLE aly_test]===
dble:[[('aly_test', 'CREATE TABLE `aly_test` (\n  `id` int(11) DEFAULT NULL,\n  `detail` varchar(20) DEFAULT NULL,\n  UNIQUE KEY `un_id` (`id`) USING BTREE\n) ENGINE=InnoDB DEFAULT CHARSET=latin1')]]
===file:syntax/create_table_definition_syntax.sql, id:318, sql:[DROP TABLE IF EXISTS  aly_test]===
dble:[[]]
===file:syntax/create_table_definition_syntax.sql, id:319, sql:[CREATE TABLE aly_test ( id int(11),detail varchar(20),CONSTRAINT UNIQUE un_id USING BTREE (id ,detail))]===
dble:[[]]
===file:syntax/create_table_definition_syntax.sql, id:320, sql:[INSERT INTO aly_test VALUES (1,'aaa')]===
dble:[[]]
===file:syntax/create_table_definition_syntax.sql, id:321, sql:[SHOW CREATE TABLE aly_test]===
dble:[[('aly_test', 'CREATE TABLE `aly_test` (\n  `id` int(11) DEFAULT NULL,\n  `detail` varchar(20) DEFAULT NULL,\n  UNIQUE KEY `un_id` (`id`,`detail`) USING BTREE\n) ENGINE=InnoDB DEFAULT CHARSET=latin1')]]
===file:syntax/create_table_definition_syntax.sql, id:322, sql:[DROP TABLE IF EXISTS  aly_test]===
dble:[[]]
===file:syntax/create_table_definition_syntax.sql, id:323, sql:[CREATE TABLE aly_test ( id int(11),detail varchar(20),CONSTRAINT co_id UNIQUE un_id USING BTREE (id ,detail))]===
dble:[[]]
===file:syntax/create_table_definition_syntax.sql, id:324, sql:[INSERT INTO aly_test VALUES (1,'aaa')]===
dble:[[]]
===file:syntax/create_table_definition_syntax.sql, id:325, sql:[SHOW CREATE TABLE aly_test]===
dble:[[('aly_test', 'CREATE TABLE `aly_test` (\n  `id` int(11) DEFAULT NULL,\n  `detail` varchar(20) DEFAULT NULL,\n  UNIQUE KEY `un_id` (`id`,`detail`) USING BTREE\n) ENGINE=InnoDB DEFAULT CHARSET=latin1')]]
===file:syntax/create_table_definition_syntax.sql, id:328, sql:[DROP TABLE IF EXISTS  aly_test]===
dble:[[]]
===file:syntax/create_table_definition_syntax.sql, id:329, sql:[CREATE TABLE aly_test ( id int(11),detail varchar(20),UNIQUE (id,detail) USING HASH)]===
dble:[[]]
===file:syntax/create_table_definition_syntax.sql, id:330, sql:[INSERT INTO aly_test VALUES (1,'aaa')]===
dble:[[]]
===file:syntax/create_table_definition_syntax.sql, id:331, sql:[SHOW CREATE TABLE aly_test]===
dble:[[('aly_test', 'CREATE TABLE `aly_test` (\n  `id` int(11) DEFAULT NULL,\n  `detail` varchar(20) DEFAULT NULL,\n  UNIQUE KEY `id` (`id`,`detail`) USING HASH\n) ENGINE=InnoDB DEFAULT CHARSET=latin1')]]
===file:syntax/create_table_definition_syntax.sql, id:341, sql:[DROP TABLE IF EXISTS  aly_test]===
dble:[[]]
===file:syntax/create_table_definition_syntax.sql, id:342, sql:[CREATE TABLE aly_test ( id int(11),detail varchar(20),UNIQUE INDEX (id,detail))]===
dble:[[]]
===file:syntax/create_table_definition_syntax.sql, id:343, sql:[INSERT INTO aly_test VALUES (1,'aaa')]===
dble:[[]]
===file:syntax/create_table_definition_syntax.sql, id:344, sql:[SHOW CREATE TABLE aly_test]===
dble:[[('aly_test', 'CREATE TABLE `aly_test` (\n  `id` int(11) DEFAULT NULL,\n  `detail` varchar(20) DEFAULT NULL,\n  UNIQUE KEY `id` (`id`,`detail`)\n) ENGINE=InnoDB DEFAULT CHARSET=latin1')]]
===file:syntax/create_table_definition_syntax.sql, id:345, sql:[DROP TABLE IF EXISTS  aly_test]===
dble:[[]]
===file:syntax/create_table_definition_syntax.sql, id:346, sql:[CREATE TABLE aly_test ( id int(11),detail varchar(20),UNIQUE INDEX ind_id (id,detail))]===
dble:[[]]
===file:syntax/create_table_definition_syntax.sql, id:347, sql:[INSERT INTO aly_test VALUES (1,'aaa')]===
dble:[[]]
===file:syntax/create_table_definition_syntax.sql, id:348, sql:[SHOW CREATE TABLE aly_test]===
dble:[[('aly_test', 'CREATE TABLE `aly_test` (\n  `id` int(11) DEFAULT NULL,\n  `detail` varchar(20) DEFAULT NULL,\n  UNIQUE KEY `ind_id` (`id`,`detail`)\n) ENGINE=InnoDB DEFAULT CHARSET=latin1')]]
===file:syntax/create_table_definition_syntax.sql, id:349, sql:[DROP TABLE IF EXISTS  aly_test]===
dble:[[]]
===file:syntax/create_table_definition_syntax.sql, id:350, sql:[CREATE TABLE aly_test ( id int(11),detail varchar(20),UNIQUE INDEX ind_id (id ASC,detail DESC))]===
dble:[[]]
===file:syntax/create_table_definition_syntax.sql, id:351, sql:[INSERT INTO aly_test VALUES (1,'aaa')]===
dble:[[]]
===file:syntax/create_table_definition_syntax.sql, id:352, sql:[SHOW CREATE TABLE aly_test]===
dble:[[('aly_test', 'CREATE TABLE `aly_test` (\n  `id` int(11) DEFAULT NULL,\n  `detail` varchar(20) DEFAULT NULL,\n  UNIQUE KEY `ind_id` (`id`,`detail`)\n) ENGINE=InnoDB DEFAULT CHARSET=latin1')]]
===file:syntax/create_table_definition_syntax.sql, id:353, sql:[DROP TABLE IF EXISTS  aly_test]===
dble:[[]]
===file:syntax/create_table_definition_syntax.sql, id:354, sql:[CREATE TABLE aly_test ( id int(11),test int,detail varchar(20),CONSTRAINT UNIQUE INDEX unique_id (id,test,detail))]===
dble:[[]]
===file:syntax/create_table_definition_syntax.sql, id:355, sql:[INSERT INTO aly_test VALUES (1,1,'aaa')]===
dble:[[]]
===file:syntax/create_table_definition_syntax.sql, id:356, sql:[SHOW CREATE TABLE aly_test]===
dble:[[('aly_test', 'CREATE TABLE `aly_test` (\n  `id` int(11) DEFAULT NULL,\n  `test` int(11) DEFAULT NULL,\n  `detail` varchar(20) DEFAULT NULL,\n  UNIQUE KEY `unique_id` (`id`,`test`,`detail`)\n) ENGINE=InnoDB DEFAULT CHARSET=latin1')]]
===file:syntax/create_table_definition_syntax.sql, id:357, sql:[DROP TABLE IF EXISTS  aly_test]===
dble:[[]]
===file:syntax/create_table_definition_syntax.sql, id:358, sql:[CREATE TABLE aly_test ( id int(11),test int,detail varchar(20),CONSTRAINT UNIQUE INDEX (id,test,detail))]===
dble:[[]]
===file:syntax/create_table_definition_syntax.sql, id:359, sql:[INSERT INTO aly_test VALUES (1,1,'aaa')]===
dble:[[]]
===file:syntax/create_table_definition_syntax.sql, id:360, sql:[SHOW CREATE TABLE aly_test]===
dble:[[('aly_test', 'CREATE TABLE `aly_test` (\n  `id` int(11) DEFAULT NULL,\n  `test` int(11) DEFAULT NULL,\n  `detail` varchar(20) DEFAULT NULL,\n  UNIQUE KEY `id` (`id`,`test`,`detail`)\n) ENGINE=InnoDB DEFAULT CHARSET=latin1')]]
===file:syntax/create_table_definition_syntax.sql, id:361, sql:[DROP TABLE IF EXISTS  aly_test]===
dble:[[]]
===file:syntax/create_table_definition_syntax.sql, id:362, sql:[CREATE TABLE aly_test ( id int(11),test int,detail varchar(20),CONSTRAINT u_id UNIQUE INDEX unique_id USING HASH (id ,test,detail))]===
dble:[[]]
===file:syntax/create_table_definition_syntax.sql, id:363, sql:[INSERT INTO aly_test VALUES (1,1,'aaa')]===
dble:[[]]
===file:syntax/create_table_definition_syntax.sql, id:364, sql:[SHOW CREATE TABLE aly_test]===
dble:[[('aly_test', 'CREATE TABLE `aly_test` (\n  `id` int(11) DEFAULT NULL,\n  `test` int(11) DEFAULT NULL,\n  `detail` varchar(20) DEFAULT NULL,\n  UNIQUE KEY `unique_id` (`id`,`test`,`detail`) USING HASH\n) ENGINE=InnoDB DEFAULT CHARSET=latin1')]]
===file:syntax/create_table_definition_syntax.sql, id:365, sql:[DROP TABLE IF EXISTS  aly_test]===
dble:[[]]
===file:syntax/create_table_definition_syntax.sql, id:366, sql:[CREATE TABLE aly_test ( id int(11),detail varchar(20),UNIQUE INDEX ind_id USING HASH(id,detail))]===
dble:[[]]
===file:syntax/create_table_definition_syntax.sql, id:367, sql:[INSERT INTO aly_test VALUES (1,'aaa')]===
dble:[[]]
===file:syntax/create_table_definition_syntax.sql, id:369, sql:[SHOW CREATE TABLE aly_test]===
dble:[[('aly_test', 'CREATE TABLE `aly_test` (\n  `id` int(11) DEFAULT NULL,\n  `detail` varchar(20) DEFAULT NULL,\n  UNIQUE KEY `ind_id` (`id`,`detail`) USING HASH\n) ENGINE=InnoDB DEFAULT CHARSET=latin1')]]
===file:syntax/create_table_definition_syntax.sql, id:370, sql:[DROP TABLE IF EXISTS  aly_test]===
dble:[[]]
===file:syntax/create_table_definition_syntax.sql, id:371, sql:[CREATE TABLE aly_test ( id int(11),detail varchar(20),UNIQUE INDEX idx_id (id,detail) USING HASH )]===
dble:[[]]
===file:syntax/create_table_definition_syntax.sql, id:372, sql:[INSERT INTO aly_test VALUES (1,'aaa')]===
dble:[[]]
===file:syntax/create_table_definition_syntax.sql, id:373, sql:[SHOW CREATE TABLE aly_test]===
dble:[[('aly_test', 'CREATE TABLE `aly_test` (\n  `id` int(11) DEFAULT NULL,\n  `detail` varchar(20) DEFAULT NULL,\n  UNIQUE KEY `idx_id` (`id`,`detail`) USING HASH\n) ENGINE=InnoDB DEFAULT CHARSET=latin1')]]
===file:syntax/create_table_definition_syntax.sql, id:374, sql:[DROP TABLE IF EXISTS  aly_test]===
dble:[[]]
===file:syntax/create_table_definition_syntax.sql, id:375, sql:[CREATE TABLE aly_test ( id int(11),detail varchar(20),UNIQUE INDEX idx_id (id,detail) USING BTREE)]===
dble:[[]]
===file:syntax/create_table_definition_syntax.sql, id:376, sql:[INSERT INTO aly_test VALUES (1,'aaa')]===
dble:[[]]
===file:syntax/create_table_definition_syntax.sql, id:377, sql:[SHOW CREATE TABLE aly_test]===
dble:[[('aly_test', 'CREATE TABLE `aly_test` (\n  `id` int(11) DEFAULT NULL,\n  `detail` varchar(20) DEFAULT NULL,\n  UNIQUE KEY `idx_id` (`id`,`detail`) USING BTREE\n) ENGINE=InnoDB DEFAULT CHARSET=latin1')]]
===file:syntax/create_table_definition_syntax.sql, id:384, sql:[DROP TABLE IF EXISTS  aly_test]===
dble:[[]]
===file:syntax/create_table_definition_syntax.sql, id:385, sql:[CREATE TABLE aly_test ( id int(11),detail varchar(20),UNIQUE KEY (id,detail))]===
dble:[[]]
===file:syntax/create_table_definition_syntax.sql, id:386, sql:[INSERT INTO aly_test VALUES (1,'aaa')]===
dble:[[]]
===file:syntax/create_table_definition_syntax.sql, id:387, sql:[SHOW CREATE TABLE aly_test]===
dble:[[('aly_test', 'CREATE TABLE `aly_test` (\n  `id` int(11) DEFAULT NULL,\n  `detail` varchar(20) DEFAULT NULL,\n  UNIQUE KEY `id` (`id`,`detail`)\n) ENGINE=InnoDB DEFAULT CHARSET=latin1')]]
===file:syntax/create_table_definition_syntax.sql, id:388, sql:[DROP TABLE IF EXISTS  aly_test]===
dble:[[]]
===file:syntax/create_table_definition_syntax.sql, id:389, sql:[CREATE TABLE aly_test ( id int(11),detail varchar(20),UNIQUE KEY ind_id (id,detail))]===
dble:[[]]
===file:syntax/create_table_definition_syntax.sql, id:390, sql:[INSERT INTO aly_test VALUES (1,'aaa')]===
dble:[[]]
===file:syntax/create_table_definition_syntax.sql, id:391, sql:[SHOW CREATE TABLE aly_test]===
dble:[[('aly_test', 'CREATE TABLE `aly_test` (\n  `id` int(11) DEFAULT NULL,\n  `detail` varchar(20) DEFAULT NULL,\n  UNIQUE KEY `ind_id` (`id`,`detail`)\n) ENGINE=InnoDB DEFAULT CHARSET=latin1')]]
===file:syntax/create_table_definition_syntax.sql, id:393, sql:[DROP TABLE IF EXISTS  aly_test]===
dble:[[]]
===file:syntax/create_table_definition_syntax.sql, id:394, sql:[CREATE TABLE aly_test ( id int(11),detail varchar(20),CONSTRAINT UNIQUE KEY unique_id (id,detail))]===
dble:[[]]
===file:syntax/create_table_definition_syntax.sql, id:395, sql:[INSERT INTO aly_test VALUES (1,'aaa')]===
dble:[[]]
===file:syntax/create_table_definition_syntax.sql, id:396, sql:[SHOW CREATE TABLE aly_test]===
dble:[[('aly_test', 'CREATE TABLE `aly_test` (\n  `id` int(11) DEFAULT NULL,\n  `detail` varchar(20) DEFAULT NULL,\n  UNIQUE KEY `unique_id` (`id`,`detail`)\n) ENGINE=InnoDB DEFAULT CHARSET=latin1')]]
===file:syntax/create_table_definition_syntax.sql, id:397, sql:[DROP TABLE IF EXISTS  aly_test]===
dble:[[]]
===file:syntax/create_table_definition_syntax.sql, id:398, sql:[CREATE TABLE aly_test ( id int(11),detail varchar(20),CONSTRAINT u_id UNIQUE KEY (id,detail))]===
dble:[[]]
===file:syntax/create_table_definition_syntax.sql, id:399, sql:[INSERT INTO aly_test VALUES (1,'aaa')]===
dble:[[]]
===file:syntax/create_table_definition_syntax.sql, id:400, sql:[SHOW CREATE TABLE aly_test]===
dble:[[('aly_test', 'CREATE TABLE `aly_test` (\n  `id` int(11) DEFAULT NULL,\n  `detail` varchar(20) DEFAULT NULL,\n  UNIQUE KEY `u_id` (`id`,`detail`)\n) ENGINE=InnoDB DEFAULT CHARSET=latin1')]]
===file:syntax/create_table_definition_syntax.sql, id:401, sql:[DROP TABLE IF EXISTS aly_test]===
dble:[[]]
===file:syntax/create_table_definition_syntax.sql, id:402, sql:[CREATE TABLE aly_test ( id int(11) NOT NULL ,CONSTRAINT id_pk UNIQUE KEY (id))]===
dble:[[]]
===file:syntax/create_table_definition_syntax.sql, id:403, sql:[INSERT INTO aly_test VALUES (1)]===
dble:[[]]
===file:syntax/create_table_definition_syntax.sql, id:405, sql:[DROP TABLE IF EXISTS aly_test]===
dble:[[]]
===file:syntax/create_table_definition_syntax.sql, id:406, sql:[CREATE TABLE aly_test ( id int(11),detail varchar(20),UNIQUE KEY unique_id USING HASH(id,detail ))]===
dble:[[]]
===file:syntax/create_table_definition_syntax.sql, id:407, sql:[INSERT INTO aly_test VALUES (1,'aaa')]===
dble:[[]]
===file:syntax/create_table_definition_syntax.sql, id:408, sql:[SHOW CREATE TABLE aly_test]===
dble:[[('aly_test', 'CREATE TABLE `aly_test` (\n  `id` int(11) DEFAULT NULL,\n  `detail` varchar(20) DEFAULT NULL,\n  UNIQUE KEY `unique_id` (`id`,`detail`) USING HASH\n) ENGINE=InnoDB DEFAULT CHARSET=latin1')]]
===file:syntax/create_table_definition_syntax.sql, id:412, sql:[DROP TABLE IF EXISTS  aly_test]===
dble:[[]]
===file:syntax/create_table_definition_syntax.sql, id:413, sql:[CREATE TABLE aly_test ( id int(11),detail varchar(20),UNIQUE KEY (id,detail) USING HASH)]===
dble:[[]]
===file:syntax/create_table_definition_syntax.sql, id:414, sql:[INSERT INTO aly_test VALUES (1,'aaa')]===
dble:[[]]
===file:syntax/create_table_definition_syntax.sql, id:415, sql:[SHOW CREATE TABLE aly_test]===
dble:[[('aly_test', 'CREATE TABLE `aly_test` (\n  `id` int(11) DEFAULT NULL,\n  `detail` varchar(20) DEFAULT NULL,\n  UNIQUE KEY `id` (`id`,`detail`) USING HASH\n) ENGINE=InnoDB DEFAULT CHARSET=latin1')]]
===file:syntax/create_table_definition_syntax.sql, id:416, sql:[DROP TABLE IF EXISTS  aly_test]===
dble:[[]]
===file:syntax/create_table_definition_syntax.sql, id:417, sql:[CREATE TABLE aly_test ( id int(11),detail varchar(20),UNIQUE KEY (id,detail) USING BTREE)]===
dble:[[]]
===file:syntax/create_table_definition_syntax.sql, id:418, sql:[INSERT INTO aly_test VALUES (1,'aaa')]===
dble:[[]]
===file:syntax/create_table_definition_syntax.sql, id:419, sql:[SHOW CREATE TABLE aly_test]===
dble:[[('aly_test', 'CREATE TABLE `aly_test` (\n  `id` int(11) DEFAULT NULL,\n  `detail` varchar(20) DEFAULT NULL,\n  UNIQUE KEY `id` (`id`,`detail`) USING BTREE\n) ENGINE=InnoDB DEFAULT CHARSET=latin1')]]
===file:syntax/create_table_definition_syntax.sql, id:420, sql:[DROP TABLE IF EXISTS  aly_test]===
dble:[[]]
===file:syntax/create_table_definition_syntax.sql, id:421, sql:[CREATE TABLE aly_test ( id int(11),detail varchar(20),CONSTRAINT u_id UNIQUE KEY unique_id (id,detail) USING BTREE)]===
dble:[[]]
===file:syntax/create_table_definition_syntax.sql, id:422, sql:[INSERT INTO aly_test VALUES (1,'aaa')]===
dble:[[]]
===file:syntax/create_table_definition_syntax.sql, id:423, sql:[SHOW CREATE TABLE aly_test]===
dble:[[('aly_test', 'CREATE TABLE `aly_test` (\n  `id` int(11) DEFAULT NULL,\n  `detail` varchar(20) DEFAULT NULL,\n  UNIQUE KEY `unique_id` (`id`,`detail`) USING BTREE\n) ENGINE=InnoDB DEFAULT CHARSET=latin1')]]
===file:syntax/create_table_definition_syntax.sql, id:424, sql:[DROP TABLE IF EXISTS  aly_test]===
dble:[[]]
===file:syntax/create_table_definition_syntax.sql, id:425, sql:[CREATE TABLE aly_test ( id int(11),detail varchar(20),CONSTRAINT UNIQUE KEY unique_id USING HASH (id))]===
dble:[[]]
===file:syntax/create_table_definition_syntax.sql, id:426, sql:[INSERT INTO aly_test VALUES (1,'aaa')]===
dble:[[]]
===file:syntax/create_table_definition_syntax.sql, id:427, sql:[SHOW CREATE TABLE aly_test]===
dble:[[('aly_test', 'CREATE TABLE `aly_test` (\n  `id` int(11) DEFAULT NULL,\n  `detail` varchar(20) DEFAULT NULL,\n  UNIQUE KEY `unique_id` (`id`) USING HASH\n) ENGINE=InnoDB DEFAULT CHARSET=latin1')]]
===file:syntax/create_table_definition_syntax.sql, id:429, sql:[DROP TABLE IF EXISTS aly_test]===
dble:[[]]
===file:syntax/create_table_definition_syntax.sql, id:430, sql:[CREATE TABLE aly_test ( id int(11) NOT NULL ,INDEX id_index (id) USING HASH,CONSTRAINT id_pk UNIQUE KEY (id) )]===
dble:[[]]
===file:syntax/create_table_definition_syntax.sql, id:431, sql:[INSERT INTO aly_test VALUES (1)]===
dble:[[]]
===file:syntax/create_table_definition_syntax.sql, id:446, sql:[DROP TABLE IF EXISTS aly_test]===
dble:[[]]
===file:syntax/create_table_definition_syntax.sql, id:447, sql:[CREATE TABLE aly_test ( id int(11),data int,detail varchar(20),CHECK (data > 0))]===
dble:[[]]
===file:syntax/create_table_definition_syntax.sql, id:448, sql:[INSERT INTO aly_test VALUES (1,1,'aaa')]===
dble:[[]]
===file:syntax/create_table_definition_syntax.sql, id:449, sql:[SELECT id,data,detail FROM aly_test]===
dble:[[(1L, 1L, 'aaa')]]
===file:syntax/create_table_definition_syntax.sql, id:450, sql:[SHOW CREATE TABLE aly_test]===
dble:[[('aly_test', 'CREATE TABLE `aly_test` (\n  `id` int(11) DEFAULT NULL,\n  `data` int(11) DEFAULT NULL,\n  `detail` varchar(20) DEFAULT NULL\n) ENGINE=InnoDB DEFAULT CHARSET=latin1')]]
===file:syntax/create_table_definition_syntax.sql, id:455, sql:[DROP TABLE IF EXISTS aly_test]===
dble:[[]]
===file:syntax/create_table_definition_syntax.sql, id:456, sql:[CREATE TABLE aly_test (id int) engine=innodb]===
dble:[[]]
===file:syntax/create_table_definition_syntax.sql, id:457, sql:[INSERT INTO aly_test VALUES (1)]===
dble:[[]]
===file:syntax/create_table_definition_syntax.sql, id:458, sql:[SHOW CREATE TABLE aly_test]===
dble:[[('aly_test', 'CREATE TABLE `aly_test` (\n  `id` int(11) DEFAULT NULL\n) ENGINE=InnoDB DEFAULT CHARSET=latin1')]]
===file:syntax/create_table_definition_syntax.sql, id:459, sql:[DROP TABLE IF EXISTS aly_test]===
dble:[[]]
===file:syntax/create_table_definition_syntax.sql, id:460, sql:[CREATE TABLE aly_test (id int) engine innodb]===
dble:[[]]
===file:syntax/create_table_definition_syntax.sql, id:461, sql:[INSERT INTO aly_test VALUES (1)]===
dble:[[]]
===file:syntax/create_table_definition_syntax.sql, id:462, sql:[SHOW CREATE TABLE aly_test]===
dble:[[('aly_test', 'CREATE TABLE `aly_test` (\n  `id` int(11) DEFAULT NULL\n) ENGINE=InnoDB DEFAULT CHARSET=latin1')]]
===file:syntax/create_table_definition_syntax.sql, id:465, sql:[DROP TABLE IF EXISTS aly_test]===
dble:[[]]
===file:syntax/create_table_definition_syntax.sql, id:466, sql:[CREATE TABLE aly_test (id int) DEFAULT CHARSET=utf8 COLLATE = utf8_bin]===
dble:[[]]
===file:syntax/create_table_definition_syntax.sql, id:467, sql:[INSERT INTO aly_test VALUES (1)]===
dble:[[]]
===file:syntax/create_table_definition_syntax.sql, id:468, sql:[SHOW CREATE TABLE aly_test]===
dble:[[('aly_test', 'CREATE TABLE `aly_test` (\n  `id` int(11) DEFAULT NULL\n) ENGINE=InnoDB DEFAULT CHARSET=utf8 COLLATE=utf8_bin')]]
===file:syntax/create_table_definition_syntax.sql, id:469, sql:[DROP TABLE IF EXISTS aly_test]===
dble:[[]]
===file:syntax/create_table_definition_syntax.sql, id:470, sql:[CREATE TABLE aly_test (id int) CHARSET=utf8 COLLATE = utf8_bin]===
dble:[[]]
===file:syntax/create_table_definition_syntax.sql, id:471, sql:[INSERT INTO aly_test VALUES (1)]===
dble:[[]]
===file:syntax/create_table_definition_syntax.sql, id:472, sql:[SHOW CREATE TABLE aly_test]===
dble:[[('aly_test', 'CREATE TABLE `aly_test` (\n  `id` int(11) DEFAULT NULL\n) ENGINE=InnoDB DEFAULT CHARSET=utf8 COLLATE=utf8_bin')]]
===file:syntax/create_table_definition_syntax.sql, id:473, sql:[DROP TABLE IF EXISTS aly_test]===
dble:[[]]
===file:syntax/create_table_definition_syntax.sql, id:474, sql:[CREATE TABLE aly_test ( id int(11) NOT NULL ,PRIMARY KEY (id)) DEFAULT CHARACTER SET = utf8]===
dble:[[]]
===file:syntax/create_table_definition_syntax.sql, id:475, sql:[INSERT INTO aly_test VALUES (1)]===
dble:[[]]
===file:syntax/create_table_definition_syntax.sql, id:476, sql:[SHOW CREATE TABLE aly_test]===
dble:[[('aly_test', 'CREATE TABLE `aly_test` (\n  `id` int(11) NOT NULL,\n  PRIMARY KEY (`id`)\n) ENGINE=InnoDB DEFAULT CHARSET=utf8')]]
===file:syntax/create_table_definition_syntax.sql, id:477, sql:[DROP TABLE IF EXISTS aly_test]===
dble:[[]]
===file:syntax/create_table_definition_syntax.sql, id:478, sql:[CREATE TABLE aly_test ( id int(11) NOT NULL ,PRIMARY KEY (id)) CHARACTER SET = gbk]===
dble:[[]]
===file:syntax/create_table_definition_syntax.sql, id:479, sql:[INSERT INTO aly_test VALUES (1)]===
dble:[[]]
===file:syntax/create_table_definition_syntax.sql, id:480, sql:[SHOW CREATE TABLE aly_test]===
dble:[[('aly_test', 'CREATE TABLE `aly_test` (\n  `id` int(11) NOT NULL,\n  PRIMARY KEY (`id`)\n) ENGINE=InnoDB DEFAULT CHARSET=gbk')]]
===file:syntax/create_table_definition_syntax.sql, id:481, sql:[DROP TABLE IF EXISTS aly_test]===
dble:[[]]
===file:syntax/create_table_definition_syntax.sql, id:482, sql:[CREATE TABLE aly_test ( id int(11) NOT NULL ,PRIMARY KEY (id)) CHARACTER SET gbk]===
dble:[[]]
===file:syntax/create_table_definition_syntax.sql, id:483, sql:[INSERT INTO aly_test VALUES (1)]===
dble:[[]]
===file:syntax/create_table_definition_syntax.sql, id:484, sql:[SHOW CREATE TABLE aly_test]===
dble:[[('aly_test', 'CREATE TABLE `aly_test` (\n  `id` int(11) NOT NULL,\n  PRIMARY KEY (`id`)\n) ENGINE=InnoDB DEFAULT CHARSET=gbk')]]
===file:syntax/create_table_definition_syntax.sql, id:485, sql:[DROP TABLE IF EXISTS aly_test]===
dble:[[]]
===file:syntax/create_table_definition_syntax.sql, id:486, sql:[CREATE TABLE aly_test ( id int(11) NOT NULL ,PRIMARY KEY (id)) COLLATE utf8_bin]===
dble:[[]]
===file:syntax/create_table_definition_syntax.sql, id:487, sql:[INSERT INTO aly_test VALUES (1)]===
dble:[[]]
===file:syntax/create_table_definition_syntax.sql, id:488, sql:[SHOW CREATE TABLE aly_test]===
dble:[[('aly_test', 'CREATE TABLE `aly_test` (\n  `id` int(11) NOT NULL,\n  PRIMARY KEY (`id`)\n) ENGINE=InnoDB DEFAULT CHARSET=utf8 COLLATE=utf8_bin')]]
===file:syntax/create_table_definition_syntax.sql, id:489, sql:[DROP TABLE IF EXISTS aly_test]===
dble:[[]]
===file:syntax/create_table_definition_syntax.sql, id:490, sql:[CREATE TABLE aly_test ( id int(11) NOT NULL ,PRIMARY KEY (id)) DEFAULT COLLATE  gbk_chinese_ci]===
dble:[[]]
===file:syntax/create_table_definition_syntax.sql, id:491, sql:[INSERT INTO aly_test VALUES (1)]===
dble:[[]]
===file:syntax/create_table_definition_syntax.sql, id:492, sql:[SHOW CREATE TABLE aly_test]===
dble:[[('aly_test', 'CREATE TABLE `aly_test` (\n  `id` int(11) NOT NULL,\n  PRIMARY KEY (`id`)\n) ENGINE=InnoDB DEFAULT CHARSET=gbk')]]
===file:syntax/create_table_definition_syntax.sql, id:495, sql:[DROP TABLE IF EXISTS aly_test]===
dble:[[]]
===file:syntax/create_table_definition_syntax.sql, id:496, sql:[CREATE TABLE aly_test ( id int(11) NOT NULL ,PRIMARY KEY (id) ) COMMENT='aly_test1 TABLE']===
dble:[[]]
===file:syntax/create_table_definition_syntax.sql, id:497, sql:[INSERT INTO aly_test VALUES (1)]===
dble:[[]]
===file:syntax/create_table_definition_syntax.sql, id:498, sql:[SHOW CREATE TABLE aly_test]===
dble:[[('aly_test', "CREATE TABLE `aly_test` (\n  `id` int(11) NOT NULL,\n  PRIMARY KEY (`id`)\n) ENGINE=InnoDB DEFAULT CHARSET=latin1 COMMENT='aly_test1 TABLE'")]]
===file:syntax/create_table_definition_syntax.sql, id:499, sql:[DROP TABLE aly_test]===
dble:[[]]
===file:syntax/create_table_definition_syntax.sql, id:502, sql:[CREATE TABLE  aly_test ( id int(11) NOT NULL ,PRIMARY KEY (id) ) KEY_BLOCK_SIZE=2]===
dble:[[]]
===file:syntax/create_table_definition_syntax.sql, id:503, sql:[INSERT INTO aly_test VALUES (1)]===
dble:[[]]
===file:syntax/create_table_definition_syntax.sql, id:504, sql:[SHOW CREATE TABLE  aly_test]===
dble:[[('aly_test', 'CREATE TABLE `aly_test` (\n  `id` int(11) NOT NULL,\n  PRIMARY KEY (`id`)\n) ENGINE=InnoDB DEFAULT CHARSET=latin1 KEY_BLOCK_SIZE=2')]]
===file:syntax/create_table_definition_syntax.sql, id:505, sql:[DROP TABLE aly_test]===
dble:[[]]
===file:syntax/create_table_definition_syntax.sql, id:506, sql:[CREATE TABLE  aly_test ( id int(11) NOT NULL ,PRIMARY KEY (id) ) KEY_BLOCK_SIZE 2]===
dble:[[]]
===file:syntax/create_table_definition_syntax.sql, id:507, sql:[INSERT INTO aly_test VALUES (1)]===
dble:[[]]
===file:syntax/create_table_definition_syntax.sql, id:508, sql:[SHOW CREATE TABLE  aly_test]===
dble:[[('aly_test', 'CREATE TABLE `aly_test` (\n  `id` int(11) NOT NULL,\n  PRIMARY KEY (`id`)\n) ENGINE=InnoDB DEFAULT CHARSET=latin1 KEY_BLOCK_SIZE=2')]]
===file:syntax/create_table_definition_syntax.sql, id:509, sql:[DROP TABLE aly_test]===
dble:[[]]
===file:syntax/create_table_definition_syntax.sql, id:512, sql:[CREATE TABLE  aly_test ( id int(11) NOT NULL ,PRIMARY KEY (id) ) DELAY_KEY_WRITE=0]===
dble:[[]]
===file:syntax/create_table_definition_syntax.sql, id:513, sql:[INSERT INTO aly_test VALUES (1)]===
dble:[[]]
===file:syntax/create_table_definition_syntax.sql, id:514, sql:[SHOW CREATE TABLE  aly_test]===
dble:[[('aly_test', 'CREATE TABLE `aly_test` (\n  `id` int(11) NOT NULL,\n  PRIMARY KEY (`id`)\n) ENGINE=InnoDB DEFAULT CHARSET=latin1')]]
===file:syntax/create_table_definition_syntax.sql, id:515, sql:[DROP TABLE aly_test]===
dble:[[]]
===file:syntax/create_table_definition_syntax.sql, id:516, sql:[CREATE TABLE  aly_test ( id int(11) NOT NULL ,PRIMARY KEY (id) ) DELAY_KEY_WRITE=1]===
dble:[[]]
===file:syntax/create_table_definition_syntax.sql, id:517, sql:[INSERT INTO aly_test VALUES (1)]===
dble:[[]]
===file:syntax/create_table_definition_syntax.sql, id:518, sql:[SHOW CREATE TABLE  aly_test]===
dble:[[('aly_test', 'CREATE TABLE `aly_test` (\n  `id` int(11) NOT NULL,\n  PRIMARY KEY (`id`)\n) ENGINE=InnoDB DEFAULT CHARSET=latin1 DELAY_KEY_WRITE=1')]]
===file:syntax/create_table_definition_syntax.sql, id:519, sql:[DROP TABLE aly_test]===
dble:[[]]
===file:syntax/create_table_definition_syntax.sql, id:532, sql:[DROP TABLE IF EXISTS aly_test]===
dble:[[]]
===file:syntax/create_table_definition_syntax.sql, id:533, sql:[CREATE TABLE  aly_test ( id int(11) NOT NULL ,PRIMARY KEY (id) ) INSERT_METHOD = NO]===
dble:[[]]
===file:syntax/create_table_definition_syntax.sql, id:534, sql:[INSERT INTO aly_test VALUES (1)]===
dble:[[]]
===file:syntax/create_table_definition_syntax.sql, id:535, sql:[SHOW CREATE TABLE  aly_test]===
dble:[[('aly_test', 'CREATE TABLE `aly_test` (\n  `id` int(11) NOT NULL,\n  PRIMARY KEY (`id`)\n) ENGINE=InnoDB DEFAULT CHARSET=latin1')]]
===file:syntax/create_table_definition_syntax.sql, id:536, sql:[DROP TABLE aly_test]===
dble:[[]]
===file:syntax/create_table_definition_syntax.sql, id:537, sql:[CREATE TABLE  aly_test ( id int(11) NOT NULL ,PRIMARY KEY (id) ) INSERT_METHOD = FIRST]===
dble:[[]]
===file:syntax/create_table_definition_syntax.sql, id:538, sql:[INSERT INTO aly_test VALUES (1)]===
dble:[[]]
===file:syntax/create_table_definition_syntax.sql, id:539, sql:[SHOW CREATE TABLE  aly_test]===
dble:[[('aly_test', 'CREATE TABLE `aly_test` (\n  `id` int(11) NOT NULL,\n  PRIMARY KEY (`id`)\n) ENGINE=InnoDB DEFAULT CHARSET=latin1')]]
===file:syntax/create_table_definition_syntax.sql, id:540, sql:[DROP TABLE aly_test]===
dble:[[]]
===file:syntax/create_table_definition_syntax.sql, id:541, sql:[CREATE TABLE  aly_test ( id int(11) NOT NULL ,PRIMARY KEY (id) ) INSERT_METHOD = LAST]===
dble:[[]]
===file:syntax/create_table_definition_syntax.sql, id:542, sql:[INSERT INTO aly_test VALUES (1)]===
dble:[[]]
===file:syntax/create_table_definition_syntax.sql, id:543, sql:[SHOW CREATE TABLE  aly_test]===
dble:[[('aly_test', 'CREATE TABLE `aly_test` (\n  `id` int(11) NOT NULL,\n  PRIMARY KEY (`id`)\n) ENGINE=InnoDB DEFAULT CHARSET=latin1')]]
===file:syntax/create_table_definition_syntax.sql, id:546, sql:[DROP TABLE aly_test]===
dble:[[]]
===file:syntax/create_table_definition_syntax.sql, id:547, sql:[CREATE TABLE  aly_test ( id int(11) NOT NULL ,PRIMARY KEY (id) ) ROW_FORMAT=DEFAULT]===
dble:[[]]
===file:syntax/create_table_definition_syntax.sql, id:548, sql:[INSERT INTO aly_test VALUES (1)]===
dble:[[]]
===file:syntax/create_table_definition_syntax.sql, id:549, sql:[SHOW CREATE TABLE  aly_test]===
dble:[[('aly_test', 'CREATE TABLE `aly_test` (\n  `id` int(11) NOT NULL,\n  PRIMARY KEY (`id`)\n) ENGINE=InnoDB DEFAULT CHARSET=latin1')]]
===file:syntax/create_table_definition_syntax.sql, id:550, sql:[DROP TABLE aly_test]===
dble:[[]]
===file:syntax/create_table_definition_syntax.sql, id:551, sql:[CREATE TABLE  aly_test ( id int(11) NOT NULL ,PRIMARY KEY (id) ) ROW_FORMAT=DYNAMIC]===
dble:[[]]
===file:syntax/create_table_definition_syntax.sql, id:552, sql:[INSERT INTO aly_test VALUES (1)]===
dble:[[]]
===file:syntax/create_table_definition_syntax.sql, id:553, sql:[SHOW CREATE TABLE  aly_test]===
dble:[[('aly_test', 'CREATE TABLE `aly_test` (\n  `id` int(11) NOT NULL,\n  PRIMARY KEY (`id`)\n) ENGINE=InnoDB DEFAULT CHARSET=latin1 ROW_FORMAT=DYNAMIC')]]
===file:syntax/create_table_definition_syntax.sql, id:555, sql:[DROP TABLE aly_test]===
dble:[[]]
===file:syntax/create_table_definition_syntax.sql, id:556, sql:[CREATE TABLE  aly_test ( id int(11) NOT NULL ,PRIMARY KEY (id) ) ROW_FORMAT=COMPRESSED]===
dble:[[]]
===file:syntax/create_table_definition_syntax.sql, id:557, sql:[INSERT INTO aly_test VALUES (1)]===
dble:[[]]
===file:syntax/create_table_definition_syntax.sql, id:558, sql:[SHOW CREATE TABLE  aly_test]===
dble:[[('aly_test', 'CREATE TABLE `aly_test` (\n  `id` int(11) NOT NULL,\n  PRIMARY KEY (`id`)\n) ENGINE=InnoDB DEFAULT CHARSET=latin1 ROW_FORMAT=COMPRESSED')]]
===file:syntax/create_table_definition_syntax.sql, id:559, sql:[DROP TABLE aly_test]===
dble:[[]]
===file:syntax/create_table_definition_syntax.sql, id:560, sql:[CREATE TABLE  aly_test ( id int(11) NOT NULL ,PRIMARY KEY (id) ) ROW_FORMAT=REDUNDANT]===
dble:[[]]
===file:syntax/create_table_definition_syntax.sql, id:561, sql:[INSERT INTO aly_test VALUES (1)]===
dble:[[]]
===file:syntax/create_table_definition_syntax.sql, id:562, sql:[SHOW CREATE TABLE  aly_test]===
dble:[[('aly_test', 'CREATE TABLE `aly_test` (\n  `id` int(11) NOT NULL,\n  PRIMARY KEY (`id`)\n) ENGINE=InnoDB DEFAULT CHARSET=latin1 ROW_FORMAT=REDUNDANT')]]
===file:syntax/create_table_definition_syntax.sql, id:563, sql:[DROP TABLE aly_test]===
dble:[[]]
===file:syntax/create_table_definition_syntax.sql, id:564, sql:[CREATE TABLE  aly_test ( id int(11) NOT NULL ,PRIMARY KEY (id) ) ROW_FORMAT=COMPACT]===
dble:[[]]
===file:syntax/create_table_definition_syntax.sql, id:565, sql:[INSERT INTO aly_test VALUES (1)]===
dble:[[]]
===file:syntax/create_table_definition_syntax.sql, id:566, sql:[SHOW CREATE TABLE  aly_test]===
dble:[[('aly_test', 'CREATE TABLE `aly_test` (\n  `id` int(11) NOT NULL,\n  PRIMARY KEY (`id`)\n) ENGINE=InnoDB DEFAULT CHARSET=latin1 ROW_FORMAT=COMPACT')]]
===file:syntax/create_table_definition_syntax.sql, id:569, sql:[DROP TABLE aly_test]===
dble:[[]]
===file:syntax/create_table_definition_syntax.sql, id:570, sql:[CREATE TABLE  aly_test ( id int(11) NOT NULL ,PRIMARY KEY (id) ) STATS_AUTO_RECALC = DEFAULT]===
dble:[[]]
===file:syntax/create_table_definition_syntax.sql, id:571, sql:[INSERT INTO aly_test VALUES (1)]===
dble:[[]]
===file:syntax/create_table_definition_syntax.sql, id:572, sql:[SHOW CREATE TABLE  aly_test]===
dble:[[('aly_test', 'CREATE TABLE `aly_test` (\n  `id` int(11) NOT NULL,\n  PRIMARY KEY (`id`)\n) ENGINE=InnoDB DEFAULT CHARSET=latin1')]]
===file:syntax/create_table_definition_syntax.sql, id:573, sql:[DROP TABLE aly_test]===
dble:[[]]
===file:syntax/create_table_definition_syntax.sql, id:574, sql:[CREATE TABLE  aly_test ( id int(11) NOT NULL ,PRIMARY KEY (id) ) STATS_AUTO_RECALC = 0]===
dble:[[]]
===file:syntax/create_table_definition_syntax.sql, id:575, sql:[INSERT INTO aly_test VALUES (1)]===
dble:[[]]
===file:syntax/create_table_definition_syntax.sql, id:576, sql:[SHOW CREATE TABLE  aly_test]===
dble:[[('aly_test', 'CREATE TABLE `aly_test` (\n  `id` int(11) NOT NULL,\n  PRIMARY KEY (`id`)\n) ENGINE=InnoDB DEFAULT CHARSET=latin1 STATS_AUTO_RECALC=0')]]
===file:syntax/create_table_definition_syntax.sql, id:577, sql:[DROP TABLE aly_test]===
dble:[[]]
===file:syntax/create_table_definition_syntax.sql, id:578, sql:[CREATE TABLE  aly_test ( id int(11) NOT NULL ,PRIMARY KEY (id) ) STATS_AUTO_RECALC = 1]===
dble:[[]]
===file:syntax/create_table_definition_syntax.sql, id:579, sql:[INSERT INTO aly_test VALUES (1)]===
dble:[[]]
===file:syntax/create_table_definition_syntax.sql, id:580, sql:[SHOW CREATE TABLE  aly_test]===
dble:[[('aly_test', 'CREATE TABLE `aly_test` (\n  `id` int(11) NOT NULL,\n  PRIMARY KEY (`id`)\n) ENGINE=InnoDB DEFAULT CHARSET=latin1 STATS_AUTO_RECALC=1')]]
===file:syntax/create_table_definition_syntax.sql, id:583, sql:[DROP TABLE aly_test]===
dble:[[]]
===file:syntax/create_table_definition_syntax.sql, id:584, sql:[CREATE TABLE  aly_test ( id int(11) NOT NULL ,PRIMARY KEY (id) ) STATS_PERSISTENT = DEFAULT]===
dble:[[]]
===file:syntax/create_table_definition_syntax.sql, id:585, sql:[INSERT INTO aly_test VALUES (1)]===
dble:[[]]
===file:syntax/create_table_definition_syntax.sql, id:586, sql:[SHOW CREATE TABLE  aly_test]===
dble:[[('aly_test', 'CREATE TABLE `aly_test` (\n  `id` int(11) NOT NULL,\n  PRIMARY KEY (`id`)\n) ENGINE=InnoDB DEFAULT CHARSET=latin1')]]
===file:syntax/create_table_definition_syntax.sql, id:587, sql:[DROP TABLE aly_test]===
dble:[[]]
===file:syntax/create_table_definition_syntax.sql, id:588, sql:[CREATE TABLE  aly_test ( id int(11) NOT NULL ,PRIMARY KEY (id) ) STATS_PERSISTENT = 0]===
dble:[[]]
===file:syntax/create_table_definition_syntax.sql, id:589, sql:[INSERT INTO aly_test VALUES (1)]===
dble:[[]]
===file:syntax/create_table_definition_syntax.sql, id:590, sql:[SHOW CREATE TABLE  aly_test]===
dble:[[('aly_test', 'CREATE TABLE `aly_test` (\n  `id` int(11) NOT NULL,\n  PRIMARY KEY (`id`)\n) ENGINE=InnoDB DEFAULT CHARSET=latin1 STATS_PERSISTENT=0')]]
===file:syntax/create_table_definition_syntax.sql, id:591, sql:[DROP TABLE aly_test]===
dble:[[]]
===file:syntax/create_table_definition_syntax.sql, id:592, sql:[CREATE TABLE  aly_test ( id int(11) NOT NULL ,PRIMARY KEY (id) ) STATS_PERSISTENT = 1]===
dble:[[]]
===file:syntax/create_table_definition_syntax.sql, id:593, sql:[INSERT INTO aly_test VALUES (1)]===
dble:[[]]
===file:syntax/create_table_definition_syntax.sql, id:594, sql:[SHOW CREATE TABLE  aly_test]===
dble:[[('aly_test', 'CREATE TABLE `aly_test` (\n  `id` int(11) NOT NULL,\n  PRIMARY KEY (`id`)\n) ENGINE=InnoDB DEFAULT CHARSET=latin1 STATS_PERSISTENT=1')]]
===file:syntax/create_table_definition_syntax.sql, id:597, sql:[DROP TABLE aly_test]===
dble:[[]]
===file:syntax/create_table_definition_syntax.sql, id:598, sql:[CREATE TABLE aly_test( id int(11) NOT NULL ,PRIMARY KEY (id)) STATS_SAMPLE_PAGES = 100]===
dble:[[]]
===file:syntax/create_table_definition_syntax.sql, id:599, sql:[INSERT INTO aly_test VALUES (1)]===
dble:[[]]
===file:syntax/create_table_definition_syntax.sql, id:600, sql:[SHOW CREATE TABLE  aly_test]===
dble:[[('aly_test', 'CREATE TABLE `aly_test` (\n  `id` int(11) NOT NULL,\n  PRIMARY KEY (`id`)\n) ENGINE=InnoDB DEFAULT CHARSET=latin1 STATS_SAMPLE_PAGES=100')]]
===file:syntax/create_table_definition_syntax.sql, id:601, sql:[DROP TABLE IF EXISTS aly_test]===
dble:[[]]
