===file:syntax/delete.sql, id:6, sql:[DROP TABLE IF EXISTS aly_test]===
dble:[[]]
===file:syntax/delete.sql, id:7, sql:[CREATE TABLE aly_test (id int(11),R_REGIONKEY int(11) PRIMARY KEY,R_NAME varchar(50),R_COMMENT varchar(50))]===
dble:[[]]
===file:syntax/delete.sql, id:8, sql:[INSERT INTO aly_test (id,R_REGIONKEY,R_NAME,R_COMMENT) VALUES (1,1, 'Eastern','test001'),(3,3, 'Northern','test003'),(2,2, 'Western','test002'),(4,4, 'Southern','test004')]===
dble:[[]]
===file:syntax/delete.sql, id:9, sql:[DELETE FROM aly_test]===
dble:[[]]
===file:syntax/delete.sql, id:10, sql:[SELECT * FROM aly_test]===
dble:[[]]
===file:syntax/delete.sql, id:11, sql:[DROP TABLE IF EXISTS aly_test]===
dble:[[]]
===file:syntax/delete.sql, id:12, sql:[CREATE TABLE aly_test (id int(11),R_REGIONKEY int(11) PRIMARY KEY,R_NAME varchar(50),R_COMMENT varchar(50))]===
dble:[[]]
===file:syntax/delete.sql, id:13, sql:[INSERT INTO aly_test (id,R_REGIONKEY,R_NAME,R_COMMENT) VALUES (1,1, 'Eastern','test001'),(3,3, 'Northern','test003'),(2,2, 'Western','test002'),(4,4, 'Southern','test004')]===
dble:[[]]
===file:syntax/delete.sql, id:14, sql:[DELETE LOW_PRIORITY FROM aly_test]===
dble:[[]]
===file:syntax/delete.sql, id:15, sql:[SELECT * FROM aly_test]===
dble:[[]]
===file:syntax/delete.sql, id:16, sql:[DROP TABLE IF EXISTS aly_test]===
dble:[[]]
===file:syntax/delete.sql, id:17, sql:[CREATE TABLE aly_test (id int(11),R_REGIONKEY int(11) PRIMARY KEY,R_NAME varchar(50),R_COMMENT varchar(50))]===
dble:[[]]
===file:syntax/delete.sql, id:18, sql:[INSERT INTO aly_test (id,R_REGIONKEY,R_NAME,R_COMMENT) VALUES (1,1, 'Eastern','test001'),(3,3, 'Northern','test003'),(2,2, 'Western','test002'),(4,4, 'Southern','test004')]===
dble:[[]]
===file:syntax/delete.sql, id:19, sql:[DELETE QUICK FROM aly_test]===
dble:[[]]
===file:syntax/delete.sql, id:20, sql:[SELECT * FROM aly_test]===
dble:[[]]
===file:syntax/delete.sql, id:21, sql:[DROP TABLE IF EXISTS aly_test]===
dble:[[]]
===file:syntax/delete.sql, id:22, sql:[CREATE TABLE aly_test (id int(11),R_REGIONKEY int(11) PRIMARY KEY,R_NAME varchar(50),R_COMMENT varchar(50))]===
dble:[[]]
===file:syntax/delete.sql, id:23, sql:[INSERT INTO aly_test (id,R_REGIONKEY,R_NAME,R_COMMENT) VALUES (1,1, 'Eastern','test001'),(3,3, 'Northern','test003'),(2,2, 'Western','test002'),(4,4, 'Southern','test004')]===
dble:[[]]
===file:syntax/delete.sql, id:24, sql:[DELETE IGNORE FROM aly_test]===
dble:[[]]
===file:syntax/delete.sql, id:25, sql:[SELECT * FROM aly_test]===
dble:[[]]
===file:syntax/delete.sql, id:28, sql:[DROP TABLE IF EXISTS aly_test]===
dble:[[]]
===file:syntax/delete.sql, id:29, sql:[CREATE TABLE aly_test (id int(11),R_REGIONKEY int(11) PRIMARY KEY,R_NAME varchar(50),R_COMMENT varchar(50))]===
dble:[[]]
===file:syntax/delete.sql, id:30, sql:[INSERT INTO aly_test (id,R_REGIONKEY,R_NAME,R_COMMENT) VALUES (1,1, 'Eastern','test001'),(3,3, 'Northern','test003'),(2,2, 'Western','test002'),(4,4, 'Southern','test004')]===
dble:[[]]
===file:syntax/delete.sql, id:31, sql:[DELETE FROM aly_test WHERE id = 1]===
dble:[[]]
===file:syntax/delete.sql, id:32, sql:[DELETE FROM aly_test  WHERE id = 2 or id = 3]===
dble:[[]]
===file:syntax/delete.sql, id:33, sql:[SELECT * FROM aly_test]===
dble:[[(4L, 4L, 'Southern', 'test004')]]
===file:syntax/delete.sql, id:34, sql:[DROP TABLE IF EXISTS aly_test]===
dble:[[]]
===file:syntax/delete.sql, id:35, sql:[CREATE TABLE aly_test (id int(11),R_REGIONKEY int(11) PRIMARY KEY,R_NAME varchar(50),R_COMMENT varchar(50))]===
dble:[[]]
===file:syntax/delete.sql, id:36, sql:[INSERT INTO aly_test (id,R_REGIONKEY,R_NAME,R_COMMENT) VALUES (1,1, 'Eastern','test001'),(3,3, 'Northern','test003'),(2,2, 'Western','test002'),(4,4, 'Southern','test004')]===
dble:[[]]
===file:syntax/delete.sql, id:37, sql:[DELETE FROM aly_test WHERE R_REGIONKEY = 1]===
dble:[[]]
===file:syntax/delete.sql, id:38, sql:[DELETE FROM aly_test WHERE R_NAME like 'S%']===
dble:[[]]
===file:syntax/delete.sql, id:39, sql:[SELECT * FROM aly_test]===
dble:[[(2L, 2L, 'Western', 'test002'), (3L, 3L, 'Northern', 'test003')]]
===file:syntax/delete.sql, id:40, sql:[DROP TABLE IF EXISTS aly_test]===
dble:[[]]
===file:syntax/delete.sql, id:41, sql:[CREATE TABLE aly_test (id int(11),R_REGIONKEY int(11) PRIMARY KEY,R_NAME varchar(50),R_COMMENT varchar(50))]===
dble:[[]]
===file:syntax/delete.sql, id:42, sql:[INSERT INTO aly_test (id,R_REGIONKEY,R_NAME,R_COMMENT) VALUES (1,1, 'Eastern','test001'),(3,3, 'Northern','test003'),(2,2, 'Western','test002'),(4,4, 'Southern','test004')]===
dble:[[]]
===file:syntax/delete.sql, id:43, sql:[DELETE FROM aly_test WHERE id in (1,2,3)]===
dble:[[]]
===file:syntax/delete.sql, id:44, sql:[SELECT * FROM aly_test]===
dble:[[(4L, 4L, 'Southern', 'test004')]]
===file:syntax/delete.sql, id:45, sql:[DROP TABLE IF EXISTS aly_test]===
dble:[[]]
===file:syntax/delete.sql, id:46, sql:[CREATE TABLE aly_test (id int(11),R_REGIONKEY int(11) PRIMARY KEY,R_NAME varchar(50),R_COMMENT varchar(50))]===
dble:[[]]
===file:syntax/delete.sql, id:47, sql:[INSERT INTO aly_test (id,R_REGIONKEY,R_NAME,R_COMMENT) VALUES (1,1, 'Eastern','test001'),(3,3, 'Northern','test003'),(2,2, 'Western','test002'),(4,4, 'Southern','test004')]===
dble:[[]]
===file:syntax/delete.sql, id:48, sql:[DELETE FROM aly_test WHERE id BETWEEN 1 AND 5]===
dble:[[]]
===file:syntax/delete.sql, id:49, sql:[SELECT * FROM aly_test]===
dble:[[]]
===file:syntax/delete.sql, id:50, sql:[DROP TABLE IF EXISTS aly_test]===
dble:[[]]
===file:syntax/delete.sql, id:51, sql:[CREATE TABLE aly_test (id int(11),R_REGIONKEY int(11) PRIMARY KEY,R_NAME varchar(50),R_COMMENT varchar(50))]===
dble:[[]]
===file:syntax/delete.sql, id:52, sql:[INSERT INTO aly_test (id,R_REGIONKEY,R_NAME,R_COMMENT) VALUES (1,1, 'Eastern','test001'),(3,3, 'Northern','test003'),(2,2, 'Western','test002'),(4,4, 'Southern','test004')]===
dble:[[]]
===file:syntax/delete.sql, id:53, sql:[DELETE FROM aly_test WHERE R_COMMENT is not null]===
dble:[[]]
===file:syntax/delete.sql, id:54, sql:[SELECT * FROM aly_test]===
dble:[[]]
===file:syntax/delete.sql, id:55, sql:[DROP TABLE IF EXISTS aly_test]===
dble:[[]]
===file:syntax/delete.sql, id:64, sql:[DROP TABLE IF EXISTS global_table1]===
dble:[[]]
===file:syntax/delete.sql, id:65, sql:[CREATE TABLE global_table1 (id int(11),R_REGIONKEY int(11) PRIMARY KEY,R_NAME varchar(50),R_COMMENT varchar(50))]===
dble:[[]]
===file:syntax/delete.sql, id:66, sql:[INSERT INTO global_table1 (id,R_REGIONKEY,R_NAME,R_COMMENT) VALUES (1,1, 'Eastern','test001'),(3,3, 'Northern','test003'),(2,2, 'Western','test002'),(4,4, 'Southern','test004')]===
dble:[[]]
===file:syntax/delete.sql, id:67, sql:[DELETE FROM global_table1]===
dble:[[]]
===file:syntax/delete.sql, id:68, sql:[SELECT id FROM global_table1]===
dble:[[]]
===file:syntax/delete.sql, id:69, sql:[DROP TABLE IF EXISTS global_table1]===
dble:[[]]
===file:syntax/delete.sql, id:70, sql:[CREATE TABLE global_table1 (id int(11),R_REGIONKEY int(11) PRIMARY KEY,R_NAME varchar(50),R_COMMENT varchar(50))]===
dble:[[]]
===file:syntax/delete.sql, id:71, sql:[INSERT INTO global_table1 (id,R_REGIONKEY,R_NAME,R_COMMENT) VALUES (1,1, 'Eastern','test001'),(3,3, 'Northern','test003'),(2,2, 'Western','test002'),(4,4, 'Southern','test004')]===
dble:[[]]
===file:syntax/delete.sql, id:72, sql:[DELETE FROM global_table1 WHERE id = 1 OR id = 2]===
dble:[[]]
===file:syntax/delete.sql, id:73, sql:[DELETE FROM global_table1 WHERE R_NAME IS NOT NULL]===
dble:[[]]
===file:syntax/delete.sql, id:74, sql:[SELECT id FROM global_table1]===
dble:[[]]
===file:syntax/delete.sql, id:75, sql:[DROP TABLE IF EXISTS global_table1]===
dble:[[]]
===file:syntax/delete.sql, id:76, sql:[CREATE TABLE global_table1 (id int(11),R_REGIONKEY int(11) primary key,R_NAME varchar(50),R_COMMENT varchar(50))]===
dble:[[]]
===file:syntax/delete.sql, id:77, sql:[INSERT INTO global_table1 (id,R_REGIONKEY,R_NAME,R_COMMENT) values (1,1, 'Eastern','test001'),(3,3, 'Northern','test003'),(2,2, 'Western','test002'),(4,4, 'Southern','test004')]===
dble:[[]]
===file:syntax/delete.sql, id:78, sql:[DELETE FROM global_table1 ORDER BY id ASC LIMIT 1]===
dble:[[]]
===file:syntax/delete.sql, id:79, sql:[SELECT id FROM global_table1]===
dble:[[(2L,), (3L,), (4L,)]]
===file:syntax/delete.sql, id:80, sql:[DROP TABLE IF EXISTS global_table1]===
dble:[[]]
===file:syntax/delete.sql, id:81, sql:[DROP TABLE IF EXISTS normal_table1]===
dble:[[]]
===file:syntax/delete.sql, id:82, sql:[CREATE TABLE normal_table1 (id int(11),R_REGIONKEY int(11) PRIMARY KEY,R_NAME varchar(50),R_COMMENT varchar(50))]===
dble:[[]]
===file:syntax/delete.sql, id:83, sql:[INSERT INTO normal_table1 (id,R_REGIONKEY,R_NAME,R_COMMENT) VALUES (1,1, 'Eastern','test001'),(3,3, 'Northern','test003'),(2,2, 'Western','test002'),(4,4, 'Southern','test004')]===
dble:[[]]
===file:syntax/delete.sql, id:84, sql:[DELETE FROM normal_table1]===
dble:[[]]
===file:syntax/delete.sql, id:85, sql:[SELECT * FROM normal_table1]===
dble:[[]]
===file:syntax/delete.sql, id:86, sql:[DROP TABLE IF EXISTS normal_table1]===
dble:[[]]
===file:syntax/delete.sql, id:87, sql:[CREATE TABLE normal_table1 (id int(11),R_REGIONKEY int(11) PRIMARY KEY,R_NAME varchar(50),R_COMMENT varchar(50))]===
dble:[[]]
===file:syntax/delete.sql, id:88, sql:[INSERT INTO normal_table1 (id,R_REGIONKEY,R_NAME,R_COMMENT) VALUES (1,1, 'Eastern','test001'),(3,3, 'Northern','test003'),(2,2, 'Western','test002'),(4,4, 'Southern','test004')]===
dble:[[]]
===file:syntax/delete.sql, id:89, sql:[DELETE FROM normal_table1 WHERE id = 1 OR id = 2]===
dble:[[]]
===file:syntax/delete.sql, id:90, sql:[DELETE FROM normal_table1 WHERE R_NAME IS NOT NULL]===
dble:[[]]
===file:syntax/delete.sql, id:91, sql:[SELECT * FROM normal_table1]===
dble:[[]]
===file:syntax/delete.sql, id:92, sql:[DROP TABLE IF EXISTS normal_table1]===
dble:[[]]
===file:syntax/delete.sql, id:93, sql:[CREATE TABLE normal_table1 (id int(11),R_REGIONKEY int(11) primary key,R_NAME varchar(50),R_COMMENT varchar(50))]===
dble:[[]]
===file:syntax/delete.sql, id:94, sql:[INSERT INTO normal_table1 (id,R_REGIONKEY,R_NAME,R_COMMENT) values (1,1, 'Eastern','test001'),(3,3, 'Northern','test003'),(2,2, 'Western','test002'),(4,4, 'Southern','test004')]===
dble:[[]]
===file:syntax/delete.sql, id:95, sql:[DELETE FROM normal_table1 ORDER BY id ASC LIMIT 1]===
dble:[[]]
===file:syntax/delete.sql, id:96, sql:[SELECT * FROM normal_table1]===
dble:[[(2L, 2L, 'Western', 'test002'), (3L, 3L, 'Northern', 'test003'), (4L, 4L, 'Southern', 'test004')]]
===file:syntax/delete.sql, id:97, sql:[DROP TABLE IF EXISTS normal_table1]===
dble:[[]]
