===file:syntax/identifiers.sql, id:94, sql:[create table "tb2" (col INT)]===
dble:[None]
mysql:[()]
[02:28:10.011523]dble err :(-1, 'error totally whack')
===file:syntax/identifiers.sql, id:110, sql:[drop view if exists abcdefghijklmnopqrstuvwxyzabcdefghijklmnopqrstuvwxyzabcdefghijklm]===
dble:[()]
mysql:[None]
mysql err:(1059, "Identifier name 'abcdefghijklmnopqrstuvwxyzabcdefghijklmnopqrstuvwxyzabcdefghijklm' is too long")
===file:syntax/identifiers.sql, id:111, sql:[create view abcdefghijklmnopqrstuvwxyzabcdefghijklmnopqrstuvwxyzabcdefghijklm as select * from tb]===
dble:[()]
mysql:[None]
mysql err:(1059, "Identifier name 'abcdefghijklmnopqrstuvwxyzabcdefghijklmnopqrstuvwxyzabcdefghijklm' is too long")
===file:syntax/identifiers.sql, id:123, sql:[select id from .tb]===
dble:[None]
mysql:[()]
[02:28:11.710258]dble err :(1064, 'ERROR. pos 16, line 1, column 16, token DOT')
===file:syntax/identifiers.sql, id:129, sql:[create table BIT_AND (i int)]===
dble:[None]
mysql:[()]
[02:28:12.012238]dble err :(1064, "You have an error in your SQL syntax; check the manual that corresponds to your MySQL server version for the right syntax to use near 'BIT_AND (i int)' at line 1")
===file:syntax/identifiers.sql, id:131, sql:[create table BIT_OR (i int)]===
dble:[None]
mysql:[()]
[02:28:12.117535]dble err :(1064, "You have an error in your SQL syntax; check the manual that corresponds to your MySQL server version for the right syntax to use near 'BIT_OR (i int)' at line 1")
===file:syntax/identifiers.sql, id:133, sql:[create table BIT_XOR (i int)]===
dble:[None]
mysql:[()]
[02:28:12.224273]dble err :(1064, "You have an error in your SQL syntax; check the manual that corresponds to your MySQL server version for the right syntax to use near 'BIT_XOR (i int)' at line 1")
===file:syntax/identifiers.sql, id:134, sql:[drop table if EXISTS CAST]===
dble:[None]
mysql:[()]
[02:28:12.274170]dble err :(1064, 'error pos 25, line 1, column 21, token CAST')
===file:syntax/identifiers.sql, id:135, sql:[create table CAST (i int)]===
dble:[None]
mysql:[()]
[02:28:12.359205]dble err :(1064, 'error pos 17, line 1, column 13, token CAST')
===file:syntax/identifiers.sql, id:137, sql:[create table CURDATE (i int)]===
dble:[None]
mysql:[()]
[02:28:12.466497]dble err :(1064, "You have an error in your SQL syntax; check the manual that corresponds to your MySQL server version for the right syntax to use near 'CURDATE (i int)' at line 1")
===file:syntax/identifiers.sql, id:139, sql:[create table CURTIME (i int)]===
dble:[None]
mysql:[()]
[02:28:12.571981]dble err :(1064, "You have an error in your SQL syntax; check the manual that corresponds to your MySQL server version for the right syntax to use near 'CURTIME (i int)' at line 1")
===file:syntax/identifiers.sql, id:141, sql:[create table DATE_ADD (i int)]===
dble:[None]
mysql:[()]
[02:28:12.677214]dble err :(1064, "You have an error in your SQL syntax; check the manual that corresponds to your MySQL server version for the right syntax to use near 'DATE_ADD (i int)' at line 1")
===file:syntax/identifiers.sql, id:143, sql:[create table DATE_SUB (i int)]===
dble:[None]
mysql:[()]
[02:28:12.814128]dble err :(1064, "You have an error in your SQL syntax; check the manual that corresponds to your MySQL server version for the right syntax to use near 'DATE_SUB (i int)' at line 1")
===file:syntax/identifiers.sql, id:145, sql:[create table EXTRACT (i int)]===
dble:[None]
mysql:[()]
[02:28:12.956554]dble err :(1064, "You have an error in your SQL syntax; check the manual that corresponds to your MySQL server version for the right syntax to use near 'EXTRACT (i int)' at line 1")
===file:syntax/identifiers.sql, id:147, sql:[create table GROUP_CONCAT (i int)]===
dble:[None]
mysql:[()]
[02:28:13.095196]dble err :(1064, "You have an error in your SQL syntax; check the manual that corresponds to your MySQL server version for the right syntax to use near 'GROUP_CONCAT (i int)' at line 1")
===file:syntax/identifiers.sql, id:149, sql:[create table MAX (i int)]===
dble:[None]
mysql:[()]
[02:28:13.200597]dble err :(1064, "You have an error in your SQL syntax; check the manual that corresponds to your MySQL server version for the right syntax to use near 'MAX (i int)' at line 1")
===file:syntax/identifiers.sql, id:151, sql:[create table MID (i int)]===
dble:[None]
mysql:[()]
[02:28:13.312153]dble err :(1064, "You have an error in your SQL syntax; check the manual that corresponds to your MySQL server version for the right syntax to use near 'MID (i int)' at line 1")
===file:syntax/identifiers.sql, id:153, sql:[create table MIN (i int)]===
dble:[None]
mysql:[()]
[02:28:13.422037]dble err :(1064, "You have an error in your SQL syntax; check the manual that corresponds to your MySQL server version for the right syntax to use near 'MIN (i int)' at line 1")
===file:syntax/identifiers.sql, id:155, sql:[create table NOW (i int)]===
dble:[None]
mysql:[()]
[02:28:13.562013]dble err :(1064, "You have an error in your SQL syntax; check the manual that corresponds to your MySQL server version for the right syntax to use near 'NOW (i int)' at line 1")
===file:syntax/identifiers.sql, id:157, sql:[create table POSITION (i int)]===
dble:[None]
mysql:[()]
[02:28:13.699553]dble err :(1064, "You have an error in your SQL syntax; check the manual that corresponds to your MySQL server version for the right syntax to use near 'POSITION (i int)' at line 1")
===file:syntax/identifiers.sql, id:161, sql:[create table STD (i int)]===
dble:[None]
mysql:[()]
[02:28:13.947838]dble err :(1064, "You have an error in your SQL syntax; check the manual that corresponds to your MySQL server version for the right syntax to use near 'STD (i int)' at line 1")
===file:syntax/identifiers.sql, id:163, sql:[create table STDDEV (i int)]===
dble:[None]
mysql:[()]
[02:28:14.087524]dble err :(1064, "You have an error in your SQL syntax; check the manual that corresponds to your MySQL server version for the right syntax to use near 'STDDEV (i int)' at line 1")
===file:syntax/identifiers.sql, id:165, sql:[create table STDDEV_POP (i int)]===
dble:[None]
mysql:[()]
[02:28:14.194656]dble err :(1064, "You have an error in your SQL syntax; check the manual that corresponds to your MySQL server version for the right syntax to use near 'STDDEV_POP (i int)' at line 1")
===file:syntax/identifiers.sql, id:167, sql:[create table STDDEV_SAMP (i int)]===
dble:[None]
mysql:[()]
[02:28:14.332402]dble err :(1064, "You have an error in your SQL syntax; check the manual that corresponds to your MySQL server version for the right syntax to use near 'STDDEV_SAMP (i int)' at line 1")
===file:syntax/identifiers.sql, id:171, sql:[create table SUBSTR (i int)]===
dble:[None]
mysql:[()]
[02:28:14.549383]dble err :(1064, "You have an error in your SQL syntax; check the manual that corresponds to your MySQL server version for the right syntax to use near 'SUBSTR (i int)' at line 1")
===file:syntax/identifiers.sql, id:173, sql:[create table SUBSTRING (i int)]===
dble:[None]
mysql:[()]
[02:28:14.654756]dble err :(1064, "You have an error in your SQL syntax; check the manual that corresponds to your MySQL server version for the right syntax to use near 'SUBSTRING (i int)' at line 1")
===file:syntax/identifiers.sql, id:175, sql:[create table SUM (i int)]===
dble:[None]
mysql:[()]
[02:28:14.789947]dble err :(1064, "You have an error in your SQL syntax; check the manual that corresponds to your MySQL server version for the right syntax to use near 'SUM (i int)' at line 1")
===file:syntax/identifiers.sql, id:177, sql:[create table SYSDATE (i int)]===
dble:[None]
mysql:[()]
[02:28:14.928890]dble err :(1064, "You have an error in your SQL syntax; check the manual that corresponds to your MySQL server version for the right syntax to use near 'SYSDATE (i int)' at line 1")
===file:syntax/identifiers.sql, id:181, sql:[create table TRIM (i int)]===
dble:[None]
mysql:[()]
[02:28:15.176582]dble err :(1064, "You have an error in your SQL syntax; check the manual that corresponds to your MySQL server version for the right syntax to use near 'TRIM (i int)' at line 1")
===file:syntax/identifiers.sql, id:183, sql:[create table VARIANCE (i int)]===
dble:[None]
mysql:[()]
[02:28:15.284575]dble err :(1064, "You have an error in your SQL syntax; check the manual that corresponds to your MySQL server version for the right syntax to use near 'VARIANCE (i int)' at line 1")
===file:syntax/identifiers.sql, id:185, sql:[create table VAR_POP (i int)]===
dble:[None]
mysql:[()]
[02:28:15.427984]dble err :(1064, "You have an error in your SQL syntax; check the manual that corresponds to your MySQL server version for the right syntax to use near 'VAR_POP (i int)' at line 1")
===file:syntax/identifiers.sql, id:187, sql:[create table VAR_SAMP (i int)]===
dble:[None]
mysql:[()]
[02:28:15.534378]dble err :(1064, "You have an error in your SQL syntax; check the manual that corresponds to your MySQL server version for the right syntax to use near 'VAR_SAMP (i int)' at line 1")
===file:syntax/identifiers.sql, id:205, sql:[CREATE TABLE `interval` (begin INT, end INT)]===
dble:[None]
mysql:[()]
[02:28:16.484518]dble err :(1064, 'error pos 30, line 1, column 26, token BEGIN')
===file:syntax/identifiers.sql, id:206, sql:[drop table if exists schema1.interval]===
dble:[None]
mysql:[()]
[02:28:16.538020]dble err :(1064, "You have an error in your SQL syntax; check the manual that corresponds to your MySQL server version for the right syntax to use near 'interval' at line 1")
===file:syntax/identifiers.sql, id:207, sql:[CREATE TABLE schema1.interval (begin INT, end INT)]===
dble:[None]
mysql:[()]
[02:28:16.589455]dble err :(1064, 'error pos 35, line 1, column 31, token BEGIN')
===file:syntax/identifiers.sql, id:215, sql:[EXECUTE stmt]===
dble:[[(', @c, ',), (', @c, ',), (', @c, ',)]]
mysql:[[(1L,), (2L,), (3L,)]]
===file:syntax/identifiers.sql, id:228, sql:[create table .drop(`order` int, `add` int)]===
dble:[None]
mysql:[()]
[02:28:17.819254]dble err :(1064, 'error pos 14, line 1, column 13, token DOT')
===file:syntax/identifiers.sql, id:229, sql:[insert into `drop`(`order`, `add`) values(1,1)]===
dble:[None]
mysql:[()]
[02:28:17.900710]dble err :(1146, "Table 'db3.drop' doesn't exist")
===file:syntax/identifiers.sql, id:230, sql:[insert into .drop(drop.order, drop.add) values(1,1)]===
dble:[None]
mysql:[()]
[02:28:17.981520]dble err :(1064, 'error pos 13, line 1, column 12, token DOT')
===file:syntax/identifiers.sql, id:231, sql:[insert into .drop(.drop.order, .drop.add) values(1,1)]===
dble:[None]
mysql:[()]
[02:28:18.063232]dble err :(1064, 'error pos 13, line 1, column 12, token DOT')
===file:syntax/identifiers.sql, id:232, sql:[insert into .drop(schema1.drop.order, schema1.drop.add) values(1,1)]===
dble:[None]
mysql:[()]
[02:28:18.146376]dble err :(1064, 'error pos 13, line 1, column 12, token DOT')
===file:syntax/identifiers.sql, id:233, sql:[select `order` from .drop]===
dble:[None]
mysql:[((1L,), (1L,), (1L,), (1L,))]
[02:28:18.227809]dble err :(1064, 'ERROR. pos 21, line 1, column 21, token DOT')
===file:syntax/identifiers.sql, id:234, sql:[select drop.order from .drop order by `add`]===
dble:[None]
mysql:[((1L,), (1L,), (1L,), (1L,))]
[02:28:18.308182]dble err :(1064, 'ERROR. pos 11, line 1, column 7, token DROP')
===file:syntax/identifiers.sql, id:235, sql:[select drop.order from .drop order by drop.add]===
dble:[None]
mysql:[((1L,), (1L,), (1L,), (1L,))]
[02:28:18.388937]dble err :(1064, 'ERROR. pos 11, line 1, column 7, token DROP')
===file:syntax/identifiers.sql, id:236, sql:[select drop.order from .drop order by .drop.add]===
dble:[None]
mysql:[((1L,), (1L,), (1L,), (1L,))]
[02:28:18.469193]dble err :(1064, 'ERROR. pos 11, line 1, column 7, token DROP')