===file:syntax/insert_on_duplicate_key.sql, id:3, sql:[DROP TABLE if exists aly_test]===
dble:[[]]
===file:syntax/insert_on_duplicate_key.sql, id:4, sql:[create TABLE aly_test (id int(11) primary key,R_REGIONKEY int(11) default 10,R_NAME varchar(50),R_COMMENT varchar(50))]===
dble:[[]]
===file:syntax/insert_on_duplicate_key.sql, id:5, sql:[INSERT INTO aly_test VALUES(1,1, 'Eastern','test001'),(3,3, 'Northern','test003'),(2,2, 'Western','test002'),(4,4, 'Southern','test004') ON DUPLICATE KEY UPDATE R_NAME='test']===
dble:[[]]
===file:syntax/insert_on_duplicate_key.sql, id:6, sql:[SELECT * FROM aly_test]===
dble:[[(1L, 1L, 'Eastern', 'test001'), (2L, 2L, 'Western', 'test002'), (3L, 3L, 'Northern', 'test003'), (4L, 4L, 'Southern', 'test004')]]
===file:syntax/insert_on_duplicate_key.sql, id:7, sql:[INSERT INTO aly_test VALUES(1,1, 'Eastern','test001'),(3,5, 'Northern','test003'),(2,6, 'Western','test002'),(4,7, 'Southern','test004') ON DUPLICATE KEY UPDATE R_NAME='test']===
dble:[[]]
===file:syntax/insert_on_duplicate_key.sql, id:8, sql:[SELECT * FROM aly_test]===
dble:[[(1L, 1L, 'test', 'test001'), (2L, 2L, 'test', 'test002'), (3L, 3L, 'test', 'test003'), (4L, 4L, 'test', 'test004')]]
===file:syntax/insert_on_duplicate_key.sql, id:9, sql:[INSERT INTO aly_test VALUES(1,8, 'Eastern','test001') ON DUPLICATE KEY UPDATE R_NAME='test']===
dble:[[]]
===file:syntax/insert_on_duplicate_key.sql, id:10, sql:[SELECT * FROM aly_test]===
dble:[[(1L, 1L, 'test', 'test001'), (2L, 2L, 'test', 'test002'), (3L, 3L, 'test', 'test003'), (4L, 4L, 'test', 'test004')]]
===file:syntax/insert_on_duplicate_key.sql, id:11, sql:[INSERT INTO aly_test VALUES(1,8, 'Eastern','test001') ON DUPLICATE KEY UPDATE R_REGIONKEY=R_REGIONKEY+1]===
dble:[[]]
===file:syntax/insert_on_duplicate_key.sql, id:12, sql:[SELECT * FROM aly_test]===
dble:[[(1L, 2L, 'test', 'test001'), (2L, 2L, 'test', 'test002'), (3L, 3L, 'test', 'test003'), (4L, 4L, 'test', 'test004')]]
===file:syntax/insert_on_duplicate_key.sql, id:13, sql:[INSERT INTO aly_test VALUES(1,8, 'Eastern','test001') ON DUPLICATE KEY UPDATE R_REGIONKEY=R_REGIONKEY+1]===
dble:[[]]
===file:syntax/insert_on_duplicate_key.sql, id:14, sql:[SELECT * FROM aly_test]===
dble:[[(1L, 3L, 'test', 'test001'), (2L, 2L, 'test', 'test002'), (3L, 3L, 'test', 'test003'), (4L, 4L, 'test', 'test004')]]
===file:syntax/insert_on_duplicate_key.sql, id:15, sql:[INSERT INTO aly_test VALUES(1,8, 'Eastern','test001') ON DUPLICATE KEY UPDATE R_REGIONKEY=default(R_REGIONKEY)+10]===
dble:[[]]
===file:syntax/insert_on_duplicate_key.sql, id:16, sql:[SELECT * FROM aly_test]===
dble:[[(1L, 20L, 'test', 'test001'), (2L, 2L, 'test', 'test002'), (3L, 3L, 'test', 'test003'), (4L, 4L, 'test', 'test004')]]
===file:syntax/insert_on_duplicate_key.sql, id:17, sql:[INSERT INTO aly_test VALUES(1,9, 'Eastern','test001') ON DUPLICATE KEY UPDATE R_REGIONKEY=default]===
dble:[[]]
===file:syntax/insert_on_duplicate_key.sql, id:18, sql:[SELECT * FROM aly_test]===
dble:[[(1L, 10L, 'test', 'test001'), (2L, 2L, 'test', 'test002'), (3L, 3L, 'test', 'test003'), (4L, 4L, 'test', 'test004')]]
===file:syntax/insert_on_duplicate_key.sql, id:20, sql:[DELETE FROM aly_test]===
dble:[[]]
===file:syntax/insert_on_duplicate_key.sql, id:21, sql:[INSERT INTO aly_test VALUES(1,1, 'Eastern','test001'),(3,3, 'Northern','test003'),(2,2, 'Western','test002'),(4,4, 'Southern','test004') ON DUPLICATE KEY UPDATE R_NAME='test',R_COMMENT='test']===
dble:[[]]
===file:syntax/insert_on_duplicate_key.sql, id:22, sql:[SELECT * FROM aly_test]===
dble:[[(1L, 1L, 'Eastern', 'test001'), (2L, 2L, 'Western', 'test002'), (3L, 3L, 'Northern', 'test003'), (4L, 4L, 'Southern', 'test004')]]
===file:syntax/insert_on_duplicate_key.sql, id:23, sql:[INSERT INTO aly_test VALUES(1,1, 'Eastern','test001'),(3,3, 'Northern','test003'),(2,2, 'Western','test002'),(4,4, 'Southern','test004') ON DUPLICATE KEY UPDATE R_NAME='test',R_COMMENT='test']===
dble:[[]]
===file:syntax/insert_on_duplicate_key.sql, id:24, sql:[SELECT * FROM aly_test]===
dble:[[(1L, 1L, 'test', 'test'), (2L, 2L, 'test', 'test'), (3L, 3L, 'test', 'test'), (4L, 4L, 'test', 'test')]]
===file:syntax/insert_on_duplicate_key.sql, id:25, sql:[INSERT INTO aly_test VALUES(1,4, 'Eastern','test001') ON DUPLICATE KEY UPDATE R_REGIONKEY=R_REGIONKEY+1,R_COMMENT='test']===
dble:[[]]
===file:syntax/insert_on_duplicate_key.sql, id:26, sql:[SELECT * FROM aly_test]===
dble:[[(1L, 2L, 'test', 'test'), (2L, 2L, 'test', 'test'), (3L, 3L, 'test', 'test'), (4L, 4L, 'test', 'test')]]
===file:syntax/insert_on_duplicate_key.sql, id:27, sql:[INSERT INTO aly_test VALUES(1,8, 'Eastern','test001') ON DUPLICATE KEY UPDATE R_NAME='test',R_COMMENT='test']===
dble:[[]]
===file:syntax/insert_on_duplicate_key.sql, id:28, sql:[SELECT * FROM aly_test]===
dble:[[(1L, 2L, 'test', 'test'), (2L, 2L, 'test', 'test'), (3L, 3L, 'test', 'test'), (4L, 4L, 'test', 'test')]]
===file:syntax/insert_on_duplicate_key.sql, id:29, sql:[INSERT INTO aly_test VALUES(1,8, 'Eastern','test001') ON DUPLICATE KEY UPDATE R_REGIONKEY=R_REGIONKEY+1,R_COMMENT='test']===
dble:[[]]
===file:syntax/insert_on_duplicate_key.sql, id:30, sql:[SELECT * FROM aly_test]===
dble:[[(1L, 3L, 'test', 'test'), (2L, 2L, 'test', 'test'), (3L, 3L, 'test', 'test'), (4L, 4L, 'test', 'test')]]
===file:syntax/insert_on_duplicate_key.sql, id:31, sql:[INSERT INTO aly_test VALUES(1,8, 'Eastern','test001') ON DUPLICATE KEY UPDATE R_REGIONKEY=R_REGIONKEY+1,R_COMMENT='test']===
dble:[[]]
===file:syntax/insert_on_duplicate_key.sql, id:32, sql:[SELECT * FROM aly_test]===
dble:[[(1L, 4L, 'test', 'test'), (2L, 2L, 'test', 'test'), (3L, 3L, 'test', 'test'), (4L, 4L, 'test', 'test')]]
===file:syntax/insert_on_duplicate_key.sql, id:33, sql:[INSERT INTO aly_test VALUES(1,8, 'Eastern','test001') ON DUPLICATE KEY UPDATE R_REGIONKEY=default(R_REGIONKEY)+10,R_COMMENT='test']===
dble:[[]]
===file:syntax/insert_on_duplicate_key.sql, id:34, sql:[SELECT * FROM aly_test]===
dble:[[(1L, 20L, 'test', 'test'), (2L, 2L, 'test', 'test'), (3L, 3L, 'test', 'test'), (4L, 4L, 'test', 'test')]]
===file:syntax/insert_on_duplicate_key.sql, id:35, sql:[INSERT INTO aly_test VALUES(1,9, 'Eastern','test001') ON DUPLICATE KEY UPDATE R_REGIONKEY=default,R_COMMENT='test']===
dble:[[]]
===file:syntax/insert_on_duplicate_key.sql, id:36, sql:[SELECT * FROM aly_test]===
dble:[[(1L, 10L, 'test', 'test'), (2L, 2L, 'test', 'test'), (3L, 3L, 'test', 'test'), (4L, 4L, 'test', 'test')]]
===file:syntax/insert_on_duplicate_key.sql, id:38, sql:[DELETE FROM aly_test]===
dble:[[]]
===file:syntax/insert_on_duplicate_key.sql, id:39, sql:[INSERT INTO aly_test VALUES(1,8, 'Eastern','test001') ON DUPLICATE KEY UPDATE R_REGIONKEY=R_REGIONKEY+1,R_COMMENT='test']===
dble:[[]]
===file:syntax/insert_on_duplicate_key.sql, id:40, sql:[INSERT INTO aly_test VALUES(1,8, 'Eastern','test001') ON DUPLICATE KEY UPDATE R_REGIONKEY=R_REGIONKEY+1,R_COMMENT='test']===
dble:[[]]
===file:syntax/insert_on_duplicate_key.sql, id:41, sql:[INSERT INTO aly_test VALUES(1,8, 'Eastern','test001') ON DUPLICATE KEY UPDATE R_REGIONKEY=R_REGIONKEY+1,R_COMMENT='test']===
dble:[[]]
===file:syntax/insert_on_duplicate_key.sql, id:42, sql:[insert ignore into aly_test VALUES(1,8, 'Eastern','test001') ON DUPLICATE KEY UPDATE R_REGIONKEY=R_REGIONKEY+1,R_COMMENT='test']===
dble:[[]]
===file:syntax/insert_on_duplicate_key.sql, id:43, sql:[SELECT * FROM aly_test]===
dble:[[(1L, 11L, 'Eastern', 'test')]]
===file:syntax/insert_on_duplicate_key.sql, id:45, sql:[DELETE FROM aly_test]===
dble:[[]]
===file:syntax/insert_on_duplicate_key.sql, id:46, sql:[INSERT INTO aly_test set id=1,R_REGIONKEY=default,R_NAME='test',R_COMMENT='test' ON DUPLICATE KEY UPDATE R_NAME='new',R_COMMENT='new']===
dble:[[]]
===file:syntax/insert_on_duplicate_key.sql, id:47, sql:[SELECT * FROM aly_test]===
dble:[[(1L, 10L, 'test', 'test')]]
===file:syntax/insert_on_duplicate_key.sql, id:48, sql:[INSERT INTO aly_test set id=1,R_REGIONKEY=default,R_NAME='test',R_COMMENT='test' ON DUPLICATE KEY UPDATE R_NAME='new',R_COMMENT='new']===
dble:[[]]
===file:syntax/insert_on_duplicate_key.sql, id:49, sql:[SELECT * FROM aly_test]===
dble:[[(1L, 10L, 'new', 'new')]]
===file:syntax/insert_on_duplicate_key.sql, id:51, sql:[DELETE FROM aly_test]===
dble:[[]]
===file:syntax/insert_on_duplicate_key.sql, id:52, sql:[INSERT INTO aly_test set id=1,R_REGIONKEY=default,R_NAME='test',R_COMMENT='test' ON DUPLICATE KEY UPDATE R_REGIONKEY=R_REGIONKEY+1,R_COMMENT='new']===
dble:[[]]
===file:syntax/insert_on_duplicate_key.sql, id:53, sql:[SELECT * FROM aly_test]===
dble:[[(1L, 10L, 'test', 'test')]]
===file:syntax/insert_on_duplicate_key.sql, id:54, sql:[INSERT INTO aly_test set id=1,R_REGIONKEY=default,R_NAME='test',R_COMMENT='test' ON DUPLICATE KEY UPDATE R_REGIONKEY=R_REGIONKEY+1,R_COMMENT='new']===
dble:[[]]
===file:syntax/insert_on_duplicate_key.sql, id:55, sql:[SELECT * FROM aly_test]===
dble:[[(1L, 11L, 'test', 'new')]]
===file:syntax/insert_on_duplicate_key.sql, id:56, sql:[INSERT INTO aly_test set id=1,R_REGIONKEY=default,R_NAME='test',R_COMMENT='test' ON DUPLICATE KEY UPDATE R_REGIONKEY=R_REGIONKEY+1,R_COMMENT='new']===
dble:[[]]
===file:syntax/insert_on_duplicate_key.sql, id:57, sql:[SELECT * FROM aly_test]===
dble:[[(1L, 12L, 'test', 'new')]]
===file:syntax/insert_on_duplicate_key.sql, id:58, sql:[insert ignore into aly_test set id=1,R_REGIONKEY=default,R_NAME='test',R_COMMENT='test' ON DUPLICATE KEY UPDATE R_REGIONKEY=R_REGIONKEY+1,R_COMMENT='new']===
dble:[[]]
===file:syntax/insert_on_duplicate_key.sql, id:59, sql:[SELECT * FROM aly_test]===
dble:[[(1L, 13L, 'test', 'new')]]
===file:syntax/insert_on_duplicate_key.sql, id:60, sql:[DROP TABLE if exists aly_test]===
dble:[[]]
===file:syntax/insert_on_duplicate_key.sql, id:63, sql:[DROP TABLE if exists global_table1]===
dble:[[]]
===file:syntax/insert_on_duplicate_key.sql, id:64, sql:[create TABLE global_table1 (id int(11),R_REGIONKEY int(11) primary key default 10,R_NAME varchar(50),R_COMMENT varchar(50))]===
dble:[[]]
===file:syntax/insert_on_duplicate_key.sql, id:65, sql:[INSERT INTO global_table1 VALUES(1,1, 'Eastern','test001'),(3,3, 'Northern','test003'),(2,2, 'Western','test002'),(4,4, 'Southern','test004') ON DUPLICATE KEY UPDATE R_NAME='test']===
dble:[[]]
===file:syntax/insert_on_duplicate_key.sql, id:66, sql:[SELECT id,R_REGIONKEY,R_NAME,R_COMMENT FROM global_table1]===
dble:[[(1L, 1L, 'Eastern', 'test001'), (2L, 2L, 'Western', 'test002'), (3L, 3L, 'Northern', 'test003'), (4L, 4L, 'Southern', 'test004')]]
===file:syntax/insert_on_duplicate_key.sql, id:67, sql:[INSERT INTO global_table1 VALUES(1,1, 'Eastern','test001'),(3,5, 'Northern','test003'),(2,6, 'Western','test002'),(4,7, 'Southern','test004') ON DUPLICATE KEY UPDATE R_NAME='test']===
dble:[[]]
===file:syntax/insert_on_duplicate_key.sql, id:68, sql:[SELECT id,R_REGIONKEY,R_NAME,R_COMMENT FROM global_table1]===
dble:[[(1L, 1L, 'test', 'test001'), (2L, 2L, 'Western', 'test002'), (2L, 6L, 'Western', 'test002'), (3L, 3L, 'Northern', 'test003'), (3L, 5L, 'Northern', 'test003'), (4L, 4L, 'Southern', 'test004'), (4L, 7L, 'Southern', 'test004')]]
===file:syntax/insert_on_duplicate_key.sql, id:69, sql:[INSERT INTO global_table1 VALUES(1,8, 'Eastern','test001') ON DUPLICATE KEY UPDATE R_NAME='test']===
dble:[[]]
===file:syntax/insert_on_duplicate_key.sql, id:70, sql:[SELECT id,R_REGIONKEY,R_NAME,R_COMMENT FROM global_table1]===
dble:[[(1L, 1L, 'test', 'test001'), (1L, 8L, 'Eastern', 'test001'), (2L, 2L, 'Western', 'test002'), (2L, 6L, 'Western', 'test002'), (3L, 3L, 'Northern', 'test003'), (3L, 5L, 'Northern', 'test003'), (4L, 4L, 'Southern', 'test004'), (4L, 7L, 'Southern', 'test004')]]
===file:syntax/insert_on_duplicate_key.sql, id:71, sql:[INSERT INTO global_table1 VALUES(1,8, 'Eastern','test001') ON DUPLICATE KEY UPDATE R_REGIONKEY=R_REGIONKEY+1]===
dble:[[]]
===file:syntax/insert_on_duplicate_key.sql, id:72, sql:[SELECT id,R_REGIONKEY,R_NAME,R_COMMENT FROM global_table1]===
dble:[[(1L, 1L, 'test', 'test001'), (1L, 9L, 'Eastern', 'test001'), (2L, 2L, 'Western', 'test002'), (2L, 6L, 'Western', 'test002'), (3L, 3L, 'Northern', 'test003'), (3L, 5L, 'Northern', 'test003'), (4L, 4L, 'Southern', 'test004'), (4L, 7L, 'Southern', 'test004')]]
===file:syntax/insert_on_duplicate_key.sql, id:73, sql:[INSERT INTO global_table1 VALUES(1,8, 'Eastern','test001') ON DUPLICATE KEY UPDATE R_REGIONKEY=R_REGIONKEY+1]===
dble:[[]]
===file:syntax/insert_on_duplicate_key.sql, id:74, sql:[SELECT id,R_REGIONKEY,R_NAME,R_COMMENT FROM global_table1]===
dble:[[(1L, 1L, 'test', 'test001'), (1L, 8L, 'Eastern', 'test001'), (1L, 9L, 'Eastern', 'test001'), (2L, 2L, 'Western', 'test002'), (2L, 6L, 'Western', 'test002'), (3L, 3L, 'Northern', 'test003'), (3L, 5L, 'Northern', 'test003'), (4L, 4L, 'Southern', 'test004'), (4L, 7L, 'Southern', 'test004')]]
===file:syntax/insert_on_duplicate_key.sql, id:75, sql:[INSERT INTO global_table1 VALUES(1,8, 'Eastern','test001') ON DUPLICATE KEY UPDATE R_REGIONKEY=default(R_REGIONKEY)+10]===
dble:[[]]
===file:syntax/insert_on_duplicate_key.sql, id:76, sql:[SELECT id,R_REGIONKEY,R_NAME,R_COMMENT FROM global_table1]===
dble:[[(1L, 1L, 'test', 'test001'), (1L, 9L, 'Eastern', 'test001'), (1L, 20L, 'Eastern', 'test001'), (2L, 2L, 'Western', 'test002'), (2L, 6L, 'Western', 'test002'), (3L, 3L, 'Northern', 'test003'), (3L, 5L, 'Northern', 'test003'), (4L, 4L, 'Southern', 'test004'), (4L, 7L, 'Southern', 'test004')]]
===file:syntax/insert_on_duplicate_key.sql, id:77, sql:[INSERT INTO global_table1 VALUES(1,9, 'Eastern','test001') ON DUPLICATE KEY UPDATE R_REGIONKEY=default]===
dble:[[]]
===file:syntax/insert_on_duplicate_key.sql, id:78, sql:[SELECT id,R_REGIONKEY,R_NAME,R_COMMENT FROM global_table1]===
dble:[[(1L, 1L, 'test', 'test001'), (1L, 10L, 'Eastern', 'test001'), (1L, 20L, 'Eastern', 'test001'), (2L, 2L, 'Western', 'test002'), (2L, 6L, 'Western', 'test002'), (3L, 3L, 'Northern', 'test003'), (3L, 5L, 'Northern', 'test003'), (4L, 4L, 'Southern', 'test004'), (4L, 7L, 'Southern', 'test004')]]
===file:syntax/insert_on_duplicate_key.sql, id:80, sql:[DELETE FROM global_table1]===
dble:[[]]
===file:syntax/insert_on_duplicate_key.sql, id:81, sql:[INSERT INTO global_table1 VALUES(1,1, 'Eastern','test001'),(3,3, 'Northern','test003'),(2,2, 'Western','test002'),(4,4, 'Southern','test004') ON DUPLICATE KEY UPDATE R_NAME='test',R_COMMENT='test']===
dble:[[]]
===file:syntax/insert_on_duplicate_key.sql, id:82, sql:[SELECT id,R_REGIONKEY,R_NAME,R_COMMENT FROM global_table1]===
dble:[[(1L, 1L, 'Eastern', 'test001'), (2L, 2L, 'Western', 'test002'), (3L, 3L, 'Northern', 'test003'), (4L, 4L, 'Southern', 'test004')]]
===file:syntax/insert_on_duplicate_key.sql, id:83, sql:[INSERT INTO global_table1 VALUES(1,1, 'Eastern','test001'),(3,3, 'Northern','test003'),(2,2, 'Western','test002'),(4,4, 'Southern','test004') ON DUPLICATE KEY UPDATE R_NAME='test',R_COMMENT='test']===
dble:[[]]
===file:syntax/insert_on_duplicate_key.sql, id:84, sql:[SELECT id,R_REGIONKEY,R_NAME,R_COMMENT FROM global_table1]===
dble:[[(1L, 1L, 'test', 'test'), (2L, 2L, 'test', 'test'), (3L, 3L, 'test', 'test'), (4L, 4L, 'test', 'test')]]
===file:syntax/insert_on_duplicate_key.sql, id:85, sql:[INSERT INTO global_table1 VALUES(1,4, 'Eastern','test001') ON DUPLICATE KEY UPDATE R_REGIONKEY=R_REGIONKEY+1,R_COMMENT='test']===
dble:[[]]
===file:syntax/insert_on_duplicate_key.sql, id:86, sql:[SELECT id,R_REGIONKEY,R_NAME,R_COMMENT FROM global_table1]===
dble:[[(1L, 1L, 'test', 'test'), (2L, 2L, 'test', 'test'), (3L, 3L, 'test', 'test'), (4L, 5L, 'test', 'test')]]
===file:syntax/insert_on_duplicate_key.sql, id:87, sql:[INSERT INTO global_table1 VALUES(1,8, 'Eastern','test001') ON DUPLICATE KEY UPDATE R_NAME='test',R_COMMENT='test']===
dble:[[]]
===file:syntax/insert_on_duplicate_key.sql, id:88, sql:[SELECT id,R_REGIONKEY,R_NAME,R_COMMENT FROM global_table1]===
dble:[[(1L, 1L, 'test', 'test'), (1L, 8L, 'Eastern', 'test001'), (2L, 2L, 'test', 'test'), (3L, 3L, 'test', 'test'), (4L, 5L, 'test', 'test')]]
===file:syntax/insert_on_duplicate_key.sql, id:89, sql:[INSERT INTO global_table1 VALUES(1,8, 'Eastern','test001') ON DUPLICATE KEY UPDATE R_REGIONKEY=R_REGIONKEY+1,R_COMMENT='test']===
dble:[[]]
===file:syntax/insert_on_duplicate_key.sql, id:90, sql:[SELECT id,R_REGIONKEY,R_NAME,R_COMMENT FROM global_table1]===
dble:[[(1L, 1L, 'test', 'test'), (1L, 9L, 'Eastern', 'test'), (2L, 2L, 'test', 'test'), (3L, 3L, 'test', 'test'), (4L, 5L, 'test', 'test')]]
===file:syntax/insert_on_duplicate_key.sql, id:91, sql:[INSERT INTO global_table1 VALUES(1,8, 'Eastern','test001') ON DUPLICATE KEY UPDATE R_REGIONKEY=R_REGIONKEY+1,R_COMMENT='test']===
dble:[[]]
===file:syntax/insert_on_duplicate_key.sql, id:92, sql:[SELECT id,R_REGIONKEY,R_NAME,R_COMMENT FROM global_table1]===
dble:[[(1L, 1L, 'test', 'test'), (1L, 8L, 'Eastern', 'test001'), (1L, 9L, 'Eastern', 'test'), (2L, 2L, 'test', 'test'), (3L, 3L, 'test', 'test'), (4L, 5L, 'test', 'test')]]
===file:syntax/insert_on_duplicate_key.sql, id:93, sql:[INSERT INTO global_table1 VALUES(1,8, 'Eastern','test001') ON DUPLICATE KEY UPDATE R_REGIONKEY=default(R_REGIONKEY)+10,R_COMMENT='test']===
dble:[[]]
===file:syntax/insert_on_duplicate_key.sql, id:94, sql:[SELECT id,R_REGIONKEY,R_NAME,R_COMMENT FROM global_table1]===
dble:[[(1L, 1L, 'test', 'test'), (1L, 9L, 'Eastern', 'test'), (1L, 20L, 'Eastern', 'test'), (2L, 2L, 'test', 'test'), (3L, 3L, 'test', 'test'), (4L, 5L, 'test', 'test')]]
===file:syntax/insert_on_duplicate_key.sql, id:95, sql:[INSERT INTO global_table1 VALUES(1,9, 'Eastern','test001') ON DUPLICATE KEY UPDATE R_REGIONKEY=default,R_COMMENT='test']===
dble:[[]]
===file:syntax/insert_on_duplicate_key.sql, id:96, sql:[SELECT id,R_REGIONKEY,R_NAME,R_COMMENT FROM global_table1]===
dble:[[(1L, 1L, 'test', 'test'), (1L, 10L, 'Eastern', 'test'), (1L, 20L, 'Eastern', 'test'), (2L, 2L, 'test', 'test'), (3L, 3L, 'test', 'test'), (4L, 5L, 'test', 'test')]]
===file:syntax/insert_on_duplicate_key.sql, id:98, sql:[DELETE FROM global_table1]===
dble:[[]]
===file:syntax/insert_on_duplicate_key.sql, id:99, sql:[INSERT INTO global_table1 VALUES(1,8, 'Eastern','test001') ON DUPLICATE KEY UPDATE R_REGIONKEY=R_REGIONKEY+1,R_COMMENT='test']===
dble:[[]]
===file:syntax/insert_on_duplicate_key.sql, id:100, sql:[INSERT INTO global_table1 VALUES(1,8, 'Eastern','test001') ON DUPLICATE KEY UPDATE R_REGIONKEY=R_REGIONKEY+1,R_COMMENT='test']===
dble:[[]]
===file:syntax/insert_on_duplicate_key.sql, id:101, sql:[INSERT INTO global_table1 VALUES(1,8, 'Eastern','test001') ON DUPLICATE KEY UPDATE R_REGIONKEY=R_REGIONKEY+1,R_COMMENT='test']===
dble:[[]]
===file:syntax/insert_on_duplicate_key.sql, id:102, sql:[insert ignore into global_table1 VALUES(1,8, 'Eastern','test001') ON DUPLICATE KEY UPDATE R_REGIONKEY=R_REGIONKEY+1,R_COMMENT='test']===
dble:[[]]
===file:syntax/insert_on_duplicate_key.sql, id:103, sql:[SELECT id,R_REGIONKEY,R_NAME,R_COMMENT FROM global_table1]===
dble:[[(1L, 8L, 'Eastern', 'test001'), (1L, 9L, 'Eastern', 'test')]]
===file:syntax/insert_on_duplicate_key.sql, id:105, sql:[DELETE FROM global_table1]===
dble:[[]]
===file:syntax/insert_on_duplicate_key.sql, id:106, sql:[INSERT INTO global_table1 set id=1,R_REGIONKEY=default,R_NAME='test',R_COMMENT='test' ON DUPLICATE KEY UPDATE R_NAME='new',R_COMMENT='new']===
dble:[[]]
===file:syntax/insert_on_duplicate_key.sql, id:107, sql:[SELECT id,R_REGIONKEY,R_NAME,R_COMMENT FROM global_table1]===
dble:[[(1L, 10L, 'test', 'test')]]
===file:syntax/insert_on_duplicate_key.sql, id:108, sql:[INSERT INTO global_table1 set id=1,R_REGIONKEY=default,R_NAME='test',R_COMMENT='test' ON DUPLICATE KEY UPDATE R_NAME='new',R_COMMENT='new']===
dble:[[]]
===file:syntax/insert_on_duplicate_key.sql, id:109, sql:[SELECT id,R_REGIONKEY,R_NAME,R_COMMENT FROM global_table1]===
dble:[[(1L, 10L, 'new', 'new')]]
===file:syntax/insert_on_duplicate_key.sql, id:111, sql:[DELETE FROM global_table1]===
dble:[[]]
===file:syntax/insert_on_duplicate_key.sql, id:112, sql:[INSERT INTO global_table1 set id=1,R_REGIONKEY=default,R_NAME='test',R_COMMENT='test' ON DUPLICATE KEY UPDATE R_REGIONKEY=R_REGIONKEY+1,R_COMMENT='new']===
dble:[[]]
===file:syntax/insert_on_duplicate_key.sql, id:113, sql:[SELECT id,R_REGIONKEY,R_NAME,R_COMMENT FROM global_table1]===
dble:[[(1L, 10L, 'test', 'test')]]
===file:syntax/insert_on_duplicate_key.sql, id:114, sql:[INSERT INTO global_table1 set id=1,R_REGIONKEY=default,R_NAME='test',R_COMMENT='test' ON DUPLICATE KEY UPDATE R_REGIONKEY=R_REGIONKEY+1,R_COMMENT='new']===
dble:[[]]
===file:syntax/insert_on_duplicate_key.sql, id:115, sql:[SELECT id,R_REGIONKEY,R_NAME,R_COMMENT FROM global_table1]===
dble:[[(1L, 11L, 'test', 'new')]]
===file:syntax/insert_on_duplicate_key.sql, id:116, sql:[INSERT INTO global_table1 set id=1,R_REGIONKEY=default,R_NAME='test',R_COMMENT='test' ON DUPLICATE KEY UPDATE R_REGIONKEY=R_REGIONKEY+1,R_COMMENT='new']===
dble:[[]]
===file:syntax/insert_on_duplicate_key.sql, id:117, sql:[SELECT id,R_REGIONKEY,R_NAME,R_COMMENT FROM global_table1]===
dble:[[(1L, 10L, 'test', 'test'), (1L, 11L, 'test', 'new')]]
===file:syntax/insert_on_duplicate_key.sql, id:118, sql:[insert ignore into global_table1 set id=1,R_REGIONKEY=default,R_NAME='test',R_COMMENT='test' ON DUPLICATE KEY UPDATE R_REGIONKEY=R_REGIONKEY+1,R_COMMENT='new']===
dble:[[]]
===file:syntax/insert_on_duplicate_key.sql, id:119, sql:[SELECT id,R_REGIONKEY,R_NAME,R_COMMENT FROM global_table1]===
dble:[[(1L, 10L, 'test', 'test'), (1L, 11L, 'test', 'new')]]
===file:syntax/insert_on_duplicate_key.sql, id:120, sql:[DROP TABLE if exists global_table1]===
dble:[[]]
===file:syntax/insert_on_duplicate_key.sql, id:123, sql:[DROP TABLE if exists test_no_shard]===
dble:[[]]
===file:syntax/insert_on_duplicate_key.sql, id:124, sql:[create TABLE test_no_shard (id int(11),R_REGIONKEY int(11) primary key default 10,R_NAME varchar(50),R_COMMENT varchar(50))]===
dble:[[]]
===file:syntax/insert_on_duplicate_key.sql, id:125, sql:[INSERT INTO test_no_shard VALUES(1,1, 'Eastern','test001'),(3,3, 'Northern','test003'),(2,2, 'Western','test002'),(4,4, 'Southern','test004') ON DUPLICATE KEY UPDATE R_NAME='test']===
dble:[[]]
===file:syntax/insert_on_duplicate_key.sql, id:126, sql:[SELECT * FROM test_no_shard]===
dble:[[(1L, 1L, 'Eastern', 'test001'), (2L, 2L, 'Western', 'test002'), (3L, 3L, 'Northern', 'test003'), (4L, 4L, 'Southern', 'test004')]]
===file:syntax/insert_on_duplicate_key.sql, id:127, sql:[INSERT INTO test_no_shard VALUES(1,1, 'Eastern','test001'),(3,5, 'Northern','test003'),(2,6, 'Western','test002'),(4,7, 'Southern','test004') ON DUPLICATE KEY UPDATE R_NAME='test']===
dble:[[]]
===file:syntax/insert_on_duplicate_key.sql, id:128, sql:[SELECT * FROM test_no_shard]===
dble:[[(1L, 1L, 'test', 'test001'), (2L, 2L, 'Western', 'test002'), (2L, 6L, 'Western', 'test002'), (3L, 3L, 'Northern', 'test003'), (3L, 5L, 'Northern', 'test003'), (4L, 4L, 'Southern', 'test004'), (4L, 7L, 'Southern', 'test004')]]
===file:syntax/insert_on_duplicate_key.sql, id:129, sql:[INSERT INTO test_no_shard VALUES(1,8, 'Eastern','test001') ON DUPLICATE KEY UPDATE R_NAME='test']===
dble:[[]]
===file:syntax/insert_on_duplicate_key.sql, id:130, sql:[SELECT * FROM test_no_shard]===
dble:[[(1L, 1L, 'test', 'test001'), (1L, 8L, 'Eastern', 'test001'), (2L, 2L, 'Western', 'test002'), (2L, 6L, 'Western', 'test002'), (3L, 3L, 'Northern', 'test003'), (3L, 5L, 'Northern', 'test003'), (4L, 4L, 'Southern', 'test004'), (4L, 7L, 'Southern', 'test004')]]
===file:syntax/insert_on_duplicate_key.sql, id:131, sql:[INSERT INTO test_no_shard VALUES(1,8, 'Eastern','test001') ON DUPLICATE KEY UPDATE R_REGIONKEY=R_REGIONKEY+1]===
dble:[[]]
===file:syntax/insert_on_duplicate_key.sql, id:132, sql:[SELECT * FROM test_no_shard]===
dble:[[(1L, 1L, 'test', 'test001'), (1L, 9L, 'Eastern', 'test001'), (2L, 2L, 'Western', 'test002'), (2L, 6L, 'Western', 'test002'), (3L, 3L, 'Northern', 'test003'), (3L, 5L, 'Northern', 'test003'), (4L, 4L, 'Southern', 'test004'), (4L, 7L, 'Southern', 'test004')]]
===file:syntax/insert_on_duplicate_key.sql, id:133, sql:[INSERT INTO test_no_shard VALUES(1,8, 'Eastern','test001') ON DUPLICATE KEY UPDATE R_REGIONKEY=R_REGIONKEY+1]===
dble:[[]]
===file:syntax/insert_on_duplicate_key.sql, id:134, sql:[SELECT * FROM test_no_shard]===
dble:[[(1L, 1L, 'test', 'test001'), (1L, 8L, 'Eastern', 'test001'), (1L, 9L, 'Eastern', 'test001'), (2L, 2L, 'Western', 'test002'), (2L, 6L, 'Western', 'test002'), (3L, 3L, 'Northern', 'test003'), (3L, 5L, 'Northern', 'test003'), (4L, 4L, 'Southern', 'test004'), (4L, 7L, 'Southern', 'test004')]]
===file:syntax/insert_on_duplicate_key.sql, id:135, sql:[INSERT INTO test_no_shard VALUES(1,8, 'Eastern','test001') ON DUPLICATE KEY UPDATE R_REGIONKEY=default(R_REGIONKEY)+10]===
dble:[[]]
===file:syntax/insert_on_duplicate_key.sql, id:136, sql:[SELECT * FROM test_no_shard]===
dble:[[(1L, 1L, 'test', 'test001'), (1L, 9L, 'Eastern', 'test001'), (1L, 20L, 'Eastern', 'test001'), (2L, 2L, 'Western', 'test002'), (2L, 6L, 'Western', 'test002'), (3L, 3L, 'Northern', 'test003'), (3L, 5L, 'Northern', 'test003'), (4L, 4L, 'Southern', 'test004'), (4L, 7L, 'Southern', 'test004')]]
===file:syntax/insert_on_duplicate_key.sql, id:137, sql:[INSERT INTO test_no_shard VALUES(1,9, 'Eastern','test001') ON DUPLICATE KEY UPDATE R_REGIONKEY=default]===
dble:[[]]
===file:syntax/insert_on_duplicate_key.sql, id:138, sql:[SELECT * FROM test_no_shard]===
dble:[[(1L, 1L, 'test', 'test001'), (1L, 10L, 'Eastern', 'test001'), (1L, 20L, 'Eastern', 'test001'), (2L, 2L, 'Western', 'test002'), (2L, 6L, 'Western', 'test002'), (3L, 3L, 'Northern', 'test003'), (3L, 5L, 'Northern', 'test003'), (4L, 4L, 'Southern', 'test004'), (4L, 7L, 'Southern', 'test004')]]
===file:syntax/insert_on_duplicate_key.sql, id:140, sql:[DELETE FROM test_no_shard]===
dble:[[]]
===file:syntax/insert_on_duplicate_key.sql, id:141, sql:[INSERT INTO test_no_shard VALUES(1,1, 'Eastern','test001'),(3,3, 'Northern','test003'),(2,2, 'Western','test002'),(4,4, 'Southern','test004') ON DUPLICATE KEY UPDATE R_NAME='test',R_COMMENT='test']===
dble:[[]]
===file:syntax/insert_on_duplicate_key.sql, id:142, sql:[SELECT * FROM test_no_shard]===
dble:[[(1L, 1L, 'Eastern', 'test001'), (2L, 2L, 'Western', 'test002'), (3L, 3L, 'Northern', 'test003'), (4L, 4L, 'Southern', 'test004')]]
===file:syntax/insert_on_duplicate_key.sql, id:143, sql:[INSERT INTO test_no_shard VALUES(1,1, 'Eastern','test001'),(3,3, 'Northern','test003'),(2,2, 'Western','test002'),(4,4, 'Southern','test004') ON DUPLICATE KEY UPDATE R_NAME='test',R_COMMENT='test']===
dble:[[]]
===file:syntax/insert_on_duplicate_key.sql, id:144, sql:[SELECT * FROM test_no_shard]===
dble:[[(1L, 1L, 'test', 'test'), (2L, 2L, 'test', 'test'), (3L, 3L, 'test', 'test'), (4L, 4L, 'test', 'test')]]
===file:syntax/insert_on_duplicate_key.sql, id:145, sql:[INSERT INTO test_no_shard VALUES(1,4, 'Eastern','test001') ON DUPLICATE KEY UPDATE R_REGIONKEY=R_REGIONKEY+1,R_COMMENT='test']===
dble:[[]]
===file:syntax/insert_on_duplicate_key.sql, id:146, sql:[SELECT * FROM test_no_shard]===
dble:[[(1L, 1L, 'test', 'test'), (2L, 2L, 'test', 'test'), (3L, 3L, 'test', 'test'), (4L, 5L, 'test', 'test')]]
===file:syntax/insert_on_duplicate_key.sql, id:147, sql:[INSERT INTO test_no_shard VALUES(1,8, 'Eastern','test001') ON DUPLICATE KEY UPDATE R_NAME='test',R_COMMENT='test']===
dble:[[]]
===file:syntax/insert_on_duplicate_key.sql, id:148, sql:[SELECT * FROM test_no_shard]===
dble:[[(1L, 1L, 'test', 'test'), (1L, 8L, 'Eastern', 'test001'), (2L, 2L, 'test', 'test'), (3L, 3L, 'test', 'test'), (4L, 5L, 'test', 'test')]]
===file:syntax/insert_on_duplicate_key.sql, id:149, sql:[INSERT INTO test_no_shard VALUES(1,8, 'Eastern','test001') ON DUPLICATE KEY UPDATE R_REGIONKEY=R_REGIONKEY+1,R_COMMENT='test']===
dble:[[]]
===file:syntax/insert_on_duplicate_key.sql, id:150, sql:[SELECT * FROM test_no_shard]===
dble:[[(1L, 1L, 'test', 'test'), (1L, 9L, 'Eastern', 'test'), (2L, 2L, 'test', 'test'), (3L, 3L, 'test', 'test'), (4L, 5L, 'test', 'test')]]
===file:syntax/insert_on_duplicate_key.sql, id:151, sql:[INSERT INTO test_no_shard VALUES(1,8, 'Eastern','test001') ON DUPLICATE KEY UPDATE R_REGIONKEY=R_REGIONKEY+1,R_COMMENT='test']===
dble:[[]]
===file:syntax/insert_on_duplicate_key.sql, id:152, sql:[SELECT * FROM test_no_shard]===
dble:[[(1L, 1L, 'test', 'test'), (1L, 8L, 'Eastern', 'test001'), (1L, 9L, 'Eastern', 'test'), (2L, 2L, 'test', 'test'), (3L, 3L, 'test', 'test'), (4L, 5L, 'test', 'test')]]
===file:syntax/insert_on_duplicate_key.sql, id:153, sql:[INSERT INTO test_no_shard VALUES(1,8, 'Eastern','test001') ON DUPLICATE KEY UPDATE R_REGIONKEY=default(R_REGIONKEY)+10,R_COMMENT='test']===
dble:[[]]
===file:syntax/insert_on_duplicate_key.sql, id:154, sql:[SELECT * FROM test_no_shard]===
dble:[[(1L, 1L, 'test', 'test'), (1L, 9L, 'Eastern', 'test'), (1L, 20L, 'Eastern', 'test'), (2L, 2L, 'test', 'test'), (3L, 3L, 'test', 'test'), (4L, 5L, 'test', 'test')]]
===file:syntax/insert_on_duplicate_key.sql, id:155, sql:[INSERT INTO test_no_shard VALUES(1,9, 'Eastern','test001') ON DUPLICATE KEY UPDATE R_REGIONKEY=default,R_COMMENT='test']===
dble:[[]]
===file:syntax/insert_on_duplicate_key.sql, id:156, sql:[SELECT * FROM test_no_shard]===
dble:[[(1L, 1L, 'test', 'test'), (1L, 10L, 'Eastern', 'test'), (1L, 20L, 'Eastern', 'test'), (2L, 2L, 'test', 'test'), (3L, 3L, 'test', 'test'), (4L, 5L, 'test', 'test')]]
===file:syntax/insert_on_duplicate_key.sql, id:158, sql:[DELETE FROM test_no_shard]===
dble:[[]]
===file:syntax/insert_on_duplicate_key.sql, id:159, sql:[INSERT INTO test_no_shard VALUES(1,8, 'Eastern','test001') ON DUPLICATE KEY UPDATE R_REGIONKEY=R_REGIONKEY+1,R_COMMENT='test']===
dble:[[]]
===file:syntax/insert_on_duplicate_key.sql, id:160, sql:[INSERT INTO test_no_shard VALUES(1,8, 'Eastern','test001') ON DUPLICATE KEY UPDATE R_REGIONKEY=R_REGIONKEY+1,R_COMMENT='test']===
dble:[[]]
===file:syntax/insert_on_duplicate_key.sql, id:161, sql:[INSERT INTO test_no_shard VALUES(1,8, 'Eastern','test001') ON DUPLICATE KEY UPDATE R_REGIONKEY=R_REGIONKEY+1,R_COMMENT='test']===
dble:[[]]
===file:syntax/insert_on_duplicate_key.sql, id:162, sql:[insert ignore into test_no_shard VALUES(1,8, 'Eastern','test001') ON DUPLICATE KEY UPDATE R_REGIONKEY=R_REGIONKEY+1,R_COMMENT='test']===
dble:[[]]
===file:syntax/insert_on_duplicate_key.sql, id:163, sql:[SELECT * FROM test_no_shard]===
dble:[[(1L, 8L, 'Eastern', 'test001'), (1L, 9L, 'Eastern', 'test')]]
===file:syntax/insert_on_duplicate_key.sql, id:165, sql:[DELETE FROM test_no_shard]===
dble:[[]]
===file:syntax/insert_on_duplicate_key.sql, id:166, sql:[INSERT INTO test_no_shard set id=1,R_REGIONKEY=default,R_NAME='test',R_COMMENT='test' ON DUPLICATE KEY UPDATE R_NAME='new',R_COMMENT='new']===
dble:[[]]
===file:syntax/insert_on_duplicate_key.sql, id:167, sql:[SELECT * FROM test_no_shard]===
dble:[[(1L, 10L, 'test', 'test')]]
===file:syntax/insert_on_duplicate_key.sql, id:168, sql:[INSERT INTO test_no_shard set id=1,R_REGIONKEY=default,R_NAME='test',R_COMMENT='test' ON DUPLICATE KEY UPDATE R_NAME='new',R_COMMENT='new']===
dble:[[]]
===file:syntax/insert_on_duplicate_key.sql, id:169, sql:[SELECT * FROM test_no_shard]===
dble:[[(1L, 10L, 'new', 'new')]]
===file:syntax/insert_on_duplicate_key.sql, id:171, sql:[DELETE FROM test_no_shard]===
dble:[[]]
===file:syntax/insert_on_duplicate_key.sql, id:172, sql:[INSERT INTO test_no_shard set id=1,R_REGIONKEY=default,R_NAME='test',R_COMMENT='test' ON DUPLICATE KEY UPDATE R_REGIONKEY=R_REGIONKEY+1,R_COMMENT='new']===
dble:[[]]
===file:syntax/insert_on_duplicate_key.sql, id:173, sql:[SELECT * FROM test_no_shard]===
dble:[[(1L, 10L, 'test', 'test')]]
===file:syntax/insert_on_duplicate_key.sql, id:174, sql:[INSERT INTO test_no_shard set id=1,R_REGIONKEY=default,R_NAME='test',R_COMMENT='test' ON DUPLICATE KEY UPDATE R_REGIONKEY=R_REGIONKEY+1,R_COMMENT='new']===
dble:[[]]
===file:syntax/insert_on_duplicate_key.sql, id:175, sql:[SELECT * FROM test_no_shard]===
dble:[[(1L, 11L, 'test', 'new')]]
===file:syntax/insert_on_duplicate_key.sql, id:176, sql:[INSERT INTO test_no_shard set id=1,R_REGIONKEY=default,R_NAME='test',R_COMMENT='test' ON DUPLICATE KEY UPDATE R_REGIONKEY=R_REGIONKEY+1,R_COMMENT='new']===
dble:[[]]
===file:syntax/insert_on_duplicate_key.sql, id:177, sql:[SELECT * FROM test_no_shard]===
dble:[[(1L, 10L, 'test', 'test'), (1L, 11L, 'test', 'new')]]
===file:syntax/insert_on_duplicate_key.sql, id:178, sql:[insert ignore into test_no_shard set id=1,R_REGIONKEY=default,R_NAME='test',R_COMMENT='test' ON DUPLICATE KEY UPDATE R_REGIONKEY=R_REGIONKEY+1,R_COMMENT='new']===
dble:[[]]
===file:syntax/insert_on_duplicate_key.sql, id:179, sql:[SELECT * FROM test_no_shard]===
dble:[[(1L, 10L, 'test', 'test'), (1L, 11L, 'test', 'new')]]
===file:syntax/insert_on_duplicate_key.sql, id:180, sql:[DROP TABLE if exists test_no_shard]===
dble:[[]]
