===file:syntax/insert_syntax.sql, id:2, sql:[DROP TABLE IF EXISTS aly_test]===
dble:[[]]
===file:syntax/insert_syntax.sql, id:3, sql:[CREATE TABLE aly_test (id INT, data VARCHAR(50))]===
dble:[[]]
===file:syntax/insert_syntax.sql, id:8, sql:[INSERT LOW_PRIORITY INTO aly_test (id,data) value (6,'e')]===
dble:[[]]
===file:syntax/insert_syntax.sql, id:9, sql:[INSERT DELAYED INTO aly_test (id,data) value (7,'f')]===
dble:[[]]
===file:syntax/insert_syntax.sql, id:10, sql:[INSERT HIGH_PRIORITY INTO aly_test (id,data) value (8,'g')]===
dble:[[]]
===file:syntax/insert_syntax.sql, id:11, sql:[INSERT IGNORE INTO aly_test (id,data) value (9,'h')]===
dble:[[]]
===file:syntax/insert_syntax.sql, id:12, sql:[INSERT LOW_PRIORITY INTO aly_test SET id=1,data='a']===
dble:[[]]
===file:syntax/insert_syntax.sql, id:13, sql:[INSERT DELAYED INTO aly_test SET id=2,data='aa']===
dble:[[]]
===file:syntax/insert_syntax.sql, id:14, sql:[INSERT HIGH_PRIORITY INTO aly_test SET id=3,data='aaa']===
dble:[[]]
===file:syntax/insert_syntax.sql, id:15, sql:[INSERT IGNORE INTO aly_test SET id=4,data='aaaaa']===
dble:[[]]
===file:syntax/insert_syntax.sql, id:16, sql:[SELECT * FROM aly_test]===
dble:[[(1L, 'a'), (2L, 'aa'), (3L, 'aaa'), (4L, 'aaaaa'), (6L, 'e'), (7L, 'f'), (8L, 'g'), (9L, 'h')]]
===file:syntax/insert_syntax.sql, id:19, sql:[INSERT INTO aly_test (id,data) VALUE (1,'a')]===
dble:[[]]
===file:syntax/insert_syntax.sql, id:20, sql:[INSERT INTO aly_test (id,data) VALUES (2,'b')]===
dble:[[]]
===file:syntax/insert_syntax.sql, id:21, sql:[INSERT INTO aly_test (id,data) VALUES (3,'a'),(4,'b'),(5,'c')]===
dble:[[]]
===file:syntax/insert_syntax.sql, id:22, sql:[INSERT aly_test (id,data) VALUES (6,'a'),(7,'b')]===
dble:[[]]
===file:syntax/insert_syntax.sql, id:23, sql:[INSERT aly_test VALUES (8,'c'),(9,'d')]===
dble:[[]]
===file:syntax/insert_syntax.sql, id:24, sql:[SELECT * FROM aly_test]===
dble:[[(1L, 'a'), (1L, 'a'), (2L, 'aa'), (2L, 'b'), (3L, 'a'), (3L, 'aaa'), (4L, 'aaaaa'), (4L, 'b'), (5L, 'c'), (6L, 'a'), (6L, 'e'), (7L, 'b'), (7L, 'f'), (8L, 'c'), (8L, 'g'), (9L, 'd'), (9L, 'h')]]
===file:syntax/insert_syntax.sql, id:28, sql:[DROP TABLE IF EXISTS aly_test]===
dble:[[]]
===file:syntax/insert_syntax.sql, id:29, sql:[CREATE TABLE aly_test (id INT NOT NULL, data INT)]===
dble:[[]]
===file:syntax/insert_syntax.sql, id:30, sql:[INSERT INTO aly_test (id,data) VALUES (1,id*id),(2,id*id)]===
dble:[[]]
===file:syntax/insert_syntax.sql, id:32, sql:[INSERT INTO aly_test (id) VALUES (3),(4)]===
dble:[[]]
===file:syntax/insert_syntax.sql, id:33, sql:[SELECT * FROM aly_test]===
dble:[[(1L, 1L), (2L, 4L), (3L, None), (4L, None)]]
===file:syntax/insert_syntax.sql, id:34, sql:[DROP TABLE IF EXISTS aly_test]===
dble:[[]]
===file:syntax/insert_syntax.sql, id:35, sql:[CREATE TABLE aly_test (id INT NOT NULL default 1, data VARCHAR(10) default 'test')]===
dble:[[]]
===file:syntax/insert_syntax.sql, id:36, sql:[INSERT INTO aly_test (id,data) VALUES (1,'aaa'),(2,'bbb')]===
dble:[[]]
===file:syntax/insert_syntax.sql, id:37, sql:[INSERT INTO aly_test (id) VALUES (3),(4)]===
dble:[[]]
===file:syntax/insert_syntax.sql, id:39, sql:[SELECT * FROM aly_test]===
dble:[[(1L, 'aaa'), (2L, 'bbb'), (3L, 'test'), (4L, 'test')]]
===file:syntax/insert_syntax.sql, id:40, sql:[DROP TABLE IF EXISTS aly_test]===
dble:[[]]
===file:syntax/insert_syntax.sql, id:41, sql:[CREATE TABLE aly_test (id INT NOT NULL PRIMARY KEY, data VARCHAR(10))]===
dble:[[]]
===file:syntax/insert_syntax.sql, id:42, sql:[INSERT INTO aly_test (id,data) VALUES (1,'aaa'),(2,'bbb')]===
dble:[[]]
===file:syntax/insert_syntax.sql, id:43, sql:[INSERT INTO aly_test VALUES (3,'aaa')]===
dble:[[]]
===file:syntax/insert_syntax.sql, id:44, sql:[SELECT * FROM aly_test]===
dble:[[(1L, 'aaa'), (2L, 'bbb'), (3L, 'aaa')]]
===file:syntax/insert_syntax.sql, id:45, sql:[DROP TABLE IF EXISTS aly_test]===
dble:[[]]
===file:syntax/insert_syntax.sql, id:46, sql:[CREATE TABLE aly_test (id INT NOT NULL, data VARCHAR(10) default 'test')]===
dble:[[]]
===file:syntax/insert_syntax.sql, id:47, sql:[INSERT INTO aly_test (id,data) VALUES (1,'aaa'),(2,'bbb')]===
dble:[[]]
===file:syntax/insert_syntax.sql, id:48, sql:[INSERT INTO aly_test (id) VALUES (3),(4)]===
dble:[[]]
===file:syntax/insert_syntax.sql, id:49, sql:[SELECT * FROM aly_test]===
dble:[[(1L, 'aaa'), (2L, 'bbb'), (3L, 'test'), (4L, 'test')]]
===file:syntax/insert_syntax.sql, id:52, sql:[DROP TABLE IF EXISTS aly_test]===
dble:[[]]
===file:syntax/insert_syntax.sql, id:53, sql:[CREATE TABLE aly_test(id INT,data VARCHAR(10))]===
dble:[[]]
===file:syntax/insert_syntax.sql, id:54, sql:[INSERT INTO aly_test VALUE (1,'aaa'),(2,'bbb'),(3,'ccc'),(4,'dddd')]===
dble:[[]]
===file:syntax/insert_syntax.sql, id:55, sql:[SELECT * FROM aly_test]===
dble:[[(1L, 'aaa'), (2L, 'bbb'), (3L, 'ccc'), (4L, 'dddd')]]
===file:syntax/insert_syntax.sql, id:56, sql:[INSERT INTO aly_test VALUES (5,'eee'),(6,'fff')]===
dble:[[]]
===file:syntax/insert_syntax.sql, id:57, sql:[SELECT * FROM aly_test]===
dble:[[(1L, 'aaa'), (2L, 'bbb'), (3L, 'ccc'), (4L, 'dddd'), (5L, 'eee'), (6L, 'fff')]]
===file:syntax/insert_syntax.sql, id:58, sql:[ALTER TABLE aly_test add column name1 VARCHAR(20)]===
dble:[[]]
===file:syntax/insert_syntax.sql, id:59, sql:[INSERT INTO aly_test VALUES (4,'ddd','aaa')]===
dble:[[]]
===file:syntax/insert_syntax.sql, id:60, sql:[SELECT * FROM aly_test]===
dble:[[(1L, 'aaa', None), (2L, 'bbb', None), (3L, 'ccc', None), (4L, 'ddd', 'aaa'), (4L, 'dddd', None), (5L, 'eee', None), (6L, 'fff', None)]]
===file:syntax/insert_syntax.sql, id:61, sql:[DELETE FROM aly_test]===
dble:[[]]
===file:syntax/insert_syntax.sql, id:62, sql:[ALTER TABLE aly_test DROP column name1]===
dble:[[]]
===file:syntax/insert_syntax.sql, id:63, sql:[INSERT INTO aly_test VALUES (5,'fff')]===
dble:[[]]
===file:syntax/insert_syntax.sql, id:64, sql:[SELECT * FROM aly_test]===
dble:[[(5L, 'fff')]]
===file:syntax/insert_syntax.sql, id:65, sql:[DELETE FROM aly_test]===
dble:[[]]
===file:syntax/insert_syntax.sql, id:66, sql:[ALTER TABLE aly_test add PRIMARY KEY (id)]===
dble:[[]]
===file:syntax/insert_syntax.sql, id:67, sql:[INSERT INTO aly_test VALUES (5,'fff')]===
dble:[[]]
===file:syntax/insert_syntax.sql, id:68, sql:[SELECT * FROM aly_test]===
dble:[[(5L, 'fff')]]
===file:syntax/insert_syntax.sql, id:69, sql:[DELETE FROM aly_test]===
dble:[[]]
===file:syntax/insert_syntax.sql, id:70, sql:[INSERT INTO aly_test VALUES (6,'ggg')]===
dble:[[]]
===file:syntax/insert_syntax.sql, id:71, sql:[SELECT * FROM aly_test]===
dble:[[(6L, 'ggg')]]
===file:syntax/insert_syntax.sql, id:76, sql:[DROP TABLE IF EXISTS aly_test]===
dble:[[]]
===file:syntax/insert_syntax.sql, id:77, sql:[CREATE TABLE aly_test (id INT NOT NULL PRIMARY KEY,number INT, name VARCHAR(10))]===
dble:[[]]
===file:syntax/insert_syntax.sql, id:78, sql:[INSERT INTO aly_test VALUES (1,1,'aaa'),(2,2,'bbb'),(3,3,'ccc')]===
dble:[[]]
===file:syntax/insert_syntax.sql, id:79, sql:[INSERT INTO aly_test VALUES (5,5,'eee') ON DUPLICATE KEY UPDATE name='fff']===
dble:[[]]
===file:syntax/insert_syntax.sql, id:80, sql:[SELECT * FROM aly_test]===
dble:[[(1L, 1L, 'aaa'), (2L, 2L, 'bbb'), (3L, 3L, 'ccc'), (5L, 5L, 'eee')]]
===file:syntax/insert_syntax.sql, id:81, sql:[INSERT INTO aly_test VALUES (5,5,'eee') ON DUPLICATE KEY UPDATE name='fff']===
dble:[[]]
===file:syntax/insert_syntax.sql, id:82, sql:[SELECT * FROM aly_test]===
dble:[[(1L, 1L, 'aaa'), (2L, 2L, 'bbb'), (3L, 3L, 'ccc'), (5L, 5L, 'fff')]]
===file:syntax/insert_syntax.sql, id:84, sql:[INSERT INTO aly_test VALUES (6,6,'aaa') ON DUPLICATE KEY UPDATE number=number*2,name='AAAA1']===
dble:[[]]
===file:syntax/insert_syntax.sql, id:85, sql:[SELECT * FROM aly_test]===
dble:[[(1L, 1L, 'aaa'), (2L, 2L, 'bbb'), (3L, 3L, 'ccc'), (5L, 5L, 'fff'), (6L, 6L, 'aaa')]]
===file:syntax/insert_syntax.sql, id:86, sql:[INSERT INTO aly_test VALUES (6,7,'aaa') ON DUPLICATE KEY UPDATE number=number*2,name='AAAA2']===
dble:[[]]
===file:syntax/insert_syntax.sql, id:87, sql:[SELECT * FROM aly_test]===
dble:[[(1L, 1L, 'aaa'), (2L, 2L, 'bbb'), (3L, 3L, 'ccc'), (5L, 5L, 'fff'), (6L, 12L, 'AAAA2')]]
===file:syntax/insert_syntax.sql, id:88, sql:[INSERT INTO aly_test VALUES (7,6,'aaa') ON DUPLICATE KEY UPDATE number=number*2,name='AAAA3']===
dble:[[]]
===file:syntax/insert_syntax.sql, id:89, sql:[SELECT * FROM aly_test]===
dble:[[(1L, 1L, 'aaa'), (2L, 2L, 'bbb'), (3L, 3L, 'ccc'), (5L, 5L, 'fff'), (6L, 12L, 'AAAA2'), (7L, 6L, 'aaa')]]
===file:syntax/insert_syntax.sql, id:90, sql:[INSERT INTO aly_test VALUES (6,6,'AAA') ON DUPLICATE KEY UPDATE number=number*2,name='AAAA4']===
dble:[[]]
===file:syntax/insert_syntax.sql, id:91, sql:[SELECT * FROM aly_test]===
dble:[[(1L, 1L, 'aaa'), (2L, 2L, 'bbb'), (3L, 3L, 'ccc'), (5L, 5L, 'fff'), (6L, 24L, 'AAAA4'), (7L, 6L, 'aaa')]]
===file:syntax/insert_syntax.sql, id:94, sql:[DROP TABLE IF EXISTS aly_test]===
dble:[[]]
===file:syntax/insert_syntax.sql, id:95, sql:[CREATE TABLE aly_test (id INT(11) PRIMARY KEY,R_REGIONKEY INT(11),R_NAME VARCHAR(50),R_COMMENT VARCHAR(50))]===
dble:[[]]
===file:syntax/insert_syntax.sql, id:96, sql:[INSERT aly_test SET id = 1,R_REGIONKEY=1,R_NAME='aaa',R_COMMENT='AAA']===
dble:[[]]
===file:syntax/insert_syntax.sql, id:97, sql:[INSERT INTO aly_test SET id = 2,R_REGIONKEY=2,R_NAME='bbb',R_COMMENT='BBB']===
dble:[[]]
===file:syntax/insert_syntax.sql, id:98, sql:[SELECT * FROM aly_test]===
dble:[[(1L, 1L, 'aaa', 'AAA'), (2L, 2L, 'bbb', 'BBB')]]
===file:syntax/insert_syntax.sql, id:102, sql:[DROP TABLE IF EXISTS aly_test]===
dble:[[]]
===file:syntax/insert_syntax.sql, id:103, sql:[CREATE TABLE aly_test (id INT(11) PRIMARY KEY,R_REGIONKEY INT(11),R_NAME VARCHAR(50) DEFAULT 'test',R_COMMENT VARCHAR(50))]===
dble:[[]]
===file:syntax/insert_syntax.sql, id:104, sql:[INSERT aly_test SET id = 1,R_REGIONKEY=1,R_COMMENT='AAA']===
dble:[[]]
===file:syntax/insert_syntax.sql, id:105, sql:[SELECT * FROM aly_test]===
dble:[[(1L, 1L, 'test', 'AAA')]]
===file:syntax/insert_syntax.sql, id:106, sql:[INSERT aly_test SET id = 2,R_REGIONKEY=2*3,R_NAME='bbb',R_COMMENT='BBB']===
dble:[[]]
===file:syntax/insert_syntax.sql, id:107, sql:[INSERT aly_test SET id = 3,R_REGIONKEY=3*3,R_COMMENT='BBB']===
dble:[[]]
===file:syntax/insert_syntax.sql, id:113, sql:[DROP TABLE IF EXISTS aly_test]===
dble:[[]]
===file:syntax/insert_syntax.sql, id:114, sql:[CREATE TABLE aly_test (id INT(11) PRIMARY KEY,R_REGIONKEY INT(11),R_NAME VARCHAR(50),R_COMMENT VARCHAR(50))]===
dble:[[]]
===file:syntax/insert_syntax.sql, id:115, sql:[INSERT aly_test SET id = 1,R_REGIONKEY=1,R_NAME='aaa',R_COMMENT='AAA']===
dble:[[]]
===file:syntax/insert_syntax.sql, id:116, sql:[SELECT * FROM aly_test]===
dble:[[(1L, 1L, 'aaa', 'AAA')]]
===file:syntax/insert_syntax.sql, id:117, sql:[INSERT INTO aly_test SET id=2,R_REGIONKEY=1*3,R_NAME='test',R_COMMENT='test' ON DUPLICATE KEY UPDATE R_REGIONKEY=R_REGIONKEY*2,R_NAME='chen']===
dble:[[]]
===file:syntax/insert_syntax.sql, id:118, sql:[SELECT * FROM aly_test]===
dble:[[(1L, 1L, 'aaa', 'AAA'), (2L, 3L, 'test', 'test')]]
===file:syntax/insert_syntax.sql, id:119, sql:[INSERT INTO aly_test SET id=2,R_REGIONKEY=1*3,R_NAME='test',R_COMMENT='test' ON DUPLICATE KEY UPDATE R_REGIONKEY=R_REGIONKEY*2,R_NAME='chen']===
dble:[[]]
===file:syntax/insert_syntax.sql, id:120, sql:[SELECT * FROM aly_test]===
dble:[[(1L, 1L, 'aaa', 'AAA'), (2L, 6L, 'chen', 'test')]]
===file:syntax/insert_syntax.sql, id:121, sql:[DROP TABLE IF EXISTS aly_test]===
dble:[[]]
===file:syntax/insert_syntax.sql, id:125, sql:[DROP TABLE IF EXISTS global_table1]===
dble:[[]]
===file:syntax/insert_syntax.sql, id:126, sql:[CREATE TABLE global_table1 (id INT, data VARCHAR(50))]===
dble:[[]]
===file:syntax/insert_syntax.sql, id:127, sql:[INSERT INTO global_table1 (id,data) value (1,'a')]===
dble:[[]]
===file:syntax/insert_syntax.sql, id:128, sql:[INSERT INTO global_table1 (id,data) VALUES (2,'b')]===
dble:[[]]
===file:syntax/insert_syntax.sql, id:129, sql:[INSERT INTO global_table1 (id,data) VALUES (7,null)]===
dble:[[]]
===file:syntax/insert_syntax.sql, id:130, sql:[INSERT INTO global_table1 (id,data) VALUES (3,'a'),(4,'b'),(5,'c')]===
dble:[[]]
===file:syntax/insert_syntax.sql, id:131, sql:[INSERT INTO global_table1 (id,data) VALUES (10,concat(2,' test'))]===
dble:[[]]
===file:syntax/insert_syntax.sql, id:132, sql:[INSERT INTO global_table1 (id,data) VALUES (abs(-1),concat(2,'text'))]===
dble:[[]]
===file:syntax/insert_syntax.sql, id:133, sql:[INSERT LOW_PRIORITY INTO global_table1 (id,data) value (6,'e')]===
dble:[[]]
===file:syntax/insert_syntax.sql, id:134, sql:[INSERT DELAYED INTO global_table1 (id,data) value (7,'f')]===
dble:[[]]
===file:syntax/insert_syntax.sql, id:135, sql:[INSERT HIGH_PRIORITY INTO global_table1 (id,data) value (8,'g')]===
dble:[[]]
===file:syntax/insert_syntax.sql, id:136, sql:[INSERT IGNORE INTO global_table1 (id,data) value (9,'h')]===
dble:[[]]
===file:syntax/insert_syntax.sql, id:137, sql:[SELECT id,data FROM global_table1]===
dble:[[(1L, '2text'), (1L, 'a'), (2L, 'b'), (3L, 'a'), (4L, 'b'), (5L, 'c'), (6L, 'e'), (7L, None), (7L, 'f'), (8L, 'g'), (9L, 'h'), (10L, '2 test')]]
===file:syntax/insert_syntax.sql, id:138, sql:[DROP TABLE IF EXISTS global_table1]===
dble:[[]]
===file:syntax/insert_syntax.sql, id:139, sql:[CREATE TABLE global_table1 (id INT NOT NULL, name VARCHAR(10))]===
dble:[[]]
===file:syntax/insert_syntax.sql, id:140, sql:[INSERT INTO global_table1 VALUES (1,'aaa')]===
dble:[[]]
===file:syntax/insert_syntax.sql, id:141, sql:[INSERT INTO global_table1 VALUES (abs(-1),concat(2,'text'))]===
dble:[[]]
===file:syntax/insert_syntax.sql, id:142, sql:[INSERT INTO global_table1 VALUES (2,'bbb'),(3,'ccc'),(4,'ddd')]===
dble:[[]]
===file:syntax/insert_syntax.sql, id:143, sql:[INSERT INTO global_table1 VALUES (5,'eee') ON DUPLICATE KEY UPDATE name='fff']===
dble:[[]]
===file:syntax/insert_syntax.sql, id:144, sql:[INSERT INTO global_table1 VALUES (5,'eee') ON DUPLICATE KEY UPDATE id=6]===
dble:[[]]
===file:syntax/insert_syntax.sql, id:145, sql:[SELECT id,name FROM global_table1]===
dble:[[(1L, '2text'), (1L, 'aaa'), (2L, 'bbb'), (3L, 'ccc'), (4L, 'ddd'), (5L, 'eee'), (5L, 'eee')]]
===file:syntax/insert_syntax.sql, id:146, sql:[INSERT INTO global_table1 VALUES (6,'eee') ON DUPLICATE KEY UPDATE name='fff']===
dble:[[]]
===file:syntax/insert_syntax.sql, id:147, sql:[SELECT id,name FROM global_table1]===
dble:[[(1L, '2text'), (1L, 'aaa'), (2L, 'bbb'), (3L, 'ccc'), (4L, 'ddd'), (5L, 'eee'), (5L, 'eee'), (6L, 'eee')]]
===file:syntax/insert_syntax.sql, id:148, sql:[DELETE FROM global_table1]===
dble:[[]]
===file:syntax/insert_syntax.sql, id:149, sql:[ALTER TABLE global_table1 add column name1 VARCHAR(20)]===
dble:[[]]
===file:syntax/insert_syntax.sql, id:150, sql:[INSERT INTO global_table1 VALUES (4,'ddd','aaa')]===
dble:[[]]
===file:syntax/insert_syntax.sql, id:151, sql:[SELECT id,name FROM global_table1]===
dble:[[(4L, 'ddd')]]
===file:syntax/insert_syntax.sql, id:152, sql:[DELETE FROM global_table1]===
dble:[[]]
===file:syntax/insert_syntax.sql, id:153, sql:[ALTER TABLE global_table1 DROP column name1]===
dble:[[]]
===file:syntax/insert_syntax.sql, id:154, sql:[INSERT INTO global_table1 VALUES (5,'fff')]===
dble:[[]]
===file:syntax/insert_syntax.sql, id:155, sql:[SELECT id,name FROM global_table1]===
dble:[[(5L, 'fff')]]
===file:syntax/insert_syntax.sql, id:156, sql:[DELETE FROM global_table1]===
dble:[[]]
===file:syntax/insert_syntax.sql, id:157, sql:[ALTER TABLE global_table1 add PRIMARY KEY (id)]===
dble:[[]]
===file:syntax/insert_syntax.sql, id:158, sql:[INSERT INTO global_table1 VALUES (5,'fff')]===
dble:[[]]
===file:syntax/insert_syntax.sql, id:159, sql:[SELECT id,name FROM global_table1]===
dble:[[(5L, 'fff')]]
===file:syntax/insert_syntax.sql, id:160, sql:[DELETE FROM global_table1]===
dble:[[]]
===file:syntax/insert_syntax.sql, id:161, sql:[INSERT INTO global_table1 VALUES (6,'ggg')]===
dble:[[]]
===file:syntax/insert_syntax.sql, id:162, sql:[SELECT id,name FROM global_table1]===
dble:[[(6L, 'ggg')]]
===file:syntax/insert_syntax.sql, id:163, sql:[DROP TABLE global_table1]===
dble:[[]]
===file:syntax/insert_syntax.sql, id:164, sql:[CREATE TABLE global_table1 (id INT(11),R_REGIONKEY INT(11) PRIMARY KEY,R_NAME VARCHAR(50),R_COMMENT VARCHAR(50))]===
dble:[[]]
===file:syntax/insert_syntax.sql, id:165, sql:[INSERT LOW_PRIORITY global_table1 SET id=1,R_REGIONKEY=1,R_NAME='test',R_COMMENT='test']===
dble:[[]]
===file:syntax/insert_syntax.sql, id:166, sql:[INSERT DELAYED global_table1 SET id=1,R_REGIONKEY=2,R_NAME='test',R_COMMENT='test']===
dble:[[]]
===file:syntax/insert_syntax.sql, id:167, sql:[INSERT HIGH_PRIORITY global_table1 SET id=1,R_REGIONKEY=3,R_NAME='test',R_COMMENT='test']===
dble:[[]]
===file:syntax/insert_syntax.sql, id:168, sql:[INSERT IGNORE global_table1 SET id=1,R_REGIONKEY=4,R_NAME='test',R_COMMENT='test']===
dble:[[]]
===file:syntax/insert_syntax.sql, id:169, sql:[INSERT global_table1 SET id=1,R_REGIONKEY=5,R_NAME='test',R_COMMENT='test']===
dble:[[]]
===file:syntax/insert_syntax.sql, id:170, sql:[SELECT id,R_REGIONKEY,R_NAME,R_COMMENT FROM global_table1]===
dble:[[(1L, 1L, 'test', 'test'), (1L, 2L, 'test', 'test'), (1L, 3L, 'test', 'test'), (1L, 4L, 'test', 'test'), (1L, 5L, 'test', 'test')]]
===file:syntax/insert_syntax.sql, id:171, sql:[DROP TABLE IF EXISTS global_table1]===
dble:[[]]
===file:syntax/insert_syntax.sql, id:172, sql:[CREATE TABLE global_table1 (id INT(11),R_REGIONKEY INT(11) PRIMARY KEY,R_NAME VARCHAR(50),R_COMMENT VARCHAR(50))]===
dble:[[]]
===file:syntax/insert_syntax.sql, id:173, sql:[INSERT INTO global_table1 SET id=2,R_REGIONKEY=1*3,R_NAME='test',R_COMMENT='test' ON DUPLICATE KEY UPDATE R_REGIONKEY=R_REGIONKEY*2,R_NAME='chen']===
dble:[[]]
===file:syntax/insert_syntax.sql, id:174, sql:[SELECT id,R_REGIONKEY,R_NAME,R_COMMENT FROM global_table1]===
dble:[[(2L, 3L, 'test', 'test')]]
===file:syntax/insert_syntax.sql, id:175, sql:[INSERT INTO global_table1 SET id=2,R_REGIONKEY=1*3,R_NAME='test',R_COMMENT='test' ON DUPLICATE KEY UPDATE R_REGIONKEY=R_REGIONKEY*2,R_NAME='chen']===
dble:[[]]
===file:syntax/insert_syntax.sql, id:176, sql:[SELECT id,R_REGIONKEY,R_NAME,R_COMMENT FROM global_table1]===
dble:[[(2L, 6L, 'chen', 'test')]]
===file:syntax/insert_syntax.sql, id:177, sql:[DROP TABLE IF EXISTS global_table1]===
dble:[[]]
===file:syntax/insert_syntax.sql, id:178, sql:[CREATE TABLE global_table1 (id INT(11),R_REGIONKEY INT(11) PRIMARY KEY,R_NAME VARCHAR(50),R_COMMENT VARCHAR(50))]===
dble:[[]]
===file:syntax/insert_syntax.sql, id:179, sql:[INSERT DELAYED INTO global_table1 SET id=4,R_REGIONKEY=1*4,R_NAME='test',R_COMMENT='test' ON DUPLICATE KEY UPDATE R_REGIONKEY=R_REGIONKEY*5]===
dble:[[]]
===file:syntax/insert_syntax.sql, id:180, sql:[SELECT id,R_REGIONKEY,R_NAME,R_COMMENT FROM global_table1]===
dble:[[(4L, 4L, 'test', 'test')]]
===file:syntax/insert_syntax.sql, id:181, sql:[INSERT IGNORE INTO global_table1 SET id=4,R_REGIONKEY=1*4,R_NAME='test',R_COMMENT='test' ON DUPLICATE KEY UPDATE R_REGIONKEY=R_REGIONKEY*5]===
dble:[[]]
===file:syntax/insert_syntax.sql, id:182, sql:[SELECT id,R_REGIONKEY,R_NAME,R_COMMENT FROM global_table1]===
dble:[[(4L, 20L, 'test', 'test')]]
===file:syntax/insert_syntax.sql, id:183, sql:[DROP TABLE IF EXISTS global_table1]===
dble:[[]]
===file:syntax/insert_syntax.sql, id:184, sql:[CREATE TABLE global_table1 (id INT(11),R_REGIONKEY INT(11) PRIMARY KEY,R_NAME VARCHAR(50),R_COMMENT VARCHAR(50))]===
dble:[[]]
===file:syntax/insert_syntax.sql, id:185, sql:[INSERT INTO global_table1 SET id=2,R_REGIONKEY=2]===
dble:[[]]
===file:syntax/insert_syntax.sql, id:186, sql:[SELECT id,R_REGIONKEY,R_NAME,R_COMMENT FROM global_table1]===
dble:[[(2L, 2L, None, None)]]
===file:syntax/insert_syntax.sql, id:187, sql:[DROP TABLE IF EXISTS global_table1]===
dble:[[]]
===file:syntax/insert_syntax.sql, id:190, sql:[DROP TABLE IF EXISTS normal_table1]===
dble:[[]]
===file:syntax/insert_syntax.sql, id:191, sql:[CREATE TABLE normal_table1 (id INT, data VARCHAR(50))]===
dble:[[]]
===file:syntax/insert_syntax.sql, id:192, sql:[INSERT INTO normal_table1 (id,data) value (1,'a')]===
dble:[[]]
===file:syntax/insert_syntax.sql, id:193, sql:[INSERT INTO normal_table1 (id,data) VALUES (2,'b')]===
dble:[[]]
===file:syntax/insert_syntax.sql, id:194, sql:[INSERT INTO normal_table1 (id,data) VALUES (7,null)]===
dble:[[]]
===file:syntax/insert_syntax.sql, id:195, sql:[INSERT INTO normal_table1 (id,data) VALUES (3,'a'),(4,'b'),(5,'c')]===
dble:[[]]
===file:syntax/insert_syntax.sql, id:196, sql:[INSERT INTO normal_table1 (id,data) VALUES (10,concat(2,' test'))]===
dble:[[]]
===file:syntax/insert_syntax.sql, id:197, sql:[INSERT INTO normal_table1 (id,data) VALUES (abs(-1),concat(2,'text'))]===
dble:[[]]
===file:syntax/insert_syntax.sql, id:198, sql:[INSERT LOW_PRIORITY INTO normal_table1 (id,data) value (6,'e')]===
dble:[[]]
===file:syntax/insert_syntax.sql, id:199, sql:[INSERT DELAYED INTO normal_table1 (id,data) value (7,'f')]===
dble:[[]]
===file:syntax/insert_syntax.sql, id:200, sql:[INSERT HIGH_PRIORITY INTO normal_table1 (id,data) value (8,'g')]===
dble:[[]]
===file:syntax/insert_syntax.sql, id:201, sql:[INSERT IGNORE INTO normal_table1 (id,data) value (9,'h')]===
dble:[[]]
===file:syntax/insert_syntax.sql, id:202, sql:[SELECT id,data FROM normal_table1]===
dble:[[(1L, '2text'), (1L, 'a'), (2L, 'b'), (3L, 'a'), (4L, 'b'), (5L, 'c'), (6L, 'e'), (7L, None), (7L, 'f'), (8L, 'g'), (9L, 'h'), (10L, '2 test')]]
===file:syntax/insert_syntax.sql, id:203, sql:[DROP TABLE IF EXISTS normal_table1]===
dble:[[]]
===file:syntax/insert_syntax.sql, id:204, sql:[CREATE TABLE normal_table1 (id INT NOT NULL, name VARCHAR(10))]===
dble:[[]]
===file:syntax/insert_syntax.sql, id:205, sql:[INSERT INTO normal_table1 VALUES (1,'aaa')]===
dble:[[]]
===file:syntax/insert_syntax.sql, id:206, sql:[INSERT INTO normal_table1 VALUES (abs(-1),concat(2,'text'))]===
dble:[[]]
===file:syntax/insert_syntax.sql, id:207, sql:[INSERT INTO normal_table1 VALUES (2,'bbb'),(3,'ccc'),(4,'ddd')]===
dble:[[]]
===file:syntax/insert_syntax.sql, id:208, sql:[INSERT INTO normal_table1 VALUES (5,'eee') ON DUPLICATE KEY UPDATE name='fff']===
dble:[[]]
===file:syntax/insert_syntax.sql, id:209, sql:[INSERT INTO normal_table1 VALUES (5,'eee') ON DUPLICATE KEY UPDATE id=6]===
dble:[[]]
===file:syntax/insert_syntax.sql, id:210, sql:[SELECT id,name FROM normal_table1]===
dble:[[(1L, '2text'), (1L, 'aaa'), (2L, 'bbb'), (3L, 'ccc'), (4L, 'ddd'), (5L, 'eee'), (5L, 'eee')]]
===file:syntax/insert_syntax.sql, id:211, sql:[INSERT INTO normal_table1 VALUES (6,'eee') ON DUPLICATE KEY UPDATE name='fff']===
dble:[[]]
===file:syntax/insert_syntax.sql, id:212, sql:[SELECT id,name FROM normal_table1]===
dble:[[(1L, '2text'), (1L, 'aaa'), (2L, 'bbb'), (3L, 'ccc'), (4L, 'ddd'), (5L, 'eee'), (5L, 'eee'), (6L, 'eee')]]
===file:syntax/insert_syntax.sql, id:213, sql:[DELETE FROM normal_table1]===
dble:[[]]
===file:syntax/insert_syntax.sql, id:214, sql:[ALTER TABLE normal_table1 add column name1 VARCHAR(20)]===
dble:[[]]
===file:syntax/insert_syntax.sql, id:215, sql:[INSERT INTO normal_table1 VALUES (4,'ddd','aaa')]===
dble:[[]]
===file:syntax/insert_syntax.sql, id:216, sql:[SELECT id,name FROM normal_table1]===
dble:[[(4L, 'ddd')]]
===file:syntax/insert_syntax.sql, id:217, sql:[DELETE FROM normal_table1]===
dble:[[]]
===file:syntax/insert_syntax.sql, id:218, sql:[ALTER TABLE normal_table1 DROP column name1]===
dble:[[]]
===file:syntax/insert_syntax.sql, id:219, sql:[INSERT INTO normal_table1 VALUES (5,'fff')]===
dble:[[]]
===file:syntax/insert_syntax.sql, id:220, sql:[SELECT id,name FROM normal_table1]===
dble:[[(5L, 'fff')]]
===file:syntax/insert_syntax.sql, id:221, sql:[DELETE FROM normal_table1]===
dble:[[]]
===file:syntax/insert_syntax.sql, id:222, sql:[ALTER TABLE normal_table1 add PRIMARY KEY (id)]===
dble:[[]]
===file:syntax/insert_syntax.sql, id:223, sql:[INSERT INTO normal_table1 VALUES (5,'fff')]===
dble:[[]]
===file:syntax/insert_syntax.sql, id:224, sql:[SELECT id,name FROM normal_table1]===
dble:[[(5L, 'fff')]]
===file:syntax/insert_syntax.sql, id:225, sql:[DELETE FROM normal_table1]===
dble:[[]]
===file:syntax/insert_syntax.sql, id:226, sql:[INSERT INTO normal_table1 VALUES (6,'ggg')]===
dble:[[]]
===file:syntax/insert_syntax.sql, id:227, sql:[SELECT id,name FROM normal_table1]===
dble:[[(6L, 'ggg')]]
===file:syntax/insert_syntax.sql, id:228, sql:[DROP TABLE normal_table1]===
dble:[[]]
===file:syntax/insert_syntax.sql, id:229, sql:[CREATE TABLE normal_table1 (id INT(11),R_REGIONKEY INT(11) PRIMARY KEY,R_NAME VARCHAR(50),R_COMMENT VARCHAR(50))]===
dble:[[]]
===file:syntax/insert_syntax.sql, id:230, sql:[INSERT LOW_PRIORITY normal_table1 SET id=1,R_REGIONKEY=1,R_NAME='test',R_COMMENT='test']===
dble:[[]]
===file:syntax/insert_syntax.sql, id:231, sql:[INSERT DELAYED normal_table1 SET id=1,R_REGIONKEY=2,R_NAME='test',R_COMMENT='test']===
dble:[[]]
===file:syntax/insert_syntax.sql, id:232, sql:[INSERT HIGH_PRIORITY normal_table1 SET id=1,R_REGIONKEY=3,R_NAME='test',R_COMMENT='test']===
dble:[[]]
===file:syntax/insert_syntax.sql, id:233, sql:[INSERT IGNORE normal_table1 SET id=1,R_REGIONKEY=4,R_NAME='test',R_COMMENT='test']===
dble:[[]]
===file:syntax/insert_syntax.sql, id:234, sql:[INSERT normal_table1 SET id=1,R_REGIONKEY=5,R_NAME='test',R_COMMENT='test']===
dble:[[]]
===file:syntax/insert_syntax.sql, id:235, sql:[SELECT id,R_REGIONKEY,R_NAME,R_COMMENT FROM normal_table1]===
dble:[[(1L, 1L, 'test', 'test'), (1L, 2L, 'test', 'test'), (1L, 3L, 'test', 'test'), (1L, 4L, 'test', 'test'), (1L, 5L, 'test', 'test')]]
===file:syntax/insert_syntax.sql, id:236, sql:[DROP TABLE IF EXISTS normal_table1]===
dble:[[]]
===file:syntax/insert_syntax.sql, id:237, sql:[CREATE TABLE normal_table1 (id INT(11),R_REGIONKEY INT(11) PRIMARY KEY,R_NAME VARCHAR(50),R_COMMENT VARCHAR(50))]===
dble:[[]]
===file:syntax/insert_syntax.sql, id:238, sql:[INSERT INTO normal_table1 SET id=2,R_REGIONKEY=1*3,R_NAME='test',R_COMMENT='test' ON DUPLICATE KEY UPDATE R_REGIONKEY=R_REGIONKEY*2,R_NAME='chen']===
dble:[[]]
===file:syntax/insert_syntax.sql, id:239, sql:[SELECT id,R_REGIONKEY,R_NAME,R_COMMENT FROM normal_table1]===
dble:[[(2L, 3L, 'test', 'test')]]
===file:syntax/insert_syntax.sql, id:240, sql:[INSERT INTO normal_table1 SET id=2,R_REGIONKEY=1*3,R_NAME='test',R_COMMENT='test' ON DUPLICATE KEY UPDATE R_REGIONKEY=R_REGIONKEY*2,R_NAME='chen']===
dble:[[]]
===file:syntax/insert_syntax.sql, id:241, sql:[SELECT id,R_REGIONKEY,R_NAME,R_COMMENT FROM normal_table1]===
dble:[[(2L, 6L, 'chen', 'test')]]
===file:syntax/insert_syntax.sql, id:242, sql:[DROP TABLE IF EXISTS normal_table1]===
dble:[[]]
===file:syntax/insert_syntax.sql, id:243, sql:[CREATE TABLE normal_table1 (id INT(11),R_REGIONKEY INT(11) PRIMARY KEY,R_NAME VARCHAR(50),R_COMMENT VARCHAR(50))]===
dble:[[]]
===file:syntax/insert_syntax.sql, id:245, sql:[SELECT id,R_REGIONKEY,R_NAME,R_COMMENT FROM normal_table1]===
dble:[[]]
===file:syntax/insert_syntax.sql, id:246, sql:[INSERT IGNORE INTO normal_table1 SET id=4,R_REGIONKEY=1*4,R_NAME='test',R_COMMENT='test' ON DUPLICATE KEY UPDATE R_REGIONKEY=R_REGIONKEY*5]===
dble:[[]]
===file:syntax/insert_syntax.sql, id:247, sql:[SELECT id,R_REGIONKEY,R_NAME,R_COMMENT FROM normal_table1]===
dble:[[(4L, 4L, 'test', 'test')]]
===file:syntax/insert_syntax.sql, id:248, sql:[DROP TABLE IF EXISTS normal_table1]===
dble:[[]]
===file:syntax/insert_syntax.sql, id:249, sql:[CREATE TABLE normal_table1 (id INT(11),R_REGIONKEY INT(11) PRIMARY KEY,R_NAME VARCHAR(50),R_COMMENT VARCHAR(50))]===
dble:[[]]
===file:syntax/insert_syntax.sql, id:250, sql:[INSERT INTO normal_table1 SET id=2,R_REGIONKEY=2]===
dble:[[]]
===file:syntax/insert_syntax.sql, id:251, sql:[SELECT id,R_REGIONKEY,R_NAME,R_COMMENT FROM normal_table1]===
dble:[[(2L, 2L, None, None)]]
===file:syntax/insert_syntax.sql, id:252, sql:[DROP TABLE IF EXISTS normal_table1]===
dble:[[]]
