===file:syntax/insert_value.sql, id:3, sql:[drop table if exists aly_test]===
dble:[[]]
===file:syntax/insert_value.sql, id:4, sql:[create table aly_test(id int,char_columns char(255))]===
dble:[[]]
===file:syntax/insert_value.sql, id:5, sql:[insert into aly_test values (0,NULL)]===
dble:[[]]
===file:syntax/insert_value.sql, id:6, sql:[insert into aly_test values (1,'')]===
dble:[[]]
===file:syntax/insert_value.sql, id:7, sql:[insert into aly_test values (2,' ')]===
dble:[[]]
===file:syntax/insert_value.sql, id:8, sql:[insert into aly_test values (3,'a a a ')]===
dble:[[]]
===file:syntax/insert_value.sql, id:9, sql:[insert into aly_test values (4,'abcdefghijklmnopqrstuvwxyz')]===
dble:[[]]
===file:syntax/insert_value.sql, id:10, sql:[insert into aly_test values (5,'ABCDEFGHIJKLMNOPQRSTUVWXYZ')]===
dble:[[]]
===file:syntax/insert_value.sql, id:11, sql:[insert into aly_test values (6,'~`!@#$%^&*()-=_+{}[]|:/* uproxy_dest_expect:M */<>,.?/')]===
dble:[[]]
===file:syntax/insert_value.sql, id:12, sql:[insert into aly_test values (7,'1234567890')]===
dble:[[]]
===file:syntax/insert_value.sql, id:13, sql:[insert into aly_test values (8,1234567890)]===
dble:[[]]
===file:syntax/insert_value.sql, id:14, sql:[insert into aly_test values (9,'数据库sql测试')]===
dble:[[]]
===file:syntax/insert_value.sql, id:15, sql:[insert into aly_test values (10,'·~！@#￥%……&*（）-=——+{}【】、|；‘：“，。/《》？')]===
dble:[[]]
===file:syntax/insert_value.sql, id:16, sql:[insert into aly_test values (11,0x5061756c)]===
dble:[[]]
===file:syntax/insert_value.sql, id:17, sql:[insert into aly_test values (12,x'4D7953514C')]===
dble:[[]]
===file:syntax/insert_value.sql, id:18, sql:[insert into aly_test values (13,'\0')]===
dble:[[]]
===file:syntax/insert_value.sql, id:19, sql:[insert into aly_test values (14,'\n')]===
dble:[[]]
===file:syntax/insert_value.sql, id:20, sql:[insert into aly_test values (15,'\t')]===
dble:[[]]
===file:syntax/insert_value.sql, id:21, sql:[insert into aly_test values (16,'\r')]===
dble:[[]]
===file:syntax/insert_value.sql, id:22, sql:[insert into aly_test values (17,'\b')]===
dble:[[]]
===file:syntax/insert_value.sql, id:23, sql:[insert into aly_test values (18,'\'')]===
dble:[[]]
===file:syntax/insert_value.sql, id:24, sql:[insert into aly_test values (19,'\"')]===
dble:[[]]
===file:syntax/insert_value.sql, id:25, sql:[insert into aly_test values (20,'''')]===
dble:[[]]
===file:syntax/insert_value.sql, id:27, sql:[insert into aly_test values (22,'\\')]===
dble:[[]]
===file:syntax/insert_value.sql, id:29, sql:[drop table if exists aly_test]===
dble:[[]]
===file:syntax/insert_value.sql, id:30, sql:[create table aly_test(id int,varchar_columns varchar(255))]===
dble:[[]]
===file:syntax/insert_value.sql, id:31, sql:[insert into aly_test values (0,NULL)]===
dble:[[]]
===file:syntax/insert_value.sql, id:32, sql:[insert into aly_test values (1,'')]===
dble:[[]]
===file:syntax/insert_value.sql, id:33, sql:[insert into aly_test values (2,' ')]===
dble:[[]]
===file:syntax/insert_value.sql, id:34, sql:[insert into aly_test values (3,'a a a ')]===
dble:[[]]
===file:syntax/insert_value.sql, id:35, sql:[insert into aly_test values (4,'abcdefghijklmnopqrstuvwxyz')]===
dble:[[]]
===file:syntax/insert_value.sql, id:36, sql:[insert into aly_test values (5,'ABCDEFGHIJKLMNOPQRSTUVWXYZ')]===
dble:[[]]
===file:syntax/insert_value.sql, id:37, sql:[insert into aly_test values (6,'~`!@#$%^&*()-=_+{}[]|:/* uproxy_dest_expect:M */<>,.?/')]===
dble:[[]]
===file:syntax/insert_value.sql, id:38, sql:[insert into aly_test values (7,'1234567890')]===
dble:[[]]
===file:syntax/insert_value.sql, id:39, sql:[insert into aly_test values (8,1234567890)]===
dble:[[]]
===file:syntax/insert_value.sql, id:40, sql:[insert into aly_test values (9,'数据库sql测试')]===
dble:[[]]
===file:syntax/insert_value.sql, id:41, sql:[insert into aly_test values (10,'·~！@#￥%……&*（）-=——+{}【】、|；‘：“，。/《》？')]===
dble:[[]]
===file:syntax/insert_value.sql, id:42, sql:[insert into aly_test values (11,0x5061756c)]===
dble:[[]]
===file:syntax/insert_value.sql, id:43, sql:[insert into aly_test values (12,x'4D7953514C')]===
dble:[[]]
===file:syntax/insert_value.sql, id:44, sql:[insert into aly_test values (13,'\0')]===
dble:[[]]
===file:syntax/insert_value.sql, id:45, sql:[insert into aly_test values (14,'\n')]===
dble:[[]]
===file:syntax/insert_value.sql, id:46, sql:[insert into aly_test values (15,'\t')]===
dble:[[]]
===file:syntax/insert_value.sql, id:47, sql:[insert into aly_test values (16,'\r')]===
dble:[[]]
===file:syntax/insert_value.sql, id:48, sql:[insert into aly_test values (17,'\b')]===
dble:[[]]
===file:syntax/insert_value.sql, id:49, sql:[insert into aly_test values (18,'\'')]===
dble:[[]]
===file:syntax/insert_value.sql, id:50, sql:[insert into aly_test values (19,'\"')]===
dble:[[]]
===file:syntax/insert_value.sql, id:51, sql:[insert into aly_test values (20,'''')]===
dble:[[]]
===file:syntax/insert_value.sql, id:53, sql:[insert into aly_test values (22,'\\')]===
dble:[[]]
===file:syntax/insert_value.sql, id:55, sql:[drop table if exists aly_test]===
dble:[[]]
===file:syntax/insert_value.sql, id:56, sql:[create table aly_test(id int,aly_test binary(255))]===
dble:[[]]
===file:syntax/insert_value.sql, id:57, sql:[insert into aly_test values (0,NULL)]===
dble:[[]]
===file:syntax/insert_value.sql, id:58, sql:[insert into aly_test values (1,'')]===
dble:[[]]
===file:syntax/insert_value.sql, id:59, sql:[insert into aly_test values (2,' ')]===
dble:[[]]
===file:syntax/insert_value.sql, id:60, sql:[insert into aly_test values (3,'a a a ')]===
dble:[[]]
===file:syntax/insert_value.sql, id:61, sql:[insert into aly_test values (4,'abcdefghijklmnopqrstuvwxyz')]===
dble:[[]]
===file:syntax/insert_value.sql, id:62, sql:[insert into aly_test values (5,'ABCDEFGHIJKLMNOPQRSTUVWXYZ')]===
dble:[[]]
===file:syntax/insert_value.sql, id:63, sql:[insert into aly_test values (6,'~`!@#$%^&*()-=_+{}[]|:/* uproxy_dest_expect:M */<>,.?/')]===
dble:[[]]
===file:syntax/insert_value.sql, id:64, sql:[insert into aly_test values (7,'1234567890')]===
dble:[[]]
===file:syntax/insert_value.sql, id:65, sql:[insert into aly_test values (8,1234567890)]===
dble:[[]]
===file:syntax/insert_value.sql, id:66, sql:[insert into aly_test values (9,'数据库sql测试')]===
dble:[[]]
===file:syntax/insert_value.sql, id:67, sql:[insert into aly_test values (10,'·~！@#￥%……&*（）-=——+{}【】、|；‘：“，。/《》？')]===
dble:[[]]
===file:syntax/insert_value.sql, id:68, sql:[insert into aly_test values (11,0x5061756c)]===
dble:[[]]
===file:syntax/insert_value.sql, id:69, sql:[insert into aly_test values (12,x'4D7953514C')]===
dble:[[]]
===file:syntax/insert_value.sql, id:70, sql:[insert into aly_test values (13,'\0')]===
dble:[[]]
===file:syntax/insert_value.sql, id:71, sql:[insert into aly_test values (14,'\n')]===
dble:[[]]
===file:syntax/insert_value.sql, id:72, sql:[insert into aly_test values (15,'\t')]===
dble:[[]]
===file:syntax/insert_value.sql, id:73, sql:[insert into aly_test values (16,'\r')]===
dble:[[]]
===file:syntax/insert_value.sql, id:74, sql:[insert into aly_test values (17,'\b')]===
dble:[[]]
===file:syntax/insert_value.sql, id:75, sql:[insert into aly_test values (18,'\'')]===
dble:[[]]
===file:syntax/insert_value.sql, id:76, sql:[insert into aly_test values (19,'\"')]===
dble:[[]]
===file:syntax/insert_value.sql, id:77, sql:[insert into aly_test values (20,'''')]===
dble:[[]]
===file:syntax/insert_value.sql, id:79, sql:[insert into aly_test values (22,'\\')]===
dble:[[]]
===file:syntax/insert_value.sql, id:81, sql:[drop table if exists aly_test]===
dble:[[]]
===file:syntax/insert_value.sql, id:82, sql:[create table aly_test(id int,varbinary_columns varbinary(255))]===
dble:[[]]
===file:syntax/insert_value.sql, id:83, sql:[insert into aly_test values (0,NULL)]===
dble:[[]]
===file:syntax/insert_value.sql, id:84, sql:[insert into aly_test values (1,'')]===
dble:[[]]
===file:syntax/insert_value.sql, id:85, sql:[insert into aly_test values (2,' ')]===
dble:[[]]
===file:syntax/insert_value.sql, id:86, sql:[insert into aly_test values (3,'a a a ')]===
dble:[[]]
===file:syntax/insert_value.sql, id:87, sql:[insert into aly_test values (4,'abcdefghijklmnopqrstuvwxyz')]===
dble:[[]]
===file:syntax/insert_value.sql, id:88, sql:[insert into aly_test values (5,'ABCDEFGHIJKLMNOPQRSTUVWXYZ')]===
dble:[[]]
===file:syntax/insert_value.sql, id:89, sql:[insert into aly_test values (6,'~`!@#$%^&*()-=_+{}[]|:/* uproxy_dest_expect:M */<>,.?/')]===
dble:[[]]
===file:syntax/insert_value.sql, id:90, sql:[insert into aly_test values (7,'1234567890')]===
dble:[[]]
===file:syntax/insert_value.sql, id:91, sql:[insert into aly_test values (8,1234567890)]===
dble:[[]]
===file:syntax/insert_value.sql, id:92, sql:[insert into aly_test values (9,'数据库sql测试')]===
dble:[[]]
===file:syntax/insert_value.sql, id:93, sql:[insert into aly_test values (10,'·~！@#￥%……&*（）-=——+{}【】、|；‘：“，。/《》？')]===
dble:[[]]
===file:syntax/insert_value.sql, id:94, sql:[insert into aly_test values (11,0x5061756c)]===
dble:[[]]
===file:syntax/insert_value.sql, id:95, sql:[insert into aly_test values (12,x'4D7953514C')]===
dble:[[]]
===file:syntax/insert_value.sql, id:96, sql:[insert into aly_test values (13,'\0')]===
dble:[[]]
===file:syntax/insert_value.sql, id:97, sql:[insert into aly_test values (14,'\n')]===
dble:[[]]
===file:syntax/insert_value.sql, id:98, sql:[insert into aly_test values (15,'\t')]===
dble:[[]]
===file:syntax/insert_value.sql, id:99, sql:[insert into aly_test values (16,'\r')]===
dble:[[]]
===file:syntax/insert_value.sql, id:100, sql:[insert into aly_test values (17,'\b')]===
dble:[[]]
===file:syntax/insert_value.sql, id:101, sql:[insert into aly_test values (18,'\'')]===
dble:[[]]
===file:syntax/insert_value.sql, id:102, sql:[insert into aly_test values (19,'\"')]===
dble:[[]]
===file:syntax/insert_value.sql, id:103, sql:[insert into aly_test values (20,'''')]===
dble:[[]]
===file:syntax/insert_value.sql, id:105, sql:[insert into aly_test values (22,'\\')]===
dble:[[]]
===file:syntax/insert_value.sql, id:107, sql:[drop table if exists aly_test]===
dble:[[]]
===file:syntax/insert_value.sql, id:108, sql:[create table aly_test(id int,tinyblob_columns tinyblob)]===
dble:[[]]
===file:syntax/insert_value.sql, id:109, sql:[insert into aly_test values (0,NULL)]===
dble:[[]]
===file:syntax/insert_value.sql, id:110, sql:[insert into aly_test values (1,'')]===
dble:[[]]
===file:syntax/insert_value.sql, id:111, sql:[insert into aly_test values (2,' ')]===
dble:[[]]
===file:syntax/insert_value.sql, id:112, sql:[insert into aly_test values (3,'a a a ')]===
dble:[[]]
===file:syntax/insert_value.sql, id:113, sql:[insert into aly_test values (4,'abcdefghijklmnopqrstuvwxyz')]===
dble:[[]]
===file:syntax/insert_value.sql, id:114, sql:[insert into aly_test values (5,'ABCDEFGHIJKLMNOPQRSTUVWXYZ')]===
dble:[[]]
===file:syntax/insert_value.sql, id:115, sql:[insert into aly_test values (6,'~`!@#$%^&*()-=_+{}[]|:/* uproxy_dest_expect:M */<>,.?/')]===
dble:[[]]
===file:syntax/insert_value.sql, id:116, sql:[insert into aly_test values (7,'1234567890')]===
dble:[[]]
===file:syntax/insert_value.sql, id:117, sql:[insert into aly_test values (8,1234567890)]===
dble:[[]]
===file:syntax/insert_value.sql, id:118, sql:[insert into aly_test values (9,'数据库sql测试')]===
dble:[[]]
===file:syntax/insert_value.sql, id:119, sql:[insert into aly_test values (10,'·~！@#￥%……&*（）-=——+{}【】、|；‘：“，。/《》？')]===
dble:[[]]
===file:syntax/insert_value.sql, id:120, sql:[insert into aly_test values (11,0x5061756c)]===
dble:[[]]
===file:syntax/insert_value.sql, id:121, sql:[insert into aly_test values (12,x'4D7953514C')]===
dble:[[]]
===file:syntax/insert_value.sql, id:122, sql:[insert into aly_test values (13,'\0')]===
dble:[[]]
===file:syntax/insert_value.sql, id:123, sql:[insert into aly_test values (14,'\n')]===
dble:[[]]
===file:syntax/insert_value.sql, id:124, sql:[insert into aly_test values (15,'\t')]===
dble:[[]]
===file:syntax/insert_value.sql, id:125, sql:[insert into aly_test values (16,'\r')]===
dble:[[]]
===file:syntax/insert_value.sql, id:126, sql:[insert into aly_test values (17,'\b')]===
dble:[[]]
===file:syntax/insert_value.sql, id:127, sql:[insert into aly_test values (18,'\'')]===
dble:[[]]
===file:syntax/insert_value.sql, id:128, sql:[insert into aly_test values (19,'\"')]===
dble:[[]]
===file:syntax/insert_value.sql, id:129, sql:[insert into aly_test values (20,'''')]===
dble:[[]]
===file:syntax/insert_value.sql, id:131, sql:[insert into aly_test values (22,'\\')]===
dble:[[]]
===file:syntax/insert_value.sql, id:133, sql:[drop table if exists aly_test]===
dble:[[]]
===file:syntax/insert_value.sql, id:134, sql:[create table aly_test(id int,blob_columns blob)]===
dble:[[]]
===file:syntax/insert_value.sql, id:135, sql:[insert into aly_test values (0,NULL)]===
dble:[[]]
===file:syntax/insert_value.sql, id:136, sql:[insert into aly_test values (1,'')]===
dble:[[]]
===file:syntax/insert_value.sql, id:137, sql:[insert into aly_test values (2,' ')]===
dble:[[]]
===file:syntax/insert_value.sql, id:138, sql:[insert into aly_test values (3,'a a a ')]===
dble:[[]]
===file:syntax/insert_value.sql, id:139, sql:[insert into aly_test values (4,'abcdefghijklmnopqrstuvwxyz')]===
dble:[[]]
===file:syntax/insert_value.sql, id:140, sql:[insert into aly_test values (5,'ABCDEFGHIJKLMNOPQRSTUVWXYZ')]===
dble:[[]]
===file:syntax/insert_value.sql, id:141, sql:[insert into aly_test values (6,'~`!@#$%^&*()-=_+{}[]|:/* uproxy_dest_expect:M */<>,.?/')]===
dble:[[]]
===file:syntax/insert_value.sql, id:142, sql:[insert into aly_test values (7,'1234567890')]===
dble:[[]]
===file:syntax/insert_value.sql, id:143, sql:[insert into aly_test values (8,1234567890)]===
dble:[[]]
===file:syntax/insert_value.sql, id:144, sql:[insert into aly_test values (9,'数据库sql测试')]===
dble:[[]]
===file:syntax/insert_value.sql, id:145, sql:[insert into aly_test values (10,'·~！@#￥%……&*（）-=——+{}【】、|；‘：“，。/《》？')]===
dble:[[]]
===file:syntax/insert_value.sql, id:146, sql:[insert into aly_test values (11,0x5061756c)]===
dble:[[]]
===file:syntax/insert_value.sql, id:147, sql:[insert into aly_test values (12,x'4D7953514C')]===
dble:[[]]
===file:syntax/insert_value.sql, id:148, sql:[insert into aly_test values (13,'\0')]===
dble:[[]]
===file:syntax/insert_value.sql, id:149, sql:[insert into aly_test values (14,'\n')]===
dble:[[]]
===file:syntax/insert_value.sql, id:150, sql:[insert into aly_test values (15,'\t')]===
dble:[[]]
===file:syntax/insert_value.sql, id:151, sql:[insert into aly_test values (16,'\r')]===
dble:[[]]
===file:syntax/insert_value.sql, id:152, sql:[insert into aly_test values (17,'\b')]===
dble:[[]]
===file:syntax/insert_value.sql, id:153, sql:[insert into aly_test values (18,'\'')]===
dble:[[]]
===file:syntax/insert_value.sql, id:154, sql:[insert into aly_test values (19,'\"')]===
dble:[[]]
===file:syntax/insert_value.sql, id:155, sql:[insert into aly_test values (20,'''')]===
dble:[[]]
===file:syntax/insert_value.sql, id:157, sql:[insert into aly_test values (22,'\\')]===
dble:[[]]
===file:syntax/insert_value.sql, id:159, sql:[drop table if exists aly_test]===
dble:[[]]
===file:syntax/insert_value.sql, id:160, sql:[create table aly_test(id int,mediumblob_columns mediumblob)]===
dble:[[]]
===file:syntax/insert_value.sql, id:161, sql:[insert into aly_test values (0,NULL)]===
dble:[[]]
===file:syntax/insert_value.sql, id:162, sql:[insert into aly_test values (1,'')]===
dble:[[]]
===file:syntax/insert_value.sql, id:163, sql:[insert into aly_test values (2,' ')]===
dble:[[]]
===file:syntax/insert_value.sql, id:164, sql:[insert into aly_test values (3,'a a a ')]===
dble:[[]]
===file:syntax/insert_value.sql, id:165, sql:[insert into aly_test values (4,'abcdefghijklmnopqrstuvwxyz')]===
dble:[[]]
===file:syntax/insert_value.sql, id:166, sql:[insert into aly_test values (5,'ABCDEFGHIJKLMNOPQRSTUVWXYZ')]===
dble:[[]]
===file:syntax/insert_value.sql, id:167, sql:[insert into aly_test values (6,'~`!@#$%^&*()-=_+{}[]|:/* uproxy_dest_expect:M */<>,.?/')]===
dble:[[]]
===file:syntax/insert_value.sql, id:168, sql:[insert into aly_test values (7,'1234567890')]===
dble:[[]]
===file:syntax/insert_value.sql, id:169, sql:[insert into aly_test values (8,1234567890)]===
dble:[[]]
===file:syntax/insert_value.sql, id:170, sql:[insert into aly_test values (9,'数据库sql测试')]===
dble:[[]]
===file:syntax/insert_value.sql, id:171, sql:[insert into aly_test values (10,'·~！@#￥%……&*（）-=——+{}【】、|；‘：“，。/《》？')]===
dble:[[]]
===file:syntax/insert_value.sql, id:172, sql:[insert into aly_test values (11,0x5061756c)]===
dble:[[]]
===file:syntax/insert_value.sql, id:173, sql:[insert into aly_test values (12,x'4D7953514C')]===
dble:[[]]
===file:syntax/insert_value.sql, id:174, sql:[insert into aly_test values (13,'\0')]===
dble:[[]]
===file:syntax/insert_value.sql, id:175, sql:[insert into aly_test values (14,'\n')]===
dble:[[]]
===file:syntax/insert_value.sql, id:176, sql:[insert into aly_test values (15,'\t')]===
dble:[[]]
===file:syntax/insert_value.sql, id:177, sql:[insert into aly_test values (16,'\r')]===
dble:[[]]
===file:syntax/insert_value.sql, id:178, sql:[insert into aly_test values (17,'\b')]===
dble:[[]]
===file:syntax/insert_value.sql, id:179, sql:[insert into aly_test values (18,'\'')]===
dble:[[]]
===file:syntax/insert_value.sql, id:180, sql:[insert into aly_test values (19,'\"')]===
dble:[[]]
===file:syntax/insert_value.sql, id:181, sql:[insert into aly_test values (20,'''')]===
dble:[[]]
===file:syntax/insert_value.sql, id:183, sql:[insert into aly_test values (22,'\\')]===
dble:[[]]
===file:syntax/insert_value.sql, id:185, sql:[drop table if exists aly_test]===
dble:[[]]
===file:syntax/insert_value.sql, id:186, sql:[create table aly_test(id int,longblob_columns longblob)]===
dble:[[]]
===file:syntax/insert_value.sql, id:187, sql:[insert into aly_test values (0,NULL)]===
dble:[[]]
===file:syntax/insert_value.sql, id:188, sql:[insert into aly_test values (1,'')]===
dble:[[]]
===file:syntax/insert_value.sql, id:189, sql:[insert into aly_test values (2,' ')]===
dble:[[]]
===file:syntax/insert_value.sql, id:190, sql:[insert into aly_test values (3,'a a a ')]===
dble:[[]]
===file:syntax/insert_value.sql, id:191, sql:[insert into aly_test values (4,'abcdefghijklmnopqrstuvwxyz')]===
dble:[[]]
===file:syntax/insert_value.sql, id:192, sql:[insert into aly_test values (5,'ABCDEFGHIJKLMNOPQRSTUVWXYZ')]===
dble:[[]]
===file:syntax/insert_value.sql, id:193, sql:[insert into aly_test values (6,'~`!@#$%^&*()-=_+{}[]|:/* uproxy_dest_expect:M */<>,.?/')]===
dble:[[]]
===file:syntax/insert_value.sql, id:194, sql:[insert into aly_test values (7,'1234567890')]===
dble:[[]]
===file:syntax/insert_value.sql, id:195, sql:[insert into aly_test values (8,1234567890)]===
dble:[[]]
===file:syntax/insert_value.sql, id:196, sql:[insert into aly_test values (9,'数据库sql测试')]===
dble:[[]]
===file:syntax/insert_value.sql, id:197, sql:[insert into aly_test values (10,'·~！@#￥%……&*（）-=——+{}【】、|；‘：“，。/《》？')]===
dble:[[]]
===file:syntax/insert_value.sql, id:198, sql:[insert into aly_test values (11,0x5061756c)]===
dble:[[]]
===file:syntax/insert_value.sql, id:199, sql:[insert into aly_test values (12,x'4D7953514C')]===
dble:[[]]
===file:syntax/insert_value.sql, id:200, sql:[insert into aly_test values (13,'\0')]===
dble:[[]]
===file:syntax/insert_value.sql, id:201, sql:[insert into aly_test values (14,'\n')]===
dble:[[]]
===file:syntax/insert_value.sql, id:202, sql:[insert into aly_test values (15,'\t')]===
dble:[[]]
===file:syntax/insert_value.sql, id:203, sql:[insert into aly_test values (16,'\r')]===
dble:[[]]
===file:syntax/insert_value.sql, id:204, sql:[insert into aly_test values (17,'\b')]===
dble:[[]]
===file:syntax/insert_value.sql, id:205, sql:[insert into aly_test values (18,'\'')]===
dble:[[]]
===file:syntax/insert_value.sql, id:206, sql:[insert into aly_test values (19,'\"')]===
dble:[[]]
===file:syntax/insert_value.sql, id:207, sql:[insert into aly_test values (20,'''')]===
dble:[[]]
===file:syntax/insert_value.sql, id:209, sql:[insert into aly_test values (22,'\\')]===
dble:[[]]
===file:syntax/insert_value.sql, id:211, sql:[drop table if exists aly_test]===
dble:[[]]
===file:syntax/insert_value.sql, id:212, sql:[create table aly_test(id int,tinytext_columns tinytext)]===
dble:[[]]
===file:syntax/insert_value.sql, id:213, sql:[insert into aly_test values (0,NULL)]===
dble:[[]]
===file:syntax/insert_value.sql, id:214, sql:[insert into aly_test values (1,'')]===
dble:[[]]
===file:syntax/insert_value.sql, id:215, sql:[insert into aly_test values (2,' ')]===
dble:[[]]
===file:syntax/insert_value.sql, id:216, sql:[insert into aly_test values (3,'a a a ')]===
dble:[[]]
===file:syntax/insert_value.sql, id:217, sql:[insert into aly_test values (4,'abcdefghijklmnopqrstuvwxyz')]===
dble:[[]]
===file:syntax/insert_value.sql, id:218, sql:[insert into aly_test values (5,'ABCDEFGHIJKLMNOPQRSTUVWXYZ')]===
dble:[[]]
===file:syntax/insert_value.sql, id:219, sql:[insert into aly_test values (6,'~`!@#$%^&*()-=_+{}[]|:/* uproxy_dest_expect:M */<>,.?/')]===
dble:[[]]
===file:syntax/insert_value.sql, id:220, sql:[insert into aly_test values (7,'1234567890')]===
dble:[[]]
===file:syntax/insert_value.sql, id:221, sql:[insert into aly_test values (8,1234567890)]===
dble:[[]]
===file:syntax/insert_value.sql, id:222, sql:[insert into aly_test values (9,'数据库sql测试')]===
dble:[[]]
===file:syntax/insert_value.sql, id:223, sql:[insert into aly_test values (10,'·~！@#￥%……&*（）-=——+{}【】、|；‘：“，。/《》？')]===
dble:[[]]
===file:syntax/insert_value.sql, id:224, sql:[insert into aly_test values (11,0x5061756c)]===
dble:[[]]
===file:syntax/insert_value.sql, id:225, sql:[insert into aly_test values (12,x'4D7953514C')]===
dble:[[]]
===file:syntax/insert_value.sql, id:226, sql:[insert into aly_test values (13,'\0')]===
dble:[[]]
===file:syntax/insert_value.sql, id:227, sql:[insert into aly_test values (14,'\n')]===
dble:[[]]
===file:syntax/insert_value.sql, id:228, sql:[insert into aly_test values (15,'\t')]===
dble:[[]]
===file:syntax/insert_value.sql, id:229, sql:[insert into aly_test values (16,'\r')]===
dble:[[]]
===file:syntax/insert_value.sql, id:230, sql:[insert into aly_test values (17,'\b')]===
dble:[[]]
===file:syntax/insert_value.sql, id:231, sql:[insert into aly_test values (18,'\'')]===
dble:[[]]
===file:syntax/insert_value.sql, id:232, sql:[insert into aly_test values (19,'\"')]===
dble:[[]]
===file:syntax/insert_value.sql, id:233, sql:[insert into aly_test values (20,'''')]===
dble:[[]]
===file:syntax/insert_value.sql, id:235, sql:[insert into aly_test values (22,'\\')]===
dble:[[]]
===file:syntax/insert_value.sql, id:237, sql:[drop table if exists aly_test]===
dble:[[]]
===file:syntax/insert_value.sql, id:238, sql:[create table aly_test(id int,text_columns text)]===
dble:[[]]
===file:syntax/insert_value.sql, id:239, sql:[insert into aly_test values (0,NULL)]===
dble:[[]]
===file:syntax/insert_value.sql, id:240, sql:[insert into aly_test values (1,'')]===
dble:[[]]
===file:syntax/insert_value.sql, id:241, sql:[insert into aly_test values (2,' ')]===
dble:[[]]
===file:syntax/insert_value.sql, id:242, sql:[insert into aly_test values (3,'a a a ')]===
dble:[[]]
===file:syntax/insert_value.sql, id:243, sql:[insert into aly_test values (4,'abcdefghijklmnopqrstuvwxyz')]===
dble:[[]]
===file:syntax/insert_value.sql, id:244, sql:[insert into aly_test values (5,'ABCDEFGHIJKLMNOPQRSTUVWXYZ')]===
dble:[[]]
===file:syntax/insert_value.sql, id:245, sql:[insert into aly_test values (6,'~`!@#$%^&*()-=_+{}[]|:/* uproxy_dest_expect:M */<>,.?/')]===
dble:[[]]
===file:syntax/insert_value.sql, id:246, sql:[insert into aly_test values (7,'1234567890')]===
dble:[[]]
===file:syntax/insert_value.sql, id:247, sql:[insert into aly_test values (8,1234567890)]===
dble:[[]]
===file:syntax/insert_value.sql, id:248, sql:[insert into aly_test values (9,'数据库sql测试')]===
dble:[[]]
===file:syntax/insert_value.sql, id:249, sql:[insert into aly_test values (10,'·~！@#￥%……&*（）-=——+{}【】、|；‘：“，。/《》？')]===
dble:[[]]
===file:syntax/insert_value.sql, id:250, sql:[insert into aly_test values (11,0x5061756c)]===
dble:[[]]
===file:syntax/insert_value.sql, id:251, sql:[insert into aly_test values (12,x'4D7953514C')]===
dble:[[]]
===file:syntax/insert_value.sql, id:252, sql:[insert into aly_test values (13,'\0')]===
dble:[[]]
===file:syntax/insert_value.sql, id:253, sql:[insert into aly_test values (14,'\n')]===
dble:[[]]
===file:syntax/insert_value.sql, id:254, sql:[insert into aly_test values (15,'\t')]===
dble:[[]]
===file:syntax/insert_value.sql, id:255, sql:[insert into aly_test values (16,'\r')]===
dble:[[]]
===file:syntax/insert_value.sql, id:256, sql:[insert into aly_test values (17,'\b')]===
dble:[[]]
===file:syntax/insert_value.sql, id:257, sql:[insert into aly_test values (18,'\'')]===
dble:[[]]
===file:syntax/insert_value.sql, id:258, sql:[insert into aly_test values (19,'\"')]===
dble:[[]]
===file:syntax/insert_value.sql, id:259, sql:[insert into aly_test values (20,'''')]===
dble:[[]]
===file:syntax/insert_value.sql, id:261, sql:[insert into aly_test values (22,'\\')]===
dble:[[]]
===file:syntax/insert_value.sql, id:263, sql:[drop table if exists aly_test]===
dble:[[]]
===file:syntax/insert_value.sql, id:264, sql:[create table aly_test(id int,mediumtext_columns mediumtext)]===
dble:[[]]
===file:syntax/insert_value.sql, id:265, sql:[insert into aly_test values (0,NULL)]===
dble:[[]]
===file:syntax/insert_value.sql, id:266, sql:[insert into aly_test values (1,'')]===
dble:[[]]
===file:syntax/insert_value.sql, id:267, sql:[insert into aly_test values (2,' ')]===
dble:[[]]
===file:syntax/insert_value.sql, id:268, sql:[insert into aly_test values (3,'a a a ')]===
dble:[[]]
===file:syntax/insert_value.sql, id:269, sql:[insert into aly_test values (4,'abcdefghijklmnopqrstuvwxyz')]===
dble:[[]]
===file:syntax/insert_value.sql, id:270, sql:[insert into aly_test values (5,'ABCDEFGHIJKLMNOPQRSTUVWXYZ')]===
dble:[[]]
===file:syntax/insert_value.sql, id:271, sql:[insert into aly_test values (6,'~`!@#$%^&*()-=_+{}[]|:/* uproxy_dest_expect:M */<>,.?/')]===
dble:[[]]
===file:syntax/insert_value.sql, id:272, sql:[insert into aly_test values (7,'1234567890')]===
dble:[[]]
===file:syntax/insert_value.sql, id:273, sql:[insert into aly_test values (8,1234567890)]===
dble:[[]]
===file:syntax/insert_value.sql, id:274, sql:[insert into aly_test values (9,'数据库sql测试')]===
dble:[[]]
===file:syntax/insert_value.sql, id:275, sql:[insert into aly_test values (10,'·~！@#￥%……&*（）-=——+{}【】、|；‘：“，。/《》？')]===
dble:[[]]
===file:syntax/insert_value.sql, id:276, sql:[insert into aly_test values (11,0x5061756c)]===
dble:[[]]
===file:syntax/insert_value.sql, id:277, sql:[insert into aly_test values (12,x'4D7953514C')]===
dble:[[]]
===file:syntax/insert_value.sql, id:278, sql:[insert into aly_test values (13,'\0')]===
dble:[[]]
===file:syntax/insert_value.sql, id:279, sql:[insert into aly_test values (14,'\n')]===
dble:[[]]
===file:syntax/insert_value.sql, id:280, sql:[insert into aly_test values (15,'\t')]===
dble:[[]]
===file:syntax/insert_value.sql, id:281, sql:[insert into aly_test values (16,'\r')]===
dble:[[]]
===file:syntax/insert_value.sql, id:282, sql:[insert into aly_test values (17,'\b')]===
dble:[[]]
===file:syntax/insert_value.sql, id:283, sql:[insert into aly_test values (18,'\'')]===
dble:[[]]
===file:syntax/insert_value.sql, id:284, sql:[insert into aly_test values (19,'\"')]===
dble:[[]]
===file:syntax/insert_value.sql, id:285, sql:[insert into aly_test values (20,'''')]===
dble:[[]]
===file:syntax/insert_value.sql, id:287, sql:[insert into aly_test values (22,'\\')]===
dble:[[]]
===file:syntax/insert_value.sql, id:289, sql:[drop table if exists aly_test]===
dble:[[]]
===file:syntax/insert_value.sql, id:290, sql:[create table aly_test(id int,longtext_columns longtext)]===
dble:[[]]
===file:syntax/insert_value.sql, id:291, sql:[insert into aly_test values (0,NULL)]===
dble:[[]]
===file:syntax/insert_value.sql, id:292, sql:[insert into aly_test values (1,'')]===
dble:[[]]
===file:syntax/insert_value.sql, id:293, sql:[insert into aly_test values (2,' ')]===
dble:[[]]
===file:syntax/insert_value.sql, id:294, sql:[insert into aly_test values (3,'a a a ')]===
dble:[[]]
===file:syntax/insert_value.sql, id:295, sql:[insert into aly_test values (4,'abcdefghijklmnopqrstuvwxyz')]===
dble:[[]]
===file:syntax/insert_value.sql, id:296, sql:[insert into aly_test values (5,'ABCDEFGHIJKLMNOPQRSTUVWXYZ')]===
dble:[[]]
===file:syntax/insert_value.sql, id:297, sql:[insert into aly_test values (6,'~`!@#$%^&*()-=_+{}[]|:/* uproxy_dest_expect:M */<>,.?/')]===
dble:[[]]
===file:syntax/insert_value.sql, id:298, sql:[insert into aly_test values (7,'1234567890')]===
dble:[[]]
===file:syntax/insert_value.sql, id:299, sql:[insert into aly_test values (8,1234567890)]===
dble:[[]]
===file:syntax/insert_value.sql, id:300, sql:[insert into aly_test values (9,'数据库sql测试')]===
dble:[[]]
===file:syntax/insert_value.sql, id:301, sql:[insert into aly_test values (10,'·~！@#￥%……&*（）-=——+{}【】、|；‘：“，。/《》？')]===
dble:[[]]
===file:syntax/insert_value.sql, id:302, sql:[insert into aly_test values (11,0x5061756c)]===
dble:[[]]
===file:syntax/insert_value.sql, id:303, sql:[insert into aly_test values (12,x'4D7953514C')]===
dble:[[]]
===file:syntax/insert_value.sql, id:304, sql:[insert into aly_test values (13,'\0')]===
dble:[[]]
===file:syntax/insert_value.sql, id:305, sql:[insert into aly_test values (14,'\n')]===
dble:[[]]
===file:syntax/insert_value.sql, id:306, sql:[insert into aly_test values (15,'\t')]===
dble:[[]]
===file:syntax/insert_value.sql, id:307, sql:[insert into aly_test values (16,'\r')]===
dble:[[]]
===file:syntax/insert_value.sql, id:308, sql:[insert into aly_test values (17,'\b')]===
dble:[[]]
===file:syntax/insert_value.sql, id:309, sql:[insert into aly_test values (18,'\'')]===
dble:[[]]
===file:syntax/insert_value.sql, id:310, sql:[insert into aly_test values (19,'\"')]===
dble:[[]]
===file:syntax/insert_value.sql, id:311, sql:[insert into aly_test values (20,'''')]===
dble:[[]]
===file:syntax/insert_value.sql, id:313, sql:[insert into aly_test values (22,'\\')]===
dble:[[]]
===file:syntax/insert_value.sql, id:315, sql:[drop table if exists aly_test]===
dble:[[]]
===file:syntax/insert_value.sql, id:316, sql:[create table aly_test(id int,binary_columns binary(255))]===
dble:[[]]
===file:syntax/insert_value.sql, id:341, sql:[drop table if exists aly_test]===
dble:[[]]
===file:syntax/insert_value.sql, id:342, sql:[create table aly_test(id int,binary_columns varbinary(255))]===
dble:[[]]
===file:syntax/insert_value.sql, id:367, sql:[drop table if exists aly_test]===
dble:[[]]
===file:syntax/insert_value.sql, id:368, sql:[create table aly_test(id int,tinyblob_columns tinyblob)]===
dble:[[]]
===file:syntax/insert_value.sql, id:393, sql:[drop table if exists aly_test]===
dble:[[]]
===file:syntax/insert_value.sql, id:394, sql:[create table aly_test(id int,blob_columns blob)]===
dble:[[]]
===file:syntax/insert_value.sql, id:419, sql:[drop table if exists aly_test]===
dble:[[]]
===file:syntax/insert_value.sql, id:420, sql:[create table aly_test(id int,mediumblob_columns mediumblob)]===
dble:[[]]
===file:syntax/insert_value.sql, id:445, sql:[drop table if exists aly_test]===
dble:[[]]
===file:syntax/insert_value.sql, id:446, sql:[create table aly_test(id int,longblob_columns longblob)]===
dble:[[]]
===file:syntax/insert_value.sql, id:471, sql:[drop table if exists aly_test]===
dble:[[]]
===file:syntax/insert_value.sql, id:472, sql:[create table aly_test(id int,bit_5_columns bit(5))]===
dble:[[]]
===file:syntax/insert_value.sql, id:473, sql:[insert into aly_test values (0,0)]===
dble:[[]]
===file:syntax/insert_value.sql, id:474, sql:[insert into aly_test values (1,9)]===
dble:[[]]
===file:syntax/insert_value.sql, id:475, sql:[insert into aly_test values (2,19)]===
dble:[[]]
===file:syntax/insert_value.sql, id:499, sql:[drop table if exists aly_test]===
dble:[[]]
===file:syntax/insert_value.sql, id:500, sql:[create table aly_test(id int,bit_8_columns bit(8))]===
dble:[[]]
===file:syntax/insert_value.sql, id:501, sql:[insert into aly_test values (0,0)]===
dble:[[]]
===file:syntax/insert_value.sql, id:502, sql:[insert into aly_test values (1,9)]===
dble:[[]]
===file:syntax/insert_value.sql, id:503, sql:[insert into aly_test values (2,19)]===
dble:[[]]
===file:syntax/insert_value.sql, id:504, sql:[insert into aly_test values (3,199)]===
dble:[[]]
===file:syntax/insert_value.sql, id:527, sql:[drop table if exists aly_test]===
dble:[[]]
===file:syntax/insert_value.sql, id:528, sql:[create table aly_test(id int,bit_16_columns bit(16))]===
dble:[[]]
===file:syntax/insert_value.sql, id:529, sql:[insert into aly_test values (0,0)]===
dble:[[]]
===file:syntax/insert_value.sql, id:530, sql:[insert into aly_test values (1,9)]===
dble:[[]]
===file:syntax/insert_value.sql, id:531, sql:[insert into aly_test values (2,19)]===
dble:[[]]
===file:syntax/insert_value.sql, id:532, sql:[insert into aly_test values (3,199)]===
dble:[[]]
===file:syntax/insert_value.sql, id:533, sql:[insert into aly_test values (4,299)]===
dble:[[]]
===file:syntax/insert_value.sql, id:534, sql:[insert into aly_test values (5,399)]===
dble:[[]]
===file:syntax/insert_value.sql, id:535, sql:[insert into aly_test values (6,599)]===
dble:[[]]
===file:syntax/insert_value.sql, id:536, sql:[insert into aly_test values (7,731)]===
dble:[[]]
===file:syntax/insert_value.sql, id:537, sql:[insert into aly_test values (8,1023)]===
dble:[[]]
===file:syntax/insert_value.sql, id:538, sql:[insert into aly_test values (9,1024)]===
dble:[[]]
===file:syntax/insert_value.sql, id:539, sql:[insert into aly_test values (10,2110)]===
dble:[[]]
===file:syntax/insert_value.sql, id:540, sql:[insert into aly_test values (11,3305)]===
dble:[[]]
===file:syntax/insert_value.sql, id:541, sql:[insert into aly_test values (12,33333)]===
dble:[[]]
===file:syntax/insert_value.sql, id:555, sql:[drop table if exists aly_test]===
dble:[[]]
===file:syntax/insert_value.sql, id:556, sql:[create table aly_test(id int,bit_24_columns bit(24))]===
dble:[[]]
===file:syntax/insert_value.sql, id:557, sql:[insert into aly_test values (0,0)]===
dble:[[]]
===file:syntax/insert_value.sql, id:558, sql:[insert into aly_test values (1,9)]===
dble:[[]]
===file:syntax/insert_value.sql, id:559, sql:[insert into aly_test values (2,19)]===
dble:[[]]
===file:syntax/insert_value.sql, id:560, sql:[insert into aly_test values (3,199)]===
dble:[[]]
===file:syntax/insert_value.sql, id:561, sql:[insert into aly_test values (4,299)]===
dble:[[]]
===file:syntax/insert_value.sql, id:562, sql:[insert into aly_test values (5,399)]===
dble:[[]]
===file:syntax/insert_value.sql, id:563, sql:[insert into aly_test values (6,599)]===
dble:[[]]
===file:syntax/insert_value.sql, id:564, sql:[insert into aly_test values (7,731)]===
dble:[[]]
===file:syntax/insert_value.sql, id:565, sql:[insert into aly_test values (8,1023)]===
dble:[[]]
===file:syntax/insert_value.sql, id:566, sql:[insert into aly_test values (9,1024)]===
dble:[[]]
===file:syntax/insert_value.sql, id:567, sql:[insert into aly_test values (10,2110)]===
dble:[[]]
===file:syntax/insert_value.sql, id:568, sql:[insert into aly_test values (11,3305)]===
dble:[[]]
===file:syntax/insert_value.sql, id:569, sql:[insert into aly_test values (12,33333)]===
dble:[[]]
===file:syntax/insert_value.sql, id:570, sql:[insert into aly_test values (13,333333)]===
dble:[[]]
===file:syntax/insert_value.sql, id:571, sql:[insert into aly_test values (14,3333333)]===
dble:[[]]
===file:syntax/insert_value.sql, id:583, sql:[drop table if exists aly_test]===
dble:[[]]
===file:syntax/insert_value.sql, id:584, sql:[create table aly_test(id int,bit_29_columns bit(29))]===
dble:[[]]
===file:syntax/insert_value.sql, id:585, sql:[insert into aly_test values (0,0)]===
dble:[[]]
===file:syntax/insert_value.sql, id:586, sql:[insert into aly_test values (1,9)]===
dble:[[]]
===file:syntax/insert_value.sql, id:587, sql:[insert into aly_test values (2,19)]===
dble:[[]]
===file:syntax/insert_value.sql, id:588, sql:[insert into aly_test values (3,199)]===
dble:[[]]
===file:syntax/insert_value.sql, id:589, sql:[insert into aly_test values (4,299)]===
dble:[[]]
===file:syntax/insert_value.sql, id:590, sql:[insert into aly_test values (5,399)]===
dble:[[]]
===file:syntax/insert_value.sql, id:591, sql:[insert into aly_test values (6,599)]===
dble:[[]]
===file:syntax/insert_value.sql, id:592, sql:[insert into aly_test values (7,731)]===
dble:[[]]
===file:syntax/insert_value.sql, id:593, sql:[insert into aly_test values (8,1023)]===
dble:[[]]
===file:syntax/insert_value.sql, id:594, sql:[insert into aly_test values (9,1024)]===
dble:[[]]
===file:syntax/insert_value.sql, id:595, sql:[insert into aly_test values (10,2110)]===
dble:[[]]
===file:syntax/insert_value.sql, id:596, sql:[insert into aly_test values (11,3305)]===
dble:[[]]
===file:syntax/insert_value.sql, id:597, sql:[insert into aly_test values (12,33333)]===
dble:[[]]
===file:syntax/insert_value.sql, id:598, sql:[insert into aly_test values (13,333333)]===
dble:[[]]
===file:syntax/insert_value.sql, id:599, sql:[insert into aly_test values (14,3333333)]===
dble:[[]]
===file:syntax/insert_value.sql, id:600, sql:[insert into aly_test values (15,33333333)]===
dble:[[]]
===file:syntax/insert_value.sql, id:601, sql:[insert into aly_test values (16,333333333)]===
dble:[[]]
===file:syntax/insert_value.sql, id:611, sql:[drop table if exists aly_test]===
dble:[[]]
===file:syntax/insert_value.sql, id:612, sql:[create table aly_test(id int,bit_32_columns bit(32))]===
dble:[[]]
===file:syntax/insert_value.sql, id:613, sql:[insert into aly_test values (0,0)]===
dble:[[]]
===file:syntax/insert_value.sql, id:614, sql:[insert into aly_test values (1,9)]===
dble:[[]]
===file:syntax/insert_value.sql, id:615, sql:[insert into aly_test values (2,19)]===
dble:[[]]
===file:syntax/insert_value.sql, id:616, sql:[insert into aly_test values (3,199)]===
dble:[[]]
===file:syntax/insert_value.sql, id:617, sql:[insert into aly_test values (4,299)]===
dble:[[]]
===file:syntax/insert_value.sql, id:618, sql:[insert into aly_test values (5,399)]===
dble:[[]]
===file:syntax/insert_value.sql, id:619, sql:[insert into aly_test values (6,599)]===
dble:[[]]
===file:syntax/insert_value.sql, id:620, sql:[insert into aly_test values (7,731)]===
dble:[[]]
===file:syntax/insert_value.sql, id:621, sql:[insert into aly_test values (8,1023)]===
dble:[[]]
===file:syntax/insert_value.sql, id:622, sql:[insert into aly_test values (9,1024)]===
dble:[[]]
===file:syntax/insert_value.sql, id:623, sql:[insert into aly_test values (10,2110)]===
dble:[[]]
===file:syntax/insert_value.sql, id:624, sql:[insert into aly_test values (11,3305)]===
dble:[[]]
===file:syntax/insert_value.sql, id:625, sql:[insert into aly_test values (12,33333)]===
dble:[[]]
===file:syntax/insert_value.sql, id:626, sql:[insert into aly_test values (13,333333)]===
dble:[[]]
===file:syntax/insert_value.sql, id:627, sql:[insert into aly_test values (14,3333333)]===
dble:[[]]
===file:syntax/insert_value.sql, id:628, sql:[insert into aly_test values (15,33333333)]===
dble:[[]]
===file:syntax/insert_value.sql, id:629, sql:[insert into aly_test values (16,333333333)]===
dble:[[]]
===file:syntax/insert_value.sql, id:630, sql:[insert into aly_test values (17,999999999)]===
dble:[[]]
===file:syntax/insert_value.sql, id:631, sql:[insert into aly_test values (18,3333333333)]===
dble:[[]]
===file:syntax/insert_value.sql, id:639, sql:[drop table if exists aly_test]===
dble:[[]]
===file:syntax/insert_value.sql, id:640, sql:[create table aly_test(id int,bit_40_columns bit(5))]===
dble:[[]]
===file:syntax/insert_value.sql, id:641, sql:[insert into aly_test values (0,0)]===
dble:[[]]
===file:syntax/insert_value.sql, id:642, sql:[insert into aly_test values (1,9)]===
dble:[[]]
===file:syntax/insert_value.sql, id:643, sql:[insert into aly_test values (2,19)]===
dble:[[]]
===file:syntax/insert_value.sql, id:667, sql:[drop table if exists aly_test]===
dble:[[]]
===file:syntax/insert_value.sql, id:668, sql:[create table aly_test(id int,bit_48_columns bit(5))]===
dble:[[]]
===file:syntax/insert_value.sql, id:669, sql:[insert into aly_test values (0,0)]===
dble:[[]]
===file:syntax/insert_value.sql, id:670, sql:[insert into aly_test values (1,9)]===
dble:[[]]
===file:syntax/insert_value.sql, id:671, sql:[insert into aly_test values (2,19)]===
dble:[[]]
===file:syntax/insert_value.sql, id:695, sql:[drop table if exists aly_test]===
dble:[[]]
===file:syntax/insert_value.sql, id:696, sql:[create table aly_test(id int,bit_56_columns bit(5))]===
dble:[[]]
===file:syntax/insert_value.sql, id:697, sql:[insert into aly_test values (0,0)]===
dble:[[]]
===file:syntax/insert_value.sql, id:698, sql:[insert into aly_test values (1,9)]===
dble:[[]]
===file:syntax/insert_value.sql, id:699, sql:[insert into aly_test values (2,19)]===
dble:[[]]
===file:syntax/insert_value.sql, id:723, sql:[drop table if exists aly_test]===
dble:[[]]
===file:syntax/insert_value.sql, id:724, sql:[create table aly_test(id int,bit_59_columns bit(5))]===
dble:[[]]
===file:syntax/insert_value.sql, id:725, sql:[insert into aly_test values (0,0)]===
dble:[[]]
===file:syntax/insert_value.sql, id:726, sql:[insert into aly_test values (1,9)]===
dble:[[]]
===file:syntax/insert_value.sql, id:727, sql:[insert into aly_test values (2,19)]===
dble:[[]]
===file:syntax/insert_value.sql, id:751, sql:[drop table if exists aly_test]===
dble:[[]]
===file:syntax/insert_value.sql, id:752, sql:[create table aly_test(id int,bit_64_columns bit(5))]===
dble:[[]]
===file:syntax/insert_value.sql, id:753, sql:[insert into aly_test values (0,0)]===
dble:[[]]
===file:syntax/insert_value.sql, id:754, sql:[insert into aly_test values (1,9)]===
dble:[[]]
===file:syntax/insert_value.sql, id:755, sql:[insert into aly_test values (2,19)]===
dble:[[]]
===file:syntax/insert_value.sql, id:779, sql:[drop table if exists aly_test]===
dble:[[]]
===file:syntax/insert_value.sql, id:780, sql:[create table aly_test(id int,date_columns date)]===
dble:[[]]
===file:syntax/insert_value.sql, id:781, sql:[insert into aly_test values (0,'1000-01-01')]===
dble:[[]]
===file:syntax/insert_value.sql, id:782, sql:[insert into aly_test values (1,'9999-12-31')]===
dble:[[]]
===file:syntax/insert_value.sql, id:783, sql:[insert into aly_test values (2,'1900-00-00')]===
dble:[[]]
===file:syntax/insert_value.sql, id:784, sql:[insert into aly_test values (3,'1900-01-01')]===
dble:[[]]
===file:syntax/insert_value.sql, id:786, sql:[insert into aly_test values (5,0)]===
dble:[[]]
===file:syntax/insert_value.sql, id:787, sql:[insert into aly_test values (6,NULL)]===
dble:[[]]
===file:syntax/insert_value.sql, id:789, sql:[drop table if exists aly_test]===
dble:[[]]
===file:syntax/insert_value.sql, id:790, sql:[create table aly_test(id int,year4_columns year(4))]===
dble:[[]]
===file:syntax/insert_value.sql, id:791, sql:[insert into aly_test values (0,1901)]===
dble:[[]]
===file:syntax/insert_value.sql, id:792, sql:[insert into aly_test values (1,2155)]===
dble:[[]]
===file:syntax/insert_value.sql, id:793, sql:[insert into aly_test values (2,0000)]===
dble:[[]]
===file:syntax/insert_value.sql, id:794, sql:[insert into aly_test values (3,'00')]===
dble:[[]]
===file:syntax/insert_value.sql, id:797, sql:[insert into aly_test values (6,0)]===
dble:[[]]
===file:syntax/insert_value.sql, id:798, sql:[insert into aly_test values (7,NULL)]===
dble:[[]]
===file:syntax/insert_value.sql, id:800, sql:[drop table if exists aly_test]===
dble:[[]]
===file:syntax/insert_value.sql, id:801, sql:[create table aly_test(id int,time_columns time)]===
dble:[[]]
===file:syntax/insert_value.sql, id:802, sql:[insert into aly_test values (0,'-838:59:59')]===
dble:[[]]
===file:syntax/insert_value.sql, id:803, sql:[insert into aly_test values (1,'838:59:59')]===
dble:[[]]
===file:syntax/insert_value.sql, id:804, sql:[insert into aly_test values (2,'12:12:12')]===
dble:[[]]
===file:syntax/insert_value.sql, id:805, sql:[insert into aly_test values (3,'-12:12:12')]===
dble:[[]]
===file:syntax/insert_value.sql, id:806, sql:[insert into aly_test values (4,'')]===
dble:[[]]
===file:syntax/insert_value.sql, id:807, sql:[insert into aly_test values (5,0)]===
dble:[[]]
===file:syntax/insert_value.sql, id:808, sql:[insert into aly_test values (6,NULL)]===
dble:[[]]
===file:syntax/insert_value.sql, id:810, sql:[drop table if exists aly_test]===
dble:[[]]
===file:syntax/insert_value.sql, id:811, sql:[create table aly_test(id int,datetime_columns datetime)]===
dble:[[]]
===file:syntax/insert_value.sql, id:812, sql:[insert into aly_test values (0,'1000-01-01 00:00:00')]===
dble:[[]]
===file:syntax/insert_value.sql, id:813, sql:[insert into aly_test values (1,'9999-12-31 23:59:59')]===
dble:[[]]
===file:syntax/insert_value.sql, id:814, sql:[insert into aly_test values (2,'1000-01-01 00:00:00.000000')]===
dble:[[]]
===file:syntax/insert_value.sql, id:816, sql:[insert into aly_test values (4,'1900-00-00 00:00:00')]===
dble:[[]]
===file:syntax/insert_value.sql, id:817, sql:[insert into aly_test values (5,'1900-03-02 04:06:09')]===
dble:[[]]
===file:syntax/insert_value.sql, id:819, sql:[insert into aly_test values (7,0)]===
dble:[[]]
===file:syntax/insert_value.sql, id:820, sql:[insert into aly_test values (8,NULL)]===
dble:[[]]
===file:syntax/insert_value.sql, id:822, sql:[drop table if exists aly_test]===
dble:[[]]
===file:syntax/insert_value.sql, id:823, sql:[create table aly_test(id int,timestamp_columns timestamp)]===
dble:[[]]
===file:syntax/insert_value.sql, id:824, sql:[insert into aly_test values (0,'1970-01-01 08:00:01')]===
dble:[[]]
===file:syntax/insert_value.sql, id:825, sql:[insert into aly_test values (1,'2038-01-19 11:14:07')]===
dble:[[]]
===file:syntax/insert_value.sql, id:826, sql:[insert into aly_test values (2,'2015-08-12 14:57:05')]===
dble:[[]]
===file:syntax/insert_value.sql, id:827, sql:[insert into aly_test values (3,now())]===
dble:[[]]
===file:syntax/insert_value.sql, id:829, sql:[insert into aly_test values (5,0)]===
dble:[[]]
===file:syntax/insert_value.sql, id:830, sql:[insert into aly_test values (6,NULL)]===
dble:[[]]
===file:syntax/insert_value.sql, id:832, sql:[drop table if exists aly_test]===
dble:[[]]
===file:syntax/insert_value.sql, id:833, sql:[create table aly_test(id int,tinyint_columns tinyint)]===
dble:[[]]
===file:syntax/insert_value.sql, id:834, sql:[insert into aly_test values (0,-128)]===
dble:[[]]
===file:syntax/insert_value.sql, id:835, sql:[insert into aly_test values (1,127)]===
dble:[[]]
===file:syntax/insert_value.sql, id:836, sql:[insert into aly_test values (2,0)]===
dble:[[]]
===file:syntax/insert_value.sql, id:837, sql:[insert into aly_test values (3,50)]===
dble:[[]]
===file:syntax/insert_value.sql, id:838, sql:[insert into aly_test values (4,-50)]===
dble:[[]]
===file:syntax/insert_value.sql, id:840, sql:[insert into aly_test values (6,NULL)]===
dble:[[]]
===file:syntax/insert_value.sql, id:842, sql:[drop table if exists aly_test]===
dble:[[]]
===file:syntax/insert_value.sql, id:843, sql:[create table aly_test(id int,tinyint_unsigned_columns tinyint unsigned)]===
dble:[[]]
===file:syntax/insert_value.sql, id:844, sql:[insert into aly_test values (0,0)]===
dble:[[]]
===file:syntax/insert_value.sql, id:845, sql:[insert into aly_test values (1,255)]===
dble:[[]]
===file:syntax/insert_value.sql, id:846, sql:[insert into aly_test values (2,100)]===
dble:[[]]
===file:syntax/insert_value.sql, id:848, sql:[insert into aly_test values (4,NULL)]===
dble:[[]]
===file:syntax/insert_value.sql, id:850, sql:[drop table if exists aly_test]===
dble:[[]]
===file:syntax/insert_value.sql, id:851, sql:[create table aly_test(id int,smallint_columns smallint)]===
dble:[[]]
===file:syntax/insert_value.sql, id:852, sql:[insert into aly_test values (0,-32768)]===
dble:[[]]
===file:syntax/insert_value.sql, id:853, sql:[insert into aly_test values (1,32767)]===
dble:[[]]
===file:syntax/insert_value.sql, id:854, sql:[insert into aly_test values (2,0)]===
dble:[[]]
===file:syntax/insert_value.sql, id:855, sql:[insert into aly_test values (3,60)]===
dble:[[]]
===file:syntax/insert_value.sql, id:856, sql:[insert into aly_test values (4,-60)]===
dble:[[]]
===file:syntax/insert_value.sql, id:858, sql:[insert into aly_test values (6,NULL)]===
dble:[[]]
===file:syntax/insert_value.sql, id:860, sql:[drop table if exists aly_test]===
dble:[[]]
===file:syntax/insert_value.sql, id:861, sql:[create table aly_test(id int,smallint_unsigned_columns smallint unsigned)]===
dble:[[]]
===file:syntax/insert_value.sql, id:862, sql:[insert into aly_test values (0,0)]===
dble:[[]]
===file:syntax/insert_value.sql, id:863, sql:[insert into aly_test values (1,65535)]===
dble:[[]]
===file:syntax/insert_value.sql, id:864, sql:[insert into aly_test values (2,1000)]===
dble:[[]]
===file:syntax/insert_value.sql, id:866, sql:[insert into aly_test values (4,NULL)]===
dble:[[]]
===file:syntax/insert_value.sql, id:868, sql:[drop table if exists aly_test]===
dble:[[]]
===file:syntax/insert_value.sql, id:869, sql:[create table aly_test(id int,mediumint_columns mediumint)]===
dble:[[]]
===file:syntax/insert_value.sql, id:870, sql:[insert into aly_test values (0,-8388608)]===
dble:[[]]
===file:syntax/insert_value.sql, id:871, sql:[insert into aly_test values (1,8388607)]===
dble:[[]]
===file:syntax/insert_value.sql, id:872, sql:[insert into aly_test values (2,0)]===
dble:[[]]
===file:syntax/insert_value.sql, id:874, sql:[insert into aly_test values (4,NULL)]===
dble:[[]]
===file:syntax/insert_value.sql, id:876, sql:[drop table if exists aly_test]===
dble:[[]]
===file:syntax/insert_value.sql, id:877, sql:[create table aly_test(id int,mediumint_unsigned_columns mediumint unsigned)]===
dble:[[]]
===file:syntax/insert_value.sql, id:878, sql:[insert into aly_test values (0,0)]===
dble:[[]]
===file:syntax/insert_value.sql, id:879, sql:[insert into aly_test values (1,16777215)]===
dble:[[]]
===file:syntax/insert_value.sql, id:880, sql:[insert into aly_test values (2,2000)]===
dble:[[]]
===file:syntax/insert_value.sql, id:882, sql:[insert into aly_test values (4,NULL)]===
dble:[[]]
===file:syntax/insert_value.sql, id:884, sql:[drop table if exists aly_test]===
dble:[[]]
===file:syntax/insert_value.sql, id:885, sql:[create table aly_test(id int,int_columns int)]===
dble:[[]]
===file:syntax/insert_value.sql, id:886, sql:[insert into aly_test values (0,-2147483648)]===
dble:[[]]
===file:syntax/insert_value.sql, id:887, sql:[insert into aly_test values (1,2147483647)]===
dble:[[]]
===file:syntax/insert_value.sql, id:888, sql:[insert into aly_test values (2,0)]===
dble:[[]]
===file:syntax/insert_value.sql, id:889, sql:[insert into aly_test values (3,4000)]===
dble:[[]]
===file:syntax/insert_value.sql, id:891, sql:[insert into aly_test values (5,NULL)]===
dble:[[]]
===file:syntax/insert_value.sql, id:893, sql:[drop table if exists aly_test]===
dble:[[]]
===file:syntax/insert_value.sql, id:894, sql:[create table aly_test(id int,int_unsigned_columns int unsigned)]===
dble:[[]]
===file:syntax/insert_value.sql, id:895, sql:[insert into aly_test values (0,0)]===
dble:[[]]
===file:syntax/insert_value.sql, id:896, sql:[insert into aly_test values (1,4294967295)]===
dble:[[]]
===file:syntax/insert_value.sql, id:897, sql:[insert into aly_test values (2,60000)]===
dble:[[]]
===file:syntax/insert_value.sql, id:899, sql:[insert into aly_test values (4,NULL)]===
dble:[[]]
===file:syntax/insert_value.sql, id:901, sql:[drop table if exists aly_test]===
dble:[[]]
===file:syntax/insert_value.sql, id:902, sql:[create table aly_test(id int,bigint_columns bigint)]===
dble:[[]]
===file:syntax/insert_value.sql, id:903, sql:[insert into aly_test values (0,-9223372036854775808)]===
dble:[[]]
===file:syntax/insert_value.sql, id:904, sql:[insert into aly_test values (1,9223372036854775807)]===
dble:[[]]
===file:syntax/insert_value.sql, id:905, sql:[insert into aly_test values (2,0)]===
dble:[[]]
===file:syntax/insert_value.sql, id:906, sql:[insert into aly_test values (3,800000)]===
dble:[[]]
===file:syntax/insert_value.sql, id:908, sql:[insert into aly_test values (5,NULL)]===
dble:[[]]
===file:syntax/insert_value.sql, id:910, sql:[drop table if exists aly_test]===
dble:[[]]
===file:syntax/insert_value.sql, id:911, sql:[create table aly_test(id int,bigint_unsigned_columns bigint unsigned)]===
dble:[[]]
===file:syntax/insert_value.sql, id:912, sql:[insert into aly_test values (0,0)]===
dble:[[]]
===file:syntax/insert_value.sql, id:913, sql:[insert into aly_test values (1,18446744073709551615)]===
dble:[[]]
===file:syntax/insert_value.sql, id:914, sql:[insert into aly_test values (2,200000000)]===
dble:[[]]
===file:syntax/insert_value.sql, id:916, sql:[insert into aly_test values (4,NULL)]===
dble:[[]]
===file:syntax/insert_value.sql, id:918, sql:[drop table if exists aly_test]===
dble:[[]]
===file:syntax/insert_value.sql, id:919, sql:[create table aly_test(id int,decimal_columns decimal(10,2))]===
dble:[[]]
===file:syntax/insert_value.sql, id:920, sql:[insert into aly_test values (0,-99999999.99)]===
dble:[[]]
===file:syntax/insert_value.sql, id:921, sql:[insert into aly_test values (1,99999999.99)]===
dble:[[]]
===file:syntax/insert_value.sql, id:922, sql:[insert into aly_test values (2,0)]===
dble:[[]]
===file:syntax/insert_value.sql, id:923, sql:[insert into aly_test values (3,10)]===
dble:[[]]
===file:syntax/insert_value.sql, id:924, sql:[insert into aly_test values (4,20.12)]===
dble:[[]]
===file:syntax/insert_value.sql, id:926, sql:[insert into aly_test values (6,NULL)]===
dble:[[]]
===file:syntax/insert_value.sql, id:928, sql:[drop table if exists aly_test]===
dble:[[]]
===file:syntax/insert_value.sql, id:929, sql:[create table aly_test(id int,decimal_columns decimal(10,2) unsigned)]===
dble:[[]]
===file:syntax/insert_value.sql, id:930, sql:[insert into aly_test values (0,0)]===
dble:[[]]
===file:syntax/insert_value.sql, id:931, sql:[insert into aly_test values (1,99999999.99)]===
dble:[[]]
===file:syntax/insert_value.sql, id:932, sql:[insert into aly_test values (2,12.23)]===
dble:[[]]
===file:syntax/insert_value.sql, id:934, sql:[insert into aly_test values (4,NULL)]===
dble:[[]]
===file:syntax/insert_value.sql, id:936, sql:[drop table if exists aly_test]===
dble:[[]]
===file:syntax/insert_value.sql, id:937, sql:[create table aly_test(id int,float_columns float(7,4))]===
dble:[[]]
===file:syntax/insert_value.sql, id:938, sql:[insert into aly_test values (0,-999.9999)]===
dble:[[]]
===file:syntax/insert_value.sql, id:939, sql:[insert into aly_test values (1,999.9999)]===
dble:[[]]
===file:syntax/insert_value.sql, id:940, sql:[insert into aly_test values (2,0)]===
dble:[[]]
===file:syntax/insert_value.sql, id:941, sql:[insert into aly_test values (3,100)]===
dble:[[]]
===file:syntax/insert_value.sql, id:942, sql:[insert into aly_test values (4,120.12)]===
dble:[[]]
===file:syntax/insert_value.sql, id:944, sql:[insert into aly_test values (6,NULL)]===
dble:[[]]
===file:syntax/insert_value.sql, id:946, sql:[drop table if exists aly_test]===
dble:[[]]
===file:syntax/insert_value.sql, id:947, sql:[create table aly_test(id int,float_columns float(7,4) unsigned)]===
dble:[[]]
===file:syntax/insert_value.sql, id:948, sql:[insert into aly_test values (0,0)]===
dble:[[]]
===file:syntax/insert_value.sql, id:949, sql:[insert into aly_test values (1,999.9999)]===
dble:[[]]
===file:syntax/insert_value.sql, id:950, sql:[insert into aly_test values (2,12.23)]===
dble:[[]]
===file:syntax/insert_value.sql, id:952, sql:[insert into aly_test values (4,NULL)]===
dble:[[]]
===file:syntax/insert_value.sql, id:954, sql:[drop table if exists aly_test]===
dble:[[]]
===file:syntax/insert_value.sql, id:955, sql:[create table aly_test(id int,double_columns double(7,4))]===
dble:[[]]
===file:syntax/insert_value.sql, id:956, sql:[insert into aly_test values (0,-999.9999)]===
dble:[[]]
===file:syntax/insert_value.sql, id:957, sql:[insert into aly_test values (1,999.9999)]===
dble:[[]]
===file:syntax/insert_value.sql, id:958, sql:[insert into aly_test values (2,0)]===
dble:[[]]
===file:syntax/insert_value.sql, id:959, sql:[insert into aly_test values (3,100)]===
dble:[[]]
===file:syntax/insert_value.sql, id:960, sql:[insert into aly_test values (4,120.12)]===
dble:[[]]
===file:syntax/insert_value.sql, id:962, sql:[insert into aly_test values (6,NULL)]===
dble:[[]]
===file:syntax/insert_value.sql, id:964, sql:[drop table if exists aly_test]===
dble:[[]]
===file:syntax/insert_value.sql, id:965, sql:[create table aly_test(id int,double_unsigned_columns double(7,4))]===
dble:[[]]
===file:syntax/insert_value.sql, id:966, sql:[insert into aly_test values (0,0)]===
dble:[[]]
===file:syntax/insert_value.sql, id:967, sql:[insert into aly_test values (1,999.9999)]===
dble:[[]]
===file:syntax/insert_value.sql, id:968, sql:[insert into aly_test values (2,12.23)]===
dble:[[]]
===file:syntax/insert_value.sql, id:970, sql:[insert into aly_test values (4,NULL)]===
dble:[[]]
===file:syntax/insert_value.sql, id:972, sql:[drop table if exists aly_test]===
dble:[[]]
===file:syntax/insert_value.sql, id:973, sql:[create table aly_test(id int,enum_columns enum('s','m','x'))]===
dble:[[]]
===file:syntax/insert_value.sql, id:974, sql:[insert into aly_test values (0,'s')]===
dble:[[]]
===file:syntax/insert_value.sql, id:975, sql:[insert into aly_test values (1,'m')]===
dble:[[]]
===file:syntax/insert_value.sql, id:976, sql:[insert into aly_test values (2,'x')]===
dble:[[]]
===file:syntax/insert_value.sql, id:977, sql:[insert into aly_test values (3,NULL)]===
dble:[[]]
