===file:syntax/set_user_var.sql, id:3, sql:[SET @t1=1, @t2=2, @t3:=4]===
dble:[[]]
===file:syntax/set_user_var.sql, id:4, sql:[SELECT @t1, @t2, @t3, @t4 := @t1+@t2+@t3]===
dble:[[(None, None, None, None)]]
===file:syntax/set_user_var.sql, id:5, sql:[SET @v1 = X'41']===
dble:[[]]
===file:syntax/set_user_var.sql, id:6, sql:[SET @v2 = X'41'+0]===
dble:[[]]
===file:syntax/set_user_var.sql, id:7, sql:[SET @v3 = CAST(X'41' AS UNSIGNED)]===
dble:[[]]
===file:syntax/set_user_var.sql, id:8, sql:[SELECT @v1, @v2, @v3]===
dble:[[(None, None, None)]]
===file:syntax/set_user_var.sql, id:9, sql:[SET @v1 = b'1000001']===
dble:[[]]
===file:syntax/set_user_var.sql, id:10, sql:[SET @v2 = b'1000001'+0]===
dble:[[]]
===file:syntax/set_user_var.sql, id:11, sql:[SET @v3 = CAST(b'1000001' AS UNSIGNED)]===
dble:[[]]
===file:syntax/set_user_var.sql, id:12, sql:[SELECT @v1, @v2, @v3]===
dble:[[(None, None, None)]]
===file:syntax/set_user_var.sql, id:21, sql:[SELECT @@error_count / @@warning_count]===
dble:[[(None,)]]
===file:syntax/set_user_var.sql, id:22, sql:[DROP TABLE IF EXISTS shop]===
dble:[[]]
===file:syntax/set_user_var.sql, id:23, sql:[create table shop(article int(4), dealer varchar(10), price float(8,2))]===
dble:[[]]
===file:syntax/set_user_var.sql, id:24, sql:[insert into shop values(1, 'D', 234.25),(2, 'D', 67.29),(3, 'D', 1.25),(4,'D',19.95)]===
dble:[[]]
===file:syntax/set_user_var.sql, id:25, sql:[SELECT @min_price:=MIN(price),@max_price:=MAX(price) FROM shop]===
dble:[[(1.25, 234.25)]]
===file:syntax/set_user_var.sql, id:26, sql:[SELECT * FROM shop WHERE price=@min_price OR price=@max_price]===
dble:[[(1L, 'D', 234.25), (3L, 'D', 1.25)]]
===file:syntax/set_user_var.sql, id:27, sql:[SELECT (@aa:=article) AS a, (@aa+3) AS b FROM shop HAVING b=5]===
dble:[[]]
===file:syntax/set_user_var.sql, id:28, sql:[drop table if exists t1]===
dble:[[]]
===file:syntax/set_user_var.sql, id:29, sql:[drop table if exists t2]===
dble:[[]]
===file:syntax/set_user_var.sql, id:30, sql:[drop table if exists t3]===
dble:[[]]
===file:syntax/set_user_var.sql, id:31, sql:[create table t1(a int(4), B int(4))]===
dble:[[]]
===file:syntax/set_user_var.sql, id:32, sql:[insert into t1 values (10, 1),(10, 1),(11,1),(10, 1)]===
dble:[[]]
===file:syntax/set_user_var.sql, id:33, sql:[create table t2(a int(4), B int(4))]===
dble:[[]]
===file:syntax/set_user_var.sql, id:34, sql:[insert into t2 values (10, 1),(11, 2),(10,2)]===
dble:[[]]
===file:syntax/set_user_var.sql, id:35, sql:[create table t3(a int(4), B int(4))]===
dble:[[]]
===file:syntax/set_user_var.sql, id:36, sql:[insert into t3 values (12, 1),(11, 1),(10,11)]===
dble:[[]]
===file:syntax/set_user_var.sql, id:37, sql:[(SELECT @vara:=a FROM t1 WHERE a=10 AND B=1) UNION (SELECT @varb:=B FROM t2 WHERE a=@vara AND B=2) UNION (SELECT a FROM t3 WHERE a=@vara+@varb AND B=1)]===
dble:[[(2L,), (10L,), (12L,)]]
===file:syntax/set_user_var.sql, id:38, sql:[SELECT REPEAT('a',1) UNION SELECT REPEAT('b',10)]===
dble:[[('a',), ('bbbbbbbbbb',)]]
===file:syntax/set_user_var.sql, id:39, sql:[drop table if exists table_member_comments]===
dble:[[]]
===file:syntax/set_user_var.sql, id:40, sql:[drop table if exists table_guest_comments]===
dble:[[]]
===file:syntax/set_user_var.sql, id:41, sql:[create table table_member_comments(id int(4), datetime timestamp, widgetID int(8), message varchar(255), active boolean)]===
dble:[[]]
===file:syntax/set_user_var.sql, id:42, sql:[create table table_guest_comments(id int(4), datetime timestamp, widgetID int(8), message varchar(255), active boolean)]===
dble:[[]]
===file:syntax/set_user_var.sql, id:43, sql:[insert into table_member_comments values(1, 20160825174312, 90, 'hello world', 0),(2, 20160823174313, 100, 'hello python', 1),(3, 20160822174314, 100, 'hello java', 1)]===
dble:[[]]
===file:syntax/set_user_var.sql, id:44, sql:[insert into table_guest_comments values(1, 20160825174312, 90, 'hello world', 0),(2, 20160823174313, 100, 'hello php', 1),(3, 20160822174314, 100, 'hello c++', 0)]===
dble:[[]]
===file:syntax/set_user_var.sql, id:47, sql:[set @abc123=1]===
dble:[[]]
===file:syntax/set_user_var.sql, id:48, sql:[set @123abc=2]===
dble:[[]]
===file:syntax/set_user_var.sql, id:49, sql:[set @abc=3]===
dble:[[]]
===file:syntax/set_user_var.sql, id:50, sql:[set @123=4]===
dble:[[]]
===file:syntax/set_user_var.sql, id:53, sql:[set @_=7]===
dble:[[]]
===file:syntax/set_user_var.sql, id:56, sql:[set @`-`=10]===
dble:[[]]
===file:syntax/set_user_var.sql, id:57, sql:[set @uv:=11]===
dble:[[]]
===file:syntax/set_user_var.sql, id:58, sql:[set @a:=1]===
dble:[[]]
===file:syntax/set_user_var.sql, id:59, sql:[set @a:=@a+1]===
dble:[[]]
===file:syntax/set_user_var.sql, id:68, sql:[SET SESSION sort_buffer_size = 1000000]===
dble:[[]]
===file:syntax/set_user_var.sql, id:69, sql:[SET @@local.sort_buffer_size = 1000000]===
dble:[[]]
===file:syntax/set_user_var.sql, id:70, sql:[SET sort_buffer_size = 1000000]===
dble:[[]]
===file:syntax/set_user_var.sql, id:71, sql:[SET @@session.max_join_size=DEFAULT]===
dble:[[]]
===file:syntax/set_user_var.sql, id:73, sql:[set character set ascii]===
dble:[[]]
===file:syntax/set_user_var.sql, id:74, sql:[select @@character_set_client]===
dble:[[('latin1',)]]
===file:syntax/set_user_var.sql, id:75, sql:[select @@character_set_results]===
dble:[[('latin1',)]]
===file:syntax/set_user_var.sql, id:76, sql:[set character set DEFAULT]===
dble:[[]]
===file:syntax/set_user_var.sql, id:77, sql:[select @@character_set_client]===
dble:[[('latin1',)]]
===file:syntax/set_user_var.sql, id:78, sql:[select @@character_set_results]===
dble:[[('latin1',)]]
===file:syntax/set_user_var.sql, id:79, sql:[set charset ascii]===
dble:[[]]
===file:syntax/set_user_var.sql, id:80, sql:[select @@character_set_client]===
dble:[[('latin1',)]]
===file:syntax/set_user_var.sql, id:81, sql:[select @@character_set_results]===
dble:[[('latin1',)]]
===file:syntax/set_user_var.sql, id:82, sql:[set charset DEFAULT]===
dble:[[]]
===file:syntax/set_user_var.sql, id:83, sql:[select @@character_set_client]===
dble:[[('latin1',)]]
===file:syntax/set_user_var.sql, id:84, sql:[select @@character_set_results]===
dble:[[('latin1',)]]
===file:syntax/set_user_var.sql, id:86, sql:[set names default]===
dble:[[]]
===file:syntax/set_user_var.sql, id:87, sql:[select @@character_set_client]===
dble:[[('latin1',)]]
===file:syntax/set_user_var.sql, id:88, sql:[select @@character_set_results]===
dble:[[('latin1',)]]
===file:syntax/set_user_var.sql, id:89, sql:[select @@character_set_connection]===
dble:[[('latin1',)]]
===file:syntax/set_user_var.sql, id:90, sql:[set names 'ascii' collate 'ascii_general_ci']===
dble:[[]]
===file:syntax/set_user_var.sql, id:91, sql:[select @@character_set_client]===
dble:[[('latin1',)]]
===file:syntax/set_user_var.sql, id:92, sql:[select @@character_set_results]===
dble:[[('latin1',)]]
===file:syntax/set_user_var.sql, id:93, sql:[select @@character_set_connection]===
dble:[[('latin1',)]]
