===file:syntax/set_names_character.sql, id:9, sql:[set names 'utf8';]===
dble:[[]]
===file:syntax/set_names_character.sql, id:10, sql:[select @@character_set_client,@@character_set_connection,@@character_set_results;]===
dble:[[('latin1', 'latin1', 'latin1')]]
===file:syntax/set_names_character.sql, id:11, sql:[drop table if exists mytest_test1;]===
dble:[[]]
===file:syntax/set_names_character.sql, id:12, sql:[create table mytest_test1(id int,data varchar(10));]===
dble:[[]]
===file:syntax/set_names_character.sql, id:13, sql:[insert into mytest_test1 values (1,'测试1');]===
dble:[[]]
===file:syntax/set_names_character.sql, id:14, sql:[select * from mytest_test1;]===
dble:[[(1L, '\xe6\xb5\x8b\xe8\xaf\x951')]]
===file:syntax/set_names_character.sql, id:15, sql:[set @@character_set_client='gbk';]===
dble:[[]]
===file:syntax/set_names_character.sql, id:16, sql:[select * from mytest_test1;]===
dble:[[(1L, '\xe6\xb5\x8b\xe8\xaf\x951')]]
===file:syntax/set_names_character.sql, id:17, sql:[set @@character_set_results='gbk';]===
dble:[[]]
===file:syntax/set_names_character.sql, id:18, sql:[select * from mytest_test1;]===
dble:[[(1L, '\xe6\xb5\x8b\xe8\xaf\x951')]]
===file:syntax/set_names_character.sql, id:19, sql:[select concat('123','测试2');]===
dble:[[('123\xe6\xb5\x8b\xe8\xaf\x952',)]]
===file:syntax/set_names_character.sql, id:24, sql:[set names 'utf8';]===
dble:[[]]
===file:syntax/set_names_character.sql, id:25, sql:[select @@character_set_client,@@character_set_connection,@@character_set_results;]===
dble:[[('utf8', 'utf8', 'utf8')]]
===file:syntax/set_names_character.sql, id:26, sql:[drop table if exists mytest_test1;]===
dble:[[]]
===file:syntax/set_names_character.sql, id:27, sql:[create table mytest_test1(id int,data varchar(10));]===
dble:[[]]
===file:syntax/set_names_character.sql, id:29, sql:[select * from mytest_test1;]===
dble:[[]]
===file:syntax/set_names_character.sql, id:30, sql:[set @@character_set_connection='gbk';]===
dble:[[]]
===file:syntax/set_names_character.sql, id:32, sql:[select * from mytest_test1;]===
dble:[[]]
===file:syntax/set_names_character.sql, id:33, sql:[set @@character_set_connection='ascii';]===
dble:[[]]
===file:syntax/set_names_character.sql, id:34, sql:[insert into mytest_test1 values (3,'测试3');]===
dble:[[]]
===file:syntax/set_names_character.sql, id:35, sql:[select * from mytest_test1;]===
dble:[[(3L, '??3')]]
===file:syntax/set_names_character.sql, id:36, sql:[set @@character_set_connection='utf8';]===
dble:[[]]
===file:syntax/set_names_character.sql, id:37, sql:[select @@character_set_connection;]===
dble:[[('utf8',)]]
===file:syntax/set_names_character.sql, id:38, sql:[set @@character_set_client='gbk';]===
dble:[[]]
===file:syntax/set_names_character.sql, id:39, sql:[select @@character_set_client;]===
dble:[[('gbk',)]]
===file:syntax/set_names_character.sql, id:41, sql:[select * from mytest_test1;]===
dble:[[(3L, '??3')]]
===file:syntax/set_names_character.sql, id:42, sql:[set @@character_set_client='utf8';]===
dble:[[]]
===file:syntax/set_names_character.sql, id:43, sql:[select * from mytest_test1;]===
dble:[[(3L, '??3')]]
===file:syntax/set_names_character.sql, id:44, sql:[set @@character_set_results='gbk';]===
dble:[[]]
===file:syntax/set_names_character.sql, id:46, sql:[select * from mytest_test1;]===
dble:[[(3L, '??3')]]
===file:syntax/set_names_character.sql, id:47, sql:[set @@character_set_results='utf8';]===
dble:[[]]
===file:syntax/set_names_character.sql, id:48, sql:[set @@character_set_client='utf8';]===
dble:[[]]
===file:syntax/set_names_character.sql, id:49, sql:[select @@character_set_client,@@character_set_connection,@@character_set_results;]===
dble:[[('utf8', 'utf8', 'utf8')]]
===file:syntax/set_names_character.sql, id:51, sql:[select * from mytest_test1;]===
dble:[[(3L, '??3')]]
===file:syntax/set_names_character.sql, id:55, sql:[set character set ascii]===
dble:[[]]
===file:syntax/set_names_character.sql, id:56, sql:[select @@character_set_client]===
dble:[[('ascii',)]]
===file:syntax/set_names_character.sql, id:57, sql:[select @@character_set_results]===
dble:[[('ascii',)]]
===file:syntax/set_names_character.sql, id:58, sql:[set character set DEFAULT]===
dble:[[]]
===file:syntax/set_names_character.sql, id:61, sql:[set charset ascii]===
dble:[[]]
===file:syntax/set_names_character.sql, id:62, sql:[select @@character_set_client]===
dble:[[('ascii',)]]
===file:syntax/set_names_character.sql, id:63, sql:[select @@character_set_results]===
dble:[[('ascii',)]]
===file:syntax/set_names_character.sql, id:64, sql:[set charset DEFAULT]===
dble:[[]]
===file:syntax/set_names_character.sql, id:67, sql:[set names default]===
dble:[[]]
===file:syntax/set_names_character.sql, id:71, sql:[set names 'ascii' collate 'ascii_general_ci']===
dble:[[]]
===file:syntax/set_names_character.sql, id:72, sql:[select @@character_set_client]===
dble:[[('ascii',)]]
===file:syntax/set_names_character.sql, id:73, sql:[select @@character_set_results]===
dble:[[('ascii',)]]
===file:syntax/set_names_character.sql, id:74, sql:[select @@character_set_connection]===
dble:[[('ascii',)]]
