===file:syntax/show.sql, id:1, sql:[drop table if exists aly_test]===
dble:[[]]
===file:syntax/show.sql, id:2, sql:[drop table if exists aly_order]===
dble:[[]]
===file:syntax/show.sql, id:3, sql:[create table aly_order (ID int(11),O_ORDERKEY varchar(20) primary key,O_CUSTKEY varchar(20),O_TOTALPRICE int(20),MYDATE date)]===
dble:[[]]
===file:syntax/show.sql, id:4, sql:[create table aly_test (ID int(11),R_REGIONKEY int(11) primary key,R_NAME varchar(50),R_COMMENT varchar(50))]===
dble:[[]]
===file:syntax/show.sql, id:5, sql:[insert into aly_order (ID,O_ORDERKEY,O_CUSTKEY,O_TOTALPRICE,MYDATE) values (1,'ORDERKEY_001','CUSTKEY_003',200000,'20141022'),(2,'ORDERKEY_002','CUSTKEY_003',100000,'19920501'),(4,'ORDERKEY_004','CUSTKEY_111',500,'20080105'),(5,'ORDERKEY_005','CUSTKEY_132',100,'19920628'),(10,'ORDERKEY_010','CUSTKEY_333',88888888,'19920720'),(11,'ORDERKEY_011','CUSTKEY_012',323456,'19920822'),(7,'ORDERKEY_007','CUSTKEY_980',12000,'19920910'),(6,'ORDERKEY_006','CUSTKEY_420',231,'19921111')]===
dble:[[]]
===file:syntax/show.sql, id:6, sql:[insert into aly_test (ID,R_REGIONKEY,R_NAME,R_COMMENT) values (1,1,'Eastern','test001'),(3,3,'Northern','test003'),(2,2,'Western','test002'),(4,4,'Southern','test004')]===
dble:[[]]
===file:syntax/show.sql, id:7, sql:[show columns from aly_order]===
dble:[[('ID', 'int(11)', 'YES', '', None, ''), ('MYDATE', 'date', 'YES', '', None, ''), ('O_CUSTKEY', 'varchar(20)', 'YES', '', None, ''), ('O_ORDERKEY', 'varchar(20)', 'NO', 'PRI', None, ''), ('O_TOTALPRICE', 'int(20)', 'YES', '', None, '')]]
===file:syntax/show.sql, id:9, sql:[show columns from aly_order from schema1]===
dble:[[('ID', 'int(11)', 'YES', '', None, ''), ('MYDATE', 'date', 'YES', '', None, ''), ('O_CUSTKEY', 'varchar(20)', 'YES', '', None, ''), ('O_ORDERKEY', 'varchar(20)', 'NO', 'PRI', None, ''), ('O_TOTALPRICE', 'int(20)', 'YES', '', None, '')]]
===file:syntax/show.sql, id:11, sql:[show full columns from aly_order from schema1]===
dble:[[('ID', 'int(11)', None, 'YES', '', None, '', 'select,insert,update,references', ''), ('MYDATE', 'date', None, 'YES', '', None, '', 'select,insert,update,references', ''), ('O_CUSTKEY', 'varchar(20)', 'latin1_swedish_ci', 'YES', '', None, '', 'select,insert,update,references', ''), ('O_ORDERKEY', 'varchar(20)', 'latin1_swedish_ci', 'NO', 'PRI', None, '', 'select,insert,update,references', ''), ('O_TOTALPRICE', 'int(20)', None, 'YES', '', None, '', 'select,insert,update,references', '')]]
===file:syntax/show.sql, id:12, sql:[show full columns from aly_order from schema1 like 'o%']===
dble:[[('O_CUSTKEY', 'varchar(20)', 'latin1_swedish_ci', 'YES', '', None, '', 'select,insert,update,references', ''), ('O_ORDERKEY', 'varchar(20)', 'latin1_swedish_ci', 'NO', 'PRI', None, '', 'select,insert,update,references', ''), ('O_TOTALPRICE', 'int(20)', None, 'YES', '', None, '', 'select,insert,update,references', '')]]
===file:syntax/show.sql, id:13, sql:[show full columns from aly_order from schema1 where field like 'o%']===
dble:[[('O_CUSTKEY', 'varchar(20)', 'latin1_swedish_ci', 'YES', '', None, '', 'select,insert,update,references', ''), ('O_ORDERKEY', 'varchar(20)', 'latin1_swedish_ci', 'NO', 'PRI', None, '', 'select,insert,update,references', ''), ('O_TOTALPRICE', 'int(20)', None, 'YES', '', None, '', 'select,insert,update,references', '')]]
===file:syntax/show.sql, id:14, sql:[show table status/*allow_diff*/]===
dble:[[('aly_order', 'InnoDB', 10L, 'Dynamic', 1L, 16384L, 16384L, 0L, 0L, 0L, None, datetime.datetime(2018, 9, 12, 14, 2, 31), datetime.datetime(2018, 9, 12, 14, 2, 31), None, 'latin1_swedish_ci', None, '', ''), ('aly_test', 'InnoDB', 10L, 'Dynamic', 1L, 16384L, 16384L, 0L, 0L, 0L, None, datetime.datetime(2018, 9, 12, 14, 2, 31), datetime.datetime(2018, 9, 12, 14, 2, 31), None, 'latin1_swedish_ci', None, '', '')]]
mysql:[[('aly_order', 'InnoDB', 10L, 'Dynamic', 8L, 2048L, 16384L, 0L, 0L, 0L, None, datetime.datetime(2018, 9, 12, 14, 2, 31), datetime.datetime(2018, 9, 12, 14, 2, 31), None, 'latin1_swedish_ci', None, '', ''), ('aly_test', 'InnoDB', 10L, 'Dynamic', 4L, 4096L, 16384L, 0L, 0L, 0L, None, datetime.datetime(2018, 9, 12, 14, 2, 31), datetime.datetime(2018, 9, 12, 14, 2, 31), None, 'latin1_swedish_ci', None, '', '')]]
===file:syntax/show.sql, id:15, sql:[show table status like 'aly_o%'/*allow_diff*/]===
dble:[[('aly_order', 'InnoDB', 10L, 'Dynamic', 2L, 8192L, 16384L, 0L, 0L, 0L, None, datetime.datetime(2018, 9, 12, 14, 2, 31), datetime.datetime(2018, 9, 12, 14, 2, 31), None, 'latin1_swedish_ci', None, '', '')]]
mysql:[[('aly_order', 'InnoDB', 10L, 'Dynamic', 8L, 2048L, 16384L, 0L, 0L, 0L, None, datetime.datetime(2018, 9, 12, 14, 2, 31), datetime.datetime(2018, 9, 12, 14, 2, 31), None, 'latin1_swedish_ci', None, '', '')]]
===file:syntax/show.sql, id:16, sql:[show tables]===
dble:[[('aly_order',), ('aly_test',)]]
===file:syntax/show.sql, id:17, sql:[show full tables]===
dble:[[('aly_order', 'BASE TABLE'), ('aly_test', 'BASE TABLE')]]
===file:syntax/show.sql, id:18, sql:[show tables from schema1]===
dble:[[('aly_order',), ('aly_test',)]]
===file:syntax/show.sql, id:19, sql:[show tables in schema1]===
dble:[[('aly_order',), ('aly_test',)]]
===file:syntax/show.sql, id:20, sql:[show full tables from schema1]===
dble:[[('aly_order', 'BASE TABLE'), ('aly_test', 'BASE TABLE')]]
===file:syntax/show.sql, id:21, sql:[show full tables in schema1]===
dble:[[('aly_order', 'BASE TABLE'), ('aly_test', 'BASE TABLE')]]
===file:syntax/show.sql, id:22, sql:[show tables like 'aly_o%']===
dble:[[('aly_order',)]]
===file:syntax/show.sql, id:23, sql:[show full tables from schema1 like 'aly%']===
dble:[[('aly_order', 'BASE TABLE'), ('aly_test', 'BASE TABLE')]]
===file:syntax/show.sql, id:24, sql:[show full tables in schema1 where table_type like 'base%']===
dble:[[('aly_order', 'BASE TABLE'), ('aly_test', 'BASE TABLE')]]
===file:syntax/show.sql, id:25, sql:[create INDEX index_001 ON aly_test (ID)]===
dble:[[]]
===file:syntax/show.sql, id:26, sql:[show index from aly_test]===
dble:[[('aly_test', 0L, 'PRIMARY', 1L, 'R_REGIONKEY', 'A', 1L, None, None, '', 'BTREE', '', ''), ('aly_test', 1L, 'index_001', 1L, 'ID', 'A', 1L, None, None, 'YES', 'BTREE', '', '')]]
===file:syntax/show.sql, id:27, sql:[show index in aly_test]===
dble:[[('aly_test', 0L, 'PRIMARY', 1L, 'R_REGIONKEY', 'A', 1L, None, None, '', 'BTREE', '', ''), ('aly_test', 1L, 'index_001', 1L, 'ID', 'A', 1L, None, None, 'YES', 'BTREE', '', '')]]
===file:syntax/show.sql, id:28, sql:[show index from aly_test from schema1]===
dble:[[('aly_test', 0L, 'PRIMARY', 1L, 'R_REGIONKEY', 'A', 1L, None, None, '', 'BTREE', '', ''), ('aly_test', 1L, 'index_001', 1L, 'ID', 'A', 1L, None, None, 'YES', 'BTREE', '', '')]]
===file:syntax/show.sql, id:29, sql:[show index in aly_test in schema1]===
dble:[[('aly_test', 0L, 'PRIMARY', 1L, 'R_REGIONKEY', 'A', 1L, None, None, '', 'BTREE', '', ''), ('aly_test', 1L, 'index_001', 1L, 'ID', 'A', 1L, None, None, 'YES', 'BTREE', '', '')]]
===file:syntax/show.sql, id:30, sql:[show index in aly_test from schema1]===
dble:[[('aly_test', 0L, 'PRIMARY', 1L, 'R_REGIONKEY', 'A', 1L, None, None, '', 'BTREE', '', ''), ('aly_test', 1L, 'index_001', 1L, 'ID', 'A', 1L, None, None, 'YES', 'BTREE', '', '')]]
===file:syntax/show.sql, id:31, sql:[show index from aly_test in schema1]===
dble:[[('aly_test', 0L, 'PRIMARY', 1L, 'R_REGIONKEY', 'A', 1L, None, None, '', 'BTREE', '', ''), ('aly_test', 1L, 'index_001', 1L, 'ID', 'A', 1L, None, None, 'YES', 'BTREE', '', '')]]
===file:syntax/show.sql, id:32, sql:[show keys from aly_test]===
dble:[[('aly_test', 0L, 'PRIMARY', 1L, 'R_REGIONKEY', 'A', 1L, None, None, '', 'BTREE', '', ''), ('aly_test', 1L, 'index_001', 1L, 'ID', 'A', 1L, None, None, 'YES', 'BTREE', '', '')]]
===file:syntax/show.sql, id:33, sql:[show keys in aly_test]===
dble:[[('aly_test', 0L, 'PRIMARY', 1L, 'R_REGIONKEY', 'A', 1L, None, None, '', 'BTREE', '', ''), ('aly_test', 1L, 'index_001', 1L, 'ID', 'A', 1L, None, None, 'YES', 'BTREE', '', '')]]
===file:syntax/show.sql, id:34, sql:[show keys from aly_test from schema1]===
dble:[[('aly_test', 0L, 'PRIMARY', 1L, 'R_REGIONKEY', 'A', 1L, None, None, '', 'BTREE', '', ''), ('aly_test', 1L, 'index_001', 1L, 'ID', 'A', 1L, None, None, 'YES', 'BTREE', '', '')]]
===file:syntax/show.sql, id:35, sql:[show keys from aly_test in schema1]===
dble:[[('aly_test', 0L, 'PRIMARY', 1L, 'R_REGIONKEY', 'A', 1L, None, None, '', 'BTREE', '', ''), ('aly_test', 1L, 'index_001', 1L, 'ID', 'A', 1L, None, None, 'YES', 'BTREE', '', '')]]
===file:syntax/show.sql, id:36, sql:[show keys in aly_test in schema1]===
dble:[[('aly_test', 0L, 'PRIMARY', 1L, 'R_REGIONKEY', 'A', 1L, None, None, '', 'BTREE', '', ''), ('aly_test', 1L, 'index_001', 1L, 'ID', 'A', 1L, None, None, 'YES', 'BTREE', '', '')]]
===file:syntax/show.sql, id:37, sql:[show keys in aly_test from schema1]===
dble:[[('aly_test', 0L, 'PRIMARY', 1L, 'R_REGIONKEY', 'A', 1L, None, None, '', 'BTREE', '', ''), ('aly_test', 1L, 'index_001', 1L, 'ID', 'A', 1L, None, None, 'YES', 'BTREE', '', '')]]
===file:syntax/show.sql, id:38, sql:[drop index index_001 on aly_test]===
dble:[[]]
===file:syntax/show.sql, id:55, sql:[drop table if exists aly_test]===
dble:[[]]
===file:syntax/show.sql, id:56, sql:[drop table if exists aly_order]===
dble:[[]]
