===file:syntax/sysfunction2.sql, id:37, sql:[SELECT @i, ExtractValue(@xml, '//b[$@i]')]===
dble:[[(1L, 'x')]]
mysql:[[(1L, 'X')]]
===file:syntax/sysfunction2.sql, id:38, sql:[SELECT @j, ExtractValue(@xml, '//b[$@j]')]===
dble:[[(2L, 'y')]]
mysql:[[(2L, 'Y')]]
===file:syntax/sysfunction2.sql, id:76, sql:[SELECT CONNECTION_ID()]===
dble:[[(1551L,)]]
mysql:[[(2330L,)]]
===file:syntax/sysfunction2.sql, id:77, sql:[SELECT CURRENT_USER()]===
dble:[[('test@172.100.9.253',)]]
mysql:[[('test@%',)]]
===file:syntax/sysfunction2.sql, id:80, sql:[select schema()]===
dble:[[('db3',)]]
mysql:[[('schema1',)]]
===file:syntax/sysfunction2.sql, id:81, sql:[SELECT SESSION_USER()]===
dble:[[('test@dble-1.compose_net',)]]
mysql:[[('test@gateway',)]]
===file:syntax/sysfunction2.sql, id:82, sql:[SELECT USER()]===
dble:[[('test@172.100.9.253',)]]
mysql:[[('test@gateway',)]]
===file:syntax/sysfunction2.sql, id:89, sql:[SELECT VERSION()]===
dble:[[('5.6.29-dble-9.9.9.9-533a13c-20181009064153',)]]
mysql:[[('5.7.13',)]]
