===file:syntax/update_syntax.sql, id:4, sql:[DROP TABLE IF EXISTS aly_test]===
dble:[[]]
===file:syntax/update_syntax.sql, id:5, sql:[CREATE TABLE aly_test (id INT(11) PRIMARY KEY,R_REGIONKEY INT(11),R_NAME VARCHAR(50),R_COMMENT VARCHAR(50))]===
dble:[[]]
===file:syntax/update_syntax.sql, id:6, sql:[INSERT INTO aly_test (id,R_REGIONKEY,R_NAME,R_COMMENT) VALUES (1,1, 'Eastern','test001'),(3,3, 'Northern','test003'),(2,2, 'Western','test002'),(4,4, 'Southern','test004')]===
dble:[[]]
===file:syntax/update_syntax.sql, id:9, sql:[UPDATE aly_test SET R_REGIONKEY=1,R_NAME='test1',R_COMMENT="test11"]===
dble:[[]]
===file:syntax/update_syntax.sql, id:10, sql:[SELECT * FROM aly_test]===
dble:[[(1L, 1L, 'test1', 'test11'), (2L, 1L, 'test1', 'test11'), (3L, 1L, 'test1', 'test11'), (4L, 1L, 'test1', 'test11')]]
===file:syntax/update_syntax.sql, id:11, sql:[UPDATE aly_test SET R_REGIONKEY=R_REGIONKEY+10]===
dble:[[]]
===file:syntax/update_syntax.sql, id:12, sql:[SELECT id,R_REGIONKEY FROM aly_test]===
dble:[[(1L, 11L), (2L, 11L), (3L, 11L), (4L, 11L)]]
===file:syntax/update_syntax.sql, id:13, sql:[UPDATE LOW_PRIORITY aly_test SET R_REGIONKEY=R_REGIONKEY+10]===
dble:[[]]
===file:syntax/update_syntax.sql, id:14, sql:[SELECT id,R_REGIONKEY FROM aly_test]===
dble:[[(1L, 21L), (2L, 21L), (3L, 21L), (4L, 21L)]]
===file:syntax/update_syntax.sql, id:15, sql:[UPDATE IGNORE aly_test SET R_REGIONKEY=R_REGIONKEY+10]===
dble:[[]]
===file:syntax/update_syntax.sql, id:16, sql:[SELECT id,R_REGIONKEY FROM aly_test]===
dble:[[(1L, 31L), (2L, 31L), (3L, 31L), (4L, 31L)]]
===file:syntax/update_syntax.sql, id:17, sql:[SELECT * FROM aly_test]===
dble:[[(1L, 31L, 'test1', 'test11'), (2L, 31L, 'test1', 'test11'), (3L, 31L, 'test1', 'test11'), (4L, 31L, 'test1', 'test11')]]
===file:syntax/update_syntax.sql, id:20, sql:[DROP TABLE IF EXISTS aly_test]===
dble:[[]]
===file:syntax/update_syntax.sql, id:21, sql:[CREATE TABLE aly_test (id INT(11) NOT NULL DEFAULT 1,R_REGIONKEY INT(11),R_NAME VARCHAR(50) DEFAULT 'test',R_COMMENT VARCHAR(50))]===
dble:[[]]
===file:syntax/update_syntax.sql, id:22, sql:[INSERT INTO aly_test (id,R_REGIONKEY,R_NAME,R_COMMENT) VALUES (1,1, 'Eastern','test001'),(3,3, 'Northern','test003'),(2,2, 'Western','test002'),(4,4, 'Southern','test004')]===
dble:[[]]
===file:syntax/update_syntax.sql, id:25, sql:[UPDATE aly_test SET R_NAME=DEFAULT,R_REGIONKEY=1]===
dble:[[]]
===file:syntax/update_syntax.sql, id:26, sql:[SELECT * FROM aly_test]===
dble:[[(1L, 1L, 'test', 'test001'), (2L, 1L, 'test', 'test002'), (3L, 1L, 'test', 'test003'), (4L, 1L, 'test', 'test004')]]
===file:syntax/update_syntax.sql, id:29, sql:[DROP TABLE IF EXISTS aly_test]===
dble:[[]]
===file:syntax/update_syntax.sql, id:30, sql:[CREATE TABLE aly_test (id INT(11) NOT NULL DEFAULT 1,test INT,detail VARCHAR(20) DEFAULT 'test')]===
dble:[[]]
===file:syntax/update_syntax.sql, id:31, sql:[INSERT INTO aly_test (id,test,detail) VALUES (1,1,'mydetail'),(2,2,'mydetail'),(3,3,'mydetail'),(4,4,'mydetail'),(12,12,'mydetail')]===
dble:[[]]
===file:syntax/update_syntax.sql, id:32, sql:[UPDATE aly_test SET detail=DEFAULT WHERE test<10]===
dble:[[]]
===file:syntax/update_syntax.sql, id:33, sql:[SELECT * FROM aly_test]===
dble:[[(1L, 1L, 'test'), (2L, 2L, 'test'), (3L, 3L, 'test'), (4L, 4L, 'test'), (12L, 12L, 'mydetail')]]
===file:syntax/update_syntax.sql, id:34, sql:[DROP TABLE IF EXISTS aly_test]===
dble:[[]]
===file:syntax/update_syntax.sql, id:35, sql:[CREATE TABLE aly_test (id INT(11),R_REGIONKEY INT(11) PRIMARY KEY,R_NAME VARCHAR(50),R_COMMENT VARCHAR(50))]===
dble:[[]]
===file:syntax/update_syntax.sql, id:36, sql:[INSERT INTO aly_test (id,R_REGIONKEY,R_NAME,R_COMMENT) VALUES (1,1, 'Eastern','test001'),(3,3, 'Northern','test003'),(2,2, 'Western','test002'),(4,4, 'Southern','test004')]===
dble:[[]]
===file:syntax/update_syntax.sql, id:37, sql:[UPDATE aly_test SET R_REGIONKEY=10 WHERE R_REGIONKEY=4 OR R_REGIONKEY=1 AND R_REGIONKEY=3]===
dble:[[]]
===file:syntax/update_syntax.sql, id:38, sql:[SELECT * FROM aly_test]===
dble:[[(1L, 1L, 'Eastern', 'test001'), (2L, 2L, 'Western', 'test002'), (3L, 3L, 'Northern', 'test003'), (4L, 10L, 'Southern', 'test004')]]
===file:syntax/update_syntax.sql, id:39, sql:[UPDATE aly_test SET R_NAME='aly' WHERE id>0]===
dble:[[]]
===file:syntax/update_syntax.sql, id:40, sql:[SELECT * FROM aly_test]===
dble:[[(1L, 1L, 'aly', 'test001'), (2L, 2L, 'aly', 'test002'), (3L, 3L, 'aly', 'test003'), (4L, 10L, 'aly', 'test004')]]
===file:syntax/update_syntax.sql, id:41, sql:[UPDATE aly_test SET R_NAME='test' WHERE id=1]===
dble:[[]]
===file:syntax/update_syntax.sql, id:42, sql:[SELECT * FROM aly_test]===
dble:[[(1L, 1L, 'test', 'test001'), (2L, 2L, 'aly', 'test002'), (3L, 3L, 'aly', 'test003'), (4L, 10L, 'aly', 'test004')]]
===file:syntax/update_syntax.sql, id:43, sql:[UPDATE aly_test SET R_NAME='test1' WHERE id IN (1,2,3)]===
dble:[[]]
===file:syntax/update_syntax.sql, id:44, sql:[SELECT * FROM aly_test]===
dble:[[(1L, 1L, 'test1', 'test001'), (2L, 2L, 'test1', 'test002'), (3L, 3L, 'test1', 'test003'), (4L, 10L, 'aly', 'test004')]]
===file:syntax/update_syntax.sql, id:45, sql:[UPDATE aly_test SET R_NAME='test1' WHERE id NOT IN (1,2,3)]===
dble:[[]]
===file:syntax/update_syntax.sql, id:46, sql:[SELECT * FROM aly_test]===
dble:[[(1L, 1L, 'test1', 'test001'), (2L, 2L, 'test1', 'test002'), (3L, 3L, 'test1', 'test003'), (4L, 10L, 'test1', 'test004')]]
===file:syntax/update_syntax.sql, id:47, sql:[UPDATE aly_test SET R_NAME='test2' WHERE id BETWEEN 1 AND 3]===
dble:[[]]
===file:syntax/update_syntax.sql, id:48, sql:[SELECT * FROM aly_test]===
dble:[[(1L, 1L, 'test2', 'test001'), (2L, 2L, 'test2', 'test002'), (3L, 3L, 'test2', 'test003'), (4L, 10L, 'test1', 'test004')]]
===file:syntax/update_syntax.sql, id:49, sql:[UPDATE aly_test SET R_REGIONKEY=200 WHERE R_NAME='test']===
dble:[[]]
===file:syntax/update_syntax.sql, id:50, sql:[SELECT * FROM aly_test]===
dble:[[(1L, 1L, 'test2', 'test001'), (2L, 2L, 'test2', 'test002'), (3L, 3L, 'test2', 'test003'), (4L, 10L, 'test1', 'test004')]]
===file:syntax/update_syntax.sql, id:51, sql:[UPDATE aly_test SET R_REGIONKEY=401 WHERE R_NAME LIKE '%aly%']===
dble:[[]]
===file:syntax/update_syntax.sql, id:52, sql:[SELECT * FROM aly_test]===
dble:[[(1L, 1L, 'test2', 'test001'), (2L, 2L, 'test2', 'test002'), (3L, 3L, 'test2', 'test003'), (4L, 10L, 'test1', 'test004')]]
===file:syntax/update_syntax.sql, id:53, sql:[DROP TABLE IF EXISTS aly_test]===
dble:[[]]
===file:syntax/update_syntax.sql, id:58, sql:[DROP TABLE IF EXISTS global_table1]===
dble:[[]]
===file:syntax/update_syntax.sql, id:59, sql:[CREATE TABLE global_table1 (id INT(11),R_REGIONKEY INT(11) PRIMARY KEY,R_NAME VARCHAR(50),R_COMMENT VARCHAR(50))]===
dble:[[]]
===file:syntax/update_syntax.sql, id:60, sql:[INSERT INTO global_table1 (id,R_REGIONKEY,R_NAME,R_COMMENT) VALUES (1,1, 'Eastern','test001'),(3,3, 'Northern','test003'),(2,2, 'Western','test002'),(4,4, 'Southern','test004')]===
dble:[[]]
===file:syntax/update_syntax.sql, id:61, sql:[UPDATE global_table1 SET R_REGIONKEY=R_REGIONKEY+10]===
dble:[[]]
===file:syntax/update_syntax.sql, id:62, sql:[SELECT id FROM global_table1]===
dble:[[(1L,), (2L,), (3L,), (4L,)]]
===file:syntax/update_syntax.sql, id:63, sql:[DELETE FROM global_table1]===
dble:[[]]
===file:syntax/update_syntax.sql, id:64, sql:[INSERT INTO global_table1 (id,R_REGIONKEY,R_NAME,R_COMMENT) VALUES (1,1, 'Eastern','test001'),(3,3, 'Northern','test003'),(2,2, 'Western','test002'),(4,4, 'Southern','test004')]===
dble:[[]]
===file:syntax/update_syntax.sql, id:65, sql:[UPDATE global_table1 SET id=id+1]===
dble:[[]]
===file:syntax/update_syntax.sql, id:66, sql:[SELECT id FROM global_table1]===
dble:[[(2L,), (3L,), (4L,), (5L,)]]
===file:syntax/update_syntax.sql, id:67, sql:[UPDATE global_table1 SET id=id-1]===
dble:[[]]
===file:syntax/update_syntax.sql, id:68, sql:[DELETE FROM global_table1]===
dble:[[]]
===file:syntax/update_syntax.sql, id:69, sql:[INSERT INTO global_table1 (id,R_REGIONKEY,R_NAME,R_COMMENT) VALUES (1,1, 'Eastern','test001'),(3,3, 'Northern','test003'),(2,2, 'Western','test002'),(4,4, 'Southern','test004')]===
dble:[[]]
===file:syntax/update_syntax.sql, id:70, sql:[UPDATE LOW_PRIORITY global_table1 SET R_REGIONKEY=R_REGIONKEY+10]===
dble:[[]]
===file:syntax/update_syntax.sql, id:71, sql:[SELECT id FROM global_table1]===
dble:[[(1L,), (2L,), (3L,), (4L,)]]
===file:syntax/update_syntax.sql, id:72, sql:[DELETE FROM global_table1]===
dble:[[]]
===file:syntax/update_syntax.sql, id:73, sql:[INSERT INTO global_table1 (id,R_REGIONKEY,R_NAME,R_COMMENT) VALUES (1,1, 'Eastern','test001'),(3,3, 'Northern','test003'),(2,2, 'Western','test002'),(4,4, 'Southern','test004')]===
dble:[[]]
===file:syntax/update_syntax.sql, id:74, sql:[UPDATE IGNORE global_table1 SET R_REGIONKEY=R_REGIONKEY+1]===
dble:[[]]
===file:syntax/update_syntax.sql, id:75, sql:[SELECT id FROM global_table1]===
dble:[[(1L,), (2L,), (3L,), (4L,)]]
===file:syntax/update_syntax.sql, id:76, sql:[DELETE FROM global_table1]===
dble:[[]]
===file:syntax/update_syntax.sql, id:77, sql:[INSERT INTO global_table1 (id,R_REGIONKEY,R_NAME,R_COMMENT) VALUES (1,1, 'Eastern','test001'),(3,3, 'Northern','test003'),(2,2, 'Western','test002'),(4,4, 'Southern','test004')]===
dble:[[]]
===file:syntax/update_syntax.sql, id:78, sql:[UPDATE global_table1 SET R_REGIONKEY=10 WHERE R_REGIONKEY=4]===
dble:[[]]
===file:syntax/update_syntax.sql, id:79, sql:[SELECT id FROM global_table1]===
dble:[[(1L,), (2L,), (3L,), (4L,)]]
===file:syntax/update_syntax.sql, id:80, sql:[DELETE FROM global_table1]===
dble:[[]]
===file:syntax/update_syntax.sql, id:81, sql:[INSERT INTO global_table1 (id,R_REGIONKEY,R_NAME,R_COMMENT) VALUES (1,1, 'Eastern','test001'),(3,3, 'Northern','test003'),(2,2, 'Western','test002'),(4,4, 'Southern','test004')]===
dble:[[]]
===file:syntax/update_syntax.sql, id:82, sql:[UPDATE global_table1 SET R_REGIONKEY=10 WHERE R_REGIONKEY=4 OR R_REGIONKEY=1 AND R_REGIONKEY=3]===
dble:[[]]
===file:syntax/update_syntax.sql, id:83, sql:[SELECT id FROM global_table1]===
dble:[[(1L,), (2L,), (3L,), (4L,)]]
===file:syntax/update_syntax.sql, id:84, sql:[DELETE FROM global_table1]===
dble:[[]]
===file:syntax/update_syntax.sql, id:85, sql:[INSERT INTO global_table1 (id,R_REGIONKEY,R_NAME,R_COMMENT) VALUES (1,1, 'Eastern','test001'),(3,3, 'Northern','test003'),(2,2, 'Western','test002'),(4,4, 'Southern','test004')]===
dble:[[]]
===file:syntax/update_syntax.sql, id:86, sql:[UPDATE global_table1 SET id=10 WHERE id=4 OR id=1 AND id=3]===
dble:[[]]
===file:syntax/update_syntax.sql, id:87, sql:[SELECT id FROM global_table1]===
dble:[[(1L,), (2L,), (3L,), (10L,)]]
===file:syntax/update_syntax.sql, id:88, sql:[DELETE FROM global_table1]===
dble:[[]]
===file:syntax/update_syntax.sql, id:89, sql:[INSERT INTO global_table1 (id,R_REGIONKEY,R_NAME,R_COMMENT) VALUES (1,1, 'Eastern','test001'),(3,3, 'Northern','test003'),(2,2, 'Western','test002'),(4,4, 'Southern','test004')]===
dble:[[]]
===file:syntax/update_syntax.sql, id:90, sql:[UPDATE global_table1 SET R_REGIONKEY=R_REGIONKEY+10 WHERE R_REGIONKEY>2 order by R_NAME]===
dble:[()]
===file:syntax/update_syntax.sql, id:91, sql:[SELECT id FROM global_table1]===
dble:[[(1L,), (2L,), (3L,), (4L,)]]
===file:syntax/update_syntax.sql, id:92, sql:[DELETE FROM global_table1]===
dble:[[]]
===file:syntax/update_syntax.sql, id:93, sql:[INSERT INTO global_table1 (id,R_REGIONKEY,R_NAME,R_COMMENT) VALUES (1,1, 'Eastern','test001'),(3,3, 'Northern','test003'),(2,2, 'Western','test002'),(4,4, 'Southern','test004')]===
dble:[[]]
===file:syntax/update_syntax.sql, id:94, sql:[UPDATE global_table1 SET R_REGIONKEY=R_REGIONKEY+10 WHERE R_REGIONKEY>=2 order by R_NAME LIMIT 1]===
dble:[()]
===file:syntax/update_syntax.sql, id:95, sql:[SELECT id FROM global_table1]===
dble:[[(1L,), (2L,), (3L,), (4L,)]]
===file:syntax/update_syntax.sql, id:96, sql:[DELETE FROM global_table1]===
dble:[[]]
===file:syntax/update_syntax.sql, id:97, sql:[INSERT INTO global_table1 (id,R_REGIONKEY,R_NAME,R_COMMENT) VALUES (1,1, 'Eastern','test001'),(3,3, 'Northern','test003'),(2,2, 'Western','test002'),(4,4, 'Southern','test004')]===
dble:[[]]
===file:syntax/update_syntax.sql, id:98, sql:[DROP TABLE IF EXISTS global_table1]===
dble:[[]]
