===file:sqls_util/syntax/aggregate.sql, id:3, sql:[drop table if exists test1;]===
dble:[[]]
===file:sqls_util/syntax/aggregate.sql, id:4, sql:[create table test1(id int, t timestamp);]===
dble:[[]]
===file:sqls_util/syntax/aggregate.sql, id:5, sql:[select sec_to_time(sum(time_to_sec(t))) from test1;]===
dble:[[(None,)]]
===file:sqls_util/syntax/aggregate.sql, id:6, sql:[insert into test1 value(1, '131225'),(2, '2018-11-08 15:16:45'),(null, '131225');]===
dble:[[]]
===file:sqls_util/syntax/aggregate.sql, id:7, sql:[select sec_to_time(sum(time_to_sec(t))) from test1;]===
dble:[[(datetime.timedelta(0, 55005),)]]
===file:sqls_util/syntax/aggregate.sql, id:8, sql:[SELECT FROM_DAYS(SUM(TO_DAYS(t))) FROM test1;]===
dble:[[(datetime.date(6046, 10, 26),)]]
===file:sqls_util/syntax/aggregate.sql, id:9, sql:[select id, t, avg(id) from test1 group by id;]===
dble:[[(None, datetime.datetime(2013, 12, 25, 0, 0), None), (1L, datetime.datetime(2013, 12, 25, 0, 0), Decimal('1.0000')), (2L, datetime.datetime(2018, 11, 8, 15, 16, 45), Decimal('2.0000'))]]
===file:sqls_util/syntax/aggregate.sql, id:12, sql:[drop table if exists test1;]===
dble:[[]]
===file:sqls_util/syntax/aggregate.sql, id:13, sql:[create table test1(id int, c float);]===
dble:[[]]
===file:sqls_util/syntax/aggregate.sql, id:14, sql:[insert into test1 values(1, 2.3333333),(2,0),(3,null),(4,0.11111111),(1, 2.3333333);]===
dble:[[]]
===file:sqls_util/syntax/aggregate.sql, id:15, sql:[select avg(id), avg(c) from test1;]===
dble:[[(Decimal('2.2000'), 1.1944444049149752)]]
===file:sqls_util/syntax/aggregate.sql, id:19, sql:[drop table if exists test1;]===
dble:[[]]
===file:sqls_util/syntax/aggregate.sql, id:20, sql:[create table test1(id int, c binary);]===
dble:[[]]
===file:sqls_util/syntax/aggregate.sql, id:21, sql:[insert into test1 values(1, 0x1),(2,0),(3,null),(4,1),(2,1),(null,0);]===
dble:[[]]
===file:sqls_util/syntax/aggregate.sql, id:22, sql:[select bit_and(id) from test1;]===
dble:[[(0L,)]]
===file:sqls_util/syntax/aggregate.sql, id:23, sql:[select bit_and(c) from test1;]===
dble:[[(0L,)]]
===file:sqls_util/syntax/aggregate.sql, id:24, sql:[select bit_and(c) over_clause from test1 where id=4;]===
dble:[[(1L,)]]
===file:sqls_util/syntax/aggregate.sql, id:25, sql:[select bit_or(id), bit_or(c) from test1;]===
dble:[[(7L, 1L)]]
===file:sqls_util/syntax/aggregate.sql, id:26, sql:[select bit_or(id) over_clause, bit_or(c) over_clause from test1;]===
dble:[[(7L, 1L)]]
===file:sqls_util/syntax/aggregate.sql, id:27, sql:[select bit_xor(id), bit_xor(c) from test1;]===
dble:[[(6L, 0L)]]
===file:sqls_util/syntax/aggregate.sql, id:28, sql:[select bit_xor(id) over_clause, bit_xor(c) over_clause from test1;]===
dble:[[(6L, 0L)]]
===file:sqls_util/syntax/aggregate.sql, id:29, sql:[select count(*) from test1 group by c;]===
dble:[[(1L,), (1L,), (2L,), (2L,)]]
===file:sqls_util/syntax/aggregate.sql, id:30, sql:[select count(id) from test1 group by c;]===
dble:[[(1L,), (1L,), (1L,), (2L,)]]
===file:sqls_util/syntax/aggregate.sql, id:31, sql:[select count(c) from test1 group by c;]===
dble:[[(0L,), (1L,), (2L,), (2L,)]]
===file:sqls_util/syntax/aggregate.sql, id:32, sql:[select count(distinct id, c) from test1 group by c;]===
dble:[[(0L,), (1L,), (1L,), (2L,)]]
===file:sqls_util/syntax/aggregate.sql, id:34, sql:[drop table if exists test1;]===
dble:[[]]
===file:sqls_util/syntax/aggregate.sql, id:39, sql:[CREATE TABLE `test1` (
`id` int(11) DEFAULT NULL,
`name` varchar(10) DEFAULT NULL
) ENGINE=InnoDB DEFAULT CHARSET=latin1;
]===
dble:[[]]
===file:sqls_util/syntax/aggregate.sql, id:41, sql:[select max(DISTINCT id) from test1;]===
dble:[[(None,)]]
===file:sqls_util/syntax/aggregate.sql, id:42, sql:[select min(DISTINCT id) from test1;]===
dble:[[(None,)]]
===file:sqls_util/syntax/aggregate.sql, id:43, sql:[select *, group_concat(name order by name) from test1 group by id;]===
dble:[()]
===file:sqls_util/syntax/aggregate.sql, id:44, sql:[insert into test1 values(1,'a'),(null,'b'),(2,null),(1,'d'),(null,'c'),(3,'a'),(null,'b'),(null,'c'),(null,'b');]===
dble:[[]]
===file:sqls_util/syntax/aggregate.sql, id:45, sql:[select *, group_concat(name order by name) from test1 group by id;]===
dble:[((None, 'b', 'b,b,b,c,c'), (1L, 'a', 'a,d'), (2L, None, None), (3L, 'a', 'a'))]
===file:sqls_util/syntax/aggregate.sql, id:46, sql:[select *, group_concat(distinct name order by name desc separator ':') from test1 group by id;]===
dble:[((None, 'b', 'c:b'), (1L, 'a', 'd:a'), (2L, None, None), (3L, 'a', 'a'))]
===file:sqls_util/syntax/aggregate.sql, id:48, sql:[select min(id), max(id) from test1;]===
dble:[[(1L, 3L)]]
===file:sqls_util/syntax/aggregate.sql, id:49, sql:[select max(DISTINCT id) from test1;]===
dble:[[(3L,)]]
===file:sqls_util/syntax/aggregate.sql, id:50, sql:[select max(DISTINCT id) over_clause from test1;]===
dble:[[(3L,)]]
===file:sqls_util/syntax/aggregate.sql, id:51, sql:[select min(DISTINCT id) from test1;]===
dble:[[(1L,)]]
===file:sqls_util/syntax/aggregate.sql, id:52, sql:[select min(DISTINCT id) over_clause from test1;]===
dble:[[(1L,)]]
===file:sqls_util/syntax/aggregate.sql, id:53, sql:[drop table if exists test1;]===
dble:[[]]
===file:sqls_util/syntax/aggregate.sql, id:54, sql:[create table test1(id int, c1 enum('a','b','c'));]===
dble:[[]]
===file:sqls_util/syntax/aggregate.sql, id:55, sql:[select max(c1), min(c1), sum(id) from test1;]===
dble:[[(None, None, None)]]
===file:sqls_util/syntax/aggregate.sql, id:56, sql:[select var_pop(id),var_samp(id), VARIANCE(id) from test1;]===
dble:[[(None, None, None)]]
===file:sqls_util/syntax/aggregate.sql, id:57, sql:[select sum(DISTINCT id),sum(DISTINCT c1) from test1;]===
dble:[[(None, None)]]
===file:sqls_util/syntax/aggregate.sql, id:58, sql:[select std(id), stddev(id),STDDEV_POP(id),STDDEV_SAMP(id) from test1;]===
dble:[[(None, None, None, None)]]
===file:sqls_util/syntax/aggregate.sql, id:59, sql:[insert into test1 values(1, 'a'),(2,'b'),(null,null),(4, 'c'),(5,'b');]===
dble:[[]]
===file:sqls_util/syntax/aggregate.sql, id:60, sql:[select max(c1), min(c1) from test1;]===
dble:[[('c', 'a')]]
===file:sqls_util/syntax/aggregate.sql, id:62, sql:[select max(c1) over_clause, min(c1) over_clause, sum(id) from test1;]===
dble:[[('c', 'a', Decimal('12'))]]
===file:sqls_util/syntax/aggregate.sql, id:63, sql:[select var_pop(id),var_samp(id), VARIANCE(id) from test1;]===
dble:[[(2.5, 3.3333333333333335, 2.5)]]
===file:sqls_util/syntax/aggregate.sql, id:64, sql:[select var_pop(id) over_clause,var_samp(id) over_clause, VARIANCE(id) over_clause from test1;]===
dble:[[(2.5, 3.3333333333333335, 2.5)]]
===file:sqls_util/syntax/aggregate.sql, id:65, sql:[select std(id) over_clause, stddev(id) over_clause,STDDEV_POP(id) over_clause,STDDEV_SAMP(id) over_clause from test1;]===
dble:[[(1.5811388300841898, 1.5811388300841898, 1.5811388300841898, 1.8257418583505538)]]
