===file:sqls_util/syntax/delete.sql, id:7, sql:[DROP TABLE IF EXISTS test1]===
dble:[[]]
===file:sqls_util/syntax/delete.sql, id:8, sql:[CREATE TABLE test1 (id int(11),R_REGIONKEY int(11) PRIMARY KEY,R_NAME varchar(50),R_COMMENT varchar(50))]===
dble:[[]]
===file:sqls_util/syntax/delete.sql, id:9, sql:[INSERT INTO test1 (id,R_REGIONKEY,R_NAME,R_COMMENT) VALUES (1,1, 'Eastern','test001'),(3,3, 'Northern','test003'),(2,2, 'Western','test002'),(4,4, 'Southern','test004')]===
dble:[[]]
===file:sqls_util/syntax/delete.sql, id:10, sql:[DELETE FROM test1]===
dble:[[]]
===file:sqls_util/syntax/delete.sql, id:11, sql:[SELECT id, R_REGIONKEY, R_NAME, R_COMMENT FROM test1]===
dble:[[]]
===file:sqls_util/syntax/delete.sql, id:12, sql:[DROP TABLE IF EXISTS test1]===
dble:[[]]
===file:sqls_util/syntax/delete.sql, id:13, sql:[CREATE TABLE test1 (id int(11),R_REGIONKEY int(11) PRIMARY KEY,R_NAME varchar(50),R_COMMENT varchar(50))]===
dble:[[]]
===file:sqls_util/syntax/delete.sql, id:14, sql:[INSERT INTO test1 (id,R_REGIONKEY,R_NAME,R_COMMENT) VALUES (1,1, 'Eastern','test001'),(3,3, 'Northern','test003'),(2,2, 'Western','test002'),(4,4, 'Southern','test004')]===
dble:[[]]
===file:sqls_util/syntax/delete.sql, id:15, sql:[DELETE LOW_PRIORITY FROM test1]===
dble:[[]]
===file:sqls_util/syntax/delete.sql, id:16, sql:[SELECT id, R_REGIONKEY, R_NAME, R_COMMENT FROM test1]===
dble:[[]]
===file:sqls_util/syntax/delete.sql, id:17, sql:[DROP TABLE IF EXISTS test1]===
dble:[[]]
===file:sqls_util/syntax/delete.sql, id:18, sql:[CREATE TABLE test1 (id int(11),R_REGIONKEY int(11) PRIMARY KEY,R_NAME varchar(50),R_COMMENT varchar(50))]===
dble:[[]]
===file:sqls_util/syntax/delete.sql, id:19, sql:[INSERT INTO test1 (id,R_REGIONKEY,R_NAME,R_COMMENT) VALUES (1,1, 'Eastern','test001'),(3,3, 'Northern','test003'),(2,2, 'Western','test002'),(4,4, 'Southern','test004')]===
dble:[[]]
===file:sqls_util/syntax/delete.sql, id:20, sql:[DELETE QUICK FROM test1]===
dble:[[]]
===file:sqls_util/syntax/delete.sql, id:21, sql:[SELECT id, R_REGIONKEY, R_NAME, R_COMMENT FROM test1]===
dble:[[]]
===file:sqls_util/syntax/delete.sql, id:22, sql:[DROP TABLE IF EXISTS test1]===
dble:[[]]
===file:sqls_util/syntax/delete.sql, id:23, sql:[CREATE TABLE test1 (id int(11),R_REGIONKEY int(11) PRIMARY KEY,R_NAME varchar(50),R_COMMENT varchar(50))]===
dble:[[]]
===file:sqls_util/syntax/delete.sql, id:24, sql:[INSERT INTO test1 (id,R_REGIONKEY,R_NAME,R_COMMENT) VALUES (1,1, 'Eastern','test001'),(3,3, 'Northern','test003'),(2,2, 'Western','test002'),(4,4, 'Southern','test004')]===
dble:[[]]
===file:sqls_util/syntax/delete.sql, id:25, sql:[DELETE IGNORE FROM test1]===
dble:[[]]
===file:sqls_util/syntax/delete.sql, id:26, sql:[SELECT id, R_REGIONKEY, R_NAME, R_COMMENT FROM test1]===
dble:[[]]
===file:sqls_util/syntax/delete.sql, id:27, sql:[DROP TABLE IF EXISTS test1]===
dble:[[]]
===file:sqls_util/syntax/delete.sql, id:28, sql:[CREATE TABLE test1 (id int(11),R_REGIONKEY int(11) PRIMARY KEY,R_NAME varchar(50),R_COMMENT varchar(50))]===
dble:[[]]
===file:sqls_util/syntax/delete.sql, id:29, sql:[INSERT INTO test1 (id,R_REGIONKEY,R_NAME,R_COMMENT) VALUES (1,1, 'Eastern','test001'),(3,3, 'Northern','test003'),(2,2, 'Western','test002'),(4,4, 'Southern','test004')]===
dble:[[]]
===file:sqls_util/syntax/delete.sql, id:30, sql:[DELETE FROM test1 order by id limit 3]===
dble:[()]
===file:sqls_util/syntax/delete.sql, id:34, sql:[DROP TABLE IF EXISTS test1]===
dble:[[]]
===file:sqls_util/syntax/delete.sql, id:35, sql:[CREATE TABLE test1 (id int(11),R_REGIONKEY int(11) PRIMARY KEY,R_NAME varchar(50),R_COMMENT varchar(50))]===
dble:[[]]
===file:sqls_util/syntax/delete.sql, id:36, sql:[INSERT INTO test1 (id,R_REGIONKEY,R_NAME,R_COMMENT) VALUES (1,1, 'Eastern','test001'),(3,3, 'Northern','test003'),(2,2, 'Western','test002'),(4,4, 'Southern','test004')]===
dble:[[]]
===file:sqls_util/syntax/delete.sql, id:37, sql:[DELETE FROM test1 WHERE id = 1]===
dble:[[]]
===file:sqls_util/syntax/delete.sql, id:38, sql:[DELETE FROM test1  WHERE id = 2 or id = 3]===
dble:[[]]
===file:sqls_util/syntax/delete.sql, id:39, sql:[SELECT id, R_REGIONKEY, R_NAME, R_COMMENT FROM test1]===
dble:[[(4L, 4L, 'Southern', 'test004')]]
===file:sqls_util/syntax/delete.sql, id:40, sql:[DROP TABLE IF EXISTS test1]===
dble:[[]]
===file:sqls_util/syntax/delete.sql, id:41, sql:[CREATE TABLE test1 (id int(11),R_REGIONKEY int(11) PRIMARY KEY,R_NAME varchar(50),R_COMMENT varchar(50))]===
dble:[[]]
===file:sqls_util/syntax/delete.sql, id:42, sql:[INSERT INTO test1 (id,R_REGIONKEY,R_NAME,R_COMMENT) VALUES (1,1, 'Eastern','test001'),(3,3, 'Northern','test003'),(2,2, 'Western','test002'),(4,4, 'Southern','test004')]===
dble:[[]]
===file:sqls_util/syntax/delete.sql, id:43, sql:[DELETE FROM test1 WHERE R_REGIONKEY = 1]===
dble:[[]]
===file:sqls_util/syntax/delete.sql, id:44, sql:[DELETE FROM test1 WHERE R_NAME like 'S%']===
dble:[[]]
===file:sqls_util/syntax/delete.sql, id:45, sql:[SELECT id, R_REGIONKEY, R_NAME, R_COMMENT FROM test1]===
dble:[[(2L, 2L, 'Western', 'test002'), (3L, 3L, 'Northern', 'test003')]]
===file:sqls_util/syntax/delete.sql, id:46, sql:[DROP TABLE IF EXISTS test1]===
dble:[[]]
===file:sqls_util/syntax/delete.sql, id:47, sql:[CREATE TABLE test1 (id int(11),R_REGIONKEY int(11) PRIMARY KEY,R_NAME varchar(50),R_COMMENT varchar(50))]===
dble:[[]]
===file:sqls_util/syntax/delete.sql, id:48, sql:[INSERT INTO test1 (id,R_REGIONKEY,R_NAME,R_COMMENT) VALUES (1,1, 'Eastern','test001'),(3,3, 'Northern','test003'),(2,2, 'Western','test002'),(4,4, 'Southern','test004')]===
dble:[[]]
===file:sqls_util/syntax/delete.sql, id:49, sql:[DELETE FROM test1 WHERE id in (1,2,3)]===
dble:[[]]
===file:sqls_util/syntax/delete.sql, id:50, sql:[SELECT id, R_REGIONKEY, R_NAME, R_COMMENT FROM test1]===
dble:[[(4L, 4L, 'Southern', 'test004')]]
===file:sqls_util/syntax/delete.sql, id:51, sql:[DROP TABLE IF EXISTS test1]===
dble:[[]]
===file:sqls_util/syntax/delete.sql, id:52, sql:[CREATE TABLE test1 (id int(11),R_REGIONKEY int(11) PRIMARY KEY,R_NAME varchar(50),R_COMMENT varchar(50))]===
dble:[[]]
===file:sqls_util/syntax/delete.sql, id:53, sql:[INSERT INTO test1 (id,R_REGIONKEY,R_NAME,R_COMMENT) VALUES (1,1, 'Eastern','test001'),(3,3, 'Northern','test003'),(2,2, 'Western','test002'),(4,4, 'Southern','test004')]===
dble:[[]]
===file:sqls_util/syntax/delete.sql, id:54, sql:[DELETE FROM test1 WHERE id BETWEEN 1 AND 5]===
dble:[[]]
===file:sqls_util/syntax/delete.sql, id:55, sql:[SELECT id, R_REGIONKEY, R_NAME, R_COMMENT FROM test1]===
dble:[[]]
===file:sqls_util/syntax/delete.sql, id:56, sql:[DROP TABLE IF EXISTS test1]===
dble:[[]]
===file:sqls_util/syntax/delete.sql, id:57, sql:[CREATE TABLE test1 (id int(11),R_REGIONKEY int(11) PRIMARY KEY,R_NAME varchar(50),R_COMMENT varchar(50))]===
dble:[[]]
===file:sqls_util/syntax/delete.sql, id:58, sql:[INSERT INTO test1 (id,R_REGIONKEY,R_NAME,R_COMMENT) VALUES (1,1, 'Eastern','test001'),(3,3, 'Northern','test003'),(2,2, 'Western','test002'),(4,4, 'Southern','test004')]===
dble:[[]]
===file:sqls_util/syntax/delete.sql, id:59, sql:[DELETE FROM test1 WHERE R_COMMENT is not null]===
dble:[[]]
===file:sqls_util/syntax/delete.sql, id:60, sql:[SELECT id, R_REGIONKEY, R_NAME, R_COMMENT FROM test1]===
dble:[[]]
===file:sqls_util/syntax/delete.sql, id:61, sql:[DROP TABLE IF EXISTS test1]===
dble:[[]]
===file:sqls_util/syntax/delete.sql, id:72, sql:[DROP TABLE IF EXISTS test1]===
dble:[[]]
