===file:sqls_util/syntax/insert_value.sql, id:477, sql:[insert into test1 values (3,b'10')]===
mysql err:(1406, "Data too long for column 'bit_column' at row 1")
dble err[16:54:30.121363] :(1406, "Data too long for column 'bit_column' at row 1")
===file:sqls_util/syntax/insert_value.sql, id:479, sql:[insert into test1 values (5,2)]===
mysql err:(1406, "Data too long for column 'bit_column' at row 1")
dble err[16:54:30.390643] :(1406, "Data too long for column 'bit_column' at row 1")
===file:sqls_util/syntax/insert_value.sql, id:480, sql:[insert into test1 values (6,-1)]===
mysql err:(1406, "Data too long for column 'bit_column' at row 1")
dble err[16:54:30.496224] :(1406, "Data too long for column 'bit_column' at row 1")
===file:sqls_util/syntax/insert_value.sql, id:488, sql:[insert into test1 values (4,b'111110')]===
mysql err:(1406, "Data too long for column 'bit_5_column' at row 1")
dble err[16:54:31.345441] :(1406, "Data too long for column 'bit_5_column' at row 1")
===file:sqls_util/syntax/insert_value.sql, id:490, sql:[insert into test1 values (6,32)]===
mysql err:(1406, "Data too long for column 'bit_5_column' at row 1")
dble err[16:54:31.547463] :(1406, "Data too long for column 'bit_5_column' at row 1")
===file:sqls_util/syntax/insert_value.sql, id:491, sql:[insert into test1 values (7,-1)]===
mysql err:(1406, "Data too long for column 'bit_5_column' at row 1")
dble err[16:54:31.656889] :(1406, "Data too long for column 'bit_5_column' at row 1")
===file:sqls_util/syntax/insert_value.sql, id:500, sql:[insert into test1 values(4,b'11111111111111111111111111111111111111111111111111111111111111110');]===
mysql err:(1264, "Out of range value for column 'bit_column' at row 1")
dble err[16:54:32.484812] :(1264, "Out of range value for column 'bit_column' at row 1")
===file:sqls_util/syntax/insert_value.sql, id:506, sql:[insert into test1 values (10,18446744073709551616)]===
mysql err:(1264, "Out of range value for column 'bit_column' at row 1")
dble err[16:54:33.074323] :(1264, "Out of range value for column 'bit_column' at row 1")
===file:sqls_util/syntax/insert_value.sql, id:507, sql:[insert into test1 values (11,18446744073709552045)]===
mysql err:(1264, "Out of range value for column 'bit_column' at row 1")
dble err[16:54:33.168340] :(1264, "Out of range value for column 'bit_column' at row 1")
===file:sqls_util/syntax/insert_value.sql, id:508, sql:[insert into test1 values (12,18446744073709552046)]===
mysql err:(1264, "Out of range value for column 'bit_column' at row 1")
dble err[16:54:33.266251] :(1264, "Out of range value for column 'bit_column' at row 1")
===file:sqls_util/syntax/insert_value.sql, id:516, sql:[insert into test1 values (4,'')]===
mysql err:(1292, "Incorrect date value: '' for column 'date_columns' at row 1")
dble err[16:54:34.108653] :(1292, "Incorrect date value: '' for column 'date_columns' at row 1")
===file:sqls_util/syntax/insert_value.sql, id:526, sql:[insert into test1 values (4,107)]===
mysql err:(1264, "Out of range value for column 'year4_columns' at row 1")
dble err[16:54:35.232741] :(1264, "Out of range value for column 'year4_columns' at row 1")
===file:sqls_util/syntax/insert_value.sql, id:527, sql:[insert into test1 values (5,'')]===
mysql err:(1366, "Incorrect integer value: '' for column 'year4_columns' at row 1")
dble err[16:54:35.355583] :(1366, "Incorrect integer value: '' for column 'year4_columns' at row 1")
===file:sqls_util/syntax/insert_value.sql, id:546, sql:[insert into test1 values (3,'9999-12-31 23:59:59.999999')]===
mysql err:(1441, 'Datetime function: datetime field overflow')
dble err[16:54:37.759108] :(1441, 'Datetime function: datetime field overflow')
===file:sqls_util/syntax/insert_value.sql, id:549, sql:[insert into test1 values (6,'')]===
mysql err:(1292, "Incorrect datetime value: '' for column 'datetime_columns' at row 1")
dble err[16:54:38.072390] :(1292, "Incorrect datetime value: '' for column 'datetime_columns' at row 1")
===file:sqls_util/syntax/insert_value.sql, id:559, sql:[insert into test1 values (4,'')]===
mysql err:(1292, "Incorrect datetime value: '' for column 'timestamp_columns' at row 1")
dble err[16:54:39.072872] :(1292, "Incorrect datetime value: '' for column 'timestamp_columns' at row 1")
===file:sqls_util/syntax/insert_value.sql, id:570, sql:[insert into test1 values (5,'')]===
mysql err:(1366, "Incorrect integer value: '' for column 'tinyint_columns' at row 1")
dble err[16:54:40.421723] :(1366, "Incorrect integer value: '' for column 'tinyint_columns' at row 1")
===file:sqls_util/syntax/insert_value.sql, id:578, sql:[insert into test1 values (3,'')]===
mysql err:(1366, "Incorrect integer value: '' for column 'tinyint_unsigned_columns' at row 1")
dble err[16:54:41.360253] :(1366, "Incorrect integer value: '' for column 'tinyint_unsigned_columns' at row 1")
===file:sqls_util/syntax/insert_value.sql, id:588, sql:[insert into test1 values (5,'')]===
mysql err:(1366, "Incorrect integer value: '' for column 'smallint_columns' at row 1")
dble err[16:54:42.529827] :(1366, "Incorrect integer value: '' for column 'smallint_columns' at row 1")
===file:sqls_util/syntax/insert_value.sql, id:596, sql:[insert into test1 values (3,'')]===
mysql err:(1366, "Incorrect integer value: '' for column 'smallint_unsigned_columns' at row 1")
dble err[16:54:43.514692] :(1366, "Incorrect integer value: '' for column 'smallint_unsigned_columns' at row 1")
===file:sqls_util/syntax/insert_value.sql, id:604, sql:[insert into test1 values (3,'')]===
mysql err:(1366, "Incorrect integer value: '' for column 'mediumint_columns' at row 1")
dble err[16:54:44.323652] :(1366, "Incorrect integer value: '' for column 'mediumint_columns' at row 1")
===file:sqls_util/syntax/insert_value.sql, id:612, sql:[insert into test1 values (3,'')]===
mysql err:(1366, "Incorrect integer value: '' for column 'mediumint_unsigned_columns' at row 1")
dble err[16:54:45.240924] :(1366, "Incorrect integer value: '' for column 'mediumint_unsigned_columns' at row 1")
===file:sqls_util/syntax/insert_value.sql, id:621, sql:[insert into test1 values (4,'')]===
mysql err:(1366, "Incorrect integer value: '' for column 'int_columns' at row 1")
dble err[16:54:46.289670] :(1366, "Incorrect integer value: '' for column 'int_columns' at row 1")
===file:sqls_util/syntax/insert_value.sql, id:629, sql:[insert into test1 values (3,'')]===
mysql err:(1366, "Incorrect integer value: '' for column 'int_unsigned_columns' at row 1")
dble err[16:54:47.152756] :(1366, "Incorrect integer value: '' for column 'int_unsigned_columns' at row 1")
===file:sqls_util/syntax/insert_value.sql, id:638, sql:[insert into test1 values (4,'')]===
mysql err:(1366, "Incorrect integer value: '' for column 'bigint_columns' at row 1")
dble err[16:54:48.086233] :(1366, "Incorrect integer value: '' for column 'bigint_columns' at row 1")
===file:sqls_util/syntax/insert_value.sql, id:646, sql:[insert into test1 values (3,'')]===
mysql err:(1366, "Incorrect integer value: '' for column 'bigint_unsigned_columns' at row 1")
dble err[16:54:49.073458] :(1366, "Incorrect integer value: '' for column 'bigint_unsigned_columns' at row 1")
===file:sqls_util/syntax/insert_value.sql, id:656, sql:[insert into test1 values (5,'')]===
mysql err:(1366, "Incorrect decimal value: '' for column 'decimal_columns' at row 1")
dble err[16:54:50.194023] :(1366, "Incorrect decimal value: '' for column 'decimal_columns' at row 1")
===file:sqls_util/syntax/insert_value.sql, id:664, sql:[insert into test1 values (3,'')]===
mysql err:(1366, "Incorrect decimal value: '' for column 'decimal_columns' at row 1")
dble err[16:54:51.147006] :(1366, "Incorrect decimal value: '' for column 'decimal_columns' at row 1")
===file:sqls_util/syntax/insert_value.sql, id:674, sql:[insert into test1 values (5,'')]===
mysql err:(1265, "Data truncated for column 'float_columns' at row 1")
dble err[16:54:52.302755] :(1265, "Data truncated for column 'float_columns' at row 1")
===file:sqls_util/syntax/insert_value.sql, id:682, sql:[insert into test1 values (3,'')]===
mysql err:(1265, "Data truncated for column 'float_columns' at row 1")
dble err[16:54:53.240511] :(1265, "Data truncated for column 'float_columns' at row 1")
===file:sqls_util/syntax/insert_value.sql, id:692, sql:[insert into test1 values (5,'')]===
mysql err:(1265, "Data truncated for column 'double_columns' at row 1")
dble err[16:54:54.391306] :(1265, "Data truncated for column 'double_columns' at row 1")
===file:sqls_util/syntax/insert_value.sql, id:700, sql:[insert into test1 values (3,'')]===
mysql err:(1265, "Data truncated for column 'double_unsigned_columns' at row 1")
dble err[16:54:55.227836] :(1265, "Data truncated for column 'double_unsigned_columns' at row 1")
===file:sqls_util/syntax/insert_value.sql, id:709, sql:[insert into test1 values (4,'')]===
mysql err:(1265, "Data truncated for column 'enum_columns' at row 1")
dble err[16:54:56.326150] :(1265, "Data truncated for column 'enum_columns' at row 1")
