===file:sqls_util/syntax/sys_function_util.sql, id:5, sql:[INSERT INTO test1 VALUES(1),(2),(3);]===
dble:[None]
mysql:[()]
dble err:(1064, 'bad insert sql, sharding column/joinKey:ID not provided,INSERT INTO test1\nVALUES (1),\n\t(2),\n\t(3)')
===file:sqls_util/syntax/sys_function_util.sql, id:7, sql:[SELECT i, RAND(3) FROM test1]===
dble:[[]]
mysql:[[(1, 0.9057697559760601), (2, 0.37307905813034536), (3, 0.14808605345719125)]]
===file:sqls_util/syntax/sys_function_util.sql, id:11, sql:[insert into test1 values('{"id": "3", "name": "Barney"}' ,3),('{"id": "4", "name": "Betty"}' ,3), ('{"id": "2", "name": "Wilma"}',2)]===
dble:[None]
mysql:[()]
dble err:(1064, 'bad insert sql, sharding column/joinKey:ID not provided,INSERT INTO test1\nVALUES (\'{"id": "3", "name": "Barney"}\', 3),\n\t(\'{"id": "4", "name": "Betty"}\', 3),\n\t(\'{"id": "2", "name": "Wilma"}\', 2)')
===file:sqls_util/syntax/sys_function_util.sql, id:13, sql:[SELECT a, JSON_EXTRACT(a, "$.id"), b FROM test1 WHERE JSON_EXTRACT(a, "$.id") > 1 ORDER BY JSON_EXTRACT(a, "$.name")]===
dble:[None]
mysql:[(('{"id": "3", "name": "Barney"}', '"3"', 3), ('{"id": "4", "name": "Betty"}', '"4"', 3), ('{"id": "2", "name": "Wilma"}', '"2"', 2))]
dble err:(4004, 'Unknown function JSON_EXTRACT')
===file:sqls_util/syntax/sys_function_util.sql, id:15, sql:[SELECT JSON_UNQUOTE(a->'$.name') AS name FROM test1 WHERE b > 2]===
dble:[None]
mysql:[(('Barney',), ('Betty',))]
dble err:(1064, 'not supported kind expression:SubGt')
===file:sqls_util/syntax/sys_function_util.sql, id:16, sql:[SELECT a->>'$.name' AS name FROM test1 WHERE b > 2]===
dble:[None]
mysql:[(('Barney',), ('Betty',))]
dble err:(1064, 'not supported kind expression:SubGtGt')
===file:sqls_util/syntax/sys_function_util.sql, id:26, sql:[insert into test1 values ('{"id": "3", "name": "Barney"}' ,3),('{"id": "4", "name": "Betty"}' ,3), ('{"id": "2", "name": "Wilma"}',2)]===
dble:[None]
mysql:[()]
dble err:(1064, 'bad insert sql, sharding column/joinKey:ID not provided,INSERT INTO test1\nVALUES (\'{"id": "3", "name": "Barney"}\', 3),\n\t(\'{"id": "4", "name": "Betty"}\', 3),\n\t(\'{"id": "2", "name": "Wilma"}\', 2)')
===file:sqls_util/syntax/sys_function_util.sql, id:27, sql:[SELECT c, c->"$.id", g FROM test1 WHERE JSON_EXTRACT(c, "$.id") > 1 ORDER BY c->"$.name"]===
dble:[None]
mysql:[(('{"id": "3", "name": "Barney"}', '"3"', 3), ('{"id": "4", "name": "Betty"}', '"4"', 3), ('{"id": "2", "name": "Wilma"}', '"2"', 2))]
dble err:(4004, 'not supported kind expression:SubGt')
===file:sqls_util/syntax/sys_function_util.sql, id:28, sql:[SELECT c, c->"$.id", g FROM test1 WHERE c->"$.id" > 1 ORDER BY c->"$.name"]===
dble:[None]
mysql:[(('{"id": "3", "name": "Barney"}', '"3"', 3), ('{"id": "4", "name": "Betty"}', '"4"', 3), ('{"id": "2", "name": "Wilma"}', '"2"', 2))]
dble err:(4004, 'not supported kind expression:SubGt')
===file:sqls_util/syntax/sys_function_util.sql, id:31, sql:[SELECT c, c->"$.id", g, n FROM test1 WHERE JSON_EXTRACT(c, "$.id") > 1 ORDER BY c->"$.name"]===
dble:[None]
mysql:[(('{"id": "3", "name": "Barney"}', '"3"', 3, None), ('{"id": "4", "name": "Betty"}', '"4"', 3, 1), ('{"id": "2", "name": "Wilma"}', '"2"', 2, None))]
dble err:(4004, 'not supported kind expression:SubGt')
===file:sqls_util/syntax/sys_function_util.sql, id:33, sql:[SELECT c->>'$.name' AS name FROM test1 WHERE g > 2]===
dble:[None]
mysql:[(('Barney',),)]
dble err:(1064, 'not supported kind expression:SubGtGt')
===file:sqls_util/syntax/sys_function_util.sql, id:37, sql:[INSERT INTO test1 VALUES ("[3,10,5,17,44]", 33), ("[3,10,5,17,[22,44,66]]", 0)]===
dble:[None]
mysql:[()]
dble err:(1064, "bad insert sql, sharding column/joinKey:ID not provided,INSERT INTO test1\nVALUES ('[3,10,5,17,44]', 33),\n\t('[3,10,5,17,[22,44,66]]', 0)")
===file:sqls_util/syntax/sys_function_util.sql, id:38, sql:[SELECT a->"$[4]" FROM test1]===
dble:[None]
mysql:[(('44',), ('[22, 44, 66]',))]
dble err:(1064, 'not supported kind expression:SubGt')
===file:sqls_util/syntax/sys_function_util.sql, id:39, sql:[SELECT a,b FROM test1 WHERE a->"$[0]" = 3]===
dble:[[]]
mysql:[[('[3, 10, 5, 17, 44]', 33), ('[3, 10, 5, 17, [22, 44, 66]]', 0)]]
===file:sqls_util/syntax/sys_function_util.sql, id:40, sql:[SELECT a,b FROM test1 WHERE a->"$[4][1]" IS NOT NULL]===
dble:[[]]
mysql:[[('[3, 10, 5, 17, [22, 44, 66]]', 0)]]
===file:sqls_util/syntax/sys_function_util.sql, id:41, sql:[SELECT a->"$[4][1]" FROM test1]===
dble:[None]
mysql:[((None,), ('44',))]
dble err:(1064, 'not supported kind expression:SubGt')
===file:sqls_util/syntax/sys_function_util.sql, id:42, sql:[SELECT JSON_EXTRACT(a, "$[4][1]") FROM test1]===
dble:[None]
mysql:[((None,), ('44',))]
dble err:(1064, 'Unknown function JSON_EXTRACT')
===file:sqls_util/syntax/sys_function_util.sql, id:48, sql:[insert into test1 values('{"id": "3", "name": "Barney"}' ,3),('{"id": "4", "name": "Bearney"}' ,3), ('{"id": "2", "name": "Wilma"}',2)]===
dble:[None]
mysql:[()]
dble err:(1064, 'bad insert sql, sharding column/joinKey:ID not provided,INSERT INTO test1\nVALUES (\'{"id": "3", "name": "Barney"}\', 3),\n\t(\'{"id": "4", "name": "Bearney"}\', 3),\n\t(\'{"id": "2", "name": "Wilma"}\', 2)')
===file:sqls_util/syntax/sys_function_util.sql, id:49, sql:[select a, max(b) from test1 group by(b)]===
dble:[[]]
mysql:[[('{"id": "2", "name": "Wilma"}', 2), ('{"id": "3", "name": "Barney"}', 3)]]
===file:sqls_util/syntax/sys_function_util.sql, id:50, sql:[select any_value(a), max(b) from test1 group by(b)]===
dble:[None]
mysql:[(('{"id": "2", "name": "Wilma"}', 2), ('{"id": "3", "name": "Barney"}', 3))]
dble err:(1064, 'Unknown function ANY_VALUE')
===file:sqls_util/syntax/sys_function_util.sql, id:56, sql:[INSERT INTO test1 (a,b,c) VALUES (1,2,3),(4,5,6) ON DUPLICATE KEY UPDATE c=VALUES(a)+VALUES(b)]===
dble:[None]
mysql:[()]
dble err:(1064, 'bad insert sql, sharding column/joinKey:ID not provided,INSERT INTO test1 (a, b, c)\nVALUES (1, 2, 3),\n\t(4, 5, 6)\nON DUPLICATE KEY UPDATE c = VALUES(a) + VALUES(b)')
===file:sqls_util/syntax/sys_function_util.sql, id:65, sql:[select id, group_concat(test_score) from test1 group by id]===
dble:[[(1, b'1'), (2, b'2'), (3, b'1'), (4, b'8'), (5, b'2')]]
mysql:[[(1, '1'), (2, '2'), (3, '1'), (4, '8'), (5, '2')]]