===file:sqls_util/syntax/union.sql, id:65, sql:[select id from  test1 union SELECT STRCMP('text', 'text2')]===
dble:[[(-1L,), (0L,), (1L,), (2L,), (3L,), (4L,), (5L,), (6L,), (7L,), (8L,), (9L,), (10L,), (11L,), (12L,), (13L,), (14L,), (15L,), (16L,), (17L,), (18L,), (19L,)]]
mysql:[[(0L,), (1L,), (2L,), (3L,), (4L,), (5L,), (6L,), (7L,), (8L,), (9L,), (10L,), (11L,), (12L,), (13L,), (14L,), (15L,), (16L,), (17L,), (18L,), (19L,)]]
===file:sqls_util/syntax/union.sql, id:83, sql:[select id from  test1 union SELECT USER()]===
dble:[[('0',), ('1',), ('10',), ('11',), ('12',), ('13',), ('14',), ('15',), ('16',), ('17',), ('18',), ('19',), ('2',), ('3',), ('4',), ('5',), ('6',), ('7',), ('8',), ('9',), ('test@dble-1.compose_net',)]]
mysql:[[('0',), ('1',), ('10',), ('11',), ('12',), ('13',), ('14',), ('15',), ('16',), ('17',), ('18',), ('19',), ('2',), ('3',), ('4',), ('5',), ('6',), ('7',), ('8',), ('9',), ('test@cpe-172-100-9-253.twcny.res.rr.com',)]]
===file:sqls_util/syntax/union.sql, id:92, sql:[select id from  test1 union SELECT ATAN(-2)]===
dble:[[(-1.1071487177940904,), (0.0,), (1.0,), (2.0,), (3.0,), (4.0,), (5.0,), (6.0,), (7.0,), (8.0,), (9.0,), (10.0,), (11.0,), (12.0,), (13.0,), (14.0,), (15.0,), (16.0,), (17.0,), (18.0,), (19.0,)]]
mysql:[[(0.0,), (1.0,), (2.0,), (3.0,), (4.0,), (5.0,), (6.0,), (7.0,), (8.0,), (9.0,), (10.0,), (11.0,), (12.0,), (13.0,), (14.0,), (15.0,), (16.0,), (17.0,), (18.0,), (19.0,)]]
===file:sqls_util/syntax/union.sql, id:93, sql:[select id from  test1 union SELECT ATAN(-2,2)]===
dble:[[(-0.7853981633974483,), (0.0,), (1.0,), (2.0,), (3.0,), (4.0,), (5.0,), (6.0,), (7.0,), (8.0,), (9.0,), (10.0,), (11.0,), (12.0,), (13.0,), (14.0,), (15.0,), (16.0,), (17.0,), (18.0,), (19.0,)]]
mysql:[[(0.0,), (1.0,), (2.0,), (3.0,), (4.0,), (5.0,), (6.0,), (7.0,), (8.0,), (9.0,), (10.0,), (11.0,), (12.0,), (13.0,), (14.0,), (15.0,), (16.0,), (17.0,), (18.0,), (19.0,)]]
===file:sqls_util/syntax/union.sql, id:95, sql:[select id from  test1 union  SELECT CEIL(-1.23)]===
dble:[[(-1L,), (0L,), (1L,), (2L,), (3L,), (4L,), (5L,), (6L,), (7L,), (8L,), (9L,), (10L,), (11L,), (12L,), (13L,), (14L,), (15L,), (16L,), (17L,), (18L,), (19L,)]]
mysql:[[(0L,), (1L,), (2L,), (3L,), (4L,), (5L,), (6L,), (7L,), (8L,), (9L,), (10L,), (11L,), (12L,), (13L,), (14L,), (15L,), (16L,), (17L,), (18L,), (19L,)]]
===file:sqls_util/syntax/union.sql, id:101, sql:[select id from  test1 union SELECT COS(PI())]===
dble:[[(-1.0,), (0.0,), (1.0,), (2.0,), (3.0,), (4.0,), (5.0,), (6.0,), (7.0,), (8.0,), (9.0,), (10.0,), (11.0,), (12.0,), (13.0,), (14.0,), (15.0,), (16.0,), (17.0,), (18.0,), (19.0,)]]
mysql:[[(0.0,), (1.0,), (2.0,), (3.0,), (4.0,), (5.0,), (6.0,), (7.0,), (8.0,), (9.0,), (10.0,), (11.0,), (12.0,), (13.0,), (14.0,), (15.0,), (16.0,), (17.0,), (18.0,), (19.0,)]]
===file:sqls_util/syntax/union.sql, id:102, sql:[select id from  test1 union SELECT COT(12)]===
dble:[[(-1.5726734063976893,), (0.0,), (1.0,), (2.0,), (3.0,), (4.0,), (5.0,), (6.0,), (7.0,), (8.0,), (9.0,), (10.0,), (11.0,), (12.0,), (13.0,), (14.0,), (15.0,), (16.0,), (17.0,), (18.0,), (19.0,)]]
mysql:[[(0.0,), (1.0,), (2.0,), (3.0,), (4.0,), (5.0,), (6.0,), (7.0,), (8.0,), (9.0,), (10.0,), (11.0,), (12.0,), (13.0,), (14.0,), (15.0,), (16.0,), (17.0,), (18.0,), (19.0,)]]
===file:sqls_util/syntax/union.sql, id:108, sql:[select id from  test1 union SELECT FLOOR(-1.23)]===
dble:[[(-2L,), (0L,), (1L,), (2L,), (3L,), (4L,), (5L,), (6L,), (7L,), (8L,), (9L,), (10L,), (11L,), (12L,), (13L,), (14L,), (15L,), (16L,), (17L,), (18L,), (19L,)]]
mysql:[[(0L,), (1L,), (2L,), (3L,), (4L,), (5L,), (6L,), (7L,), (8L,), (9L,), (10L,), (11L,), (12L,), (13L,), (14L,), (15L,), (16L,), (17L,), (18L,), (19L,)]]
===file:sqls_util/syntax/union.sql, id:133, sql:[select id from  test1 union SELECT SIGN(-32)]===
dble:[[(-1L,), (0L,), (1L,), (2L,), (3L,), (4L,), (5L,), (6L,), (7L,), (8L,), (9L,), (10L,), (11L,), (12L,), (13L,), (14L,), (15L,), (16L,), (17L,), (18L,), (19L,)]]
mysql:[[(0L,), (1L,), (2L,), (3L,), (4L,), (5L,), (6L,), (7L,), (8L,), (9L,), (10L,), (11L,), (12L,), (13L,), (14L,), (15L,), (16L,), (17L,), (18L,), (19L,)]]
===file:sqls_util/syntax/union.sql, id:136, sql:[select id from  test1 union SELECT TAN(PI())]===
dble:[[(-1.2246467991473532e-16,), (0.0,), (1.0,), (2.0,), (3.0,), (4.0,), (5.0,), (6.0,), (7.0,), (8.0,), (9.0,), (10.0,), (11.0,), (12.0,), (13.0,), (14.0,), (15.0,), (16.0,), (17.0,), (18.0,), (19.0,)]]
mysql:[[(0.0,), (1.0,), (2.0,), (3.0,), (4.0,), (5.0,), (6.0,), (7.0,), (8.0,), (9.0,), (10.0,), (11.0,), (12.0,), (13.0,), (14.0,), (15.0,), (16.0,), (17.0,), (18.0,), (19.0,)]]
===file:sqls_util/syntax/union.sql, id:148, sql:[select id from  test1 union SELECT CURRENT_DATE]===
dble:[None]
mysql:[(('0',), ('1',), ('2',), ('3',), ('4',), ('5',), ('6',), ('7',), ('8',), ('9',), ('10',), ('11',), ('12',), ('13',), ('14',), ('15',), ('16',), ('17',), ('18',), ('19',), ('2019-01-31',))]
dble err:(-1, 'error totally whack')
===file:sqls_util/syntax/union.sql, id:150, sql:[select id from  test1 union SELECT CURRENT_TIME /*allow_diff*/]===
dble:[None]
mysql:[(('0',), ('1',), ('2',), ('3',), ('4',), ('5',), ('6',), ('7',), ('8',), ('9',), ('10',), ('11',), ('12',), ('13',), ('14',), ('15',), ('16',), ('17',), ('18',), ('19',), ('16:13:47',))]
dble err:(-1, 'error totally whack')
===file:sqls_util/syntax/union.sql, id:153, sql:[select id from  test1 union SELECT CURRENT_TIMESTAMP /*allow_diff*/]===
dble:[None]
mysql:[(('0',), ('1',), ('2',), ('3',), ('4',), ('5',), ('6',), ('7',), ('8',), ('9',), ('10',), ('11',), ('12',), ('13',), ('14',), ('15',), ('16',), ('17',), ('18',), ('19',), ('2019-01-31 16:13:47',))]
dble err:(-1, 'error totally whack')
===file:sqls_util/syntax/union.sql, id:156, sql:[select id from  test1 union SELECT LOCALTIME /*allow_diff*/]===
dble:[None]
mysql:[(('0',), ('1',), ('2',), ('3',), ('4',), ('5',), ('6',), ('7',), ('8',), ('9',), ('10',), ('11',), ('12',), ('13',), ('14',), ('15',), ('16',), ('17',), ('18',), ('19',), ('2019-01-31 16:13:47',))]
dble err:(-1, 'error totally whack')
===file:sqls_util/syntax/union.sql, id:158, sql:[select id from  test1 union SELECT LOCALTIMESTAMP /*allow_diff*/]===
dble:[None]
mysql:[(('0',), ('1',), ('2',), ('3',), ('4',), ('5',), ('6',), ('7',), ('8',), ('9',), ('10',), ('11',), ('12',), ('13',), ('14',), ('15',), ('16',), ('17',), ('18',), ('19',), ('2019-01-31 16:13:47',))]
dble err:(-1, 'error totally whack')
===file:sqls_util/syntax/union.sql, id:162, sql:[select id from  test1 union SELECT DATEDIFF('2010-11-30 23:59:59','2010-12-31')]===
dble:[[(-31L,), (0L,), (1L,), (2L,), (3L,), (4L,), (5L,), (6L,), (7L,), (8L,), (9L,), (10L,), (11L,), (12L,), (13L,), (14L,), (15L,), (16L,), (17L,), (18L,), (19L,)]]
mysql:[[(0L,), (1L,), (2L,), (3L,), (4L,), (5L,), (6L,), (7L,), (8L,), (9L,), (10L,), (11L,), (12L,), (13L,), (14L,), (15L,), (16L,), (17L,), (18L,), (19L,)]]
===file:sqls_util/syntax/union.sql, id:277, sql:[select id from  test1 union SELECT CONNECTION_id()]===
dble:[[(0L,), (1L,), (2L,), (3L,), (4L,), (5L,), (6L,), (7L,), (8L,), (9L,), (10L,), (11L,), (12L,), (13L,), (14L,), (15L,), (16L,), (17L,), (18L,), (19L,), (382L,)]]
mysql:[[(0L,), (1L,), (2L,), (3L,), (4L,), (5L,), (6L,), (7L,), (8L,), (9L,), (10L,), (11L,), (12L,), (13L,), (14L,), (15L,), (16L,), (17L,), (18L,), (19L,), (4519L,)]]
===file:sqls_util/syntax/union.sql, id:279, sql:[select id from  test1 union SELECT CURRENT_USER]===
dble:[None]
mysql:[(('0',), ('1',), ('2',), ('3',), ('4',), ('5',), ('6',), ('7',), ('8',), ('9',), ('10',), ('11',), ('12',), ('13',), ('14',), ('15',), ('16',), ('17',), ('18',), ('19',), ('test@%',))]
dble err:(-1, 'error totally whack')
===file:sqls_util/syntax/union.sql, id:280, sql:[select id from  test1 union SELECT DATABASE()]===
dble:[[('0',), ('1',), ('10',), ('11',), ('12',), ('13',), ('14',), ('15',), ('16',), ('17',), ('18',), ('19',), ('2',), ('3',), ('4',), ('5',), ('6',), ('7',), ('8',), ('9',), ('db1',)]]
mysql:[[('0',), ('1',), ('10',), ('11',), ('12',), ('13',), ('14',), ('15',), ('16',), ('17',), ('18',), ('19',), ('2',), ('3',), ('4',), ('5',), ('6',), ('7',), ('8',), ('9',), ('schema1',)]]
===file:sqls_util/syntax/union.sql, id:281, sql:[select id from  test1 union select schema()]===
dble:[[('0',), ('1',), ('10',), ('11',), ('12',), ('13',), ('14',), ('15',), ('16',), ('17',), ('18',), ('19',), ('2',), ('3',), ('4',), ('5',), ('6',), ('7',), ('8',), ('9',), ('db1',)]]
mysql:[[('0',), ('1',), ('10',), ('11',), ('12',), ('13',), ('14',), ('15',), ('16',), ('17',), ('18',), ('19',), ('2',), ('3',), ('4',), ('5',), ('6',), ('7',), ('8',), ('9',), ('schema1',)]]
===file:sqls_util/syntax/union.sql, id:282, sql:[select id from  test1 union SELECT SESSION_USER()]===
dble:[[('0',), ('1',), ('10',), ('11',), ('12',), ('13',), ('14',), ('15',), ('16',), ('17',), ('18',), ('19',), ('2',), ('3',), ('4',), ('5',), ('6',), ('7',), ('8',), ('9',), ('test@dble-1.compose_net',)]]
mysql:[[('0',), ('1',), ('10',), ('11',), ('12',), ('13',), ('14',), ('15',), ('16',), ('17',), ('18',), ('19',), ('2',), ('3',), ('4',), ('5',), ('6',), ('7',), ('8',), ('9',), ('test@cpe-172-100-9-253.twcny.res.rr.com',)]]
===file:sqls_util/syntax/union.sql, id:283, sql:[select id from  test1 union SELECT USER()]===
dble:[[('0',), ('1',), ('10',), ('11',), ('12',), ('13',), ('14',), ('15',), ('16',), ('17',), ('18',), ('19',), ('2',), ('3',), ('4',), ('5',), ('6',), ('7',), ('8',), ('9',), ('test@dble-1.compose_net',)]]
mysql:[[('0',), ('1',), ('10',), ('11',), ('12',), ('13',), ('14',), ('15',), ('16',), ('17',), ('18',), ('19',), ('2',), ('3',), ('4',), ('5',), ('6',), ('7',), ('8',), ('9',), ('test@cpe-172-100-9-253.twcny.res.rr.com',)]]
===file:sqls_util/syntax/union.sql, id:285, sql:[select id from  test1 union SELECT ROW_COUNT()]===
dble:[[(-1L,), (0L,), (1L,), (2L,), (3L,), (4L,), (5L,), (6L,), (7L,), (8L,), (9L,), (10L,), (11L,), (12L,), (13L,), (14L,), (15L,), (16L,), (17L,), (18L,), (19L,)]]
mysql:[[(0L,), (1L,), (2L,), (3L,), (4L,), (5L,), (6L,), (7L,), (8L,), (9L,), (10L,), (11L,), (12L,), (13L,), (14L,), (15L,), (16L,), (17L,), (18L,), (19L,)]]
===file:sqls_util/syntax/union.sql, id:303, sql:[select id from  test1 union SELECT UUid()]===
dble:[[('0',), ('1',), ('10',), ('11',), ('12',), ('13',), ('14',), ('15',), ('16',), ('17',), ('18',), ('19',), ('2',), ('28d28df3-2530-11e9-91db-0242ac640905',), ('3',), ('4',), ('5',), ('6',), ('7',), ('8',), ('9',)]]
mysql:[[('0',), ('1',), ('10',), ('11',), ('12',), ('13',), ('14',), ('15',), ('16',), ('17',), ('18',), ('19',), ('2',), ('28d2203c-2530-11e9-8c64-0242ac640904',), ('3',), ('4',), ('5',), ('6',), ('7',), ('8',), ('9',)]]
===file:sqls_util/syntax/union.sql, id:326, sql:[SELECT CONNECTION_id() union select id from  test1]===
dble:[[(0L,), (1L,), (2L,), (3L,), (4L,), (5L,), (6L,), (7L,), (8L,), (9L,), (10L,), (11L,), (12L,), (13L,), (14L,), (15L,), (16L,), (17L,), (18L,), (19L,), (384L,)]]
mysql:[[(0L,), (1L,), (2L,), (3L,), (4L,), (5L,), (6L,), (7L,), (8L,), (9L,), (10L,), (11L,), (12L,), (13L,), (14L,), (15L,), (16L,), (17L,), (18L,), (19L,), (4565L,)]]
===file:sqls_util/syntax/union.sql, id:327, sql:[SELECT CURRENT_USER() union select id from  test1]===
dble:[[('test@172.100.9.253',)]]
mysql:[[('0',), ('1',), ('10',), ('11',), ('12',), ('13',), ('14',), ('15',), ('16',), ('17',), ('18',), ('19',), ('2',), ('3',), ('4',), ('5',), ('6',), ('7',), ('8',), ('9',), ('test@%',)]]
===file:sqls_util/syntax/union.sql, id:328, sql:[SELECT CURRENT_USER union select id from  test1]===
dble:[None]
mysql:[(('test@%',), ('0',), ('1',), ('2',), ('3',), ('4',), ('5',), ('6',), ('7',), ('8',), ('9',), ('10',), ('11',), ('12',), ('13',), ('14',), ('15',), ('16',), ('17',), ('18',), ('19',))]
dble err:(-1, 'error totally whack')
===file:sqls_util/syntax/union.sql, id:329, sql:[SELECT DATABASE() union select id from  test1]===
dble:[[('schema1',)]]
mysql:[[('0',), ('1',), ('10',), ('11',), ('12',), ('13',), ('14',), ('15',), ('16',), ('17',), ('18',), ('19',), ('2',), ('3',), ('4',), ('5',), ('6',), ('7',), ('8',), ('9',), ('schema1',)]]
===file:sqls_util/syntax/union.sql, id:330, sql:[select schema() union select id from  test1]===
dble:[[('0',), ('1',), ('10',), ('11',), ('12',), ('13',), ('14',), ('15',), ('16',), ('17',), ('18',), ('19',), ('2',), ('3',), ('4',), ('5',), ('6',), ('7',), ('8',), ('9',), ('db1',)]]
mysql:[[('0',), ('1',), ('10',), ('11',), ('12',), ('13',), ('14',), ('15',), ('16',), ('17',), ('18',), ('19',), ('2',), ('3',), ('4',), ('5',), ('6',), ('7',), ('8',), ('9',), ('schema1',)]]
===file:sqls_util/syntax/union.sql, id:331, sql:[SELECT SESSION_USER() union select id from  test1]===
dble:[[('0',), ('1',), ('10',), ('11',), ('12',), ('13',), ('14',), ('15',), ('16',), ('17',), ('18',), ('19',), ('2',), ('3',), ('4',), ('5',), ('6',), ('7',), ('8',), ('9',), ('test@dble-1.compose_net',)]]
mysql:[[('0',), ('1',), ('10',), ('11',), ('12',), ('13',), ('14',), ('15',), ('16',), ('17',), ('18',), ('19',), ('2',), ('3',), ('4',), ('5',), ('6',), ('7',), ('8',), ('9',), ('test@cpe-172-100-9-253.twcny.res.rr.com',)]]
===file:sqls_util/syntax/union.sql, id:332, sql:[SELECT USER() union select id from  test1]===
dble:[[('0',), ('1',), ('10',), ('11',), ('12',), ('13',), ('14',), ('15',), ('16',), ('17',), ('18',), ('19',), ('2',), ('3',), ('4',), ('5',), ('6',), ('7',), ('8',), ('9',), ('test@dble-1.compose_net',)]]
mysql:[[('0',), ('1',), ('10',), ('11',), ('12',), ('13',), ('14',), ('15',), ('16',), ('17',), ('18',), ('19',), ('2',), ('3',), ('4',), ('5',), ('6',), ('7',), ('8',), ('9',), ('test@cpe-172-100-9-253.twcny.res.rr.com',)]]
===file:sqls_util/syntax/union.sql, id:334, sql:[SELECT ROW_COUNT() union select id from  test1]===
dble:[[(-1L,), (0L,), (1L,), (2L,), (3L,), (4L,), (5L,), (6L,), (7L,), (8L,), (9L,), (10L,), (11L,), (12L,), (13L,), (14L,), (15L,), (16L,), (17L,), (18L,), (19L,)]]
mysql:[[(0L,), (1L,), (2L,), (3L,), (4L,), (5L,), (6L,), (7L,), (8L,), (9L,), (10L,), (11L,), (12L,), (13L,), (14L,), (15L,), (16L,), (17L,), (18L,), (19L,)]]
===file:sqls_util/syntax/union.sql, id:352, sql:[SELECT UUid() union select id from  test1]===
dble:[[('0',), ('1',), ('10',), ('11',), ('12',), ('13',), ('14',), ('15',), ('16',), ('17',), ('18',), ('19',), ('2',), ('2bd70bb1-2530-11e9-91db-0242ac640905',), ('3',), ('4',), ('5',), ('6',), ('7',), ('8',), ('9',)]]
mysql:[[('0',), ('1',), ('10',), ('11',), ('12',), ('13',), ('14',), ('15',), ('16',), ('17',), ('18',), ('19',), ('2',), ('2bd69c30-2530-11e9-8c64-0242ac640904',), ('3',), ('4',), ('5',), ('6',), ('7',), ('8',), ('9',)]]
