===file:sqls_util/syntax/update_syntax.sql, id:20, sql:[UPDATE test1 SET id=id-1]===
dble:[None]
mysql:[()]
dble err:(1064, "Sharding column can't be updated test1->ID")
===file:sqls_util/syntax/update_syntax.sql, id:21, sql:[SELECT id,R_REGIONKEY FROM test1]===
dble:[[(1, 31), (2, 31), (3, 31), (4, 31)]]
mysql:[[(0, 31), (1, 31), (2, 31), (3, 31)]]
===file:sqls_util/syntax/update_syntax.sql, id:22, sql:[UPDATE test1 SET id=10 WHERE id=4 OR id=1 AND id=3]===
dble:[None]
mysql:[()]
dble err:(1064, "Sharding column can't be updated test1->ID")
===file:sqls_util/syntax/update_syntax.sql, id:23, sql:[SELECT id,R_REGIONKEY FROM test1]===
dble:[[(1, 31), (2, 31), (3, 31), (4, 31)]]
mysql:[[(0, 31), (1, 31), (2, 31), (3, 31)]]
===file:sqls_util/syntax/update_syntax.sql, id:59, sql:[UPDATE test1 SET R_REGIONKEY=R_REGIONKEY+10 WHERE R_REGIONKEY>=2 order by R_NAME LIMIT 1]===
dble:[None]
mysql:[()]
dble err:(1064, 'delete/update sharding table with a limit route to multiNode not support')
===file:sqls_util/syntax/update_syntax.sql, id:60, sql:[SELECT * FROM test1]===
dble:[[(1, 1, 'test2', 'test001'), (2, 2, 'test2', 'test002'), (3, 3, 'test2', 'test003'), (4, 10, 'test1', 'test004')]]
mysql:[[(1, 1, 'test2', 'test001'), (2, 2, 'test2', 'test002'), (3, 3, 'test2', 'test003'), (4, 20, 'test1', 'test004')]]