===File:D:\Jconnector\sql_cover\route_sharding.sql,id:2,sql:DROP TABLE IF EXISTS enum_patch_integer /* 1_2_3_4 */===
[false]
===File:D:\Jconnector\sql_cover\route_sharding.sql,id:3,sql:CREATE TABLE enum_patch_integer(id int not null primary key,data varchar(10))/* 1_2_3_4 */===
[false]
===File:D:\Jconnector\sql_cover\route_sharding.sql,id:4,sql:INSERT INTO enum_patch_integer (id,data) values (1,'aaa'),(2,'bbb'),(3,'ccc'),(0,'ddd')/* 1 */===
[4]
===File:D:\Jconnector\sql_cover\route_sharding.sql,id:5,sql:INSERT INTO enum_patch_integer (id,data) values (1,'eee') on duplicate key UPDATE data = 'FFF' /* 1 */===
[2]
===File:D:\Jconnector\sql_cover\route_sharding.sql,id:6,sql:INSERT INTO enum_patch_integer (id,data) values (4,'eee') on duplicate key UPDATE data = 'FFF'/* 1 */===
[1]
===File:D:\Jconnector\sql_cover\route_sharding.sql,id:8,sql:UPDATE enum_patch_integer set data = 'HHH' where id = 1/* 1 */===
[1]
===File:D:\Jconnector\sql_cover\route_sharding.sql,id:9,sql:UPDATE enum_patch_integer set data = 'HHH' where id like 2/* 1_2_3_4 */===
[1]
===File:D:\Jconnector\sql_cover\route_sharding.sql,id:10,sql:UPDATE enum_patch_integer set data = 'HHH' where id not like 2/* 1_2_3_4 */===
[4]
===File:D:\Jconnector\sql_cover\route_sharding.sql,id:11,sql:UPDATE enum_patch_integer set data = 'AAA' where id in (1,2,3)/* 1 */===
[3]
===File:D:\Jconnector\sql_cover\route_sharding.sql,id:12,sql:UPDATE enum_patch_integer set data = 'AAA' where id not in (1,2,3)/* 1_2_3_4 */===
[2]
===File:D:\Jconnector\sql_cover\route_sharding.sql,id:13,sql:UPDATE enum_patch_integer set data = 'AAA' where id is not null/* 1_2_3_4 */===
[5]
===File:D:\Jconnector\sql_cover\route_sharding.sql,id:15,sql:UPDATE enum_patch_integer set data = 'BBB' where id = 4 or data = 'AAA'/* 1_2_3_4 */===
[5]
===File:D:\Jconnector\sql_cover\route_sharding.sql,id:16,sql:UPDATE enum_patch_integer set data = 'BBB' where 1=1 or id = 0/* 1_2_3_4 */===
[5]
===File:D:\Jconnector\sql_cover\route_sharding.sql,id:17,sql:UPDATE enum_patch_integer set data = 'BBB' where id is not null  or id = 0/* 1_2_3_4 */===
[5]
===File:D:\Jconnector\sql_cover\route_sharding.sql,id:18,sql:DELETE FROM enum_patch_integer /* 1_2_3_4 */===
[5]
===File:D:\Jconnector\sql_cover\route_sharding.sql,id:19,sql:INSERT INTO enum_patch_integer (id,data) values (1,'aaa'),(2,'bbb'),(3,'ccc'),(4,'ddd')/* 1 */===
[4]
===File:D:\Jconnector\sql_cover\route_sharding.sql,id:20,sql:DELETE FROM enum_patch_integer where id = 1/* 1 */===
[1]
===File:D:\Jconnector\sql_cover\route_sharding.sql,id:21,sql:DELETE FROM enum_patch_integer where id like 2/* 1_2_3_4 */===
[1]
===File:D:\Jconnector\sql_cover\route_sharding.sql,id:22,sql:DELETE FROM enum_patch_integer where id not like 2/* 1_2_3_4 */===
[2]
===File:D:\Jconnector\sql_cover\route_sharding.sql,id:23,sql:INSERT INTO enum_patch_integer (id,data) values (1,'aaa'),(2,'bbb'),(3,'ccc'),(4,'ddd')/* 1 */===
[4]
===File:D:\Jconnector\sql_cover\route_sharding.sql,id:24,sql:DELETE FROM enum_patch_integer where id in (1,2)/* 1 */===
[2]
===File:D:\Jconnector\sql_cover\route_sharding.sql,id:25,sql:DELETE FROM enum_patch_integer where id not in (1,2)/* 1_2_3_4 */===
[2]
===File:D:\Jconnector\sql_cover\route_sharding.sql,id:26,sql:INSERT INTO enum_patch_integer (id,data) values(1,'aaa'),(2,'bbb'),(3,'ccc'),(4,'ddd')/* 1 */===
[4]
===File:D:\Jconnector\sql_cover\route_sharding.sql,id:27,sql:DELETE FROM enum_patch_integer where id is not null/* 1_2_3_4 */===
[4]
===File:D:\Jconnector\sql_cover\route_sharding.sql,id:28,sql:INSERT INTO enum_patch_integer (id,data) values(1,'aaa'),(2,'bbb'),(3,'ccc'),(4,'ddd')/* 1 */===
[4]
===File:D:\Jconnector\sql_cover\route_sharding.sql,id:30,sql:DELETE FROM enum_patch_integer where id =1 or data='ccc'/* 1_2_3_4 */===
[2]
===File:D:\Jconnector\sql_cover\route_sharding.sql,id:31,sql:DELETE FROM enum_patch_integer where data = 'ddd'/* 1_2_3_4 */===
[1]
===File:D:\Jconnector\sql_cover\route_sharding.sql,id:32,sql:DROP TABLE enum_patch_integer/* 1_2_3_4 */===
[false]
===File:D:\Jconnector\sql_cover\route_sharding.sql,id:33,sql:CREATE TABLE enum_patch_integer(id int,data varchar(10))/* 1_2_3_4 */===
[false]
===File:D:\Jconnector\sql_cover\route_sharding.sql,id:34,sql:ALTER TABLE enum_patch_integer add data1 varchar(10)/* 1_2_3_4 */===
[false]
===File:D:\Jconnector\sql_cover\route_sharding.sql,id:35,sql:ALTER TABLE enum_patch_integer DROP column data1/* 1_2_3_4 */===
[false]
===File:D:\Jconnector\sql_cover\route_sharding.sql,id:36,sql:ALTER TABLE enum_patch_integer change column data data1 varchar(10)/* 1_2_3_4 */===
[false]
===File:D:\Jconnector\sql_cover\route_sharding.sql,id:37,sql:ALTER TABLE enum_patch_integer modify column data1 varchar(20) not null/* 1_2_3_4 */===
[false]
===File:D:\Jconnector\sql_cover\route_sharding.sql,id:38,sql:DROP TABLE enum_patch_integer/* 1_2_3_4 */===
[false]
===File:D:\Jconnector\sql_cover\route_sharding.sql,id:39,sql:CREATE TABLE enum_patch_integer(id int,data varchar(10))/* 1_2_3_4 */===
[false]
===File:D:\Jconnector\sql_cover\route_sharding.sql,id:40,sql:INSERT INTO enum_patch_integer (id,data) values (1,'aaa'),(2,'bbb'),(3,'ccc'),(4,'ddd')/* 1 */===
[4]
===File:D:\Jconnector\sql_cover\route_sharding.sql,id:41,sql:SELECT * from enum_patch_integer/* 1_2_3_4 */===
[{data=aaa, id=1}, {data=bbb, id=2}, {data=ccc, id=3}, {data=ddd, id=4}]
===File:D:\Jconnector\sql_cover\route_sharding.sql,id:42,sql:SELECT * from enum_patch_integer where id =1/* 1 */===
[{data=aaa, id=1}]
===File:D:\Jconnector\sql_cover\route_sharding.sql,id:43,sql:SELECT * from enum_patch_integer where id like 1/* 1_2_3_4 */===
[{data=aaa, id=1}]
===File:D:\Jconnector\sql_cover\route_sharding.sql,id:44,sql:SELECT * from enum_patch_integer where id =1 or 1=1/* 1_2_3_4 */===
[{data=aaa, id=1}, {data=bbb, id=2}, {data=ccc, id=3}, {data=ddd, id=4}]
===File:D:\Jconnector\sql_cover\route_sharding.sql,id:45,sql:SELECT * from enum_patch_integer where id in (1,2,3)/* 1 */===
[{data=aaa, id=1}, {data=bbb, id=2}, {data=ccc, id=3}]
===File:D:\Jconnector\sql_cover\route_sharding.sql,id:46,sql:SELECT * from enum_patch_integer where id not in (1,2,3)/* 1_2_3_4 */===
[{data=ddd, id=4}]
===File:D:\Jconnector\sql_cover\route_sharding.sql,id:47,sql:SELECT * from enum_patch_integer where id not like 1/* 1_2_3_4 */===
[{data=bbb, id=2}, {data=ccc, id=3}, {data=ddd, id=4}]
===File:D:\Jconnector\sql_cover\route_sharding.sql,id:48,sql:SELECT * from enum_patch_integer where id is not null/* 1_2_3_4 */===
[{data=aaa, id=1}, {data=bbb, id=2}, {data=ccc, id=3}, {data=ddd, id=4}]
===File:D:\Jconnector\sql_cover\route_sharding.sql,id:50,sql:SELECT * from enum_patch_integer where id >1/* 1_2_3_4 */===
[{data=bbb, id=2}, {data=ccc, id=3}, {data=ddd, id=4}]
===File:D:\Jconnector\sql_cover\route_sharding.sql,id:51,sql:SELECT * from enum_patch_integer where id <3/* 1_2_3_4 */===
[{data=aaa, id=1}, {data=bbb, id=2}]
===File:D:\Jconnector\sql_cover\route_sharding.sql,id:52,sql:SELECT * from enum_patch_integer where data = 'aaa'/* 1_2_3_4 */===
[{data=aaa, id=1}]
===File:D:\Jconnector\sql_cover\route_sharding.sql,id:53,sql:DROP TABLE IF EXISTS enum_patch_integer /* 1_2_3_4 */===
[false]
===File:D:\Jconnector\sql_cover\route_sharding.sql,id:54,sql:DROP TABLE IF EXISTS enum_patch_string /*1_2_3_4 */===
[false]
===File:D:\Jconnector\sql_cover\route_sharding.sql,id:55,sql:CREATE TABLE enum_patch_string(id varchar(10) not null primary key,data varchar(10)) /* 1_2_3_4 */===
[false]
===File:D:\Jconnector\sql_cover\route_sharding.sql,id:56,sql:INSERT INTO enum_patch_string(id,data) values ('aaa','a'),('bbb','b'),('ccc','c'),('ddd','d') /* 1_2_3_4 */===
[4]
===File:D:\Jconnector\sql_cover\route_sharding.sql,id:57,sql:INSERT INTO enum_patch_string(id,data) values ('eee','e') on duplicate key UPDATE data = 'E' /* 1 */===
[1]
===File:D:\Jconnector\sql_cover\route_sharding.sql,id:58,sql:INSERT INTO enum_patch_string(id,data) values ('eee','e') on duplicate key UPDATE data = 'E' /* 1 */===
[1]
===File:D:\Jconnector\sql_cover\route_sharding.sql,id:60,sql:UPDATE enum_patch_string set data='A' where id = 'aaa' /* 1 */===
[1]
===File:D:\Jconnector\sql_cover\route_sharding.sql,id:61,sql:UPDATE enum_patch_string set data = 'B' where id like 'bbb' /* 1_2_3_4 */===
[1]
===File:D:\Jconnector\sql_cover\route_sharding.sql,id:62,sql:UPDATE enum_patch_string set data = 'B' where id not like 'bbb' /* 1_2_3_4 */===
[4]
===File:D:\Jconnector\sql_cover\route_sharding.sql,id:63,sql:UPDATE enum_patch_string set data = 'C' where id in ('aaa','bbb','ccc') /* 1_2_3 */===
[3]
===File:D:\Jconnector\sql_cover\route_sharding.sql,id:64,sql:UPDATE enum_patch_string set data = 'C' where id not in ('aaa','bbb','ccc') /* 1_2_3_4 */===
[2]
===File:D:\Jconnector\sql_cover\route_sharding.sql,id:65,sql:UPDATE enum_patch_string set data = 'D' where id is not null /* 1_2_3_4 */===
[5]
===File:D:\Jconnector\sql_cover\route_sharding.sql,id:67,sql:UPDATE enum_patch_string set data ='E' where id = 'aaa' or data = 'D' /* 1_2_3_4 */===
[5]
===File:D:\Jconnector\sql_cover\route_sharding.sql,id:68,sql:UPDATE enum_patch_string set data = 'F' where 1=1 or id = 'aaa' /* 1_2_3_4 */===
[5]
===File:D:\Jconnector\sql_cover\route_sharding.sql,id:69,sql:UPDATE enum_patch_string set data = 'F' where id is not null  or id = 0 /* 1_2_3_4 */===
[5]
===File:D:\Jconnector\sql_cover\route_sharding.sql,id:70,sql:DELETE FROM enum_patch_string  /* 1_2_3_4 */===
[5]
===File:D:\Jconnector\sql_cover\route_sharding.sql,id:71,sql:INSERT INTO enum_patch_string(id,data) values ('aaa','a'),('bbb','b'),('ccc','c'),('ddd','d') /* 1_2_3_4 */===
[4]
===File:D:\Jconnector\sql_cover\route_sharding.sql,id:72,sql:DELETE FROM enum_patch_string where id = 'aaa' /* 1 */===
[1]
===File:D:\Jconnector\sql_cover\route_sharding.sql,id:73,sql:DELETE FROM enum_patch_string where id like 'aaa' /* 1_2_3_4 */===
[0]
===File:D:\Jconnector\sql_cover\route_sharding.sql,id:74,sql:DELETE FROM enum_patch_string where id not like 'aaa' /* 1_2_3_4 */===
[3]
===File:D:\Jconnector\sql_cover\route_sharding.sql,id:75,sql:INSERT INTO enum_patch_string (id,data) values ('aaa','a'),('bbb','b'),('ccc','c'),('ddd','d') /* 1_2_3_4 */===
[4]
===File:D:\Jconnector\sql_cover\route_sharding.sql,id:76,sql:DELETE FROM enum_patch_string where id in ('aaa','bbb') /* 1_2 */===
[2]
===File:D:\Jconnector\sql_cover\route_sharding.sql,id:77,sql:DELETE FROM enum_patch_string where id not in ('aaa','bbb') /* 1_2_3_4 */===
[2]
===File:D:\Jconnector\sql_cover\route_sharding.sql,id:78,sql:INSERT INTO enum_patch_string (id,data) values ('aaa','a'),('bbb','b'),('ccc','c'),('ddd','d') /* 1_2_3_4 */===
[4]
===File:D:\Jconnector\sql_cover\route_sharding.sql,id:79,sql:DELETE FROM enum_patch_string where id is not null /* 1_2_3_4 */===
[4]
===File:D:\Jconnector\sql_cover\route_sharding.sql,id:80,sql:INSERT INTO enum_patch_string (id,data) values ('aaa','a'),('bbb','b'),('ccc','c'),('ddd','d') /* 1_2_3_4 */===
[4]
===File:D:\Jconnector\sql_cover\route_sharding.sql,id:82,sql:DELETE FROM enum_patch_string where id ='ccc' or data='c' /* 1_2_3_4 */===
[1]
===File:D:\Jconnector\sql_cover\route_sharding.sql,id:83,sql:DELETE FROM enum_patch_string where data = 'ddd' /* 1_2_3_4 */===
[0]
===File:D:\Jconnector\sql_cover\route_sharding.sql,id:84,sql:DROP TABLE enum_patch_string /* 1_2_3_4 */===
[false]
===File:D:\Jconnector\sql_cover\route_sharding.sql,id:85,sql:CREATE TABLE enum_patch_string(id VARCHAR (10),data varchar(10)) /* 1_2_3_4 */===
[false]
===File:D:\Jconnector\sql_cover\route_sharding.sql,id:86,sql:ALTER TABLE enum_patch_string add data1 varchar(10) /* 1_2_3_4 */===
[false]
===File:D:\Jconnector\sql_cover\route_sharding.sql,id:87,sql:ALTER TABLE enum_patch_string drop column data1 /* 1_2_3_4 */===
[false]
===File:D:\Jconnector\sql_cover\route_sharding.sql,id:88,sql:ALTER TABLE enum_patch_string change column data data1 varchar(10)/* 1_2_3_4 */===
[false]
===File:D:\Jconnector\sql_cover\route_sharding.sql,id:89,sql:ALTER TABLE enum_patch_string modify column data1 varchar(20) not null /* 1_2_3_4 */===
[false]
===File:D:\Jconnector\sql_cover\route_sharding.sql,id:90,sql:DROP TABLE enum_patch_string /* 1_2_3_4 */===
[false]
===File:D:\Jconnector\sql_cover\route_sharding.sql,id:91,sql:CREATE TABLE enum_patch_string(id varchar(10),data varchar(10)) /* 1_2_3_4 */===
[false]
===File:D:\Jconnector\sql_cover\route_sharding.sql,id:92,sql:INSERT INTO enum_patch_string(id,data) values ('aaa','a'),('bbb','b'),('ccc','c'),('ddd','d') /* 1_2_3_4 */===
[4]
===File:D:\Jconnector\sql_cover\route_sharding.sql,id:93,sql:SELECT * from enum_patch_string /* 1_2_3_4 */===
[{data=a, id=aaa}, {data=b, id=bbb}, {data=c, id=ccc}, {data=d, id=ddd}]
===File:D:\Jconnector\sql_cover\route_sharding.sql,id:94,sql:SELECT * from enum_patch_string where id ='aaa' /* 1 */===
[{data=a, id=aaa}]
===File:D:\Jconnector\sql_cover\route_sharding.sql,id:95,sql:SELECT * from enum_patch_string where id like 'aaa' /* 1_2_3_4 */===
[{data=a, id=aaa}]
===File:D:\Jconnector\sql_cover\route_sharding.sql,id:96,sql:SELECT * from enum_patch_string where id ='aaa' or 1=1 /* 1_2_3_4 */===
[{data=b, id=bbb}, {data=d, id=ddd}, {data=a, id=aaa}, {data=c, id=ccc}]
===File:D:\Jconnector\sql_cover\route_sharding.sql,id:97,sql:SELECT * from enum_patch_string where id in ('aaa','bbb','ccc') /* 1_2_3 */===
[{data=b, id=bbb}, {data=c, id=ccc}, {data=a, id=aaa}]
===File:D:\Jconnector\sql_cover\route_sharding.sql,id:98,sql:SELECT * from enum_patch_string where id not in ('aaa','bbb','ccc') /* 1_2_3_4 */===
[{data=d, id=ddd}]
===File:D:\Jconnector\sql_cover\route_sharding.sql,id:99,sql:SELECT * from enum_patch_string where id not like 'aaa' /* 1_2_3_4 */===
[{data=b, id=bbb}, {data=c, id=ccc}, {data=d, id=ddd}]
===File:D:\Jconnector\sql_cover\route_sharding.sql,id:100,sql:SELECT * from enum_patch_string where id is not null /* 1_2_3_4 */===
[{data=b, id=bbb}, {data=a, id=aaa}, {data=d, id=ddd}, {data=c, id=ccc}]
===File:D:\Jconnector\sql_cover\route_sharding.sql,id:102,sql:SELECT * from enum_patch_string where data = 'aaa' /* 1_2_3_4 */===
[]
===File:D:\Jconnector\sql_cover\route_sharding.sql,id:103,sql:DROP TABLE IF EXISTS enum_patch_string /*1_2_3_4 */===
[false]
===File:D:\Jconnector\sql_cover\route_sharding.sql,id:105,sql:DROP TABLE IF EXISTS range_patch /*1_2_3_4 */===
[false]
===File:D:\Jconnector\sql_cover\route_sharding.sql,id:106,sql:CREATE TABLE range_patch(id int not null primary key,data varchar(10)) /* 1_2_3_4 */===
[false]
===File:D:\Jconnector\sql_cover\route_sharding.sql,id:107,sql:INSERT INTO range_patch (id,data) values (1,'aaa'),(256,'bbb'),(512,'ccc'),(768,'ddd') /* 1_2_3_4 */===
[4]
===File:D:\Jconnector\sql_cover\route_sharding.sql,id:108,sql:INSERT INTO range_patch (id,data) values (2,'eee') on duplicate key UPDATE data = 'FFF' /* 1 */===
[1]
===File:D:\Jconnector\sql_cover\route_sharding.sql,id:109,sql:INSERT INTO range_patch (id,data) values (2,'eee') on duplicate key UPDATE data = 'FFF' /* 1 */===
[2]
===File:D:\Jconnector\sql_cover\route_sharding.sql,id:111,sql:UPDATE range_patch set data = 'HHH' where id = 1 /* 1 */===
[1]
===File:D:\Jconnector\sql_cover\route_sharding.sql,id:112,sql:UPDATE range_patch set data = 'HHH' where id like 256 /* 1_2_3_4 */===
[1]
===File:D:\Jconnector\sql_cover\route_sharding.sql,id:113,sql:UPDATE range_patch set data = 'HHH' where id not like 256 /* 1_2_3_4 */===
[4]
===File:D:\Jconnector\sql_cover\route_sharding.sql,id:114,sql:UPDATE range_patch set data = 'AAA' where id in (1,256,512) /* 1_2_3 */===
[3]
===File:D:\Jconnector\sql_cover\route_sharding.sql,id:115,sql:UPDATE range_patch set data = 'AAA' where id not in (1,256,512) /* 1_2_3_4 */===
[2]
===File:D:\Jconnector\sql_cover\route_sharding.sql,id:116,sql:UPDATE range_patch set data = 'AAA' where id is not null /* 1_2_3_4 */===
[5]
===File:D:\Jconnector\sql_cover\route_sharding.sql,id:117,sql:UPDATE range_patch set data='BBB' where id between 1 and 512 /* 1_2_3 */===
[4]
===File:D:\Jconnector\sql_cover\route_sharding.sql,id:118,sql:UPDATE range_patch set data = 'BBB' where id = 768 or data = 'AAA' /* 1_2_3_4 */===
[1]
===File:D:\Jconnector\sql_cover\route_sharding.sql,id:119,sql:UPDATE range_patch set data = 'BBB' where 1=1 or id = 0 /* 1_2_3_4 */===
[5]
===File:D:\Jconnector\sql_cover\route_sharding.sql,id:120,sql:UPDATE range_patch set data = 'BBB' where id is not null  or id = 0 /* 1_2_3_4 */===
[5]
===File:D:\Jconnector\sql_cover\route_sharding.sql,id:121,sql:DELETE FROM range_patch  /* 1_2_3_4 */===
[5]
===File:D:\Jconnector\sql_cover\route_sharding.sql,id:122,sql:INSERT INTO range_patch (id,data) values (1,'aaa'),(256,'bbb'),(512,'ccc'),(768,'ddd') /* 1_2_3_4 */===
[4]
===File:D:\Jconnector\sql_cover\route_sharding.sql,id:123,sql:DELETE FROM range_patch where id = 1 /* 1 */===
[1]
===File:D:\Jconnector\sql_cover\route_sharding.sql,id:124,sql:DELETE FROM range_patch where id like 256 /* 1_2_3_4 */===
[1]
===File:D:\Jconnector\sql_cover\route_sharding.sql,id:125,sql:DELETE FROM range_patch where id not like 256 /* 1_2_3_4 */===
[2]
===File:D:\Jconnector\sql_cover\route_sharding.sql,id:126,sql:INSERT INTO range_patch (id,data) values (1,'aaa'),(256,'bbb'),(512,'ccc'),(768,'ddd') /* 1_2_3_4 */===
[4]
===File:D:\Jconnector\sql_cover\route_sharding.sql,id:127,sql:DELETE FROM range_patch where id in (1,256) /* 1_2 */===
[2]
===File:D:\Jconnector\sql_cover\route_sharding.sql,id:128,sql:DELETE FROM range_patch where id not in (1,256) /* 1_2_3_4 */===
[2]
===File:D:\Jconnector\sql_cover\route_sharding.sql,id:129,sql:INSERT INTO range_patch (id,data) values (1,'aaa'),(256,'bbb'),(512,'ccc'),(768,'ddd') /* 1_2_3_4 */===
[4]
===File:D:\Jconnector\sql_cover\route_sharding.sql,id:130,sql:DELETE FROM range_patch where id is not null /* 1_2_3_4 */===
[4]
===File:D:\Jconnector\sql_cover\route_sharding.sql,id:131,sql:INSERT INTO range_patch (id,data) values (1,'aaa'),(256,'bbb'),(512,'ccc'),(768,'ddd') /* 1_2_3_4 */===
[4]
===File:D:\Jconnector\sql_cover\route_sharding.sql,id:132,sql:DELETE FROM range_patch where id between 1 and 256 /* 1_2 */===
[2]
===File:D:\Jconnector\sql_cover\route_sharding.sql,id:133,sql:DELETE FROM range_patch where id =1 or data='ccc' /* 1_2_3_4 */===
[1]
===File:D:\Jconnector\sql_cover\route_sharding.sql,id:134,sql:DELETE FROM range_patch where data = 'ddd' /* 1_2_3_4 */===
[1]
===File:D:\Jconnector\sql_cover\route_sharding.sql,id:135,sql:DROP TABLE range_patch /* 1_2_3_4 */===
[false]
===File:D:\Jconnector\sql_cover\route_sharding.sql,id:136,sql:CREATE TABLE range_patch(id int,data varchar(10)) /* 1_2_3_4 */===
[false]
===File:D:\Jconnector\sql_cover\route_sharding.sql,id:137,sql:ALTER TABLE range_patch add data1 varchar(10) /* 1_2_3_4 */===
[false]
===File:D:\Jconnector\sql_cover\route_sharding.sql,id:138,sql:ALTER TABLE range_patch drop column data1 /* 1_2_3_4 */===
[false]
===File:D:\Jconnector\sql_cover\route_sharding.sql,id:139,sql:ALTER TABLE range_patch change column data data1 varchar(10) /* 1_2_3_4 */===
[false]
===File:D:\Jconnector\sql_cover\route_sharding.sql,id:140,sql:ALTER TABLE range_patch modify column data1 varchar(20) not null /* 1_2_3_4 */===
[false]
===File:D:\Jconnector\sql_cover\route_sharding.sql,id:141,sql:DROP TABLE range_patch /* 1_2_3_4 */===
[false]
===File:D:\Jconnector\sql_cover\route_sharding.sql,id:142,sql:CREATE TABLE range_patch(id int,data varchar(10)) /* 1_2_3_4 */===
[false]
===File:D:\Jconnector\sql_cover\route_sharding.sql,id:143,sql:INSERT INTO range_patch (id,data) values (1,'aaa'),(256,'bbb'),(512,'ccc'),(768,'ddd') /* 1_2_3_4 */===
[4]
===File:D:\Jconnector\sql_cover\route_sharding.sql,id:144,sql:SELECT * from range_patch /* 1_2_3_4 */===
[{data=aaa, id=1}, {data=ccc, id=512}, {data=bbb, id=256}, {data=ddd, id=768}]
===File:D:\Jconnector\sql_cover\route_sharding.sql,id:145,sql:SELECT * from range_patch where id =1 /* 1 */===
[{data=aaa, id=1}]
===File:D:\Jconnector\sql_cover\route_sharding.sql,id:146,sql:SELECT * from range_patch where id like 1 /* 1_2_3_4 */===
[{data=aaa, id=1}]
===File:D:\Jconnector\sql_cover\route_sharding.sql,id:147,sql:SELECT * from range_patch where id =1 or 1=1 /* 1_2_3_4 */===
[{data=bbb, id=256}, {data=ccc, id=512}, {data=aaa, id=1}, {data=ddd, id=768}]
===File:D:\Jconnector\sql_cover\route_sharding.sql,id:148,sql:SELECT * from range_patch where id in (1,256,512) /* 1_2_3 */===
[{data=ccc, id=512}, {data=aaa, id=1}, {data=bbb, id=256}]
===File:D:\Jconnector\sql_cover\route_sharding.sql,id:149,sql:SELECT * from range_patch where id not in (1,256,512) /* 1_2_3_4 */===
[{data=ddd, id=768}]
===File:D:\Jconnector\sql_cover\route_sharding.sql,id:150,sql:SELECT * from range_patch where id not like 1 /* 1_2_3_4 */===
[{data=ddd, id=768}, {data=bbb, id=256}, {data=ccc, id=512}]
===File:D:\Jconnector\sql_cover\route_sharding.sql,id:151,sql:SELECT * from range_patch where id is not null /* 1_2_3_4 */===
[{data=ccc, id=512}, {data=bbb, id=256}, {data=ddd, id=768}, {data=aaa, id=1}]
===File:D:\Jconnector\sql_cover\route_sharding.sql,id:152,sql:SELECT * from range_patch where id between 1 and 512 /* 1_2_3 */===
[{data=aaa, id=1}, {data=ccc, id=512}, {data=bbb, id=256}]
===File:D:\Jconnector\sql_cover\route_sharding.sql,id:153,sql:SELECT * from range_patch where id >1 /* 1_2_3_4 */===
[{data=ccc, id=512}, {data=bbb, id=256}, {data=ddd, id=768}]
===File:D:\Jconnector\sql_cover\route_sharding.sql,id:154,sql:SELECT * from range_patch where id <512 /* 1_2_3_4 */===
[{data=bbb, id=256}, {data=aaa, id=1}]
===File:D:\Jconnector\sql_cover\route_sharding.sql,id:155,sql:SELECT * from range_patch where data = 'aaa' /* 1_2_3_4 */===
[{data=aaa, id=1}]
===File:D:\Jconnector\sql_cover\route_sharding.sql,id:156,sql:DROP TABLE IF EXISTS range_patch /*1_2_3_4 */===
[false]
===File:D:\Jconnector\sql_cover\route_sharding.sql,id:158,sql:DROP TABLE IF EXISTS date_patch /*1_2_3_4 */===
[false]
===File:D:\Jconnector\sql_cover\route_sharding.sql,id:159,sql:CREATE TABLE date_patch(id date not null primary key,data varchar(10)) /* 1_2_3_4 */===
[false]
===File:D:\Jconnector\sql_cover\route_sharding.sql,id:160,sql:INSERT INTO date_patch(id,data) values ('2016-12-1','aaa'),('2016-12-11','bbb'),('2016-12-21','ccc'),('2017-1-1','ddd') /* 1_2_3_4 */===
[4]
===File:D:\Jconnector\sql_cover\route_sharding.sql,id:161,sql:INSERT INTO date_patch (id,data) values ('2016-12-1','eee') on duplicate key UPDATE data = 'FFF' /* 1 */===
[2]
===File:D:\Jconnector\sql_cover\route_sharding.sql,id:162,sql:INSERT INTO date_patch (id,data) values ('2016-12-1','eee') on duplicate key UPDATE data = 'FFF' /* 1 */===
[1]
===File:D:\Jconnector\sql_cover\route_sharding.sql,id:164,sql:UPDATE date_patch set data = 'HHH' where id = '2016-12-1' /* 1 */===
[1]
===File:D:\Jconnector\sql_cover\route_sharding.sql,id:165,sql:UPDATE date_patch set data = 'HHH' where id like '2016-12-11' /* 1_2_3_4 */===
[1]
===File:D:\Jconnector\sql_cover\route_sharding.sql,id:166,sql:UPDATE date_patch set data = 'HHH' where id not like '2016-12-11' /* 1_2_3_4 */===
[3]
===File:D:\Jconnector\sql_cover\route_sharding.sql,id:167,sql:UPDATE date_patch set data = 'AAA' where id in ('2016-12-1','2016-12-11','2016-12-21') /* 1_2_3 */===
[3]
===File:D:\Jconnector\sql_cover\route_sharding.sql,id:168,sql:UPDATE date_patch set data = 'AAA' where id not in ('2016-12-1','2016-12-11','2016-12-21') /* 1_2_3_4 */===
[1]
===File:D:\Jconnector\sql_cover\route_sharding.sql,id:169,sql:UPDATE date_patch set data = 'AAA' where id is not null /* 1_2_3_4 */===
[4]
===File:D:\Jconnector\sql_cover\route_sharding.sql,id:170,sql:UPDATE date_patch set data='BBB' where id between '2016-12-1' and '2016-12-21' /* 1_2_3 */===
[3]
===File:D:\Jconnector\sql_cover\route_sharding.sql,id:171,sql:UPDATE date_patch set data = 'BBB' where id = '2017-1-1' or data = 'AAA' /* 1_2_3_4 */===
[1]
===File:D:\Jconnector\sql_cover\route_sharding.sql,id:172,sql:UPDATE date_patch set data = 'BBB' where 1=1 or id = '2016-12-1' /* 1_2_3_4 */===
[4]
===File:D:\Jconnector\sql_cover\route_sharding.sql,id:173,sql:UPDATE date_patch set data = 'BBB' where id is not null  or id = '2016-12-1' /* 1_2_3_4 */===
[4]
===File:D:\Jconnector\sql_cover\route_sharding.sql,id:174,sql:DELETE FROM date_patch  /* 1_2_3_4 */===
[4]
===File:D:\Jconnector\sql_cover\route_sharding.sql,id:175,sql:INSERT INTO date_patch(id,data) values ('2016-12-1','aaa'),('2016-12-11','bbb'),('2016-12-21','ccc'),('2017-1-1','ddd') /* 1_2_3_4 */===
[4]
===File:D:\Jconnector\sql_cover\route_sharding.sql,id:176,sql:DELETE FROM date_patch where id = '2016-12-1' /* 1 */===
[1]
===File:D:\Jconnector\sql_cover\route_sharding.sql,id:177,sql:DELETE FROM date_patch where id like '2016-12-11' /* 1_2_3_4 */===
[1]
===File:D:\Jconnector\sql_cover\route_sharding.sql,id:178,sql:DELETE FROM date_patch where id not like '2016-12-11' /* 1_2_3_4 */===
[2]
===File:D:\Jconnector\sql_cover\route_sharding.sql,id:179,sql:INSERT INTO date_patch(id,data) values ('2016-12-1','aaa'),('2016-12-11','bbb'),('2016-12-21','ccc'),('2017-1-1','ddd') /* 1_2_3_4 */===
[4]
===File:D:\Jconnector\sql_cover\route_sharding.sql,id:180,sql:DELETE FROM date_patch where id in ('2016-12-1','2016-12-11') /* 1_2 */===
[2]
===File:D:\Jconnector\sql_cover\route_sharding.sql,id:181,sql:DELETE FROM date_patch where id not in ('2016-12-1','2016-12-11') /* 1_2_3_4 */===
[2]
===File:D:\Jconnector\sql_cover\route_sharding.sql,id:182,sql:INSERT INTO date_patch(id,data) values ('2016-12-1','aaa'),('2016-12-11','bbb'),('2016-12-21','ccc'),('2017-1-1','ddd') /* 1_2_3_4 */===
[4]
===File:D:\Jconnector\sql_cover\route_sharding.sql,id:183,sql:DELETE FROM date_patch where id is not null /* 1_2_3_4 */===
[4]
===File:D:\Jconnector\sql_cover\route_sharding.sql,id:184,sql:INSERT INTO date_patch(id,data) values ('2016-12-1','aaa'),('2016-12-11','bbb'),('2016-12-21','ccc'),('2017-1-1','ddd') /* 1_2_3_4 */===
[4]
===File:D:\Jconnector\sql_cover\route_sharding.sql,id:185,sql:DELETE FROM date_patch where id between '2016-12-1' and '2016-12-11' /* 1_2 */===
[2]
===File:D:\Jconnector\sql_cover\route_sharding.sql,id:186,sql:DELETE FROM date_patch where id ='2016-12-1' or data='ccc' /* 1_2_3_4 */===
[1]
===File:D:\Jconnector\sql_cover\route_sharding.sql,id:187,sql:DELETE FROM date_patch where data = 'ddd' /* 1_2_3_4 */===
[1]
===File:D:\Jconnector\sql_cover\route_sharding.sql,id:188,sql:DROP TABLE date_patch /* 1_2_3_4 */===
[false]
===File:D:\Jconnector\sql_cover\route_sharding.sql,id:189,sql:CREATE TABLE date_patch(id date,data varchar(10)) /* 1_2_3_4 */===
[false]
===File:D:\Jconnector\sql_cover\route_sharding.sql,id:190,sql:ALTER TABLE date_patch add data1 varchar(10) /* 1_2_3_4 */===
[false]
===File:D:\Jconnector\sql_cover\route_sharding.sql,id:191,sql:ALTER TABLE date_patch drop column data1 /* 1_2_3_4 */===
[false]
===File:D:\Jconnector\sql_cover\route_sharding.sql,id:192,sql:ALTER TABLE date_patch change column data data1 varchar(10) /* 1_2_3_4 */===
[false]
===File:D:\Jconnector\sql_cover\route_sharding.sql,id:193,sql:ALTER TABLE date_patch modify column data1 varchar(20) not null /* 1_2_3_4 */===
[false]
===File:D:\Jconnector\sql_cover\route_sharding.sql,id:194,sql:DROP TABLE date_patch /* 1_2_3_4 */===
[false]
===File:D:\Jconnector\sql_cover\route_sharding.sql,id:195,sql:CREATE TABLE date_patch(id date,data varchar(10)) /* 1_2_3_4 */===
[false]
===File:D:\Jconnector\sql_cover\route_sharding.sql,id:196,sql:INSERT INTO date_patch(id,data) values ('2016-12-1','aaa'),('2016-12-11','bbb'),('2016-12-21','ccc'),('2017-1-1','ddd') /* 1_2_3_4 */===
[4]
===File:D:\Jconnector\sql_cover\route_sharding.sql,id:197,sql:SELECT * from date_patch /* 1_2_3_4 */===
[{data=aaa, id=2016-12-01}, {data=ddd, id=2017-01-01}, {data=bbb, id=2016-12-11}, {data=ccc, id=2016-12-21}]
===File:D:\Jconnector\sql_cover\route_sharding.sql,id:198,sql:SELECT * from date_patch where id ='2016-12-1' /* 1 */===
[{data=aaa, id=2016-12-01}]
===File:D:\Jconnector\sql_cover\route_sharding.sql,id:199,sql:SELECT * from date_patch where id like '2016-12-1' /* 1_2_3_4 */===
[]
===File:D:\Jconnector\sql_cover\route_sharding.sql,id:200,sql:SELECT * from date_patch where id ='2016-12-1' or 1=1 /* 1_2_3_4 */===
[{data=aaa, id=2016-12-01}, {data=bbb, id=2016-12-11}, {data=ddd, id=2017-01-01}, {data=ccc, id=2016-12-21}]
===File:D:\Jconnector\sql_cover\route_sharding.sql,id:201,sql:SELECT * from date_patch where id in ('2016-12-1','2016-12-11','2016-12-21') /* 1_2_3 */===
[{data=bbb, id=2016-12-11}, {data=aaa, id=2016-12-01}, {data=ccc, id=2016-12-21}]
===File:D:\Jconnector\sql_cover\route_sharding.sql,id:202,sql:SELECT * from date_patch where id not in ('2016-12-1','2016-12-11','2016-12-21') /* 1_2_3_4 */===
[{data=ddd, id=2017-01-01}]
===File:D:\Jconnector\sql_cover\route_sharding.sql,id:203,sql:SELECT * from date_patch where id not like '2016-12-1' /* 1_2_3_4 */===
[{data=aaa, id=2016-12-01}, {data=ddd, id=2017-01-01}, {data=ccc, id=2016-12-21}, {data=bbb, id=2016-12-11}]
===File:D:\Jconnector\sql_cover\route_sharding.sql,id:204,sql:SELECT * from date_patch where id is not null /* 1_2_3_4 */===
[{data=bbb, id=2016-12-11}, {data=aaa, id=2016-12-01}, {data=ccc, id=2016-12-21}, {data=ddd, id=2017-01-01}]
===File:D:\Jconnector\sql_cover\route_sharding.sql,id:205,sql:SELECT * from date_patch where id between '2016-12-1' and '2016-12-21' /* 1_2_3 */===
[{data=aaa, id=2016-12-01}, {data=ccc, id=2016-12-21}, {data=bbb, id=2016-12-11}]
===File:D:\Jconnector\sql_cover\route_sharding.sql,id:206,sql:SELECT * from date_patch where id >'2016-12-1' /* 1_2_3_4 */===
[{data=ccc, id=2016-12-21}, {data=bbb, id=2016-12-11}, {data=ddd, id=2017-01-01}]
===File:D:\Jconnector\sql_cover\route_sharding.sql,id:207,sql:SELECT * from date_patch where id <'2016-12-21' /* 1_2_3_4 */===
[{data=bbb, id=2016-12-11}, {data=aaa, id=2016-12-01}]
===File:D:\Jconnector\sql_cover\route_sharding.sql,id:208,sql:SELECT * from date_patch where data = 'aaa' /* 1_2_3_4 */===
[{data=aaa, id=2016-12-01}]
===File:D:\Jconnector\sql_cover\route_sharding.sql,id:209,sql:DROP TABLE IF EXISTS date_patch /*1_2_3_4 */===
[false]
===File:D:\Jconnector\sql_cover\route_sharding.sql,id:211,sql:DROP TABLE IF EXISTS aly_test /*1_2_3_4 */===
[false]
===File:D:\Jconnector\sql_cover\route_sharding.sql,id:212,sql:CREATE TABLE aly_test(id int not null ,data varchar(10)) /* 1_2_3_4 */===
[false]
===File:D:\Jconnector\sql_cover\route_sharding.sql,id:213,sql:INSERT INTO aly_test (id,data) values (1,'aaa'),(2,'bbb'),(3,'ccc'),(0,'ddd') /* 1_2_3_4 */===
[4]
===File:D:\Jconnector\sql_cover\route_sharding.sql,id:214,sql:INSERT INTO aly_test (id,data) values (0,'eee') on duplicate key UPDATE data = 'FFF' /* 1 */===
[1]
===File:D:\Jconnector\sql_cover\route_sharding.sql,id:215,sql:INSERT INTO aly_test (id,data) values (4,'eee') on duplicate key UPDATE data = 'FFF' /* 1 */===
[1]
===File:D:\Jconnector\sql_cover\route_sharding.sql,id:217,sql:UPDATE aly_test set data = 'HHH' where id = 0 /* 1 */===
[2]
===File:D:\Jconnector\sql_cover\route_sharding.sql,id:218,sql:UPDATE aly_test set data = 'HHH' where id like 2 /* 1_2_3_4 */===
[1]
===File:D:\Jconnector\sql_cover\route_sharding.sql,id:219,sql:UPDATE aly_test set data = 'HHH' where id not like 2 /* 1_2_3_4 */===
[5]
===File:D:\Jconnector\sql_cover\route_sharding.sql,id:220,sql:UPDATE aly_test set data = 'AAA' where id in (0,1,2) /* 1_2_3 */===
[4]
===File:D:\Jconnector\sql_cover\route_sharding.sql,id:221,sql:UPDATE aly_test set data = 'AAA' where id not in (1,2,3) /* 1_2_3_4 */===
[3]
===File:D:\Jconnector\sql_cover\route_sharding.sql,id:222,sql:UPDATE aly_test set data = 'AAA' where id is not null /* 1_2_3_4 */===
[6]
===File:D:\Jconnector\sql_cover\route_sharding.sql,id:223,sql:UPDATE aly_test set data='BBB' where id between 0 and 2 /* 1_2_3 */===
[4]
===File:D:\Jconnector\sql_cover\route_sharding.sql,id:224,sql:UPDATE aly_test set data = 'BBB' where id = 4 or data = 'AAA' /* 1_2_3_4 */===
[2]
===File:D:\Jconnector\sql_cover\route_sharding.sql,id:225,sql:UPDATE aly_test set data = 'BBB' where 1=1 or id = 0 /* 1_2_3_4 */===
[6]
===File:D:\Jconnector\sql_cover\route_sharding.sql,id:226,sql:UPDATE aly_test set data = 'BBB' where id is not null  or id = 0 /* 1_2_3_4 */===
[6]
===File:D:\Jconnector\sql_cover\route_sharding.sql,id:227,sql:DELETE FROM aly_test  /* 1_2_3_4 */===
[6]
===File:D:\Jconnector\sql_cover\route_sharding.sql,id:228,sql:INSERT INTO aly_test (id,data) values (1,'aaa'),(2,'bbb'),(3,'ccc'),(4,'ddd') /* 1_2_3_4 */===
[4]
===File:D:\Jconnector\sql_cover\route_sharding.sql,id:229,sql:DELETE FROM aly_test where id = 0 /* 1 */===
[0]
===File:D:\Jconnector\sql_cover\route_sharding.sql,id:230,sql:DELETE FROM aly_test where id like 2 /* 1_2_3_4 */===
[1]
===File:D:\Jconnector\sql_cover\route_sharding.sql,id:231,sql:DELETE FROM aly_test where id not like 2 /* 1_2_3_4 */===
[3]
===File:D:\Jconnector\sql_cover\route_sharding.sql,id:232,sql:INSERT INTO aly_test (id,data) values (1,'aaa'),(2,'bbb'),(3,'ccc'),(4,'ddd') /* 1_2_3_4 */===
[4]
===File:D:\Jconnector\sql_cover\route_sharding.sql,id:233,sql:DELETE FROM aly_test where id in (0,1) /* 1_2 */===
[1]
===File:D:\Jconnector\sql_cover\route_sharding.sql,id:234,sql:DELETE FROM aly_test where id not in (1,2) /* 1_2_3_4 */===
[2]
===File:D:\Jconnector\sql_cover\route_sharding.sql,id:235,sql:INSERT INTO aly_test (id,data) values(1,'aaa'),(2,'bbb'),(3,'ccc'),(4,'ddd') /* 1_2_3_4 */===
[4]
===File:D:\Jconnector\sql_cover\route_sharding.sql,id:236,sql:DELETE FROM aly_test where id is not null /* 1_2_3_4 */===
[5]
===File:D:\Jconnector\sql_cover\route_sharding.sql,id:237,sql:INSERT INTO aly_test (id,data) values(1,'aaa'),(2,'bbb'),(3,'ccc'),(4,'ddd') /* 1_2_3_4 */===
[4]
===File:D:\Jconnector\sql_cover\route_sharding.sql,id:238,sql:DELETE FROM aly_test where id between 0 and 2 /* 1_2_3 */===
[2]
===File:D:\Jconnector\sql_cover\route_sharding.sql,id:239,sql:DELETE FROM aly_test where id =1 or data='ccc' /* 1_2_3_4 */===
[1]
===File:D:\Jconnector\sql_cover\route_sharding.sql,id:240,sql:DELETE FROM aly_test where data = 'ddd' /* 1_2_3_4 */===
[1]
===File:D:\Jconnector\sql_cover\route_sharding.sql,id:241,sql:DROP TABLE aly_test /* 1_2_3_4 */===
[false]
===File:D:\Jconnector\sql_cover\route_sharding.sql,id:242,sql:CREATE TABLE aly_test(id int,data varchar(10)) /* 1_2_3_4 */===
[false]
===File:D:\Jconnector\sql_cover\route_sharding.sql,id:243,sql:ALTER TABLE aly_test add data1 varchar(10) /* 1_2_3_4 */===
[false]
===File:D:\Jconnector\sql_cover\route_sharding.sql,id:244,sql:ALTER TABLE aly_test drop column data1 /* 1_2_3_4 */===
[false]
===File:D:\Jconnector\sql_cover\route_sharding.sql,id:245,sql:ALTER TABLE aly_test change column data data1 varchar(10) /* 1_2_3_4 */===
[false]
===File:D:\Jconnector\sql_cover\route_sharding.sql,id:246,sql:ALTER TABLE aly_test modify column data1 varchar(20) not null /* 1_2_3_4 */===
[false]
===File:D:\Jconnector\sql_cover\route_sharding.sql,id:247,sql:DROP TABLE aly_test /* 1_2_3_4 */===
[false]
===File:D:\Jconnector\sql_cover\route_sharding.sql,id:248,sql:CREATE TABLE aly_test(id int,data varchar(10)) /* 1_2_3_4 */===
[false]
===File:D:\Jconnector\sql_cover\route_sharding.sql,id:249,sql:INSERT INTO aly_test (id,data) values (1,'aaa'),(2,'bbb'),(3,'ccc'),(4,'ddd') /* 1_2_3_4 */===
[4]
===File:D:\Jconnector\sql_cover\route_sharding.sql,id:250,sql:SELECT * from aly_test /* 1_2_3_4 */===
[{data=aaa, id=1}, {data=ddd, id=4}, {data=bbb, id=2}, {data=ccc, id=3}]
===File:D:\Jconnector\sql_cover\route_sharding.sql,id:251,sql:SELECT * from aly_test where id =0 /* 1 */===
[]
===File:D:\Jconnector\sql_cover\route_sharding.sql,id:252,sql:SELECT * from aly_test where id like 1 /* 1_2_3_4 */===
[{data=aaa, id=1}]
===File:D:\Jconnector\sql_cover\route_sharding.sql,id:253,sql:SELECT * from aly_test where id =1 or 1=1 /* 1_2_3_4 */===
[{data=bbb, id=2}, {data=ddd, id=4}, {data=aaa, id=1}, {data=ccc, id=3}]
===File:D:\Jconnector\sql_cover\route_sharding.sql,id:254,sql:SELECT * from aly_test where id in (0,1,2) /* 1_2_3 */===
[{data=aaa, id=1}, {data=bbb, id=2}]
===File:D:\Jconnector\sql_cover\route_sharding.sql,id:255,sql:SELECT * from aly_test where id not in (1,2,3) /* 1_2_3_4 */===
[{data=ddd, id=4}]
===File:D:\Jconnector\sql_cover\route_sharding.sql,id:256,sql:SELECT * from aly_test where id not like 1 /* 1_2_3_4 */===
[{data=bbb, id=2}, {data=ccc, id=3}, {data=ddd, id=4}]
===File:D:\Jconnector\sql_cover\route_sharding.sql,id:257,sql:SELECT * from aly_test where id is not null /* 1_2_3_4 */===
[{data=ccc, id=3}, {data=aaa, id=1}, {data=bbb, id=2}, {data=ddd, id=4}]
===File:D:\Jconnector\sql_cover\route_sharding.sql,id:258,sql:SELECT * from aly_test where id between 0 and 2 /* 1_2_3 */===
[{data=bbb, id=2}, {data=aaa, id=1}]
===File:D:\Jconnector\sql_cover\route_sharding.sql,id:259,sql:SELECT * from aly_test where id >1 /* 1_2_3_4 */===
[{data=ddd, id=4}, {data=bbb, id=2}, {data=ccc, id=3}]
===File:D:\Jconnector\sql_cover\route_sharding.sql,id:260,sql:SELECT * from aly_test where id <3 /* 1_2_3_4 */===
[{data=aaa, id=1}, {data=bbb, id=2}]
===File:D:\Jconnector\sql_cover\route_sharding.sql,id:261,sql:SELECT * from aly_test where data = 'aaa' /* 1_2_3_4 */===
[{data=aaa, id=1}]
===File:D:\Jconnector\sql_cover\route_sharding.sql,id:262,sql:DROP TABLE IF EXISTS aly_test /*1_2_3_4 */===
[false]
===File:D:\Jconnector\sql_cover\route_sharding.sql,id:263,sql:DROP TABLE IF EXISTS fixed_patch_uniform_string /*1_2_3_4 */===
[false]
===File:D:\Jconnector\sql_cover\route_sharding.sql,id:264,sql:CREATE TABLE fixed_patch_uniform_string(id varchar(10) not null primary key,data varchar(10)) /* 1_2_3_4 */===
[false]
===File:D:\Jconnector\sql_cover\route_sharding.sql,id:265,sql:INSERT INTO fixed_patch_uniform_string (id,data) values ('aa','aaa'),('jj','bbb'),('rr','ccc'),('zz','ddd') /* 1_2_3_4 */===
[4]
===File:D:\Jconnector\sql_cover\route_sharding.sql,id:266,sql:INSERT INTO fixed_patch_uniform_string (id,data) values ('aa','eee') on duplicate key UPDATE data = 'FFF' /* 1 */===
[2]
===File:D:\Jconnector\sql_cover\route_sharding.sql,id:267,sql:INSERT INTO fixed_patch_uniform_string (id,data) values ('aa','eee') on duplicate key UPDATE data = 'FFF' /* 1 */===
[1]
===File:D:\Jconnector\sql_cover\route_sharding.sql,id:269,sql:UPDATE fixed_patch_uniform_string set data = 'HHH' where id = 'aa' /* 1 */===
[1]
===File:D:\Jconnector\sql_cover\route_sharding.sql,id:270,sql:UPDATE fixed_patch_uniform_string set data = 'HHH' where id like 'jj' /* 1_2_3_4 */===
[1]
===File:D:\Jconnector\sql_cover\route_sharding.sql,id:271,sql:UPDATE fixed_patch_uniform_string set data = 'HHH' where id not like 'jj' /* 1_2_3_4 */===
[3]
===File:D:\Jconnector\sql_cover\route_sharding.sql,id:272,sql:UPDATE fixed_patch_uniform_string set data = 'AAA' where id in ('aa','jj','rr') /* 1_2_3 */===
[3]
===File:D:\Jconnector\sql_cover\route_sharding.sql,id:273,sql:UPDATE fixed_patch_uniform_string set data = 'AAA' where id not in  ('aa','jj','rr') /* 1_2_3_4 */===
[1]
===File:D:\Jconnector\sql_cover\route_sharding.sql,id:274,sql:UPDATE fixed_patch_uniform_string set data = 'AAA' where id is not null /* 1_2_3_4 */===
[4]
===File:D:\Jconnector\sql_cover\route_sharding.sql,id:276,sql:UPDATE fixed_patch_uniform_string set data = 'BBB' where id = 'zz' or data = 'AAA' /* 1_2_3_4 */===
[4]
===File:D:\Jconnector\sql_cover\route_sharding.sql,id:277,sql:UPDATE fixed_patch_uniform_string set data = 'BBB' where 1=1 or id = 0 /* 1_2_3_4 */===
[4]
===File:D:\Jconnector\sql_cover\route_sharding.sql,id:278,sql:UPDATE fixed_patch_uniform_string set data = 'BBB' where id is not null  or id = 'aa' /* 1_2_3_4 */===
[4]
===File:D:\Jconnector\sql_cover\route_sharding.sql,id:279,sql:DELETE FROM fixed_patch_uniform_string  /* 1_2_3_4 */===
[4]
===File:D:\Jconnector\sql_cover\route_sharding.sql,id:280,sql:INSERT INTO fixed_patch_uniform_string (id,data) values ('aa','aaa'),('jj','bbb'),('rr','ccc'),('zz','ddd') /* 1_2_3_4 */===
[4]
===File:D:\Jconnector\sql_cover\route_sharding.sql,id:281,sql:DELETE FROM fixed_patch_uniform_string where id = 'aa' /* 1 */===
[1]
===File:D:\Jconnector\sql_cover\route_sharding.sql,id:282,sql:DELETE FROM fixed_patch_uniform_string where id like 'jj' /* 1_2_3_4 */===
[1]
===File:D:\Jconnector\sql_cover\route_sharding.sql,id:283,sql:DELETE FROM fixed_patch_uniform_string where id not like 'jj' /* 1_2_3_4 */===
[2]
===File:D:\Jconnector\sql_cover\route_sharding.sql,id:284,sql:INSERT INTO fixed_patch_uniform_string (id,data) values ('aa','aaa'),('jj','bbb'),('rr','ccc'),('zz','ddd') /* 1_2_3_4 */===
[4]
===File:D:\Jconnector\sql_cover\route_sharding.sql,id:285,sql:DELETE FROM fixed_patch_uniform_string where id in ('aa','jj') /* 1_2 */===
[2]
===File:D:\Jconnector\sql_cover\route_sharding.sql,id:286,sql:DELETE FROM fixed_patch_uniform_string where id not in ('aa','jj') /* 1_2_3_4 */===
[2]
===File:D:\Jconnector\sql_cover\route_sharding.sql,id:287,sql:INSERT INTO fixed_patch_uniform_string (id,data) values ('aa','aaa'),('jj','bbb'),('rr','ccc'),('zz','ddd') /* 1_2_3_4 */===
[4]
===File:D:\Jconnector\sql_cover\route_sharding.sql,id:288,sql:DELETE FROM fixed_patch_uniform_string where id is not null /* 1_2_3_4 */===
[4]
===File:D:\Jconnector\sql_cover\route_sharding.sql,id:289,sql:INSERT INTO fixed_patch_uniform_string (id,data) values ('aa','aaa'),('jj','bbb'),('rr','ccc'),('zz','ddd') /* 1_2_3_4 */===
[4]
===File:D:\Jconnector\sql_cover\route_sharding.sql,id:291,sql:DELETE FROM fixed_patch_uniform_string where id ='aa' or data='ccc' /* 1_2_3_4 */===
[2]
===File:D:\Jconnector\sql_cover\route_sharding.sql,id:292,sql:DELETE FROM fixed_patch_uniform_string where data = 'ddd' /* 1_2_3_4 */===
[1]
===File:D:\Jconnector\sql_cover\route_sharding.sql,id:293,sql:DROP TABLE fixed_patch_uniform_string /* 1_2_3_4 */===
[false]
===File:D:\Jconnector\sql_cover\route_sharding.sql,id:294,sql:CREATE TABLE fixed_patch_uniform_string(id int,data varchar(10)) /* 1_2_3_4 */===
[false]
===File:D:\Jconnector\sql_cover\route_sharding.sql,id:295,sql:ALTER TABLE fixed_patch_uniform_string add data1 varchar(10) /* 1_2_3_4 */===
[false]
===File:D:\Jconnector\sql_cover\route_sharding.sql,id:296,sql:ALTER TABLE fixed_patch_uniform_string drop column data1 /* 1_2_3_4 */===
[false]
===File:D:\Jconnector\sql_cover\route_sharding.sql,id:297,sql:ALTER TABLE fixed_patch_uniform_string change column data data1 varchar(10) /* 1_2_3_4 */===
[false]
===File:D:\Jconnector\sql_cover\route_sharding.sql,id:298,sql:ALTER TABLE fixed_patch_uniform_string modify column data1 varchar(20) not null /* 1_2_3_4 */===
[false]
===File:D:\Jconnector\sql_cover\route_sharding.sql,id:299,sql:DROP TABLE fixed_patch_uniform_string /* 1_2_3_4 */===
[false]
===File:D:\Jconnector\sql_cover\route_sharding.sql,id:300,sql:CREATE TABLE fixed_patch_uniform_string(id varchar(10),data varchar(10)) /* 1_2_3_4 */===
[false]
===File:D:\Jconnector\sql_cover\route_sharding.sql,id:301,sql:INSERT INTO fixed_patch_uniform_string (id,data) values ('aa','aaa'),('jj','bbb'),('rr','ccc'),('zz','ddd') /* 1_2_3_4 */===
[4]
===File:D:\Jconnector\sql_cover\route_sharding.sql,id:302,sql:SELECT * from fixed_patch_uniform_string /* 1_2_3_4 */===
[{data=aaa, id=aa}, {data=ccc, id=rr}, {data=ddd, id=zz}, {data=bbb, id=jj}]
===File:D:\Jconnector\sql_cover\route_sharding.sql,id:303,sql:SELECT * from fixed_patch_uniform_string where id ='aa' /* 1 */===
[{data=aaa, id=aa}]
===File:D:\Jconnector\sql_cover\route_sharding.sql,id:304,sql:SELECT * from fixed_patch_uniform_string where id like 'aa' /* 1_2_3_4 */===
[{data=aaa, id=aa}]
===File:D:\Jconnector\sql_cover\route_sharding.sql,id:305,sql:SELECT * from fixed_patch_uniform_string where id ='aa' or 1=1 /* 1_2_3_4 */===
[{data=bbb, id=jj}, {data=ccc, id=rr}, {data=aaa, id=aa}, {data=ddd, id=zz}]
===File:D:\Jconnector\sql_cover\route_sharding.sql,id:306,sql:SELECT * from fixed_patch_uniform_string where id in ('aa','jj','rr') /* 1_2_3 */===
[{data=bbb, id=jj}, {data=ccc, id=rr}, {data=aaa, id=aa}]
===File:D:\Jconnector\sql_cover\route_sharding.sql,id:307,sql:SELECT * from fixed_patch_uniform_string where id not in ('aa','jj','rr') /* 1_2_3_4 */===
[{data=ddd, id=zz}]
===File:D:\Jconnector\sql_cover\route_sharding.sql,id:308,sql:SELECT * from fixed_patch_uniform_string where id not like 'aa' /* 1_2_3_4 */===
[{data=ccc, id=rr}, {data=bbb, id=jj}, {data=ddd, id=zz}]
===File:D:\Jconnector\sql_cover\route_sharding.sql,id:309,sql:SELECT * from fixed_patch_uniform_string where id is not null /* 1_2_3_4 */===
[{data=aaa, id=aa}, {data=ddd, id=zz}, {data=bbb, id=jj}, {data=ccc, id=rr}]
===File:D:\Jconnector\sql_cover\route_sharding.sql,id:311,sql:SELECT * from fixed_patch_uniform_string where id >'aa' /* 1_2_3_4 */===
[{data=ddd, id=zz}, {data=bbb, id=jj}, {data=ccc, id=rr}]
===File:D:\Jconnector\sql_cover\route_sharding.sql,id:312,sql:SELECT * from fixed_patch_uniform_string where id <'rr' /* 1_2_3_4 */===
[{data=aaa, id=aa}, {data=bbb, id=jj}]
===File:D:\Jconnector\sql_cover\route_sharding.sql,id:313,sql:SELECT * from fixed_patch_uniform_string where data = 'aaa' /* 1_2_3_4 */===
[{data=aaa, id=aa}]
===File:D:\Jconnector\sql_cover\route_sharding.sql,id:314,sql:DROP TABLE IF EXISTS fixed_patch_uniform_string /*1_2_3_4 */===
[false]
