===file:special_global/select/select_global_old.sql, id:1, sql:[drop table if exists test1]===
dble:[[]]
===file:special_global/select/select_global_old.sql, id:2, sql:[CREATE TABLE test1(ID INT NOT NULL,FirstName VARCHAR(20),LastName VARCHAR(20),Department VARCHAR(20),Salary INT)]===
dble:[[]]
===file:special_global/select/select_global_old.sql, id:3, sql:[create index ID_index on test1(ID)]===
dble:[[]]
===file:special_global/select/select_global_old.sql, id:4, sql:[INSERT INTO test1 VALUES(201,'Mazojys','Fxoj','Finance',7800),(202,'Jozzh','Lnanyo','Finance',45800),(203,'Syllauu','Dfaafk','Finance',57000),(204,'Gecrrcc','Srlkrt','Finance',62000),(205,'Jssme','Bdnaa','Development',75000),(206,'Dnnaao','Errllov','Development',55000),(207,'Tyoysww','Osk','Development',49000)]===
dble:[[]]
===file:special_global/select/select_global_old.sql, id:5, sql:[select id,FirstName,lastname,department,salary from test1 use index(ID_index) where  Department ='Finance']===
dble:[[(201L, 'Mazojys', 'Fxoj', 'Finance', 7800L), (202L, 'Jozzh', 'Lnanyo', 'Finance', 45800L), (203L, 'Syllauu', 'Dfaafk', 'Finance', 57000L), (204L, 'Gecrrcc', 'Srlkrt', 'Finance', 62000L)]]
===file:special_global/select/select_global_old.sql, id:6, sql:[select id,FirstName,lastname,department,salary from test1 force index(ID_index) where ID= 205]===
dble:[[(205L, 'Jssme', 'Bdnaa', 'Development', 75000L)]]
===file:special_global/select/select_global_old.sql, id:7, sql:[SELECT FirstName, LastName,Department = CASE Department WHEN 'F' THEN 'Financial' WHEN 'D' THEN 'Development'  ELSE 'Other' END FROM test1]===
dble:[[('Dnnaao', 'Errllov', 0L), ('Gecrrcc', 'Srlkrt', 0L), ('Jozzh', 'Lnanyo', 0L), ('Jssme', 'Bdnaa', 0L), ('Mazojys', 'Fxoj', 0L), ('Syllauu', 'Dfaafk', 0L), ('Tyoysww', 'Osk', 0L)]]
===file:special_global/select/select_global_old.sql, id:8, sql:[select id,FirstName,lastname,department,salary from test1 where Salary >'40000' and Salary <'70000' and Department ='Finance']===
dble:[[(202L, 'Jozzh', 'Lnanyo', 'Finance', 45800L), (203L, 'Syllauu', 'Dfaafk', 'Finance', 57000L), (204L, 'Gecrrcc', 'Srlkrt', 'Finance', 62000L)]]
===file:special_global/select/select_global_old.sql, id:9, sql:[SELECT count(*), Department  FROM (SELECT * FROM test1 ORDER BY FirstName DESC) AS Actions GROUP BY Department ORDER BY ID DESC]===
dble:[((3L, 'Development'), (4L, 'Finance'))]
===file:special_global/select/select_global_old.sql, id:10, sql:[SELECT id,FirstName,lastname,department,salary FROM test1 ORDER BY FIELD( ID, 203, 207,206)]===
dble:[((201L, 'Mazojys', 'Fxoj', 'Finance', 7800L), (202L, 'Jozzh', 'Lnanyo', 'Finance', 45800L), (204L, 'Gecrrcc', 'Srlkrt', 'Finance', 62000L), (205L, 'Jssme', 'Bdnaa', 'Development', 75000L), (203L, 'Syllauu', 'Dfaafk', 'Finance', 57000L), (207L, 'Tyoysww', 'Osk', 'Development', 49000L), (206L, 'Dnnaao', 'Errllov', 'Development', 55000L))]
===file:special_global/select/select_global_old.sql, id:11, sql:[SELECT Department, COUNT(ID) FROM test1 GROUP BY Department HAVING COUNT(ID)>3]===
dble:[[('Finance', 4L)]]
===file:special_global/select/select_global_old.sql, id:12, sql:[select id,FirstName,lastname,department,salary from test1 order by ID ASC]===
dble:[((201L, 'Mazojys', 'Fxoj', 'Finance', 7800L), (202L, 'Jozzh', 'Lnanyo', 'Finance', 45800L), (203L, 'Syllauu', 'Dfaafk', 'Finance', 57000L), (204L, 'Gecrrcc', 'Srlkrt', 'Finance', 62000L), (205L, 'Jssme', 'Bdnaa', 'Development', 75000L), (206L, 'Dnnaao', 'Errllov', 'Development', 55000L), (207L, 'Tyoysww', 'Osk', 'Development', 49000L))]
===file:special_global/select/select_global_old.sql, id:13, sql:[select id,FirstName,lastname,department,salary from test1 group by Department]===
dble:[[(201L, 'Mazojys', 'Fxoj', 'Finance', 7800L), (205L, 'Jssme', 'Bdnaa', 'Development', 75000L)]]
===file:special_global/select/select_global_old.sql, id:14, sql:[SELECT Department, MIN(Salary) FROM test1  GROUP BY Department HAVING MIN(Salary)>46000]===
dble:[[('Development', 49000L)]]
===file:special_global/select/select_global_old.sql, id:15, sql:[select Department,max(Salary) from test1 group by Department order by Department asc]===
dble:[(('Development', 75000L), ('Finance', 62000L))]
===file:special_global/select/select_global_old.sql, id:16, sql:[select Department,min(Salary) from test1 group by Department order by Department asc]===
dble:[(('Development', 49000L), ('Finance', 7800L))]
===file:special_global/select/select_global_old.sql, id:17, sql:[select Department,avg(Salary) from test1 group by Department order by Department asc]===
dble:[(('Development', Decimal('59666.6667')), ('Finance', Decimal('43150.0000')))]
===file:special_global/select/select_global_old.sql, id:18, sql:[select Department,sum(Salary) from test1 group by Department order by Department asc]===
dble:[(('Development', Decimal('179000')), ('Finance', Decimal('172600')))]
===file:special_global/select/select_global_old.sql, id:19, sql:[select ID,Department,Salary from test1 order by 2,3]===
dble:[((207L, 'Development', 49000L), (206L, 'Development', 55000L), (205L, 'Development', 75000L), (201L, 'Finance', 7800L), (202L, 'Finance', 45800L), (203L, 'Finance', 57000L), (204L, 'Finance', 62000L))]
===file:special_global/select/select_global_old.sql, id:20, sql:[select id,FirstName,lastname,department,salary from test1 order by Department ,ID desc]===
dble:[((207L, 'Tyoysww', 'Osk', 'Development', 49000L), (206L, 'Dnnaao', 'Errllov', 'Development', 55000L), (205L, 'Jssme', 'Bdnaa', 'Development', 75000L), (204L, 'Gecrrcc', 'Srlkrt', 'Finance', 62000L), (203L, 'Syllauu', 'Dfaafk', 'Finance', 57000L), (202L, 'Jozzh', 'Lnanyo', 'Finance', 45800L), (201L, 'Mazojys', 'Fxoj', 'Finance', 7800L))]
===file:special_global/select/select_global_old.sql, id:21, sql:[SELECT Department, COUNT(Salary) FROM test1 GROUP BY Department]===
dble:[[('Development', 3L), ('Finance', 4L)]]
===file:special_global/select/select_global_old.sql, id:22, sql:[SELECT Department, COUNT(Salary) FROM test1 GROUP BY Department DESC]===
dble:[[('Development', 3L), ('Finance', 4L)]]
===file:special_global/select/select_global_old.sql, id:23, sql:[select Department,count(Salary) as a from test1 group by Department having a=3]===
dble:[[('Development', 3L)]]
===file:special_global/select/select_global_old.sql, id:24, sql:[select Department,count(Salary) as a from test1 group by Department having a>0]===
dble:[[('Development', 3L), ('Finance', 4L)]]
===file:special_global/select/select_global_old.sql, id:25, sql:[select Department,count(Salary) from test1 group by Department having count(ID) >2]===
dble:[[('Development', 3L), ('Finance', 4L)]]
===file:special_global/select/select_global_old.sql, id:26, sql:[select Department,count(*) as num from test1 group by Department having count(*) >1]===
dble:[[('Development', 3L), ('Finance', 4L)]]
===file:special_global/select/select_global_old.sql, id:27, sql:[select Department,count(*) as num from test1 group by Department having count(*) <=3]===
dble:[[('Development', 3L)]]
===file:special_global/select/select_global_old.sql, id:28, sql:[select Department from test1 having Department >3]===
dble:[[]]
===file:special_global/select/select_global_old.sql, id:29, sql:[select Department from test1 where Department >0]===
dble:[[]]
===file:special_global/select/select_global_old.sql, id:30, sql:[select Department,max(salary) from test1 group by Department having max(salary) >10]===
dble:[[('Development', 75000L), ('Finance', 62000L)]]
===file:special_global/select/select_global_old.sql, id:31, sql:[select 12 as Department, Department from test1 group by Department]===
dble:[[(12L, 'Development'), (12L, 'Finance')]]
===file:special_global/select/select_global_old.sql, id:32, sql:[select id,FirstName,lastname,department,salary from test1 limit 2,10]===
dble:[[(203L, 'Syllauu', 'Dfaafk', 'Finance', 57000L), (204L, 'Gecrrcc', 'Srlkrt', 'Finance', 62000L), (205L, 'Jssme', 'Bdnaa', 'Development', 75000L), (206L, 'Dnnaao', 'Errllov', 'Development', 55000L), (207L, 'Tyoysww', 'Osk', 'Development', 49000L)]]
===file:special_global/select/select_global_old.sql, id:33, sql:[select id,FirstName,lastname,department,salary from test1 order by FirstName in ('Syllauu','Dnnaao') desc]===
dble:[((203L, 'Syllauu', 'Dfaafk', 'Finance', 57000L), (206L, 'Dnnaao', 'Errllov', 'Development', 55000L), (201L, 'Mazojys', 'Fxoj', 'Finance', 7800L), (202L, 'Jozzh', 'Lnanyo', 'Finance', 45800L), (204L, 'Gecrrcc', 'Srlkrt', 'Finance', 62000L), (205L, 'Jssme', 'Bdnaa', 'Development', 75000L), (207L, 'Tyoysww', 'Osk', 'Development', 49000L))]
===file:special_global/select/select_global_old.sql, id:34, sql:[select max(salary) from test1 group by department order by department asc]===
dble:[((75000L,), (62000L,))]
===file:special_global/select/select_global_old.sql, id:35, sql:[select min(salary) from test1 group by department order by department asc]===
dble:[((49000L,), (7800L,))]
===file:special_global/select/select_global_old.sql, id:36, sql:[select avg(salary) from test1 group by department order by department asc]===
dble:[((Decimal('59666.6667'),), (Decimal('43150.0000'),))]
===file:special_global/select/select_global_old.sql, id:37, sql:[select sum(salary) from test1 group by department order by department asc]===
dble:[((Decimal('179000'),), (Decimal('172600'),))]
===file:special_global/select/select_global_old.sql, id:38, sql:[select count(salary) from test1 group by department order by department asc]===
dble:[((3L,), (4L,))]
===file:special_global/select/select_global_old.sql, id:39, sql:[select Department,sum(Salary) a from test1 group by Department having a >=1 order by Department DESC]===
dble:[(('Finance', Decimal('172600')), ('Development', Decimal('179000')))]
===file:special_global/select/select_global_old.sql, id:40, sql:[select Department,count(*) as num from test1 group by Department having count(*) >=4 order by Department ASC]===
dble:[(('Finance', 4L),)]
===file:special_global/select/select_global_old.sql, id:41, sql:[select FirstName,LastName,Department,ABS(salary) from test1 order by Department]===
dble:[(('Jssme', 'Bdnaa', 'Development', 75000L), ('Dnnaao', 'Errllov', 'Development', 55000L), ('Tyoysww', 'Osk', 'Development', 49000L), ('Mazojys', 'Fxoj', 'Finance', 7800L), ('Jozzh', 'Lnanyo', 'Finance', 45800L), ('Syllauu', 'Dfaafk', 'Finance', 57000L), ('Gecrrcc', 'Srlkrt', 'Finance', 62000L))]
===file:special_global/select/select_global_old.sql, id:42, sql:[select FirstName,LastName,Department,ACOS(salary) from test1 order by Department]===
dble:[(('Jssme', 'Bdnaa', 'Development', None), ('Dnnaao', 'Errllov', 'Development', None), ('Tyoysww', 'Osk', 'Development', None), ('Mazojys', 'Fxoj', 'Finance', None), ('Jozzh', 'Lnanyo', 'Finance', None), ('Syllauu', 'Dfaafk', 'Finance', None), ('Gecrrcc', 'Srlkrt', 'Finance', None))]
===file:special_global/select/select_global_old.sql, id:43, sql:[select FirstName,LastName,Department,ASIN(salary) from test1 order by Department]===
dble:[(('Jssme', 'Bdnaa', 'Development', None), ('Dnnaao', 'Errllov', 'Development', None), ('Tyoysww', 'Osk', 'Development', None), ('Mazojys', 'Fxoj', 'Finance', None), ('Jozzh', 'Lnanyo', 'Finance', None), ('Syllauu', 'Dfaafk', 'Finance', None), ('Gecrrcc', 'Srlkrt', 'Finance', None))]
===file:special_global/select/select_global_old.sql, id:44, sql:[select FirstName,LastName,Department,ATAN(salary) from test1 order by Department]===
dble:[(('Jssme', 'Bdnaa', 'Development', 1.570782993461564), ('Dnnaao', 'Errllov', 'Development', 1.5707781449767169), ('Tyoysww', 'Osk', 'Development', 1.5707759186316341), ('Mazojys', 'Fxoj', 'Finance', 1.570668121667394), ('Jozzh', 'Lnanyo', 'Finance', 1.5707744927337648), ('Syllauu', 'Dfaafk', 'Finance', 1.5707787829352493), ('Gecrrcc', 'Srlkrt', 'Finance', 1.5707801977626399))]
===file:special_global/select/select_global_old.sql, id:45, sql:[select FirstName,LastName,Department,ATAN(salary,100) from test1 order by Department]===
dble:[(('Jssme', 'Bdnaa', 'Development', 1.569462994251686), ('Dnnaao', 'Errllov', 'Development', 1.5689781469802169), ('Tyoysww', 'Osk', 'Development', 1.5687555133016455), ('Mazojys', 'Fxoj', 'Finance', 1.557976516321996), ('Jozzh', 'Lnanyo', 'Finance', 1.5686129241509728), ('Syllauu', 'Dfaafk', 'Finance', 1.5690419426299052), ('Gecrrcc', 'Srlkrt', 'Finance', 1.5691834249677208))]
===file:special_global/select/select_global_old.sql, id:46, sql:[select FirstName,LastName,Department,ATAN2(salary,100) from test1 order by Department]===
dble:[(('Jssme', 'Bdnaa', 'Development', 1.569462994251686), ('Dnnaao', 'Errllov', 'Development', 1.5689781469802169), ('Tyoysww', 'Osk', 'Development', 1.5687555133016455), ('Mazojys', 'Fxoj', 'Finance', 1.557976516321996), ('Jozzh', 'Lnanyo', 'Finance', 1.5686129241509728), ('Syllauu', 'Dfaafk', 'Finance', 1.5690419426299052), ('Gecrrcc', 'Srlkrt', 'Finance', 1.5691834249677208))]
===file:special_global/select/select_global_old.sql, id:47, sql:[select FirstName,LastName,Department,CEIL(salary) from test1 order by Department]===
dble:[(('Jssme', 'Bdnaa', 'Development', 75000L), ('Dnnaao', 'Errllov', 'Development', 55000L), ('Tyoysww', 'Osk', 'Development', 49000L), ('Mazojys', 'Fxoj', 'Finance', 7800L), ('Jozzh', 'Lnanyo', 'Finance', 45800L), ('Syllauu', 'Dfaafk', 'Finance', 57000L), ('Gecrrcc', 'Srlkrt', 'Finance', 62000L))]
===file:special_global/select/select_global_old.sql, id:48, sql:[select FirstName,LastName,Department,CEILING(salary) from test1 order by Department]===
dble:[(('Jssme', 'Bdnaa', 'Development', 75000L), ('Dnnaao', 'Errllov', 'Development', 55000L), ('Tyoysww', 'Osk', 'Development', 49000L), ('Mazojys', 'Fxoj', 'Finance', 7800L), ('Jozzh', 'Lnanyo', 'Finance', 45800L), ('Syllauu', 'Dfaafk', 'Finance', 57000L), ('Gecrrcc', 'Srlkrt', 'Finance', 62000L))]
===file:special_global/select/select_global_old.sql, id:49, sql:[select FirstName,LastName,Department,COT(salary) from test1 order by Department]===
dble:[(('Jssme', 'Bdnaa', 'Development', 1.055126176601761), ('Dnnaao', 'Errllov', 'Development', 7.231437579987603), ('Tyoysww', 'Osk', 'Development', 1.5283848380509242), ('Mazojys', 'Fxoj', 'Finance', -1.5445941093101545), ('Jozzh', 'Lnanyo', 'Finance', -0.300046703526689), ('Syllauu', 'Dfaafk', 'Finance', -0.5642127571169799), ('Gecrrcc', 'Srlkrt', 'Finance', 1.2648660040338875))]
===file:special_global/select/select_global_old.sql, id:50, sql:[select FirstName,LastName,Department,CRC32(Department) from test1 order by Department]===
dble:[(('Jssme', 'Bdnaa', 'Development', 1179299581L), ('Dnnaao', 'Errllov', 'Development', 1179299581L), ('Tyoysww', 'Osk', 'Development', 1179299581L), ('Mazojys', 'Fxoj', 'Finance', 26596220L), ('Jozzh', 'Lnanyo', 'Finance', 26596220L), ('Syllauu', 'Dfaafk', 'Finance', 26596220L), ('Gecrrcc', 'Srlkrt', 'Finance', 26596220L))]
===file:special_global/select/select_global_old.sql, id:51, sql:[select FirstName,LastName,Department,FLOOR(salary) from test1 order by Department]===
dble:[(('Jssme', 'Bdnaa', 'Development', 75000L), ('Dnnaao', 'Errllov', 'Development', 55000L), ('Tyoysww', 'Osk', 'Development', 49000L), ('Mazojys', 'Fxoj', 'Finance', 7800L), ('Jozzh', 'Lnanyo', 'Finance', 45800L), ('Syllauu', 'Dfaafk', 'Finance', 57000L), ('Gecrrcc', 'Srlkrt', 'Finance', 62000L))]
===file:special_global/select/select_global_old.sql, id:52, sql:[select FirstName,LN(FirstName),LastName,Department from test1 order by Department]===
dble:[(('Jssme', None, 'Bdnaa', 'Development'), ('Dnnaao', None, 'Errllov', 'Development'), ('Tyoysww', None, 'Osk', 'Development'), ('Mazojys', None, 'Fxoj', 'Finance'), ('Jozzh', None, 'Lnanyo', 'Finance'), ('Syllauu', None, 'Dfaafk', 'Finance'), ('Gecrrcc', None, 'Srlkrt', 'Finance'))]
===file:special_global/select/select_global_old.sql, id:53, sql:[select FirstName,LastName,Department,LOG(salary) from test1 order by Department]===
dble:[(('Jssme', 'Bdnaa', 'Development', 11.225243392518447), ('Dnnaao', 'Errllov', 'Development', 10.915088464214607), ('Tyoysww', 'Osk', 'Development', 10.799575577092764), ('Mazojys', 'Fxoj', 'Finance', 8.961879012677683), ('Jozzh', 'Lnanyo', 'Finance', 10.732039370102276), ('Syllauu', 'Dfaafk', 'Finance', 10.950806546816688), ('Gecrrcc', 'Srlkrt', 'Finance', 11.03488966402723))]
===file:special_global/select/select_global_old.sql, id:54, sql:[select FirstName,LastName,Department,LOG2(salary) from test1 order by Department]===
dble:[(('Jssme', 'Bdnaa', 'Development', 16.194602975157967), ('Dnnaao', 'Errllov', 'Development', 15.747143998186745), ('Tyoysww', 'Osk', 'Development', 15.580494128777296), ('Mazojys', 'Fxoj', 'Finance', 12.929258408636972), ('Jozzh', 'Lnanyo', 'Finance', 15.483059977871669), ('Syllauu', 'Dfaafk', 'Finance', 15.79867429882683), ('Gecrrcc', 'Srlkrt', 'Finance', 15.919980595048964))]
===file:special_global/select/select_global_old.sql, id:55, sql:[select FirstName,LastName,Department,LOG10(salary) from test1 order by Department]===
dble:[(('Jssme', 'Bdnaa', 'Development', 4.8750612633917), ('Dnnaao', 'Errllov', 'Development', 4.740362689494244), ('Tyoysww', 'Osk', 'Development', 4.690196080028514), ('Mazojys', 'Fxoj', 'Finance', 3.8920946026904804), ('Jozzh', 'Lnanyo', 'Finance', 4.660865478003869), ('Syllauu', 'Dfaafk', 'Finance', 4.7558748556724915), ('Gecrrcc', 'Srlkrt', 'Finance', 4.7923916894982534))]
===file:special_global/select/select_global_old.sql, id:56, sql:[select FirstName,LastName,Department,MOD(salary,2) from test1 order by Department]===
dble:[(('Jssme', 'Bdnaa', 'Development', 0L), ('Dnnaao', 'Errllov', 'Development', 0L), ('Tyoysww', 'Osk', 'Development', 0L), ('Mazojys', 'Fxoj', 'Finance', 0L), ('Jozzh', 'Lnanyo', 'Finance', 0L), ('Syllauu', 'Dfaafk', 'Finance', 0L), ('Gecrrcc', 'Srlkrt', 'Finance', 0L))]
===file:special_global/select/select_global_old.sql, id:57, sql:[select FirstName,LastName,Department,RADIANS(salary) from test1 order by Department]===
dble:[(('Jssme', 'Bdnaa', 'Development', 1308.996938995747), ('Dnnaao', 'Errllov', 'Development', 959.9310885968813), ('Tyoysww', 'Osk', 'Development', 855.2113334772215), ('Mazojys', 'Fxoj', 'Finance', 136.1356816555577), ('Jozzh', 'Lnanyo', 'Finance', 799.3607974134029), ('Syllauu', 'Dfaafk', 'Finance', 994.8376736367678), ('Gecrrcc', 'Srlkrt', 'Finance', 1082.1041362364842))]
===file:special_global/select/select_global_old.sql, id:58, sql:[select FirstName,LastName,Department,ROUND(salary) from test1 order by Department]===
dble:[(('Jssme', 'Bdnaa', 'Development', 75000L), ('Dnnaao', 'Errllov', 'Development', 55000L), ('Tyoysww', 'Osk', 'Development', 49000L), ('Mazojys', 'Fxoj', 'Finance', 7800L), ('Jozzh', 'Lnanyo', 'Finance', 45800L), ('Syllauu', 'Dfaafk', 'Finance', 57000L), ('Gecrrcc', 'Srlkrt', 'Finance', 62000L))]
===file:special_global/select/select_global_old.sql, id:59, sql:[select FirstName,LastName,Department,SIGN(salary) from test1 order by Department]===
dble:[(('Jssme', 'Bdnaa', 'Development', 1L), ('Dnnaao', 'Errllov', 'Development', 1L), ('Tyoysww', 'Osk', 'Development', 1L), ('Mazojys', 'Fxoj', 'Finance', 1L), ('Jozzh', 'Lnanyo', 'Finance', 1L), ('Syllauu', 'Dfaafk', 'Finance', 1L), ('Gecrrcc', 'Srlkrt', 'Finance', 1L))]
===file:special_global/select/select_global_old.sql, id:60, sql:[select FirstName,LastName,Department,SIN(salary) from test1 order by Department]===
dble:[(('Jssme', 'Bdnaa', 'Development', -0.6878921013205519), ('Dnnaao', 'Errllov', 'Development', -0.13698155956977381), ('Tyoysww', 'Osk', 'Development', -0.5475068647790385), ('Mazojys', 'Fxoj', 'Finance', 0.5434645393886025), ('Jozzh', 'Lnanyo', 'Finance', 0.957813972427147), ('Syllauu', 'Dfaafk', 'Finance', -0.8709373957204783), ('Gecrrcc', 'Srlkrt', 'Finance', -0.6201872685349616))]
===file:special_global/select/select_global_old.sql, id:61, sql:[select FirstName,LastName,Department,SQRT(salary) from test1 order by Department]===
dble:[(('Jssme', 'Bdnaa', 'Development', 273.8612787525831), ('Dnnaao', 'Errllov', 'Development', 234.5207879911715), ('Tyoysww', 'Osk', 'Development', 221.35943621178654), ('Mazojys', 'Fxoj', 'Finance', 88.31760866327846), ('Jozzh', 'Lnanyo', 'Finance', 214.00934559032697), ('Syllauu', 'Dfaafk', 'Finance', 238.74672772626644), ('Gecrrcc', 'Srlkrt', 'Finance', 248.99799195977465))]
===file:special_global/select/select_global_old.sql, id:62, sql:[select FirstName,LastName,Department,TAN(salary) from test1 order by Department]===
dble:[(('Jssme', 'Bdnaa', 'Development', 0.9477539484620641), ('Dnnaao', 'Errllov', 'Development', 0.13828509047321602), ('Tyoysww', 'Osk', 'Development', 0.6542854751655689), ('Mazojys', 'Fxoj', 'Finance', -0.6474192760236663), ('Jozzh', 'Lnanyo', 'Finance', -3.3328144860323405), ('Syllauu', 'Dfaafk', 'Finance', -1.7723810519808347), ('Gecrrcc', 'Srlkrt', 'Finance', 0.7905975785662815))]
===file:special_global/select/select_global_old.sql, id:63, sql:[select FirstName,LastName,Department,TRUNCATE(salary,1) from test1 order by Department]===
dble:[(('Jssme', 'Bdnaa', 'Development', 75000L), ('Dnnaao', 'Errllov', 'Development', 55000L), ('Tyoysww', 'Osk', 'Development', 49000L), ('Mazojys', 'Fxoj', 'Finance', 7800L), ('Jozzh', 'Lnanyo', 'Finance', 45800L), ('Syllauu', 'Dfaafk', 'Finance', 57000L), ('Gecrrcc', 'Srlkrt', 'Finance', 62000L))]
===file:special_global/select/select_global_old.sql, id:64, sql:[select FirstName,LastName,Department,TRUNCATE(salary*100,0) from test1 order by Department]===
dble:[(('Jssme', 'Bdnaa', 'Development', 7500000L), ('Dnnaao', 'Errllov', 'Development', 5500000L), ('Tyoysww', 'Osk', 'Development', 4900000L), ('Mazojys', 'Fxoj', 'Finance', 780000L), ('Jozzh', 'Lnanyo', 'Finance', 4580000L), ('Syllauu', 'Dfaafk', 'Finance', 5700000L), ('Gecrrcc', 'Srlkrt', 'Finance', 6200000L))]
===file:special_global/select/select_global_old.sql, id:65, sql:[select FirstName,LastName,Department,SIN(salary) from test1 order by Department]===
dble:[(('Jssme', 'Bdnaa', 'Development', -0.6878921013205519), ('Dnnaao', 'Errllov', 'Development', -0.13698155956977381), ('Tyoysww', 'Osk', 'Development', -0.5475068647790385), ('Mazojys', 'Fxoj', 'Finance', 0.5434645393886025), ('Jozzh', 'Lnanyo', 'Finance', 0.957813972427147), ('Syllauu', 'Dfaafk', 'Finance', -0.8709373957204783), ('Gecrrcc', 'Srlkrt', 'Finance', -0.6201872685349616))]
===file:special_global/select/select_global_old.sql, id:66, sql:[select id,FirstName,lastname,department,salary from test1 where Department is Null]===
dble:[[]]
===file:special_global/select/select_global_old.sql, id:67, sql:[select id,FirstName,lastname,department,salary from test1 where Department is not Null]===
dble:[[(201L, 'Mazojys', 'Fxoj', 'Finance', 7800L), (202L, 'Jozzh', 'Lnanyo', 'Finance', 45800L), (203L, 'Syllauu', 'Dfaafk', 'Finance', 57000L), (204L, 'Gecrrcc', 'Srlkrt', 'Finance', 62000L), (205L, 'Jssme', 'Bdnaa', 'Development', 75000L), (206L, 'Dnnaao', 'Errllov', 'Development', 55000L), (207L, 'Tyoysww', 'Osk', 'Development', 49000L)]]
===file:special_global/select/select_global_old.sql, id:68, sql:[select id,FirstName,lastname,department,salary from test1 where NOT (ID < 200)]===
dble:[[(201L, 'Mazojys', 'Fxoj', 'Finance', 7800L), (202L, 'Jozzh', 'Lnanyo', 'Finance', 45800L), (203L, 'Syllauu', 'Dfaafk', 'Finance', 57000L), (204L, 'Gecrrcc', 'Srlkrt', 'Finance', 62000L), (205L, 'Jssme', 'Bdnaa', 'Development', 75000L), (206L, 'Dnnaao', 'Errllov', 'Development', 55000L), (207L, 'Tyoysww', 'Osk', 'Development', 49000L)]]
===file:special_global/select/select_global_old.sql, id:69, sql:[select id,FirstName,lastname,department,salary from test1 where ID <300]===
dble:[[(201L, 'Mazojys', 'Fxoj', 'Finance', 7800L), (202L, 'Jozzh', 'Lnanyo', 'Finance', 45800L), (203L, 'Syllauu', 'Dfaafk', 'Finance', 57000L), (204L, 'Gecrrcc', 'Srlkrt', 'Finance', 62000L), (205L, 'Jssme', 'Bdnaa', 'Development', 75000L), (206L, 'Dnnaao', 'Errllov', 'Development', 55000L), (207L, 'Tyoysww', 'Osk', 'Development', 49000L)]]
===file:special_global/select/select_global_old.sql, id:70, sql:[select id,FirstName,lastname,department,salary from test1 where ID <1]===
dble:[[]]
===file:special_global/select/select_global_old.sql, id:71, sql:[select id,FirstName,lastname,department,salary from test1 where ID <> 0]===
dble:[[(201L, 'Mazojys', 'Fxoj', 'Finance', 7800L), (202L, 'Jozzh', 'Lnanyo', 'Finance', 45800L), (203L, 'Syllauu', 'Dfaafk', 'Finance', 57000L), (204L, 'Gecrrcc', 'Srlkrt', 'Finance', 62000L), (205L, 'Jssme', 'Bdnaa', 'Development', 75000L), (206L, 'Dnnaao', 'Errllov', 'Development', 55000L), (207L, 'Tyoysww', 'Osk', 'Development', 49000L)]]
===file:special_global/select/select_global_old.sql, id:72, sql:[select id,FirstName,lastname,department,salary from test1 where ID <> 0 and ID <=1]===
dble:[[]]
===file:special_global/select/select_global_old.sql, id:73, sql:[select id,FirstName,lastname,department,salary from test1 where ID >=205]===
dble:[[(205L, 'Jssme', 'Bdnaa', 'Development', 75000L), (206L, 'Dnnaao', 'Errllov', 'Development', 55000L), (207L, 'Tyoysww', 'Osk', 'Development', 49000L)]]
===file:special_global/select/select_global_old.sql, id:74, sql:[select id,FirstName,lastname,department,salary from test1 where ID <=205]===
dble:[[(201L, 'Mazojys', 'Fxoj', 'Finance', 7800L), (202L, 'Jozzh', 'Lnanyo', 'Finance', 45800L), (203L, 'Syllauu', 'Dfaafk', 'Finance', 57000L), (204L, 'Gecrrcc', 'Srlkrt', 'Finance', 62000L), (205L, 'Jssme', 'Bdnaa', 'Development', 75000L)]]
===file:special_global/select/select_global_old.sql, id:75, sql:[select id,FirstName,lastname,department,salary from test1 where ID >=205 and ID <=205]===
dble:[[(205L, 'Jssme', 'Bdnaa', 'Development', 75000L)]]
===file:special_global/select/select_global_old.sql, id:76, sql:[select id,FirstName,lastname,department,salary from test1 where ID >1 and ID <=203]===
dble:[[(201L, 'Mazojys', 'Fxoj', 'Finance', 7800L), (202L, 'Jozzh', 'Lnanyo', 'Finance', 45800L), (203L, 'Syllauu', 'Dfaafk', 'Finance', 57000L)]]
===file:special_global/select/select_global_old.sql, id:77, sql:[select id,FirstName,lastname,department,salary from test1 where ID >=1 and ID=205]===
dble:[[(205L, 'Jssme', 'Bdnaa', 'Development', 75000L)]]
===file:special_global/select/select_global_old.sql, id:78, sql:[select id,FirstName,lastname,department,salary from test1 where ID=(ID>>1)<<1]===
dble:[[(202L, 'Jozzh', 'Lnanyo', 'Finance', 45800L), (204L, 'Gecrrcc', 'Srlkrt', 'Finance', 62000L), (206L, 'Dnnaao', 'Errllov', 'Development', 55000L)]]
===file:special_global/select/select_global_old.sql, id:79, sql:[select id,FirstName,lastname,department,salary from test1 where ID&1]===
dble:[[(201L, 'Mazojys', 'Fxoj', 'Finance', 7800L), (203L, 'Syllauu', 'Dfaafk', 'Finance', 57000L), (205L, 'Jssme', 'Bdnaa', 'Development', 75000L), (207L, 'Tyoysww', 'Osk', 'Development', 49000L)]]
===file:special_global/select/select_global_old.sql, id:80, sql:[select id,FirstName,lastname,department,salary from test1 where Salary >'40000' and Salary <'70000' and Department ='Finance' order by Salary ASC]===
dble:[((202L, 'Jozzh', 'Lnanyo', 'Finance', 45800L), (203L, 'Syllauu', 'Dfaafk', 'Finance', 57000L), (204L, 'Gecrrcc', 'Srlkrt', 'Finance', 62000L))]
===file:special_global/select/select_global_old.sql, id:81, sql:[select id,FirstName,lastname,department,salary from test1 where (Salary >'50000' and Salary <'70000') or Department ='Finance' order by Salary ASC]===
dble:[((201L, 'Mazojys', 'Fxoj', 'Finance', 7800L), (202L, 'Jozzh', 'Lnanyo', 'Finance', 45800L), (206L, 'Dnnaao', 'Errllov', 'Development', 55000L), (203L, 'Syllauu', 'Dfaafk', 'Finance', 57000L), (204L, 'Gecrrcc', 'Srlkrt', 'Finance', 62000L))]
===file:special_global/select/select_global_old.sql, id:82, sql:[select id,FirstName,lastname,department,salary from test1 where FirstName like 'J%']===
dble:[[(202L, 'Jozzh', 'Lnanyo', 'Finance', 45800L), (205L, 'Jssme', 'Bdnaa', 'Development', 75000L)]]
===file:special_global/select/select_global_old.sql, id:83, sql:[select count(*) FROM test1 WHERE Salary is null or FirstName not like '%M%']===
dble:[[(5L,)]]
===file:special_global/select/select_global_old.sql, id:84, sql:[SELECT id,FirstName,lastname,department,salary FROM test1  WHERE ID IN (SELECT ID FROM test1 WHERE ID >0)]===
dble:[[(201L, 'Mazojys', 'Fxoj', 'Finance', 7800L), (202L, 'Jozzh', 'Lnanyo', 'Finance', 45800L), (203L, 'Syllauu', 'Dfaafk', 'Finance', 57000L), (204L, 'Gecrrcc', 'Srlkrt', 'Finance', 62000L), (205L, 'Jssme', 'Bdnaa', 'Development', 75000L), (206L, 'Dnnaao', 'Errllov', 'Development', 55000L), (207L, 'Tyoysww', 'Osk', 'Development', 49000L)]]
===file:special_global/select/select_global_old.sql, id:85, sql:[SELECT distinct salary,id,FirstName,lastname,department FROM test1 WHERE ID IN ( SELECT ID FROM test1 WHERE ID >0)]===
dble:[[(7800L, 201L, 'Mazojys', 'Fxoj', 'Finance'), (45800L, 202L, 'Jozzh', 'Lnanyo', 'Finance'), (49000L, 207L, 'Tyoysww', 'Osk', 'Development'), (55000L, 206L, 'Dnnaao', 'Errllov', 'Development'), (57000L, 203L, 'Syllauu', 'Dfaafk', 'Finance'), (62000L, 204L, 'Gecrrcc', 'Srlkrt', 'Finance'), (75000L, 205L, 'Jssme', 'Bdnaa', 'Development')]]
===file:special_global/select/select_global_old.sql, id:86, sql:[select id,FirstName,lastname,department,salary from test1 where FirstName in ('Mazojys','Syllauu','Tyoysww')]===
dble:[[(201L, 'Mazojys', 'Fxoj', 'Finance', 7800L), (203L, 'Syllauu', 'Dfaafk', 'Finance', 57000L), (207L, 'Tyoysww', 'Osk', 'Development', 49000L)]]
===file:special_global/select/select_global_old.sql, id:87, sql:[select id,FirstName,lastname,department,salary from test1 where Salary between 40000 and 50000]===
dble:[[(202L, 'Jozzh', 'Lnanyo', 'Finance', 45800L), (207L, 'Tyoysww', 'Osk', 'Development', 49000L)]]
===file:special_global/select/select_global_old.sql, id:88, sql:[select sum(salary) from test1 where department = 'Finance']===
dble:[[(Decimal('172600'),)]]
===file:special_global/select/select_global_old.sql, id:89, sql:[select max(salary) from test1 where department = 'Finance']===
dble:[[(62000L,)]]
===file:special_global/select/select_global_old.sql, id:90, sql:[select min(salary) from test1 where department = 'Finance']===
dble:[[(7800L,)]]
===file:special_global/select/select_global_old.sql, id:91, sql:[select avg(salary) from test1 where department = 'Finance']===
dble:[[(Decimal('43150.0000'),)]]
===file:special_global/select/select_global_old.sql, id:92, sql:[drop table if exists test1]===
dble:[[]]
===file:special_global/select/select_global_old.sql, id:93, sql:[create table test1 (id int(11),R_REGIONKEY int(11) primary key,R_NAME varchar(50),R_COMMENT varchar(50))]===
dble:[[]]
===file:special_global/select/select_global_old.sql, id:94, sql:[insert into test1 (id,R_REGIONKEY,R_NAME,R_COMMENT) values (1,1, 'Eastern','test001'),(3,3, 'Northern','test003'),(2,2, 'Western','test002'),(4,4, 'Southern','test004')]===
dble:[[]]
===file:special_global/select/select_global_old.sql, id:95, sql:[select CURRENT_USER FROM test1]===
dble:[[('test@%',), ('test@%',), ('test@%',), ('test@%',)]]
===file:special_global/select/select_global_old.sql, id:96, sql:[select sum(distinct id) from test1]===
dble:[[(Decimal('10'),)]]
===file:special_global/select/select_global_old.sql, id:97, sql:[select sum(all id) from test1]===
dble:[[(Decimal('10'),)]]
===file:special_global/select/select_global_old.sql, id:98, sql:[select id, R_REGIONKEY from test1]===
dble:[[(1L, 1L), (2L, 2L), (3L, 3L), (4L, 4L)]]
===file:special_global/select/select_global_old.sql, id:99, sql:[select id,'user is user' from test1]===
dble:[[(1L, 'user is user'), (2L, 'user is user'), (3L, 'user is user'), (4L, 'user is user')]]
===file:special_global/select/select_global_old.sql, id:100, sql:[select id*5,'user is user',10 from test1]===
dble:[[(5L, 'user is user', 10L), (10L, 'user is user', 10L), (15L, 'user is user', 10L), (20L, 'user is user', 10L)]]
===file:special_global/select/select_global_old.sql, id:101, sql:[select ALL id, R_REGIONKEY, R_NAME, R_COMMENT from test1]===
dble:[[(1L, 1L, 'Eastern', 'test001'), (2L, 2L, 'Western', 'test002'), (3L, 3L, 'Northern', 'test003'), (4L, 4L, 'Southern', 'test004')]]
===file:special_global/select/select_global_old.sql, id:102, sql:[select DISTINCT id, R_REGIONKEY, R_NAME, R_COMMENT from test1]===
dble:[[(1L, 1L, 'Eastern', 'test001'), (2L, 2L, 'Western', 'test002'), (3L, 3L, 'Northern', 'test003'), (4L, 4L, 'Southern', 'test004')]]
===file:special_global/select/select_global_old.sql, id:103, sql:[select DISTINCTROW id, R_REGIONKEY, R_NAME, R_COMMENT from test1]===
dble:[[(1L, 1L, 'Eastern', 'test001'), (2L, 2L, 'Western', 'test002'), (3L, 3L, 'Northern', 'test003'), (4L, 4L, 'Southern', 'test004')]]
===file:special_global/select/select_global_old.sql, id:104, sql:[select ALL HIGH_PRIORITY id,'ID' as detail  from test1]===
dble:[[(1L, 'ID'), (2L, 'ID'), (3L, 'ID'), (4L, 'ID')]]
===file:special_global/select/select_global_old.sql, id:105, sql:[drop table if exists test1]===
dble:[[]]
===file:special_global/select/select_global_old.sql, id:106, sql:[create table test1 (id int(11),O_ORDERKEY varchar(20) primary key,O_CUSTKEY varchar(20),O_TOTALPRICE int(20),MYDATE date)]===
dble:[[]]
===file:special_global/select/select_global_old.sql, id:107, sql:[insert into test1 (id,O_ORDERKEY,O_CUSTKEY,O_TOTALPRICE,MYDATE) values (1,'ORDERKEY_001','CUSTKEY_003',200000,'20141022'),(2,'ORDERKEY_002','CUSTKEY_003',100000,'19920501'),(4,'ORDERKEY_004','CUSTKEY_111',500,'20080105'),(5,'ORDERKEY_005','CUSTKEY_132',100,'19920628'),(10,'ORDERKEY_010','CUSTKEY_333',88888888,'19920720'),(11,'ORDERKEY_011','CUSTKEY_012',323456,'19920822'),(7,'ORDERKEY_007','CUSTKEY_980',12000,'19920910'),(6,'ORDERKEY_006','CUSTKEY_420',231,'19921111')]===
dble:[[]]
===file:special_global/select/select_global_old.sql, id:108, sql:[select id, O_ORDERKEY, O_TOTALPRICE,MYDATE from test1 where id=1]===
dble:[[(1L, 'ORDERKEY_001', 200000L, datetime.date(2014, 10, 22))]]
===file:special_global/select/select_global_old.sql, id:109, sql:[select id, O_ORDERKEY, O_TOTALPRICE,MYDATE from test1 where id=1 or not id=1]===
dble:[[(1L, 'ORDERKEY_001', 200000L, datetime.date(2014, 10, 22)), (2L, 'ORDERKEY_002', 100000L, datetime.date(1992, 5, 1)), (4L, 'ORDERKEY_004', 500L, datetime.date(2008, 1, 5)), (5L, 'ORDERKEY_005', 100L, datetime.date(1992, 6, 28)), (6L, 'ORDERKEY_006', 231L, datetime.date(1992, 11, 11)), (7L, 'ORDERKEY_007', 12000L, datetime.date(1992, 9, 10)), (10L, 'ORDERKEY_010', 88888888L, datetime.date(1992, 7, 20)), (11L, 'ORDERKEY_011', 323456L, datetime.date(1992, 8, 22))]]
===file:special_global/select/select_global_old.sql, id:110, sql:[select id, O_ORDERKEY, O_TOTALPRICE,MYDATE from test1 where id=1 and not id=1]===
dble:[[]]
===file:special_global/select/select_global_old.sql, id:111, sql:[select id,O_ORDERKEY,O_CUSTKEY,O_TOTALPRICE,MYDATE from test1 where id=1]===
dble:[[(1L, 'ORDERKEY_001', 'CUSTKEY_003', 200000L, datetime.date(2014, 10, 22))]]
===file:special_global/select/select_global_old.sql, id:112, sql:[select count(*) counts from test1 a where MYDATE is null]===
dble:[[(0L,)]]
===file:special_global/select/select_global_old.sql, id:113, sql:[select count(*) counts from test1 a where id is null]===
dble:[[(0L,)]]
===file:special_global/select/select_global_old.sql, id:114, sql:[select count(*) counts from test1 a where id is not null]===
dble:[[(8L,)]]
===file:special_global/select/select_global_old.sql, id:115, sql:[select count(*) counts from test1 a where not (id is null)]===
dble:[[(8L,)]]
===file:special_global/select/select_global_old.sql, id:116, sql:[select count(O_ORDERKEY) counts from test1 a where O_ORDERKEY like 'ORDERKEY_00%']===
dble:[[(6L,)]]
===file:special_global/select/select_global_old.sql, id:117, sql:[select count(O_ORDERKEY) counts from test1 a where O_ORDERKEY not like '%00%']===
dble:[[(2L,)]]
===file:special_global/select/select_global_old.sql, id:118, sql:[select sum(O_TOTALPRICE) as sums,O_CUSTKEY,count(O_ORDERKEY) counts from test1 a where O_ORDERKEY<'ORDERKEY_010' and O_CUSTKEY between 'CUSTKEY_002' and 'CUSTKEY_300' group by o_custkey]===
dble:[[(Decimal('100'), 'CUSTKEY_132', 1L), (Decimal('500'), 'CUSTKEY_111', 1L), (Decimal('300000'), 'CUSTKEY_003', 2L)]]
===file:special_global/select/select_global_old.sql, id:119, sql:[select sum(O_TOTALPRICE) as sums,O_CUSTKEY,count(O_ORDERKEY) counts from test1 a where O_ORDERKEY<'ORDERKEY_010' or O_CUSTKEY between 'CUSTKEY_002' and 'CUSTKEY_300' group by o_custkey]===
dble:[[(Decimal('100'), 'CUSTKEY_132', 1L), (Decimal('231'), 'CUSTKEY_420', 1L), (Decimal('500'), 'CUSTKEY_111', 1L), (Decimal('12000'), 'CUSTKEY_980', 1L), (Decimal('300000'), 'CUSTKEY_003', 2L), (Decimal('323456'), 'CUSTKEY_012', 1L)]]
===file:special_global/select/select_global_old.sql, id:120, sql:[select sum(O_TOTALPRICE) as sums,O_CUSTKEY,count(O_ORDERKEY) counts from test1 a where O_CUSTKEY in ('CUSTKEY_003','CUSTKEY_420','CUSTKEY_980') group by o_custkey]===
dble:[[(Decimal('231'), 'CUSTKEY_420', 1L), (Decimal('12000'), 'CUSTKEY_980', 1L), (Decimal('300000'), 'CUSTKEY_003', 2L)]]
===file:special_global/select/select_global_old.sql, id:121, sql:[select sum(O_TOTALPRICE) as sums,count(O_ORDERKEY) counts from test1 a where O_CUSTKEY not in ('CUSTKEY_003','CUSTKEY_420','CUSTKEY_980')]===
dble:[[(Decimal('89212944'), 4L)]]
===file:special_global/select/select_global_old.sql, id:122, sql:[select ALL HIGH_PRIORITY STRAIGHT_JOIN SQL_SMALL_RESULT id,O_ORDERKEY,O_CUSTKEY,O_TOTALPRICE,MYDATE from test1 where id=1]===
dble:[[(1L, 'ORDERKEY_001', 'CUSTKEY_003', 200000L, datetime.date(2014, 10, 22))]]
===file:special_global/select/select_global_old.sql, id:123, sql:[select O_CUSTKEY,case when sum(O_TOTALPRICE)<100000 then 'D' when sum(O_TOTALPRICE)>100000 and sum(O_TOTALPRICE)<1000000 then 'C' when sum(O_TOTALPRICE)>1000000 and sum(O_TOTALPRICE)<5000000 then 'B' else 'A' end as jibie  from test1 a group by O_CUSTKEY order by jibie, O_CUSTKEY limit 10]===
dble:[(('CUSTKEY_333', 'A'), ('CUSTKEY_003', 'C'), ('CUSTKEY_012', 'C'), ('CUSTKEY_111', 'D'), ('CUSTKEY_132', 'D'), ('CUSTKEY_420', 'D'), ('CUSTKEY_980', 'D'))]
===file:special_global/select/select_global_old.sql, id:124, sql:[select sum(O_TOTALPRICE) as sums,count(O_ORDERKEY) counts from test1 a where not O_CUSTKEY ='CUSTKEY_003']===
dble:[[(Decimal('89225175'), 6L)]]
===file:special_global/select/select_global_old.sql, id:125, sql:[select ALL HIGH_PRIORITY STRAIGHT_JOIN SQL_SMALL_RESULT SQL_BIG_RESULT id,O_ORDERKEY,O_CUSTKEY,O_TOTALPRICE,MYDATE from test1 where id=1]===
dble:[[(1L, 'ORDERKEY_001', 'CUSTKEY_003', 200000L, datetime.date(2014, 10, 22))]]
===file:special_global/select/select_global_old.sql, id:126, sql:[select count(*) from test1 where MYDATE between concat(date_format('1992-05-01','%Y-%m'),'-00') and concat(date_format(date_add('1992-05-01',interval 2 month),'%Y-%m'),'-00')]===
dble:[[(2L,)]]
===file:special_global/select/select_global_old.sql, id:127, sql:[select ALL HIGH_PRIORITY STRAIGHT_JOIN SQL_SMALL_RESULT SQL_BIG_RESULT SQL_BUFFER_RESULT count(*) from test1 where mydate between concat(date_format('1992-05-01','%Y-%m'),'-00') and concat(date_format(date_add('1992-05-01',interval 2 month),'%Y-%m'),'-00')]===
dble:[[(2L,)]]
===file:special_global/select/select_global_old.sql, id:128, sql:[select id,sum(O_TOTALPRICE) from test1 where id>1 and id<50 group by  id]===
dble:[[(2L, Decimal('100000')), (4L, Decimal('500')), (5L, Decimal('100')), (6L, Decimal('231')), (7L, Decimal('12000')), (10L, Decimal('88888888')), (11L, Decimal('323456'))]]
===file:special_global/select/select_global_old.sql, id:129, sql:[select ALL HIGH_PRIORITY STRAIGHT_JOIN SQL_SMALL_RESULT SQL_BIG_RESULT SQL_BUFFER_RESULT SQL_CACHE id,sum(O_TOTALPRICE) from test1 where id>1 and id<50 group by  id]===
dble:[[(2L, Decimal('100000')), (4L, Decimal('500')), (5L, Decimal('100')), (6L, Decimal('231')), (7L, Decimal('12000')), (10L, Decimal('88888888')), (11L, Decimal('323456'))]]
===file:special_global/select/select_global_old.sql, id:130, sql:[select count(id) as counts,date_format(MYDATE,'%Y-%m') as mouth from test1 where id>1 and id<50 group by date_format(id,'%Y-%m')]===
dble:[[(7L, '1992-05')]]
===file:special_global/select/select_global_old.sql, id:131, sql:[select ALL HIGH_PRIORITY STRAIGHT_JOIN SQL_SMALL_RESULT SQL_BIG_RESULT SQL_BUFFER_RESULT SQL_CACHE SQL_CALC_FOUND_ROWS count(id) as counts,date_format(MYDATE,'%Y-%m') as mouth from test1 where id>1 and id<50 group by date_format(MYDATE,'%Y-%m')]===
dble:[[(1L, '1992-05'), (1L, '1992-06'), (1L, '1992-07'), (1L, '1992-08'), (1L, '1992-09'), (1L, '1992-11'), (1L, '2008-01')]]
===file:special_global/select/select_global_old.sql, id:132, sql:[select count(id) as counts,date_format(MYDATE,'%Y-%m') as mouth from test1 where id>1 and id<50 group by 2 asc]===
dble:[[(1L, '1992-05'), (1L, '1992-06'), (1L, '1992-07'), (1L, '1992-08'), (1L, '1992-09'), (1L, '1992-11'), (1L, '2008-01')]]
===file:special_global/select/select_global_old.sql, id:133, sql:[select id, O_ORDERKEY, O_TOTALPRICE,MYDATE from test1 group by id,O_ORDERKEY,MYDATE]===
dble:[[(1L, 'ORDERKEY_001', 200000L, datetime.date(2014, 10, 22)), (2L, 'ORDERKEY_002', 100000L, datetime.date(1992, 5, 1)), (4L, 'ORDERKEY_004', 500L, datetime.date(2008, 1, 5)), (5L, 'ORDERKEY_005', 100L, datetime.date(1992, 6, 28)), (6L, 'ORDERKEY_006', 231L, datetime.date(1992, 11, 11)), (7L, 'ORDERKEY_007', 12000L, datetime.date(1992, 9, 10)), (10L, 'ORDERKEY_010', 88888888L, datetime.date(1992, 7, 20)), (11L, 'ORDERKEY_011', 323456L, datetime.date(1992, 8, 22))]]
===file:special_global/select/select_global_old.sql, id:134, sql:[select ALL HIGH_PRIORITY STRAIGHT_JOIN SQL_SMALL_RESULT SQL_BIG_RESULT SQL_BUFFER_RESULT SQL_CACHE SQL_CALC_FOUND_ROWS count(id) as counts,date_format(MYDATE,'%Y-%m') as mouth from test1 where id>1 and id<50 group by 2 asc]===
dble:[[(1L, '1992-05'), (1L, '1992-06'), (1L, '1992-07'), (1L, '1992-08'), (1L, '1992-09'), (1L, '1992-11'), (1L, '2008-01')]]
===file:special_global/select/select_global_old.sql, id:135, sql:[select count(id) as counts,date_format(MYDATE,'%Y-%m') as mouth,id from test1 where id>1 and id<50 group by 2 asc ,id desc]===
dble:[[(1L, '1992-05', 2L), (1L, '1992-06', 5L), (1L, '1992-07', 10L), (1L, '1992-08', 11L), (1L, '1992-09', 7L), (1L, '1992-11', 6L), (1L, '2008-01', 4L)]]
===file:special_global/select/select_global_old.sql, id:136, sql:[select ALL HIGH_PRIORITY STRAIGHT_JOIN SQL_SMALL_RESULT SQL_BIG_RESULT SQL_BUFFER_RESULT SQL_CACHE SQL_CALC_FOUND_ROWS count(id) as counts,date_format(MYDATE,'%Y-%m') as mouth,id from test1 where id>1 and id<50 group by 2 asc ,id desc]===
dble:[[(1L, '1992-05', 2L), (1L, '1992-06', 5L), (1L, '1992-07', 10L), (1L, '1992-08', 11L), (1L, '1992-09', 7L), (1L, '1992-11', 6L), (1L, '2008-01', 4L)]]
===file:special_global/select/select_global_old.sql, id:137, sql:[select sum(O_TOTALPRICE) as sums,id from test1 where id>1 and id<50 group by 2 asc]===
dble:[[(Decimal('100'), 5L), (Decimal('231'), 6L), (Decimal('500'), 4L), (Decimal('12000'), 7L), (Decimal('100000'), 2L), (Decimal('323456'), 11L), (Decimal('88888888'), 10L)]]
===file:special_global/select/select_global_old.sql, id:138, sql:[select ALL HIGH_PRIORITY STRAIGHT_JOIN SQL_SMALL_RESULT SQL_BIG_RESULT SQL_BUFFER_RESULT SQL_CACHE SQL_CALC_FOUND_ROWS sum(O_TOTALPRICE) as sums,id from test1 where id>1 and id<50 group by 2 asc]===
dble:[[(Decimal('100'), 5L), (Decimal('231'), 6L), (Decimal('500'), 4L), (Decimal('12000'), 7L), (Decimal('100000'), 2L), (Decimal('323456'), 11L), (Decimal('88888888'), 10L)]]
===file:special_global/select/select_global_old.sql, id:139, sql:[select sum(O_TOTALPRICE ) as sums,id from test1 where id>1 and id<50 group by 2 asc having sums>2000000]===
dble:[[(Decimal('88888888'), 10L)]]
===file:special_global/select/select_global_old.sql, id:140, sql:[select sum(O_TOTALPRICE ) as sums,id from test1 where id>1 and id<50 group by 2 asc   having sums>2000000]===
dble:[[(Decimal('88888888'), 10L)]]
===file:special_global/select/select_global_old.sql, id:141, sql:[select ALL HIGH_PRIORITY STRAIGHT_JOIN SQL_SMALL_RESULT SQL_BIG_RESULT SQL_BUFFER_RESULT SQL_CACHE SQL_CALC_FOUND_ROWS sum(O_TOTALPRICE ) as sums,id from test1 where id>1 and id<50 group by 2 asc   having sums>2000000]===
dble:[[(Decimal('88888888'), 10L)]]
===file:special_global/select/select_global_old.sql, id:142, sql:[select sum(O_TOTALPRICE ) as sums,id,count(O_ORDERKEY) counts from test1 where id>1 and id<50 group by 2 asc   having count(O_ORDERKEY)>2]===
dble:[[]]
===file:special_global/select/select_global_old.sql, id:143, sql:[select ALL HIGH_PRIORITY STRAIGHT_JOIN SQL_SMALL_RESULT SQL_BIG_RESULT SQL_BUFFER_RESULT SQL_CACHE SQL_CALC_FOUND_ROWS sum(O_TOTALPRICE ) as sums,id,count(O_ORDERKEY) counts from test1 where id>1 and id<50 group by 2 asc   having count(O_ORDERKEY)>2]===
dble:[[]]
===file:special_global/select/select_global_old.sql, id:144, sql:[select sum(O_TOTALPRICE ) as sums,id,count(O_ORDERKEY) counts from test1 where id>1 and id<50 group by 2 asc   having min(O_ORDERKEY)>10 and max(O_ORDERKEY)<10000000]===
dble:[[]]
===file:special_global/select/select_global_old.sql, id:145, sql:[select sum(O_TOTALPRICE ) from test1 where id>1 and id<50 having min(O_ORDERKEY)<10000]===
dble:[[(Decimal('89325175'),)]]
===file:special_global/select/select_global_old.sql, id:146, sql:[select id,O_ORDERKEY,O_TOTALPRICE from test1 where id>36900 and id<36902 group by O_ORDERKEY  having O_ORDERKEY in (select O_ORDERKEY from test1 group by id having sum(id)>10000)]===
dble:[[]]
===file:special_global/select/select_global_old.sql, id:147, sql:[select sum(O_TOTALPRICE) as sums,O_CUSTKEY,count(O_ORDERKEY) counts from test1 a where O_CUSTKEY between 'CUSTKEY_002' and 'CUSTKEY_300' group by o_custkey]===
dble:[[(Decimal('100'), 'CUSTKEY_132', 1L), (Decimal('500'), 'CUSTKEY_111', 1L), (Decimal('300000'), 'CUSTKEY_003', 2L), (Decimal('323456'), 'CUSTKEY_012', 1L)]]
===file:special_global/select/select_global_old.sql, id:148, sql:[select sum(O_TOTALPRICE) as sums,O_CUSTKEY,count(O_ORDERKEY) counts from test1 a where O_CUSTKEY not between 'CUSTKEY_002' and 'CUSTKEY_300' group by o_custkey]===
dble:[[(Decimal('231'), 'CUSTKEY_420', 1L), (Decimal('12000'), 'CUSTKEY_980', 1L), (Decimal('88888888'), 'CUSTKEY_333', 1L)]]
===file:special_global/select/select_global_old.sql, id:149, sql:[select sum(O_TOTALPRICE) as sums,O_CUSTKEY,count(O_ORDERKEY) counts from test1 a where not (O_CUSTKEY between 'CUSTKEY_002' and 'CUSTKEY_300') group by o_custkey]===
dble:[[(Decimal('231'), 'CUSTKEY_420', 1L), (Decimal('12000'), 'CUSTKEY_980', 1L), (Decimal('88888888'), 'CUSTKEY_333', 1L)]]
===file:special_global/select/select_global_old.sql, id:150, sql:[drop table if exists schema2.test2]===
dble:[[]]
===file:special_global/select/select_global_old.sql, id:151, sql:[create table schema2.test2(id int(11),C_NAME varchar(20),C_NATIONKEY varchar(20),C_ORDERKEY varchar(20),C_CUSTKEY varchar(20) primary key)]===
dble:[[]]
===file:special_global/select/select_global_old.sql, id:152, sql:[insert into schema2.test2 (id,C_NAME,C_NATIONKEY,C_ORDERKEY,C_CUSTKEY) values (1,'chenxiao','NATIONKEY_001','ORDERKEY_001','CUSTKEY_003'),(3,'wangye','NATIONKEY_001','ORDERKEY_004','CUSTKEY_111'),(2,'xiaojuan','NATIONKEY_001','ORDERKEY_005','CUSTKEY_132'),(4,'chenqi','NATIONKEY_051','ORDERKEY_010','CUSTKEY_333'),(5,'marui','NATIONKEY_002','ORDERKEY_011','CUSTKEY_012'),(8,'huachen','NATIONKEY_002','ORDERKEY_007','CUSTKEY_980'),(7,'yanglu','NATIONKEY_132','ORDERKEY_006','CUSTKEY_420')]===
dble:[[]]
===file:special_global/select/select_global_old.sql, id:153, sql:[select C_NAME from schema2.test2 where C_NAME like 'A__A']===
dble:[[]]
===file:special_global/select/select_global_old.sql, id:154, sql:[select C_NAME from schema2.test2 where C_NAME like 'm___i']===
dble:[[('marui',)]]
===file:special_global/select/select_global_old.sql, id:155, sql:[select C_NAME from schema2.test2 where C_NAME like 'ch___i%%']===
dble:[[('chenqi',), ('chenxiao',)]]
===file:special_global/select/select_global_old.sql, id:156, sql:[select C_NAME from schema2.test2 where C_NAME like 'ch___i%%' ESCAPE 'i']===
dble:[[]]
===file:special_global/select/select_global_old.sql, id:157, sql:[select count(*) from schema2.test2 where C_NAME not like 'chen%']===
dble:[[(5L,)]]
===file:special_global/select/select_global_old.sql, id:158, sql:[select count(*) from schema2.test2 where not (C_NAME like 'chen%')]===
dble:[[(5L,)]]
===file:special_global/select/select_global_old.sql, id:159, sql:[select C_NAME from schema2.test2 where C_NAME like binary 'chen%']===
dble:[[('chenqi',), ('chenxiao',)]]
===file:special_global/select/select_global_old.sql, id:160, sql:[select C_NAME from schema2.test2 where C_NAME like 'chen%']===
dble:[[('chenqi',), ('chenxiao',)]]
===file:special_global/select/select_global_old.sql, id:161, sql:[select C_NAME from schema2.test2 where  C_NAME  like concat('%','AM','%')]===
dble:[[]]
===file:special_global/select/select_global_old.sql, id:162, sql:[select C_NAME from schema2.test2 where  C_NAME  like concat('%','en','%')]===
dble:[[('chenqi',), ('chenxiao',), ('huachen',)]]
===file:special_global/select/select_global_old.sql, id:163, sql:[select O_CUSTKEY,O_ORDERKEY from test1 a where O_CUSTKEY ='CUSTKEY_003' union select O_CUSTKEY,O_ORDERKEY from test1 a where O_CUSTKEY ='CUSTKEY_132']===
dble:[[('CUSTKEY_003', 'ORDERKEY_001'), ('CUSTKEY_003', 'ORDERKEY_002'), ('CUSTKEY_132', 'ORDERKEY_005')]]
===file:special_global/select/select_global_old.sql, id:164, sql:[(select O_CUSTKEY,O_ORDERKEY from test1 a where O_CUSTKEY ='CUSTKEY_003' order by O_ORDERKEY) union (select O_CUSTKEY,O_ORDERKEY from test1 a where O_CUSTKEY ='CUSTKEY_132' order by O_ORDERKEY)]===
dble:[(('CUSTKEY_003', 'ORDERKEY_001'), ('CUSTKEY_003', 'ORDERKEY_002'), ('CUSTKEY_132', 'ORDERKEY_005'))]
===file:special_global/select/select_global_old.sql, id:165, sql:[select O_CUSTKEY,O_ORDERKEY from test1 a where O_CUSTKEY ='CUSTKEY_003' union select O_CUSTKEY,O_ORDERKEY from test1 a where O_CUSTKEY ='CUSTKEY_132' order by O_ORDERKEY]===
dble:[(('CUSTKEY_003', 'ORDERKEY_001'), ('CUSTKEY_003', 'ORDERKEY_002'), ('CUSTKEY_132', 'ORDERKEY_005'))]
===file:special_global/select/select_global_old.sql, id:166, sql:[select O_CUSTKEY,O_ORDERKEY from test1 a where O_CUSTKEY ='CUSTKEY_003' union select O_CUSTKEY,O_ORDERKEY from test1 a where O_CUSTKEY ='CUSTKEY_132' order by 1, O_ORDERKEY desc/*allow_diff_sequence*/]===
dble:[[('CUSTKEY_003', 'ORDERKEY_001'), ('CUSTKEY_003', 'ORDERKEY_002'), ('CUSTKEY_132', 'ORDERKEY_005')]]
===file:special_global/select/select_global_old.sql, id:167, sql:[select O_CUSTKEY,O_ORDERKEY from test1 a where O_CUSTKEY ='CUSTKEY_003' union select O_CUSTKEY,O_ORDERKEY from test1 a where O_CUSTKEY ='CUSTKEY_132' order by 2,1]===
dble:[(('CUSTKEY_003', 'ORDERKEY_001'), ('CUSTKEY_003', 'ORDERKEY_002'), ('CUSTKEY_132', 'ORDERKEY_005'))]
===file:special_global/select/select_global_old.sql, id:168, sql:[(select O_CUSTKEY,O_ORDERKEY from test1 a where O_CUSTKEY ='CUSTKEY_330') union all (select O_CUSTKEY,O_ORDERKEY from test1 a where O_CUSTKEY ='CUSTKEY_420') union (select O_CUSTKEY,O_ORDERKEY from test1 a where O_CUSTKEY<'CUSTKEY_200') order by 2,1/*allow_diff_sequence*/]===
dble:[[('CUSTKEY_003', 'ORDERKEY_001'), ('CUSTKEY_003', 'ORDERKEY_002'), ('CUSTKEY_012', 'ORDERKEY_011'), ('CUSTKEY_111', 'ORDERKEY_004'), ('CUSTKEY_132', 'ORDERKEY_005'), ('CUSTKEY_420', 'ORDERKEY_006')]]
===file:special_global/select/select_global_old.sql, id:169, sql:[(select O_CUSTKEY,O_ORDERKEY from test1 a where O_CUSTKEY ='CUSTKEY_003') union (select O_CUSTKEY,O_ORDERKEY from test1 a where O_CUSTKEY ='CUSTKEY_132') order by O_ORDERKEY]===
dble:[(('CUSTKEY_003', 'ORDERKEY_001'), ('CUSTKEY_003', 'ORDERKEY_002'), ('CUSTKEY_132', 'ORDERKEY_005'))]
===file:special_global/select/select_global_old.sql, id:170, sql:[(select O_CUSTKEY,O_ORDERKEY from test1 a where O_CUSTKEY ='CUSTKEY_003' order by O_ORDERKEY limit 5) union all (select O_CUSTKEY,O_ORDERKEY from test1 a where O_CUSTKEY ='CUSTKEY_980' order by O_ORDERKEY limit 5)]===
dble:[(('CUSTKEY_003', 'ORDERKEY_001'), ('CUSTKEY_003', 'ORDERKEY_002'), ('CUSTKEY_980', 'ORDERKEY_007'))]
===file:special_global/select/select_global_old.sql, id:171, sql:[(select O_CUSTKEY,O_ORDERKEY from test1 a where O_CUSTKEY ='CUSTKEY_003') union all (select O_CUSTKEY,O_ORDERKEY from test1 a where O_CUSTKEY ='CUSTKEY_132') order by O_ORDERKEY limit 5]===
dble:[(('CUSTKEY_003', 'ORDERKEY_001'), ('CUSTKEY_003', 'ORDERKEY_002'), ('CUSTKEY_132', 'ORDERKEY_005'))]
===file:special_global/select/select_global_old.sql, id:172, sql:[(select O_CUSTKEY,O_ORDERKEY from test1 a where O_CUSTKEY ='CUSTKEY_132') union DISTINCT (select O_CUSTKEY,O_ORDERKEY from test1 a where O_CUSTKEY ='CUSTKEY_003') order by O_ORDERKEY limit 5]===
dble:[(('CUSTKEY_003', 'ORDERKEY_001'), ('CUSTKEY_003', 'ORDERKEY_002'), ('CUSTKEY_132', 'ORDERKEY_005'))]
===file:special_global/select/select_global_old.sql, id:173, sql:[select O_ORDERKEY,O_CUSTKEY,C_NAME from test1,schema2.test2 where O_CUSTKEY=c_CUSTKEY and O_ORDERKEY<'ORDERKEY_006']===
dble:[[('ORDERKEY_001', 'CUSTKEY_003', 'chenxiao'), ('ORDERKEY_002', 'CUSTKEY_003', 'chenxiao'), ('ORDERKEY_004', 'CUSTKEY_111', 'wangye'), ('ORDERKEY_005', 'CUSTKEY_132', 'xiaojuan')]]
===file:special_global/select/select_global_old.sql, id:174, sql:[select count(*) from test1 as a where a.id >= any(select id from schema2.test2)]===
dble:[[(8L,)]]
===file:special_global/select/select_global_old.sql, id:175, sql:[select count(*) from test1 as a where a.id >= any(select avg(id) from schema2.test2 group by id)]===
dble:[[(8L,)]]
===file:special_global/select/select_global_old.sql, id:176, sql:[select count(*) from test1 as a where a.id in(select id from schema2.test2)]===
dble:[[(5L,)]]
===file:special_global/select/select_global_old.sql, id:177, sql:[select count(*) from test1 as a where a.id not in(select id from schema2.test2)]===
dble:[[(3L,)]]
===file:special_global/select/select_global_old.sql, id:178, sql:[select count(*) from test1 as a where not (a.id in(select id from schema2.test2))]===
dble:[[(3L,)]]
===file:special_global/select/select_global_old.sql, id:179, sql:[select count(*) from test1 as a where a.id not in(select id from schema2.test2 where C_ORDERKEY in(1,2))]===
dble:[[(8L,)]]
===file:special_global/select/select_global_old.sql, id:180, sql:[select count(*) from test1 as a where not (a.id in(select id from schema2.test2 where C_ORDERKEY in(1,2)))]===
dble:[[(8L,)]]
===file:special_global/select/select_global_old.sql, id:181, sql:[select count(*) from test1 as a where a.id =some(select id from schema2.test2)]===
dble:[[(5L,)]]
===file:special_global/select/select_global_old.sql, id:182, sql:[select count(*) from test1 as a where a.id != any(select id from schema2.test2)]===
dble:[[(8L,)]]
===file:special_global/select/select_global_old.sql, id:183, sql:[select count(*) from (select O_CUSTKEY,count(O_CUSTKEY) as counts from test1 group by O_CUSTKEY) as a where counts<10 group by counts]===
dble:[[(1L,), (6L,)]]
===file:special_global/select/select_global_old.sql, id:184, sql:[select O_ORDERKEY,O_CUSTKEY,C_NAME from test1 join schema2.test2 on O_CUSTKEY=c_CUSTKEY and O_ORDERKEY<'ORDERKEY_007']===
dble:[[('ORDERKEY_001', 'CUSTKEY_003', 'chenxiao'), ('ORDERKEY_002', 'CUSTKEY_003', 'chenxiao'), ('ORDERKEY_004', 'CUSTKEY_111', 'wangye'), ('ORDERKEY_005', 'CUSTKEY_132', 'xiaojuan'), ('ORDERKEY_006', 'CUSTKEY_420', 'yanglu')]]
===file:special_global/select/select_global_old.sql, id:185, sql:[select O_ORDERKEY,O_CUSTKEY,C_NAME from test1 INNER join schema2.test2 where O_CUSTKEY=c_CUSTKEY and O_ORDERKEY<'ORDERKEY_007']===
dble:[[('ORDERKEY_001', 'CUSTKEY_003', 'chenxiao'), ('ORDERKEY_002', 'CUSTKEY_003', 'chenxiao'), ('ORDERKEY_004', 'CUSTKEY_111', 'wangye'), ('ORDERKEY_005', 'CUSTKEY_132', 'xiaojuan'), ('ORDERKEY_006', 'CUSTKEY_420', 'yanglu')]]
===file:special_global/select/select_global_old.sql, id:186, sql:[select O_ORDERKEY,O_CUSTKEY,C_NAME from test1 INNER join schema2.test2 on O_CUSTKEY=c_CUSTKEY and O_ORDERKEY<'ORDERKEY_006']===
dble:[[('ORDERKEY_001', 'CUSTKEY_003', 'chenxiao'), ('ORDERKEY_002', 'CUSTKEY_003', 'chenxiao'), ('ORDERKEY_004', 'CUSTKEY_111', 'wangye'), ('ORDERKEY_005', 'CUSTKEY_132', 'xiaojuan')]]
===file:special_global/select/select_global_old.sql, id:187, sql:[select O_ORDERKEY,O_CUSTKEY,C_NAME from test1 CROSS join schema2.test2 on O_CUSTKEY=c_CUSTKEY and O_ORDERKEY<'ORDERKEY_006']===
dble:[[('ORDERKEY_001', 'CUSTKEY_003', 'chenxiao'), ('ORDERKEY_002', 'CUSTKEY_003', 'chenxiao'), ('ORDERKEY_004', 'CUSTKEY_111', 'wangye'), ('ORDERKEY_005', 'CUSTKEY_132', 'xiaojuan')]]
===file:special_global/select/select_global_old.sql, id:188, sql:[select test1.O_ORDERKEY,test1.O_CUSTKEY,C_NAME from test1 CROSS join schema2.test2 using(id) order by test1.O_ORDERKEY,test1.O_CUSTKEY,C_NAME]===
dble:[(('ORDERKEY_001', 'CUSTKEY_003', 'chenxiao'), ('ORDERKEY_002', 'CUSTKEY_003', 'xiaojuan'), ('ORDERKEY_004', 'CUSTKEY_111', 'chenqi'), ('ORDERKEY_005', 'CUSTKEY_132', 'marui'), ('ORDERKEY_007', 'CUSTKEY_980', 'yanglu'))]
===file:special_global/select/select_global_old.sql, id:189, sql:[select O_ORDERKEY,O_CUSTKEY,C_NAME from schema2.test2 as a STRAIGHT_JOIN test1 b where b.O_CUSTKEY=a.c_CUSTKEY and O_ORDERKEY<'ORDERKEY_007']===
dble:[[('ORDERKEY_001', 'CUSTKEY_003', 'chenxiao'), ('ORDERKEY_002', 'CUSTKEY_003', 'chenxiao'), ('ORDERKEY_004', 'CUSTKEY_111', 'wangye'), ('ORDERKEY_005', 'CUSTKEY_132', 'xiaojuan'), ('ORDERKEY_006', 'CUSTKEY_420', 'yanglu')]]
===file:special_global/select/select_global_old.sql, id:190, sql:[select b.O_ORDERKEY,b.O_CUSTKEY,a.C_NAME from schema2.test2 a STRAIGHT_JOIN test1 b on b.O_CUSTKEY=a.c_CUSTKEY and b.O_ORDERKEY<'ORDERKEY_007']===
dble:[[('ORDERKEY_001', 'CUSTKEY_003', 'chenxiao'), ('ORDERKEY_002', 'CUSTKEY_003', 'chenxiao'), ('ORDERKEY_004', 'CUSTKEY_111', 'wangye'), ('ORDERKEY_005', 'CUSTKEY_132', 'xiaojuan'), ('ORDERKEY_006', 'CUSTKEY_420', 'yanglu')]]
===file:special_global/select/select_global_old.sql, id:191, sql:[select a.c_CUSTKEY,a.C_NAME,b.O_ORDERKEY from schema2.test2 as a left join test1 b on b.O_CUSTKEY=a.C_CUSTKEY and a.C_CUSTKEY<'CUSTKEY_300']===
dble:[[('CUSTKEY_003', 'chenxiao', 'ORDERKEY_001'), ('CUSTKEY_003', 'chenxiao', 'ORDERKEY_002'), ('CUSTKEY_012', 'marui', 'ORDERKEY_011'), ('CUSTKEY_111', 'wangye', 'ORDERKEY_004'), ('CUSTKEY_132', 'xiaojuan', 'ORDERKEY_005'), ('CUSTKEY_333', 'chenqi', None), ('CUSTKEY_420', 'yanglu', None), ('CUSTKEY_980', 'huachen', None)]]
===file:special_global/select/select_global_old.sql, id:192, sql:[select a.c_CUSTKEY,a.C_NAME,b.O_ORDERKEY from schema2.test2 as a left join test1 b using(id) where a.C_CUSTKEY<'CUSTKEY_300']===
dble:[[('CUSTKEY_003', 'chenxiao', 'ORDERKEY_001'), ('CUSTKEY_012', 'marui', 'ORDERKEY_005'), ('CUSTKEY_111', 'wangye', None), ('CUSTKEY_132', 'xiaojuan', 'ORDERKEY_002')]]
===file:special_global/select/select_global_old.sql, id:193, sql:[select a.c_CUSTKEY,a.C_NAME,b.O_ORDERKEY from schema2.test2 as a left OUTER join test1 b using(id)]===
dble:[[('CUSTKEY_003', 'chenxiao', 'ORDERKEY_001'), ('CUSTKEY_012', 'marui', 'ORDERKEY_005'), ('CUSTKEY_111', 'wangye', None), ('CUSTKEY_132', 'xiaojuan', 'ORDERKEY_002'), ('CUSTKEY_333', 'chenqi', 'ORDERKEY_004'), ('CUSTKEY_420', 'yanglu', 'ORDERKEY_007'), ('CUSTKEY_980', 'huachen', None)]]
===file:special_global/select/select_global_old.sql, id:194, sql:[select a.c_CUSTKEY,a.C_NAME,b.O_ORDERKEY from test1 b right join schema2.test2 as a using(id) where a.c_CUSTKEY<'CUSTKEY_300']===
dble:[[('CUSTKEY_003', 'chenxiao', 'ORDERKEY_001'), ('CUSTKEY_012', 'marui', 'ORDERKEY_005'), ('CUSTKEY_111', 'wangye', None), ('CUSTKEY_132', 'xiaojuan', 'ORDERKEY_002')]]
===file:special_global/select/select_global_old.sql, id:195, sql:[select a.c_CUSTKEY,a.C_NAME,b.O_ORDERKEY from test1 b right join schema2.test2 as a  using(id)]===
dble:[[('CUSTKEY_003', 'chenxiao', 'ORDERKEY_001'), ('CUSTKEY_012', 'marui', 'ORDERKEY_005'), ('CUSTKEY_111', 'wangye', None), ('CUSTKEY_132', 'xiaojuan', 'ORDERKEY_002'), ('CUSTKEY_333', 'chenqi', 'ORDERKEY_004'), ('CUSTKEY_420', 'yanglu', 'ORDERKEY_007'), ('CUSTKEY_980', 'huachen', None)]]
===file:special_global/select/select_global_old.sql, id:196, sql:[select a.c_CUSTKEY,a.C_NAME,b.O_ORDERKEY from test1 b right join schema2.test2 as a on b.O_CUSTKEY=a.C_CUSTKEY and a.c_CUSTKEY<'CUSTKEY_300']===
dble:[[('CUSTKEY_003', 'chenxiao', 'ORDERKEY_001'), ('CUSTKEY_003', 'chenxiao', 'ORDERKEY_002'), ('CUSTKEY_012', 'marui', 'ORDERKEY_011'), ('CUSTKEY_111', 'wangye', 'ORDERKEY_004'), ('CUSTKEY_132', 'xiaojuan', 'ORDERKEY_005'), ('CUSTKEY_333', 'chenqi', None), ('CUSTKEY_420', 'yanglu', None), ('CUSTKEY_980', 'huachen', None)]]
===file:special_global/select/select_global_old.sql, id:197, sql:[drop table if exists test1]===
dble:[[]]
===file:special_global/select/select_global_old.sql, id:198, sql:[drop table if exists schema2.test2]===
dble:[[]]
===file:special_global/select/select_global_old.sql, id:199, sql:[create table test1 (id int(11),O_ORDERKEY varchar(20) primary key,O_CUSTKEY varchar(20),O_TOTALPRICE int(20),MYDATE date)]===
dble:[[]]
===file:special_global/select/select_global_old.sql, id:200, sql:[create table schema2.test2(id int(11),C_NAME varchar(20),C_NATIONKEY varchar(20),C_ORDERKEY varchar(20),C_CUSTKEY varchar(20) primary key)]===
dble:[[]]
===file:special_global/select/select_global_old.sql, id:201, sql:[insert into test1 (id,O_ORDERKEY,O_CUSTKEY,O_TOTALPRICE,MYDATE) values (1,'ORDERKEY_001','CUSTKEY_003',200000,'20141022'),(2,'ORDERKEY_002','CUSTKEY_003',100000,'19920501'),(4,'ORDERKEY_004','CUSTKEY_111',500,'20080105'),(5,'ORDERKEY_005','CUSTKEY_132',100,'19920628'),(10,'ORDERKEY_010','CUSTKEY_333',88888888,'19920720'),(11,'ORDERKEY_011','CUSTKEY_012',323456,'19920822'),(7,'ORDERKEY_007','CUSTKEY_980',12000,'19920910'),(6,'ORDERKEY_006','CUSTKEY_420',231,'19921111')]===
dble:[[]]
===file:special_global/select/select_global_old.sql, id:202, sql:[insert into schema2.test2 (id,C_NAME,C_NATIONKEY,C_ORDERKEY,C_CUSTKEY) values (1,'chenxiao','NATIONKEY_001','ORDERKEY_001','CUSTKEY_003'),(3,'wangye','NATIONKEY_001','ORDERKEY_004','CUSTKEY_111'),(2,'xiaojuan','NATIONKEY_001','ORDERKEY_005','CUSTKEY_132'),(4,'chenqi','NATIONKEY_051','ORDERKEY_010','CUSTKEY_333'),(5,'marui','NATIONKEY_002','ORDERKEY_011','CUSTKEY_012'),(8,'huachen','NATIONKEY_002','ORDERKEY_007','CUSTKEY_980'),(7,'yanglu','NATIONKEY_132','ORDERKEY_006','CUSTKEY_420')]===
dble:[[]]
===file:special_global/select/select_global_old.sql, id:203, sql:[create index ORDERS_FK1 on test1(O_CUSTKEY)]===
dble:[[]]
===file:special_global/select/select_global_old.sql, id:204, sql:[select sum(O_TOTALPRICE) as sums,O_CUSTKEY,count(O_ORDERKEY) counts from test1 where O_CUSTKEY between 'CUSTKEY_003' and 'CUSTKEY_500' group by 2 asc having sums>400 order by o_custkey]===
dble:[((Decimal('300000'), 'CUSTKEY_003', 2L), (Decimal('323456'), 'CUSTKEY_012', 1L), (Decimal('500'), 'CUSTKEY_111', 1L), (Decimal('88888888'), 'CUSTKEY_333', 1L))]
===file:special_global/select/select_global_old.sql, id:205, sql:[select ALL HIGH_PRIORITY STRAIGHT_JOIN SQL_SMALL_RESULT SQL_BIG_RESULT SQL_BUFFER_RESULT SQL_CACHE SQL_CALC_FOUND_ROWS sum(O_TOTALPRICE) as sums,O_CUSTKEY,count(O_ORDERKEY) counts from test1  where O_CUSTKEY between 'CUSTKEY_003' and 'CUSTKEY_500' group by 2 asc having sums>400 order by o_custkey]===
dble:[((Decimal('300000'), 'CUSTKEY_003', 2L), (Decimal('323456'), 'CUSTKEY_012', 1L), (Decimal('500'), 'CUSTKEY_111', 1L), (Decimal('88888888'), 'CUSTKEY_333', 1L))]
===file:special_global/select/select_global_old.sql, id:206, sql:[select sum(O_TOTALPRICE) as sums,O_CUSTKEY,count(O_ORDERKEY) counts from test1 where O_CUSTKEY between 'CUSTKEY_003' and 'CUSTKEY_500' group by 2 asc having sums>400 order by 2]===
dble:[((Decimal('300000'), 'CUSTKEY_003', 2L), (Decimal('323456'), 'CUSTKEY_012', 1L), (Decimal('500'), 'CUSTKEY_111', 1L), (Decimal('88888888'), 'CUSTKEY_333', 1L))]
===file:special_global/select/select_global_old.sql, id:207, sql:[select ALL HIGH_PRIORITY STRAIGHT_JOIN SQL_SMALL_RESULT SQL_BIG_RESULT SQL_BUFFER_RESULT SQL_CACHE SQL_CALC_FOUND_ROWS sum(O_TOTALPRICE) as sums,O_CUSTKEY,count(O_ORDERKEY) counts from test1 where O_CUSTKEY between 'CUSTKEY_003' and 'CUSTKEY_500' group by 2 asc having sums>400 order by 2]===
dble:[((Decimal('300000'), 'CUSTKEY_003', 2L), (Decimal('323456'), 'CUSTKEY_012', 1L), (Decimal('500'), 'CUSTKEY_111', 1L), (Decimal('88888888'), 'CUSTKEY_333', 1L))]
===file:special_global/select/select_global_old.sql, id:208, sql:[select sum(O_TOTALPRICE) as sums,O_CUSTKEY,count(O_ORDERKEY) counts from test1 where O_CUSTKEY between 'CUSTKEY_003' and 'CUSTKEY_500' group by 2 asc having sums>400 order by count(O_ORDERKEY), sums]===
dble:[((Decimal('500'), 'CUSTKEY_111', 1L), (Decimal('323456'), 'CUSTKEY_012', 1L), (Decimal('88888888'), 'CUSTKEY_333', 1L), (Decimal('300000'), 'CUSTKEY_003', 2L))]
===file:special_global/select/select_global_old.sql, id:209, sql:[select ALL HIGH_PRIORITY STRAIGHT_JOIN SQL_SMALL_RESULT SQL_BIG_RESULT SQL_BUFFER_RESULT SQL_CACHE SQL_CALC_FOUND_ROWS sum(O_TOTALPRICE) as sums,O_CUSTKEY,count(O_ORDERKEY) counts from test1 where O_CUSTKEY between 'CUSTKEY_003' and 'CUSTKEY_500' group by 2 asc having sums>400 order by count(O_ORDERKEY),sums]===
dble:[((Decimal('500'), 'CUSTKEY_111', 1L), (Decimal('323456'), 'CUSTKEY_012', 1L), (Decimal('88888888'), 'CUSTKEY_333', 1L), (Decimal('300000'), 'CUSTKEY_003', 2L))]
===file:special_global/select/select_global_old.sql, id:212, sql:[select sum(O_TOTALPRICE) as sums,O_CUSTKEY,count(O_ORDERKEY) counts from test1 where O_CUSTKEY between 'CUSTKEY_003' and 'CUSTKEY_500' group by 2 asc having sums>400 order by counts asc,2 desc]===
dble:[((Decimal('88888888'), 'CUSTKEY_333', 1L), (Decimal('500'), 'CUSTKEY_111', 1L), (Decimal('323456'), 'CUSTKEY_012', 1L), (Decimal('300000'), 'CUSTKEY_003', 2L))]
===file:special_global/select/select_global_old.sql, id:213, sql:[select ALL HIGH_PRIORITY STRAIGHT_JOIN SQL_SMALL_RESULT SQL_BIG_RESULT SQL_BUFFER_RESULT SQL_CACHE SQL_CALC_FOUND_ROWS sum(O_TOTALPRICE) as sums,O_CUSTKEY,count(O_ORDERKEY) counts from test1 where O_CUSTKEY between 'CUSTKEY_003' and 'CUSTKEY_500' group by 2 asc having sums>400 order by counts asc,2 desc]===
dble:[((Decimal('88888888'), 'CUSTKEY_333', 1L), (Decimal('500'), 'CUSTKEY_111', 1L), (Decimal('323456'), 'CUSTKEY_012', 1L), (Decimal('300000'), 'CUSTKEY_003', 2L))]
===file:special_global/select/select_global_old.sql, id:214, sql:[select sum(O_TOTALPRICE) as sums,O_CUSTKEY,count(O_ORDERKEY) counts from test1 where O_CUSTKEY between 'CUSTKEY_013' and 'CUSTKEY_050' group by 2 asc having O_CUSTKEY<(select max(c_custkey) from schema2.test2) order by o_custkey]===
dble:[()]
===file:special_global/select/select_global_old.sql, id:215, sql:[select ALL HIGH_PRIORITY STRAIGHT_JOIN SQL_SMALL_RESULT SQL_BIG_RESULT SQL_BUFFER_RESULT SQL_CACHE SQL_CALC_FOUND_ROWS sum(O_TOTALPRICE) as sums,O_CUSTKEY,count(O_ORDERKEY) counts from test1 where O_CUSTKEY between 'CUSTKEY_012' and 'CUSTKEY_050' group by 2 asc having O_CUSTKEY<(select max(c_custkey) from schema2.test2) order by o_custkey]===
dble:[((Decimal('323456'), 'CUSTKEY_012', 1L),)]
===file:special_global/select/select_global_old.sql, id:216, sql:[select sum(O_TOTALPRICE) as sums,O_CUSTKEY,count(O_ORDERKEY) counts from test1 where O_CUSTKEY between 'CUSTKEY_002' and 'CUSTKEY_050' group by 2 asc having O_CUSTKEY<(select max(c_custkey) from schema2.test2) order by 2]===
dble:[((Decimal('300000'), 'CUSTKEY_003', 2L), (Decimal('323456'), 'CUSTKEY_012', 1L))]
===file:special_global/select/select_global_old.sql, id:217, sql:[select ALL HIGH_PRIORITY STRAIGHT_JOIN SQL_SMALL_RESULT SQL_BIG_RESULT SQL_BUFFER_RESULT SQL_CACHE SQL_CALC_FOUND_ROWS sum(O_TOTALPRICE) as sums,O_CUSTKEY,count(O_ORDERKEY) counts from test1 where O_CUSTKEY between 'CUSTKEY_002' and 'CUSTKEY_050' group by 2 asc having O_CUSTKEY<(select max(c_custkey) from schema2.test2) order by 2]===
dble:[((Decimal('300000'), 'CUSTKEY_003', 2L), (Decimal('323456'), 'CUSTKEY_012', 1L))]
===file:special_global/select/select_global_old.sql, id:218, sql:[select sum(O_TOTALPRICE) as sums,O_CUSTKEY,count(O_ORDERKEY) counts from test1 where O_CUSTKEY between 'CUSTKEY_002' and 'CUSTKEY_050' group by 2 asc having O_CUSTKEY<(select max(c_custkey) from schema2.test2) order by count(O_ORDERKEY)]===
dble:[((Decimal('323456'), 'CUSTKEY_012', 1L), (Decimal('300000'), 'CUSTKEY_003', 2L))]
===file:special_global/select/select_global_old.sql, id:219, sql:[select ALL HIGH_PRIORITY STRAIGHT_JOIN SQL_SMALL_RESULT SQL_BIG_RESULT SQL_BUFFER_RESULT SQL_CACHE SQL_CALC_FOUND_ROWS sum(O_TOTALPRICE) as sums,O_CUSTKEY,count(O_ORDERKEY) counts from test1 where O_CUSTKEY between 'CUSTKEY_002' and 'CUSTKEY_050' group by 2 asc having O_CUSTKEY<(select max(c_custkey) from schema2.test2) order by count(O_ORDERKEY)]===
dble:[((Decimal('323456'), 'CUSTKEY_012', 1L), (Decimal('300000'), 'CUSTKEY_003', 2L))]
===file:special_global/select/select_global_old.sql, id:222, sql:[select sum(O_TOTALPRICE) as sums,O_CUSTKEY,count(O_ORDERKEY) counts from test1 where O_CUSTKEY between 'CUSTKEY_002' and 'CUSTKEY_050' group by 2 asc having O_CUSTKEY<(select max(c_custkey) from schema2.test2) order by counts asc,2 desc]===
dble:[((Decimal('323456'), 'CUSTKEY_012', 1L), (Decimal('300000'), 'CUSTKEY_003', 2L))]
===file:special_global/select/select_global_old.sql, id:223, sql:[select ALL HIGH_PRIORITY STRAIGHT_JOIN SQL_SMALL_RESULT SQL_BIG_RESULT SQL_BUFFER_RESULT SQL_CACHE SQL_CALC_FOUND_ROWS sum(O_TOTALPRICE) as sums,O_CUSTKEY,count(O_ORDERKEY) counts from test1 where O_CUSTKEY between 'CUSTKEY_002' and 'CUSTKEY_050' group by 2 asc having O_CUSTKEY<(select max(c_custkey) from schema2.test2) order by counts asc,2 desc]===
dble:[((Decimal('323456'), 'CUSTKEY_012', 1L), (Decimal('300000'), 'CUSTKEY_003', 2L))]
===file:special_global/select/select_global_old.sql, id:224, sql:[select sum(O_TOTALPRICE) as sums,O_CUSTKEY,count(O_ORDERKEY) counts from test1 where O_CUSTKEY between 'CUSTKEY_003' and 'CUSTKEY_500' group by 2 asc having sums>400 order by count(O_ORDERKEY) asc,2 desc limit 2]===
dble:[((Decimal('88888888'), 'CUSTKEY_333', 1L), (Decimal('500'), 'CUSTKEY_111', 1L))]
===file:special_global/select/select_global_old.sql, id:225, sql:[select ALL HIGH_PRIORITY STRAIGHT_JOIN SQL_SMALL_RESULT SQL_BIG_RESULT SQL_BUFFER_RESULT SQL_CACHE SQL_CALC_FOUND_ROWS sum(O_TOTALPRICE) as sums,O_CUSTKEY,count(O_ORDERKEY) counts from test1 where O_CUSTKEY between 'CUSTKEY_003' and 'CUSTKEY_500' group by 2 asc having sums>400 order by count(O_ORDERKEY) asc,2 desc limit 2]===
dble:[((Decimal('88888888'), 'CUSTKEY_333', 1L), (Decimal('500'), 'CUSTKEY_111', 1L))]
===file:special_global/select/select_global_old.sql, id:226, sql:[select sum(O_TOTALPRICE) as sums,O_CUSTKEY,count(O_ORDERKEY) counts from test1 where O_CUSTKEY between 'CUSTKEY_003' and 'CUSTKEY_500' group by 2 asc having sums>400 order by count(O_ORDERKEY) asc,O_CUSTKEY desc limit 1,3]===
dble:[((Decimal('500'), 'CUSTKEY_111', 1L), (Decimal('323456'), 'CUSTKEY_012', 1L), (Decimal('300000'), 'CUSTKEY_003', 2L))]
===file:special_global/select/select_global_old.sql, id:227, sql:[select ALL HIGH_PRIORITY STRAIGHT_JOIN SQL_SMALL_RESULT SQL_BIG_RESULT SQL_BUFFER_RESULT SQL_CACHE SQL_CALC_FOUND_ROWS sum(O_TOTALPRICE) as sums,O_CUSTKEY,count(O_ORDERKEY) counts from test1 where O_CUSTKEY between 'CUSTKEY_003' and 'CUSTKEY_500' group by 2 asc having sums>400 order by count(O_ORDERKEY) asc,O_CUSTKEY desc limit 1,3]===
dble:[((Decimal('500'), 'CUSTKEY_111', 1L), (Decimal('323456'), 'CUSTKEY_012', 1L), (Decimal('300000'), 'CUSTKEY_003', 2L))]
===file:special_global/select/select_global_old.sql, id:228, sql:[select sum(O_TOTALPRICE) as sums,O_CUSTKEY,count(O_ORDERKEY) counts from test1 where O_CUSTKEY between 'CUSTKEY_003' and 'CUSTKEY_500' group by 2 asc having sums>400 order by count(O_ORDERKEY) asc,O_CUSTKEY desc limit 10 offset 1]===
dble:[((Decimal('500'), 'CUSTKEY_111', 1L), (Decimal('323456'), 'CUSTKEY_012', 1L), (Decimal('300000'), 'CUSTKEY_003', 2L))]
===file:special_global/select/select_global_old.sql, id:229, sql:[select ALL HIGH_PRIORITY STRAIGHT_JOIN SQL_SMALL_RESULT SQL_BIG_RESULT SQL_BUFFER_RESULT SQL_CACHE SQL_CALC_FOUND_ROWS sum(O_TOTALPRICE) as sums,O_CUSTKEY,count(O_ORDERKEY) counts from test1 where O_CUSTKEY between'CUSTKEY_003' and 'CUSTKEY_500' group by 2 asc having sums>400 order by count(O_ORDERKEY) asc,O_CUSTKEY desc limit 10 offset 1]===
dble:[((Decimal('500'), 'CUSTKEY_111', 1L), (Decimal('323456'), 'CUSTKEY_012', 1L), (Decimal('300000'), 'CUSTKEY_003', 2L))]
===file:special_global/select/select_global_old.sql, id:230, sql:[select sum(O_TOTALPRICE) as sums,O_CUSTKEY,count(O_ORDERKEY) counts from test1 where O_CUSTKEY between 'CUSTKEY_002' and 'CUSTKEY_050' group by 2 asc having O_CUSTKEY<(select max(c_custkey) from schema2.test2) order by count(O_ORDERKEY) asc,2 desc limit 10]===
dble:[((Decimal('323456'), 'CUSTKEY_012', 1L), (Decimal('300000'), 'CUSTKEY_003', 2L))]
===file:special_global/select/select_global_old.sql, id:231, sql:[select ALL HIGH_PRIORITY STRAIGHT_JOIN SQL_SMALL_RESULT SQL_BIG_RESULT SQL_BUFFER_RESULT SQL_CACHE SQL_CALC_FOUND_ROWS sum(O_TOTALPRICE) as sums,O_CUSTKEY,count(O_ORDERKEY) counts from test1 where O_CUSTKEY between 'CUSTKEY_002' and 'CUSTKEY_050' group by 2 asc having O_CUSTKEY<(select max(c_custkey) from schema2.test2) order by count(O_ORDERKEY) asc,2 desc limit 10]===
dble:[((Decimal('323456'), 'CUSTKEY_012', 1L), (Decimal('300000'), 'CUSTKEY_003', 2L))]
===file:special_global/select/select_global_old.sql, id:232, sql:[select sum(O_TOTALPRICE) as sums,O_CUSTKEY,count(O_ORDERKEY) counts from test1 where O_CUSTKEY between 'CUSTKEY_002' and 'CUSTKEY_050' group by 2 asc having O_CUSTKEY<(select max(c_custkey) from schema2.test2) order by count(O_ORDERKEY) asc,O_CUSTKEY desc limit 1,10]===
dble:[((Decimal('300000'), 'CUSTKEY_003', 2L),)]
===file:special_global/select/select_global_old.sql, id:233, sql:[select ALL HIGH_PRIORITY STRAIGHT_JOIN SQL_SMALL_RESULT SQL_BIG_RESULT SQL_BUFFER_RESULT SQL_CACHE SQL_CALC_FOUND_ROWS sum(O_TOTALPRICE) as sums,O_CUSTKEY,count(O_ORDERKEY) counts from test1 where O_CUSTKEY between 'CUSTKEY_002' and 'CUSTKEY_050' group by 2 asc having O_CUSTKEY<(select max(c_custkey) from schema2.test2) order by count(O_ORDERKEY) asc,O_CUSTKEY desc limit 1,10]===
dble:[((Decimal('300000'), 'CUSTKEY_003', 2L),)]
===file:special_global/select/select_global_old.sql, id:234, sql:[select sum(O_TOTALPRICE) as sums,O_CUSTKEY,count(O_ORDERKEY) counts from test1 where O_CUSTKEY between 'CUSTKEY_002' and 'CUSTKEY_050' group by 2 asc having O_CUSTKEY<(select max(c_custkey) from schema2.test2) order by count(O_ORDERKEY) asc,O_CUSTKEY desc limit 10 offset 1]===
dble:[((Decimal('300000'), 'CUSTKEY_003', 2L),)]
===file:special_global/select/select_global_old.sql, id:235, sql:[select ALL HIGH_PRIORITY STRAIGHT_JOIN SQL_SMALL_RESULT SQL_BIG_RESULT SQL_BUFFER_RESULT SQL_CACHE SQL_CALC_FOUND_ROWS sum(O_TOTALPRICE) as sums,O_CUSTKEY,count(O_ORDERKEY) counts from test1 where O_CUSTKEY between 'CUSTKEY_002' and 'CUSTKEY_050' group by 2 asc having O_CUSTKEY<(select max(c_custkey) from schema2.test2) order by count(O_ORDERKEY) asc,O_CUSTKEY desc limit 10 offset 1]===
dble:[((Decimal('300000'), 'CUSTKEY_003', 2L),)]
===file:special_global/select/select_global_old.sql, id:236, sql:[select sum(O_TOTALPRICE) as sums,O_CUSTKEY,count(O_ORDERKEY) counts,MYDATE from test1 use index (ORDERS_FK1) where O_CUSTKEY between 'CUSTKEY_002' and 'CUSTKEY_300' group by o_custkey]===
dble:[[(Decimal('100'), 'CUSTKEY_132', 1L, datetime.date(1992, 6, 28)), (Decimal('500'), 'CUSTKEY_111', 1L, datetime.date(2008, 1, 5)), (Decimal('300000'), 'CUSTKEY_003', 2L, datetime.date(2014, 10, 22)), (Decimal('323456'), 'CUSTKEY_012', 1L, datetime.date(1992, 8, 22))]]
===file:special_global/select/select_global_old.sql, id:237, sql:[select sum(O_TOTALPRICE) as sums,O_CUSTKEY,count(O_ORDERKEY) counts from test1 use key (ORDERS_FK1) where O_CUSTKEY between 'CUSTKEY_002' and 'CUSTKEY_800' group by o_custkey]===
dble:[[(Decimal('100'), 'CUSTKEY_132', 1L), (Decimal('231'), 'CUSTKEY_420', 1L), (Decimal('500'), 'CUSTKEY_111', 1L), (Decimal('300000'), 'CUSTKEY_003', 2L), (Decimal('323456'), 'CUSTKEY_012', 1L), (Decimal('88888888'), 'CUSTKEY_333', 1L)]]
===file:special_global/select/select_global_old.sql, id:238, sql:[select sum(O_TOTALPRICE) as sums,O_CUSTKEY,count(O_ORDERKEY) counts from test1 use key (ORDERS_FK1) ignore index (ORDERS_FK1) where O_CUSTKEY between 'CUSTKEY_002' and 'CUSTKEY_800' group by o_custkey]===
dble:[[(Decimal('100'), 'CUSTKEY_132', 1L), (Decimal('231'), 'CUSTKEY_420', 1L), (Decimal('500'), 'CUSTKEY_111', 1L), (Decimal('300000'), 'CUSTKEY_003', 2L), (Decimal('323456'), 'CUSTKEY_012', 1L), (Decimal('88888888'), 'CUSTKEY_333', 1L)]]
===file:special_global/select/select_global_old.sql, id:239, sql:[select sum(O_TOTALPRICE) as sums,O_CUSTKEY,count(O_ORDERKEY) counts from test1 ignore key (ORDERS_FK1) force index (ORDERS_FK1) where O_CUSTKEY between 'CUSTKEY_002' and 'CUSTKEY_300' group by o_custkey]===
dble:[[(Decimal('100'), 'CUSTKEY_132', 1L), (Decimal('500'), 'CUSTKEY_111', 1L), (Decimal('300000'), 'CUSTKEY_003', 2L), (Decimal('323456'), 'CUSTKEY_012', 1L)]]
===file:special_global/select/select_global_old.sql, id:240, sql:[select sum(O_TOTALPRICE) as sums,O_CUSTKEY,count(O_ORDERKEY) counts from test1 ignore key (ORDERS_FK1) force index (ORDERS_FK1) where O_CUSTKEY between 'CUSTKEY_002' and 'CUSTKEY_300' group by o_custkey]===
dble:[[(Decimal('100'), 'CUSTKEY_132', 1L), (Decimal('500'), 'CUSTKEY_111', 1L), (Decimal('300000'), 'CUSTKEY_003', 2L), (Decimal('323456'), 'CUSTKEY_012', 1L)]]
===file:special_global/select/select_global_old.sql, id:241, sql:[select sum(O_TOTALPRICE) as sums,O_CUSTKEY,count(O_ORDERKEY) counts from test1 use index for order by (ORDERS_FK1) ignore index for group by (ORDERS_FK1) where O_CUSTKEY between 1 and 50 group by o_custkey]===
dble:[()]
===file:special_global/select/select_global_old.sql, id:242, sql:[select sum(O_TOTALPRICE) as sums,O_CUSTKEY,count(O_ORDERKEY) counts from test1 as a use index for group by (ORDERS_FK1) ignore index for join (ORDERS_FK1) where O_CUSTKEY between 'CUSTKEY_002' and 'CUSTKEY_300' group by o_custkey]===
dble:[[(Decimal('100'), 'CUSTKEY_132', 1L), (Decimal('500'), 'CUSTKEY_111', 1L), (Decimal('300000'), 'CUSTKEY_003', 2L), (Decimal('323456'), 'CUSTKEY_012', 1L)]]
===file:special_global/select/select_global_old.sql, id:243, sql:[select sum(O_TOTALPRICE) as sums,O_CUSTKEY,count(O_ORDERKEY) counts from test1 a use index for join (ORDERS_FK1) ignore index for join (ORDERS_FK1) where O_CUSTKEY between 'CUSTKEY_002' and 'CUSTKEY_300' group by o_custkey]===
dble:[[(Decimal('100'), 'CUSTKEY_132', 1L), (Decimal('500'), 'CUSTKEY_111', 1L), (Decimal('300000'), 'CUSTKEY_003', 2L), (Decimal('323456'), 'CUSTKEY_012', 1L)]]
===file:special_global/select/select_global_old.sql, id:244, sql:[select a.c_CUSTKEY,a.C_NAME,b.O_ORDERKEY from schema2.test2 as a left join test1 b ignore index for join(ORDERS_FK1) on b.O_CUSTKEY=a.c_CUSTKEY and a.c_CUSTKEY<'CUSTKEY_300']===
dble:[[('CUSTKEY_003', 'chenxiao', 'ORDERKEY_001'), ('CUSTKEY_003', 'chenxiao', 'ORDERKEY_002'), ('CUSTKEY_012', 'marui', 'ORDERKEY_011'), ('CUSTKEY_111', 'wangye', 'ORDERKEY_004'), ('CUSTKEY_132', 'xiaojuan', 'ORDERKEY_005'), ('CUSTKEY_333', 'chenqi', None), ('CUSTKEY_420', 'yanglu', None), ('CUSTKEY_980', 'huachen', None)]]
===file:special_global/select/select_global_old.sql, id:245, sql:[select a.c_CUSTKEY,a.C_NAME,b.O_ORDERKEY from schema2.test2 as a force index for join(primary) left join test1 b ignore index for join(ORDERS_FK1) on b.O_CUSTKEY=a.c_CUSTKEY and a.c_CUSTKEY<'CUSTKEY_300']===
dble:[[('CUSTKEY_003', 'chenxiao', 'ORDERKEY_001'), ('CUSTKEY_003', 'chenxiao', 'ORDERKEY_002'), ('CUSTKEY_012', 'marui', 'ORDERKEY_011'), ('CUSTKEY_111', 'wangye', 'ORDERKEY_004'), ('CUSTKEY_132', 'xiaojuan', 'ORDERKEY_005'), ('CUSTKEY_333', 'chenqi', None), ('CUSTKEY_420', 'yanglu', None), ('CUSTKEY_980', 'huachen', None)]]
===file:special_global/select/select_global_old.sql, id:246, sql:[select UPPER((select C_NAME FROM schema2.test2 limit 1)) FROM schema2.test2 limit 1]===
dble:[[('CHENXIAO',)]]
===file:special_global/select/select_global_old.sql, id:247, sql:[select O_ORDERKEY,O_CUSTKEY from test1 as a where a.O_CUSTKEY=(select min(C_CUSTKEY) from schema2.test2)]===
dble:[[('ORDERKEY_001', 'CUSTKEY_003'), ('ORDERKEY_002', 'CUSTKEY_003')]]
===file:special_global/select/select_global_old.sql, id:248, sql:[select O_ORDERKEY,O_CUSTKEY from test1 as a where a.O_CUSTKEY<=(select min(C_CUSTKEY) from schema2.test2)]===
dble:[[('ORDERKEY_001', 'CUSTKEY_003'), ('ORDERKEY_002', 'CUSTKEY_003')]]
===file:special_global/select/select_global_old.sql, id:249, sql:[select O_ORDERKEY,O_CUSTKEY from test1 as a where a.O_CUSTKEY<=(select min(C_CUSTKEY)+1 from schema2.test2)]===
dble:[[('ORDERKEY_001', 'CUSTKEY_003'), ('ORDERKEY_002', 'CUSTKEY_003'), ('ORDERKEY_004', 'CUSTKEY_111'), ('ORDERKEY_005', 'CUSTKEY_132'), ('ORDERKEY_006', 'CUSTKEY_420'), ('ORDERKEY_007', 'CUSTKEY_980'), ('ORDERKEY_010', 'CUSTKEY_333'), ('ORDERKEY_011', 'CUSTKEY_012')]]
===file:special_global/select/select_global_old.sql, id:252, sql:[select count(*) from test1 as a where a.id <> all(select id from schema2.test2)]===
dble:[[(3L,)]]
===file:special_global/select/select_global_old.sql, id:253, sql:[select count(*) from test1 as a where 56000< all(select id from schema2.test2)]===
dble:[[(0L,)]]
===file:special_global/select/select_global_old.sql, id:263, sql:[drop table if exists test1]===
dble:[[]]
===file:special_global/select/select_global_old.sql, id:264, sql:[drop table if exists schema2.test2]===
dble:[[]]
