===file:select/join_global_no_sharding.sql, id:4, sql:[drop table if exists a_test_no_shard]===
===file:select/join_global_no_sharding.sql, id:5, sql:[drop table if exists test_global]===
===file:select/join_global_no_sharding.sql, id:6, sql:[drop table if exists a_manager]===
===file:select/join_global_no_sharding.sql, id:7, sql:[CREATE TABLE a_test_no_shard(`id` int(10) unsigned NOT NULL,`t_id` int(10) unsigned NOT NULL DEFAULT '0',`name` char(120) NOT NULL DEFAULT '',`pad` int(11) NOT NULL,PRIMARY KEY (`id`),KEY `k_1` (`t_id`))DEFAULT CHARSET=UTF8]===
===file:select/join_global_no_sharding.sql, id:8, sql:[CREATE TABLE test_global(`id` int(10) unsigned NOT NULL,`o_id` int(10) unsigned NOT NULL DEFAULT '0',`name` char(120) NOT NULL DEFAULT '',`pad` int(11) NOT NULL,PRIMARY KEY (`id`),KEY `k_1` (`o_id`))DEFAULT CHARSET=UTF8]===
===file:select/join_global_no_sharding.sql, id:9, sql:[CREATE TABLE a_manager(`id` int(10) unsigned NOT NULL,`m_id` int(10) unsigned NOT NULL DEFAULT '0',`name` char(120) NOT NULL DEFAULT '',`pad` int(11) NOT NULL,PRIMARY KEY (`id`),KEY `k_1` (`m_id`))DEFAULT CHARSET=UTF8]===
===file:select/join_global_no_sharding.sql, id:10, sql:[insert into a_test_no_shard values(1,1,'test中id为1',1),(2,2,'test_2',2),(3,3,'test中id为3',4),(4,4,'$test$4',3),(5,5,'test...5',1),(6,6,'test6',6)]===
===file:select/join_global_no_sharding.sql, id:11, sql:[insert into test_global values(1,1,'order中id为1',1),(2,2,'test_2',2),(3,3,'order中id为3',3),(4,4,'$order$4',4),(5,5,'order...5',1)]===
===file:select/join_global_no_sharding.sql, id:12, sql:[insert into a_manager values(1,1,'manager中id为1',1),(2,2,'test_2',2),(3,3,'manager中id为3',3),(4,4,'$manager$4',4),(5,5,'manager...5',6)]===
===file:select/join_global_no_sharding.sql, id:13, sql:[select * from a_test_no_shard,test_global where a_test_no_shard.pad=test_global.pad]===
===file:select/join_global_no_sharding.sql, id:14, sql:[select * from a_test_no_shard a,test_global b where a.pad=b.pad]===
===file:select/join_global_no_sharding.sql, id:15, sql:[select a.id,b.id,b.pad,a.t_id from a_test_no_shard a,(select * from test_global where pad>3) b where a.t_id=b.o_id]===
===file:select/join_global_no_sharding.sql, id:16, sql:[select a.id,b.id,b.pad,a.t_id from (select id,t_id from a_test_no_shard) a,(select * from test_global) b where a.t_id=b.o_id]===
===file:select/join_global_no_sharding.sql, id:17, sql:[select a.id,b.id,b.pad,a.t_id from (select a_test_no_shard.id,a_test_no_shard.pad,a_test_no_shard.t_id from a_test_no_shard join test_global where a_test_no_shard.pad=test_global.pad ) a,(select a_manager.id,a_manager.pad from a_test_no_shard join a_manager where a_test_no_shard.pad=a_manager.pad) b where a.pad=b.pad]===
===file:select/join_global_no_sharding.sql, id:18, sql:[select a_test_no_shard.id,a_test_no_shard.name,a.name from a_test_no_shard,(select name from test_global) a]===
===file:select/join_global_no_sharding.sql, id:19, sql:[select * from a_test_no_shard inner join test_global order by a_test_no_shard.id,test_global.id]===
===file:select/join_global_no_sharding.sql, id:20, sql:[select * from a_test_no_shard cross join test_global order by a_test_no_shard.id,test_global.id]===
===file:select/join_global_no_sharding.sql, id:21, sql:[select * from a_test_no_shard join test_global order by a_test_no_shard.id,test_global.id]===
===file:select/join_global_no_sharding.sql, id:22, sql:[select a.id,a.name,a.pad,b.name from a_test_no_shard a inner join test_global b order by a.id,b.id]===
===file:select/join_global_no_sharding.sql, id:23, sql:[select a.id,a.name,a.pad,b.name from a_test_no_shard a cross join test_global b order by a.id,b.id]===
===file:select/join_global_no_sharding.sql, id:24, sql:[select a.id,a.name,a.pad,b.name from a_test_no_shard a join test_global b order by a.id,b.id]===
===file:select/join_global_no_sharding.sql, id:25, sql:[select * from a_test_no_shard a inner join (select * from test_global where pad>0) b order by a.id,b.id]===
===file:select/join_global_no_sharding.sql, id:26, sql:[select * from a_test_no_shard a cross join (select * from test_global where pad>0) b order by a.id,b.id]===
===file:select/join_global_no_sharding.sql, id:27, sql:[select * from a_test_no_shard a join (select * from test_global where pad>0) b order by a.id,b.id]===
===file:select/join_global_no_sharding.sql, id:28, sql:[select * from (select * from a_test_no_shard where pad>0) a inner join (select * from test_global where pad>0) b order by a.id,b.id]===
===file:select/join_global_no_sharding.sql, id:29, sql:[select * from (select * from a_test_no_shard where pad>0) a cross join (select * from test_global where pad>0) b order by a.id,b.id]===
===file:select/join_global_no_sharding.sql, id:30, sql:[select * from (select * from a_test_no_shard where pad>0) a join (select * from test_global where pad>0) b order by a.id,b.id]===
===file:select/join_global_no_sharding.sql, id:31, sql:[select * from a_test_no_shard a join (select * from test_global where pad>0) b on a.id<b.id and a.pad=b.pad order by a.id,b.id]===
===file:select/join_global_no_sharding.sql, id:32, sql:[select * from a_test_no_shard a join (select * from test_global where pad>0) b  using(pad) order by a.id,b.id]===
===file:select/join_global_no_sharding.sql, id:33, sql:[select * from a_test_no_shard straight_join test_global order by a_test_no_shard.id,test_global.id]===
===file:select/join_global_no_sharding.sql, id:34, sql:[select a.id,a.name,a.pad,b.name from a_test_no_shard a straight_join test_global b order by a.id,b.id]===
===file:select/join_global_no_sharding.sql, id:35, sql:[select * from a_test_no_shard a straight_join (select * from test_global where pad>0) b order by a.id,b.id]===
===file:select/join_global_no_sharding.sql, id:36, sql:[select * from (select * from a_test_no_shard where pad>0) a straight_join (select * from test_global where pad>0) b order by a.id,b.id]===
===file:select/join_global_no_sharding.sql, id:37, sql:[select * from a_test_no_shard a straight_join (select * from test_global where pad>0) b on a.id<b.id and a.pad=b.pad order by a.id,b.id]===
===file:select/join_global_no_sharding.sql, id:38, sql:[select * from a_test_no_shard left join test_global on a_test_no_shard.pad=test_global.pad order by a_test_no_shard.id,test_global.id]===
===file:select/join_global_no_sharding.sql, id:39, sql:[select * from a_test_no_shard right join test_global on a_test_no_shard.pad=test_global.pad order by a_test_no_shard.id,test_global.id]===
===file:select/join_global_no_sharding.sql, id:40, sql:[select * from a_test_no_shard left outer join test_global on a_test_no_shard.pad=test_global.pad order by a_test_no_shard.id,test_global.id]===
===file:select/join_global_no_sharding.sql, id:41, sql:[select * from a_test_no_shard right outer join test_global on a_test_no_shard.pad=test_global.pad order by a_test_no_shard.id,test_global.id]===
===file:select/join_global_no_sharding.sql, id:42, sql:[select * from a_test_no_shard left join test_global using(pad) order by a_test_no_shard.id,test_global.id]===
===file:select/join_global_no_sharding.sql, id:43, sql:[select * from a_test_no_shard a left join test_global b on a.pad=b.pad order by a.id,b.id]===
===file:select/join_global_no_sharding.sql, id:44, sql:[select * from a_test_no_shard a right join test_global b on a.pad=b.pad order by a.id,b.id]===
===file:select/join_global_no_sharding.sql, id:45, sql:[select * from a_test_no_shard a left outer join test_global b on a.pad=b.pad order by a.id,b.id]===
===file:select/join_global_no_sharding.sql, id:46, sql:[select * from a_test_no_shard a right outer join test_global b on a.pad=b.pad order by a.id,b.id]===
===file:select/join_global_no_sharding.sql, id:47, sql:[select * from a_test_no_shard a left join test_global b using(pad) order by a.id,b.id]===
===file:select/join_global_no_sharding.sql, id:48, sql:[select * from a_test_no_shard a left join (select * from test_global where pad>2) b on a.pad=b.pad order by a.id,b.id]===
===file:select/join_global_no_sharding.sql, id:49, sql:[select * from a_test_no_shard a right join (select * from test_global where pad>2) b on a.pad=b.pad order by a.id,b.id]===
===file:select/join_global_no_sharding.sql, id:50, sql:[select * from a_test_no_shard a left outer join (select * from test_global where pad>2) b on a.pad=b.pad order by a.id,b.id]===
===file:select/join_global_no_sharding.sql, id:51, sql:[select * from a_test_no_shard a right outer join (select * from test_global where pad>2) b on a.pad=b.pad order by a.id,b.id]===
===file:select/join_global_no_sharding.sql, id:52, sql:[select * from a_test_no_shard a left join (select * from test_global where pad>2) b using(pad) order by a.id,b.id]===
===file:select/join_global_no_sharding.sql, id:53, sql:[select * from (select * from a_test_no_shard where pad>1) a left join (select * from test_global where pad>3) b on a.pad=b.pad order by a.id,b.id]===
===file:select/join_global_no_sharding.sql, id:54, sql:[select * from (select * from a_test_no_shard where pad>1) a right join (select * from test_global where pad>3) b on a.pad=b.pad order by a.id,b.id]===
===file:select/join_global_no_sharding.sql, id:55, sql:[select * from (select * from a_test_no_shard where pad>1) a left outer join (select * from test_global where pad>3) b on a.pad=b.pad order by a.id,b.id]===
===file:select/join_global_no_sharding.sql, id:56, sql:[select * from (select * from a_test_no_shard where pad>1) a right outer join (select * from test_global where pad>3) b on a.pad=b.pad order by a.id,b.id]===
===file:select/join_global_no_sharding.sql, id:57, sql:[select * from (select * from a_test_no_shard where pad>1) a left join (select * from test_global where pad>3) b using(pad) order by a.id,b.id]===
===file:select/join_global_no_sharding.sql, id:58, sql:[select * from a_test_no_shard natural left join test_global]===
===file:select/join_global_no_sharding.sql, id:59, sql:[select * from a_test_no_shard natural right join test_global]===
===file:select/join_global_no_sharding.sql, id:60, sql:[select * from a_test_no_shard natural left outer join test_global]===
===file:select/join_global_no_sharding.sql, id:61, sql:[select * from a_test_no_shard natural right outer join test_global]===
===file:select/join_global_no_sharding.sql, id:62, sql:[select * from a_test_no_shard a natural left join test_global b order by a.id,b.id]===
===file:select/join_global_no_sharding.sql, id:63, sql:[select * from a_test_no_shard a natural right join test_global b order by a.id,b.id]===
===file:select/join_global_no_sharding.sql, id:64, sql:[select * from a_test_no_shard a natural left outer join test_global b order by a.id,b.id]===
===file:select/join_global_no_sharding.sql, id:65, sql:[select * from a_test_no_shard a natural right outer join test_global b order by a.id,b.id]===
===file:select/join_global_no_sharding.sql, id:66, sql:[select * from a_test_no_shard a natural left join (select * from test_global where pad>2) b order by a.id,b.id]===
===file:select/join_global_no_sharding.sql, id:67, sql:[select * from a_test_no_shard a natural right join (select * from test_global where pad>2) b order by a.id,b.id]===
===file:select/join_global_no_sharding.sql, id:68, sql:[select * from a_test_no_shard a natural left outer join (select * from test_global where pad>2) b order by a.id,b.id]===
===file:select/join_global_no_sharding.sql, id:69, sql:[select * from a_test_no_shard a natural right outer join (select * from test_global where pad>2) b order by a.id,b.id]===
===file:select/join_global_no_sharding.sql, id:70, sql:[select * from (select * from a_test_no_shard where pad>1) a natural left join (select * from test_global where pad>3) b order by a.id,b.id]===
===file:select/join_global_no_sharding.sql, id:71, sql:[select * from (select * from a_test_no_shard where pad>1) a natural right join (select * from test_global where pad>3) b order by a.id,b.id]===
===file:select/join_global_no_sharding.sql, id:72, sql:[select * from (select * from a_test_no_shard where pad>1) a natural left outer join (select * from test_global where pad>3) b order by a.id,b.id]===
===file:select/join_global_no_sharding.sql, id:73, sql:[select * from (select * from a_test_no_shard where pad>1) a natural right outer join (select * from test_global where pad>3) b order by a.id,b.id]===
===file:select/join_global_no_sharding.sql, id:74, sql:[select * from a_test_no_shard left join test_global on a_test_no_shard.pad=test_global.pad and a_test_no_shard.id>3 order by a_test_no_shard.id,test_global.id]===
===file:select/join_global_no_sharding.sql, id:78, sql:[(select pad from a_test_no_shard) union distinct (select pad from test_global)]===
===file:select/join_global_no_sharding.sql, id:80, sql:[select distinct a.pad from a_test_no_shard a,test_global b where a.pad=b.pad]===
===file:select/join_global_no_sharding.sql, id:81, sql:[select distinct b.pad,a.pad from a_test_no_shard a,(select * from test_global where pad=1) b where a.t_id=b.o_id]===
===file:select/join_global_no_sharding.sql, id:82, sql:[select count(distinct pad,name),avg(distinct t_id) from a_test_no_shard]===
===file:select/join_global_no_sharding.sql, id:83, sql:[select count(distinct id),sum(distinct name) from a_test_no_shard where id=3 or id=7]===
