===file:select/subquery.sql, id:4, sql:[drop table if exists a_test]===
===file:select/subquery.sql, id:5, sql:[drop table if exists a_order]===
===file:select/subquery.sql, id:6, sql:[drop table if exists a_manager]===
===file:select/subquery.sql, id:7, sql:[CREATE TABLE a_test(`id` int(10) unsigned NOT NULL,`t_id` int(10) unsigned NOT NULL DEFAULT '0',`name` char(120) NOT NULL DEFAULT '',`pad` int(11) NOT NULL,PRIMARY KEY (`id`),KEY `k_1` (`t_id`))DEFAULT CHARSET=UTF8]===
===file:select/subquery.sql, id:8, sql:[CREATE TABLE a_order(`id` int(10) unsigned NOT NULL,`o_id` int(10) unsigned NOT NULL DEFAULT '0',`name` char(120) NOT NULL DEFAULT '',`pad` int(11) NOT NULL,PRIMARY KEY (`id`),KEY `k_1` (`o_id`))DEFAULT CHARSET=UTF8]===
===file:select/subquery.sql, id:9, sql:[CREATE TABLE a_manager(`id` int(10) unsigned NOT NULL,`m_id` int(10) unsigned NOT NULL DEFAULT '0',`name` char(120) NOT NULL DEFAULT '',`pad` int(11) NOT NULL,PRIMARY KEY (`id`),KEY `k_1` (`m_id`))DEFAULT CHARSET=UTF8]===
===file:select/subquery.sql, id:10, sql:[insert into a_test values(1,1,'test中id为1',1),(2,2,'test_2',2),(3,3,'test中id为3',4),(4,4,'$test$4',3),(5,5,'test...5',1),(6,6,'test6',6)]===
===file:select/subquery.sql, id:11, sql:[insert into a_order values(1,1,'order中id为1',1),(2,2,'test_2',2),(3,3,'order中id为3',3),(4,4,'$order$4',4),(5,5,'order...5',1)]===
===file:select/subquery.sql, id:12, sql:[insert into a_manager values(1,1,'manager中id为1',1),(2,2,'test_2',2),(3,3,'manager中id为3',3),(4,4,'$manager$4',4),(5,5,'manager...5',6)]===
===file:select/subquery.sql, id:13, sql:[select a.id,b.id,b.pad,a.t_id from a_test a,(select all * from a_order) b where a.t_id=b.o_id;]===
===file:select/subquery.sql, id:14, sql:[select a.id,b.id,b.pad,a.t_id from a_test a,(select distinct * from a_order) b where a.t_id=b.o_id;]===
===file:select/subquery.sql, id:15, sql:[select * from (select * from a_order a group by a.id) a;]===
===file:select/subquery.sql, id:16, sql:[select * from (select pad,count(*) from a_order a group by pad) a;]===
===file:select/subquery.sql, id:17, sql:[select a.id,b.id,b.pad,a.t_id from a_test a,(select * from a_order having pad>3) b where a.t_id=b.o_id;]===
===file:select/subquery.sql, id:18, sql:[select a.id,b.id,b.pad,a.t_id from a_test a,(select * from a_order where pad>3 order by id) b where a.t_id=b.o_id;]===
===file:select/subquery.sql, id:19, sql:[select a.id,b.id,b.pad,a.t_id from a_test a,(select * from a_order order by id limit 3) b where a.t_id=b.o_id;]===
===file:select/subquery.sql, id:20, sql:[select a.id,b.id,b.pad,a.t_id from a_test a,(select * from a_order order by id limit 3) b where a.t_id=b.o_id limit 2;]===
===file:select/subquery.sql, id:21, sql:[select a.id,b.id,b.pad,a.t_id from a_test a,(select * from a_order where pad>3) b where a.t_id=b.o_id;]===
===file:select/subquery.sql, id:22, sql:[select * from (select a_order.pad from a_test left join a_order on a_test.pad=a_order.pad) a;]===
===file:select/subquery.sql, id:23, sql:[select * from (select * from a_test union select * from a_order) a where a.id >3;]===
===file:select/subquery.sql, id:24, sql:[select id,pad from a_test where pad=(select min(id) from a_order);]===
===file:select/subquery.sql, id:25, sql:[select (select name from a_test limit 1);]===
===file:select/subquery.sql, id:26, sql:[select (select name from a_test limit 1),id from a_order ;]===
===file:select/subquery.sql, id:28, sql:[select id,pad,name from (select * from a_test where pad>2) a where id<5;]===
===file:select/subquery.sql, id:29, sql:[select pad,count(*) from (select * from a_test where pad>2) a group by pad;]===
===file:select/subquery.sql, id:30, sql:[select pad,count(*) from (select * from a_test where pad>2) a group by pad order by pad;]===
===file:select/subquery.sql, id:31, sql:[select count(*) from (select pad,count(*) a from a_test group by pad) a;]===
===file:select/subquery.sql, id:32, sql:[select * from a_test where pad<(select pad from a_order where id=3);]===
===file:select/subquery.sql, id:33, sql:[select * from a_test having pad<(select pad from a_order where id=3);]===
===file:select/subquery.sql, id:34, sql:[select a.id,b.id,b.pad,a.t_id from a_test a,(select * from a_order where pad>3) b where a.t_id=b.o_id;]===
===file:select/subquery.sql, id:38, sql:[select a.id,b.id,b.pad,a.t_id from a_test a,(select a_manager.id,a_manager.pad from a_test join a_manager where a_test.pad=a_manager.pad) b,(select * from a_order where id>3) c where a.pad=b.pad and c.pad=b.pad;]===
===file:select/subquery.sql, id:39, sql:[select id,name,(select count(*) from a_order) count from a_test;]===
===file:select/subquery.sql, id:40, sql:[select * from a_test where pad like (select pad from a_order where id=3);]===
===file:select/subquery.sql, id:41, sql:[select id,pad from a_test where pad>(select pad from a_test where id=2);]===
===file:select/subquery.sql, id:42, sql:[select * from a_test where 2 >any(select id from a_test where pad>1);]===
===file:select/subquery.sql, id:43, sql:[select id,pad from a_test where pad<(select pad from a_test where id=2);]===
===file:select/subquery.sql, id:44, sql:[select * from a_test where 'test_2'=(select name from a_order where id=2)]===
===file:select/subquery.sql, id:45, sql:[select * from a_test where 5=(select count(*) from a_order);]===
===file:select/subquery.sql, id:46, sql:[select id,pad from a_test where pad=(select pad from a_test where id=2);]===
===file:select/subquery.sql, id:47, sql:[select id,pad from a_test where pad>=(select pad from a_test where id=2);]===
===file:select/subquery.sql, id:48, sql:[select id,pad from a_test where pad<=(select pad from a_test where id=2);]===
===file:select/subquery.sql, id:49, sql:[select id,pad from a_test where pad<>(select pad from a_test where id=2);]===
===file:select/subquery.sql, id:50, sql:[select id,pad from a_test where pad !=(select pad from a_test where id=2);]===
===file:select/subquery.sql, id:54, sql:[select * from a_test where pad not in(select id from a_test where pad>1);]===
===file:select/subquery.sql, id:55, sql:[select * from a_test where 2 in(select id from a_test where pad>1);]===
===file:select/subquery.sql, id:56, sql:[select * from a_test where pad in(select id from a_test where pad>1);]===
===file:select/subquery.sql, id:59, sql:[select * from a_test where 2<>some(select id from a_test where pad>1);]===
===file:select/subquery.sql, id:62, sql:[select * from a_test where pad>all(select id from a_test where pad<1);]===
===file:select/subquery.sql, id:63, sql:[select * from a_test where 2>all(select id from a_test where pad<1);]===
===file:select/subquery.sql, id:64, sql:[select * from a_test where 'test_2' like(select name from a_order where id=2)]===
===file:select/subquery.sql, id:65, sql:[select * from a_test where name like(select name from a_order where id=2)]===
===file:select/subquery.sql, id:66, sql:[select a.id,b.id,b.pad,a.t_id from (select a_test.id,a_test.pad,a_test.t_id from a_test join a_order where a_test.pad=a_order.pad ) a,(select a_manager.id,a_manager.pad from a_test join a_manager where a_test.pad=a_manager.pad) b where a.pad=b.pad;]===
===file:select/subquery.sql, id:67, sql:[select * from a_test where pad>(select pad from a_test where pad=2);]===
===file:select/subquery.sql, id:68, sql:[select * from a_test,(select * from a_test where id>3 union select * from a_order where id<2) a where a.id >3 and a_test.pad=a.pad;]===
===file:select/subquery.sql, id:69, sql:[select count(*) from (select * from a_test where pad=(select pad from a_order where id=1)) a;]===
===file:select/subquery.sql, id:70, sql:[select co1,co2,co3 from (select id as co1,name as co2,pad as co3 from a_test)as tb where co1>1;]===
===file:select/subquery.sql, id:71, sql:[select avg(sum_column1) from (select sum(id) as sum_column1 from a_test group by pad) as t1;]===
===file:select/subquery.sql, id:81, sql:[drop table if exists test_shard;]===
===file:select/subquery.sql, id:82, sql:[CREATE TABLE test_shard(`id` int(10) unsigned NOT NULL,`k` int(10) unsigned NOT NULL DEFAULT '0',`c` char(120),`pad` int(11) NOT NULL,PRIMARY KEY (`id`),UNIQUE KEY (`k`));]===
===file:select/subquery.sql, id:83, sql:[insert into test_shard values(1,1,'id1',1),(2,2,'id2',2),(3,3,'id3',3),(4,4,'id4',4),(5,5,'id5',1),(6,6,'id6',2),(7,7,'id7',3),(8,8,'$id8$',4),(9,9,'test',3),(10,10,'中',3),(11,11,'i_',4),(12,12,'_g',5),(13,13,'y_u',6),(14,14,'20%',14),(15,15,'a_1',15),(16,16,16,-1),(0,0,0,0),(17,17,'new*\n*line',17),(18,18,'a',18);]===
===file:select/subquery.sql, id:84, sql:[insert into test_shard(id,k,pad) values(19,19,19);]===
===file:select/subquery.sql, id:85, sql:[select pad,count(id) t from test_shard group by pad having t>1;]===
===file:select/subquery.sql, id:86, sql:[select pad,count(id) t from test_shard group by pad order by pad;]===
===file:select/subquery.sql, id:88, sql:[select count(distinct id),pad from test_shard group by pad having pad >0 order by pad;]===
===file:select/subquery.sql, id:89, sql:[select * from test_shard where pad >(select count(id) t from test_shard group by pad having t>3);]===
===file:select/subquery.sql, id:90, sql:[select * from test_shard where pad >(select count(id) t from test_shard group by pad order by pad limit 1);]===
===file:select/subquery.sql, id:91, sql:[select * from test_shard where pad>(select count(id) t from test_shard group by pad having t>3 order by id);]===
===file:select/subquery.sql, id:92, sql:[select * from test_shard where pad>(select count(distinct id)t from test_shard group by pad having t >3 order by pad);]===
===file:select/subquery.sql, id:93, sql:[select * from (select pad,count(id) t from test_shard group by pad having t>1) a where a.pad>3;]===
===file:select/subquery.sql, id:94, sql:[select * from (select pad,count(id) t from test_shard group by pad order by pad)a where a.pad>1;]===
===file:select/subquery.sql, id:95, sql:[select * from (select pad,count(id) t from test_shard group by pad having t>1 order by id)a where a.pad>1;]===
===file:select/subquery.sql, id:96, sql:[select * from (select count(distinct id),pad from test_shard group by pad having pad >0 order by pad)a where a.pad>2;]===
===file:select/subquery.sql, id:97, sql:[select (select count(id) t from test_shard group by pad having t>3) from test_shard;]===
===file:select/subquery.sql, id:98, sql:[select (select count(id) t from test_shard group by pad order by pad limit 1) from test_shard;]===
===file:select/subquery.sql, id:99, sql:[select (select count(id) t from test_shard group by pad having t>3 order by id) from test_shard;]===
===file:select/subquery.sql, id:100, sql:[select (select count(distinct id)t from test_shard group by pad having t >3 order by pad) from test_shard;]===
===file:select/subquery.sql, id:101, sql:[select * from (select pad,count(id) t from a_test group by pad having t>1)a join (select pad,count(id) t from a_order group by pad order by pad)b;]===
===file:select/subquery.sql, id:102, sql:[select * from (select pad,count(id) t from a_test group by pad having t>1)a join (select pad,count(id) t from a_order group by pad order by pad)b where a.t>b.t;]===
===file:select/subquery.sql, id:103, sql:[select a.pad,b.pad,count(*) from (select pad,count(id) t from a_test group by pad having t>1)a join (select pad,count(id) t from a_order group by pad order by pad)b group by b.pad order by a.pad;]===
===file:select/subquery.sql, id:104, sql:[(select pad,count(id) t from a_test group by pad having t>1)union(select pad,count(id) t from a_order group by pad order by pad);]===
===file:select/subquery.sql, id:108, sql:[drop table if exists a_test;]===
===file:select/subquery.sql, id:109, sql:[drop table if exists a_order;]===
===file:select/subquery.sql, id:110, sql:[drop table if exists a_manager;]===
===file:select/subquery.sql, id:111, sql:[CREATE TABLE a_test(`id` int(10) unsigned NOT NULL,`t_id` int(10) unsigned NOT NULL DEFAULT '0',`name` char(120) NOT NULL DEFAULT '',`pad` int(11) NOT NULL,PRIMARY KEY (`id`),KEY `k_1` (`t_id`))]===
===file:select/subquery.sql, id:112, sql:[CREATE TABLE a_order(`id` int(10) unsigned NOT NULL,`o_id` int(10) unsigned NOT NULL DEFAULT '0',`name` char(120) NOT NULL DEFAULT '',`pad` int(11) NOT NULL,PRIMARY KEY (`id`),KEY `k_1` (`o_id`))]===
===file:select/subquery.sql, id:113, sql:[CREATE TABLE a_manager(`id` int(10) unsigned NOT NULL,`m_id` int(10) unsigned NOT NULL DEFAULT '0',`name` char(120) NOT NULL DEFAULT '',`pad` int(11) NOT NULL,PRIMARY KEY (`id`),KEY `k_1` (`m_id`))]===
===file:select/subquery.sql, id:114, sql:[insert into a_test values(1,1,'test中id为1',1),(2,2,'test_2',2),(3,3,'test中id为3',4),(4,4,'$test$4',3),(5,5,'test...5',1),(6,6,'test6',6)]===
===file:select/subquery.sql, id:115, sql:[insert into a_order values(1,1,'order中id为1',1),(2,2,'test_2',2),(3,3,'order中id为3',3),(4,4,'$order$4',4),(5,5,'order...5',1)]===
===file:select/subquery.sql, id:116, sql:[insert into a_manager values(1,1,'manager中id为1',1),(2,2,'test_2',2),(3,3,'manager中id为3',3),(4,4,'$manager$4',4),(5,5,'manager...5',6)]===
===file:select/subquery.sql, id:117, sql:[select (select name from a_test limit 1)]===
===file:select/subquery.sql, id:118, sql:[select * from a_test where 'test_2'=(select name from a_order where id=2)]===
===file:select/subquery.sql, id:119, sql:[select * from a_test where 5=(select count(*) from a_order)]===
===file:select/subquery.sql, id:123, sql:[select * from a_test where 2 in(select id from a_test where pad>1)]===
===file:select/subquery.sql, id:132, sql:[select co1,co2,co3 from (select id as co1,name as co2,pad as co3 from a_test)as tb where co1>1]===
===file:select/subquery.sql, id:133, sql:[select avg(sum_column1) from (select sum(id) as sum_column1 from a_test group by pad) as t1]===
