===file:select/expression_no_sharding.sql, id:44, sql:[select * from test_no_shard where R_NAME=_latin1 b'1000001']===
dble:[None]
mysql:[((18L, 18.0, 'A', 'test018'),)]
[22:56:29.010302]dble err :(1064, 'sql syntax error, no terminated. BITS')
===file:select/expression_no_sharding.sql, id:45, sql:[select * from test_no_shard where R_NAME=_utf8 0b1000001 COLLATE utf8_danish_ci]===
dble:[None]
mysql:[((18L, 18.0, 'A', 'test018'),)]
[22:56:29.060906]dble err :(1064, 'sql syntax error, no terminated. BITS')
===file:select/expression_no_sharding.sql, id:46, sql:[select *,_latin1 b'1000001' from test_no_shard]===
dble:[None]
mysql:[((1L, 1.0, 'a string', 'test001', 'A'), (2L, 2.0, 'a\nstring', 'test002', 'A'), (3L, 3.0, 'another string', 'test003', 'A'), (4L, 4.0, '\xe4\xb8\xad', 'test004', 'A'), (5L, 5.0, "a'string'", 'test005', 'A'), (6L, 6.0, 'a""string""', 'test006', 'A'), (7L, 7.0, 'a\x08string', 'test007', 'A'), (8L, 8.0, 'a\nstring', 'test008', 'A'), (9L, 9.0, 'a\rstring', 'test009', 'A'), (10L, 10.0, 'a\tstring', 'test010', 'A'), (11L, 11.0, 'azstring', 'test011', 'A'), (12L, 12.0, 'a\\string', 'test012', 'A'), (13L, 13.0, 'a\\%string', 'test013', 'A'), (14L, 14.0, 'a\\_string', 'test014', 'A'), (15L, 15.0, 'MySQL', 'test015', 'A'), (16L, 16.0, 'binary', 'test016', 'A'), (17L, 1.23457e+22, '17', '17', 'A'), (18L, 18.0, 'A', 'test018', 'A'), (19L, 19.0, '', 'test019', 'A'), (65L, 16.0, 'binary', 'test016', 'A'))]
[22:56:29.141995]dble err :(1064, 'sql syntax error, no terminated. BITS')
===file:select/expression_no_sharding.sql, id:47, sql:[select * from test_no_shard where R_NAME=B'1000001']===
dble:[None]
mysql:[((18L, 18.0, 'A', 'test018'),)]
[22:56:29.223429]dble err :(1064, 'sql syntax error, no terminated. LITERAL_CHARS')
===file:select/expression_no_sharding.sql, id:73, sql:[select * from test_no_shard where id= (b'01' | B'11')]===
dble:[None]
mysql:[((3L, 3.0, 'another string', 'test003'),)]
[22:56:30.787967]dble err :(1064, 'syntax error, expect RPAREN, actual LITERAL_CHARS pos 52, line 1, column 49, token LITERAL_CHARS 11')
===file:select/expression_no_sharding.sql, id:74, sql:[select *,(b'01' | B'11') from test_no_shard]===
dble:[None]
mysql:[((1L, 1.0, 'a string', 'test001', 3L), (2L, 2.0, 'a\nstring', 'test002', 3L), (3L, 3.0, 'another string', 'test003', 3L), (4L, 4.0, '\xe4\xb8\xad', 'test004', 3L), (5L, 5.0, "a'string'", 'test005', 3L), (6L, 6.0, 'a""string""', 'test006', 3L), (7L, 7.0, 'a\x08string', 'test007', 3L), (8L, 8.0, 'a\nstring', 'test008', 3L), (9L, 9.0, 'a\rstring', 'test009', 3L), (10L, 10.0, 'a\tstring', 'test010', 3L), (11L, 11.0, 'azstring', 'test011', 3L), (12L, 12.0, 'a\\string', 'test012', 3L), (13L, 13.0, 'a\\%string', 'test013', 3L), (14L, 14.0, 'a\\_string', 'test014', 3L), (15L, 15.0, 'MySQL', 'test015', 3L), (16L, 16.0, 'binary', 'test016', 3L), (17L, 1.23457e+22, '17', '17', 3L), (18L, 18.0, 'A', 'test018', 3L), (19L, 19.0, '', 'test019', 3L), (65L, 16.0, 'binary', 'test016', 3L))]
[22:56:30.872060]dble err :(1064, 'syntax error, expect RPAREN, actual LITERAL_CHARS pos 23, line 1, column 20, token LITERAL_CHARS 11')
===file:select/expression_no_sharding.sql, id:75, sql:[select * from test_no_shard where id= (0b01 | B'11')]===
dble:[None]
mysql:[((3L, 3.0, 'another string', 'test003'),)]
[22:56:30.954407]dble err :(1064, 'syntax error, expect RPAREN, actual LITERAL_CHARS pos 51, line 1, column 48, token LITERAL_CHARS 11')
===file:select/expression_no_sharding.sql, id:76, sql:[select *,(0b01 | B'11') from test_no_shard]===
dble:[None]
mysql:[((1L, 1.0, 'a string', 'test001', 3L), (2L, 2.0, 'a\nstring', 'test002', 3L), (3L, 3.0, 'another string', 'test003', 3L), (4L, 4.0, '\xe4\xb8\xad', 'test004', 3L), (5L, 5.0, "a'string'", 'test005', 3L), (6L, 6.0, 'a""string""', 'test006', 3L), (7L, 7.0, 'a\x08string', 'test007', 3L), (8L, 8.0, 'a\nstring', 'test008', 3L), (9L, 9.0, 'a\rstring', 'test009', 3L), (10L, 10.0, 'a\tstring', 'test010', 3L), (11L, 11.0, 'azstring', 'test011', 3L), (12L, 12.0, 'a\\string', 'test012', 3L), (13L, 13.0, 'a\\%string', 'test013', 3L), (14L, 14.0, 'a\\_string', 'test014', 3L), (15L, 15.0, 'MySQL', 'test015', 3L), (16L, 16.0, 'binary', 'test016', 3L), (17L, 1.23457e+22, '17', '17', 3L), (18L, 18.0, 'A', 'test018', 3L), (19L, 19.0, '', 'test019', 3L), (65L, 16.0, 'binary', 'test016', 3L))]
[22:56:31.036828]dble err :(1064, 'syntax error, expect RPAREN, actual LITERAL_CHARS pos 22, line 1, column 19, token LITERAL_CHARS 11')
===file:select/expression_no_sharding.sql, id:77, sql:[select * from test_no_shard where id= (b'01' & B'11')]===
dble:[None]
mysql:[((1L, 1.0, 'a string', 'test001'),)]
[22:56:31.120295]dble err :(1064, 'syntax error, expect RPAREN, actual LITERAL_CHARS pos 52, line 1, column 49, token LITERAL_CHARS 11')
===file:select/expression_no_sharding.sql, id:78, sql:[select *,(b'01' & B'11') from test_no_shard]===
dble:[None]
mysql:[((1L, 1.0, 'a string', 'test001', 1L), (2L, 2.0, 'a\nstring', 'test002', 1L), (3L, 3.0, 'another string', 'test003', 1L), (4L, 4.0, '\xe4\xb8\xad', 'test004', 1L), (5L, 5.0, "a'string'", 'test005', 1L), (6L, 6.0, 'a""string""', 'test006', 1L), (7L, 7.0, 'a\x08string', 'test007', 1L), (8L, 8.0, 'a\nstring', 'test008', 1L), (9L, 9.0, 'a\rstring', 'test009', 1L), (10L, 10.0, 'a\tstring', 'test010', 1L), (11L, 11.0, 'azstring', 'test011', 1L), (12L, 12.0, 'a\\string', 'test012', 1L), (13L, 13.0, 'a\\%string', 'test013', 1L), (14L, 14.0, 'a\\_string', 'test014', 1L), (15L, 15.0, 'MySQL', 'test015', 1L), (16L, 16.0, 'binary', 'test016', 1L), (17L, 1.23457e+22, '17', '17', 1L), (18L, 18.0, 'A', 'test018', 1L), (19L, 19.0, '', 'test019', 1L), (65L, 16.0, 'binary', 'test016', 1L))]
[22:56:31.202476]dble err :(1064, 'syntax error, expect RPAREN, actual LITERAL_CHARS pos 23, line 1, column 20, token LITERAL_CHARS 11')
===file:select/expression_no_sharding.sql, id:79, sql:[select * from test_no_shard where id= (0b01 & B'11')]===
dble:[None]
mysql:[((1L, 1.0, 'a string', 'test001'),)]
[22:56:31.284788]dble err :(1064, 'syntax error, expect RPAREN, actual LITERAL_CHARS pos 51, line 1, column 48, token LITERAL_CHARS 11')
===file:select/expression_no_sharding.sql, id:80, sql:[select *,(0b01 & B'11') from test_no_shard]===
dble:[None]
mysql:[((1L, 1.0, 'a string', 'test001', 1L), (2L, 2.0, 'a\nstring', 'test002', 1L), (3L, 3.0, 'another string', 'test003', 1L), (4L, 4.0, '\xe4\xb8\xad', 'test004', 1L), (5L, 5.0, "a'string'", 'test005', 1L), (6L, 6.0, 'a""string""', 'test006', 1L), (7L, 7.0, 'a\x08string', 'test007', 1L), (8L, 8.0, 'a\nstring', 'test008', 1L), (9L, 9.0, 'a\rstring', 'test009', 1L), (10L, 10.0, 'a\tstring', 'test010', 1L), (11L, 11.0, 'azstring', 'test011', 1L), (12L, 12.0, 'a\\string', 'test012', 1L), (13L, 13.0, 'a\\%string', 'test013', 1L), (14L, 14.0, 'a\\_string', 'test014', 1L), (15L, 15.0, 'MySQL', 'test015', 1L), (16L, 16.0, 'binary', 'test016', 1L), (17L, 1.23457e+22, '17', '17', 1L), (18L, 18.0, 'A', 'test018', 1L), (19L, 19.0, '', 'test019', 1L), (65L, 16.0, 'binary', 'test016', 1L))]
[22:56:31.366314]dble err :(1064, 'syntax error, expect RPAREN, actual LITERAL_CHARS pos 22, line 1, column 19, token LITERAL_CHARS 11')
===file:select/expression_no_sharding.sql, id:81, sql:[select * from test_no_shard where id= (b'01' << B'11')]===
dble:[None]
mysql:[((8L, 8.0, 'a\nstring', 'test008'),)]
[22:56:31.448682]dble err :(1064, 'syntax error, expect RPAREN, actual LITERAL_CHARS pos 53, line 1, column 50, token LITERAL_CHARS 11')
===file:select/expression_no_sharding.sql, id:82, sql:[select *,(b'01' << B'11') from test_no_shard]===
dble:[None]
mysql:[((1L, 1.0, 'a string', 'test001', 8L), (2L, 2.0, 'a\nstring', 'test002', 8L), (3L, 3.0, 'another string', 'test003', 8L), (4L, 4.0, '\xe4\xb8\xad', 'test004', 8L), (5L, 5.0, "a'string'", 'test005', 8L), (6L, 6.0, 'a""string""', 'test006', 8L), (7L, 7.0, 'a\x08string', 'test007', 8L), (8L, 8.0, 'a\nstring', 'test008', 8L), (9L, 9.0, 'a\rstring', 'test009', 8L), (10L, 10.0, 'a\tstring', 'test010', 8L), (11L, 11.0, 'azstring', 'test011', 8L), (12L, 12.0, 'a\\string', 'test012', 8L), (13L, 13.0, 'a\\%string', 'test013', 8L), (14L, 14.0, 'a\\_string', 'test014', 8L), (15L, 15.0, 'MySQL', 'test015', 8L), (16L, 16.0, 'binary', 'test016', 8L), (17L, 1.23457e+22, '17', '17', 8L), (18L, 18.0, 'A', 'test018', 8L), (19L, 19.0, '', 'test019', 8L), (65L, 16.0, 'binary', 'test016', 8L))]
[22:56:31.530161]dble err :(1064, 'syntax error, expect RPAREN, actual LITERAL_CHARS pos 24, line 1, column 21, token LITERAL_CHARS 11')
===file:select/expression_no_sharding.sql, id:83, sql:[select * from test_no_shard where id= (0b01 << B'11')]===
dble:[None]
mysql:[((8L, 8.0, 'a\nstring', 'test008'),)]
[22:56:31.616088]dble err :(1064, 'syntax error, expect RPAREN, actual LITERAL_CHARS pos 52, line 1, column 49, token LITERAL_CHARS 11')
===file:select/expression_no_sharding.sql, id:84, sql:[select *,(0b01 << B'11') from test_no_shard]===
dble:[None]
mysql:[((1L, 1.0, 'a string', 'test001', 8L), (2L, 2.0, 'a\nstring', 'test002', 8L), (3L, 3.0, 'another string', 'test003', 8L), (4L, 4.0, '\xe4\xb8\xad', 'test004', 8L), (5L, 5.0, "a'string'", 'test005', 8L), (6L, 6.0, 'a""string""', 'test006', 8L), (7L, 7.0, 'a\x08string', 'test007', 8L), (8L, 8.0, 'a\nstring', 'test008', 8L), (9L, 9.0, 'a\rstring', 'test009', 8L), (10L, 10.0, 'a\tstring', 'test010', 8L), (11L, 11.0, 'azstring', 'test011', 8L), (12L, 12.0, 'a\\string', 'test012', 8L), (13L, 13.0, 'a\\%string', 'test013', 8L), (14L, 14.0, 'a\\_string', 'test014', 8L), (15L, 15.0, 'MySQL', 'test015', 8L), (16L, 16.0, 'binary', 'test016', 8L), (17L, 1.23457e+22, '17', '17', 8L), (18L, 18.0, 'A', 'test018', 8L), (19L, 19.0, '', 'test019', 8L), (65L, 16.0, 'binary', 'test016', 8L))]
[22:56:31.677336]dble err :(1064, 'syntax error, expect RPAREN, actual LITERAL_CHARS pos 23, line 1, column 20, token LITERAL_CHARS 11')
===file:select/expression_no_sharding.sql, id:85, sql:[select * from test_no_shard where id= (b'01' >> B'11')]===
dble:[None]
mysql:[()]
[22:56:31.731485]dble err :(1064, 'syntax error, expect RPAREN, actual LITERAL_CHARS pos 53, line 1, column 50, token LITERAL_CHARS 11')
===file:select/expression_no_sharding.sql, id:86, sql:[select *,(b'01' >> B'11') from test_no_shard]===
dble:[None]
mysql:[((1L, 1.0, 'a string', 'test001', 0L), (2L, 2.0, 'a\nstring', 'test002', 0L), (3L, 3.0, 'another string', 'test003', 0L), (4L, 4.0, '\xe4\xb8\xad', 'test004', 0L), (5L, 5.0, "a'string'", 'test005', 0L), (6L, 6.0, 'a""string""', 'test006', 0L), (7L, 7.0, 'a\x08string', 'test007', 0L), (8L, 8.0, 'a\nstring', 'test008', 0L), (9L, 9.0, 'a\rstring', 'test009', 0L), (10L, 10.0, 'a\tstring', 'test010', 0L), (11L, 11.0, 'azstring', 'test011', 0L), (12L, 12.0, 'a\\string', 'test012', 0L), (13L, 13.0, 'a\\%string', 'test013', 0L), (14L, 14.0, 'a\\_string', 'test014', 0L), (15L, 15.0, 'MySQL', 'test015', 0L), (16L, 16.0, 'binary', 'test016', 0L), (17L, 1.23457e+22, '17', '17', 0L), (18L, 18.0, 'A', 'test018', 0L), (19L, 19.0, '', 'test019', 0L), (65L, 16.0, 'binary', 'test016', 0L))]
[22:56:31.813177]dble err :(1064, 'syntax error, expect RPAREN, actual LITERAL_CHARS pos 24, line 1, column 21, token LITERAL_CHARS 11')
===file:select/expression_no_sharding.sql, id:87, sql:[select * from test_no_shard where id= (0b01 >> B'11')]===
dble:[None]
mysql:[()]
[22:56:31.895241]dble err :(1064, 'syntax error, expect RPAREN, actual LITERAL_CHARS pos 52, line 1, column 49, token LITERAL_CHARS 11')
===file:select/expression_no_sharding.sql, id:88, sql:[select *,(0b01 >> B'11') from test_no_shard]===
dble:[None]
mysql:[((1L, 1.0, 'a string', 'test001', 0L), (2L, 2.0, 'a\nstring', 'test002', 0L), (3L, 3.0, 'another string', 'test003', 0L), (4L, 4.0, '\xe4\xb8\xad', 'test004', 0L), (5L, 5.0, "a'string'", 'test005', 0L), (6L, 6.0, 'a""string""', 'test006', 0L), (7L, 7.0, 'a\x08string', 'test007', 0L), (8L, 8.0, 'a\nstring', 'test008', 0L), (9L, 9.0, 'a\rstring', 'test009', 0L), (10L, 10.0, 'a\tstring', 'test010', 0L), (11L, 11.0, 'azstring', 'test011', 0L), (12L, 12.0, 'a\\string', 'test012', 0L), (13L, 13.0, 'a\\%string', 'test013', 0L), (14L, 14.0, 'a\\_string', 'test014', 0L), (15L, 15.0, 'MySQL', 'test015', 0L), (16L, 16.0, 'binary', 'test016', 0L), (17L, 1.23457e+22, '17', '17', 0L), (18L, 18.0, 'A', 'test018', 0L), (19L, 19.0, '', 'test019', 0L), (65L, 16.0, 'binary', 'test016', 0L))]
[22:56:31.978070]dble err :(1064, 'syntax error, expect RPAREN, actual LITERAL_CHARS pos 23, line 1, column 20, token LITERAL_CHARS 11')
===file:select/expression_no_sharding.sql, id:89, sql:[select * from test_no_shard where id= (b'01' + B'11')]===
dble:[None]
mysql:[((4L, 4.0, '\xe4\xb8\xad', 'test004'),)]
[22:56:32.061514]dble err :(1064, 'syntax error, expect RPAREN, actual LITERAL_CHARS pos 52, line 1, column 49, token LITERAL_CHARS 11')
===file:select/expression_no_sharding.sql, id:90, sql:[select *,(b'01' + B'11') from test_no_shard]===
dble:[None]
mysql:[((1L, 1.0, 'a string', 'test001', 4L), (2L, 2.0, 'a\nstring', 'test002', 4L), (3L, 3.0, 'another string', 'test003', 4L), (4L, 4.0, '\xe4\xb8\xad', 'test004', 4L), (5L, 5.0, "a'string'", 'test005', 4L), (6L, 6.0, 'a""string""', 'test006', 4L), (7L, 7.0, 'a\x08string', 'test007', 4L), (8L, 8.0, 'a\nstring', 'test008', 4L), (9L, 9.0, 'a\rstring', 'test009', 4L), (10L, 10.0, 'a\tstring', 'test010', 4L), (11L, 11.0, 'azstring', 'test011', 4L), (12L, 12.0, 'a\\string', 'test012', 4L), (13L, 13.0, 'a\\%string', 'test013', 4L), (14L, 14.0, 'a\\_string', 'test014', 4L), (15L, 15.0, 'MySQL', 'test015', 4L), (16L, 16.0, 'binary', 'test016', 4L), (17L, 1.23457e+22, '17', '17', 4L), (18L, 18.0, 'A', 'test018', 4L), (19L, 19.0, '', 'test019', 4L), (65L, 16.0, 'binary', 'test016', 4L))]
[22:56:32.144308]dble err :(1064, 'syntax error, expect RPAREN, actual LITERAL_CHARS pos 23, line 1, column 20, token LITERAL_CHARS 11')
===file:select/expression_no_sharding.sql, id:91, sql:[select * from test_no_shard where id= (0b01 + B'11')]===
dble:[None]
mysql:[((4L, 4.0, '\xe4\xb8\xad', 'test004'),)]
[22:56:32.227517]dble err :(1064, 'syntax error, expect RPAREN, actual LITERAL_CHARS pos 51, line 1, column 48, token LITERAL_CHARS 11')
===file:select/expression_no_sharding.sql, id:92, sql:[select *,(0b01 + B'11') from test_no_shard]===
dble:[None]
mysql:[((1L, 1.0, 'a string', 'test001', 4L), (2L, 2.0, 'a\nstring', 'test002', 4L), (3L, 3.0, 'another string', 'test003', 4L), (4L, 4.0, '\xe4\xb8\xad', 'test004', 4L), (5L, 5.0, "a'string'", 'test005', 4L), (6L, 6.0, 'a""string""', 'test006', 4L), (7L, 7.0, 'a\x08string', 'test007', 4L), (8L, 8.0, 'a\nstring', 'test008', 4L), (9L, 9.0, 'a\rstring', 'test009', 4L), (10L, 10.0, 'a\tstring', 'test010', 4L), (11L, 11.0, 'azstring', 'test011', 4L), (12L, 12.0, 'a\\string', 'test012', 4L), (13L, 13.0, 'a\\%string', 'test013', 4L), (14L, 14.0, 'a\\_string', 'test014', 4L), (15L, 15.0, 'MySQL', 'test015', 4L), (16L, 16.0, 'binary', 'test016', 4L), (17L, 1.23457e+22, '17', '17', 4L), (18L, 18.0, 'A', 'test018', 4L), (19L, 19.0, '', 'test019', 4L), (65L, 16.0, 'binary', 'test016', 4L))]
[22:56:32.278374]dble err :(1064, 'syntax error, expect RPAREN, actual LITERAL_CHARS pos 22, line 1, column 19, token LITERAL_CHARS 11')
===file:select/expression_no_sharding.sql, id:93, sql:[select * from test_no_shard where id= (b'01' - B'11')]===
dble:[None]
mysql:[()]
[22:56:32.360368]dble err :(1064, 'syntax error, expect RPAREN, actual LITERAL_CHARS pos 52, line 1, column 49, token LITERAL_CHARS 11')
===file:select/expression_no_sharding.sql, id:94, sql:[select *,(b'01' - B'11') from test_no_shard]===
dble:[None]
mysql:[((1L, 1.0, 'a string', 'test001', -2L), (2L, 2.0, 'a\nstring', 'test002', -2L), (3L, 3.0, 'another string', 'test003', -2L), (4L, 4.0, '\xe4\xb8\xad', 'test004', -2L), (5L, 5.0, "a'string'", 'test005', -2L), (6L, 6.0, 'a""string""', 'test006', -2L), (7L, 7.0, 'a\x08string', 'test007', -2L), (8L, 8.0, 'a\nstring', 'test008', -2L), (9L, 9.0, 'a\rstring', 'test009', -2L), (10L, 10.0, 'a\tstring', 'test010', -2L), (11L, 11.0, 'azstring', 'test011', -2L), (12L, 12.0, 'a\\string', 'test012', -2L), (13L, 13.0, 'a\\%string', 'test013', -2L), (14L, 14.0, 'a\\_string', 'test014', -2L), (15L, 15.0, 'MySQL', 'test015', -2L), (16L, 16.0, 'binary', 'test016', -2L), (17L, 1.23457e+22, '17', '17', -2L), (18L, 18.0, 'A', 'test018', -2L), (19L, 19.0, '', 'test019', -2L), (65L, 16.0, 'binary', 'test016', -2L))]
[22:56:32.443227]dble err :(1064, 'syntax error, expect RPAREN, actual LITERAL_CHARS pos 23, line 1, column 20, token LITERAL_CHARS 11')
===file:select/expression_no_sharding.sql, id:95, sql:[select * from test_no_shard where id= (0b01 - B'11')]===
dble:[None]
mysql:[()]
[22:56:32.524683]dble err :(1064, 'syntax error, expect RPAREN, actual LITERAL_CHARS pos 51, line 1, column 48, token LITERAL_CHARS 11')
===file:select/expression_no_sharding.sql, id:96, sql:[select *,(0b01 - B'11') from test_no_shard]===
dble:[None]
mysql:[((1L, 1.0, 'a string', 'test001', -2L), (2L, 2.0, 'a\nstring', 'test002', -2L), (3L, 3.0, 'another string', 'test003', -2L), (4L, 4.0, '\xe4\xb8\xad', 'test004', -2L), (5L, 5.0, "a'string'", 'test005', -2L), (6L, 6.0, 'a""string""', 'test006', -2L), (7L, 7.0, 'a\x08string', 'test007', -2L), (8L, 8.0, 'a\nstring', 'test008', -2L), (9L, 9.0, 'a\rstring', 'test009', -2L), (10L, 10.0, 'a\tstring', 'test010', -2L), (11L, 11.0, 'azstring', 'test011', -2L), (12L, 12.0, 'a\\string', 'test012', -2L), (13L, 13.0, 'a\\%string', 'test013', -2L), (14L, 14.0, 'a\\_string', 'test014', -2L), (15L, 15.0, 'MySQL', 'test015', -2L), (16L, 16.0, 'binary', 'test016', -2L), (17L, 1.23457e+22, '17', '17', -2L), (18L, 18.0, 'A', 'test018', -2L), (19L, 19.0, '', 'test019', -2L), (65L, 16.0, 'binary', 'test016', -2L))]
[22:56:32.608205]dble err :(1064, 'syntax error, expect RPAREN, actual LITERAL_CHARS pos 22, line 1, column 19, token LITERAL_CHARS 11')
===file:select/expression_no_sharding.sql, id:97, sql:[select * from test_no_shard where id= (b'01' * B'11')]===
dble:[None]
mysql:[((3L, 3.0, 'another string', 'test003'),)]
[22:56:32.690082]dble err :(1064, 'syntax error, expect RPAREN, actual LITERAL_CHARS pos 52, line 1, column 49, token LITERAL_CHARS 11')
===file:select/expression_no_sharding.sql, id:98, sql:[select *,(b'01' * B'11') from test_no_shard]===
dble:[None]
mysql:[((1L, 1.0, 'a string', 'test001', 3L), (2L, 2.0, 'a\nstring', 'test002', 3L), (3L, 3.0, 'another string', 'test003', 3L), (4L, 4.0, '\xe4\xb8\xad', 'test004', 3L), (5L, 5.0, "a'string'", 'test005', 3L), (6L, 6.0, 'a""string""', 'test006', 3L), (7L, 7.0, 'a\x08string', 'test007', 3L), (8L, 8.0, 'a\nstring', 'test008', 3L), (9L, 9.0, 'a\rstring', 'test009', 3L), (10L, 10.0, 'a\tstring', 'test010', 3L), (11L, 11.0, 'azstring', 'test011', 3L), (12L, 12.0, 'a\\string', 'test012', 3L), (13L, 13.0, 'a\\%string', 'test013', 3L), (14L, 14.0, 'a\\_string', 'test014', 3L), (15L, 15.0, 'MySQL', 'test015', 3L), (16L, 16.0, 'binary', 'test016', 3L), (17L, 1.23457e+22, '17', '17', 3L), (18L, 18.0, 'A', 'test018', 3L), (19L, 19.0, '', 'test019', 3L), (65L, 16.0, 'binary', 'test016', 3L))]
[22:56:32.773767]dble err :(1064, 'syntax error, expect RPAREN, actual LITERAL_CHARS pos 23, line 1, column 20, token LITERAL_CHARS 11')
===file:select/expression_no_sharding.sql, id:99, sql:[select * from test_no_shard where id= (0b01 * B'11')]===
dble:[None]
mysql:[((3L, 3.0, 'another string', 'test003'),)]
[22:56:32.855590]dble err :(1064, 'syntax error, expect RPAREN, actual LITERAL_CHARS pos 51, line 1, column 48, token LITERAL_CHARS 11')
===file:select/expression_no_sharding.sql, id:100, sql:[select *,(0b01 * B'11') from test_no_shard]===
dble:[None]
mysql:[((1L, 1.0, 'a string', 'test001', 3L), (2L, 2.0, 'a\nstring', 'test002', 3L), (3L, 3.0, 'another string', 'test003', 3L), (4L, 4.0, '\xe4\xb8\xad', 'test004', 3L), (5L, 5.0, "a'string'", 'test005', 3L), (6L, 6.0, 'a""string""', 'test006', 3L), (7L, 7.0, 'a\x08string', 'test007', 3L), (8L, 8.0, 'a\nstring', 'test008', 3L), (9L, 9.0, 'a\rstring', 'test009', 3L), (10L, 10.0, 'a\tstring', 'test010', 3L), (11L, 11.0, 'azstring', 'test011', 3L), (12L, 12.0, 'a\\string', 'test012', 3L), (13L, 13.0, 'a\\%string', 'test013', 3L), (14L, 14.0, 'a\\_string', 'test014', 3L), (15L, 15.0, 'MySQL', 'test015', 3L), (16L, 16.0, 'binary', 'test016', 3L), (17L, 1.23457e+22, '17', '17', 3L), (18L, 18.0, 'A', 'test018', 3L), (19L, 19.0, '', 'test019', 3L), (65L, 16.0, 'binary', 'test016', 3L))]
[22:56:32.937841]dble err :(1064, 'syntax error, expect RPAREN, actual LITERAL_CHARS pos 22, line 1, column 19, token LITERAL_CHARS 11')
===file:select/expression_no_sharding.sql, id:101, sql:[select * from test_no_shard where id= (b'01' / B'11')]===
dble:[None]
mysql:[()]
[22:56:33.020340]dble err :(1064, 'syntax error, expect RPAREN, actual LITERAL_CHARS pos 52, line 1, column 49, token LITERAL_CHARS 11')
===file:select/expression_no_sharding.sql, id:102, sql:[select *,(b'01' / B'11') from test_no_shard]===
dble:[None]
mysql:[((1L, 1.0, 'a string', 'test001', Decimal('0.3333')), (2L, 2.0, 'a\nstring', 'test002', Decimal('0.3333')), (3L, 3.0, 'another string', 'test003', Decimal('0.3333')), (4L, 4.0, '\xe4\xb8\xad', 'test004', Decimal('0.3333')), (5L, 5.0, "a'string'", 'test005', Decimal('0.3333')), (6L, 6.0, 'a""string""', 'test006', Decimal('0.3333')), (7L, 7.0, 'a\x08string', 'test007', Decimal('0.3333')), (8L, 8.0, 'a\nstring', 'test008', Decimal('0.3333')), (9L, 9.0, 'a\rstring', 'test009', Decimal('0.3333')), (10L, 10.0, 'a\tstring', 'test010', Decimal('0.3333')), (11L, 11.0, 'azstring', 'test011', Decimal('0.3333')), (12L, 12.0, 'a\\string', 'test012', Decimal('0.3333')), (13L, 13.0, 'a\\%string', 'test013', Decimal('0.3333')), (14L, 14.0, 'a\\_string', 'test014', Decimal('0.3333')), (15L, 15.0, 'MySQL', 'test015', Decimal('0.3333')), (16L, 16.0, 'binary', 'test016', Decimal('0.3333')), (17L, 1.23457e+22, '17', '17', Decimal('0.3333')), (18L, 18.0, 'A', 'test018', Decimal('0.3333')), (19L, 19.0, '', 'test019', Decimal('0.3333')), (65L, 16.0, 'binary', 'test016', Decimal('0.3333')))]
[22:56:33.102562]dble err :(1064, 'syntax error, expect RPAREN, actual LITERAL_CHARS pos 23, line 1, column 20, token LITERAL_CHARS 11')
===file:select/expression_no_sharding.sql, id:103, sql:[select * from test_no_shard where id= (0b01 / B'11')]===
dble:[None]
mysql:[()]
[22:56:33.186342]dble err :(1064, 'syntax error, expect RPAREN, actual LITERAL_CHARS pos 51, line 1, column 48, token LITERAL_CHARS 11')
===file:select/expression_no_sharding.sql, id:104, sql:[select *,(0b01 / B'11') from test_no_shard]===
dble:[None]
mysql:[((1L, 1.0, 'a string', 'test001', Decimal('0.3333')), (2L, 2.0, 'a\nstring', 'test002', Decimal('0.3333')), (3L, 3.0, 'another string', 'test003', Decimal('0.3333')), (4L, 4.0, '\xe4\xb8\xad', 'test004', Decimal('0.3333')), (5L, 5.0, "a'string'", 'test005', Decimal('0.3333')), (6L, 6.0, 'a""string""', 'test006', Decimal('0.3333')), (7L, 7.0, 'a\x08string', 'test007', Decimal('0.3333')), (8L, 8.0, 'a\nstring', 'test008', Decimal('0.3333')), (9L, 9.0, 'a\rstring', 'test009', Decimal('0.3333')), (10L, 10.0, 'a\tstring', 'test010', Decimal('0.3333')), (11L, 11.0, 'azstring', 'test011', Decimal('0.3333')), (12L, 12.0, 'a\\string', 'test012', Decimal('0.3333')), (13L, 13.0, 'a\\%string', 'test013', Decimal('0.3333')), (14L, 14.0, 'a\\_string', 'test014', Decimal('0.3333')), (15L, 15.0, 'MySQL', 'test015', Decimal('0.3333')), (16L, 16.0, 'binary', 'test016', Decimal('0.3333')), (17L, 1.23457e+22, '17', '17', Decimal('0.3333')), (18L, 18.0, 'A', 'test018', Decimal('0.3333')), (19L, 19.0, '', 'test019', Decimal('0.3333')), (65L, 16.0, 'binary', 'test016', Decimal('0.3333')))]
[22:56:33.269305]dble err :(1064, 'syntax error, expect RPAREN, actual LITERAL_CHARS pos 22, line 1, column 19, token LITERAL_CHARS 11')
===file:select/expression_no_sharding.sql, id:105, sql:[select * from test_no_shard where id= (b'01' div B'11')]===
dble:[None]
mysql:[()]
[22:56:33.350258]dble err :(1064, 'syntax error, expect RPAREN, actual LITERAL_CHARS pos 54, line 1, column 51, token LITERAL_CHARS 11')
===file:select/expression_no_sharding.sql, id:106, sql:[select *,(b'01' div B'11') from test_no_shard]===
dble:[None]
mysql:[((1L, 1.0, 'a string', 'test001', 0L), (2L, 2.0, 'a\nstring', 'test002', 0L), (3L, 3.0, 'another string', 'test003', 0L), (4L, 4.0, '\xe4\xb8\xad', 'test004', 0L), (5L, 5.0, "a'string'", 'test005', 0L), (6L, 6.0, 'a""string""', 'test006', 0L), (7L, 7.0, 'a\x08string', 'test007', 0L), (8L, 8.0, 'a\nstring', 'test008', 0L), (9L, 9.0, 'a\rstring', 'test009', 0L), (10L, 10.0, 'a\tstring', 'test010', 0L), (11L, 11.0, 'azstring', 'test011', 0L), (12L, 12.0, 'a\\string', 'test012', 0L), (13L, 13.0, 'a\\%string', 'test013', 0L), (14L, 14.0, 'a\\_string', 'test014', 0L), (15L, 15.0, 'MySQL', 'test015', 0L), (16L, 16.0, 'binary', 'test016', 0L), (17L, 1.23457e+22, '17', '17', 0L), (18L, 18.0, 'A', 'test018', 0L), (19L, 19.0, '', 'test019', 0L), (65L, 16.0, 'binary', 'test016', 0L))]
[22:56:33.432953]dble err :(1064, 'syntax error, expect RPAREN, actual LITERAL_CHARS pos 25, line 1, column 22, token LITERAL_CHARS 11')
===file:select/expression_no_sharding.sql, id:107, sql:[select * from test_no_shard where id= (0b01 div B'11')]===
dble:[None]
mysql:[()]
[22:56:33.515771]dble err :(1064, 'syntax error, expect RPAREN, actual LITERAL_CHARS pos 53, line 1, column 50, token LITERAL_CHARS 11')
===file:select/expression_no_sharding.sql, id:108, sql:[select *,(0b01 div B'11') from test_no_shard]===
dble:[None]
mysql:[((1L, 1.0, 'a string', 'test001', 0L), (2L, 2.0, 'a\nstring', 'test002', 0L), (3L, 3.0, 'another string', 'test003', 0L), (4L, 4.0, '\xe4\xb8\xad', 'test004', 0L), (5L, 5.0, "a'string'", 'test005', 0L), (6L, 6.0, 'a""string""', 'test006', 0L), (7L, 7.0, 'a\x08string', 'test007', 0L), (8L, 8.0, 'a\nstring', 'test008', 0L), (9L, 9.0, 'a\rstring', 'test009', 0L), (10L, 10.0, 'a\tstring', 'test010', 0L), (11L, 11.0, 'azstring', 'test011', 0L), (12L, 12.0, 'a\\string', 'test012', 0L), (13L, 13.0, 'a\\%string', 'test013', 0L), (14L, 14.0, 'a\\_string', 'test014', 0L), (15L, 15.0, 'MySQL', 'test015', 0L), (16L, 16.0, 'binary', 'test016', 0L), (17L, 1.23457e+22, '17', '17', 0L), (18L, 18.0, 'A', 'test018', 0L), (19L, 19.0, '', 'test019', 0L), (65L, 16.0, 'binary', 'test016', 0L))]
[22:56:33.600380]dble err :(1064, 'syntax error, expect RPAREN, actual LITERAL_CHARS pos 24, line 1, column 21, token LITERAL_CHARS 11')
===file:select/expression_no_sharding.sql, id:109, sql:[select * from test_no_shard where id= (b'01' mod B'11')]===
dble:[None]
mysql:[((1L, 1.0, 'a string', 'test001'),)]
[22:56:33.682984]dble err :(1064, 'syntax error, expect RPAREN, actual LITERAL_CHARS pos 54, line 1, column 51, token LITERAL_CHARS 11')
===file:select/expression_no_sharding.sql, id:110, sql:[select *,(b'01' mod B'11') from test_no_shard]===
dble:[None]
mysql:[((1L, 1.0, 'a string', 'test001', 1L), (2L, 2.0, 'a\nstring', 'test002', 1L), (3L, 3.0, 'another string', 'test003', 1L), (4L, 4.0, '\xe4\xb8\xad', 'test004', 1L), (5L, 5.0, "a'string'", 'test005', 1L), (6L, 6.0, 'a""string""', 'test006', 1L), (7L, 7.0, 'a\x08string', 'test007', 1L), (8L, 8.0, 'a\nstring', 'test008', 1L), (9L, 9.0, 'a\rstring', 'test009', 1L), (10L, 10.0, 'a\tstring', 'test010', 1L), (11L, 11.0, 'azstring', 'test011', 1L), (12L, 12.0, 'a\\string', 'test012', 1L), (13L, 13.0, 'a\\%string', 'test013', 1L), (14L, 14.0, 'a\\_string', 'test014', 1L), (15L, 15.0, 'MySQL', 'test015', 1L), (16L, 16.0, 'binary', 'test016', 1L), (17L, 1.23457e+22, '17', '17', 1L), (18L, 18.0, 'A', 'test018', 1L), (19L, 19.0, '', 'test019', 1L), (65L, 16.0, 'binary', 'test016', 1L))]
[22:56:33.764949]dble err :(1064, 'syntax error, expect RPAREN, actual LITERAL_CHARS pos 25, line 1, column 22, token LITERAL_CHARS 11')
===file:select/expression_no_sharding.sql, id:111, sql:[select * from test_no_shard where id= (0b01 mod B'11')]===
dble:[None]
mysql:[((1L, 1.0, 'a string', 'test001'),)]
[22:56:33.846990]dble err :(1064, 'syntax error, expect RPAREN, actual LITERAL_CHARS pos 53, line 1, column 50, token LITERAL_CHARS 11')
===file:select/expression_no_sharding.sql, id:112, sql:[select *,(0b01 mod B'11') from test_no_shard]===
dble:[None]
mysql:[((1L, 1.0, 'a string', 'test001', 1L), (2L, 2.0, 'a\nstring', 'test002', 1L), (3L, 3.0, 'another string', 'test003', 1L), (4L, 4.0, '\xe4\xb8\xad', 'test004', 1L), (5L, 5.0, "a'string'", 'test005', 1L), (6L, 6.0, 'a""string""', 'test006', 1L), (7L, 7.0, 'a\x08string', 'test007', 1L), (8L, 8.0, 'a\nstring', 'test008', 1L), (9L, 9.0, 'a\rstring', 'test009', 1L), (10L, 10.0, 'a\tstring', 'test010', 1L), (11L, 11.0, 'azstring', 'test011', 1L), (12L, 12.0, 'a\\string', 'test012', 1L), (13L, 13.0, 'a\\%string', 'test013', 1L), (14L, 14.0, 'a\\_string', 'test014', 1L), (15L, 15.0, 'MySQL', 'test015', 1L), (16L, 16.0, 'binary', 'test016', 1L), (17L, 1.23457e+22, '17', '17', 1L), (18L, 18.0, 'A', 'test018', 1L), (19L, 19.0, '', 'test019', 1L), (65L, 16.0, 'binary', 'test016', 1L))]
[22:56:33.931004]dble err :(1064, 'syntax error, expect RPAREN, actual LITERAL_CHARS pos 24, line 1, column 21, token LITERAL_CHARS 11')
===file:select/expression_no_sharding.sql, id:113, sql:[select * from test_no_shard where id= (b'01' % B'11')]===
dble:[None]
mysql:[((1L, 1.0, 'a string', 'test001'),)]
[22:56:34.012504]dble err :(1064, 'syntax error, expect RPAREN, actual LITERAL_CHARS pos 52, line 1, column 49, token LITERAL_CHARS 11')
===file:select/expression_no_sharding.sql, id:114, sql:[select *,(b'01' % B'11') from test_no_shard]===
dble:[None]
mysql:[((1L, 1.0, 'a string', 'test001', 1L), (2L, 2.0, 'a\nstring', 'test002', 1L), (3L, 3.0, 'another string', 'test003', 1L), (4L, 4.0, '\xe4\xb8\xad', 'test004', 1L), (5L, 5.0, "a'string'", 'test005', 1L), (6L, 6.0, 'a""string""', 'test006', 1L), (7L, 7.0, 'a\x08string', 'test007', 1L), (8L, 8.0, 'a\nstring', 'test008', 1L), (9L, 9.0, 'a\rstring', 'test009', 1L), (10L, 10.0, 'a\tstring', 'test010', 1L), (11L, 11.0, 'azstring', 'test011', 1L), (12L, 12.0, 'a\\string', 'test012', 1L), (13L, 13.0, 'a\\%string', 'test013', 1L), (14L, 14.0, 'a\\_string', 'test014', 1L), (15L, 15.0, 'MySQL', 'test015', 1L), (16L, 16.0, 'binary', 'test016', 1L), (17L, 1.23457e+22, '17', '17', 1L), (18L, 18.0, 'A', 'test018', 1L), (19L, 19.0, '', 'test019', 1L), (65L, 16.0, 'binary', 'test016', 1L))]
[22:56:34.094614]dble err :(1064, 'syntax error, expect RPAREN, actual LITERAL_CHARS pos 23, line 1, column 20, token LITERAL_CHARS 11')
===file:select/expression_no_sharding.sql, id:115, sql:[select * from test_no_shard where id= (0b01 % B'11')]===
dble:[None]
mysql:[((1L, 1.0, 'a string', 'test001'),)]
[22:56:34.177413]dble err :(1064, 'syntax error, expect RPAREN, actual LITERAL_CHARS pos 51, line 1, column 48, token LITERAL_CHARS 11')
===file:select/expression_no_sharding.sql, id:116, sql:[select *,(0b01 % B'11') from test_no_shard]===
dble:[None]
mysql:[((1L, 1.0, 'a string', 'test001', 1L), (2L, 2.0, 'a\nstring', 'test002', 1L), (3L, 3.0, 'another string', 'test003', 1L), (4L, 4.0, '\xe4\xb8\xad', 'test004', 1L), (5L, 5.0, "a'string'", 'test005', 1L), (6L, 6.0, 'a""string""', 'test006', 1L), (7L, 7.0, 'a\x08string', 'test007', 1L), (8L, 8.0, 'a\nstring', 'test008', 1L), (9L, 9.0, 'a\rstring', 'test009', 1L), (10L, 10.0, 'a\tstring', 'test010', 1L), (11L, 11.0, 'azstring', 'test011', 1L), (12L, 12.0, 'a\\string', 'test012', 1L), (13L, 13.0, 'a\\%string', 'test013', 1L), (14L, 14.0, 'a\\_string', 'test014', 1L), (15L, 15.0, 'MySQL', 'test015', 1L), (16L, 16.0, 'binary', 'test016', 1L), (17L, 1.23457e+22, '17', '17', 1L), (18L, 18.0, 'A', 'test018', 1L), (19L, 19.0, '', 'test019', 1L), (65L, 16.0, 'binary', 'test016', 1L))]
[22:56:34.258823]dble err :(1064, 'syntax error, expect RPAREN, actual LITERAL_CHARS pos 22, line 1, column 19, token LITERAL_CHARS 11')
===file:select/expression_no_sharding.sql, id:117, sql:[select * from test_no_shard where id= (b'01' ^ B'11')]===
dble:[None]
mysql:[((2L, 2.0, 'a\nstring', 'test002'),)]
[22:56:34.341256]dble err :(1064, 'syntax error, expect RPAREN, actual LITERAL_CHARS pos 52, line 1, column 49, token LITERAL_CHARS 11')
===file:select/expression_no_sharding.sql, id:118, sql:[select *,(b'01' ^ B'11') from test_no_shard]===
dble:[None]
mysql:[((1L, 1.0, 'a string', 'test001', 2L), (2L, 2.0, 'a\nstring', 'test002', 2L), (3L, 3.0, 'another string', 'test003', 2L), (4L, 4.0, '\xe4\xb8\xad', 'test004', 2L), (5L, 5.0, "a'string'", 'test005', 2L), (6L, 6.0, 'a""string""', 'test006', 2L), (7L, 7.0, 'a\x08string', 'test007', 2L), (8L, 8.0, 'a\nstring', 'test008', 2L), (9L, 9.0, 'a\rstring', 'test009', 2L), (10L, 10.0, 'a\tstring', 'test010', 2L), (11L, 11.0, 'azstring', 'test011', 2L), (12L, 12.0, 'a\\string', 'test012', 2L), (13L, 13.0, 'a\\%string', 'test013', 2L), (14L, 14.0, 'a\\_string', 'test014', 2L), (15L, 15.0, 'MySQL', 'test015', 2L), (16L, 16.0, 'binary', 'test016', 2L), (17L, 1.23457e+22, '17', '17', 2L), (18L, 18.0, 'A', 'test018', 2L), (19L, 19.0, '', 'test019', 2L), (65L, 16.0, 'binary', 'test016', 2L))]
[22:56:34.422797]dble err :(1064, 'syntax error, expect RPAREN, actual LITERAL_CHARS pos 23, line 1, column 20, token LITERAL_CHARS 11')
===file:select/expression_no_sharding.sql, id:119, sql:[select * from test_no_shard where id= (0b01 ^ B'11')]===
dble:[None]
mysql:[((2L, 2.0, 'a\nstring', 'test002'),)]
[22:56:34.508027]dble err :(1064, 'syntax error, expect RPAREN, actual LITERAL_CHARS pos 51, line 1, column 48, token LITERAL_CHARS 11')
===file:select/expression_no_sharding.sql, id:120, sql:[select *,(0b01 ^ B'11') from test_no_shard]===
dble:[None]
mysql:[((1L, 1.0, 'a string', 'test001', 2L), (2L, 2.0, 'a\nstring', 'test002', 2L), (3L, 3.0, 'another string', 'test003', 2L), (4L, 4.0, '\xe4\xb8\xad', 'test004', 2L), (5L, 5.0, "a'string'", 'test005', 2L), (6L, 6.0, 'a""string""', 'test006', 2L), (7L, 7.0, 'a\x08string', 'test007', 2L), (8L, 8.0, 'a\nstring', 'test008', 2L), (9L, 9.0, 'a\rstring', 'test009', 2L), (10L, 10.0, 'a\tstring', 'test010', 2L), (11L, 11.0, 'azstring', 'test011', 2L), (12L, 12.0, 'a\\string', 'test012', 2L), (13L, 13.0, 'a\\%string', 'test013', 2L), (14L, 14.0, 'a\\_string', 'test014', 2L), (15L, 15.0, 'MySQL', 'test015', 2L), (16L, 16.0, 'binary', 'test016', 2L), (17L, 1.23457e+22, '17', '17', 2L), (18L, 18.0, 'A', 'test018', 2L), (19L, 19.0, '', 'test019', 2L), (65L, 16.0, 'binary', 'test016', 2L))]
[22:56:34.589865]dble err :(1064, 'syntax error, expect RPAREN, actual LITERAL_CHARS pos 22, line 1, column 19, token LITERAL_CHARS 11')
