===file:select/reference_global_noshard.sql, id:14, sql:[select id,t_id,name,pad from test_global t use index()]===
dble:[None]
mysql:[((1L, 1L, 'test\xe4\xb8\xadid\xe4\xb8\xba1', 1L), (2L, 2L, 'test_2', 2L), (3L, 3L, 'test\xe4\xb8\xadid\xe4\xb8\xba3', 4L), (4L, 4L, '$test$4', 3L), (5L, 5L, 'test...5', 1L), (6L, 6L, 'test6', 6L))]
[01:51:20.484794]dble err :(1064, 'error RPAREN index')
===file:select/reference_global_noshard.sql, id:15, sql:[select id,t_id,name,pad from test_global t use key()]===
dble:[None]
mysql:[((1L, 1L, 'test\xe4\xb8\xadid\xe4\xb8\xba1', 1L), (2L, 2L, 'test_2', 2L), (3L, 3L, 'test\xe4\xb8\xadid\xe4\xb8\xba3', 4L), (4L, 4L, '$test$4', 3L), (5L, 5L, 'test...5', 1L), (6L, 6L, 'test6', 6L))]
[01:51:20.596424]dble err :(1064, 'error RPAREN key')
===file:select/reference_global_noshard.sql, id:37, sql:[select id,t_id,name,pad from test_global t use key(k_1) use index(pad_index) use index()]===
dble:[None]
mysql:[((1L, 1L, 'test\xe4\xb8\xadid\xe4\xb8\xba1', 1L), (2L, 2L, 'test_2', 2L), (3L, 3L, 'test\xe4\xb8\xadid\xe4\xb8\xba3', 4L), (4L, 4L, '$test$4', 3L), (5L, 5L, 'test...5', 1L), (6L, 6L, 'test6', 6L))]
[01:51:22.988615]dble err :(1064, 'sql syntax error, no terminated. USE')
===file:select/reference_global_noshard.sql, id:38, sql:[select id,t_id,name,pad from test_global t ignore key(k_1) use index(pad_index) use index()]===
dble:[None]
mysql:[((1L, 1L, 'test\xe4\xb8\xadid\xe4\xb8\xba1', 1L), (2L, 2L, 'test_2', 2L), (3L, 3L, 'test\xe4\xb8\xadid\xe4\xb8\xba3', 4L), (4L, 4L, '$test$4', 3L), (5L, 5L, 'test...5', 1L), (6L, 6L, 'test6', 6L))]
[01:51:23.105073]dble err :(1064, 'sql syntax error, no terminated. USE')
===file:select/reference_global_noshard.sql, id:39, sql:[select id,t_id,name,pad from test_global t ignore key(k_1) ignore index(pad_index) use index()]===
dble:[None]
mysql:[((1L, 1L, 'test\xe4\xb8\xadid\xe4\xb8\xba1', 1L), (2L, 2L, 'test_2', 2L), (3L, 3L, 'test\xe4\xb8\xadid\xe4\xb8\xba3', 4L), (4L, 4L, '$test$4', 3L), (5L, 5L, 'test...5', 1L), (6L, 6L, 'test6', 6L))]
[01:51:23.212497]dble err :(1064, 'sql syntax error, no terminated. IDENTIFIER')
