===file:select/reference.sql, id:14, sql:[select * from aly_test t use index()]===
dble:[None]
mysql:[((1L, 1L, 'test\xe4\xb8\xadid\xe4\xb8\xba1', 1L), (2L, 2L, 'test_2', 2L), (3L, 3L, 'test\xe4\xb8\xadid\xe4\xb8\xba3', 4L), (4L, 4L, '$test$4', 3L), (5L, 5L, 'test...5', 1L), (6L, 6L, 'test6', 6L))]
[01:51:09.037920]dble err :(1064, 'error RPAREN index')
===file:select/reference.sql, id:15, sql:[select * from aly_test t use key()]===
dble:[None]
mysql:[((1L, 1L, 'test\xe4\xb8\xadid\xe4\xb8\xba1', 1L), (2L, 2L, 'test_2', 2L), (3L, 3L, 'test\xe4\xb8\xadid\xe4\xb8\xba3', 4L), (4L, 4L, '$test$4', 3L), (5L, 5L, 'test...5', 1L), (6L, 6L, 'test6', 6L))]
[01:51:09.149176]dble err :(1064, 'error RPAREN key')
===file:select/reference.sql, id:38, sql:[select * from aly_test t use key(k_1) use index(pad_index) use index()]===
dble:[None]
mysql:[((1L, 1L, 'test\xe4\xb8\xadid\xe4\xb8\xba1', 1L), (2L, 2L, 'test_2', 2L), (3L, 3L, 'test\xe4\xb8\xadid\xe4\xb8\xba3', 4L), (4L, 4L, '$test$4', 3L), (5L, 5L, 'test...5', 1L), (6L, 6L, 'test6', 6L))]
[01:51:11.398559]dble err :(1064, 'sql syntax error, no terminated. USE')
===file:select/reference.sql, id:39, sql:[select * from aly_test t ignore key(k_1) use index(pad_index) use index()]===
dble:[None]
mysql:[((1L, 1L, 'test\xe4\xb8\xadid\xe4\xb8\xba1', 1L), (2L, 2L, 'test_2', 2L), (3L, 3L, 'test\xe4\xb8\xadid\xe4\xb8\xba3', 4L), (4L, 4L, '$test$4', 3L), (5L, 5L, 'test...5', 1L), (6L, 6L, 'test6', 6L))]
[01:51:11.507694]dble err :(1064, 'sql syntax error, no terminated. USE')
===file:select/reference.sql, id:40, sql:[select * from aly_test t ignore key(k_1) ignore index(pad_index) use index()]===
dble:[None]
mysql:[((1L, 1L, 'test\xe4\xb8\xadid\xe4\xb8\xba1', 1L), (2L, 2L, 'test_2', 2L), (3L, 3L, 'test\xe4\xb8\xadid\xe4\xb8\xba3', 4L), (4L, 4L, '$test$4', 3L), (5L, 5L, 'test...5', 1L), (6L, 6L, 'test6', 6L))]
[01:51:11.615242]dble err :(1064, 'sql syntax error, no terminated. IDENTIFIER')
