===file:select/reference_no_er.sql, id:4, sql:[drop table if exists aly_test]===
dble:[[]]
===file:select/reference_no_er.sql, id:5, sql:[drop table if exists a_two]===
dble:[[]]
===file:select/reference_no_er.sql, id:6, sql:[drop table if exists a_three]===
dble:[[]]
===file:select/reference_no_er.sql, id:7, sql:[CREATE TABLE aly_test(`id` int(10) unsigned NOT NULL,`t_id` int(10) unsigned NOT NULL DEFAULT '0',`name` char(120) NOT NULL DEFAULT '',`pad` int(11) NOT NULL,PRIMARY KEY (`id`),KEY `k_1` (`t_id`))DEFAULT CHARSET=UTF8]===
dble:[[]]
===file:select/reference_no_er.sql, id:8, sql:[CREATE TABLE a_two(`id` int(10) unsigned NOT NULL,`o_id` int(10) unsigned NOT NULL DEFAULT '0',`name` char(120) NOT NULL DEFAULT '',`pad` int(11) NOT NULL,PRIMARY KEY (`id`),KEY `k_1` (`o_id`))DEFAULT CHARSET=UTF8]===
dble:[[]]
===file:select/reference_no_er.sql, id:9, sql:[CREATE TABLE a_three(`id` int(10) unsigned NOT NULL,`m_id` int(10) unsigned NOT NULL DEFAULT '0',`name` char(120) NOT NULL DEFAULT '',`pad` int(11) NOT NULL,PRIMARY KEY (`id`),KEY `k_1` (`m_id`))DEFAULT CHARSET=UTF8]===
dble:[[]]
===file:select/reference_no_er.sql, id:10, sql:[insert into aly_test values(1,1,'test中id为1',1),(2,2,'test_2',2),(3,3,'test中id为3',4),(4,4,'$test$4',3),(5,5,'test...5',1),(6,6,'test6',6)]===
dble:[[]]
===file:select/reference_no_er.sql, id:11, sql:[insert into a_two values(1,1,'order中id为1',1),(2,2,'test_2',2),(3,3,'order中id为3',3),(4,4,'$order$4',4),(5,5,'order...5',1)]===
dble:[[]]
===file:select/reference_no_er.sql, id:12, sql:[insert into a_three values(1,1,'manager中id为1',1),(2,2,'test_2',2),(3,3,'manager中id为3',3),(4,4,'$manager$4',4),(5,5,'manager...5',6)]===
dble:[[]]
===file:select/reference_no_er.sql, id:13, sql:[create index pad_index on aly_test(pad)]===
dble:[[]]
===file:select/reference_no_er.sql, id:16, sql:[select * from aly_test use index(k_1)]===
dble:[[(1L, 1L, 'test\xe4\xb8\xadid\xe4\xb8\xba1', 1L), (2L, 2L, 'test_2', 2L), (3L, 3L, 'test\xe4\xb8\xadid\xe4\xb8\xba3', 4L), (4L, 4L, '$test$4', 3L), (5L, 5L, 'test...5', 1L), (6L, 6L, 'test6', 6L)]]
===file:select/reference_no_er.sql, id:17, sql:[select * from aly_test ignore index(k_1)]===
dble:[[(1L, 1L, 'test\xe4\xb8\xadid\xe4\xb8\xba1', 1L), (2L, 2L, 'test_2', 2L), (3L, 3L, 'test\xe4\xb8\xadid\xe4\xb8\xba3', 4L), (4L, 4L, '$test$4', 3L), (5L, 5L, 'test...5', 1L), (6L, 6L, 'test6', 6L)]]
===file:select/reference_no_er.sql, id:18, sql:[select * from aly_test force index(k_1)]===
dble:[[(1L, 1L, 'test\xe4\xb8\xadid\xe4\xb8\xba1', 1L), (2L, 2L, 'test_2', 2L), (3L, 3L, 'test\xe4\xb8\xadid\xe4\xb8\xba3', 4L), (4L, 4L, '$test$4', 3L), (5L, 5L, 'test...5', 1L), (6L, 6L, 'test6', 6L)]]
===file:select/reference_no_er.sql, id:19, sql:[select * from aly_test use index(pad_index,k_1)]===
dble:[[(1L, 1L, 'test\xe4\xb8\xadid\xe4\xb8\xba1', 1L), (2L, 2L, 'test_2', 2L), (3L, 3L, 'test\xe4\xb8\xadid\xe4\xb8\xba3', 4L), (4L, 4L, '$test$4', 3L), (5L, 5L, 'test...5', 1L), (6L, 6L, 'test6', 6L)]]
===file:select/reference_no_er.sql, id:20, sql:[select * from aly_test ignore index(pad_index,k_1)]===
dble:[[(1L, 1L, 'test\xe4\xb8\xadid\xe4\xb8\xba1', 1L), (2L, 2L, 'test_2', 2L), (3L, 3L, 'test\xe4\xb8\xadid\xe4\xb8\xba3', 4L), (4L, 4L, '$test$4', 3L), (5L, 5L, 'test...5', 1L), (6L, 6L, 'test6', 6L)]]
===file:select/reference_no_er.sql, id:21, sql:[select * from aly_test force index(pad_index,k_1)]===
dble:[[(1L, 1L, 'test\xe4\xb8\xadid\xe4\xb8\xba1', 1L), (2L, 2L, 'test_2', 2L), (3L, 3L, 'test\xe4\xb8\xadid\xe4\xb8\xba3', 4L), (4L, 4L, '$test$4', 3L), (5L, 5L, 'test...5', 1L), (6L, 6L, 'test6', 6L)]]
===file:select/reference_no_er.sql, id:22, sql:[select * from aly_test use key for join(k_1)]===
dble:[[(1L, 1L, 'test\xe4\xb8\xadid\xe4\xb8\xba1', 1L), (2L, 2L, 'test_2', 2L), (3L, 3L, 'test\xe4\xb8\xadid\xe4\xb8\xba3', 4L), (4L, 4L, '$test$4', 3L), (5L, 5L, 'test...5', 1L), (6L, 6L, 'test6', 6L)]]
===file:select/reference_no_er.sql, id:23, sql:[select * from aly_test ignore key for join(k_1)]===
dble:[[(1L, 1L, 'test\xe4\xb8\xadid\xe4\xb8\xba1', 1L), (2L, 2L, 'test_2', 2L), (3L, 3L, 'test\xe4\xb8\xadid\xe4\xb8\xba3', 4L), (4L, 4L, '$test$4', 3L), (5L, 5L, 'test...5', 1L), (6L, 6L, 'test6', 6L)]]
===file:select/reference_no_er.sql, id:24, sql:[select * from aly_test force key for join(k_1)]===
dble:[[(1L, 1L, 'test\xe4\xb8\xadid\xe4\xb8\xba1', 1L), (2L, 2L, 'test_2', 2L), (3L, 3L, 'test\xe4\xb8\xadid\xe4\xb8\xba3', 4L), (4L, 4L, '$test$4', 3L), (5L, 5L, 'test...5', 1L), (6L, 6L, 'test6', 6L)]]
===file:select/reference_no_er.sql, id:28, sql:[select count(*) from aly_test use key for group by(k_1)]===
dble:[[(6L,)]]
===file:select/reference_no_er.sql, id:29, sql:[select count(*) from aly_test ignore key  for group by(k_1)]===
dble:[[(6L,)]]
===file:select/reference_no_er.sql, id:30, sql:[select count(*) from aly_test force key for group by(k_1)]===
dble:[[(6L,)]]
===file:select/reference_no_er.sql, id:31, sql:[select * from aly_test use index for join(pad_index,k_1)]===
dble:[[(1L, 1L, 'test\xe4\xb8\xadid\xe4\xb8\xba1', 1L), (2L, 2L, 'test_2', 2L), (3L, 3L, 'test\xe4\xb8\xadid\xe4\xb8\xba3', 4L), (4L, 4L, '$test$4', 3L), (5L, 5L, 'test...5', 1L), (6L, 6L, 'test6', 6L)]]
===file:select/reference_no_er.sql, id:32, sql:[select * from aly_test ignore index for join(pad_index,k_1)]===
dble:[[(1L, 1L, 'test\xe4\xb8\xadid\xe4\xb8\xba1', 1L), (2L, 2L, 'test_2', 2L), (3L, 3L, 'test\xe4\xb8\xadid\xe4\xb8\xba3', 4L), (4L, 4L, '$test$4', 3L), (5L, 5L, 'test...5', 1L), (6L, 6L, 'test6', 6L)]]
===file:select/reference_no_er.sql, id:33, sql:[select * from aly_test force index for join(pad_index,k_1)]===
dble:[[(1L, 1L, 'test\xe4\xb8\xadid\xe4\xb8\xba1', 1L), (2L, 2L, 'test_2', 2L), (3L, 3L, 'test\xe4\xb8\xadid\xe4\xb8\xba3', 4L), (4L, 4L, '$test$4', 3L), (5L, 5L, 'test...5', 1L), (6L, 6L, 'test6', 6L)]]
===file:select/reference_no_er.sql, id:34, sql:[select * from aly_test use key(k_1)]===
dble:[[(1L, 1L, 'test\xe4\xb8\xadid\xe4\xb8\xba1', 1L), (2L, 2L, 'test_2', 2L), (3L, 3L, 'test\xe4\xb8\xadid\xe4\xb8\xba3', 4L), (4L, 4L, '$test$4', 3L), (5L, 5L, 'test...5', 1L), (6L, 6L, 'test6', 6L)]]
===file:select/reference_no_er.sql, id:35, sql:[select * from aly_test ignore key(k_1)]===
dble:[[(1L, 1L, 'test\xe4\xb8\xadid\xe4\xb8\xba1', 1L), (2L, 2L, 'test_2', 2L), (3L, 3L, 'test\xe4\xb8\xadid\xe4\xb8\xba3', 4L), (4L, 4L, '$test$4', 3L), (5L, 5L, 'test...5', 1L), (6L, 6L, 'test6', 6L)]]
===file:select/reference_no_er.sql, id:36, sql:[select * from aly_test force key(k_1)]===
dble:[[(1L, 1L, 'test\xe4\xb8\xadid\xe4\xb8\xba1', 1L), (2L, 2L, 'test_2', 2L), (3L, 3L, 'test\xe4\xb8\xadid\xe4\xb8\xba3', 4L), (4L, 4L, '$test$4', 3L), (5L, 5L, 'test...5', 1L), (6L, 6L, 'test6', 6L)]]
===file:select/reference_no_er.sql, id:41, sql:[select * from aly_test t ignore key(k_1) force index(pad_index)]===
dble:[[(1L, 1L, 'test\xe4\xb8\xadid\xe4\xb8\xba1', 1L), (2L, 2L, 'test_2', 2L), (3L, 3L, 'test\xe4\xb8\xadid\xe4\xb8\xba3', 4L), (4L, 4L, '$test$4', 3L), (5L, 5L, 'test...5', 1L), (6L, 6L, 'test6', 6L)]]
===file:select/reference_no_er.sql, id:42, sql:[select id,pad,name from (select * from aly_test where pad>2) as a]===
dble:[[(3L, 4L, 'test\xe4\xb8\xadid\xe4\xb8\xba3'), (4L, 3L, '$test$4'), (6L, 6L, 'test6')]]
===file:select/reference_no_er.sql, id:43, sql:[select * from aly_test a,a_two b]===
dble:[[(1L, 1L, 'test\xe4\xb8\xadid\xe4\xb8\xba1', 1L, 1L, 1L, 'order\xe4\xb8\xadid\xe4\xb8\xba1', 1L), (1L, 1L, 'test\xe4\xb8\xadid\xe4\xb8\xba1', 1L, 2L, 2L, 'test_2', 2L), (1L, 1L, 'test\xe4\xb8\xadid\xe4\xb8\xba1', 1L, 3L, 3L, 'order\xe4\xb8\xadid\xe4\xb8\xba3', 3L), (1L, 1L, 'test\xe4\xb8\xadid\xe4\xb8\xba1', 1L, 4L, 4L, '$order$4', 4L), (1L, 1L, 'test\xe4\xb8\xadid\xe4\xb8\xba1', 1L, 5L, 5L, 'order...5', 1L), (2L, 2L, 'test_2', 2L, 1L, 1L, 'order\xe4\xb8\xadid\xe4\xb8\xba1', 1L), (2L, 2L, 'test_2', 2L, 2L, 2L, 'test_2', 2L), (2L, 2L, 'test_2', 2L, 3L, 3L, 'order\xe4\xb8\xadid\xe4\xb8\xba3', 3L), (2L, 2L, 'test_2', 2L, 4L, 4L, '$order$4', 4L), (2L, 2L, 'test_2', 2L, 5L, 5L, 'order...5', 1L), (3L, 3L, 'test\xe4\xb8\xadid\xe4\xb8\xba3', 4L, 1L, 1L, 'order\xe4\xb8\xadid\xe4\xb8\xba1', 1L), (3L, 3L, 'test\xe4\xb8\xadid\xe4\xb8\xba3', 4L, 2L, 2L, 'test_2', 2L), (3L, 3L, 'test\xe4\xb8\xadid\xe4\xb8\xba3', 4L, 3L, 3L, 'order\xe4\xb8\xadid\xe4\xb8\xba3', 3L), (3L, 3L, 'test\xe4\xb8\xadid\xe4\xb8\xba3', 4L, 4L, 4L, '$order$4', 4L), (3L, 3L, 'test\xe4\xb8\xadid\xe4\xb8\xba3', 4L, 5L, 5L, 'order...5', 1L), (4L, 4L, '$test$4', 3L, 1L, 1L, 'order\xe4\xb8\xadid\xe4\xb8\xba1', 1L), (4L, 4L, '$test$4', 3L, 2L, 2L, 'test_2', 2L), (4L, 4L, '$test$4', 3L, 3L, 3L, 'order\xe4\xb8\xadid\xe4\xb8\xba3', 3L), (4L, 4L, '$test$4', 3L, 4L, 4L, '$order$4', 4L), (4L, 4L, '$test$4', 3L, 5L, 5L, 'order...5', 1L), (5L, 5L, 'test...5', 1L, 1L, 1L, 'order\xe4\xb8\xadid\xe4\xb8\xba1', 1L), (5L, 5L, 'test...5', 1L, 2L, 2L, 'test_2', 2L), (5L, 5L, 'test...5', 1L, 3L, 3L, 'order\xe4\xb8\xadid\xe4\xb8\xba3', 3L), (5L, 5L, 'test...5', 1L, 4L, 4L, '$order$4', 4L), (5L, 5L, 'test...5', 1L, 5L, 5L, 'order...5', 1L), (6L, 6L, 'test6', 6L, 1L, 1L, 'order\xe4\xb8\xadid\xe4\xb8\xba1', 1L), (6L, 6L, 'test6', 6L, 2L, 2L, 'test_2', 2L), (6L, 6L, 'test6', 6L, 3L, 3L, 'order\xe4\xb8\xadid\xe4\xb8\xba3', 3L), (6L, 6L, 'test6', 6L, 4L, 4L, '$order$4', 4L), (6L, 6L, 'test6', 6L, 5L, 5L, 'order...5', 1L)]]
===file:select/reference_no_er.sql, id:44, sql:[select * from (select * from aly_test where id<3) a,(select * from a_two where id>3) b]===
dble:[[(1L, 1L, 'test\xe4\xb8\xadid\xe4\xb8\xba1', 1L, 4L, 4L, '$order$4', 4L), (1L, 1L, 'test\xe4\xb8\xadid\xe4\xb8\xba1', 1L, 5L, 5L, 'order...5', 1L), (2L, 2L, 'test_2', 2L, 4L, 4L, '$order$4', 4L), (2L, 2L, 'test_2', 2L, 5L, 5L, 'order...5', 1L)]]
===file:select/reference_no_er.sql, id:45, sql:[select a.id,b.id,b.pad,a.t_id from aly_test a,(select a_three.id,a_three.pad from aly_test join a_three where aly_test.pad=a_three.pad) b,(select * from a_two where id>3) c where a.pad=b.pad and c.pad=b.pad]===
dble:[[(1L, 1L, 1L, 1L), (1L, 1L, 1L, 1L), (3L, 4L, 4L, 3L), (5L, 1L, 1L, 5L), (5L, 1L, 1L, 5L)]]
===file:select/reference_no_er.sql, id:49, sql:[select * from aly_test a join a_two as b order by a.id,b.id]===
dble:[((1L, 1L, 'test\xe4\xb8\xadid\xe4\xb8\xba1', 1L, 1L, 1L, 'order\xe4\xb8\xadid\xe4\xb8\xba1', 1L), (1L, 1L, 'test\xe4\xb8\xadid\xe4\xb8\xba1', 1L, 2L, 2L, 'test_2', 2L), (1L, 1L, 'test\xe4\xb8\xadid\xe4\xb8\xba1', 1L, 3L, 3L, 'order\xe4\xb8\xadid\xe4\xb8\xba3', 3L), (1L, 1L, 'test\xe4\xb8\xadid\xe4\xb8\xba1', 1L, 4L, 4L, '$order$4', 4L), (1L, 1L, 'test\xe4\xb8\xadid\xe4\xb8\xba1', 1L, 5L, 5L, 'order...5', 1L), (2L, 2L, 'test_2', 2L, 1L, 1L, 'order\xe4\xb8\xadid\xe4\xb8\xba1', 1L), (2L, 2L, 'test_2', 2L, 2L, 2L, 'test_2', 2L), (2L, 2L, 'test_2', 2L, 3L, 3L, 'order\xe4\xb8\xadid\xe4\xb8\xba3', 3L), (2L, 2L, 'test_2', 2L, 4L, 4L, '$order$4', 4L), (2L, 2L, 'test_2', 2L, 5L, 5L, 'order...5', 1L), (3L, 3L, 'test\xe4\xb8\xadid\xe4\xb8\xba3', 4L, 1L, 1L, 'order\xe4\xb8\xadid\xe4\xb8\xba1', 1L), (3L, 3L, 'test\xe4\xb8\xadid\xe4\xb8\xba3', 4L, 2L, 2L, 'test_2', 2L), (3L, 3L, 'test\xe4\xb8\xadid\xe4\xb8\xba3', 4L, 3L, 3L, 'order\xe4\xb8\xadid\xe4\xb8\xba3', 3L), (3L, 3L, 'test\xe4\xb8\xadid\xe4\xb8\xba3', 4L, 4L, 4L, '$order$4', 4L), (3L, 3L, 'test\xe4\xb8\xadid\xe4\xb8\xba3', 4L, 5L, 5L, 'order...5', 1L), (4L, 4L, '$test$4', 3L, 1L, 1L, 'order\xe4\xb8\xadid\xe4\xb8\xba1', 1L), (4L, 4L, '$test$4', 3L, 2L, 2L, 'test_2', 2L), (4L, 4L, '$test$4', 3L, 3L, 3L, 'order\xe4\xb8\xadid\xe4\xb8\xba3', 3L), (4L, 4L, '$test$4', 3L, 4L, 4L, '$order$4', 4L), (4L, 4L, '$test$4', 3L, 5L, 5L, 'order...5', 1L), (5L, 5L, 'test...5', 1L, 1L, 1L, 'order\xe4\xb8\xadid\xe4\xb8\xba1', 1L), (5L, 5L, 'test...5', 1L, 2L, 2L, 'test_2', 2L), (5L, 5L, 'test...5', 1L, 3L, 3L, 'order\xe4\xb8\xadid\xe4\xb8\xba3', 3L), (5L, 5L, 'test...5', 1L, 4L, 4L, '$order$4', 4L), (5L, 5L, 'test...5', 1L, 5L, 5L, 'order...5', 1L), (6L, 6L, 'test6', 6L, 1L, 1L, 'order\xe4\xb8\xadid\xe4\xb8\xba1', 1L), (6L, 6L, 'test6', 6L, 2L, 2L, 'test_2', 2L), (6L, 6L, 'test6', 6L, 3L, 3L, 'order\xe4\xb8\xadid\xe4\xb8\xba3', 3L), (6L, 6L, 'test6', 6L, 4L, 4L, '$order$4', 4L), (6L, 6L, 'test6', 6L, 5L, 5L, 'order...5', 1L))]
===file:select/reference_no_er.sql, id:50, sql:[select * from aly_test a inner join a_two b order by a.id,b.id]===
dble:[((1L, 1L, 'test\xe4\xb8\xadid\xe4\xb8\xba1', 1L, 1L, 1L, 'order\xe4\xb8\xadid\xe4\xb8\xba1', 1L), (1L, 1L, 'test\xe4\xb8\xadid\xe4\xb8\xba1', 1L, 2L, 2L, 'test_2', 2L), (1L, 1L, 'test\xe4\xb8\xadid\xe4\xb8\xba1', 1L, 3L, 3L, 'order\xe4\xb8\xadid\xe4\xb8\xba3', 3L), (1L, 1L, 'test\xe4\xb8\xadid\xe4\xb8\xba1', 1L, 4L, 4L, '$order$4', 4L), (1L, 1L, 'test\xe4\xb8\xadid\xe4\xb8\xba1', 1L, 5L, 5L, 'order...5', 1L), (2L, 2L, 'test_2', 2L, 1L, 1L, 'order\xe4\xb8\xadid\xe4\xb8\xba1', 1L), (2L, 2L, 'test_2', 2L, 2L, 2L, 'test_2', 2L), (2L, 2L, 'test_2', 2L, 3L, 3L, 'order\xe4\xb8\xadid\xe4\xb8\xba3', 3L), (2L, 2L, 'test_2', 2L, 4L, 4L, '$order$4', 4L), (2L, 2L, 'test_2', 2L, 5L, 5L, 'order...5', 1L), (3L, 3L, 'test\xe4\xb8\xadid\xe4\xb8\xba3', 4L, 1L, 1L, 'order\xe4\xb8\xadid\xe4\xb8\xba1', 1L), (3L, 3L, 'test\xe4\xb8\xadid\xe4\xb8\xba3', 4L, 2L, 2L, 'test_2', 2L), (3L, 3L, 'test\xe4\xb8\xadid\xe4\xb8\xba3', 4L, 3L, 3L, 'order\xe4\xb8\xadid\xe4\xb8\xba3', 3L), (3L, 3L, 'test\xe4\xb8\xadid\xe4\xb8\xba3', 4L, 4L, 4L, '$order$4', 4L), (3L, 3L, 'test\xe4\xb8\xadid\xe4\xb8\xba3', 4L, 5L, 5L, 'order...5', 1L), (4L, 4L, '$test$4', 3L, 1L, 1L, 'order\xe4\xb8\xadid\xe4\xb8\xba1', 1L), (4L, 4L, '$test$4', 3L, 2L, 2L, 'test_2', 2L), (4L, 4L, '$test$4', 3L, 3L, 3L, 'order\xe4\xb8\xadid\xe4\xb8\xba3', 3L), (4L, 4L, '$test$4', 3L, 4L, 4L, '$order$4', 4L), (4L, 4L, '$test$4', 3L, 5L, 5L, 'order...5', 1L), (5L, 5L, 'test...5', 1L, 1L, 1L, 'order\xe4\xb8\xadid\xe4\xb8\xba1', 1L), (5L, 5L, 'test...5', 1L, 2L, 2L, 'test_2', 2L), (5L, 5L, 'test...5', 1L, 3L, 3L, 'order\xe4\xb8\xadid\xe4\xb8\xba3', 3L), (5L, 5L, 'test...5', 1L, 4L, 4L, '$order$4', 4L), (5L, 5L, 'test...5', 1L, 5L, 5L, 'order...5', 1L), (6L, 6L, 'test6', 6L, 1L, 1L, 'order\xe4\xb8\xadid\xe4\xb8\xba1', 1L), (6L, 6L, 'test6', 6L, 2L, 2L, 'test_2', 2L), (6L, 6L, 'test6', 6L, 3L, 3L, 'order\xe4\xb8\xadid\xe4\xb8\xba3', 3L), (6L, 6L, 'test6', 6L, 4L, 4L, '$order$4', 4L), (6L, 6L, 'test6', 6L, 5L, 5L, 'order...5', 1L))]
===file:select/reference_no_er.sql, id:51, sql:[select * from aly_test a cross join a_two b order by a.id,b.id]===
dble:[((1L, 1L, 'test\xe4\xb8\xadid\xe4\xb8\xba1', 1L, 1L, 1L, 'order\xe4\xb8\xadid\xe4\xb8\xba1', 1L), (1L, 1L, 'test\xe4\xb8\xadid\xe4\xb8\xba1', 1L, 2L, 2L, 'test_2', 2L), (1L, 1L, 'test\xe4\xb8\xadid\xe4\xb8\xba1', 1L, 3L, 3L, 'order\xe4\xb8\xadid\xe4\xb8\xba3', 3L), (1L, 1L, 'test\xe4\xb8\xadid\xe4\xb8\xba1', 1L, 4L, 4L, '$order$4', 4L), (1L, 1L, 'test\xe4\xb8\xadid\xe4\xb8\xba1', 1L, 5L, 5L, 'order...5', 1L), (2L, 2L, 'test_2', 2L, 1L, 1L, 'order\xe4\xb8\xadid\xe4\xb8\xba1', 1L), (2L, 2L, 'test_2', 2L, 2L, 2L, 'test_2', 2L), (2L, 2L, 'test_2', 2L, 3L, 3L, 'order\xe4\xb8\xadid\xe4\xb8\xba3', 3L), (2L, 2L, 'test_2', 2L, 4L, 4L, '$order$4', 4L), (2L, 2L, 'test_2', 2L, 5L, 5L, 'order...5', 1L), (3L, 3L, 'test\xe4\xb8\xadid\xe4\xb8\xba3', 4L, 1L, 1L, 'order\xe4\xb8\xadid\xe4\xb8\xba1', 1L), (3L, 3L, 'test\xe4\xb8\xadid\xe4\xb8\xba3', 4L, 2L, 2L, 'test_2', 2L), (3L, 3L, 'test\xe4\xb8\xadid\xe4\xb8\xba3', 4L, 3L, 3L, 'order\xe4\xb8\xadid\xe4\xb8\xba3', 3L), (3L, 3L, 'test\xe4\xb8\xadid\xe4\xb8\xba3', 4L, 4L, 4L, '$order$4', 4L), (3L, 3L, 'test\xe4\xb8\xadid\xe4\xb8\xba3', 4L, 5L, 5L, 'order...5', 1L), (4L, 4L, '$test$4', 3L, 1L, 1L, 'order\xe4\xb8\xadid\xe4\xb8\xba1', 1L), (4L, 4L, '$test$4', 3L, 2L, 2L, 'test_2', 2L), (4L, 4L, '$test$4', 3L, 3L, 3L, 'order\xe4\xb8\xadid\xe4\xb8\xba3', 3L), (4L, 4L, '$test$4', 3L, 4L, 4L, '$order$4', 4L), (4L, 4L, '$test$4', 3L, 5L, 5L, 'order...5', 1L), (5L, 5L, 'test...5', 1L, 1L, 1L, 'order\xe4\xb8\xadid\xe4\xb8\xba1', 1L), (5L, 5L, 'test...5', 1L, 2L, 2L, 'test_2', 2L), (5L, 5L, 'test...5', 1L, 3L, 3L, 'order\xe4\xb8\xadid\xe4\xb8\xba3', 3L), (5L, 5L, 'test...5', 1L, 4L, 4L, '$order$4', 4L), (5L, 5L, 'test...5', 1L, 5L, 5L, 'order...5', 1L), (6L, 6L, 'test6', 6L, 1L, 1L, 'order\xe4\xb8\xadid\xe4\xb8\xba1', 1L), (6L, 6L, 'test6', 6L, 2L, 2L, 'test_2', 2L), (6L, 6L, 'test6', 6L, 3L, 3L, 'order\xe4\xb8\xadid\xe4\xb8\xba3', 3L), (6L, 6L, 'test6', 6L, 4L, 4L, '$order$4', 4L), (6L, 6L, 'test6', 6L, 5L, 5L, 'order...5', 1L))]
===file:select/reference_no_er.sql, id:52, sql:[select a.id,a.name,a.pad,b.name from aly_test a straight_join a_two b on a.pad=b.pad]===
dble:[[(1L, 'test\xe4\xb8\xadid\xe4\xb8\xba1', 1L, 'order...5'), (1L, 'test\xe4\xb8\xadid\xe4\xb8\xba1', 1L, 'order\xe4\xb8\xadid\xe4\xb8\xba1'), (2L, 'test_2', 2L, 'test_2'), (3L, 'test\xe4\xb8\xadid\xe4\xb8\xba3', 4L, '$order$4'), (4L, '$test$4', 3L, 'order\xe4\xb8\xadid\xe4\xb8\xba3'), (5L, 'test...5', 1L, 'order...5'), (5L, 'test...5', 1L, 'order\xe4\xb8\xadid\xe4\xb8\xba1')]]
===file:select/reference_no_er.sql, id:56, sql:[select * from aly_test union all select * from a_three union all select * from a_two]===
dble:[[(1L, 1L, 'manager\xe4\xb8\xadid\xe4\xb8\xba1', 1L), (1L, 1L, 'order\xe4\xb8\xadid\xe4\xb8\xba1', 1L), (1L, 1L, 'test\xe4\xb8\xadid\xe4\xb8\xba1', 1L), (2L, 2L, 'test_2', 2L), (2L, 2L, 'test_2', 2L), (2L, 2L, 'test_2', 2L), (3L, 3L, 'manager\xe4\xb8\xadid\xe4\xb8\xba3', 3L), (3L, 3L, 'order\xe4\xb8\xadid\xe4\xb8\xba3', 3L), (3L, 3L, 'test\xe4\xb8\xadid\xe4\xb8\xba3', 4L), (4L, 4L, '$manager$4', 4L), (4L, 4L, '$order$4', 4L), (4L, 4L, '$test$4', 3L), (5L, 5L, 'manager...5', 6L), (5L, 5L, 'order...5', 1L), (5L, 5L, 'test...5', 1L), (6L, 6L, 'test6', 6L)]]
===file:select/reference_no_er.sql, id:57, sql:[select * from aly_test union distinct select * from a_three union distinct select * from a_two]===
dble:[[(1L, 1L, 'manager\xe4\xb8\xadid\xe4\xb8\xba1', 1L), (1L, 1L, 'order\xe4\xb8\xadid\xe4\xb8\xba1', 1L), (1L, 1L, 'test\xe4\xb8\xadid\xe4\xb8\xba1', 1L), (2L, 2L, 'test_2', 2L), (3L, 3L, 'manager\xe4\xb8\xadid\xe4\xb8\xba3', 3L), (3L, 3L, 'order\xe4\xb8\xadid\xe4\xb8\xba3', 3L), (3L, 3L, 'test\xe4\xb8\xadid\xe4\xb8\xba3', 4L), (4L, 4L, '$manager$4', 4L), (4L, 4L, '$order$4', 4L), (4L, 4L, '$test$4', 3L), (5L, 5L, 'manager...5', 6L), (5L, 5L, 'order...5', 1L), (5L, 5L, 'test...5', 1L), (6L, 6L, 'test6', 6L)]]
===file:select/reference_no_er.sql, id:58, sql:[(select name from aly_test where pad=1 order by id limit 10) union all (select name from a_two where pad=1 order by id limit 10) order by name]===
dble:[(('order...5',), ('order\xe4\xb8\xadid\xe4\xb8\xba1',), ('test...5',), ('test\xe4\xb8\xadid\xe4\xb8\xba1',))]
===file:select/reference_no_er.sql, id:59, sql:[(select name from aly_test where pad=1 order by id limit 10) union distinct (select name from a_two where pad=1 order by id limit 10) order by name]===
dble:[(('order...5',), ('order\xe4\xb8\xadid\xe4\xb8\xba1',), ('test...5',), ('test\xe4\xb8\xadid\xe4\xb8\xba1',))]
===file:select/reference_no_er.sql, id:60, sql:[(select * from aly_test where pad=1) union (select * from a_two where pad=1) order by id limit 10]===
dble:[((1L, 1L, 'order\xe4\xb8\xadid\xe4\xb8\xba1', 1L), (1L, 1L, 'test\xe4\xb8\xadid\xe4\xb8\xba1', 1L), (5L, 5L, 'order...5', 1L), (5L, 5L, 'test...5', 1L))]
===file:select/reference_no_er.sql, id:61, sql:[(select name as sort_a from aly_test where pad=1) union (select name from a_two where pad=1) order by sort_a limit 10]===
dble:[(('order...5',), ('order\xe4\xb8\xadid\xe4\xb8\xba1',), ('test...5',), ('test\xe4\xb8\xadid\xe4\xb8\xba1',))]
===file:select/reference_no_er.sql, id:62, sql:[(select name as sort_a,pad from aly_test where pad=1) union (select name,pad from a_two where pad=1) order by sort_a,pad limit 10]===
dble:[(('order...5', 1L), ('order\xe4\xb8\xadid\xe4\xb8\xba1', 1L), ('test...5', 1L), ('test\xe4\xb8\xadid\xe4\xb8\xba1', 1L))]
