===file:select/select.sql, id:77, sql:[select group_concat(id),pad from test_shard group by pad]===
dble:[[('0', 0L), ('1,5', 1L), ('10,9,3,7', 3L), ('11,4,8', 4L), ('12', 5L), ('13', 6L), ('14', 14L), ('15', 15L), ('16', -1L), ('17', 17L), ('18', 18L), ('19', 19L), ('2,6', 2L)]]
mysql:[[('0', 0L), ('1,5', 1L), ('10,9,7,3', 3L), ('12', 5L), ('13', 6L), ('14', 14L), ('15', 15L), ('16', -1L), ('17', 17L), ('18', 18L), ('19', 19L), ('2,6', 2L), ('8,4,11', 4L)]]
===file:select/select.sql, id:80, sql:[select std(id),pad from test_shard group by pad]===
dble:[[(0.0, -1L), (0.0, 0L), (0.0, 5L), (0.0, 6L), (0.0, 14L), (0.0, 15L), (0.0, 17L), (0.0, 18L), (0.0, 19L), (2.0, 1L), (2.0, 2L), (2.680951323690902, 3L), (2.867441755680875, 4L)]]
mysql:[[(0.0, -1L), (0.0, 0L), (0.0, 5L), (0.0, 6L), (0.0, 14L), (0.0, 15L), (0.0, 17L), (0.0, 18L), (0.0, 19L), (2.0, 1L), (2.0, 2L), (2.680951323690902, 3L), (2.8674417556808756, 4L)]]
===file:select/select.sql, id:81, sql:[select stddev(id),pad from test_shard group by pad]===
dble:[[(0.0, -1L), (0.0, 0L), (0.0, 5L), (0.0, 6L), (0.0, 14L), (0.0, 15L), (0.0, 17L), (0.0, 18L), (0.0, 19L), (2.0, 1L), (2.0, 2L), (2.680951323690902, 3L), (2.867441755680875, 4L)]]
mysql:[[(0.0, -1L), (0.0, 0L), (0.0, 5L), (0.0, 6L), (0.0, 14L), (0.0, 15L), (0.0, 17L), (0.0, 18L), (0.0, 19L), (2.0, 1L), (2.0, 2L), (2.680951323690902, 3L), (2.8674417556808756, 4L)]]
===file:select/select.sql, id:82, sql:[select stddev_pop(id),pad from test_shard group by pad]===
dble:[[(0.0, -1L), (0.0, 0L), (0.0, 5L), (0.0, 6L), (0.0, 14L), (0.0, 15L), (0.0, 17L), (0.0, 18L), (0.0, 19L), (2.0, 1L), (2.0, 2L), (2.680951323690902, 3L), (2.867441755680875, 4L)]]
mysql:[[(0.0, -1L), (0.0, 0L), (0.0, 5L), (0.0, 6L), (0.0, 14L), (0.0, 15L), (0.0, 17L), (0.0, 18L), (0.0, 19L), (2.0, 1L), (2.0, 2L), (2.680951323690902, 3L), (2.8674417556808756, 4L)]]
===file:select/select.sql, id:83, sql:[select stddev_samp(id),pad from test_shard group by pad]===
dble:[[(None, -1L), (None, 0L), (None, 5L), (None, 6L), (None, 14L), (None, 15L), (None, 17L), (None, 18L), (None, 19L), (2.8284271247461903, 1L), (2.8284271247461903, 2L), (3.095695936834452, 3L), (3.5118845842842457, 4L)]]
mysql:[[(None, -1L), (None, 0L), (None, 5L), (None, 6L), (None, 14L), (None, 15L), (None, 17L), (None, 18L), (None, 19L), (2.8284271247461903, 1L), (2.8284271247461903, 2L), (3.095695936834452, 3L), (3.511884584284246, 4L)]]
===file:select/select.sql, id:85, sql:[select var_pop(id),pad from test_shard group by pad]===
dble:[[(0.0, -1L), (0.0, 0L), (0.0, 5L), (0.0, 6L), (0.0, 14L), (0.0, 15L), (0.0, 17L), (0.0, 18L), (0.0, 19L), (4.0, 1L), (4.0, 2L), (7.1875, 3L), (8.22222222222222, 4L)]]
mysql:[[(0.0, -1L), (0.0, 0L), (0.0, 5L), (0.0, 6L), (0.0, 14L), (0.0, 15L), (0.0, 17L), (0.0, 18L), (0.0, 19L), (4.0, 1L), (4.0, 2L), (7.1875, 3L), (8.222222222222221, 4L)]]
===file:select/select.sql, id:86, sql:[select var_samp(id),pad from test_shard group by pad]===
dble:[[(None, -1L), (None, 0L), (None, 5L), (None, 6L), (None, 14L), (None, 15L), (None, 17L), (None, 18L), (None, 19L), (8.0, 1L), (8.0, 2L), (9.583333333333334, 3L), (12.333333333333329, 4L)]]
mysql:[[(None, -1L), (None, 0L), (None, 5L), (None, 6L), (None, 14L), (None, 15L), (None, 17L), (None, 18L), (None, 19L), (8.0, 1L), (8.0, 2L), (9.583333333333334, 3L), (12.333333333333332, 4L)]]
===file:select/select.sql, id:87, sql:[select variance(id),pad from test_shard group by pad]===
dble:[[(0.0, -1L), (0.0, 0L), (0.0, 5L), (0.0, 6L), (0.0, 14L), (0.0, 15L), (0.0, 17L), (0.0, 18L), (0.0, 19L), (4.0, 1L), (4.0, 2L), (7.1875, 3L), (8.22222222222222, 4L)]]
mysql:[[(0.0, -1L), (0.0, 0L), (0.0, 5L), (0.0, 6L), (0.0, 14L), (0.0, 15L), (0.0, 17L), (0.0, 18L), (0.0, 19L), (4.0, 1L), (4.0, 2L), (7.1875, 3L), (8.222222222222221, 4L)]]
===file:select/select.sql, id:99, sql:[select pad,count(id) t from test_shard group by pad with rollup]===
dble:[None]
mysql:[((-1L, 1L), (0L, 1L), (1L, 2L), (2L, 2L), (3L, 4L), (4L, 3L), (5L, 1L), (6L, 1L), (14L, 1L), (15L, 1L), (17L, 1L), (18L, 1L), (19L, 1L), (None, 20L))]
[01:55:16.682182]dble err :(-1, 'error totally whack')
===file:select/select.sql, id:199, sql:[select * from test_shard where id=@var1 := 1]===
dble:[None]
mysql:[((1L, 1L, 'id1', 1L),)]
[23:00:37.150248]dble err :(1064, 'sql syntax error, no terminated. COLONEQ')
===file:select/select.sql, id:203, sql:[select * from test_shard where id in(2,3,6.4,7,12)]===
dble:[None]
mysql:[((2L, 2L, 'id2', 2L), (3L, 3L, 'id3', 3L), (7L, 7L, 'id7', 3L), (12L, 12L, '_g', 5L))]
[01:55:25.194071]dble err :(1064, 'columnValue:6.4 Please eliminate any quote and non number within it.')
