===file:select/subquery_no_er.sql, id:63, sql:[select * from aly_test where (id,pad)=(select id,pad from a_two limit 1)]===
dble:[None]
mysql:[((1L, 1L, 'test\xe4\xb8\xadid\xe4\xb8\xba1', 1L),)]
[01:58:46.107826]dble err :(1064, 'Row Subqueries is not supported')
===file:select/subquery_no_er.sql, id:64, sql:[select * from aly_test where row(id,pad)=(select id,pad from a_two limit 1)]===
dble:[None]
mysql:[((1L, 1L, 'test\xe4\xb8\xadid\xe4\xb8\xba1', 1L),)]
[01:58:46.226518]dble err :(1241, 'Operand should contain 1 column(s)')
===file:select/subquery_no_er.sql, id:65, sql:[select id,name,pad from aly_test where (id,pad)in(select id,pad from a_two)]===
dble:[None]
mysql:[((1L, 'test\xe4\xb8\xadid\xe4\xb8\xba1', 1L), (2L, 'test_2', 2L), (5L, 'test...5', 1L))]
[01:58:46.341169]dble err :(1064, 'Row Subqueries is not supported')
===file:select/subquery_no_er.sql, id:66, sql:[select id,name,pad from aly_test where (1,1)in(select id,pad from a_two)]===
dble:[None]
mysql:[((1L, 'test\xe4\xb8\xadid\xe4\xb8\xba1', 1L), (2L, 'test_2', 2L), (3L, 'test\xe4\xb8\xadid\xe4\xb8\xba3', 4L), (4L, '$test$4', 3L), (5L, 'test...5', 1L), (6L, 'test6', 6L))]
[01:58:46.458868]dble err :(1064, 'Row Subqueries is not supported')
===file:select/subquery_no_er.sql, id:67, sql:[SELECT pad FROM aly_test AS x WHERE x.id = (SELECT pad FROM a_two AS y WHERE x.id = (SELECT pad FROM a_three WHERE y.id = a_three.id))]===
dble:[None]
mysql:[((1L,), (2L,), (4L,), (3L,))]
[01:58:46.574113]dble err :(1105, 'Correlated Sub Queries is not supported ')
===file:select/subquery_no_er.sql, id:69, sql:[select avg(sum_column1) from (select sum(id) as sum_column1 from aly_test group by pad) as t1]===
dble:[[(4.2,)]]
mysql:[[(Decimal('4.2000'),)]]
