===file:select/subquery_global.sql, id:63, sql:[select id,t_id,name,pad from test_global where (id,pad)=(select id,pad from global_table3 limit 1)]===
dble:[None]
mysql:[((1L, 1L, 'test\xe4\xb8\xadid\xe4\xb8\xba1', 1L),)]
[05:59:20.589317]dble err :(1064, 'Row Subqueries is not supported')
===file:select/subquery_global.sql, id:64, sql:[select id,t_id,name,pad from test_global where row(id,pad)=(select id,pad from global_table3 limit 1)]===
dble:[None]
mysql:[((1L, 1L, 'test\xe4\xb8\xadid\xe4\xb8\xba1', 1L),)]
[05:59:20.786754]dble err :(1241, 'Operand should contain 1 column(s)')
===file:select/subquery_global.sql, id:65, sql:[select id,name,pad from test_global where (id,pad)in(select id,pad from global_table3)]===
dble:[None]
mysql:[((1L, 'test\xe4\xb8\xadid\xe4\xb8\xba1', 1L), (2L, 'test_2', 2L), (5L, 'test...5', 1L))]
[05:59:20.976762]dble err :(1064, 'Row Subqueries is not supported')
===file:select/subquery_global.sql, id:66, sql:[select id,name,pad from test_global where (1,1)in(select id,pad from global_table3)]===
dble:[None]
mysql:[((1L, 'test\xe4\xb8\xadid\xe4\xb8\xba1', 1L), (2L, 'test_2', 2L), (3L, 'test\xe4\xb8\xadid\xe4\xb8\xba3', 4L), (4L, '$test$4', 3L), (5L, 'test...5', 1L), (6L, 'test6', 6L))]
[05:59:21.145876]dble err :(1064, 'Row Subqueries is not supported')
===file:select/subquery_global.sql, id:67, sql:[SELECT pad FROM test_global AS x WHERE x.id = (SELECT pad FROM global_table3 AS y WHERE x.id = (SELECT pad FROM global_table2 WHERE y.id = global_table2.id))]===
dble:[None]
mysql:[((1L,), (2L,), (4L,), (3L,))]
[05:59:21.322398]dble err :(1105, 'Correlated Sub Queries is not supported ')
