===file:sqls_util/syntax/data_types_2.sql, id:8, sql:[INSERT INTO test1 ( id,data) VALUES (2,10)]===
mysql err:(1406, "Data too long for column 'data' at row 1")
dble err[06:49:59.449434] :(1406, "Data too long for column 'data' at row 1")
===file:sqls_util/syntax/data_types_2.sql, id:10, sql:[INSERT INTO test1 ( id,data) VALUES (3,'aaaaaaaaaaaa,aaaaaaaaaaaa_aaaaaaaaa%%aaaaaaaaaaaaaaaaaaaaaaaaaaaaaa*aa')]===
mysql err:(1406, "Data too long for column 'data' at row 1")
dble err[06:49:59.559812] :(1406, "Data too long for column 'data' at row 1")
===file:sqls_util/syntax/data_types_2.sql, id:16, sql:[INSERT INTO test1 ( id,data) VALUES (2,10)]===
mysql err:(1406, "Data too long for column 'data' at row 1")
dble err[06:49:59.917912] :(1406, "Data too long for column 'data' at row 1")
===file:sqls_util/syntax/data_types_2.sql, id:22, sql:[INSERT INTO test1 ( id,data) VALUES (1,123456)]===
mysql err:(1406, "Data too long for column 'data' at row 1")
dble err[06:50:00.296895] :(1406, "Data too long for column 'data' at row 1")
===file:sqls_util/syntax/data_types_2.sql, id:23, sql:[INSERT INTO test1 ( id,data) VALUES (1,'abcdef')]===
mysql err:(1406, "Data too long for column 'data' at row 1")
dble err[06:50:00.379519] :(1406, "Data too long for column 'data' at row 1")
===file:sqls_util/syntax/data_types_2.sql, id:40, sql:[INSERT INTO test1 ( id,data) VALUES (1,123456)]===
mysql err:(1406, "Data too long for column 'data' at row 1")
dble err[06:50:01.367396] :(1406, "Data too long for column 'data' at row 1")
===file:sqls_util/syntax/data_types_2.sql, id:41, sql:[INSERT INTO test1 ( id,data) VALUES (1,'abcdef')]===
mysql err:(1406, "Data too long for column 'data' at row 1")
dble err[06:50:01.416335] :(1406, "Data too long for column 'data' at row 1")
===file:sqls_util/syntax/data_types_2.sql, id:42, sql:[INSERT INTO test1 ( id,data) VALUES (1,'abcde')]===
mysql err:(1406, "Data too long for column 'data' at row 1")
dble err[06:50:01.500493] :(1406, "Data too long for column 'data' at row 1")
===file:sqls_util/syntax/data_types_2.sql, id:46, sql:[INSERT INTO test1 ( id,data) VALUES (1,123456)]===
mysql err:(1406, "Data too long for column 'data' at row 1")
dble err[06:50:01.743645] :(1406, "Data too long for column 'data' at row 1")
===file:sqls_util/syntax/data_types_2.sql, id:47, sql:[INSERT INTO test1 ( id,data) VALUES (1,'abcdef')]===
mysql err:(1406, "Data too long for column 'data' at row 1")
dble err[06:50:01.825195] :(1406, "Data too long for column 'data' at row 1")
===file:sqls_util/syntax/data_types_2.sql, id:48, sql:[INSERT INTO test1 ( id,data) VALUES (1,'abcde')]===
mysql err:(1406, "Data too long for column 'data' at row 1")
dble err[06:50:01.906792] :(1406, "Data too long for column 'data' at row 1")
===file:sqls_util/syntax/data_types_2.sql, id:53, sql:[INSERT INTO test1 ( id,data) VALUES (1,'aaaaaaaaaaaaaaaaaaaaaaaaabcdefg')]===
mysql err:(1406, "Data too long for column 'data' at row 1")
dble err[06:50:02.242977] :(1406, "Data too long for column 'data' at row 1")
===file:sqls_util/syntax/data_types_2.sql, id:59, sql:[INSERT INTO test1 ( id,data) VALUES (1,'aaaaaaaaaaaaaaaaaaaaaaaaabcdefg')]===
mysql err:(1406, "Data too long for column 'data' at row 1")
dble err[06:50:02.628659] :(1406, "Data too long for column 'data' at row 1")
===file:sqls_util/syntax/data_types_2.sql, id:81, sql:[INSERT INTO test1 ( id,data) VALUES (1,'201411-11')]===
mysql err:(1292, "Incorrect date value: '201411-11' for column 'data' at row 1")
dble err[06:50:03.827188] :(1292, "Incorrect date value: '201411-11' for column 'data' at row 1")
===file:sqls_util/syntax/data_types_2.sql, id:86, sql:[INSERT INTO test1 ( id,data) VALUES (6,'aaaa-01-01')]===
mysql err:(1292, "Incorrect date value: 'aaaa-01-01' for column 'data' at row 1")
dble err[06:50:04.122124] :(1292, "Incorrect date value: 'aaaa-01-01' for column 'data' at row 1")
===file:sqls_util/syntax/data_types_2.sql, id:89, sql:[INSERT INTO test1 ( id,data) VALUES (9,'10000-01-01')]===
mysql err:(1292, "Incorrect date value: '10000-01-01' for column 'data' at row 1")
dble err[06:50:04.308636] :(1292, "Incorrect date value: '10000-01-01' for column 'data' at row 1")
===file:sqls_util/syntax/data_types_2.sql, id:90, sql:[INSERT INTO test1 ( id,data) VALUES (10,'9999-01-100')]===
mysql err:(1292, "Incorrect date value: '9999-01-100' for column 'data' at row 1")
dble err[06:50:04.359967] :(1292, "Incorrect date value: '9999-01-100' for column 'data' at row 1")
===file:sqls_util/syntax/data_types_2.sql, id:101, sql:[INSERT INTO test1 ( id,data) VALUES (1,'201411-11')]===
mysql err:(1292, "Incorrect time value: '201411-11' for column 'data' at row 1")
dble err[06:50:04.963547] :(1292, "Incorrect time value: '201411-11' for column 'data' at row 1")
===file:sqls_util/syntax/data_types_2.sql, id:117, sql:[INSERT INTO test1 ( id,data) VALUES (1,'1970-01-01 00:00:01'),(2,'2038-01-19 03:14:07')]===
mysql err:(1292, "Incorrect datetime value: '1970-01-01 00:00:01' for column 'data' at row 1")
dble err[06:50:05.821404] :(1292, "Incorrect datetime value: '1970-01-01 00:00:01' for column 'data' at row 1")
===file:sqls_util/syntax/data_types_2.sql, id:136, sql:[INSERT INTO test1 ( id,data) VALUES (1,1900)]===
mysql err:(1264, "Out of range value for column 'data' at row 1")
dble err[06:50:06.839341] :(1264, "Out of range value for column 'data' at row 1")
===file:sqls_util/syntax/data_types_2.sql, id:137, sql:[INSERT INTO test1 ( id,data) VALUES (2,2156)]===
mysql err:(1264, "Out of range value for column 'data' at row 1")
dble err[06:50:06.922915] :(1264, "Out of range value for column 'data' at row 1")
===file:sqls_util/syntax/data_types_2.sql, id:138, sql:[INSERT INTO test1 ( id,data) VALUES (3,'2038-01-19 03:14:07')]===
mysql err:(1265, "Data truncated for column 'data' at row 1")
dble err[06:50:06.976733] :(1265, "Data truncated for column 'data' at row 1")
===file:sqls_util/syntax/data_types_2.sql, id:139, sql:[INSERT INTO test1 ( id,data) VALUES (4,1901),(5,2156),(6,0000)]===
mysql err:(1264, "Out of range value for column 'data' at row 2")
dble err[06:50:07.028493] :(1264, "Out of range value for column 'data' at row 2")
===file:sqls_util/syntax/data_types_2.sql, id:233, sql:[INSERT INTO test1 ( id,data) VALUES (1,'abcdef')]===
mysql err:(1406, "Data too long for column 'data' at row 1")
dble err[06:50:10.825077] :(1406, "Data too long for column 'data' at row 1")
===file:sqls_util/syntax/data_types_2.sql, id:241, sql:[INSERT INTO test1 ( id,data) VALUES (1,'abcdef')]===
mysql err:(1406, "Data too long for column 'data' at row 1")
dble err[06:50:11.235504] :(1406, "Data too long for column 'data' at row 1")
