===file:sqls_util/syntax/insert_value.sql, id:4, sql:[drop table if exists test1]===
dble:[[]]
===file:sqls_util/syntax/insert_value.sql, id:5, sql:[create table test1(id int,char_columns char(255))]===
dble:[[]]
===file:sqls_util/syntax/insert_value.sql, id:6, sql:[insert into test1 values (0,NULL)]===
dble:[[]]
===file:sqls_util/syntax/insert_value.sql, id:7, sql:[insert into test1 values (1,'')]===
dble:[[]]
===file:sqls_util/syntax/insert_value.sql, id:8, sql:[insert into test1 values (2,' ')]===
dble:[[]]
===file:sqls_util/syntax/insert_value.sql, id:9, sql:[insert into test1 values (3,'a a a ')]===
dble:[[]]
===file:sqls_util/syntax/insert_value.sql, id:10, sql:[insert into test1 values (4,'abcdefghijklmnopqrstuvwxyz')]===
dble:[[]]
===file:sqls_util/syntax/insert_value.sql, id:11, sql:[insert into test1 values (5,'ABCDEFGHIJKLMNOPQRSTUVWXYZ')]===
dble:[[]]
===file:sqls_util/syntax/insert_value.sql, id:12, sql:[insert into test1 values (6,'~`!@#$%^&*()-=_+{}[]|:/* uproxy_dest_expect:M */<>,.?/')]===
dble:[[]]
===file:sqls_util/syntax/insert_value.sql, id:13, sql:[insert into test1 values (7,'1234567890')]===
dble:[[]]
===file:sqls_util/syntax/insert_value.sql, id:14, sql:[insert into test1 values (8,1234567890)]===
dble:[[]]
===file:sqls_util/syntax/insert_value.sql, id:15, sql:[insert into test1 values (9,'数据库sql测试')]===
dble:[[]]
===file:sqls_util/syntax/insert_value.sql, id:16, sql:[insert into test1 values (10,'·~！@#￥%……&*（）-=——+{}【】、|；‘：“，。/《》？')]===
dble:[[]]
===file:sqls_util/syntax/insert_value.sql, id:17, sql:[insert into test1 values (11,0x5061756c)]===
dble:[[]]
===file:sqls_util/syntax/insert_value.sql, id:18, sql:[insert into test1 values (12,x'4D7953514C')]===
dble:[[]]
===file:sqls_util/syntax/insert_value.sql, id:19, sql:[insert into test1 values (13,'\0')]===
dble:[[]]
===file:sqls_util/syntax/insert_value.sql, id:20, sql:[insert into test1 values (14,'\n')]===
dble:[[]]
===file:sqls_util/syntax/insert_value.sql, id:21, sql:[insert into test1 values (15,'\t')]===
dble:[[]]
===file:sqls_util/syntax/insert_value.sql, id:22, sql:[insert into test1 values (16,'\r')]===
dble:[[]]
===file:sqls_util/syntax/insert_value.sql, id:23, sql:[insert into test1 values (17,'\b')]===
dble:[[]]
===file:sqls_util/syntax/insert_value.sql, id:24, sql:[insert into test1 values (18,'\'')]===
dble:[[]]
===file:sqls_util/syntax/insert_value.sql, id:25, sql:[insert into test1 values (19,'\"')]===
dble:[[]]
===file:sqls_util/syntax/insert_value.sql, id:26, sql:[insert into test1 values (20,'''')]===
dble:[[]]
===file:sqls_util/syntax/insert_value.sql, id:27, sql:[insert into test1 values (21,"""")]===
dble:[[]]
===file:sqls_util/syntax/insert_value.sql, id:28, sql:[insert into test1 values (22,'\\')]===
dble:[[]]
===file:sqls_util/syntax/insert_value.sql, id:30, sql:[drop table if exists test1]===
dble:[[]]
===file:sqls_util/syntax/insert_value.sql, id:31, sql:[create table test1(id int,varchar_columns varchar(255))]===
dble:[[]]
===file:sqls_util/syntax/insert_value.sql, id:32, sql:[insert into test1 values (0,NULL)]===
dble:[[]]
===file:sqls_util/syntax/insert_value.sql, id:33, sql:[insert into test1 values (1,'')]===
dble:[[]]
===file:sqls_util/syntax/insert_value.sql, id:34, sql:[insert into test1 values (2,' ')]===
dble:[[]]
===file:sqls_util/syntax/insert_value.sql, id:35, sql:[insert into test1 values (3,'a a a ')]===
dble:[[]]
===file:sqls_util/syntax/insert_value.sql, id:36, sql:[insert into test1 values (4,'abcdefghijklmnopqrstuvwxyz')]===
dble:[[]]
===file:sqls_util/syntax/insert_value.sql, id:37, sql:[insert into test1 values (5,'ABCDEFGHIJKLMNOPQRSTUVWXYZ')]===
dble:[[]]
===file:sqls_util/syntax/insert_value.sql, id:38, sql:[insert into test1 values (6,'~`!@#$%^&*()-=_+{}[]|:/* uproxy_dest_expect:M */<>,.?/')]===
dble:[[]]
===file:sqls_util/syntax/insert_value.sql, id:39, sql:[insert into test1 values (7,'1234567890')]===
dble:[[]]
===file:sqls_util/syntax/insert_value.sql, id:40, sql:[insert into test1 values (8,1234567890)]===
dble:[[]]
===file:sqls_util/syntax/insert_value.sql, id:41, sql:[insert into test1 values (9,'数据库sql测试')]===
dble:[[]]
===file:sqls_util/syntax/insert_value.sql, id:42, sql:[insert into test1 values (10,'·~！@#￥%……&*（）-=——+{}【】、|；‘：“，。/《》？')]===
dble:[[]]
===file:sqls_util/syntax/insert_value.sql, id:43, sql:[insert into test1 values (11,0x5061756c)]===
dble:[[]]
===file:sqls_util/syntax/insert_value.sql, id:44, sql:[insert into test1 values (12,x'4D7953514C')]===
dble:[[]]
===file:sqls_util/syntax/insert_value.sql, id:45, sql:[insert into test1 values (13,'\0')]===
dble:[[]]
===file:sqls_util/syntax/insert_value.sql, id:46, sql:[insert into test1 values (14,'\n')]===
dble:[[]]
===file:sqls_util/syntax/insert_value.sql, id:47, sql:[insert into test1 values (15,'\t')]===
dble:[[]]
===file:sqls_util/syntax/insert_value.sql, id:48, sql:[insert into test1 values (16,'\r')]===
dble:[[]]
===file:sqls_util/syntax/insert_value.sql, id:49, sql:[insert into test1 values (17,'\b')]===
dble:[[]]
===file:sqls_util/syntax/insert_value.sql, id:50, sql:[insert into test1 values (18,'\'')]===
dble:[[]]
===file:sqls_util/syntax/insert_value.sql, id:51, sql:[insert into test1 values (19,'\"')]===
dble:[[]]
===file:sqls_util/syntax/insert_value.sql, id:52, sql:[insert into test1 values (20,'''')]===
dble:[[]]
===file:sqls_util/syntax/insert_value.sql, id:53, sql:[insert into test1 values (21,"""")]===
dble:[[]]
===file:sqls_util/syntax/insert_value.sql, id:54, sql:[insert into test1 values (22,'\\')]===
dble:[[]]
===file:sqls_util/syntax/insert_value.sql, id:56, sql:[drop table if exists test1]===
dble:[[]]
===file:sqls_util/syntax/insert_value.sql, id:57, sql:[create table test1(id int,test1 binary(255))]===
dble:[[]]
===file:sqls_util/syntax/insert_value.sql, id:58, sql:[insert into test1 values (0,NULL)]===
dble:[[]]
===file:sqls_util/syntax/insert_value.sql, id:59, sql:[insert into test1 values (1,'')]===
dble:[[]]
===file:sqls_util/syntax/insert_value.sql, id:60, sql:[insert into test1 values (2,' ')]===
dble:[[]]
===file:sqls_util/syntax/insert_value.sql, id:61, sql:[insert into test1 values (3,'a a a ')]===
dble:[[]]
===file:sqls_util/syntax/insert_value.sql, id:62, sql:[insert into test1 values (4,'abcdefghijklmnopqrstuvwxyz')]===
dble:[[]]
===file:sqls_util/syntax/insert_value.sql, id:63, sql:[insert into test1 values (5,'ABCDEFGHIJKLMNOPQRSTUVWXYZ')]===
dble:[[]]
===file:sqls_util/syntax/insert_value.sql, id:64, sql:[insert into test1 values (6,'~`!@#$%^&*()-=_+{}[]|:/* uproxy_dest_expect:M */<>,.?/')]===
dble:[[]]
===file:sqls_util/syntax/insert_value.sql, id:65, sql:[insert into test1 values (7,'1234567890')]===
dble:[[]]
===file:sqls_util/syntax/insert_value.sql, id:66, sql:[insert into test1 values (8,1234567890)]===
dble:[[]]
===file:sqls_util/syntax/insert_value.sql, id:67, sql:[insert into test1 values (9,'数据库sql测试')]===
dble:[[]]
===file:sqls_util/syntax/insert_value.sql, id:68, sql:[insert into test1 values (10,'·~！@#￥%……&*（）-=——+{}【】、|；‘：“，。/《》？')]===
dble:[[]]
===file:sqls_util/syntax/insert_value.sql, id:69, sql:[insert into test1 values (11,0x5061756c)]===
dble:[[]]
===file:sqls_util/syntax/insert_value.sql, id:70, sql:[insert into test1 values (12,x'4D7953514C')]===
dble:[[]]
===file:sqls_util/syntax/insert_value.sql, id:71, sql:[insert into test1 values (13,'\0')]===
dble:[[]]
===file:sqls_util/syntax/insert_value.sql, id:72, sql:[insert into test1 values (14,'\n')]===
dble:[[]]
===file:sqls_util/syntax/insert_value.sql, id:73, sql:[insert into test1 values (15,'\t')]===
dble:[[]]
===file:sqls_util/syntax/insert_value.sql, id:74, sql:[insert into test1 values (16,'\r')]===
dble:[[]]
===file:sqls_util/syntax/insert_value.sql, id:75, sql:[insert into test1 values (17,'\b')]===
dble:[[]]
===file:sqls_util/syntax/insert_value.sql, id:76, sql:[insert into test1 values (18,'\'')]===
dble:[[]]
===file:sqls_util/syntax/insert_value.sql, id:77, sql:[insert into test1 values (19,'\"')]===
dble:[[]]
===file:sqls_util/syntax/insert_value.sql, id:78, sql:[insert into test1 values (20,'''')]===
dble:[[]]
===file:sqls_util/syntax/insert_value.sql, id:79, sql:[insert into test1 values (21,"""")]===
dble:[[]]
===file:sqls_util/syntax/insert_value.sql, id:80, sql:[insert into test1 values (22,'\\')]===
dble:[[]]
===file:sqls_util/syntax/insert_value.sql, id:82, sql:[drop table if exists test1]===
dble:[[]]
===file:sqls_util/syntax/insert_value.sql, id:83, sql:[create table test1(id int,varbinary_columns varbinary(255))]===
dble:[[]]
===file:sqls_util/syntax/insert_value.sql, id:84, sql:[insert into test1 values (0,NULL)]===
dble:[[]]
===file:sqls_util/syntax/insert_value.sql, id:85, sql:[insert into test1 values (1,'')]===
dble:[[]]
===file:sqls_util/syntax/insert_value.sql, id:86, sql:[insert into test1 values (2,' ')]===
dble:[[]]
===file:sqls_util/syntax/insert_value.sql, id:87, sql:[insert into test1 values (3,'a a a ')]===
dble:[[]]
===file:sqls_util/syntax/insert_value.sql, id:88, sql:[insert into test1 values (4,'abcdefghijklmnopqrstuvwxyz')]===
dble:[[]]
===file:sqls_util/syntax/insert_value.sql, id:89, sql:[insert into test1 values (5,'ABCDEFGHIJKLMNOPQRSTUVWXYZ')]===
dble:[[]]
===file:sqls_util/syntax/insert_value.sql, id:90, sql:[insert into test1 values (6,'~`!@#$%^&*()-=_+{}[]|:/* uproxy_dest_expect:M */<>,.?/')]===
dble:[[]]
===file:sqls_util/syntax/insert_value.sql, id:91, sql:[insert into test1 values (7,'1234567890')]===
dble:[[]]
===file:sqls_util/syntax/insert_value.sql, id:92, sql:[insert into test1 values (8,1234567890)]===
dble:[[]]
===file:sqls_util/syntax/insert_value.sql, id:93, sql:[insert into test1 values (9,'数据库sql测试')]===
dble:[[]]
===file:sqls_util/syntax/insert_value.sql, id:94, sql:[insert into test1 values (10,'·~！@#￥%……&*（）-=——+{}【】、|；‘：“，。/《》？')]===
dble:[[]]
===file:sqls_util/syntax/insert_value.sql, id:95, sql:[insert into test1 values (11,0x5061756c)]===
dble:[[]]
===file:sqls_util/syntax/insert_value.sql, id:96, sql:[insert into test1 values (12,x'4D7953514C')]===
dble:[[]]
===file:sqls_util/syntax/insert_value.sql, id:97, sql:[insert into test1 values (13,'\0')]===
dble:[[]]
===file:sqls_util/syntax/insert_value.sql, id:98, sql:[insert into test1 values (14,'\n')]===
dble:[[]]
===file:sqls_util/syntax/insert_value.sql, id:99, sql:[insert into test1 values (15,'\t')]===
dble:[[]]
===file:sqls_util/syntax/insert_value.sql, id:100, sql:[insert into test1 values (16,'\r')]===
dble:[[]]
===file:sqls_util/syntax/insert_value.sql, id:101, sql:[insert into test1 values (17,'\b')]===
dble:[[]]
===file:sqls_util/syntax/insert_value.sql, id:102, sql:[insert into test1 values (18,'\'')]===
dble:[[]]
===file:sqls_util/syntax/insert_value.sql, id:103, sql:[insert into test1 values (19,'\"')]===
dble:[[]]
===file:sqls_util/syntax/insert_value.sql, id:104, sql:[insert into test1 values (20,'''')]===
dble:[[]]
===file:sqls_util/syntax/insert_value.sql, id:105, sql:[insert into test1 values (21,"""")]===
dble:[[]]
===file:sqls_util/syntax/insert_value.sql, id:106, sql:[insert into test1 values (22,'\\')]===
dble:[[]]
===file:sqls_util/syntax/insert_value.sql, id:108, sql:[drop table if exists test1]===
dble:[[]]
===file:sqls_util/syntax/insert_value.sql, id:109, sql:[create table test1(id int,tinyblob_columns tinyblob)]===
dble:[[]]
===file:sqls_util/syntax/insert_value.sql, id:110, sql:[insert into test1 values (0,NULL)]===
dble:[[]]
===file:sqls_util/syntax/insert_value.sql, id:111, sql:[insert into test1 values (1,'')]===
dble:[[]]
===file:sqls_util/syntax/insert_value.sql, id:112, sql:[insert into test1 values (2,' ')]===
dble:[[]]
===file:sqls_util/syntax/insert_value.sql, id:113, sql:[insert into test1 values (3,'a a a ')]===
dble:[[]]
===file:sqls_util/syntax/insert_value.sql, id:114, sql:[insert into test1 values (4,'abcdefghijklmnopqrstuvwxyz')]===
dble:[[]]
===file:sqls_util/syntax/insert_value.sql, id:115, sql:[insert into test1 values (5,'ABCDEFGHIJKLMNOPQRSTUVWXYZ')]===
dble:[[]]
===file:sqls_util/syntax/insert_value.sql, id:116, sql:[insert into test1 values (6,'~`!@#$%^&*()-=_+{}[]|:/* uproxy_dest_expect:M */<>,.?/')]===
dble:[[]]
===file:sqls_util/syntax/insert_value.sql, id:117, sql:[insert into test1 values (7,'1234567890')]===
dble:[[]]
===file:sqls_util/syntax/insert_value.sql, id:118, sql:[insert into test1 values (8,1234567890)]===
dble:[[]]
===file:sqls_util/syntax/insert_value.sql, id:119, sql:[insert into test1 values (9,'数据库sql测试')]===
dble:[[]]
===file:sqls_util/syntax/insert_value.sql, id:120, sql:[insert into test1 values (10,'·~！@#￥%……&*（）-=——+{}【】、|；‘：“，。/《》？')]===
dble:[[]]
===file:sqls_util/syntax/insert_value.sql, id:121, sql:[insert into test1 values (11,0x5061756c)]===
dble:[[]]
===file:sqls_util/syntax/insert_value.sql, id:122, sql:[insert into test1 values (12,x'4D7953514C')]===
dble:[[]]
===file:sqls_util/syntax/insert_value.sql, id:123, sql:[insert into test1 values (13,'\0')]===
dble:[[]]
===file:sqls_util/syntax/insert_value.sql, id:124, sql:[insert into test1 values (14,'\n')]===
dble:[[]]
===file:sqls_util/syntax/insert_value.sql, id:125, sql:[insert into test1 values (15,'\t')]===
dble:[[]]
===file:sqls_util/syntax/insert_value.sql, id:126, sql:[insert into test1 values (16,'\r')]===
dble:[[]]
===file:sqls_util/syntax/insert_value.sql, id:127, sql:[insert into test1 values (17,'\b')]===
dble:[[]]
===file:sqls_util/syntax/insert_value.sql, id:128, sql:[insert into test1 values (18,'\'')]===
dble:[[]]
===file:sqls_util/syntax/insert_value.sql, id:129, sql:[insert into test1 values (19,'\"')]===
dble:[[]]
===file:sqls_util/syntax/insert_value.sql, id:130, sql:[insert into test1 values (20,'''')]===
dble:[[]]
===file:sqls_util/syntax/insert_value.sql, id:131, sql:[insert into test1 values (21,"""")]===
dble:[[]]
===file:sqls_util/syntax/insert_value.sql, id:132, sql:[insert into test1 values (22,'\\')]===
dble:[[]]
===file:sqls_util/syntax/insert_value.sql, id:134, sql:[drop table if exists test1]===
dble:[[]]
===file:sqls_util/syntax/insert_value.sql, id:135, sql:[create table test1(id int,blob_columns blob)]===
dble:[[]]
===file:sqls_util/syntax/insert_value.sql, id:136, sql:[insert into test1 values (0,NULL)]===
dble:[[]]
===file:sqls_util/syntax/insert_value.sql, id:137, sql:[insert into test1 values (1,'')]===
dble:[[]]
===file:sqls_util/syntax/insert_value.sql, id:138, sql:[insert into test1 values (2,' ')]===
dble:[[]]
===file:sqls_util/syntax/insert_value.sql, id:139, sql:[insert into test1 values (3,'a a a ')]===
dble:[[]]
===file:sqls_util/syntax/insert_value.sql, id:140, sql:[insert into test1 values (4,'abcdefghijklmnopqrstuvwxyz')]===
dble:[[]]
===file:sqls_util/syntax/insert_value.sql, id:141, sql:[insert into test1 values (5,'ABCDEFGHIJKLMNOPQRSTUVWXYZ')]===
dble:[[]]
===file:sqls_util/syntax/insert_value.sql, id:142, sql:[insert into test1 values (6,'~`!@#$%^&*()-=_+{}[]|:/* uproxy_dest_expect:M */<>,.?/')]===
dble:[[]]
===file:sqls_util/syntax/insert_value.sql, id:143, sql:[insert into test1 values (7,'1234567890')]===
dble:[[]]
===file:sqls_util/syntax/insert_value.sql, id:144, sql:[insert into test1 values (8,1234567890)]===
dble:[[]]
===file:sqls_util/syntax/insert_value.sql, id:145, sql:[insert into test1 values (9,'数据库sql测试')]===
dble:[[]]
===file:sqls_util/syntax/insert_value.sql, id:146, sql:[insert into test1 values (10,'·~！@#￥%……&*（）-=——+{}【】、|；‘：“，。/《》？')]===
dble:[[]]
===file:sqls_util/syntax/insert_value.sql, id:147, sql:[insert into test1 values (11,0x5061756c)]===
dble:[[]]
===file:sqls_util/syntax/insert_value.sql, id:148, sql:[insert into test1 values (12,x'4D7953514C')]===
dble:[[]]
===file:sqls_util/syntax/insert_value.sql, id:149, sql:[insert into test1 values (13,'\0')]===
dble:[[]]
===file:sqls_util/syntax/insert_value.sql, id:150, sql:[insert into test1 values (14,'\n')]===
dble:[[]]
===file:sqls_util/syntax/insert_value.sql, id:151, sql:[insert into test1 values (15,'\t')]===
dble:[[]]
===file:sqls_util/syntax/insert_value.sql, id:152, sql:[insert into test1 values (16,'\r')]===
dble:[[]]
===file:sqls_util/syntax/insert_value.sql, id:153, sql:[insert into test1 values (17,'\b')]===
dble:[[]]
===file:sqls_util/syntax/insert_value.sql, id:154, sql:[insert into test1 values (18,'\'')]===
dble:[[]]
===file:sqls_util/syntax/insert_value.sql, id:155, sql:[insert into test1 values (19,'\"')]===
dble:[[]]
===file:sqls_util/syntax/insert_value.sql, id:156, sql:[insert into test1 values (20,'''')]===
dble:[[]]
===file:sqls_util/syntax/insert_value.sql, id:157, sql:[insert into test1 values (21,"""")]===
dble:[[]]
===file:sqls_util/syntax/insert_value.sql, id:158, sql:[insert into test1 values (22,'\\')]===
dble:[[]]
===file:sqls_util/syntax/insert_value.sql, id:160, sql:[drop table if exists test1]===
dble:[[]]
===file:sqls_util/syntax/insert_value.sql, id:161, sql:[create table test1(id int,mediumblob_columns mediumblob)]===
dble:[[]]
===file:sqls_util/syntax/insert_value.sql, id:162, sql:[insert into test1 values (0,NULL)]===
dble:[[]]
===file:sqls_util/syntax/insert_value.sql, id:163, sql:[insert into test1 values (1,'')]===
dble:[[]]
===file:sqls_util/syntax/insert_value.sql, id:164, sql:[insert into test1 values (2,' ')]===
dble:[[]]
===file:sqls_util/syntax/insert_value.sql, id:165, sql:[insert into test1 values (3,'a a a ')]===
dble:[[]]
===file:sqls_util/syntax/insert_value.sql, id:166, sql:[insert into test1 values (4,'abcdefghijklmnopqrstuvwxyz')]===
dble:[[]]
===file:sqls_util/syntax/insert_value.sql, id:167, sql:[insert into test1 values (5,'ABCDEFGHIJKLMNOPQRSTUVWXYZ')]===
dble:[[]]
===file:sqls_util/syntax/insert_value.sql, id:168, sql:[insert into test1 values (6,'~`!@#$%^&*()-=_+{}[]|:/* uproxy_dest_expect:M */<>,.?/')]===
dble:[[]]
===file:sqls_util/syntax/insert_value.sql, id:169, sql:[insert into test1 values (7,'1234567890')]===
dble:[[]]
===file:sqls_util/syntax/insert_value.sql, id:170, sql:[insert into test1 values (8,1234567890)]===
dble:[[]]
===file:sqls_util/syntax/insert_value.sql, id:171, sql:[insert into test1 values (9,'数据库sql测试')]===
dble:[[]]
===file:sqls_util/syntax/insert_value.sql, id:172, sql:[insert into test1 values (10,'·~！@#￥%……&*（）-=——+{}【】、|；‘：“，。/《》？')]===
dble:[[]]
===file:sqls_util/syntax/insert_value.sql, id:173, sql:[insert into test1 values (11,0x5061756c)]===
dble:[[]]
===file:sqls_util/syntax/insert_value.sql, id:174, sql:[insert into test1 values (12,x'4D7953514C')]===
dble:[[]]
===file:sqls_util/syntax/insert_value.sql, id:175, sql:[insert into test1 values (13,'\0')]===
dble:[[]]
===file:sqls_util/syntax/insert_value.sql, id:176, sql:[insert into test1 values (14,'\n')]===
dble:[[]]
===file:sqls_util/syntax/insert_value.sql, id:177, sql:[insert into test1 values (15,'\t')]===
dble:[[]]
===file:sqls_util/syntax/insert_value.sql, id:178, sql:[insert into test1 values (16,'\r')]===
dble:[[]]
===file:sqls_util/syntax/insert_value.sql, id:179, sql:[insert into test1 values (17,'\b')]===
dble:[[]]
===file:sqls_util/syntax/insert_value.sql, id:180, sql:[insert into test1 values (18,'\'')]===
dble:[[]]
===file:sqls_util/syntax/insert_value.sql, id:181, sql:[insert into test1 values (19,'\"')]===
dble:[[]]
===file:sqls_util/syntax/insert_value.sql, id:182, sql:[insert into test1 values (20,'''')]===
dble:[[]]
===file:sqls_util/syntax/insert_value.sql, id:183, sql:[insert into test1 values (21,"""")]===
dble:[[]]
===file:sqls_util/syntax/insert_value.sql, id:184, sql:[insert into test1 values (22,'\\')]===
dble:[[]]
===file:sqls_util/syntax/insert_value.sql, id:186, sql:[drop table if exists test1]===
dble:[[]]
===file:sqls_util/syntax/insert_value.sql, id:187, sql:[create table test1(id int,longblob_columns longblob)]===
dble:[[]]
===file:sqls_util/syntax/insert_value.sql, id:188, sql:[insert into test1 values (0,NULL)]===
dble:[[]]
===file:sqls_util/syntax/insert_value.sql, id:189, sql:[insert into test1 values (1,'')]===
dble:[[]]
===file:sqls_util/syntax/insert_value.sql, id:190, sql:[insert into test1 values (2,' ')]===
dble:[[]]
===file:sqls_util/syntax/insert_value.sql, id:191, sql:[insert into test1 values (3,'a a a ')]===
dble:[[]]
===file:sqls_util/syntax/insert_value.sql, id:192, sql:[insert into test1 values (4,'abcdefghijklmnopqrstuvwxyz')]===
dble:[[]]
===file:sqls_util/syntax/insert_value.sql, id:193, sql:[insert into test1 values (5,'ABCDEFGHIJKLMNOPQRSTUVWXYZ')]===
dble:[[]]
===file:sqls_util/syntax/insert_value.sql, id:194, sql:[insert into test1 values (6,'~`!@#$%^&*()-=_+{}[]|:/* uproxy_dest_expect:M */<>,.?/')]===
dble:[[]]
===file:sqls_util/syntax/insert_value.sql, id:195, sql:[insert into test1 values (7,'1234567890')]===
dble:[[]]
===file:sqls_util/syntax/insert_value.sql, id:196, sql:[insert into test1 values (8,1234567890)]===
dble:[[]]
===file:sqls_util/syntax/insert_value.sql, id:197, sql:[insert into test1 values (9,'数据库sql测试')]===
dble:[[]]
===file:sqls_util/syntax/insert_value.sql, id:198, sql:[insert into test1 values (10,'·~！@#￥%……&*（）-=——+{}【】、|；‘：“，。/《》？')]===
dble:[[]]
===file:sqls_util/syntax/insert_value.sql, id:199, sql:[insert into test1 values (11,0x5061756c)]===
dble:[[]]
===file:sqls_util/syntax/insert_value.sql, id:200, sql:[insert into test1 values (12,x'4D7953514C')]===
dble:[[]]
===file:sqls_util/syntax/insert_value.sql, id:201, sql:[insert into test1 values (13,'\0')]===
dble:[[]]
===file:sqls_util/syntax/insert_value.sql, id:202, sql:[insert into test1 values (14,'\n')]===
dble:[[]]
===file:sqls_util/syntax/insert_value.sql, id:203, sql:[insert into test1 values (15,'\t')]===
dble:[[]]
===file:sqls_util/syntax/insert_value.sql, id:204, sql:[insert into test1 values (16,'\r')]===
dble:[[]]
===file:sqls_util/syntax/insert_value.sql, id:205, sql:[insert into test1 values (17,'\b')]===
dble:[[]]
===file:sqls_util/syntax/insert_value.sql, id:206, sql:[insert into test1 values (18,'\'')]===
dble:[[]]
===file:sqls_util/syntax/insert_value.sql, id:207, sql:[insert into test1 values (19,'\"')]===
dble:[[]]
===file:sqls_util/syntax/insert_value.sql, id:208, sql:[insert into test1 values (20,'''')]===
dble:[[]]
===file:sqls_util/syntax/insert_value.sql, id:209, sql:[insert into test1 values (21,"""")]===
dble:[[]]
===file:sqls_util/syntax/insert_value.sql, id:210, sql:[insert into test1 values (22,'\\')]===
dble:[[]]
===file:sqls_util/syntax/insert_value.sql, id:212, sql:[drop table if exists test1]===
dble:[[]]
===file:sqls_util/syntax/insert_value.sql, id:213, sql:[create table test1(id int,tinytext_columns tinytext)]===
dble:[[]]
===file:sqls_util/syntax/insert_value.sql, id:214, sql:[insert into test1 values (0,NULL)]===
dble:[[]]
===file:sqls_util/syntax/insert_value.sql, id:215, sql:[insert into test1 values (1,'')]===
dble:[[]]
===file:sqls_util/syntax/insert_value.sql, id:216, sql:[insert into test1 values (2,' ')]===
dble:[[]]
===file:sqls_util/syntax/insert_value.sql, id:217, sql:[insert into test1 values (3,'a a a ')]===
dble:[[]]
===file:sqls_util/syntax/insert_value.sql, id:218, sql:[insert into test1 values (4,'abcdefghijklmnopqrstuvwxyz')]===
dble:[[]]
===file:sqls_util/syntax/insert_value.sql, id:219, sql:[insert into test1 values (5,'ABCDEFGHIJKLMNOPQRSTUVWXYZ')]===
dble:[[]]
===file:sqls_util/syntax/insert_value.sql, id:220, sql:[insert into test1 values (6,'~`!@#$%^&*()-=_+{}[]|:/* uproxy_dest_expect:M */<>,.?/')]===
dble:[[]]
===file:sqls_util/syntax/insert_value.sql, id:221, sql:[insert into test1 values (7,'1234567890')]===
dble:[[]]
===file:sqls_util/syntax/insert_value.sql, id:222, sql:[insert into test1 values (8,1234567890)]===
dble:[[]]
===file:sqls_util/syntax/insert_value.sql, id:223, sql:[insert into test1 values (9,'数据库sql测试')]===
dble:[[]]
===file:sqls_util/syntax/insert_value.sql, id:224, sql:[insert into test1 values (10,'·~！@#￥%……&*（）-=——+{}【】、|；‘：“，。/《》？')]===
dble:[[]]
===file:sqls_util/syntax/insert_value.sql, id:225, sql:[insert into test1 values (11,0x5061756c)]===
dble:[[]]
===file:sqls_util/syntax/insert_value.sql, id:226, sql:[insert into test1 values (12,x'4D7953514C')]===
dble:[[]]
===file:sqls_util/syntax/insert_value.sql, id:227, sql:[insert into test1 values (13,'\0')]===
dble:[[]]
===file:sqls_util/syntax/insert_value.sql, id:228, sql:[insert into test1 values (14,'\n')]===
dble:[[]]
===file:sqls_util/syntax/insert_value.sql, id:229, sql:[insert into test1 values (15,'\t')]===
dble:[[]]
===file:sqls_util/syntax/insert_value.sql, id:230, sql:[insert into test1 values (16,'\r')]===
dble:[[]]
===file:sqls_util/syntax/insert_value.sql, id:231, sql:[insert into test1 values (17,'\b')]===
dble:[[]]
===file:sqls_util/syntax/insert_value.sql, id:232, sql:[insert into test1 values (18,'\'')]===
dble:[[]]
===file:sqls_util/syntax/insert_value.sql, id:233, sql:[insert into test1 values (19,'\"')]===
dble:[[]]
===file:sqls_util/syntax/insert_value.sql, id:234, sql:[insert into test1 values (20,'''')]===
dble:[[]]
===file:sqls_util/syntax/insert_value.sql, id:235, sql:[insert into test1 values (21,"""")]===
dble:[[]]
===file:sqls_util/syntax/insert_value.sql, id:236, sql:[insert into test1 values (22,'\\')]===
dble:[[]]
===file:sqls_util/syntax/insert_value.sql, id:238, sql:[drop table if exists test1]===
dble:[[]]
===file:sqls_util/syntax/insert_value.sql, id:239, sql:[create table test1(id int,text_columns text)]===
dble:[[]]
===file:sqls_util/syntax/insert_value.sql, id:240, sql:[insert into test1 values (0,NULL)]===
dble:[[]]
===file:sqls_util/syntax/insert_value.sql, id:241, sql:[insert into test1 values (1,'')]===
dble:[[]]
===file:sqls_util/syntax/insert_value.sql, id:242, sql:[insert into test1 values (2,' ')]===
dble:[[]]
===file:sqls_util/syntax/insert_value.sql, id:243, sql:[insert into test1 values (3,'a a a ')]===
dble:[[]]
===file:sqls_util/syntax/insert_value.sql, id:244, sql:[insert into test1 values (4,'abcdefghijklmnopqrstuvwxyz')]===
dble:[[]]
===file:sqls_util/syntax/insert_value.sql, id:245, sql:[insert into test1 values (5,'ABCDEFGHIJKLMNOPQRSTUVWXYZ')]===
dble:[[]]
===file:sqls_util/syntax/insert_value.sql, id:246, sql:[insert into test1 values (6,'~`!@#$%^&*()-=_+{}[]|:/* uproxy_dest_expect:M */<>,.?/')]===
dble:[[]]
===file:sqls_util/syntax/insert_value.sql, id:247, sql:[insert into test1 values (7,'1234567890')]===
dble:[[]]
===file:sqls_util/syntax/insert_value.sql, id:248, sql:[insert into test1 values (8,1234567890)]===
dble:[[]]
===file:sqls_util/syntax/insert_value.sql, id:249, sql:[insert into test1 values (9,'数据库sql测试')]===
dble:[[]]
===file:sqls_util/syntax/insert_value.sql, id:250, sql:[insert into test1 values (10,'·~！@#￥%……&*（）-=——+{}【】、|；‘：“，。/《》？')]===
dble:[[]]
===file:sqls_util/syntax/insert_value.sql, id:251, sql:[insert into test1 values (11,0x5061756c)]===
dble:[[]]
===file:sqls_util/syntax/insert_value.sql, id:252, sql:[insert into test1 values (12,x'4D7953514C')]===
dble:[[]]
===file:sqls_util/syntax/insert_value.sql, id:253, sql:[insert into test1 values (13,'\0')]===
dble:[[]]
===file:sqls_util/syntax/insert_value.sql, id:254, sql:[insert into test1 values (14,'\n')]===
dble:[[]]
===file:sqls_util/syntax/insert_value.sql, id:255, sql:[insert into test1 values (15,'\t')]===
dble:[[]]
===file:sqls_util/syntax/insert_value.sql, id:256, sql:[insert into test1 values (16,'\r')]===
dble:[[]]
===file:sqls_util/syntax/insert_value.sql, id:257, sql:[insert into test1 values (17,'\b')]===
dble:[[]]
===file:sqls_util/syntax/insert_value.sql, id:258, sql:[insert into test1 values (18,'\'')]===
dble:[[]]
===file:sqls_util/syntax/insert_value.sql, id:259, sql:[insert into test1 values (19,'\"')]===
dble:[[]]
===file:sqls_util/syntax/insert_value.sql, id:260, sql:[insert into test1 values (20,'''')]===
dble:[[]]
===file:sqls_util/syntax/insert_value.sql, id:261, sql:[insert into test1 values (21,"""")]===
dble:[[]]
===file:sqls_util/syntax/insert_value.sql, id:262, sql:[insert into test1 values (22,'\\')]===
dble:[[]]
===file:sqls_util/syntax/insert_value.sql, id:264, sql:[drop table if exists test1]===
dble:[[]]
===file:sqls_util/syntax/insert_value.sql, id:265, sql:[create table test1(id int,mediumtext_columns mediumtext)]===
dble:[[]]
===file:sqls_util/syntax/insert_value.sql, id:266, sql:[insert into test1 values (0,NULL)]===
dble:[[]]
===file:sqls_util/syntax/insert_value.sql, id:267, sql:[insert into test1 values (1,'')]===
dble:[[]]
===file:sqls_util/syntax/insert_value.sql, id:268, sql:[insert into test1 values (2,' ')]===
dble:[[]]
===file:sqls_util/syntax/insert_value.sql, id:269, sql:[insert into test1 values (3,'a a a ')]===
dble:[[]]
===file:sqls_util/syntax/insert_value.sql, id:270, sql:[insert into test1 values (4,'abcdefghijklmnopqrstuvwxyz')]===
dble:[[]]
===file:sqls_util/syntax/insert_value.sql, id:271, sql:[insert into test1 values (5,'ABCDEFGHIJKLMNOPQRSTUVWXYZ')]===
dble:[[]]
===file:sqls_util/syntax/insert_value.sql, id:272, sql:[insert into test1 values (6,'~`!@#$%^&*()-=_+{}[]|:/* uproxy_dest_expect:M */<>,.?/')]===
dble:[[]]
===file:sqls_util/syntax/insert_value.sql, id:273, sql:[insert into test1 values (7,'1234567890')]===
dble:[[]]
===file:sqls_util/syntax/insert_value.sql, id:274, sql:[insert into test1 values (8,1234567890)]===
dble:[[]]
===file:sqls_util/syntax/insert_value.sql, id:275, sql:[insert into test1 values (9,'数据库sql测试')]===
dble:[[]]
===file:sqls_util/syntax/insert_value.sql, id:276, sql:[insert into test1 values (10,'·~！@#￥%……&*（）-=——+{}【】、|；‘：“，。/《》？')]===
dble:[[]]
===file:sqls_util/syntax/insert_value.sql, id:277, sql:[insert into test1 values (11,0x5061756c)]===
dble:[[]]
===file:sqls_util/syntax/insert_value.sql, id:278, sql:[insert into test1 values (12,x'4D7953514C')]===
dble:[[]]
===file:sqls_util/syntax/insert_value.sql, id:279, sql:[insert into test1 values (13,'\0')]===
dble:[[]]
===file:sqls_util/syntax/insert_value.sql, id:280, sql:[insert into test1 values (14,'\n')]===
dble:[[]]
===file:sqls_util/syntax/insert_value.sql, id:281, sql:[insert into test1 values (15,'\t')]===
dble:[[]]
===file:sqls_util/syntax/insert_value.sql, id:282, sql:[insert into test1 values (16,'\r')]===
dble:[[]]
===file:sqls_util/syntax/insert_value.sql, id:283, sql:[insert into test1 values (17,'\b')]===
dble:[[]]
===file:sqls_util/syntax/insert_value.sql, id:284, sql:[insert into test1 values (18,'\'')]===
dble:[[]]
===file:sqls_util/syntax/insert_value.sql, id:285, sql:[insert into test1 values (19,'\"')]===
dble:[[]]
===file:sqls_util/syntax/insert_value.sql, id:286, sql:[insert into test1 values (20,'''')]===
dble:[[]]
===file:sqls_util/syntax/insert_value.sql, id:287, sql:[insert into test1 values (21,"""")]===
dble:[[]]
===file:sqls_util/syntax/insert_value.sql, id:288, sql:[insert into test1 values (22,'\\')]===
dble:[[]]
===file:sqls_util/syntax/insert_value.sql, id:290, sql:[drop table if exists test1]===
dble:[[]]
===file:sqls_util/syntax/insert_value.sql, id:291, sql:[create table test1(id int,longtext_columns longtext)]===
dble:[[]]
===file:sqls_util/syntax/insert_value.sql, id:292, sql:[insert into test1 values (0,NULL)]===
dble:[[]]
===file:sqls_util/syntax/insert_value.sql, id:293, sql:[insert into test1 values (1,'')]===
dble:[[]]
===file:sqls_util/syntax/insert_value.sql, id:294, sql:[insert into test1 values (2,' ')]===
dble:[[]]
===file:sqls_util/syntax/insert_value.sql, id:295, sql:[insert into test1 values (3,'a a a ')]===
dble:[[]]
===file:sqls_util/syntax/insert_value.sql, id:296, sql:[insert into test1 values (4,'abcdefghijklmnopqrstuvwxyz')]===
dble:[[]]
===file:sqls_util/syntax/insert_value.sql, id:297, sql:[insert into test1 values (5,'ABCDEFGHIJKLMNOPQRSTUVWXYZ')]===
dble:[[]]
===file:sqls_util/syntax/insert_value.sql, id:298, sql:[insert into test1 values (6,'~`!@#$%^&*()-=_+{}[]|:/* uproxy_dest_expect:M */<>,.?/')]===
dble:[[]]
===file:sqls_util/syntax/insert_value.sql, id:299, sql:[insert into test1 values (7,'1234567890')]===
dble:[[]]
===file:sqls_util/syntax/insert_value.sql, id:300, sql:[insert into test1 values (8,1234567890)]===
dble:[[]]
===file:sqls_util/syntax/insert_value.sql, id:301, sql:[insert into test1 values (9,'数据库sql测试')]===
dble:[[]]
===file:sqls_util/syntax/insert_value.sql, id:302, sql:[insert into test1 values (10,'·~！@#￥%……&*（）-=——+{}【】、|；‘：“，。/《》？')]===
dble:[[]]
===file:sqls_util/syntax/insert_value.sql, id:303, sql:[insert into test1 values (11,0x5061756c)]===
dble:[[]]
===file:sqls_util/syntax/insert_value.sql, id:304, sql:[insert into test1 values (12,x'4D7953514C')]===
dble:[[]]
===file:sqls_util/syntax/insert_value.sql, id:305, sql:[insert into test1 values (13,'\0')]===
dble:[[]]
===file:sqls_util/syntax/insert_value.sql, id:306, sql:[insert into test1 values (14,'\n')]===
dble:[[]]
===file:sqls_util/syntax/insert_value.sql, id:307, sql:[insert into test1 values (15,'\t')]===
dble:[[]]
===file:sqls_util/syntax/insert_value.sql, id:308, sql:[insert into test1 values (16,'\r')]===
dble:[[]]
===file:sqls_util/syntax/insert_value.sql, id:309, sql:[insert into test1 values (17,'\b')]===
dble:[[]]
===file:sqls_util/syntax/insert_value.sql, id:310, sql:[insert into test1 values (18,'\'')]===
dble:[[]]
===file:sqls_util/syntax/insert_value.sql, id:311, sql:[insert into test1 values (19,'\"')]===
dble:[[]]
===file:sqls_util/syntax/insert_value.sql, id:312, sql:[insert into test1 values (20,'''')]===
dble:[[]]
===file:sqls_util/syntax/insert_value.sql, id:313, sql:[insert into test1 values (21,"""")]===
dble:[[]]
===file:sqls_util/syntax/insert_value.sql, id:314, sql:[insert into test1 values (22,'\\')]===
dble:[[]]
===file:sqls_util/syntax/insert_value.sql, id:316, sql:[drop table if exists test1]===
dble:[[]]
===file:sqls_util/syntax/insert_value.sql, id:317, sql:[create table test1(id int,binary_columns binary(255))]===
dble:[[]]
===file:sqls_util/syntax/insert_value.sql, id:342, sql:[drop table if exists test1]===
dble:[[]]
===file:sqls_util/syntax/insert_value.sql, id:343, sql:[create table test1(id int,binary_columns varbinary(255))]===
dble:[[]]
===file:sqls_util/syntax/insert_value.sql, id:368, sql:[drop table if exists test1]===
dble:[[]]
===file:sqls_util/syntax/insert_value.sql, id:369, sql:[create table test1(id int,tinyblob_columns tinyblob)]===
dble:[[]]
===file:sqls_util/syntax/insert_value.sql, id:394, sql:[drop table if exists test1]===
dble:[[]]
===file:sqls_util/syntax/insert_value.sql, id:395, sql:[create table test1(id int,blob_columns blob)]===
dble:[[]]
===file:sqls_util/syntax/insert_value.sql, id:420, sql:[drop table if exists test1]===
dble:[[]]
===file:sqls_util/syntax/insert_value.sql, id:421, sql:[create table test1(id int,mediumblob_columns mediumblob)]===
dble:[[]]
===file:sqls_util/syntax/insert_value.sql, id:446, sql:[drop table if exists test1]===
dble:[[]]
===file:sqls_util/syntax/insert_value.sql, id:447, sql:[create table test1(id int,longblob_columns longblob)]===
dble:[[]]
===file:sqls_util/syntax/insert_value.sql, id:472, sql:[drop table if exists test1]===
dble:[[]]
===file:sqls_util/syntax/insert_value.sql, id:473, sql:[create table test1(id int,bit_column bit)]===
dble:[[]]
===file:sqls_util/syntax/insert_value.sql, id:474, sql:[insert into test1 values (0,null)]===
dble:[[]]
===file:sqls_util/syntax/insert_value.sql, id:475, sql:[insert into test1 values (1,b'0')]===
dble:[[]]
===file:sqls_util/syntax/insert_value.sql, id:476, sql:[insert into test1 values (2,b'1')]===
dble:[[]]
===file:sqls_util/syntax/insert_value.sql, id:478, sql:[insert into test1 values (4,1)]===
dble:[[]]
===file:sqls_util/syntax/insert_value.sql, id:482, sql:[drop table if exists test1]===
dble:[[]]
===file:sqls_util/syntax/insert_value.sql, id:483, sql:[create table test1(id int,bit_5_column bit(5))]===
dble:[[]]
===file:sqls_util/syntax/insert_value.sql, id:484, sql:[insert into test1 values (0,null)]===
dble:[[]]
===file:sqls_util/syntax/insert_value.sql, id:485, sql:[insert into test1 values (1,b'0')]===
dble:[[]]
===file:sqls_util/syntax/insert_value.sql, id:486, sql:[insert into test1 values (2,b'1')]===
dble:[[]]
===file:sqls_util/syntax/insert_value.sql, id:487, sql:[insert into test1 values (3,b'11111')]===
dble:[[]]
===file:sqls_util/syntax/insert_value.sql, id:489, sql:[insert into test1 values (5,31)]===
dble:[[]]
===file:sqls_util/syntax/insert_value.sql, id:495, sql:[drop table if exists test1]===
dble:[[]]
===file:sqls_util/syntax/insert_value.sql, id:496, sql:[create table test1(id int,bit_column bit(64))]===
dble:[[]]
===file:sqls_util/syntax/insert_value.sql, id:497, sql:[insert into test1 values(1,b'0');]===
dble:[[]]
===file:sqls_util/syntax/insert_value.sql, id:498, sql:[insert into test1 values(2,b'1111111111111111111111111111111111');]===
dble:[[]]
===file:sqls_util/syntax/insert_value.sql, id:499, sql:[insert into test1 values(3,b'1111111111111111111111111111111111111111111111111111111111111111');]===
dble:[[]]
===file:sqls_util/syntax/insert_value.sql, id:501, sql:[insert into test1 values (5,-1)]===
dble:[[]]
===file:sqls_util/syntax/insert_value.sql, id:502, sql:[insert into test1 values (6,1)]===
dble:[[]]
===file:sqls_util/syntax/insert_value.sql, id:503, sql:[insert into test1 values (7,9223372036854775807)]===
dble:[[]]
===file:sqls_util/syntax/insert_value.sql, id:504, sql:[insert into test1 values (8,9223372036854775808)]===
dble:[[]]
===file:sqls_util/syntax/insert_value.sql, id:505, sql:[insert into test1 values (9,18446744073709551615)]===
dble:[[]]
===file:sqls_util/syntax/insert_value.sql, id:510, sql:[drop table if exists test1]===
dble:[[]]
===file:sqls_util/syntax/insert_value.sql, id:511, sql:[create table test1(id int,date_columns date)]===
dble:[[]]
===file:sqls_util/syntax/insert_value.sql, id:512, sql:[insert into test1 values (0,'1000-01-01')]===
dble:[[]]
===file:sqls_util/syntax/insert_value.sql, id:513, sql:[insert into test1 values (1,'9999-12-31')]===
dble:[[]]
===file:sqls_util/syntax/insert_value.sql, id:514, sql:[insert into test1 values (2,'1900-00-00')]===
dble:[[]]
===file:sqls_util/syntax/insert_value.sql, id:515, sql:[insert into test1 values (3,'1900-01-01')]===
dble:[[]]
===file:sqls_util/syntax/insert_value.sql, id:517, sql:[insert into test1 values (5,0)]===
dble:[[]]
===file:sqls_util/syntax/insert_value.sql, id:518, sql:[insert into test1 values (6,NULL)]===
dble:[[]]
===file:sqls_util/syntax/insert_value.sql, id:520, sql:[drop table if exists test1]===
dble:[[]]
===file:sqls_util/syntax/insert_value.sql, id:521, sql:[create table test1(id int,year4_columns year(4))]===
dble:[[]]
===file:sqls_util/syntax/insert_value.sql, id:522, sql:[insert into test1 values (0,1901)]===
dble:[[]]
===file:sqls_util/syntax/insert_value.sql, id:523, sql:[insert into test1 values (1,2155)]===
dble:[[]]
===file:sqls_util/syntax/insert_value.sql, id:524, sql:[insert into test1 values (2,0000)]===
dble:[[]]
===file:sqls_util/syntax/insert_value.sql, id:525, sql:[insert into test1 values (3,'00')]===
dble:[[]]
===file:sqls_util/syntax/insert_value.sql, id:528, sql:[insert into test1 values (6,0)]===
dble:[[]]
===file:sqls_util/syntax/insert_value.sql, id:529, sql:[insert into test1 values (7,NULL)]===
dble:[[]]
===file:sqls_util/syntax/insert_value.sql, id:531, sql:[drop table if exists test1]===
dble:[[]]
===file:sqls_util/syntax/insert_value.sql, id:532, sql:[create table test1(id int,time_columns time)]===
dble:[[]]
===file:sqls_util/syntax/insert_value.sql, id:533, sql:[insert into test1 values (0,'-838:59:59')]===
dble:[[]]
===file:sqls_util/syntax/insert_value.sql, id:534, sql:[insert into test1 values (1,'838:59:59')]===
dble:[[]]
===file:sqls_util/syntax/insert_value.sql, id:535, sql:[insert into test1 values (2,'12:12:12')]===
dble:[[]]
===file:sqls_util/syntax/insert_value.sql, id:536, sql:[insert into test1 values (3,'-12:12:12')]===
dble:[[]]
===file:sqls_util/syntax/insert_value.sql, id:537, sql:[insert into test1 values (4,'')]===
dble:[[]]
===file:sqls_util/syntax/insert_value.sql, id:538, sql:[insert into test1 values (5,0)]===
dble:[[]]
===file:sqls_util/syntax/insert_value.sql, id:539, sql:[insert into test1 values (6,NULL)]===
dble:[[]]
===file:sqls_util/syntax/insert_value.sql, id:541, sql:[drop table if exists test1]===
dble:[[]]
===file:sqls_util/syntax/insert_value.sql, id:542, sql:[create table test1(id int,datetime_columns datetime)]===
dble:[[]]
===file:sqls_util/syntax/insert_value.sql, id:543, sql:[insert into test1 values (0,'1000-01-01 00:00:00')]===
dble:[[]]
===file:sqls_util/syntax/insert_value.sql, id:544, sql:[insert into test1 values (1,'9999-12-31 23:59:59')]===
dble:[[]]
===file:sqls_util/syntax/insert_value.sql, id:545, sql:[insert into test1 values (2,'1000-01-01 00:00:00.000000')]===
dble:[[]]
===file:sqls_util/syntax/insert_value.sql, id:547, sql:[insert into test1 values (4,'1900-00-00 00:00:00')]===
dble:[[]]
===file:sqls_util/syntax/insert_value.sql, id:548, sql:[insert into test1 values (5,'1900-03-02 04:06:09')]===
dble:[[]]
===file:sqls_util/syntax/insert_value.sql, id:550, sql:[insert into test1 values (7,0)]===
dble:[[]]
===file:sqls_util/syntax/insert_value.sql, id:551, sql:[insert into test1 values (8,NULL)]===
dble:[[]]
===file:sqls_util/syntax/insert_value.sql, id:553, sql:[drop table if exists test1]===
dble:[[]]
===file:sqls_util/syntax/insert_value.sql, id:554, sql:[create table test1(id int,timestamp_columns timestamp)]===
dble:[[]]
===file:sqls_util/syntax/insert_value.sql, id:555, sql:[insert into test1 values (0,'1970-01-01 08:00:01')]===
dble:[[]]
===file:sqls_util/syntax/insert_value.sql, id:556, sql:[insert into test1 values (1,'2038-01-19 11:14:07')]===
dble:[[]]
===file:sqls_util/syntax/insert_value.sql, id:557, sql:[insert into test1 values (2,'2015-08-12 14:57:05')]===
dble:[[]]
===file:sqls_util/syntax/insert_value.sql, id:558, sql:[insert into test1 values (3,now())]===
dble:[[]]
===file:sqls_util/syntax/insert_value.sql, id:560, sql:[insert into test1 values (5,0)]===
dble:[[]]
===file:sqls_util/syntax/insert_value.sql, id:561, sql:[insert into test1 values (6,NULL)]===
dble:[[]]
===file:sqls_util/syntax/insert_value.sql, id:563, sql:[drop table if exists test1]===
dble:[[]]
===file:sqls_util/syntax/insert_value.sql, id:564, sql:[create table test1(id int,tinyint_columns tinyint)]===
dble:[[]]
===file:sqls_util/syntax/insert_value.sql, id:565, sql:[insert into test1 values (0,-128)]===
dble:[[]]
===file:sqls_util/syntax/insert_value.sql, id:566, sql:[insert into test1 values (1,127)]===
dble:[[]]
===file:sqls_util/syntax/insert_value.sql, id:567, sql:[insert into test1 values (2,0)]===
dble:[[]]
===file:sqls_util/syntax/insert_value.sql, id:568, sql:[insert into test1 values (3,50)]===
dble:[[]]
===file:sqls_util/syntax/insert_value.sql, id:569, sql:[insert into test1 values (4,-50)]===
dble:[[]]
===file:sqls_util/syntax/insert_value.sql, id:571, sql:[insert into test1 values (6,NULL)]===
dble:[[]]
===file:sqls_util/syntax/insert_value.sql, id:573, sql:[drop table if exists test1]===
dble:[[]]
===file:sqls_util/syntax/insert_value.sql, id:574, sql:[create table test1(id int,tinyint_unsigned_columns tinyint unsigned)]===
dble:[[]]
===file:sqls_util/syntax/insert_value.sql, id:575, sql:[insert into test1 values (0,0)]===
dble:[[]]
===file:sqls_util/syntax/insert_value.sql, id:576, sql:[insert into test1 values (1,255)]===
dble:[[]]
===file:sqls_util/syntax/insert_value.sql, id:577, sql:[insert into test1 values (2,100)]===
dble:[[]]
===file:sqls_util/syntax/insert_value.sql, id:579, sql:[insert into test1 values (4,NULL)]===
dble:[[]]
===file:sqls_util/syntax/insert_value.sql, id:581, sql:[drop table if exists test1]===
dble:[[]]
===file:sqls_util/syntax/insert_value.sql, id:582, sql:[create table test1(id int,smallint_columns smallint)]===
dble:[[]]
===file:sqls_util/syntax/insert_value.sql, id:583, sql:[insert into test1 values (0,-32768)]===
dble:[[]]
===file:sqls_util/syntax/insert_value.sql, id:584, sql:[insert into test1 values (1,32767)]===
dble:[[]]
===file:sqls_util/syntax/insert_value.sql, id:585, sql:[insert into test1 values (2,0)]===
dble:[[]]
===file:sqls_util/syntax/insert_value.sql, id:586, sql:[insert into test1 values (3,60)]===
dble:[[]]
===file:sqls_util/syntax/insert_value.sql, id:587, sql:[insert into test1 values (4,-60)]===
dble:[[]]
===file:sqls_util/syntax/insert_value.sql, id:589, sql:[insert into test1 values (6,NULL)]===
dble:[[]]
===file:sqls_util/syntax/insert_value.sql, id:591, sql:[drop table if exists test1]===
dble:[[]]
===file:sqls_util/syntax/insert_value.sql, id:592, sql:[create table test1(id int,smallint_unsigned_columns smallint unsigned)]===
dble:[[]]
===file:sqls_util/syntax/insert_value.sql, id:593, sql:[insert into test1 values (0,0)]===
dble:[[]]
===file:sqls_util/syntax/insert_value.sql, id:594, sql:[insert into test1 values (1,65535)]===
dble:[[]]
===file:sqls_util/syntax/insert_value.sql, id:595, sql:[insert into test1 values (2,1000)]===
dble:[[]]
===file:sqls_util/syntax/insert_value.sql, id:597, sql:[insert into test1 values (4,NULL)]===
dble:[[]]
===file:sqls_util/syntax/insert_value.sql, id:599, sql:[drop table if exists test1]===
dble:[[]]
===file:sqls_util/syntax/insert_value.sql, id:600, sql:[create table test1(id int,mediumint_columns mediumint)]===
dble:[[]]
===file:sqls_util/syntax/insert_value.sql, id:601, sql:[insert into test1 values (0,-8388608)]===
dble:[[]]
===file:sqls_util/syntax/insert_value.sql, id:602, sql:[insert into test1 values (1,8388607)]===
dble:[[]]
===file:sqls_util/syntax/insert_value.sql, id:603, sql:[insert into test1 values (2,0)]===
dble:[[]]
===file:sqls_util/syntax/insert_value.sql, id:605, sql:[insert into test1 values (4,NULL)]===
dble:[[]]
===file:sqls_util/syntax/insert_value.sql, id:607, sql:[drop table if exists test1]===
dble:[[]]
===file:sqls_util/syntax/insert_value.sql, id:608, sql:[create table test1(id int,mediumint_unsigned_columns mediumint unsigned)]===
dble:[[]]
===file:sqls_util/syntax/insert_value.sql, id:609, sql:[insert into test1 values (0,0)]===
dble:[[]]
===file:sqls_util/syntax/insert_value.sql, id:610, sql:[insert into test1 values (1,16777215)]===
dble:[[]]
===file:sqls_util/syntax/insert_value.sql, id:611, sql:[insert into test1 values (2,2000)]===
dble:[[]]
===file:sqls_util/syntax/insert_value.sql, id:613, sql:[insert into test1 values (4,NULL)]===
dble:[[]]
===file:sqls_util/syntax/insert_value.sql, id:615, sql:[drop table if exists test1]===
dble:[[]]
===file:sqls_util/syntax/insert_value.sql, id:616, sql:[create table test1(id int,int_columns int)]===
dble:[[]]
===file:sqls_util/syntax/insert_value.sql, id:617, sql:[insert into test1 values (0,-2147483648)]===
dble:[[]]
===file:sqls_util/syntax/insert_value.sql, id:618, sql:[insert into test1 values (1,2147483647)]===
dble:[[]]
===file:sqls_util/syntax/insert_value.sql, id:619, sql:[insert into test1 values (2,0)]===
dble:[[]]
===file:sqls_util/syntax/insert_value.sql, id:620, sql:[insert into test1 values (3,4000)]===
dble:[[]]
===file:sqls_util/syntax/insert_value.sql, id:622, sql:[insert into test1 values (5,NULL)]===
dble:[[]]
===file:sqls_util/syntax/insert_value.sql, id:624, sql:[drop table if exists test1]===
dble:[[]]
===file:sqls_util/syntax/insert_value.sql, id:625, sql:[create table test1(id int,int_unsigned_columns int unsigned)]===
dble:[[]]
===file:sqls_util/syntax/insert_value.sql, id:626, sql:[insert into test1 values (0,0)]===
dble:[[]]
===file:sqls_util/syntax/insert_value.sql, id:627, sql:[insert into test1 values (1,4294967295)]===
dble:[[]]
===file:sqls_util/syntax/insert_value.sql, id:628, sql:[insert into test1 values (2,60000)]===
dble:[[]]
===file:sqls_util/syntax/insert_value.sql, id:630, sql:[insert into test1 values (4,NULL)]===
dble:[[]]
===file:sqls_util/syntax/insert_value.sql, id:632, sql:[drop table if exists test1]===
dble:[[]]
===file:sqls_util/syntax/insert_value.sql, id:633, sql:[create table test1(id int,bigint_columns bigint)]===
dble:[[]]
===file:sqls_util/syntax/insert_value.sql, id:634, sql:[insert into test1 values (0,-9223372036854775808)]===
dble:[[]]
===file:sqls_util/syntax/insert_value.sql, id:635, sql:[insert into test1 values (1,9223372036854775807)]===
dble:[[]]
===file:sqls_util/syntax/insert_value.sql, id:636, sql:[insert into test1 values (2,0)]===
dble:[[]]
===file:sqls_util/syntax/insert_value.sql, id:637, sql:[insert into test1 values (3,800000)]===
dble:[[]]
===file:sqls_util/syntax/insert_value.sql, id:639, sql:[insert into test1 values (5,NULL)]===
dble:[[]]
===file:sqls_util/syntax/insert_value.sql, id:641, sql:[drop table if exists test1]===
dble:[[]]
===file:sqls_util/syntax/insert_value.sql, id:642, sql:[create table test1(id int,bigint_unsigned_columns bigint unsigned)]===
dble:[[]]
===file:sqls_util/syntax/insert_value.sql, id:643, sql:[insert into test1 values (0,0)]===
dble:[[]]
===file:sqls_util/syntax/insert_value.sql, id:644, sql:[insert into test1 values (1,18446744073709551615)]===
dble:[[]]
===file:sqls_util/syntax/insert_value.sql, id:645, sql:[insert into test1 values (2,200000000)]===
dble:[[]]
===file:sqls_util/syntax/insert_value.sql, id:647, sql:[insert into test1 values (4,NULL)]===
dble:[[]]
===file:sqls_util/syntax/insert_value.sql, id:649, sql:[drop table if exists test1]===
dble:[[]]
===file:sqls_util/syntax/insert_value.sql, id:650, sql:[create table test1(id int,decimal_columns decimal(10,2))]===
dble:[[]]
===file:sqls_util/syntax/insert_value.sql, id:651, sql:[insert into test1 values (0,-99999999.99)]===
dble:[[]]
===file:sqls_util/syntax/insert_value.sql, id:652, sql:[insert into test1 values (1,99999999.99)]===
dble:[[]]
===file:sqls_util/syntax/insert_value.sql, id:653, sql:[insert into test1 values (2,0)]===
dble:[[]]
===file:sqls_util/syntax/insert_value.sql, id:654, sql:[insert into test1 values (3,10)]===
dble:[[]]
===file:sqls_util/syntax/insert_value.sql, id:655, sql:[insert into test1 values (4,20.12)]===
dble:[[]]
===file:sqls_util/syntax/insert_value.sql, id:657, sql:[insert into test1 values (6,NULL)]===
dble:[[]]
===file:sqls_util/syntax/insert_value.sql, id:659, sql:[drop table if exists test1]===
dble:[[]]
===file:sqls_util/syntax/insert_value.sql, id:660, sql:[create table test1(id int,decimal_columns decimal(10,2) unsigned)]===
dble:[[]]
===file:sqls_util/syntax/insert_value.sql, id:661, sql:[insert into test1 values (0,0)]===
dble:[[]]
===file:sqls_util/syntax/insert_value.sql, id:662, sql:[insert into test1 values (1,99999999.99)]===
dble:[[]]
===file:sqls_util/syntax/insert_value.sql, id:663, sql:[insert into test1 values (2,12.23)]===
dble:[[]]
===file:sqls_util/syntax/insert_value.sql, id:665, sql:[insert into test1 values (4,NULL)]===
dble:[[]]
===file:sqls_util/syntax/insert_value.sql, id:667, sql:[drop table if exists test1]===
dble:[[]]
===file:sqls_util/syntax/insert_value.sql, id:668, sql:[create table test1(id int,float_columns float(7,4))]===
dble:[[]]
===file:sqls_util/syntax/insert_value.sql, id:669, sql:[insert into test1 values (0,-999.9999)]===
dble:[[]]
===file:sqls_util/syntax/insert_value.sql, id:670, sql:[insert into test1 values (1,999.9999)]===
dble:[[]]
===file:sqls_util/syntax/insert_value.sql, id:671, sql:[insert into test1 values (2,0)]===
dble:[[]]
===file:sqls_util/syntax/insert_value.sql, id:672, sql:[insert into test1 values (3,100)]===
dble:[[]]
===file:sqls_util/syntax/insert_value.sql, id:673, sql:[insert into test1 values (4,120.12)]===
dble:[[]]
===file:sqls_util/syntax/insert_value.sql, id:675, sql:[insert into test1 values (6,NULL)]===
dble:[[]]
===file:sqls_util/syntax/insert_value.sql, id:677, sql:[drop table if exists test1]===
dble:[[]]
===file:sqls_util/syntax/insert_value.sql, id:678, sql:[create table test1(id int,float_columns float(7,4) unsigned)]===
dble:[[]]
===file:sqls_util/syntax/insert_value.sql, id:679, sql:[insert into test1 values (0,0)]===
dble:[[]]
===file:sqls_util/syntax/insert_value.sql, id:680, sql:[insert into test1 values (1,999.9999)]===
dble:[[]]
===file:sqls_util/syntax/insert_value.sql, id:681, sql:[insert into test1 values (2,12.23)]===
dble:[[]]
===file:sqls_util/syntax/insert_value.sql, id:683, sql:[insert into test1 values (4,NULL)]===
dble:[[]]
===file:sqls_util/syntax/insert_value.sql, id:685, sql:[drop table if exists test1]===
dble:[[]]
===file:sqls_util/syntax/insert_value.sql, id:686, sql:[create table test1(id int,double_columns double(7,4))]===
dble:[[]]
===file:sqls_util/syntax/insert_value.sql, id:687, sql:[insert into test1 values (0,-999.9999)]===
dble:[[]]
===file:sqls_util/syntax/insert_value.sql, id:688, sql:[insert into test1 values (1,999.9999)]===
dble:[[]]
===file:sqls_util/syntax/insert_value.sql, id:689, sql:[insert into test1 values (2,0)]===
dble:[[]]
===file:sqls_util/syntax/insert_value.sql, id:690, sql:[insert into test1 values (3,100)]===
dble:[[]]
===file:sqls_util/syntax/insert_value.sql, id:691, sql:[insert into test1 values (4,120.12)]===
dble:[[]]
===file:sqls_util/syntax/insert_value.sql, id:693, sql:[insert into test1 values (6,NULL)]===
dble:[[]]
===file:sqls_util/syntax/insert_value.sql, id:695, sql:[drop table if exists test1]===
dble:[[]]
===file:sqls_util/syntax/insert_value.sql, id:696, sql:[create table test1(id int,double_unsigned_columns double(7,4))]===
dble:[[]]
===file:sqls_util/syntax/insert_value.sql, id:697, sql:[insert into test1 values (0,0)]===
dble:[[]]
===file:sqls_util/syntax/insert_value.sql, id:698, sql:[insert into test1 values (1,999.9999)]===
dble:[[]]
===file:sqls_util/syntax/insert_value.sql, id:699, sql:[insert into test1 values (2,12.23)]===
dble:[[]]
===file:sqls_util/syntax/insert_value.sql, id:701, sql:[insert into test1 values (4,NULL)]===
dble:[[]]
===file:sqls_util/syntax/insert_value.sql, id:703, sql:[drop table if exists test1]===
dble:[[]]
===file:sqls_util/syntax/insert_value.sql, id:704, sql:[create table test1(id int,enum_columns enum('s','m','x'))]===
dble:[[]]
===file:sqls_util/syntax/insert_value.sql, id:705, sql:[insert into test1 values (0,'s')]===
dble:[[]]
===file:sqls_util/syntax/insert_value.sql, id:706, sql:[insert into test1 values (1,'m')]===
dble:[[]]
===file:sqls_util/syntax/insert_value.sql, id:707, sql:[insert into test1 values (2,'x')]===
dble:[[]]
===file:sqls_util/syntax/insert_value.sql, id:708, sql:[insert into test1 values (3,NULL)]===
dble:[[]]
===file:sqls_util/syntax/insert_value.sql, id:715, sql:[drop table if exists test1]===
dble:[[]]
