===file:sqls_util/syntax/replace.sql, id:4, sql:[drop table if exists test1]===
dble:[[]]
===file:sqls_util/syntax/replace.sql, id:5, sql:[create table test1 (id int(11),R_REGIONKEY int(11) primary key,R_NAME varchar(50),R_COMMENT varchar(50))]===
dble:[[]]
===file:sqls_util/syntax/replace.sql, id:6, sql:[REPLACE test1 VALUE(1,1,'chen','gang')]===
dble:[[]]
===file:sqls_util/syntax/replace.sql, id:7, sql:[SELECT id,R_REGIONKEY,R_NAME,R_COMMENT FROM test1]===
dble:[[(1L, 1L, 'chen', 'gang')]]
===file:sqls_util/syntax/replace.sql, id:9, sql:[DELETE FROM test1]===
dble:[[]]
===file:sqls_util/syntax/replace.sql, id:10, sql:[REPLACE test1 VALUES (4,4,'chen2','gang'),(5,3,'chen3','gang')]===
dble:[[]]
===file:sqls_util/syntax/replace.sql, id:11, sql:[SELECT id,R_REGIONKEY,R_NAME,R_COMMENT FROM test1]===
dble:[[(4L, 4L, 'chen2', 'gang'), (5L, 3L, 'chen3', 'gang')]]
===file:sqls_util/syntax/replace.sql, id:13, sql:[DELETE FROM test1]===
dble:[[]]
===file:sqls_util/syntax/replace.sql, id:14, sql:[REPLACE test1 VALUE(1,1,DEFAULT,'gang')]===
dble:[[]]
===file:sqls_util/syntax/replace.sql, id:15, sql:[SELECT id,R_REGIONKEY,R_NAME,R_COMMENT FROM test1]===
dble:[[(1L, 1L, None, 'gang')]]
===file:sqls_util/syntax/replace.sql, id:17, sql:[DELETE FROM test1]===
dble:[[]]
===file:sqls_util/syntax/replace.sql, id:18, sql:[REPLACE test1 VALUE(1,1+1,'chen','gang')]===
dble:[[]]
===file:sqls_util/syntax/replace.sql, id:19, sql:[SELECT id,R_REGIONKEY,R_NAME,R_COMMENT FROM test1]===
dble:[[(1L, 2L, 'chen', 'gang')]]
===file:sqls_util/syntax/replace.sql, id:21, sql:[DELETE FROM test1]===
dble:[[]]
===file:sqls_util/syntax/replace.sql, id:22, sql:[REPLACE into test1 (id,R_REGIONKEY,R_NAME ,R_COMMENT) VALUES (4,4,'chen2','gang')]===
dble:[[]]
===file:sqls_util/syntax/replace.sql, id:23, sql:[SELECT id,R_REGIONKEY,R_NAME,R_COMMENT FROM test1]===
dble:[[(4L, 4L, 'chen2', 'gang')]]
===file:sqls_util/syntax/replace.sql, id:24, sql:[REPLACE into test1 (id,R_REGIONKEY,R_NAME ,R_COMMENT) VALUES (4,4,'tyest','gang')]===
dble:[[]]
===file:sqls_util/syntax/replace.sql, id:25, sql:[SELECT id,R_REGIONKEY,R_NAME,R_COMMENT FROM test1]===
dble:[[(4L, 4L, 'tyest', 'gang')]]
===file:sqls_util/syntax/replace.sql, id:27, sql:[drop table if exists test1]===
dble:[[]]
===file:sqls_util/syntax/replace.sql, id:28, sql:[create table test1 (id int(11),R_REGIONKEY int(11) primary key default 10,R_NAME varchar(50),R_COMMENT varchar(50))]===
dble:[[]]
===file:sqls_util/syntax/replace.sql, id:29, sql:[insert into test1 (id,R_REGIONKEY,R_NAME,R_COMMENT) VALUES (1,1, 'Eastern','test001'),(3,3, 'Northern','test003'),(2,2, 'Western','test002'),(4,4, 'Southern','test004')]===
dble:[[]]
===file:sqls_util/syntax/replace.sql, id:30, sql:[REPLACE test1 set id=1,R_REGIONKEY=1,R_NAME='chen']===
dble:[[]]
===file:sqls_util/syntax/replace.sql, id:31, sql:[SELECT id,R_REGIONKEY,R_NAME,R_COMMENT FROM test1]===
dble:[[(1L, 1L, 'chen', None), (2L, 2L, 'Western', 'test002'), (3L, 3L, 'Northern', 'test003'), (4L, 4L, 'Southern', 'test004')]]
===file:sqls_util/syntax/replace.sql, id:33, sql:[DELETE FROM test1]===
dble:[[]]
===file:sqls_util/syntax/replace.sql, id:34, sql:[insert into test1 (id,R_REGIONKEY,R_NAME,R_COMMENT) VALUES (1,1, 'Eastern','test001'),(3,3, 'Northern','test003'),(2,2, 'Western','test002'),(4,4, 'Southern','test004')]===
dble:[[]]
===file:sqls_util/syntax/replace.sql, id:35, sql:[REPLACE into test1 set id=1,R_REGIONKEY=1,R_NAME='chen']===
dble:[[]]
===file:sqls_util/syntax/replace.sql, id:36, sql:[SELECT id,R_REGIONKEY,R_NAME,R_COMMENT FROM test1]===
dble:[[(1L, 1L, 'chen', None), (2L, 2L, 'Western', 'test002'), (3L, 3L, 'Northern', 'test003'), (4L, 4L, 'Southern', 'test004')]]
===file:sqls_util/syntax/replace.sql, id:37, sql:[DELETE FROM test1]===
dble:[[]]
===file:sqls_util/syntax/replace.sql, id:38, sql:[insert into test1 (id,R_REGIONKEY,R_NAME,R_COMMENT) VALUES (1,1, 'Eastern','test001'),(3,3, 'Northern','test003'),(2,2, 'Western','test002'),(4,4, 'Southern','test004')]===
dble:[[]]
===file:sqls_util/syntax/replace.sql, id:39, sql:[REPLACE into test1 set id=1,R_REGIONKEY=1+4,R_NAME='chen']===
dble:[[]]
===file:sqls_util/syntax/replace.sql, id:40, sql:[SELECT id,R_REGIONKEY,R_NAME,R_COMMENT FROM test1]===
dble:[[(1L, 1L, 'Eastern', 'test001'), (1L, 5L, 'chen', None), (2L, 2L, 'Western', 'test002'), (3L, 3L, 'Northern', 'test003'), (4L, 4L, 'Southern', 'test004')]]
===file:sqls_util/syntax/replace.sql, id:41, sql:[DELETE FROM test1]===
dble:[[]]
===file:sqls_util/syntax/replace.sql, id:42, sql:[insert into test1 (id,R_REGIONKEY,R_NAME,R_COMMENT) VALUES (1,1, 'Eastern','test001'),(3,3, 'Northern','test003'),(2,2, 'Western','test002'),(4,4, 'Southern','test004')]===
dble:[[]]
===file:sqls_util/syntax/replace.sql, id:43, sql:[REPLACE into test1 set id=1,R_NAME=default]===
dble:[[]]
===file:sqls_util/syntax/replace.sql, id:44, sql:[SELECT id,R_REGIONKEY,R_NAME,R_COMMENT FROM test1]===
dble:[[(1L, 1L, 'Eastern', 'test001'), (1L, 10L, None, None), (2L, 2L, 'Western', 'test002'), (3L, 3L, 'Northern', 'test003'), (4L, 4L, 'Southern', 'test004')]]
===file:sqls_util/syntax/replace.sql, id:45, sql:[drop table if exists test1]===
dble:[[]]
===file:sqls_util/syntax/replace.sql, id:46, sql:[create table test1 (id int(11),R_REGIONKEY int(11) primary key default 10,R_NAME varchar(50),R_COMMENT varchar(50))]===
dble:[[]]
===file:sqls_util/syntax/replace.sql, id:47, sql:[insert into test1 (id,R_REGIONKEY,R_NAME,R_COMMENT) VALUES (1,1, 'Eastern','test001'),(3,3, 'Northern','test003'),(2,2, 'Western','test002'),(4,4, 'Southern','test004')]===
dble:[[]]
===file:sqls_util/syntax/replace.sql, id:48, sql:[REPLACE into test1 set id=1,R_REGIONKEY=default(R_REGIONKEY)+1]===
dble:[[]]
===file:sqls_util/syntax/replace.sql, id:49, sql:[SELECT id,R_REGIONKEY,R_NAME,R_COMMENT FROM test1]===
dble:[[(1L, 1L, 'Eastern', 'test001'), (1L, 11L, None, None), (2L, 2L, 'Western', 'test002'), (3L, 3L, 'Northern', 'test003'), (4L, 4L, 'Southern', 'test004')]]
===file:sqls_util/syntax/replace.sql, id:50, sql:[drop table if exists schema2.test2]===
dble:[[]]
===file:sqls_util/syntax/replace.sql, id:51, sql:[create table schema2.test2 (id int(11),R_REGIONKEY int(11) primary key default 10,R_NAME varchar(50),R_COMMENT varchar(50))]===
dble:[[]]
===file:sqls_util/syntax/replace.sql, id:57, sql:[drop table if exists test1]===
dble:[[]]
===file:sqls_util/syntax/replace.sql, id:58, sql:[drop table if exists schema2.test2]===
dble:[[]]
