===file:sqls_util/syntax/reserved_words.sql, id:73, sql:[select id,`OUTFILE` from test1 order by `OUTFILE` limit 10]===
dble:[None]
mysql:[((1L, 1L), (2L, 3L), (3L, 4L), (4L, 5L))]
[04:21:38.497203]dble err :(1064, 'sql syntax error, no terminated. LITERAL_INT')
===file:sqls_util/syntax/reserved_words.sql, id:977, sql:[create table `select`(id int,`key` int)]===
dble:[None]
mysql:[()]
[04:22:39.529058]dble err :(1146, "Table 'schema1.select' doesn't exist in the config of schema")
===file:sqls_util/syntax/reserved_words.sql, id:980, sql:[show columns from `select`]===
dble:[None]
mysql:[(('id', 'int(11)', 'YES', '', None, ''), ('key', 'int(11)', 'YES', '', None, ''))]
[04:22:39.761512]dble err :(1146, "Table 'schema1.select' doesn't exist")
===file:sqls_util/syntax/reserved_words.sql, id:981, sql:[show create table `select`]===
dble:[None]
mysql:[(('select', 'CREATE TABLE `select` (\n  `id` int(11) DEFAULT NULL,\n  `key` int(11) DEFAULT NULL\n) ENGINE=InnoDB DEFAULT CHARSET=latin1'),)]
[04:22:39.850532]dble err :(1146, "Table 'schema1.select' doesn't exist")
===file:sqls_util/syntax/reserved_words.sql, id:982, sql:[create index `create` on `select`(`key`)]===
dble:[None]
mysql:[()]
[04:22:39.939581]dble err :(1146, "Table 'schema1.select' doesn't exist")
===file:sqls_util/syntax/reserved_words.sql, id:983, sql:[show index from `select`]===
dble:[None]
mysql:[(('select', 1L, 'create', 1L, 'key', 'A', 0L, None, None, 'YES', 'BTREE', '', ''),)]
[04:22:40.026083]dble err :(1146, "Table 'schema1.select' doesn't exist")
===file:sqls_util/syntax/reserved_words.sql, id:986, sql:[create or replace view `drop` as select id from `select`]===
dble:[None]
mysql:[()]
[04:22:40.292725]dble err :(1999, "table select doesn't exist!")
===file:sqls_util/syntax/reserved_words.sql, id:987, sql:[show create view `drop`/*allow_diff*/]===
dble:[None]
mysql:[(('drop', 'CREATE ALGORITHM=UNDEFINED DEFINER=`test`@`%` SQL SECURITY DEFINER VIEW `drop` AS select `select`.`id` AS `id` from `select`', 'latin1', 'latin1_swedish_ci'),)]
[04:22:40.380040]dble err :(1064, "Table 'schema1.drop' doesn't exist")
===file:sqls_util/syntax/reserved_words.sql, id:988, sql:[drop index `create` on `select`]===
dble:[None]
mysql:[()]
[04:22:40.470721]dble err :(1146, "Table 'schema1.select' doesn't exist")
