===file:sqls_util/syntax/truncate.sql, id:2, sql:[drop table if exists test1]===
dble:[[]]
===file:sqls_util/syntax/truncate.sql, id:3, sql:[create table test1 (id int(11),R_REGIONKEY int(11) primary key,R_NAME varchar(50),R_COMMENT varchar(50))]===
dble:[[]]
===file:sqls_util/syntax/truncate.sql, id:4, sql:[insert into test1 (id,R_REGIONKEY,R_NAME,R_COMMENT) values(0,1,'test','test')]===
dble:[[]]
===file:sqls_util/syntax/truncate.sql, id:6, sql:[truncate test1]===
dble:[[]]
===file:sqls_util/syntax/truncate.sql, id:7, sql:[insert into test1 (id,R_REGIONKEY,R_NAME,R_COMMENT) values(1,100,'test',null)]===
dble:[[]]
===file:sqls_util/syntax/truncate.sql, id:9, sql:[truncate test1]===
dble:[[]]
===file:sqls_util/syntax/truncate.sql, id:10, sql:[insert into test1 (id,R_REGIONKEY,R_NAME,R_COMMENT) values(1,2,'yang','xi''an')]===
dble:[[]]
===file:sqls_util/syntax/truncate.sql, id:12, sql:[truncate test1]===
dble:[[]]
===file:sqls_util/syntax/truncate.sql, id:13, sql:[insert LOW_PRIORITY into test1(id,R_REGIONKEY,R_NAME,R_COMMENT) value(1,4,'test','test'),(2,5,'test','test')]===
dble:[[]]
===file:sqls_util/syntax/truncate.sql, id:15, sql:[truncate test1]===
dble:[[]]
===file:sqls_util/syntax/truncate.sql, id:16, sql:[insert HIGH_PRIORITY test1(id,R_REGIONKEY,R_NAME,R_COMMENT) values(1,8,'test','test'),(2,10,'test','test')]===
dble:[[]]
===file:sqls_util/syntax/truncate.sql, id:18, sql:[truncate test1]===
dble:[[]]
===file:sqls_util/syntax/truncate.sql, id:19, sql:[insert IGNORE test1(id,R_REGIONKEY,R_NAME,R_COMMENT) values(1,5,'test','test'),(2,6,'test','test')]===
dble:[[]]
===file:sqls_util/syntax/truncate.sql, id:21, sql:[insert IGNORE test1(id,R_REGIONKEY,R_NAME,R_COMMENT) values(1,7,'test','test'),(2,8,'test','test')]===
dble:[[]]
===file:sqls_util/syntax/truncate.sql, id:23, sql:[truncate test1]===
dble:[[]]
===file:sqls_util/syntax/truncate.sql, id:24, sql:[insert test1(id,R_REGIONKEY,R_NAME,R_COMMENT) values(6,12,'test','test'),(7,13,'test','test') ON DUPLICATE KEY UPDATE R_REGIONKEY=R_REGIONKEY*2,R_NAME='chen']===
dble:[[]]
===file:sqls_util/syntax/truncate.sql, id:26, sql:[truncate test1]===
dble:[[]]
===file:sqls_util/syntax/truncate.sql, id:27, sql:[insert test1(id,R_REGIONKEY,R_NAME,R_COMMENT) values(2,5,'test','test'),(3,6,'test','test') ON DUPLICATE KEY UPDATE R_REGIONKEY=R_REGIONKEY,R_NAME='chen']===
dble:[[]]
===file:sqls_util/syntax/truncate.sql, id:29, sql:[truncate test1]===
dble:[[]]
===file:sqls_util/syntax/truncate.sql, id:30, sql:[insert HIGH_PRIORITY test1(id,R_REGIONKEY,R_NAME,R_COMMENT) values(5,7,'test','test'),(6,22,'test','test')]===
dble:[[]]
===file:sqls_util/syntax/truncate.sql, id:32, sql:[truncate test1]===
dble:[[]]
===file:sqls_util/syntax/truncate.sql, id:33, sql:[insert into test1 values (100,999,'test','test')]===
dble:[[]]
===file:sqls_util/syntax/truncate.sql, id:35, sql:[truncate test1]===
dble:[[]]
===file:sqls_util/syntax/truncate.sql, id:39, sql:[drop table if exists test1]===
dble:[[]]
