===file:sqls_util/syntax/union.sql, id:148, sql:[select id from  test1 union SELECT CURRENT_DATE]===
dble:[None]
mysql:[(('0',), ('1',), ('2',), ('3',), ('4',), ('5',), ('6',), ('7',), ('8',), ('9',), ('10',), ('11',), ('12',), ('13',), ('14',), ('15',), ('16',), ('17',), ('18',), ('19',), ('2023-07-11',))]
dble err:(4004, 'column CURRENT_DATE not found')
===file:sqls_util/syntax/union.sql, id:150, sql:[select id from  test1 union SELECT CURRENT_TIME /*allow_diff*/]===
dble:[None]
mysql:[(('0',), ('1',), ('2',), ('3',), ('4',), ('5',), ('6',), ('7',), ('8',), ('9',), ('10',), ('11',), ('12',), ('13',), ('14',), ('15',), ('16',), ('17',), ('18',), ('19',), ('13:08:39',))]
dble err:(4004, 'column CURRENT_TIME not found')
===file:sqls_util/syntax/union.sql, id:153, sql:[select id from  test1 union SELECT CURRENT_TIMESTAMP /*allow_diff*/]===
dble:[None]
mysql:[(('0',), ('1',), ('2',), ('3',), ('4',), ('5',), ('6',), ('7',), ('8',), ('9',), ('10',), ('11',), ('12',), ('13',), ('14',), ('15',), ('16',), ('17',), ('18',), ('19',), ('2023-07-11 13:08:39',))]
dble err:(4004, 'column CURRENT_TIMESTAMP not found')
===file:sqls_util/syntax/union.sql, id:156, sql:[select id from  test1 union SELECT LOCALTIME /*allow_diff*/]===
dble:[None]
mysql:[(('0',), ('1',), ('2',), ('3',), ('4',), ('5',), ('6',), ('7',), ('8',), ('9',), ('10',), ('11',), ('12',), ('13',), ('14',), ('15',), ('16',), ('17',), ('18',), ('19',), ('2023-07-11 13:08:39',))]
dble err:(4004, 'column LOCALTIME not found')
===file:sqls_util/syntax/union.sql, id:158, sql:[select id from  test1 union SELECT LOCALTIMESTAMP /*allow_diff*/]===
dble:[None]
mysql:[(('0',), ('1',), ('2',), ('3',), ('4',), ('5',), ('6',), ('7',), ('8',), ('9',), ('10',), ('11',), ('12',), ('13',), ('14',), ('15',), ('16',), ('17',), ('18',), ('19',), ('2023-07-11 13:08:40',))]
dble err:(4004, 'column LOCALTIMESTAMP not found')
===file:sqls_util/syntax/union.sql, id:277, sql:[select id from  test1 union SELECT CONNECTION_id()]===
dble:[[(0,), (1,), (10,), (11,), (12,), (13,), (14,), (15,), (16,), (17,), (18,), (19,), (2,), (3,), (4,), (5,), (6,), (7,), (766,), (8,), (9,)]]
mysql:[[(0,), (1,), (10,), (11,), (12,), (13,), (14,), (15,), (16,), (17,), (18,), (19,), (2,), (3,), (4,), (4526,), (5,), (6,), (7,), (8,), (9,)]]
===file:sqls_util/syntax/union.sql, id:279, sql:[select id from  test1 union SELECT CURRENT_USER]===
dble:[None]
mysql:[(('0',), ('1',), ('2',), ('3',), ('4',), ('5',), ('6',), ('7',), ('8',), ('9',), ('10',), ('11',), ('12',), ('13',), ('14',), ('15',), ('16',), ('17',), ('18',), ('19',), ('test@%',))]
dble err:(4004, 'column CURRENT_USER not found')
===file:sqls_util/syntax/union.sql, id:281, sql:[select id from  test1 union select schema()]===
dble:[[('0',), ('1',), ('10',), ('11',), ('12',), ('13',), ('14',), ('15',), ('16',), ('17',), ('18',), ('19',), ('2',), ('3',), ('4',), ('5',), ('6',), ('7',), ('8',), ('9',), ('db2',)]]
mysql:[[('0',), ('1',), ('10',), ('11',), ('12',), ('13',), ('14',), ('15',), ('16',), ('17',), ('18',), ('19',), ('2',), ('3',), ('4',), ('5',), ('6',), ('7',), ('8',), ('9',), ('schema1',)]]
===file:sqls_util/syntax/union.sql, id:282, sql:[select id from  test1 union SELECT SESSION_USER()]===
dble:[[('0',), ('1',), ('10',), ('11',), ('12',), ('13',), ('14',), ('15',), ('16',), ('17',), ('18',), ('19',), ('2',), ('3',), ('4',), ('5',), ('6',), ('7',), ('8',), ('9',), ('test@172.100.9.1',)]]
mysql:[[('0',), ('1',), ('10',), ('11',), ('12',), ('13',), ('14',), ('15',), ('16',), ('17',), ('18',), ('19',), ('2',), ('3',), ('4',), ('5',), ('6',), ('7',), ('8',), ('9',), ('test@172.100.9.8',)]]
===file:sqls_util/syntax/union.sql, id:303, sql:[select id from  test1 union SELECT UUid()]===
dble:[[('0',), ('067cb602-1fa9-11ee-8fdb-0242ac640906',), ('1',), ('10',), ('11',), ('12',), ('13',), ('14',), ('15',), ('16',), ('17',), ('18',), ('19',), ('2',), ('3',), ('4',), ('5',), ('6',), ('7',), ('8',), ('9',)]]
mysql:[[('0',), ('067c5d9a-1fa9-11ee-bab4-0242ac640904',), ('1',), ('10',), ('11',), ('12',), ('13',), ('14',), ('15',), ('16',), ('17',), ('18',), ('19',), ('2',), ('3',), ('4',), ('5',), ('6',), ('7',), ('8',), ('9',)]]
===file:sqls_util/syntax/union.sql, id:326, sql:[SELECT CONNECTION_id() union select id from  test1]===
dble:[[(0,), (1,), (10,), (11,), (12,), (13,), (14,), (15,), (16,), (17,), (18,), (19,), (2,), (3,), (4,), (5,), (6,), (7,), (768,), (8,), (9,)]]
mysql:[[(0,), (1,), (10,), (11,), (12,), (13,), (14,), (15,), (16,), (17,), (18,), (19,), (2,), (3,), (4,), (4572,), (5,), (6,), (7,), (8,), (9,)]]
===file:sqls_util/syntax/union.sql, id:328, sql:[SELECT CURRENT_USER union select id from  test1]===
dble:[None]
mysql:[(('test@%',), ('0',), ('1',), ('2',), ('3',), ('4',), ('5',), ('6',), ('7',), ('8',), ('9',), ('10',), ('11',), ('12',), ('13',), ('14',), ('15',), ('16',), ('17',), ('18',), ('19',))]
dble err:(4004, 'column CURRENT_USER not found')
===file:sqls_util/syntax/union.sql, id:330, sql:[select schema() union select id from  test1]===
dble:[[('0',), ('1',), ('10',), ('11',), ('12',), ('13',), ('14',), ('15',), ('16',), ('17',), ('18',), ('19',), ('2',), ('3',), ('4',), ('5',), ('6',), ('7',), ('8',), ('9',), ('db1',)]]
mysql:[[('0',), ('1',), ('10',), ('11',), ('12',), ('13',), ('14',), ('15',), ('16',), ('17',), ('18',), ('19',), ('2',), ('3',), ('4',), ('5',), ('6',), ('7',), ('8',), ('9',), ('schema1',)]]
===file:sqls_util/syntax/union.sql, id:331, sql:[SELECT SESSION_USER() union select id from  test1]===
dble:[[('0',), ('1',), ('10',), ('11',), ('12',), ('13',), ('14',), ('15',), ('16',), ('17',), ('18',), ('19',), ('2',), ('3',), ('4',), ('5',), ('6',), ('7',), ('8',), ('9',), ('test@172.100.9.1',)]]
mysql:[[('0',), ('1',), ('10',), ('11',), ('12',), ('13',), ('14',), ('15',), ('16',), ('17',), ('18',), ('19',), ('2',), ('3',), ('4',), ('5',), ('6',), ('7',), ('8',), ('9',), ('test@172.100.9.8',)]]
===file:sqls_util/syntax/union.sql, id:334, sql:[SELECT ROW_COUNT() union select id from  test1]===
dble:[[(-1,), (0,), (1,), (10,), (11,), (12,), (13,), (14,), (15,), (16,), (17,), (18,), (19,), (2,), (3,), (4,), (5,), (6,), (7,), (8,), (9,)]]
mysql:[[(0,), (1,), (10,), (11,), (12,), (13,), (14,), (15,), (16,), (17,), (18,), (19,), (2,), (3,), (4,), (5,), (6,), (7,), (8,), (9,)]]
===file:sqls_util/syntax/union.sql, id:352, sql:[SELECT UUid() union select id from  test1]===
dble:[[('0',), ('099abc6f-1fa9-11ee-9d07-0242ac640905',), ('1',), ('10',), ('11',), ('12',), ('13',), ('14',), ('15',), ('16',), ('17',), ('18',), ('19',), ('2',), ('3',), ('4',), ('5',), ('6',), ('7',), ('8',), ('9',)]]
mysql:[[('0',), ('099a5804-1fa9-11ee-bab4-0242ac640904',), ('1',), ('10',), ('11',), ('12',), ('13',), ('14',), ('15',), ('16',), ('17',), ('18',), ('19',), ('2',), ('3',), ('4',), ('5',), ('6',), ('7',), ('8',), ('9',)]]