===file:sqls_util/syntax/update_syntax.sql, id:11, sql:[SELECT * FROM test1]===
dble:[[(1L, 1L, 'test1', 'test11', 1550758301902L), (2L, 1L, 'test1', 'test11', 1550758301902L), (3L, 1L, 'test1', 'test11', 1550758301902L), (4L, 1L, 'test1', 'test11', 1550758301902L)]]
mysql:[[(1L, 1L, 'test1', 'test11'), (2L, 1L, 'test1', 'test11'), (3L, 1L, 'test1', 'test11'), (4L, 1L, 'test1', 'test11')]]
===file:sqls_util/syntax/update_syntax.sql, id:32, sql:[SELECT * FROM test1]===
dble:[[(1L, 1L, 'test', 'test001', 1550758302966L), (2L, 1L, 'test', 'test002', 1550758302966L), (3L, 1L, 'test', 'test003', 1550758302966L), (4L, 1L, 'test', 'test004', 1550758302966L)]]
mysql:[[(1L, 1L, 'test', 'test001'), (2L, 1L, 'test', 'test002'), (3L, 1L, 'test', 'test003'), (4L, 1L, 'test', 'test004')]]
===file:sqls_util/syntax/update_syntax.sql, id:39, sql:[SELECT * FROM test1]===
dble:[[(1L, 1L, 'test', 1550758303271L), (2L, 2L, 'test', 1550758303271L), (3L, 3L, 'test', 1550758303271L), (4L, 4L, 'test', 1550758303271L), (12L, 12L, 'mydetail', 1550758303220L)]]
mysql:[[(1L, 1L, 'test'), (2L, 2L, 'test'), (3L, 3L, 'test'), (4L, 4L, 'test'), (12L, 12L, 'mydetail')]]
===file:sqls_util/syntax/update_syntax.sql, id:44, sql:[SELECT * FROM test1]===
dble:[[(1L, 1L, 'Eastern', 'test001', 1550758303523L), (2L, 2L, 'Western', 'test002', 1550758303523L), (3L, 3L, 'Northern', 'test003', 1550758303523L), (4L, 10L, 'Southern', 'test004', 1550758303577L)]]
mysql:[[(1L, 1L, 'Eastern', 'test001'), (2L, 2L, 'Western', 'test002'), (3L, 3L, 'Northern', 'test003'), (4L, 10L, 'Southern', 'test004')]]
===file:sqls_util/syntax/update_syntax.sql, id:46, sql:[SELECT * FROM test1]===
dble:[[(1L, 1L, 'aly', 'test001', 1550758303711L), (2L, 2L, 'aly', 'test002', 1550758303711L), (3L, 3L, 'aly', 'test003', 1550758303711L), (4L, 10L, 'aly', 'test004', 1550758303711L)]]
mysql:[[(1L, 1L, 'aly', 'test001'), (2L, 2L, 'aly', 'test002'), (3L, 3L, 'aly', 'test003'), (4L, 10L, 'aly', 'test004')]]
===file:sqls_util/syntax/update_syntax.sql, id:48, sql:[SELECT * FROM test1]===
dble:[[(1L, 1L, 'test', 'test001', 1550758303853L), (2L, 2L, 'aly', 'test002', 1550758303711L), (3L, 3L, 'aly', 'test003', 1550758303711L), (4L, 10L, 'aly', 'test004', 1550758303711L)]]
mysql:[[(1L, 1L, 'test', 'test001'), (2L, 2L, 'aly', 'test002'), (3L, 3L, 'aly', 'test003'), (4L, 10L, 'aly', 'test004')]]
===file:sqls_util/syntax/update_syntax.sql, id:50, sql:[SELECT * FROM test1]===
dble:[[(1L, 1L, 'test1', 'test001', 1550758303987L), (2L, 2L, 'test1', 'test002', 1550758303987L), (3L, 3L, 'test1', 'test003', 1550758303987L), (4L, 10L, 'aly', 'test004', 1550758303711L)]]
mysql:[[(1L, 1L, 'test1', 'test001'), (2L, 2L, 'test1', 'test002'), (3L, 3L, 'test1', 'test003'), (4L, 10L, 'aly', 'test004')]]
===file:sqls_util/syntax/update_syntax.sql, id:52, sql:[SELECT * FROM test1]===
dble:[[(1L, 1L, 'test1', 'test001', 1550758303987L), (2L, 2L, 'test1', 'test002', 1550758303987L), (3L, 3L, 'test1', 'test003', 1550758303987L), (4L, 10L, 'test1', 'test004', 1550758304118L)]]
mysql:[[(1L, 1L, 'test1', 'test001'), (2L, 2L, 'test1', 'test002'), (3L, 3L, 'test1', 'test003'), (4L, 10L, 'test1', 'test004')]]
===file:sqls_util/syntax/update_syntax.sql, id:54, sql:[SELECT * FROM test1]===
dble:[[(1L, 1L, 'test2', 'test001', 1550758304249L), (2L, 2L, 'test2', 'test002', 1550758304249L), (3L, 3L, 'test2', 'test003', 1550758304249L), (4L, 10L, 'test1', 'test004', 1550758304118L)]]
mysql:[[(1L, 1L, 'test2', 'test001'), (2L, 2L, 'test2', 'test002'), (3L, 3L, 'test2', 'test003'), (4L, 10L, 'test1', 'test004')]]
===file:sqls_util/syntax/update_syntax.sql, id:56, sql:[SELECT * FROM test1]===
dble:[[(1L, 1L, 'test2', 'test001', 1550758304249L), (2L, 2L, 'test2', 'test002', 1550758304249L), (3L, 3L, 'test2', 'test003', 1550758304249L), (4L, 10L, 'test1', 'test004', 1550758304118L)]]
mysql:[[(1L, 1L, 'test2', 'test001'), (2L, 2L, 'test2', 'test002'), (3L, 3L, 'test2', 'test003'), (4L, 10L, 'test1', 'test004')]]
===file:sqls_util/syntax/update_syntax.sql, id:58, sql:[SELECT * FROM test1]===
dble:[[(1L, 1L, 'test2', 'test001', 1550758304249L), (2L, 2L, 'test2', 'test002', 1550758304249L), (3L, 3L, 'test2', 'test003', 1550758304249L), (4L, 10L, 'test1', 'test004', 1550758304118L)]]
mysql:[[(1L, 1L, 'test2', 'test001'), (2L, 2L, 'test2', 'test002'), (3L, 3L, 'test2', 'test003'), (4L, 10L, 'test1', 'test004')]]
===file:sqls_util/syntax/update_syntax.sql, id:60, sql:[SELECT * FROM test1]===
dble:[[(1L, 1L, 'test2', 'test001', 1550758304249L), (2L, 2L, 'test2', 'test002', 1550758304249L), (3L, 3L, 'test2', 'test003', 1550758304249L), (4L, 20L, 'test1', 'test004', 1550758304645L)]]
mysql:[[(1L, 1L, 'test2', 'test001'), (2L, 2L, 'test2', 'test002'), (3L, 3L, 'test2', 'test003'), (4L, 20L, 'test1', 'test004')]]
