===file:sqls_util/syntax/view.sql, id:11, sql:[select * from view_test]===
dble:[[(1L, 1.0, 'a string', 1L, 1550040921403L), (2L, 2.0, 'a\nstring', 3L, 1550040921403L), (3L, 3.0, 'another', 3L, 1550040921403L), (4L, 4.0, '\xe4\xb8\xad', 2L, 1550040921403L), (5L, 5.0, "a'string'", 5L, 1550040921403L), (6L, 6.0, 'a""string""', 5L, 1550040921403L), (7L, 7.0, 'a\x08string', 5L, 1550040921403L), (8L, 8.0, 'a\nstring', 6L, 1550040921403L), (9L, 9.0, 'a\rstring', 6L, 1550040921403L), (10L, 10.0, 'a\tstring', 2L, 1550040921403L)]]
mysql:[[(1L, 1.0, 'a string', 1L), (2L, 2.0, 'a\nstring', 3L), (3L, 3.0, 'another', 3L), (4L, 4.0, '\xe4\xb8\xad', 2L), (5L, 5.0, "a'string'", 5L), (6L, 6.0, 'a""string""', 5L), (7L, 7.0, 'a\x08string', 5L), (8L, 8.0, 'a\nstring', 6L), (9L, 9.0, 'a\rstring', 6L), (10L, 10.0, 'a\tstring', 2L)]]
===file:sqls_util/syntax/view.sql, id:14, sql:[select * from view_test]===
dble:[[(1L, 1.0, 'a string', 1L, 1550040921403L), (2L, 2.0, 'a\nstring', 3L, 1550040921403L), (5L, 5.0, "a'string'", 5L, 1550040921403L), (6L, 6.0, 'a""string""', 5L, 1550040921403L), (7L, 7.0, 'a\x08string', 5L, 1550040921403L), (8L, 8.0, 'a\nstring', 6L, 1550040921403L), (9L, 9.0, 'a\rstring', 6L, 1550040921403L), (10L, 10.0, 'a\tstring', 2L, 1550040921403L)]]
mysql:[[(1L, 1.0, 'a string', 1L), (2L, 2.0, 'a\nstring', 3L), (5L, 5.0, "a'string'", 5L), (6L, 6.0, 'a""string""', 5L), (7L, 7.0, 'a\x08string', 5L), (8L, 8.0, 'a\nstring', 6L), (9L, 9.0, 'a\rstring', 6L), (10L, 10.0, 'a\tstring', 2L)]]
===file:sqls_util/syntax/view.sql, id:41, sql:[select * from view_test]===
dble:[[(1L, 1.0, 1L, None, 1550040921403L), (2L, 2.0, 3L, None, 1550040921403L), (3L, 3.0, 3L, None, 1550040921403L), (4L, 4.0, 2L, None, 1550040921403L), (5L, 5.0, 5L, None, 1550040921403L), (6L, 6.0, 5L, None, 1550040921403L), (7L, 7.0, 5L, None, 1550040921403L), (8L, 8.0, 6L, None, 1550040921403L), (9L, 9.0, 6L, None, 1550040921403L), (10L, 10.0, 2L, None, 1550040921403L)]]
mysql:[[(1L, 1.0, 1L, None), (2L, 2.0, 3L, None), (3L, 3.0, 3L, None), (4L, 4.0, 2L, None), (5L, 5.0, 5L, None), (6L, 6.0, 5L, None), (7L, 7.0, 5L, None), (8L, 8.0, 6L, None), (9L, 9.0, 6L, None), (10L, 10.0, 2L, None)]]
===file:sqls_util/syntax/view.sql, id:71, sql:[select * from view_test]===
dble:[None]
mysql:[((1L, 'test\xe4\xb8\xadid\xe4\xb8\xba1', 1L), (2L, 'test_2', 2L), (3L, 'test\xe4\xb8\xadid\xe4\xb8\xba3', 3L), (4L, '$test$4', 4L))]
[06:55:24.668682]dble err :(1003, "Unknown column 'schema2.test2.id' in 'where clause'")
===file:sqls_util/syntax/view.sql, id:86, sql:[select * from view_test]===
dble:[None]
mysql:[((1L, 1L, 'test\xe4\xb8\xadid\xe4\xb8\xba1', 1L), (2L, 2L, 'test_2', 2L), (3L, 3L, 'test\xe4\xb8\xadid\xe4\xb8\xba3', 4L), (4L, 4L, '$test$4', 3L), (1L, 1L, 'order\xe4\xb8\xadid\xe4\xb8\xba1', 1L), (3L, 3L, 'order\xe4\xb8\xadid\xe4\xb8\xba3', 3L), (4L, 4L, '$order$4', 4L), (5L, 5L, 'order...5', 1L))]
[06:55:25.633700]dble err :(1105, 'java.util.NoSuchElementException')
===file:sqls_util/syntax/view.sql, id:91, sql:[select * from view_test]===
dble:[[(1L, 1L, 'order\xe4\xb8\xadid\xe4\xb8\xba1', 1L, 1550040924550L), (2L, 2L, 'test_2', 2L, 1550040924550L), (3L, 3L, 'order\xe4\xb8\xadid\xe4\xb8\xba3', 3L, 1550040924550L), (4L, 4L, '$order$4', 4L, 1550040924550L), (5L, 5L, 'order...5', 1L, 1550040924550L)]]
mysql:[[(1L, 1L, 'order\xe4\xb8\xadid\xe4\xb8\xba1', 1L), (2L, 2L, 'test_2', 2L), (3L, 3L, 'order\xe4\xb8\xadid\xe4\xb8\xba3', 3L), (4L, 4L, '$order$4', 4L), (5L, 5L, 'order...5', 1L)]]
===file:sqls_util/syntax/view.sql, id:99, sql:[select * from view_test]===
dble:[[(1L, 1L, 'test\xe4\xb8\xadid\xe4\xb8\xba1', 1L, 1550040924490L), (2L, 2L, 'test_2', 2L, 1550040924490L), (3L, 3L, 'test\xe4\xb8\xadid\xe4\xb8\xba3', 4L, 1550040924490L), (4L, 4L, '$test$4', 3L, 1550040924490L)]]
mysql:[[(1L, 1L, 'test\xe4\xb8\xadid\xe4\xb8\xba1', 1L), (2L, 2L, 'test_2', 2L), (3L, 3L, 'test\xe4\xb8\xadid\xe4\xb8\xba3', 4L), (4L, 4L, '$test$4', 3L)]]
===file:sqls_util/syntax/view.sql, id:103, sql:[select * from view_test]===
dble:[[(1L, 1L, 'test\xe4\xb8\xadid\xe4\xb8\xba1', 1L, 1550040924490L), (2L, 2L, 'test_2', 2L, 1550040924490L), (3L, 3L, 'test\xe4\xb8\xadid\xe4\xb8\xba3', 4L, 1550040924490L), (4L, 4L, '$test$4', 3L, 1550040924490L)]]
mysql:[[(1L, 1L, 'test\xe4\xb8\xadid\xe4\xb8\xba1', 1L), (2L, 2L, 'test_2', 2L), (3L, 3L, 'test\xe4\xb8\xadid\xe4\xb8\xba3', 4L), (4L, 4L, '$test$4', 3L)]]
===file:sqls_util/syntax/view.sql, id:115, sql:[select * from view_test]===
dble:[[(1L, 1L, 'test\xe4\xb8\xadid\xe4\xb8\xba1', 1L, 1550040924490L), (2L, 2L, 'test_2', 2L, 1550040924490L), (3L, 3L, 'test\xe4\xb8\xadid\xe4\xb8\xba3', 4L, 1550040924490L), (4L, 4L, '$test$4', 3L, 1550040924490L)]]
mysql:[[(1L, 1L, 'test\xe4\xb8\xadid\xe4\xb8\xba1', 1L), (2L, 2L, 'test_2', 2L), (3L, 3L, 'test\xe4\xb8\xadid\xe4\xb8\xba3', 4L), (4L, 4L, '$test$4', 3L)]]
===file:sqls_util/syntax/view.sql, id:120, sql:[select * from schema2.test2 a join view_test b where a.pad=b.pad]===
dble:[[(1L, 1L, 'order\xe4\xb8\xadid\xe4\xb8\xba1', 1L, 1550040924550L, 1L, 1L, 'test\xe4\xb8\xadid\xe4\xb8\xba1', 1L, 1550040924490L), (2L, 2L, 'test_2', 2L, 1550040924550L, 2L, 2L, 'test_2', 2L, 1550040924490L), (3L, 3L, 'order\xe4\xb8\xadid\xe4\xb8\xba3', 3L, 1550040924550L, 4L, 4L, '$test$4', 3L, 1550040924490L), (4L, 4L, '$order$4', 4L, 1550040924550L, 3L, 3L, 'test\xe4\xb8\xadid\xe4\xb8\xba3', 4L, 1550040924490L), (5L, 5L, 'order...5', 1L, 1550040924550L, 1L, 1L, 'test\xe4\xb8\xadid\xe4\xb8\xba1', 1L, 1550040924490L)]]
mysql:[[(1L, 1L, 'order\xe4\xb8\xadid\xe4\xb8\xba1', 1L, 1L, 1L, 'test\xe4\xb8\xadid\xe4\xb8\xba1', 1L), (2L, 2L, 'test_2', 2L, 2L, 2L, 'test_2', 2L), (3L, 3L, 'order\xe4\xb8\xadid\xe4\xb8\xba3', 3L, 4L, 4L, '$test$4', 3L), (4L, 4L, '$order$4', 4L, 3L, 3L, 'test\xe4\xb8\xadid\xe4\xb8\xba3', 4L), (5L, 5L, 'order...5', 1L, 1L, 1L, 'test\xe4\xb8\xadid\xe4\xb8\xba1', 1L)]]
===file:sqls_util/syntax/view.sql, id:122, sql:[select * from schema2.test2 union select * from view_test]===
dble:[None]
mysql:[((1L, 1L, 'order\xe4\xb8\xadid\xe4\xb8\xba1', 1L), (2L, 2L, 'test_2', 2L), (3L, 3L, 'order\xe4\xb8\xadid\xe4\xb8\xba3', 3L), (4L, 4L, '$order$4', 4L), (5L, 5L, 'order...5', 1L), (1L, 1L, 'test\xe4\xb8\xadid\xe4\xb8\xba1', 1L), (3L, 3L, 'test\xe4\xb8\xadid\xe4\xb8\xba3', 4L), (4L, 4L, '$test$4', 3L))]
[06:55:27.719775]dble err :(1105, 'java.util.NoSuchElementException')
===file:sqls_util/syntax/view.sql, id:123, sql:[select * from schema2.test2 where id<(select count(*) from view_test)]===
dble:[[(1L, 1L, 'order\xe4\xb8\xadid\xe4\xb8\xba1', 1L, 1550040924550L), (2L, 2L, 'test_2', 2L, 1550040924550L), (3L, 3L, 'order\xe4\xb8\xadid\xe4\xb8\xba3', 3L, 1550040924550L)]]
mysql:[[(1L, 1L, 'order\xe4\xb8\xadid\xe4\xb8\xba1', 1L), (2L, 2L, 'test_2', 2L), (3L, 3L, 'order\xe4\xb8\xadid\xe4\xb8\xba3', 3L)]]
